[{"Plan": {"Startup Cost": 9.020221622179344e+39, "Plans": [{"Startup Cost": 9.020221622179344e+39, "Plans": [{"Startup Cost": 807278174.3, "Plans": [{"Startup Cost": 225450.06, "Plans": [{"Startup Cost": 225396.41, "Plans": [{"Startup Cost": 193.65, "Plans": [{"Startup Cost": 117.08, "Plans": [{"Startup Cost": 58.54, "Plans": [{"Startup Cost": 0.0, "Node Type": "Seq Scan", "Plan Rows": 830, "Relation Name": "table_0", "Alias": "table_0_2", "Parent Relationship": "Outer", "Plan Width": 68, "Total Cost": 18.3}], "Sort Key": ["table_0_2.col_1"], "Plan Rows": 830, "Node Type": "Sort", "Parent Relationship": "Outer", "Plan Width": 68, "Total Cost": 60.62}, {"Startup Cost": 58.54, "Plans": [{"Startup Cost": 0.0, "Node Type": "Seq Scan", "Plan Rows": 830, "Relation Name": "table_24", "Alias": "table_24_1", "Parent Relationship": "Outer", "Plan Width": 68, "Total Cost": 18.3}], "Sort Key": ["table_24_1.col_1"], "Plan Rows": 830, "Node Type": "Sort", "Parent Relationship": "Inner", "Plan Width": 68, "Total Cost": 60.62}], "Node Type": "Merge Join", "Plan Rows": 3444, "Join Type": "Inner", "Parent Relationship": "Outer", "Plan Width": 136, "Merge Cond": "(table_0_2.col_1 = table_24_1.col_1)", "Total Cost": 172.89}, {"Startup Cost": 76.57, "Plans": [{"Startup Cost": 0.0, "Node Type": "Seq Scan", "Plan Rows": 1100, "Relation Name": "table_15", "Alias": "table_15_1", "Parent Relationship": "Outer", "Plan Width": 44, "Total Cost": 21.0}], "Sort Key": ["table_15_1.col_3"], "Plan Rows": 1100, "Node Type": "Sort", "Parent Relationship": "Inner", "Plan Width": 44, "Total Cost": 79.32}], "Node Type": "Merge Join", "Plan Rows": 18942, "Join Type": "Inner", "Parent Relationship": "Outer", "Plan Width": 180, "Merge Cond": "(table_0_2.col_1 = table_15_1.col_3)", "Total Cost": 542.2}, {"Startup Cost": 225202.76, "Plans": [{"Startup Cost": 225202.76, "Plans": [{"Startup Cost": 0.0, "Plans": [{"Startup Cost": 0.0, "Node Type": "Seq Scan", "Plan Rows": 1100, "Relation Name": "table_58", "Alias": "table_58", "Parent Relationship": "Outer", "Plan Width": 44, "Total Cost": 21.0}, {"Startup Cost": 0.0, "Plans": [{"Startup Cost": 0.0, "Node Type": "Seq Scan", "Plan Rows": 640, "Relation Name": "table_42", "Alias": "table_42_1", "Parent Relationship": "Outer", "Plan Width": 96, "Total Cost": 16.4}], "Plan Rows": 640, "Node Type": "Materialize", "Parent Relationship": "Inner", "Plan Width": 96, "Total Cost": 19.6}], "Node Type": "Nested Loop", "Plan Rows": 704000, "Join Type": "Inner", "Parent Relationship": "Outer", "Plan Width": 140, "Total Cost": 8839.0}], "Sort Key": ["table_42_1.col_0"], "Plan Rows": 704000, "Node Type": "Sort", "Parent Relationship": "Outer", "Plan Width": 140, "Total Cost": 226962.76}], "Plan Rows": 704000, "Node Type": "Materialize", "Parent Relationship": "Inner", "Plan Width": 140, "Total Cost": 228722.76}], "Node Type": "Merge Join", "Plan Rows": 66675840, "Join Type": "Right", "Parent Relationship": "Outer", "Plan Width": 320, "Merge Cond": "(table_15_1.col_3 = table_42_1.col_0)", "Total Cost": 1227689.92}, {"Startup Cost": 29.4, "Plans": [{"Startup Cost": 0.0, "Node Type": "Seq Scan", "Plan Rows": 1940, "Relation Name": "table_48", "Alias": "table_48", "Parent Relationship": "Outer", "Plan Width": 12, "Total Cost": 29.4}], "Plan Rows": 1940, "Node Type": "Hash", "Parent Relationship": "Inner", "Plan Width": 12, "Total Cost": 29.4}], "Node Type": "Hash Join", "Plan Rows": 646755648, "Join Type": "Inner", "Hash Cond": "(table_58.col_1 = table_48.col_1)", "Parent Relationship": "Outer", "Plan Width": 332, "Total Cost": 24030880.85}], "Sort Key": ["table_58.col_0"], "Plan Rows": 646755648, "Node Type": "Sort", "Parent Relationship": "Outer", "Plan Width": 332, "Total Cost": 808895063.42}, {"Startup Cost": 9.020221622179344e+39, "Plans": [{"Startup Cost": 9.020221622179344e+39, "Plans": [{"Startup Cost": 6.755089468658302e+33, "Plans": [{"Startup Cost": 6.755089468658302e+33, "Plans": [{"Startup Cost": 76.57, "Plans": [{"Startup Cost": 0.0, "Node Type": "Seq Scan", "Plan Rows": 1100, "Relation Name": "table_6", "Alias": "table_6", "Parent Relationship": "Outer", "Plan Width": 44, "Total Cost": 21.0}], "Sort Key": ["table_6.col_1"], "Plan Rows": 1100, "Node Type": "Sort", "Parent Relationship": "Outer", "Plan Width": 44, "Total Cost": 79.32}, {"Startup Cost": 6.755089468658302e+33, "Plans": [{"Startup Cost": 6.755089468658302e+33, "Plans": [{"Startup Cost": 453674565069.36, "Plans": [{"Startup Cost": 16955251.22, "Plans": [{"Startup Cost": 523846.79, "Plans": [{"Startup Cost": 0.0, "Plans": [{"Startup Cost": 0.0, "Node Type": "Seq Scan", "Plan Rows": 2140, "Relation Name": "table_49", "Alias": "table_49", "Parent Relationship": "Outer", "Plan Width": 8, "Total Cost": 31.4}, {"Startup Cost": 0.0, "Plans": [{"Startup Cost": 0.0, "Node Type": "Seq Scan", "Plan Rows": 1160, "Relation Name": "table_44", "Alias": "table_44", "Parent Relationship": "Outer", "Plan Width": 40, "Total Cost": 21.6}], "Plan Rows": 1160, "Node Type": "Materialize", "Parent Relationship": "Inner", "Plan Width": 40, "Total Cost": 27.4}], "Node Type": "Nested Loop", "Plan Rows": 2482400, "Join Type": "Inner", "Parent Relationship": "Outer", "Plan Width": 48, "Total Cost": 31085.9}], "Sort Key": ["table_44.col_0"], "Plan Rows": 2482400, "Node Type": "Sort", "Parent Relationship": "Outer", "Plan Width": 48, "Total Cost": 530052.79}, {"Startup Cost": 16431404.43, "Plans": [{"Startup Cost": 16431404.43, "Plans": [{"Startup Cost": 201.68, "Plans": [{"Startup Cost": 201.68, "Plans": [{"Startup Cost": 121.03, "Plans": [{"Startup Cost": 60.52, "Plans": [{"Startup Cost": 0.0, "Node Type": "Seq Scan", "Plan Rows": 860, "Relation Name": "table_30", "Alias": "table_30", "Parent Relationship": "Outer", "Plan Width": 64, "Total Cost": 18.6}], "Sort Key": ["table_30.col_1"], "Plan Rows": 860, "Node Type": "Sort", "Parent Relationship": "Outer", "Plan Width": 64, "Total Cost": 62.67}, {"Startup Cost": 60.52, "Plans": [{"Startup Cost": 0.0, "Node Type": "Seq Scan", "Plan Rows": 860, "Relation Name": "table_17", "Alias": "table_17", "Parent Relationship": "Outer", "Plan Width": 64, "Total Cost": 18.6}], "Sort Key": ["table_17.col_0"], "Plan Rows": 860, "Node Type": "Sort", "Parent Relationship": "Inner", "Plan Width": 64, "Total Cost": 62.67}], "Node Type": "Merge Join", "Plan Rows": 3698, "Join Type": "Left", "Parent Relationship": "Outer", "Plan Width": 128, "Merge Cond": "(table_30.col_1 = table_17.col_0)", "Total Cost": 180.8}, {"Startup Cost": 80.64, "Plans": [{"Startup Cost": 0.0, "Node Type": "Seq Scan", "Plan Rows": 1160, "Relation Name": "table_26", "Alias": "table_26", "Parent Relationship": "Outer", "Plan Width": 40, "Total Cost": 21.6}], "Sort Key": ["table_26.col_2"], "Plan Rows": 1160, "Node Type": "Sort", "Parent Relationship": "Inner", "Plan Width": 40, "Total Cost": 83.54}], "Node Type": "Merge Join", "Plan Rows": 21448, "Join Type": "Left", "Parent Relationship": "Outer", "Plan Width": 168, "Merge Cond": "(table_30.col_1 = table_26.col_2)", "Total Cost": 592.41}, {"Startup Cost": 0.0, "Plans": [{"Startup Cost": 0.0, "Node Type": "Seq Scan", "Plan Rows": 1230, "Relation Name": "table_60", "Alias": "table_60", "Parent Relationship": "Outer", "Plan Width": 36, "Total Cost": 22.3}], "Plan Rows": 1230, "Node Type": "Materialize", "Parent Relationship": "Inner", "Plan Width": 36, "Total Cost": 28.45}], "Node Type": "Nested Loop", "Plan Rows": 26381040, "Join Type": "Inner", "Parent Relationship": "Outer", "Plan Width": 204, "Total Cost": 330380.79}], "Sort Key": ["table_30.col_0"], "Plan Rows": 26381040, "Node Type": "Sort", "Parent Relationship": "Outer", "Plan Width": 204, "Total Cost": 16497357.03}], "Plan Rows": 26381040, "Node Type": "Materialize", "Parent Relationship": "Inner", "Plan Width": 204, "Total Cost": 16563309.63}], "Node Type": "Merge Join", "Plan Rows": 327441468480, "Join Type": "Inner", "Parent Relationship": "Outer", "Plan Width": 252, "Merge Cond": "(table_44.col_0 = table_30.col_0)", "Total Cost": 4928655643.02}], "Sort Key": ["table_44.col_0", "table_49.col_1", "table_60.col_0"], "Plan Rows": 327441468480, "Node Type": "Sort", "Parent Relationship": "Outer", "Plan Width": 252, "Total Cost": 454493168740.56}, {"Startup Cost": 6.755089468658302e+33, "Plans": [{"Startup Cost": 6.755089468658302e+33, "Plans": [{"Startup Cost": 7.94382575882799e+26, "Plans": [{"Startup Cost": 1.6724130235976587e+26, "Plans": [{"Startup Cost": 4.706254919734972e+17, "Plans": [{"Startup Cost": 4.706254919734972e+17, "Plans": [{"Startup Cost": 4.706254919734972e+17, "Plans": [{"Startup Cost": 4.706254919734972e+17, "Plans": [{"Startup Cost": 4.706254919734972e+17, "Plans": [{"Startup Cost": 4.706254919734972e+17, "Plans": [{"Startup Cost": 133897609657078.27, "Plans": [{"Startup Cost": 7400418925510.39, "Plans": [{"Startup Cost": 181926.82, "Plans": [{"Startup Cost": 0.0, "Plans": [{"Startup Cost": 0.0, "Node Type": "Seq Scan", "Plan Rows": 830, "Relation Name": "table_33", "Alias": "table_33", "Parent Relationship": "Outer", "Plan Width": 68, "Total Cost": 18.3}, {"Startup Cost": 0.0, "Plans": [{"Startup Cost": 0.0, "Node Type": "Seq Scan", "Plan Rows": 620, "Relation Name": "table_20", "Alias": "table_20", "Parent Relationship": "Outer", "Plan Width": 100, "Total Cost": 16.2}], "Plan Rows": 620, "Node Type": "Materialize", "Parent Relationship": "Inner", "Plan Width": 100, "Total Cost": 19.3}], "Node Type": "Nested Loop", "Plan Rows": 514600, "Join Type": "Inner", "Parent Relationship": "Outer", "Plan Width": 168, "Total Cost": 6468.55}], "Sort Key": ["table_33.col_2", "table_20.col_1"], "Plan Rows": 514600, "Node Type": "Sort", "Parent Relationship": "Outer", "Plan Width": 168, "Total Cost": 183213.32}, {"Startup Cost": 7400418743583.58, "Plans": [{"Startup Cost": 7400418743583.58, "Plans": [{"Startup Cost": 168.0, "Plans": [{"Startup Cost": 168.0, "Plans": [{"Startup Cost": 133.25, "Plans": [{"Startup Cost": 133.25, "Plans": [{"Startup Cost": 109.3, "Plans": [{"Startup Cost": 84.9, "Plans": [{"Startup Cost": 48.8, "Plans": [{"Startup Cost": 24.4, "Plans": [{"Startup Cost": 0.0, "Node Type": "Seq Scan", "Plan Rows": 1160, "Relation Name": "table_40", "Alias": "table_40", "Parent Relationship": "Outer", "Plan Width": 40, "Total Cost": 21.6}, {"Startup Cost": 16.4, "Plans": [{"Startup Cost": 0.0, "Node Type": "Seq Scan", "Plan Rows": 640, "Relation Name": "table_35", "Alias": "table_35", "Parent Relationship": "Outer", "Plan Width": 96, "Total Cost": 16.4}], "Plan Rows": 640, "Node Type": "Hash", "Parent Relationship": "Inner", "Plan Width": 96, "Total Cost": 16.4}], "Node Type": "Hash Join", "Plan Rows": 3712, "Join Type": "Inner", "Hash Cond": "(table_40.col_0 = table_35.col_0)", "Parent Relationship": "Outer", "Plan Width": 136, "Total Cost": 178.82}, {"Startup Cost": 16.4, "Plans": [{"Startup Cost": 0.0, "Node Type": "Seq Scan", "Plan Rows": 640, "Relation Name": "table_59", "Alias": "table_59", "Parent Relationship": "Outer", "Plan Width": 96, "Total Cost": 16.4}], "Plan Rows": 640, "Node Type": "Hash", "Parent Relationship": "Inner", "Plan Width": 96, "Total Cost": 16.4}], "Node Type": "Hash Join", "Plan Rows": 11878, "Join Type": "Inner", "Hash Cond": "(table_35.col_1 = table_59.col_0)", "Parent Relationship": "Outer", "Plan Width": 232, "Total Cost": 628.24}, {"Startup Cost": 21.6, "Plans": [{"Startup Cost": 0.0, "Node Type": "Seq Scan", "Plan Rows": 1160, "Relation Name": "table_10", "Alias": "table_10", "Parent Relationship": "Outer", "Plan Width": 40, "Total Cost": 21.6}], "Plan Rows": 1160, "Node Type": "Hash", "Parent Relationship": "Inner", "Plan Width": 40, "Total Cost": 21.6}], "Node Type": "Hash Join", "Plan Rows": 68892, "Join Type": "Inner", "Hash Cond": "(table_40.col_2 = table_10.col_2)", "Parent Relationship": "Outer", "Plan Width": 272, "Total Cost": 3105.27}, {"Startup Cost": 16.4, "Plans": [{"Startup Cost": 0.0, "Node Type": "Seq Scan", "Plan Rows": 640, "Relation Name": "table_42", "Alias": "table_42", "Parent Relationship": "Outer", "Plan Width": 96, "Total Cost": 16.4}], "Plan Rows": 640, "Node Type": "Hash", "Parent Relationship": "Inner", "Plan Width": 96, "Total Cost": 16.4}], "Node Type": "Hash Join", "Plan Rows": 220454, "Join Type": "Inner", "Hash Cond": "(table_40.col_0 = table_42.col_1)", "Parent Relationship": "Outer", "Plan Width": 368, "Total Cost": 11017.8}, {"Startup Cost": 16.2, "Plans": [{"Startup Cost": 0.0, "Node Type": "Seq Scan", "Plan Rows": 620, "Relation Name": "table_8", "Alias": "table_8", "Parent Relationship": "Outer", "Plan Width": 100, "Total Cost": 16.2}], "Plan Rows": 620, "Node Type": "Hash", "Parent Relationship": "Inner", "Plan Width": 100, "Total Cost": 16.2}], "Node Type": "Hash Join", "Plan Rows": 683407, "Join Type": "Inner", "Hash Cond": "(table_10.col_0 = table_8.col_0)", "Parent Relationship": "Outer", "Plan Width": 468, "Total Cost": 35512.14}, {"Startup Cost": 0.0, "Plans": [{"Startup Cost": 0.0, "Node Type": "Seq Scan", "Plan Rows": 620, "Relation Name": "table_31", "Alias": "table_31", "Parent Relationship": "Outer", "Plan Width": 100, "Total Cost": 16.2}], "Plan Rows": 620, "Node Type": "Materialize", "Parent Relationship": "Inner", "Plan Width": 100, "Total Cost": 19.3}], "Node Type": "Nested Loop", "Plan Rows": 423712340, "Join Type": "Inner", "Parent Relationship": "Outer", "Plan Width": 568, "Total Cost": 5331934.13}, {"Startup Cost": 21.0, "Plans": [{"Startup Cost": 0.0, "Node Type": "Seq Scan", "Plan Rows": 1100, "Relation Name": "table_32", "Alias": "table_32", "Parent Relationship": "Outer", "Plan Width": 44, "Total Cost": 21.0}], "Plan Rows": 1100, "Node Type": "Hash", "Parent Relationship": "Inner", "Plan Width": 44, "Total Cost": 21.0}], "Node Type": "Hash Join", "Plan Rows": 2330417870, "Join Type": "Inner", "Hash Cond": "(table_10.col_1 = table_32.col_2)", "Parent Relationship": "Outer", "Plan Width": 612, "Total Cost": 87955875.19}, {"Startup Cost": 0.0, "Plans": [{"Startup Cost": 0.0, "Node Type": "Seq Scan", "Plan Rows": 830, "Relation Name": "table_4", "Alias": "table_4", "Parent Relationship": "Outer", "Plan Width": 68, "Total Cost": 18.3}], "Plan Rows": 830, "Node Type": "Materialize", "Parent Relationship": "Inner", "Plan Width": 68, "Total Cost": 22.45}], "Node Type": "Nested Loop", "Plan Rows": 1934246832100, "Join Type": "Inner", "Parent Relationship": "Outer", "Plan Width": 680, "Total Cost": 24266041296.81}], "Sort Key": ["table_4.col_1", "table_10.col_0"], "Plan Rows": 1934246832100, "Node Type": "Sort", "Parent Relationship": "Outer", "Plan Width": 680, "Total Cost": 7405254360663.83}], "Plan Rows": 1934246832100, "Node Type": "Materialize", "Parent Relationship": "Inner", "Plan Width": 680, "Total Cost": 7410089977744.08}], "Node Type": "Merge Join", "Plan Rows": 24884085494966, "Join Type": "Inner", "Parent Relationship": "Outer", "Plan Width": 848, "Merge Cond": "((table_33.col_2 = table_4.col_1) AND (table_20.col_1 = table_10.col_0))", "Total Cost": 7840726042612.05}], "Sort Key": ["table_42.col_2", "table_4.col_1", "table_40.col_1"], "Plan Rows": 24884085494966, "Node Type": "Sort", "Parent Relationship": "Outer", "Plan Width": 848, "Total Cost": 133959819870815.69}, {"Startup Cost": 4.704915943638401e+17, "Plans": [{"Startup Cost": 4.704915943638401e+17, "Plans": [{"Startup Cost": 326.09, "Plans": [{"Startup Cost": 291.34, "Plans": [{"Startup Cost": 58.54, "Plans": [{"Startup Cost": 0.0, "Node Type": "Seq Scan", "Plan Rows": 830, "Relation Name": "table_18", "Alias": "table_18_1", "Parent Relationship": "Outer", "Plan Width": 68, "Total Cost": 18.3}], "Sort Key": ["table_18_1.col_1"], "Plan Rows": 830, "Node Type": "Sort", "Parent Relationship": "Outer", "Plan Width": 68, "Total Cost": 60.62}, {"Startup Cost": 232.8, "Plans": [{"Startup Cost": 21.48, "Plans": [{"Startup Cost": 0.0, "Node Type": "Seq Scan", "Plan Rows": 830, "Relation Name": "table_0", "Alias": "table_0_1", "Parent Relationship": "Outer", "Plan Width": 68, "Total Cost": 18.3}, {"Startup Cost": 15.1, "Plans": [{"Startup Cost": 0.0, "Node Type": "Seq Scan", "Plan Rows": 510, "Relation Name": "table_50", "Alias": "table_50_1", "Parent Relationship": "Outer", "Plan Width": 128, "Total Cost": 15.1}], "Plan Rows": 510, "Node Type": "Hash", "Parent Relationship": "Inner", "Plan Width": 128, "Total Cost": 15.1}], "Node Type": "Hash Join", "Plan Rows": 2116, "Join Type": "Inner", "Hash Cond": "(table_0_1.col_1 = table_50_1.col_2)", "Parent Relationship": "Outer", "Plan Width": 196, "Total Cost": 115.92}], "Sort Key": ["table_50_1.col_3"], "Plan Rows": 2116, "Node Type": "Sort", "Parent Relationship": "Inner", "Plan Width": 196, "Total Cost": 238.09}], "Node Type": "Merge Join", "Plan Rows": 8781, "Join Type": "Left", "Parent Relationship": "Outer", "Plan Width": 264, "Merge Cond": "(table_18_1.col_1 = table_50_1.col_3)", "Total Cost": 427.21}, {"Startup Cost": 34.75, "Plans": [{"Startup Cost": 34.75, "Plans": [{"Startup Cost": 0.0, "Plans": [{"Startup Cost": 0.0, "Plans": [{"Startup Cost": 0.0, "Plans": [{"Startup Cost": 0.0, "Node Type": "Seq Scan", "Plan Rows": 2140, "Relation Name": "table_61", "Alias": "table_61", "Parent Relationship": "Outer", "Plan Width": 8, "Total Cost": 31.4}, {"Startup Cost": 0.0, "Plans": [{"Startup Cost": 0.0, "Node Type": "Seq Scan", "Plan Rows": 860, "Relation Name": "table_53", "Alias": "table_53", "Parent Relationship": "Outer", "Plan Width": 64, "Total Cost": 18.6}], "Plan Rows": 860, "Node Type": "Materialize", "Parent Relationship": "Inner", "Plan Width": 64, "Total Cost": 22.9}], "Node Type": "Nested Loop", "Plan Rows": 1840400, "Join Type": "Inner", "Parent Relationship": "Outer", "Plan Width": 72, "Total Cost": 23057.15}, {"Startup Cost": 0.0, "Plans": [{"Startup Cost": 0.0, "Node Type": "Seq Scan", "Plan Rows": 640, "Relation Name": "table_45", "Alias": "table_45", "Parent Relationship": "Outer", "Plan Width": 96, "Total Cost": 16.4}], "Plan Rows": 640, "Node Type": "Materialize", "Parent Relationship": "Inner", "Plan Width": 96, "Total Cost": 19.6}], "Node Type": "Nested Loop", "Plan Rows": 1177856000, "Join Type": "Inner", "Parent Relationship": "Outer", "Plan Width": 168, "Total Cost": 14746275.15}, {"Startup Cost": 0.0, "Plans": [{"Startup Cost": 0.0, "Node Type": "Seq Scan", "Plan Rows": 1940, "Relation Name": "table_63", "Alias": "table_63", "Parent Relationship": "Outer", "Plan Width": 12, "Total Cost": 29.4}], "Plan Rows": 1940, "Node Type": "Materialize", "Parent Relationship": "Inner", "Plan Width": 12, "Total Cost": 39.1}], "Node Type": "Nested Loop", "Plan Rows": 2285040640000, "Join Type": "Inner", "Parent Relationship": "Outer", "Plan Width": 180, "Total Cost": 28577754309.4}, {"Startup Cost": 21.0, "Plans": [{"Startup Cost": 0.0, "Node Type": "Seq Scan", "Plan Rows": 1100, "Relation Name": "table_15", "Alias": "table_15", "Parent Relationship": "Outer", "Plan Width": 44, "Total Cost": 21.0}], "Plan Rows": 1100, "Node Type": "Hash", "Parent Relationship": "Inner", "Plan Width": 44, "Total Cost": 21.0}], "Node Type": "Hash Join", "Plan Rows": 12567723520000, "Join Type": "Inner", "Hash Cond": "(table_61.col_0 = table_15.col_1)", "Parent Relationship": "Outer", "Plan Width": 224, "Total Cost": 474160679144.15}], "Plan Rows": 12567723520000, "Node Type": "Materialize", "Parent Relationship": "Inner", "Plan Width": 224, "Total Cost": 917467489244.15}], "Node Type": "Nested Loop", "Plan Rows": 110357180229120000, "Join Type": "Inner", "Parent Relationship": "Outer", "Plan Width": 488, "Total Cost": 4720861531194872.0}], "Sort Key": ["table_53.col_1", "table_63.col_1", "table_61.col_0"], "Plan Rows": 110357180229120000, "Node Type": "Sort", "Parent Relationship": "Outer", "Plan Width": 488, "Total Cost": 4.707674873144129e+17}], "Plan Rows": 110357180229120000, "Node Type": "Materialize", "Parent Relationship": "Inner", "Plan Width": 488, "Total Cost": 4.710433802649857e+17}], "Node Type": "Merge Join", "Plan Rows": 343267188475599253405696, "Join Type": "Inner", "Parent Relationship": "Outer", "Plan Width": 1336, "Merge Cond": "((table_42.col_2 = table_53.col_1) AND (table_33.col_2 = table_63.col_1) AND (table_40.col_1 = table_61.col_0))", "Total Cost": 6.865814671145751e+21}, {"Startup Cost": 21.6, "Plans": [{"Startup Cost": 0.0, "Node Type": "Seq Scan", "Plan Rows": 1160, "Relation Name": "table_62", "Alias": "table_62", "Parent Relationship": "Outer", "Plan Width": 40, "Total Cost": 21.6}], "Plan Rows": 1160, "Node Type": "Hash", "Parent Relationship": "Inner", "Plan Width": 40, "Total Cost": 21.6}], "Node Type": "Hash Join", "Plan Rows": 1990949693158475656331264, "Join Type": "Left", "Hash Cond": "(table_32.col_3 = table_62.col_0)", "Parent Relationship": "Outer", "Plan Width": 1376, "Total Cost": 7.740722190288139e+22}, {"Startup Cost": 18.0, "Plans": [{"Startup Cost": 0.0, "Node Type": "Seq Scan", "Plan Rows": 800, "Relation Name": "table_14", "Alias": "table_14", "Parent Relationship": "Outer", "Plan Width": 72, "Total Cost": 18.0}], "Plan Rows": 800, "Node Type": "Hash", "Parent Relationship": "Inner", "Plan Width": 72, "Total Cost": 18.0}], "Node Type": "Hash Join", "Plan Rows": 39818993863169511784448, "Join Type": "Inner", "Hash Cond": "((table_10.col_0 = table_14.col_0) AND (table_31.col_0 = table_14.col_3))", "Parent Relationship": "Outer", "Plan Width": 1448, "Total Cost": 4.859500989390006e+23}, {"Startup Cost": 21.0, "Plans": [{"Startup Cost": 0.0, "Node Type": "Seq Scan", "Plan Rows": 1100, "Relation Name": "table_39", "Alias": "table_39", "Parent Relationship": "Outer", "Plan Width": 44, "Total Cost": 21.0}], "Plan Rows": 1100, "Node Type": "Hash", "Parent Relationship": "Inner", "Plan Width": 44, "Total Cost": 21.0}], "Node Type": "Hash Join", "Plan Rows": 219004466247432331591680, "Join Type": "Left", "Hash Cond": "(table_45.col_2 = table_39.col_3)", "Parent Relationship": "Outer", "Plan Width": 1492, "Total Cost": 4.937148027423187e+23}, {"Startup Cost": 22.3, "Plans": [{"Startup Cost": 0.0, "Node Type": "Seq Scan", "Plan Rows": 1230, "Relation Name": "table_37", "Alias": "table_37_1", "Parent Relationship": "Outer", "Plan Width": 36, "Total Cost": 22.3}], "Plan Rows": 1230, "Node Type": "Hash", "Parent Relationship": "Inner", "Plan Width": 36, "Total Cost": 22.3}], "Node Type": "Hash Join", "Plan Rows": 1346877467421708931563520, "Join Type": "Left", "Hash Cond": "(table_50_1.col_3 = table_37_1.col_0)", "Parent Relationship": "Outer", "Plan Width": 1528, "Total Cost": 5.414030252676971e+23}, {"Startup Cost": 22.3, "Plans": [{"Startup Cost": 0.0, "Node Type": "Seq Scan", "Plan Rows": 1230, "Relation Name": "table_29", "Alias": "table_29", "Parent Relationship": "Outer", "Plan Width": 36, "Total Cost": 22.3}], "Plan Rows": 1230, "Node Type": "Hash", "Parent Relationship": "Inner", "Plan Width": 36, "Total Cost": 22.3}], "Node Type": "Hash Join", "Plan Rows": 8283296424643510264659968, "Join Type": "Left", "Hash Cond": "(table_15.col_0 = table_29.col_0)", "Parent Relationship": "Outer", "Plan Width": 1564, "Total Cost": 8.346855937987742e+23}], "Sort Key": ["table_42.col_1", "table_40.col_2", "table_53.col_1", "table_63.col_1", "table_32.col_3", "table_15.col_0", "table_45.col_1", "table_45.col_2"], "Plan Rows": 8283296424643510264659968, "Node Type": "Sort", "Parent Relationship": "Outer", "Plan Width": 1564, "Total Cost": 1.6726201060082747e+26}, {"Startup Cost": 6.27141273523033e+26, "Plans": [{"Startup Cost": 6.27141273523033e+26, "Plans": [{"Startup Cost": 31781303.78, "Plans": [{"Startup Cost": 31781275.11, "Plans": [{"Startup Cost": 31781275.11, "Plans": [{"Startup Cost": 31781275.11, "Plans": [{"Startup Cost": 31781275.11, "Plans": [{"Startup Cost": 31781275.11, "Plans": [{"Startup Cost": 30956002.22, "Plans": [{"Startup Cost": 30956002.22, "Plans": [{"Startup Cost": 320790.72, "Plans": [{"Startup Cost": 0.0, "Plans": [{"Startup Cost": 0.0, "Node Type": "Seq Scan", "Plan Rows": 1770, "Relation Name": "table_21", "Alias": "table_21", "Parent Relationship": "Outer", "Plan Width": 16, "Total Cost": 27.7}, {"Startup Cost": 0.0, "Plans": [{"Startup Cost": 0.0, "Node Type": "Seq Scan", "Plan Rows": 620, "Relation Name": "table_41", "Alias": "table_41", "Parent Relationship": "Outer", "Plan Width": 100, "Total Cost": 16.2}], "Plan Rows": 620, "Node Type": "Materialize", "Parent Relationship": "Inner", "Plan Width": 100, "Total Cost": 19.3}], "Node Type": "Nested Loop", "Plan Rows": 1097400, "Join Type": "Inner", "Parent Relationship": "Outer", "Plan Width": 116, "Total Cost": 13762.95}], "Sort Key": ["table_21.col_2", "table_41.col_3"], "Plan Rows": 1097400, "Node Type": "Sort", "Parent Relationship": "Outer", "Plan Width": 116, "Total Cost": 323534.22}, {"Startup Cost": 30635211.5, "Plans": [{"Startup Cost": 30635211.5, "Plans": [{"Startup Cost": 183.8, "Plans": [{"Startup Cost": 183.8, "Plans": [{"Startup Cost": 155.12, "Plans": [{"Startup Cost": 96.58, "Plans": [{"Startup Cost": 38.04, "Plans": [{"Startup Cost": 0.0, "Node Type": "Seq Scan", "Plan Rows": 510, "Relation Name": "table_50", "Alias": "table_50", "Parent Relationship": "Outer", "Plan Width": 128, "Total Cost": 15.1}], "Sort Key": ["table_50.col_0"], "Plan Rows": 510, "Node Type": "Sort", "Parent Relationship": "Outer", "Plan Width": 128, "Total Cost": 39.31}, {"Startup Cost": 58.54, "Plans": [{"Startup Cost": 0.0, "Node Type": "Seq Scan", "Plan Rows": 830, "Relation Name": "table_0", "Alias": "table_0", "Parent Relationship": "Outer", "Plan Width": 68, "Total Cost": 18.3}], "Sort Key": ["table_0.col_1"], "Plan Rows": 830, "Node Type": "Sort", "Parent Relationship": "Inner", "Plan Width": 68, "Total Cost": 60.62}], "Node Type": "Merge Join", "Plan Rows": 2116, "Join Type": "Inner", "Parent Relationship": "Outer", "Plan Width": 196, "Merge Cond": "(table_50.col_0 = table_0.col_1)", "Total Cost": 130.87}, {"Startup Cost": 58.54, "Plans": [{"Startup Cost": 0.0, "Node Type": "Seq Scan", "Plan Rows": 830, "Relation Name": "table_18", "Alias": "table_18", "Parent Relationship": "Outer", "Plan Width": 68, "Total Cost": 18.3}], "Sort Key": ["table_18.col_1"], "Plan Rows": 830, "Node Type": "Sort", "Parent Relationship": "Inner", "Plan Width": 68, "Total Cost": 60.62}], "Node Type": "Merge Join", "Plan Rows": 8781, "Join Type": "Inner", "Parent Relationship": "Outer", "Plan Width": 264, "Merge Cond": "(table_0.col_1 = table_18.col_1)", "Total Cost": 326.42}, {"Startup Cost": 18.3, "Plans": [{"Startup Cost": 0.0, "Node Type": "Seq Scan", "Plan Rows": 830, "Relation Name": "table_54", "Alias": "table_54", "Parent Relationship": "Outer", "Plan Width": 68, "Total Cost": 18.3}], "Plan Rows": 830, "Node Type": "Hash", "Parent Relationship": "Inner", "Plan Width": 68, "Total Cost": 18.3}], "Node Type": "Hash Join", "Plan Rows": 36441, "Join Type": "Inner", "Hash Cond": "(table_0.col_2 = table_54.col_0)", "Parent Relationship": "Outer", "Plan Width": 332, "Total Cost": 1652.48}, {"Startup Cost": 0.0, "Plans": [{"Startup Cost": 0.0, "Node Type": "Seq Scan", "Plan Rows": 800, "Relation Name": "table_23", "Alias": "table_23", "Parent Relationship": "Outer", "Plan Width": 72, "Total Cost": 18.0}], "Plan Rows": 800, "Node Type": "Materialize", "Parent Relationship": "Inner", "Plan Width": 72, "Total Cost": 22.0}], "Node Type": "Nested Loop", "Plan Rows": 29152800, "Join Type": "Inner", "Parent Relationship": "Outer", "Plan Width": 404, "Total Cost": 366082.48}], "Sort Key": ["table_0.col_0", "table_54.col_0"], "Plan Rows": 29152800, "Node Type": "Sort", "Parent Relationship": "Outer", "Plan Width": 404, "Total Cost": 30708093.5}], "Plan Rows": 29152800, "Node Type": "Materialize", "Parent Relationship": "Inner", "Plan Width": 404, "Total Cost": 30780975.5}], "Node Type": "Merge Join", "Plan Rows": 799807068, "Join Type": "Inner", "Parent Relationship": "Outer", "Plan Width": 520, "Merge Cond": "((table_21.col_2 = table_0.col_0) AND (table_41.col_3 = table_0.col_2))", "Total Cost": 45033738.41}, {"Startup Cost": 0.0, "Plans": [{"Startup Cost": 0.0, "Node Type": "Seq Scan", "Plan Rows": 830, "Relation Name": "table_24", "Alias": "table_24", "Parent Relationship": "Outer", "Plan Width": 68, "Total Cost": 18.3}], "Plan Rows": 830, "Node Type": "Materialize", "Parent Relationship": "Inner", "Plan Width": 68, "Total Cost": 22.45}], "Node Type": "Nested Loop", "Plan Rows": 3319199332, "Join Type": "Left", "Parent Relationship": "Outer", "Plan Width": 588, "Join Filter": "(table_0.col_1 = table_24.col_2)", "Total Cost": 10002631755.38}, {"Startup Cost": 825272.89, "Plans": [{"Startup Cost": 825272.89, "Plans": [{"Startup Cost": 282192.94, "Plans": [{"Startup Cost": 0.0, "Plans": [{"Startup Cost": 0.0, "Node Type": "Seq Scan", "Plan Rows": 1230, "Relation Name": "table_3", "Alias": "table_3", "Parent Relationship": "Outer", "Plan Width": 36, "Total Cost": 22.3}, {"Startup Cost": 0.0, "Plans": [{"Startup Cost": 0.0, "Node Type": "Seq Scan", "Plan Rows": 830, "Relation Name": "table_52", "Alias": "table_52", "Parent Relationship": "Outer", "Plan Width": 68, "Total Cost": 18.3}], "Plan Rows": 830, "Node Type": "Materialize", "Parent Relationship": "Inner", "Plan Width": 68, "Total Cost": 22.45}], "Node Type": "Nested Loop", "Plan Rows": 1020900, "Join Type": "Inner", "Parent Relationship": "Outer", "Plan Width": 104, "Total Cost": 12803.93}], "Sort Key": ["table_52.col_1", "table_3.col_1"], "Plan Rows": 1020900, "Node Type": "Sort", "Parent Relationship": "Outer", "Plan Width": 104, "Total Cost": 284745.19}, {"Startup Cost": 543079.95, "Plans": [{"Startup Cost": 543079.95, "Plans": [{"Startup Cost": 0.0, "Plans": [{"Startup Cost": 0.0, "Node Type": "Seq Scan", "Plan Rows": 2140, "Relation Name": "table_16", "Alias": "table_16", "Parent Relationship": "Outer", "Plan Width": 8, "Total Cost": 31.4}, {"Startup Cost": 0.0, "Plans": [{"Startup Cost": 0.0, "Node Type": "Seq Scan", "Plan Rows": 1230, "Relation Name": "table_9", "Alias": "table_9", "Parent Relationship": "Outer", "Plan Width": 36, "Total Cost": 22.3}], "Plan Rows": 1230, "Node Type": "Materialize", "Parent Relationship": "Inner", "Plan Width": 36, "Total Cost": 28.45}], "Node Type": "Nested Loop", "Plan Rows": 2632200, "Join Type": "Inner", "Parent Relationship": "Outer", "Plan Width": 44, "Total Cost": 32959.28}], "Sort Key": ["table_16.col_1", "table_16.col_0"], "Plan Rows": 2632200, "Node Type": "Sort", "Parent Relationship": "Outer", "Plan Width": 44, "Total Cost": 549660.45}], "Plan Rows": 2632200, "Node Type": "Materialize", "Parent Relationship": "Inner", "Plan Width": 44, "Total Cost": 556240.95}], "Node Type": "Merge Join", "Plan Rows": 67180324, "Join Type": "Inner", "Parent Relationship": "Outer", "Plan Width": 148, "Merge Cond": "((table_52.col_1 = table_16.col_1) AND (table_3.col_1 = table_16.col_0))", "Total Cost": 2015165.81}], "Plan Rows": 67180324, "Node Type": "Materialize", "Parent Relationship": "Inner", "Plan Width": 148, "Total Cost": 3761592.43}], "Node Type": "Nested Loop", "Plan Rows": 222984886544343552, "Join Type": "Inner", "Parent Relationship": "Outer", "Plan Width": 736, "Total Cost": 7469134724388467.0}, {"Startup Cost": 0.0, "Plans": [{"Startup Cost": 0.0, "Node Type": "Seq Scan", "Plan Rows": 1230, "Relation Name": "table_37", "Alias": "table_37", "Parent Relationship": "Outer", "Plan Width": 36, "Total Cost": 22.3}], "Plan Rows": 1230, "Node Type": "Materialize", "Parent Relationship": "Inner", "Plan Width": 36, "Total Cost": 28.45}], "Node Type": "Nested Loop", "Plan Rows": 1371357052247712768, "Join Type": "Left", "Parent Relationship": "Outer", "Plan Width": 772, "Join Filter": "(table_23.col_3 = table_37.col_0)", "Total Cost": 4.121540291467527e+18}, {"Startup Cost": 0.0, "Plans": [{"Startup Cost": 0.0, "Node Type": "Seq Scan", "Plan Rows": 1160, "Relation Name": "table_64", "Alias": "table_64", "Parent Relationship": "Outer", "Plan Width": 40, "Total Cost": 21.6}], "Plan Rows": 1160, "Node Type": "Materialize", "Parent Relationship": "Inner", "Plan Width": 40, "Total Cost": 27.4}], "Node Type": "Nested Loop", "Plan Rows": 7953870903036734464, "Join Type": "Inner", "Parent Relationship": "Outer", "Plan Width": 812, "Join Filter": "(table_64.col_0 = table_18.col_2)", "Total Cost": 2.7983153000577733e+19}, {"Startup Cost": 0.0, "Plans": [{"Startup Cost": 0.0, "Node Type": "Seq Scan", "Plan Rows": 1230, "Relation Name": "table_5", "Alias": "table_5", "Parent Relationship": "Outer", "Plan Width": 36, "Total Cost": 22.3}], "Plan Rows": 1230, "Node Type": "Materialize", "Parent Relationship": "Inner", "Plan Width": 36, "Total Cost": 28.45}], "Node Type": "Nested Loop", "Plan Rows": 9783261210735183659008, "Join Type": "Inner", "Parent Relationship": "Outer", "Plan Width": 848, "Total Cost": 1.5027391813476755e+20}, {"Startup Cost": 0.0, "Plans": [{"Startup Cost": 0.0, "Node Type": "Seq Scan", "Plan Rows": 1230, "Relation Name": "table_28", "Alias": "table_28", "Parent Relationship": "Outer", "Plan Width": 36, "Total Cost": 22.3}], "Plan Rows": 1230, "Node Type": "Materialize", "Parent Relationship": "Inner", "Plan Width": 36, "Total Cost": 28.45}], "Node Type": "Nested Loop", "Plan Rows": 12033411289204275082690560, "Join Type": "Inner", "Parent Relationship": "Outer", "Plan Width": 884, "Total Cost": 1.505679150331882e+23}, {"Startup Cost": 18.3, "Plans": [{"Startup Cost": 0.0, "Node Type": "Seq Scan", "Plan Rows": 830, "Relation Name": "table_57", "Alias": "table_57", "Parent Relationship": "Outer", "Plan Width": 68, "Total Cost": 18.3}], "Plan Rows": 830, "Node Type": "Hash", "Parent Relationship": "Inner", "Plan Width": 68, "Total Cost": 18.3}], "Node Type": "Hash Join", "Plan Rows": 49938656850197742130036736, "Join Type": "Left", "Hash Cond": "(table_21.col_0 = table_57.col_0)", "Parent Relationship": "Outer", "Plan Width": 952, "Total Cost": 1.92850443301312e+24}], "Sort Key": ["table_18.col_1", "table_23.col_1", "table_5.col_0", "table_54.col_1", "table_16.col_1", "table_28.col_1", "table_3.col_0", "table_9.col_0"], "Plan Rows": 49938656850197742130036736, "Node Type": "Sort", "Parent Relationship": "Outer", "Plan Width": 952, "Total Cost": 6.272661201651585e+26}], "Plan Rows": 49938656850197742130036736, "Node Type": "Materialize", "Parent Relationship": "Inner", "Plan Width": 952, "Total Cost": 6.27390966807284e+26}], "Node Type": "Merge Join", "Plan Rows": 161584647554196174506147589390336, "Join Type": "Inner", "Parent Relationship": "Outer", "Plan Width": 2516, "Merge Cond": "((table_42.col_1 = table_0.col_1) AND (table_40.col_2 = table_23.col_1) AND (table_42.col_2 = table_5.col_0) AND (table_33.col_2 = table_54.col_1) AND (table_32.col_3 = table_16.col_1) AND (table_15.col_0 = table_28.col_1) AND (table_45.col_1 = table_3.col_0) AND (table_45.col_2 = table_9.col_0))", "Total Cost": 5.25229573930807e+30}], "Sort Key": ["table_42.col_1", "table_21.col_3", "table_20.col_3"], "Plan Rows": 161584647554196174506147589390336, "Node Type": "Sort", "Parent Relationship": "Outer", "Plan Width": 2516, "Total Cost": 6.755493430277187e+33}], "Plan Rows": 161584647554196174506147589390336, "Node Type": "Materialize", "Parent Relationship": "Inner", "Plan Width": 2516, "Total Cost": 6.755897391896072e+33}], "Node Type": "Merge Join", "Plan Rows": 6613689284871155752533831166485069824, "Join Type": "Inner", "Parent Relationship": "Outer", "Plan Width": 2768, "Merge Cond": "((table_30.col_0 = table_0.col_1) AND (table_49.col_1 = table_21.col_3) AND (table_60.col_0 = table_20.col_3))", "Total Cost": 1.390292791277003e+35}], "Plan Rows": 6613689284871155752533831166485069824, "Node Type": "Materialize", "Parent Relationship": "Inner", "Plan Width": 2768, "Total Cost": 1.5556350233987818e+35}], "Node Type": "Merge Join", "Plan Rows": 36375291066791359590415123209196142592, "Join Type": "Inner", "Parent Relationship": "Outer", "Plan Width": 2812, "Merge Cond": "(table_6.col_1 = table_0.col_1)", "Total Cost": 6.846586451295707e+35}, {"Startup Cost": 18.6, "Plans": [{"Startup Cost": 0.0, "Node Type": "Seq Scan", "Plan Rows": 860, "Relation Name": "table_38", "Alias": "table_38", "Parent Relationship": "Outer", "Plan Width": 64, "Total Cost": 18.6}], "Plan Rows": 860, "Node Type": "Hash", "Parent Relationship": "Inner", "Plan Width": 64, "Total Cost": 18.6}], "Node Type": "Hash Join", "Plan Rows": 156413751587202855211281347251869319168, "Join Type": "Left", "Hash Cond": "(table_10.col_0 = table_38.col_0)", "Parent Relationship": "Outer", "Plan Width": 2876, "Total Cost": 6.250078178348648e+36}], "Sort Key": ["table_0.col_0"], "Plan Rows": 156413751587202855211281347251869319168, "Node Type": "Sort", "Parent Relationship": "Outer", "Plan Width": 2876, "Total Cost": 9.020612656558312e+39}], "Plan Rows": 156413751587202855211281347251869319168, "Node Type": "Materialize", "Parent Relationship": "Inner", "Plan Width": 2876, "Total Cost": 9.02100369093728e+39}], "Node Type": "Merge Join", "Plan Rows": 505807386319462074697373969576221342745755648, "Join Type": "Inner", "Parent Relationship": "Outer", "Plan Width": 3208, "Merge Cond": "(table_58.col_0 = table_0.col_0)", "Total Cost": 7.59613140744849e+42}, {"Startup Cost": 22.3, "Plans": [{"Startup Cost": 0.0, "Node Type": "Seq Scan", "Plan Rows": 1230, "Relation Name": "table_47", "Alias": "table_47", "Parent Relationship": "Outer", "Plan Width": 36, "Total Cost": 22.3}], "Plan Rows": 1230, "Node Type": "Hash", "Parent Relationship": "Inner", "Plan Width": 36, "Total Cost": 22.3}], "Plan Rows": 3110715425864691783157298667173062535949582336, "Node Type": "Hash Join", "Join Type": "Right", "Hash Cond": "(table_59.col_1 = table_47.col_0)", "Plan Width": 3244, "Total Cost": 1.1773568977851137e+44}}]