[{"Plan": {"Startup Cost": 2.7353758232354512e+28, "Plans": [{"Startup Cost": 2.7353758232354512e+28, "Plans": [{"Startup Cost": 2.7353758232354504e+28, "Plans": [{"Startup Cost": 9.667557453958066e+20, "Plans": [{"Startup Cost": 360994.33, "Plans": [{"Startup Cost": 360994.33, "Plans": [{"Startup Cost": 360936.18, "Plans": [{"Startup Cost": 360936.18, "Plans": [{"Startup Cost": 521.51, "Plans": [{"Startup Cost": 142.0, "Plans": [{"Startup Cost": 56.58, "Plans": [{"Startup Cost": 0.0, "Node Type": "Seq Scan", "Plan Rows": 800, "Relation Name": "table_48", "Alias": "table_48_1", "Parent Relationship": "Outer", "Plan Width": 72, "Total Cost": 18.0}], "Sort Key": ["table_48_1.col_0"], "Plan Rows": 800, "Node Type": "Sort", "Parent Relationship": "Outer", "Plan Width": 72, "Total Cost": 58.58}, {"Startup Cost": 85.43, "Plans": [{"Startup Cost": 0.0, "Node Type": "Seq Scan", "Plan Rows": 1230, "Relation Name": "table_0", "Alias": "table_0_1", "Parent Relationship": "Outer", "Plan Width": 36, "Total Cost": 22.3}], "Sort Key": ["table_0_1.col_1"], "Plan Rows": 1230, "Node Type": "Sort", "Parent Relationship": "Inner", "Plan Width": 36, "Total Cost": 88.5}], "Node Type": "Merge Join", "Plan Rows": 4920, "Join Type": "Inner", "Parent Relationship": "Outer", "Plan Width": 108, "Merge Cond": "(table_48_1.col_0 = table_0_1.col_1)", "Total Cost": 219.8}], "Sort Key": ["table_0_1.col_0"], "Plan Rows": 4920, "Node Type": "Sort", "Parent Relationship": "Outer", "Plan Width": 108, "Total Cost": 533.81}, {"Startup Cost": 360414.68, "Plans": [{"Startup Cost": 360414.68, "Plans": [{"Startup Cost": 0.0, "Plans": [{"Startup Cost": 0.0, "Node Type": "Seq Scan", "Plan Rows": 1230, "Relation Name": "table_59", "Alias": "table_59_1", "Parent Relationship": "Outer", "Plan Width": 36, "Total Cost": 22.3}, {"Startup Cost": 0.0, "Plans": [{"Startup Cost": 0.0, "Node Type": "Seq Scan", "Plan Rows": 1230, "Relation Name": "table_31", "Alias": "table_31", "Parent Relationship": "Outer", "Plan Width": 36, "Total Cost": 22.3}], "Plan Rows": 1230, "Node Type": "Materialize", "Parent Relationship": "Inner", "Plan Width": 36, "Total Cost": 28.45}], "Node Type": "Nested Loop", "Plan Rows": 1512900, "Join Type": "Inner", "Parent Relationship": "Outer", "Plan Width": 72, "Total Cost": 18958.92}], "Sort Key": ["table_59_1.col_1"], "Plan Rows": 1512900, "Node Type": "Sort", "Parent Relationship": "Outer", "Plan Width": 72, "Total Cost": 364196.93}], "Plan Rows": 1512900, "Node Type": "Materialize", "Parent Relationship": "Inner", "Plan Width": 72, "Total Cost": 367979.18}], "Node Type": "Merge Join", "Plan Rows": 37217340, "Join Type": "Right", "Parent Relationship": "Outer", "Plan Width": 180, "Merge Cond": "(table_0_1.col_0 = table_59_1.col_1)", "Total Cost": 923003.13}, {"Startup Cost": 0.0, "Plans": [{"Startup Cost": 0.0, "Plans": [{"Startup Cost": 0.0, "Node Type": "Seq Scan", "Plan Rows": 1230, "Relation Name": "table_54", "Alias": "table_54", "Parent Relationship": "Outer", "Plan Width": 36, "Total Cost": 22.3}, {"Startup Cost": 0.0, "Plans": [{"Startup Cost": 0.0, "Node Type": "Seq Scan", "Plan Rows": 800, "Relation Name": "table_16", "Alias": "table_16", "Parent Relationship": "Outer", "Plan Width": 72, "Total Cost": 18.0}], "Plan Rows": 800, "Node Type": "Materialize", "Parent Relationship": "Inner", "Plan Width": 72, "Total Cost": 22.0}], "Node Type": "Nested Loop", "Plan Rows": 984000, "Join Type": "Inner", "Parent Relationship": "Outer", "Plan Width": 108, "Total Cost": 12342.3}, {"Startup Cost": 0.0, "Plans": [{"Startup Cost": 0.0, "Node Type": "Seq Scan", "Plan Rows": 800, "Relation Name": "table_55", "Alias": "table_55", "Parent Relationship": "Outer", "Plan Width": 72, "Total Cost": 18.0}], "Plan Rows": 800, "Node Type": "Materialize", "Parent Relationship": "Inner", "Plan Width": 72, "Total Cost": 22.0}], "Node Type": "Nested Loop", "Plan Rows": 787200000, "Join Type": "Inner", "Parent Relationship": "Inner", "Plan Width": 180, "Total Cost": 9852362.3}], "Node Type": "Nested Loop", "Plan Rows": 29297490048000000, "Join Type": "Inner", "Parent Relationship": "Outer", "Plan Width": 360, "Total Cost": 659653618925285.1}, {"Startup Cost": 31.4, "Plans": [{"Startup Cost": 0.0, "Node Type": "Seq Scan", "Plan Rows": 2140, "Relation Name": "table_29", "Alias": "table_29", "Parent Relationship": "Outer", "Plan Width": 8, "Total Cost": 31.4}], "Plan Rows": 2140, "Node Type": "Hash", "Parent Relationship": "Inner", "Plan Width": 8, "Total Cost": 31.4}], "Node Type": "Hash Join", "Plan Rows": 313483143513600000, "Join Type": "Left", "Hash Cond": "(table_0_1.col_0 = table_29.col_1)", "Parent Relationship": "Outer", "Plan Width": 368, "Total Cost": 1.1704807367021344e+16}, {"Startup Cost": 0.0, "Plans": [{"Startup Cost": 0.0, "Node Type": "Seq Scan", "Plan Rows": 620, "Relation Name": "table_49", "Alias": "table_49", "Parent Relationship": "Outer", "Plan Width": 100, "Total Cost": 16.2}], "Plan Rows": 620, "Node Type": "Materialize", "Parent Relationship": "Inner", "Plan Width": 100, "Total Cost": 19.3}], "Node Type": "Nested Loop", "Plan Rows": 194359548978431983616, "Join Type": "Inner", "Parent Relationship": "Outer", "Plan Width": 468, "Total Cost": 2.441199169597421e+18}], "Sort Key": ["table_55.col_3", "table_31.col_1", "table_54.col_1", "table_16.col_1", "table_49.col_2"], "Plan Rows": 194359548978431983616, "Node Type": "Sort", "Parent Relationship": "Outer", "Plan Width": 468, "Total Cost": 9.672416442682527e+20}, {"Startup Cost": 2.735375726559876e+28, "Plans": [{"Startup Cost": 2.735375726559876e+28, "Plans": [{"Startup Cost": 8.648933099104367e+20, "Plans": [{"Startup Cost": 8.648933099104367e+20, "Plans": [{"Startup Cost": 8.648933099104367e+20, "Plans": [{"Startup Cost": 8.648933099104367e+20, "Plans": [{"Startup Cost": 8.648933099104367e+20, "Plans": [{"Startup Cost": 95220336254934.17, "Plans": [{"Startup Cost": 208.87, "Plans": [{"Startup Cost": 208.87, "Plans": [{"Startup Cost": 162.64, "Plans": [{"Startup Cost": 141.16, "Plans": [{"Startup Cost": 141.16, "Plans": [{"Startup Cost": 141.16, "Plans": [{"Startup Cost": 141.16, "Plans": [{"Startup Cost": 60.52, "Plans": [{"Startup Cost": 0.0, "Node Type": "Seq Scan", "Plan Rows": 860, "Relation Name": "table_40", "Alias": "table_40", "Parent Relationship": "Outer", "Plan Width": 64, "Total Cost": 18.6}], "Sort Key": ["table_40.col_1"], "Plan Rows": 860, "Node Type": "Sort", "Parent Relationship": "Outer", "Plan Width": 64, "Total Cost": 62.67}, {"Startup Cost": 80.64, "Plans": [{"Startup Cost": 0.0, "Node Type": "Seq Scan", "Plan Rows": 1160, "Relation Name": "table_34", "Alias": "table_34", "Parent Relationship": "Outer", "Plan Width": 40, "Total Cost": 21.6}], "Sort Key": ["table_34.col_0"], "Plan Rows": 1160, "Node Type": "Sort", "Parent Relationship": "Inner", "Plan Width": 40, "Total Cost": 83.54}], "Node Type": "Merge Join", "Plan Rows": 4988, "Join Type": "Inner", "Parent Relationship": "Outer", "Plan Width": 104, "Merge Cond": "(table_40.col_1 = table_34.col_0)", "Total Cost": 220.28}, {"Startup Cost": 0.0, "Plans": [{"Startup Cost": 0.0, "Node Type": "Seq Scan", "Plan Rows": 1230, "Relation Name": "table_30", "Alias": "table_30", "Parent Relationship": "Outer", "Plan Width": 36, "Total Cost": 22.3}], "Plan Rows": 1230, "Node Type": "Materialize", "Parent Relationship": "Inner", "Plan Width": 36, "Total Cost": 28.45}], "Node Type": "Nested Loop", "Plan Rows": 30676, "Join Type": "Left", "Parent Relationship": "Outer", "Plan Width": 140, "Join Filter": "(table_34.col_2 = table_30.col_1)", "Total Cost": 92274.26}, {"Startup Cost": 0.0, "Plans": [{"Startup Cost": 0.0, "Node Type": "Seq Scan", "Plan Rows": 2140, "Relation Name": "table_1", "Alias": "table_1", "Parent Relationship": "Outer", "Plan Width": 8, "Total Cost": 31.4}], "Plan Rows": 2140, "Node Type": "Materialize", "Parent Relationship": "Inner", "Plan Width": 8, "Total Cost": 42.1}], "Node Type": "Nested Loop", "Plan Rows": 328233, "Join Type": "Inner", "Parent Relationship": "Outer", "Plan Width": 148, "Join Filter": "(table_34.col_2 = table_1.col_0)", "Total Cost": 1077010.61}, {"Startup Cost": 0.0, "Plans": [{"Startup Cost": 0.0, "Node Type": "Seq Scan", "Plan Rows": 1770, "Relation Name": "table_64", "Alias": "table_64", "Parent Relationship": "Outer", "Plan Width": 16, "Total Cost": 27.7}], "Plan Rows": 1770, "Node Type": "Materialize", "Parent Relationship": "Inner", "Plan Width": 16, "Total Cost": 36.55}], "Node Type": "Nested Loop", "Plan Rows": 2904862, "Join Type": "Inner", "Parent Relationship": "Outer", "Plan Width": 164, "Join Filter": "(table_1.col_0 = table_64.col_2)", "Total Cost": 9791628.88}, {"Startup Cost": 21.48, "Plans": [{"Startup Cost": 21.48, "Plans": [{"Startup Cost": 0.0, "Node Type": "Seq Scan", "Plan Rows": 1230, "Relation Name": "table_8", "Alias": "table_8", "Parent Relationship": "Outer", "Plan Width": 36, "Total Cost": 22.3}, {"Startup Cost": 15.1, "Plans": [{"Startup Cost": 0.0, "Node Type": "Seq Scan", "Plan Rows": 510, "Relation Name": "table_23", "Alias": "table_23", "Parent Relationship": "Outer", "Plan Width": 128, "Total Cost": 15.1}], "Plan Rows": 510, "Node Type": "Hash", "Parent Relationship": "Inner", "Plan Width": 128, "Total Cost": 15.1}], "Node Type": "Hash Join", "Plan Rows": 3136, "Join Type": "Right", "Hash Cond": "(table_8.col_0 = table_23.col_0)", "Parent Relationship": "Outer", "Plan Width": 164, "Total Cost": 156.62}], "Plan Rows": 3136, "Node Type": "Materialize", "Parent Relationship": "Inner", "Plan Width": 164, "Total Cost": 172.3}], "Node Type": "Nested Loop", "Plan Rows": 9109647232, "Join Type": "Inner", "Parent Relationship": "Outer", "Plan Width": 328, "Total Cost": 123662383.74}, {"Startup Cost": 46.23, "Plans": [{"Startup Cost": 0.0, "Node Type": "Seq Scan", "Plan Rows": 640, "Relation Name": "table_4", "Alias": "table_4", "Parent Relationship": "Outer", "Plan Width": 96, "Total Cost": 16.4}], "Sort Key": ["table_4.col_1"], "Plan Rows": 640, "Node Type": "Sort", "Parent Relationship": "Inner", "Plan Width": 96, "Total Cost": 47.83}], "Node Type": "Merge Join", "Plan Rows": 29150871142, "Join Type": "Inner", "Parent Relationship": "Outer", "Plan Width": 424, "Merge Cond": "(table_34.col_0 = table_4.col_1)", "Total Cost": 583699615.18}, {"Startup Cost": 0.0, "Plans": [{"Startup Cost": 0.0, "Node Type": "Seq Scan", "Plan Rows": 1100, "Relation Name": "table_24", "Alias": "table_24", "Parent Relationship": "Outer", "Plan Width": 44, "Total Cost": 21.0}], "Plan Rows": 1100, "Node Type": "Materialize", "Parent Relationship": "Inner", "Plan Width": 44, "Total Cost": 26.5}], "Node Type": "Nested Loop", "Plan Rows": 32065958256200, "Join Type": "Inner", "Parent Relationship": "Outer", "Plan Width": 468, "Total Cost": 401408177841.43}], "Sort Key": ["table_34.col_2", "table_4.col_1", "table_23.col_0", "table_24.col_1"], "Plan Rows": 32065958256200, "Node Type": "Sort", "Parent Relationship": "Outer", "Plan Width": 468, "Total Cost": 95300501150574.67}, {"Startup Cost": 8.648932146901004e+20, "Plans": [{"Startup Cost": 8.648932146901004e+20, "Plans": [{"Startup Cost": 220493550740662.1, "Plans": [{"Startup Cost": 25707425169769.5, "Plans": [{"Startup Cost": 53.65, "Plans": [{"Startup Cost": 53.65, "Plans": [{"Startup Cost": 0.0, "Plans": [{"Startup Cost": 0.0, "Plans": [{"Startup Cost": 0.0, "Node Type": "Seq Scan", "Plan Rows": 1100, "Relation Name": "table_56", "Alias": "table_56", "Parent Relationship": "Outer", "Plan Width": 44, "Total Cost": 21.0}, {"Startup Cost": 0.0, "Plans": [{"Startup Cost": 0.0, "Node Type": "Seq Scan", "Plan Rows": 800, "Relation Name": "table_15", "Alias": "table_15", "Parent Relationship": "Outer", "Plan Width": 72, "Total Cost": 18.0}], "Plan Rows": 800, "Node Type": "Materialize", "Parent Relationship": "Inner", "Plan Width": 72, "Total Cost": 22.0}], "Node Type": "Nested Loop", "Plan Rows": 880000, "Join Type": "Inner", "Parent Relationship": "Outer", "Plan Width": 116, "Total Cost": 11041.0}, {"Startup Cost": 0.0, "Plans": [{"Startup Cost": 0.0, "Node Type": "Seq Scan", "Plan Rows": 1100, "Relation Name": "table_27", "Alias": "table_27", "Parent Relationship": "Outer", "Plan Width": 44, "Total Cost": 21.0}], "Plan Rows": 1100, "Node Type": "Materialize", "Parent Relationship": "Inner", "Plan Width": 44, "Total Cost": 26.5}], "Node Type": "Nested Loop", "Plan Rows": 968000000, "Join Type": "Inner", "Parent Relationship": "Outer", "Plan Width": 160, "Total Cost": 12111064.75}, {"Startup Cost": 29.4, "Plans": [{"Startup Cost": 0.0, "Node Type": "Seq Scan", "Plan Rows": 1940, "Relation Name": "table_9", "Alias": "table_9", "Parent Relationship": "Outer", "Plan Width": 12, "Total Cost": 29.4}], "Plan Rows": 1940, "Node Type": "Hash", "Parent Relationship": "Inner", "Plan Width": 12, "Total Cost": 29.4}], "Node Type": "Hash Join", "Plan Rows": 9389600000, "Join Type": "Left", "Hash Cond": "(table_15.col_2 = table_9.col_1)", "Parent Relationship": "Outer", "Plan Width": 172, "Total Cost": 343167118.4}, {"Startup Cost": 0.0, "Plans": [{"Startup Cost": 0.0, "Node Type": "Seq Scan", "Plan Rows": 2140, "Relation Name": "table_37", "Alias": "table_37", "Parent Relationship": "Outer", "Plan Width": 8, "Total Cost": 31.4}], "Plan Rows": 2140, "Node Type": "Materialize", "Parent Relationship": "Inner", "Plan Width": 8, "Total Cost": 42.1}], "Node Type": "Nested Loop", "Plan Rows": 20093744000000, "Join Type": "Inner", "Parent Relationship": "Outer", "Plan Width": 180, "Total Cost": 251514967155.15}], "Sort Key": ["table_56.col_0", "table_27.col_0", "table_37.col_1"], "Plan Rows": 20093744000000, "Node Type": "Sort", "Parent Relationship": "Outer", "Plan Width": 180, "Total Cost": 25757659529769.5}, {"Startup Cost": 194786125570892.6, "Plans": [{"Startup Cost": 194786125570892.6, "Plans": [{"Startup Cost": 174955056764.0, "Plans": [{"Startup Cost": 174955056740.05, "Plans": [{"Startup Cost": 1804322171.32, "Plans": [{"Startup Cost": 85732.9, "Plans": [{"Startup Cost": 85704.9, "Plans": [{"Startup Cost": 24721.6, "Plans": [{"Startup Cost": 56.58, "Plans": [{"Startup Cost": 0.0, "Node Type": "Seq Scan", "Plan Rows": 800, "Relation Name": "table_58", "Alias": "table_58", "Parent Relationship": "Outer", "Plan Width": 72, "Total Cost": 18.0}], "Sort Key": ["table_58.col_3"], "Plan Rows": 800, "Node Type": "Sort", "Parent Relationship": "Outer", "Plan Width": 72, "Total Cost": 58.58}, {"Startup Cost": 24665.03, "Plans": [{"Startup Cost": 24665.03, "Plans": [{"Startup Cost": 250.72, "Plans": [{"Startup Cost": 46.23, "Plans": [{"Startup Cost": 0.0, "Node Type": "Seq Scan", "Plan Rows": 640, "Relation Name": "table_26", "Alias": "table_26", "Parent Relationship": "Outer", "Plan Width": 96, "Total Cost": 16.4}], "Sort Key": ["table_26.col_1"], "Plan Rows": 640, "Node Type": "Sort", "Parent Relationship": "Outer", "Plan Width": 96, "Total Cost": 47.83}, {"Startup Cost": 204.49, "Plans": [{"Startup Cost": 204.49, "Plans": [{"Startup Cost": 60.52, "Plans": [{"Startup Cost": 0.0, "Node Type": "Seq Scan", "Plan Rows": 860, "Relation Name": "table_44", "Alias": "table_44", "Parent Relationship": "Outer", "Plan Width": 64, "Total Cost": 18.6}], "Sort Key": ["table_44.col_1"], "Plan Rows": 860, "Node Type": "Sort", "Parent Relationship": "Outer", "Plan Width": 64, "Total Cost": 62.67}, {"Startup Cost": 143.97, "Plans": [{"Startup Cost": 143.97, "Plans": [{"Startup Cost": 58.54, "Plans": [{"Startup Cost": 0.0, "Node Type": "Seq Scan", "Plan Rows": 830, "Relation Name": "table_18", "Alias": "table_18", "Parent Relationship": "Outer", "Plan Width": 68, "Total Cost": 18.3}], "Sort Key": ["table_18.col_2"], "Plan Rows": 830, "Node Type": "Sort", "Parent Relationship": "Outer", "Plan Width": 68, "Total Cost": 60.62}, {"Startup Cost": 85.43, "Plans": [{"Startup Cost": 0.0, "Node Type": "Seq Scan", "Plan Rows": 1230, "Relation Name": "table_59", "Alias": "table_59", "Parent Relationship": "Outer", "Plan Width": 36, "Total Cost": 22.3}], "Sort Key": ["table_59.col_0"], "Plan Rows": 1230, "Node Type": "Sort", "Parent Relationship": "Inner", "Plan Width": 36, "Total Cost": 88.5}], "Node Type": "Merge Join", "Plan Rows": 5104, "Join Type": "Inner", "Parent Relationship": "Outer", "Plan Width": 104, "Merge Cond": "(table_18.col_2 = table_59.col_0)", "Total Cost": 224.68}], "Plan Rows": 5104, "Node Type": "Materialize", "Parent Relationship": "Inner", "Plan Width": 104, "Total Cost": 237.44}], "Node Type": "Merge Join", "Plan Rows": 21947, "Join Type": "Inner", "Parent Relationship": "Outer", "Plan Width": 168, "Merge Cond": "(table_44.col_1 = table_18.col_2)", "Total Cost": 618.7}], "Plan Rows": 21947, "Node Type": "Materialize", "Parent Relationship": "Inner", "Plan Width": 168, "Total Cost": 673.57}], "Node Type": "Merge Join", "Plan Rows": 70230, "Join Type": "Inner", "Parent Relationship": "Outer", "Plan Width": 264, "Merge Cond": "(table_26.col_1 = table_18.col_2)", "Total Cost": 1721.58}], "Sort Key": ["table_26.col_2"], "Plan Rows": 70230, "Node Type": "Sort", "Parent Relationship": "Outer", "Plan Width": 264, "Total Cost": 24840.6}], "Plan Rows": 70230, "Node Type": "Materialize", "Parent Relationship": "Inner", "Plan Width": 264, "Total Cost": 25016.18}], "Node Type": "Merge Join", "Plan Rows": 280920, "Join Type": "Inner", "Parent Relationship": "Outer", "Plan Width": 336, "Merge Cond": "(table_58.col_3 = table_26.col_2)", "Total Cost": 29114.98}, {"Startup Cost": 60983.3, "Plans": [{"Startup Cost": 60983.3, "Plans": [{"Startup Cost": 104.58, "Plans": [{"Startup Cost": 80.62, "Plans": [{"Startup Cost": 45.88, "Plans": [{"Startup Cost": 21.48, "Plans": [{"Startup Cost": 0.0, "Node Type": "Seq Scan", "Plan Rows": 830, "Relation Name": "table_41", "Alias": "table_41", "Parent Relationship": "Outer", "Plan Width": 68, "Total Cost": 18.3}, {"Startup Cost": 15.1, "Plans": [{"Startup Cost": 0.0, "Node Type": "Seq Scan", "Plan Rows": 510, "Relation Name": "table_42", "Alias": "table_42", "Parent Relationship": "Outer", "Plan Width": 128, "Total Cost": 15.1}], "Plan Rows": 510, "Node Type": "Hash", "Parent Relationship": "Inner", "Plan Width": 128, "Total Cost": 15.1}], "Node Type": "Hash Join", "Plan Rows": 2116, "Join Type": "Inner", "Hash Cond": "(table_41.col_0 = table_42.col_1)", "Parent Relationship": "Outer", "Plan Width": 196, "Total Cost": 115.92}, {"Startup Cost": 16.4, "Plans": [{"Startup Cost": 0.0, "Node Type": "Seq Scan", "Plan Rows": 640, "Relation Name": "table_39", "Alias": "table_39", "Parent Relationship": "Outer", "Plan Width": 96, "Total Cost": 16.4}], "Plan Rows": 640, "Node Type": "Hash", "Parent Relationship": "Inner", "Plan Width": 96, "Total Cost": 16.4}], "Node Type": "Hash Join", "Plan Rows": 6771, "Join Type": "Inner", "Hash Cond": "(table_42.col_0 = table_39.col_0)", "Parent Relationship": "Outer", "Plan Width": 292, "Total Cost": 382.6}, {"Startup Cost": 21.0, "Plans": [{"Startup Cost": 0.0, "Node Type": "Seq Scan", "Plan Rows": 1100, "Relation Name": "table_47", "Alias": "table_47", "Parent Relationship": "Outer", "Plan Width": 44, "Total Cost": 21.0}], "Plan Rows": 1100, "Node Type": "Hash", "Parent Relationship": "Inner", "Plan Width": 44, "Total Cost": 21.0}], "Node Type": "Hash Join", "Plan Rows": 37240, "Join Type": "Inner", "Hash Cond": "(table_41.col_1 = table_47.col_2)", "Parent Relationship": "Outer", "Plan Width": 336, "Total Cost": 1737.69}, {"Startup Cost": 16.2, "Plans": [{"Startup Cost": 0.0, "Node Type": "Seq Scan", "Plan Rows": 620, "Relation Name": "table_10", "Alias": "table_10", "Parent Relationship": "Outer", "Plan Width": 100, "Total Cost": 16.2}], "Plan Rows": 620, "Node Type": "Hash", "Parent Relationship": "Inner", "Plan Width": 100, "Total Cost": 16.2}], "Node Type": "Hash Join", "Plan Rows": 115444, "Join Type": "Inner", "Hash Cond": "(table_47.col_3 = table_10.col_2)", "Parent Relationship": "Outer", "Plan Width": 436, "Total Cost": 5895.28}], "Sort Key": ["table_42.col_0"], "Plan Rows": 115444, "Node Type": "Sort", "Parent Relationship": "Outer", "Plan Width": 436, "Total Cost": 61271.91}], "Plan Rows": 115444, "Node Type": "Materialize", "Parent Relationship": "Inner", "Plan Width": 436, "Total Cost": 61560.52}], "Node Type": "Merge Join", "Plan Rows": 162152642, "Join Type": "Inner", "Parent Relationship": "Outer", "Plan Width": 772, "Merge Cond": "(table_58.col_3 = table_42.col_0)", "Total Cost": 2523378.81}, {"Startup Cost": 18.0, "Plans": [{"Startup Cost": 0.0, "Node Type": "Seq Scan", "Plan Rows": 800, "Relation Name": "table_51", "Alias": "table_51", "Parent Relationship": "Outer", "Plan Width": 72, "Total Cost": 18.0}], "Plan Rows": 800, "Node Type": "Hash", "Parent Relationship": "Inner", "Plan Width": 72, "Total Cost": 18.0}], "Node Type": "Hash Join", "Plan Rows": 648610568, "Join Type": "Left", "Hash Cond": "(table_42.col_3 = table_51.col_1)", "Parent Relationship": "Outer", "Plan Width": 844, "Total Cost": 25630158.3}], "Sort Key": ["table_41.col_0", "table_58.col_3", "table_10.col_3"], "Plan Rows": 648610568, "Node Type": "Sort", "Parent Relationship": "Outer", "Plan Width": 844, "Total Cost": 1805943697.74}, {"Startup Cost": 173150734568.73, "Plans": [{"Startup Cost": 173150734568.73, "Plans": [{"Startup Cost": 323.44, "Plans": [{"Startup Cost": 323.44, "Plans": [{"Startup Cost": 323.44, "Plans": [{"Startup Cost": 117.08, "Plans": [{"Startup Cost": 58.54, "Plans": [{"Startup Cost": 0.0, "Node Type": "Seq Scan", "Plan Rows": 830, "Relation Name": "table_21", "Alias": "table_21", "Parent Relationship": "Outer", "Plan Width": 68, "Total Cost": 18.3}], "Sort Key": ["table_21.col_2"], "Plan Rows": 830, "Node Type": "Sort", "Parent Relationship": "Outer", "Plan Width": 68, "Total Cost": 60.62}, {"Startup Cost": 58.54, "Plans": [{"Startup Cost": 0.0, "Node Type": "Seq Scan", "Plan Rows": 830, "Relation Name": "table_5", "Alias": "table_5", "Parent Relationship": "Outer", "Plan Width": 68, "Total Cost": 18.3}], "Sort Key": ["table_5.col_1"], "Plan Rows": 830, "Node Type": "Sort", "Parent Relationship": "Inner", "Plan Width": 68, "Total Cost": 60.62}], "Node Type": "Merge Join", "Plan Rows": 3444, "Join Type": "Left", "Parent Relationship": "Outer", "Plan Width": 136, "Merge Cond": "(table_21.col_2 = table_5.col_1)", "Total Cost": 172.89}, {"Startup Cost": 206.35, "Plans": [{"Startup Cost": 206.35, "Plans": [{"Startup Cost": 56.58, "Plans": [{"Startup Cost": 0.0, "Node Type": "Seq Scan", "Plan Rows": 800, "Relation Name": "table_62", "Alias": "table_62", "Parent Relationship": "Outer", "Plan Width": 72, "Total Cost": 18.0}], "Sort Key": ["table_62.col_2"], "Plan Rows": 800, "Node Type": "Sort", "Parent Relationship": "Outer", "Plan Width": 72, "Total Cost": 58.58}, {"Startup Cost": 149.78, "Plans": [{"Startup Cost": 0.0, "Node Type": "Seq Scan", "Plan Rows": 2140, "Relation Name": "table_20", "Alias": "table_20", "Parent Relationship": "Outer", "Plan Width": 8, "Total Cost": 31.4}], "Sort Key": ["table_20.col_0"], "Plan Rows": 2140, "Node Type": "Sort", "Parent Relationship": "Inner", "Plan Width": 8, "Total Cost": 155.13}], "Node Type": "Merge Join", "Plan Rows": 8560, "Join Type": "Right", "Parent Relationship": "Outer", "Plan Width": 80, "Merge Cond": "(table_62.col_2 = table_20.col_0)", "Total Cost": 338.75}], "Plan Rows": 8560, "Node Type": "Materialize", "Parent Relationship": "Inner", "Plan Width": 80, "Total Cost": 381.55}], "Node Type": "Nested Loop", "Plan Rows": 147403, "Join Type": "Left", "Parent Relationship": "Outer", "Plan Width": 216, "Join Filter": "(table_21.col_1 = table_20.col_1)", "Total Cost": 442742.65}, {"Startup Cost": 0.0, "Plans": [{"Startup Cost": 0.0, "Node Type": "Seq Scan", "Plan Rows": 800, "Relation Name": "table_17", "Alias": "table_17", "Parent Relationship": "Outer", "Plan Width": 72, "Total Cost": 18.0}], "Plan Rows": 800, "Node Type": "Materialize", "Parent Relationship": "Inner", "Plan Width": 72, "Total Cost": 22.0}], "Node Type": "Nested Loop", "Plan Rows": 117922400, "Join Type": "Inner", "Parent Relationship": "Outer", "Plan Width": 288, "Total Cost": 1916792.65}, {"Startup Cost": 0.0, "Plans": [{"Startup Cost": 0.0, "Node Type": "Seq Scan", "Plan Rows": 800, "Relation Name": "table_61", "Alias": "table_61", "Parent Relationship": "Outer", "Plan Width": 72, "Total Cost": 18.0}], "Plan Rows": 800, "Node Type": "Materialize", "Parent Relationship": "Inner", "Plan Width": 72, "Total Cost": 22.0}], "Node Type": "Nested Loop", "Plan Rows": 94337920000, "Join Type": "Inner", "Parent Relationship": "Outer", "Plan Width": 360, "Total Cost": 1181140812.65}], "Sort Key": ["table_17.col_2", "table_21.col_2", "table_61.col_1"], "Plan Rows": 94337920000, "Node Type": "Sort", "Parent Relationship": "Outer", "Plan Width": 360, "Total Cost": 173386579368.73}], "Plan Rows": 94337920000, "Node Type": "Materialize", "Parent Relationship": "Inner", "Plan Width": 360, "Total Cost": 173622424168.73}], "Node Type": "Merge Join", "Plan Rows": 7648571484392, "Join Type": "Inner", "Parent Relationship": "Outer", "Plan Width": 1204, "Merge Cond": "((table_42.col_1 = table_17.col_2) AND (table_42.col_0 = table_21.col_2) AND (table_10.col_3 = table_61.col_1))", "Total Cost": 328168817333.57}, {"Startup Cost": 16.2, "Plans": [{"Startup Cost": 0.0, "Node Type": "Seq Scan", "Plan Rows": 620, "Relation Name": "table_12", "Alias": "table_12", "Parent Relationship": "Outer", "Plan Width": 100, "Total Cost": 16.2}], "Plan Rows": 620, "Node Type": "Hash", "Parent Relationship": "Inner", "Plan Width": 100, "Total Cost": 16.2}], "Node Type": "Hash Join", "Plan Rows": 23710571601615, "Join Type": "Inner", "Hash Cond": "(table_17.col_1 = table_12.col_1)", "Parent Relationship": "Outer", "Plan Width": 1304, "Total Cost": 1177160252125.03}], "Sort Key": ["table_21.col_2", "table_58.col_0", "table_17.col_3"], "Plan Rows": 23710571601615, "Node Type": "Sort", "Parent Relationship": "Outer", "Plan Width": 1304, "Total Cost": 194845401999896.62}], "Plan Rows": 23710571601615, "Node Type": "Materialize", "Parent Relationship": "Inner", "Plan Width": 1304, "Total Cost": 194904678428900.66}], "Node Type": "Merge Join", "Plan Rows": 59554269482065231872, "Join Type": "Inner", "Parent Relationship": "Outer", "Plan Width": 1484, "Merge Cond": "((table_56.col_0 = table_42.col_0) AND (table_27.col_0 = table_58.col_0) AND (table_37.col_1 = table_17.col_3))", "Total Cost": 1.1913061434059144e+18}], "Sort Key": ["table_41.col_1", "table_15.col_1", "table_44.col_0", "table_56.col_1"], "Plan Rows": 59554269482065231872, "Node Type": "Sort", "Parent Relationship": "Outer", "Plan Width": 1484, "Total Cost": 8.650421003638056e+20}], "Plan Rows": 59554269482065231872, "Node Type": "Materialize", "Parent Relationship": "Inner", "Plan Width": 1484, "Total Cost": 8.651909860375108e+20}], "Node Type": "Merge Join", "Plan Rows": 1193540449493993603989504, "Join Type": "Inner", "Parent Relationship": "Outer", "Plan Width": 1952, "Merge Cond": "((table_1.col_0 = table_41.col_1) AND (table_34.col_0 = table_15.col_1) AND (table_23.col_0 = table_44.col_0) AND (table_24.col_1 = table_56.col_1))", "Total Cost": 2.7719702309599822e+22}, {"Startup Cost": 21.0, "Plans": [{"Startup Cost": 0.0, "Node Type": "Seq Scan", "Plan Rows": 1100, "Relation Name": "table_60", "Alias": "table_60", "Parent Relationship": "Outer", "Plan Width": 44, "Total Cost": 21.0}], "Plan Rows": 1100, "Node Type": "Hash", "Parent Relationship": "Inner", "Plan Width": 44, "Total Cost": 21.0}], "Node Type": "Hash Join", "Plan Rows": 6564472472216964889051136, "Join Type": "Left", "Hash Cond": "(table_9.col_2 = table_60.col_1)", "Parent Relationship": "Outer", "Plan Width": 1996, "Total Cost": 2.604600899609286e+23}, {"Startup Cost": 18.0, "Plans": [{"Startup Cost": 0.0, "Node Type": "Seq Scan", "Plan Rows": 800, "Relation Name": "table_48", "Alias": "table_48", "Parent Relationship": "Outer", "Plan Width": 72, "Total Cost": 18.0}], "Plan Rows": 800, "Node Type": "Hash", "Parent Relationship": "Inner", "Plan Width": 72, "Total Cost": 18.0}], "Node Type": "Hash Join", "Plan Rows": 26257889888867859556204544, "Join Type": "Left", "Hash Cond": "(table_21.col_0 = table_48.col_2)", "Parent Relationship": "Outer", "Plan Width": 2068, "Total Cost": 1.1958974172518463e+24}, {"Startup Cost": 21.6, "Plans": [{"Startup Cost": 0.0, "Node Type": "Seq Scan", "Plan Rows": 1160, "Relation Name": "table_22", "Alias": "table_22", "Parent Relationship": "Outer", "Plan Width": 40, "Total Cost": 21.6}], "Plan Rows": 1160, "Node Type": "Hash", "Parent Relationship": "Inner", "Plan Width": 40, "Total Cost": 21.6}], "Node Type": "Hash Join", "Plan Rows": 152295761355433593156927488, "Join Type": "Left", "Hash Cond": "(table_34.col_1 = table_22.col_0)", "Parent Relationship": "Outer", "Plan Width": 2108, "Total Cost": 6.591893789414191e+24}, {"Startup Cost": 22.3, "Plans": [{"Startup Cost": 0.0, "Node Type": "Seq Scan", "Plan Rows": 1230, "Relation Name": "table_3", "Alias": "table_3", "Parent Relationship": "Outer", "Plan Width": 36, "Total Cost": 22.3}], "Plan Rows": 1230, "Node Type": "Hash", "Parent Relationship": "Inner", "Plan Width": 36, "Total Cost": 22.3}], "Node Type": "Hash Join", "Plan Rows": 936618932335916549811470336, "Join Type": "Left", "Hash Cond": "(table_1.col_1 = table_3.col_0)", "Parent Relationship": "Outer", "Plan Width": 2144, "Total Cost": 3.975429582455986e+25}], "Sort Key": ["table_17.col_2", "table_44.col_1", "table_10.col_1", "table_64.col_0", "table_23.col_2"], "Plan Rows": 936618932335916549811470336, "Node Type": "Sort", "Parent Relationship": "Outer", "Plan Width": 2144, "Total Cost": 2.7356098812929597e+28}], "Plan Rows": 936618932335916549811470336, "Node Type": "Materialize", "Parent Relationship": "Inner", "Plan Width": 2144, "Total Cost": 2.7358440360260435e+28}], "Node Type": "Merge Join", "Plan Rows": 568877603917091471101310974772117504, "Join Type": "Inner", "Parent Relationship": "Outer", "Plan Width": 2612, "Merge Cond": "((table_55.col_3 = table_42.col_1) AND (table_31.col_1 = table_26.col_1) AND (table_54.col_1 = table_10.col_1) AND (table_16.col_1 = table_64.col_0) AND (table_49.col_2 = table_23.col_2))", "Total Cost": 1.422196745402707e+34}, {"Startup Cost": 7877599430383.25, "Plans": [{"Startup Cost": 7877599430383.25, "Plans": [{"Startup Cost": 1291.23, "Plans": [{"Startup Cost": 1255.13, "Plans": [{"Startup Cost": 870.12, "Plans": [{"Startup Cost": 0.15, "Scan Direction": "Forward", "Plan Width": 72, "Node Type": "Index Scan", "Plan Rows": 800, "Relation Name": "table_28", "Alias": "table_28", "Parent Relationship": "Outer", "Total Cost": 56.15, "Index Name": "table_28_col_0_idx"}, {"Startup Cost": 869.97, "Plans": [{"Startup Cost": 869.97, "Plans": [{"Startup Cost": 291.89, "Plans": [{"Startup Cost": 60.52, "Plans": [{"Startup Cost": 0.0, "Node Type": "Seq Scan", "Plan Rows": 860, "Relation Name": "table_2", "Alias": "table_2", "Parent Relationship": "Outer", "Plan Width": 64, "Total Cost": 18.6}], "Sort Key": ["table_2.col_0"], "Plan Rows": 860, "Node Type": "Sort", "Parent Relationship": "Outer", "Plan Width": 64, "Total Cost": 62.67}, {"Startup Cost": 231.37, "Plans": [{"Startup Cost": 231.37, "Plans": [{"Startup Cost": 60.52, "Plans": [{"Startup Cost": 0.0, "Node Type": "Seq Scan", "Plan Rows": 860, "Relation Name": "table_25", "Alias": "table_25", "Parent Relationship": "Outer", "Plan Width": 64, "Total Cost": 18.6}], "Sort Key": ["table_25.col_0"], "Plan Rows": 860, "Node Type": "Sort", "Parent Relationship": "Outer", "Plan Width": 64, "Total Cost": 62.67}, {"Startup Cost": 170.85, "Plans": [{"Startup Cost": 170.85, "Plans": [{"Startup Cost": 85.43, "Plans": [{"Startup Cost": 0.0, "Node Type": "Seq Scan", "Plan Rows": 1230, "Relation Name": "table_46", "Alias": "table_46", "Parent Relationship": "Outer", "Plan Width": 36, "Total Cost": 22.3}], "Sort Key": ["table_46.col_1"], "Plan Rows": 1230, "Node Type": "Sort", "Parent Relationship": "Outer", "Plan Width": 36, "Total Cost": 88.5}, {"Startup Cost": 85.43, "Plans": [{"Startup Cost": 0.0, "Node Type": "Seq Scan", "Plan Rows": 1230, "Relation Name": "table_7", "Alias": "table_7", "Parent Relationship": "Outer", "Plan Width": 36, "Total Cost": 22.3}], "Sort Key": ["table_7.col_1"], "Plan Rows": 1230, "Node Type": "Sort", "Parent Relationship": "Inner", "Plan Width": 36, "Total Cost": 88.5}], "Node Type": "Merge Join", "Plan Rows": 7564, "Join Type": "Inner", "Parent Relationship": "Outer", "Plan Width": 72, "Merge Cond": "(table_46.col_1 = table_7.col_1)", "Total Cost": 290.46}], "Plan Rows": 7564, "Node Type": "Materialize", "Parent Relationship": "Inner", "Plan Width": 72, "Total Cost": 309.37}], "Node Type": "Merge Join", "Plan Rows": 32525, "Join Type": "Inner", "Parent Relationship": "Outer", "Plan Width": 136, "Merge Cond": "(table_25.col_0 = table_46.col_1)", "Total Cost": 843.15}], "Plan Rows": 32525, "Node Type": "Materialize", "Parent Relationship": "Inner", "Plan Width": 136, "Total Cost": 924.47}], "Node Type": "Merge Join", "Plan Rows": 139858, "Join Type": "Inner", "Parent Relationship": "Outer", "Plan Width": 200, "Merge Cond": "(table_2.col_0 = table_46.col_1)", "Total Cost": 3005.84}, {"Startup Cost": 578.08, "Plans": [{"Startup Cost": 578.08, "Plans": [{"Startup Cost": 56.58, "Plans": [{"Startup Cost": 0.0, "Node Type": "Seq Scan", "Plan Rows": 800, "Relation Name": "table_61", "Alias": "table_61_1", "Parent Relationship": "Outer", "Plan Width": 72, "Total Cost": 18.0}], "Sort Key": ["table_61_1.col_1"], "Plan Rows": 800, "Node Type": "Sort", "Parent Relationship": "Outer", "Plan Width": 72, "Total Cost": 58.58}, {"Startup Cost": 521.51, "Plans": [{"Startup Cost": 142.0, "Plans": [{"Startup Cost": 56.58, "Plans": [{"Startup Cost": 0.0, "Node Type": "Seq Scan", "Plan Rows": 800, "Relation Name": "table_51", "Alias": "table_51_1", "Parent Relationship": "Outer", "Plan Width": 72, "Total Cost": 18.0}], "Sort Key": ["table_51_1.col_2"], "Plan Rows": 800, "Node Type": "Sort", "Parent Relationship": "Outer", "Plan Width": 72, "Total Cost": 58.58}, {"Startup Cost": 85.43, "Plans": [{"Startup Cost": 0.0, "Node Type": "Seq Scan", "Plan Rows": 1230, "Relation Name": "table_0", "Alias": "table_0_2", "Parent Relationship": "Outer", "Plan Width": 36, "Total Cost": 22.3}], "Sort Key": ["table_0_2.col_0"], "Plan Rows": 1230, "Node Type": "Sort", "Parent Relationship": "Inner", "Plan Width": 36, "Total Cost": 88.5}], "Node Type": "Merge Join", "Plan Rows": 4920, "Join Type": "Inner", "Parent Relationship": "Outer", "Plan Width": 108, "Merge Cond": "(table_51_1.col_2 = table_0_2.col_0)", "Total Cost": 219.8}], "Sort Key": ["table_0_2.col_1"], "Plan Rows": 4920, "Node Type": "Sort", "Parent Relationship": "Inner", "Plan Width": 108, "Total Cost": 533.81}], "Node Type": "Merge Join", "Plan Rows": 19680, "Join Type": "Left", "Parent Relationship": "Outer", "Plan Width": 180, "Merge Cond": "(table_61_1.col_1 = table_0_2.col_1)", "Total Cost": 877.28}], "Plan Rows": 19680, "Node Type": "Materialize", "Parent Relationship": "Inner", "Plan Width": 180, "Total Cost": 1466.68}], "Node Type": "Nested Loop", "Plan Rows": 2752405440, "Join Type": "Inner", "Parent Relationship": "Outer", "Plan Width": 380, "Total Cost": 103079278.32}], "Plan Rows": 2752405440, "Node Type": "Materialize", "Parent Relationship": "Inner", "Plan Width": 380, "Total Cost": 109960291.92}], "Node Type": "Merge Join", "Plan Rows": 11009621760, "Join Type": "Right", "Parent Relationship": "Outer", "Plan Width": 452, "Merge Cond": "(table_28.col_0 = table_25.col_0)", "Total Cost": 268223662.87}, {"Startup Cost": 290.46, "Plans": [{"Startup Cost": 170.85, "Plans": [{"Startup Cost": 85.43, "Plans": [{"Startup Cost": 0.0, "Node Type": "Seq Scan", "Plan Rows": 1230, "Relation Name": "table_0", "Alias": "table_0", "Parent Relationship": "Outer", "Plan Width": 36, "Total Cost": 22.3}], "Sort Key": ["table_0.col_1"], "Plan Rows": 1230, "Node Type": "Sort", "Parent Relationship": "Outer", "Plan Width": 36, "Total Cost": 88.5}, {"Startup Cost": 85.43, "Plans": [{"Startup Cost": 0.0, "Node Type": "Seq Scan", "Plan Rows": 1230, "Relation Name": "table_57", "Alias": "table_57", "Parent Relationship": "Outer", "Plan Width": 36, "Total Cost": 22.3}], "Sort Key": ["table_57.col_0"], "Plan Rows": 1230, "Node Type": "Sort", "Parent Relationship": "Inner", "Plan Width": 36, "Total Cost": 88.5}], "Node Type": "Merge Join", "Plan Rows": 7564, "Join Type": "Inner", "Parent Relationship": "Outer", "Plan Width": 72, "Merge Cond": "(table_0.col_1 = table_57.col_0)", "Total Cost": 290.46}], "Plan Rows": 7564, "Node Type": "Hash", "Parent Relationship": "Inner", "Plan Width": 72, "Total Cost": 290.46}], "Node Type": "Hash Join", "Plan Rows": 416383894963, "Join Type": "Inner", "Hash Cond": "(table_46.col_0 = table_0.col_0)", "Parent Relationship": "Outer", "Plan Width": 524, "Total Cost": 14863679615.12}, {"Startup Cost": 21.6, "Plans": [{"Startup Cost": 0.0, "Node Type": "Seq Scan", "Plan Rows": 1160, "Relation Name": "table_53", "Alias": "table_53", "Parent Relationship": "Outer", "Plan Width": 40, "Total Cost": 21.6}], "Plan Rows": 1160, "Node Type": "Hash", "Parent Relationship": "Inner", "Plan Width": 40, "Total Cost": 21.6}], "Node Type": "Hash Join", "Plan Rows": 2415026590785, "Join Type": "Left", "Hash Cond": "(table_0_2.col_0 = table_53.col_0)", "Parent Relationship": "Outer", "Plan Width": 564, "Total Cost": 100430570066.11}], "Sort Key": ["table_0.col_1"], "Plan Rows": 2415026590785, "Node Type": "Sort", "Parent Relationship": "Outer", "Plan Width": 564, "Total Cost": 7883636996860.21}], "Plan Rows": 2415026590785, "Node Type": "Materialize", "Parent Relationship": "Inner", "Plan Width": 564, "Total Cost": 7889674563337.17}], "Node Type": "Merge Join", "Plan Rows": 6869272701809164491815770735995330956558860288, "Join Type": "Inner", "Parent Relationship": "Outer", "Plan Width": 3176, "Merge Cond": "(table_42.col_1 = table_0.col_1)", "Total Cost": 1.0303909054278163e+44}, {"Startup Cost": 21.6, "Plans": [{"Startup Cost": 0.0, "Node Type": "Seq Scan", "Plan Rows": 1160, "Relation Name": "table_50", "Alias": "table_50", "Parent Relationship": "Outer", "Plan Width": 40, "Total Cost": 21.6}], "Plan Rows": 1160, "Node Type": "Hash", "Parent Relationship": "Inner", "Plan Width": 40, "Total Cost": 21.6}], "Plan Rows": 39841781670493157348423030862169363439469723648, "Node Type": "Hash Join", "Join Type": "Right", "Hash Cond": "(table_61.col_0 = table_50.col_2)", "Plan Width": 3216, "Total Cost": 1.514674630764565e+45}}]