[{"Plan": {"Startup Cost": 6.511337080576501e+25, "Plans": [{"Startup Cost": 6.511337080576501e+25, "Plans": [{"Startup Cost": 6.5113370778254125e+25, "Plans": [{"Startup Cost": 8.62451560892221e+23, "Plans": [{"Startup Cost": 100343022216762.05, "Plans": [{"Startup Cost": 100343022216762.05, "Plans": [{"Startup Cost": 100343022216703.89, "Plans": [{"Startup Cost": 100343022216703.89, "Plans": [{"Startup Cost": 1019367774.76, "Plans": [{"Startup Cost": 0.0, "Plans": [{"Startup Cost": 0.0, "Plans": [{"Startup Cost": 0.0, "Node Type": "Seq Scan", "Plan Rows": 1230, "Relation Name": "table_5", "Alias": "table_5", "Parent Relationship": "Outer", "Plan Width": 36, "Total Cost": 22.3}, {"Startup Cost": 0.0, "Plans": [{"Startup Cost": 0.0, "Node Type": "Seq Scan", "Plan Rows": 640, "Relation Name": "table_59", "Alias": "table_59", "Parent Relationship": "Outer", "Plan Width": 96, "Total Cost": 16.4}], "Plan Rows": 640, "Node Type": "Materialize", "Parent Relationship": "Inner", "Plan Width": 96, "Total Cost": 19.6}], "Node Type": "Nested Loop", "Plan Rows": 787200, "Join Type": "Inner", "Parent Relationship": "Outer", "Plan Width": 132, "Total Cost": 9880.3}, {"Startup Cost": 0.0, "Plans": [{"Startup Cost": 0.0, "Node Type": "Seq Scan", "Plan Rows": 1940, "Relation Name": "table_48", "Alias": "table_48", "Parent Relationship": "Outer", "Plan Width": 12, "Total Cost": 29.4}], "Plan Rows": 1940, "Node Type": "Materialize", "Parent Relationship": "Inner", "Plan Width": 12, "Total Cost": 39.1}], "Node Type": "Nested Loop", "Plan Rows": 1527168000, "Join Type": "Inner", "Parent Relationship": "Outer", "Plan Width": 144, "Total Cost": 19099514.55}], "Sort Key": ["table_5.col_0", "table_59.col_0", "table_48.col_1"], "Plan Rows": 1527168000, "Node Type": "Sort", "Parent Relationship": "Outer", "Plan Width": 144, "Total Cost": 1023185694.76}, {"Startup Cost": 100342002848929.12, "Plans": [{"Startup Cost": 100342002848929.12, "Plans": [{"Startup Cost": 316154656794.76, "Plans": [{"Startup Cost": 7380.88, "Plans": [{"Startup Cost": 1054.72, "Plans": [{"Startup Cost": 58.54, "Plans": [{"Startup Cost": 0.0, "Node Type": "Seq Scan", "Plan Rows": 830, "Relation Name": "table_57", "Alias": "table_57", "Parent Relationship": "Outer", "Plan Width": 68, "Total Cost": 18.3}], "Sort Key": ["table_57.col_0"], "Plan Rows": 830, "Node Type": "Sort", "Parent Relationship": "Outer", "Plan Width": 68, "Total Cost": 60.62}, {"Startup Cost": 996.17, "Plans": [{"Startup Cost": 199.76, "Plans": [{"Startup Cost": 76.57, "Plans": [{"Startup Cost": 0.0, "Node Type": "Seq Scan", "Plan Rows": 1100, "Relation Name": "table_58", "Alias": "table_58", "Parent Relationship": "Outer", "Plan Width": 44, "Total Cost": 21.0}], "Sort Key": ["table_58.col_0"], "Plan Rows": 1100, "Node Type": "Sort", "Parent Relationship": "Outer", "Plan Width": 44, "Total Cost": 79.32}, {"Startup Cost": 123.19, "Plans": [{"Startup Cost": 0.0, "Node Type": "Seq Scan", "Plan Rows": 1770, "Relation Name": "table_21", "Alias": "table_21", "Parent Relationship": "Outer", "Plan Width": 16, "Total Cost": 27.7}], "Sort Key": ["table_21.col_2"], "Plan Rows": 1770, "Node Type": "Sort", "Parent Relationship": "Inner", "Plan Width": 16, "Total Cost": 127.61}], "Node Type": "Merge Join", "Plan Rows": 9735, "Join Type": "Inner", "Parent Relationship": "Outer", "Plan Width": 60, "Merge Cond": "(table_58.col_0 = table_21.col_2)", "Total Cost": 351.28}], "Sort Key": ["table_21.col_0"], "Plan Rows": 9735, "Node Type": "Sort", "Parent Relationship": "Inner", "Plan Width": 60, "Total Cost": 1020.51}], "Node Type": "Merge Join", "Plan Rows": 40400, "Join Type": "Right", "Parent Relationship": "Outer", "Plan Width": 128, "Merge Cond": "(table_57.col_0 = table_21.col_0)", "Total Cost": 1664.87}], "Sort Key": ["table_58.col_0"], "Plan Rows": 40400, "Node Type": "Sort", "Parent Relationship": "Outer", "Plan Width": 128, "Total Cost": 7481.88}, {"Startup Cost": 316154649413.87, "Plans": [{"Startup Cost": 316154649413.87, "Plans": [{"Startup Cost": 259.89, "Plans": [{"Startup Cost": 58.54, "Plans": [{"Startup Cost": 0.0, "Node Type": "Seq Scan", "Plan Rows": 830, "Relation Name": "table_24", "Alias": "table_24", "Parent Relationship": "Outer", "Plan Width": 68, "Total Cost": 18.3}], "Sort Key": ["table_24.col_2"], "Plan Rows": 830, "Node Type": "Sort", "Parent Relationship": "Outer", "Plan Width": 68, "Total Cost": 60.62}, {"Startup Cost": 201.35, "Plans": [{"Startup Cost": 201.35, "Plans": [{"Startup Cost": 201.35, "Plans": [{"Startup Cost": 46.23, "Plans": [{"Startup Cost": 0.0, "Node Type": "Seq Scan", "Plan Rows": 640, "Relation Name": "table_35", "Alias": "table_35", "Parent Relationship": "Outer", "Plan Width": 96, "Total Cost": 16.4}], "Sort Key": ["table_35.col_0"], "Plan Rows": 640, "Node Type": "Sort", "Parent Relationship": "Outer", "Plan Width": 96, "Total Cost": 47.83}, {"Startup Cost": 155.12, "Plans": [{"Startup Cost": 155.12, "Plans": [{"Startup Cost": 96.58, "Plans": [{"Startup Cost": 38.04, "Plans": [{"Startup Cost": 0.0, "Node Type": "Seq Scan", "Plan Rows": 510, "Relation Name": "table_50", "Alias": "table_50", "Parent Relationship": "Outer", "Plan Width": 128, "Total Cost": 15.1}], "Sort Key": ["table_50.col_0"], "Plan Rows": 510, "Node Type": "Sort", "Parent Relationship": "Outer", "Plan Width": 128, "Total Cost": 39.31}, {"Startup Cost": 58.54, "Plans": [{"Startup Cost": 0.0, "Node Type": "Seq Scan", "Plan Rows": 830, "Relation Name": "table_0", "Alias": "table_0", "Parent Relationship": "Outer", "Plan Width": 68, "Total Cost": 18.3}], "Sort Key": ["table_0.col_1"], "Plan Rows": 830, "Node Type": "Sort", "Parent Relationship": "Inner", "Plan Width": 68, "Total Cost": 60.62}], "Node Type": "Merge Join", "Plan Rows": 2116, "Join Type": "Inner", "Parent Relationship": "Outer", "Plan Width": 196, "Merge Cond": "(table_50.col_0 = table_0.col_1)", "Total Cost": 130.87}, {"Startup Cost": 58.54, "Plans": [{"Startup Cost": 0.0, "Node Type": "Seq Scan", "Plan Rows": 830, "Relation Name": "table_18", "Alias": "table_18", "Parent Relationship": "Outer", "Plan Width": 68, "Total Cost": 18.3}], "Sort Key": ["table_18.col_1"], "Plan Rows": 830, "Node Type": "Sort", "Parent Relationship": "Inner", "Plan Width": 68, "Total Cost": 60.62}], "Node Type": "Merge Join", "Plan Rows": 8781, "Join Type": "Inner", "Parent Relationship": "Outer", "Plan Width": 264, "Merge Cond": "(table_0.col_1 = table_18.col_1)", "Total Cost": 326.42}], "Plan Rows": 8781, "Node Type": "Materialize", "Parent Relationship": "Inner", "Plan Width": 264, "Total Cost": 348.37}], "Node Type": "Merge Join", "Plan Rows": 28099, "Join Type": "Inner", "Parent Relationship": "Outer", "Plan Width": 360, "Merge Cond": "(table_35.col_0 = table_0.col_1)", "Total Cost": 797.33}, {"Startup Cost": 0.0, "Plans": [{"Startup Cost": 0.0, "Node Type": "Seq Scan", "Plan Rows": 1230, "Relation Name": "table_28", "Alias": "table_28", "Parent Relationship": "Outer", "Plan Width": 36, "Total Cost": 22.3}, {"Startup Cost": 0.0, "Plans": [{"Startup Cost": 0.0, "Node Type": "Seq Scan", "Plan Rows": 860, "Relation Name": "table_53", "Alias": "table_53", "Parent Relationship": "Outer", "Plan Width": 64, "Total Cost": 18.6}], "Plan Rows": 860, "Node Type": "Materialize", "Parent Relationship": "Inner", "Plan Width": 64, "Total Cost": 22.9}], "Node Type": "Nested Loop", "Plan Rows": 1057800, "Join Type": "Inner", "Parent Relationship": "Inner", "Plan Width": 100, "Total Cost": 13265.55}], "Node Type": "Nested Loop", "Plan Rows": 29723122200, "Join Type": "Inner", "Parent Relationship": "Outer", "Plan Width": 460, "Total Cost": 669980708.78}], "Plan Rows": 29723122200, "Node Type": "Materialize", "Parent Relationship": "Inner", "Plan Width": 460, "Total Cost": 744288514.28}], "Node Type": "Merge Join", "Plan Rows": 123350957130, "Join Type": "Right", "Parent Relationship": "Outer", "Plan Width": 528, "Merge Cond": "(table_24.col_2 = table_0.col_1)", "Total Cost": 2520245128.42}], "Sort Key": ["table_0.col_0"], "Plan Rows": 123350957130, "Node Type": "Sort", "Parent Relationship": "Outer", "Plan Width": 528, "Total Cost": 316463026806.7}], "Plan Rows": 123350957130, "Node Type": "Materialize", "Parent Relationship": "Inner", "Plan Width": 528, "Total Cost": 316771404199.52}], "Node Type": "Merge Join", "Plan Rows": 24916893340260, "Join Type": "Inner", "Parent Relationship": "Outer", "Plan Width": 656, "Merge Cond": "(table_21.col_2 = table_0.col_0)", "Total Cost": 690216434493.48}], "Sort Key": ["table_53.col_1", "table_35.col_1", "table_58.col_1"], "Plan Rows": 24916893340260, "Node Type": "Sort", "Parent Relationship": "Outer", "Plan Width": 656, "Total Cost": 100404295082279.78}], "Plan Rows": 24916893340260, "Node Type": "Materialize", "Parent Relationship": "Inner", "Plan Width": 656, "Total Cost": 100466587315630.44}], "Node Type": "Merge Join", "Plan Rows": 4756535271082274, "Join Type": "Inner", "Parent Relationship": "Outer", "Plan Width": 800, "Merge Cond": "((table_5.col_0 = table_53.col_1) AND (table_59.col_0 = table_35.col_1) AND (table_48.col_1 = table_58.col_1))", "Total Cost": 195536035143380.03}, {"Startup Cost": 0.0, "Plans": [{"Startup Cost": 0.0, "Node Type": "Seq Scan", "Plan Rows": 1940, "Relation Name": "table_63", "Alias": "table_63", "Parent Relationship": "Outer", "Plan Width": 12, "Total Cost": 29.4}], "Plan Rows": 1940, "Node Type": "Materialize", "Parent Relationship": "Inner", "Plan Width": 12, "Total Cost": 39.1}], "Node Type": "Nested Loop", "Plan Rows": 9227678425899612160, "Join Type": "Inner", "Parent Relationship": "Outer", "Plan Width": 812, "Total Cost": 1.1554151635888856e+17}, {"Startup Cost": 31.4, "Plans": [{"Startup Cost": 0.0, "Node Type": "Seq Scan", "Plan Rows": 2140, "Relation Name": "table_49", "Alias": "table_49", "Parent Relationship": "Outer", "Plan Width": 8, "Total Cost": 31.4}], "Plan Rows": 2140, "Node Type": "Hash", "Parent Relationship": "Inner", "Plan Width": 8, "Total Cost": 31.4}], "Node Type": "Hash Join", "Plan Rows": 98736159157125857280, "Join Type": "Inner", "Hash Cond": "(table_21.col_3 = table_49.col_1)", "Parent Relationship": "Outer", "Plan Width": 820, "Total Cost": 3.5943762829230423e+18}, {"Startup Cost": 0.0, "Plans": [{"Startup Cost": 0.0, "Node Type": "Seq Scan", "Plan Rows": 830, "Relation Name": "table_52", "Alias": "table_52", "Parent Relationship": "Outer", "Plan Width": 68, "Total Cost": 18.3}], "Plan Rows": 830, "Node Type": "Materialize", "Parent Relationship": "Inner", "Plan Width": 68, "Total Cost": 22.45}], "Node Type": "Nested Loop", "Plan Rows": 81951012100414466162688, "Join Type": "Inner", "Parent Relationship": "Outer", "Plan Width": 888, "Total Cost": 1.0279820275381039e+21}], "Sort Key": ["table_52.col_1", "table_0.col_2", "table_35.col_0", "table_53.col_1", "table_63.col_1", "table_28.col_1", "table_18.col_2"], "Plan Rows": 81951012100414466162688, "Node Type": "Sort", "Parent Relationship": "Outer", "Plan Width": 888, "Total Cost": 8.62656438422472e+23}, {"Startup Cost": 6.425091921736191e+25, "Plans": [{"Startup Cost": 6.425091921736191e+25, "Plans": [{"Startup Cost": 1.9964898330375274e+17, "Plans": [{"Startup Cost": 1.9964898330375267e+17, "Plans": [{"Startup Cost": 1.9964898330375264e+17, "Plans": [{"Startup Cost": 1.996489833037526e+17, "Plans": [{"Startup Cost": 1.9964898330375258e+17, "Plans": [{"Startup Cost": 1562015486972.63, "Plans": [{"Startup Cost": 606068.35, "Plans": [{"Startup Cost": 606033.6, "Plans": [{"Startup Cost": 605995.92, "Plans": [{"Startup Cost": 605961.17, "Plans": [{"Startup Cost": 350112.74, "Plans": [{"Startup Cost": 596.07, "Plans": [{"Startup Cost": 559.97, "Plans": [{"Startup Cost": 80.64, "Plans": [{"Startup Cost": 0.0, "Node Type": "Seq Scan", "Plan Rows": 1160, "Relation Name": "table_44", "Alias": "table_44", "Parent Relationship": "Outer", "Plan Width": 40, "Total Cost": 21.6}], "Sort Key": ["table_44.col_0"], "Plan Rows": 1160, "Node Type": "Sort", "Parent Relationship": "Outer", "Plan Width": 40, "Total Cost": 83.54}, {"Startup Cost": 479.33, "Plans": [{"Startup Cost": 479.33, "Plans": [{"Startup Cost": 80.64, "Plans": [{"Startup Cost": 0.0, "Node Type": "Seq Scan", "Plan Rows": 1160, "Relation Name": "table_40", "Alias": "table_40", "Parent Relationship": "Outer", "Plan Width": 40, "Total Cost": 21.6}], "Sort Key": ["table_40.col_0"], "Plan Rows": 1160, "Node Type": "Sort", "Parent Relationship": "Outer", "Plan Width": 40, "Total Cost": 83.54}, {"Startup Cost": 398.68, "Plans": [{"Startup Cost": 29.35, "Plans": [{"Startup Cost": 0.0, "Node Type": "Seq Scan", "Plan Rows": 860, "Relation Name": "table_30", "Alias": "table_30", "Parent Relationship": "Outer", "Plan Width": 64, "Total Cost": 18.6}, {"Startup Cost": 18.6, "Plans": [{"Startup Cost": 0.0, "Node Type": "Seq Scan", "Plan Rows": 860, "Relation Name": "table_17", "Alias": "table_17", "Parent Relationship": "Outer", "Plan Width": 64, "Total Cost": 18.6}], "Plan Rows": 860, "Node Type": "Hash", "Parent Relationship": "Inner", "Plan Width": 64, "Total Cost": 18.6}], "Node Type": "Hash Join", "Plan Rows": 3698, "Join Type": "Left", "Hash Cond": "(table_30.col_1 = table_17.col_0)", "Parent Relationship": "Outer", "Plan Width": 128, "Total Cost": 179.53}], "Sort Key": ["table_30.col_0"], "Plan Rows": 3698, "Node Type": "Sort", "Parent Relationship": "Inner", "Plan Width": 128, "Total Cost": 407.93}], "Node Type": "Merge Join", "Plan Rows": 21448, "Join Type": "Inner", "Parent Relationship": "Outer", "Plan Width": 168, "Merge Cond": "(table_40.col_0 = table_30.col_0)", "Total Cost": 806.85}], "Plan Rows": 21448, "Node Type": "Materialize", "Parent Relationship": "Inner", "Plan Width": 168, "Total Cost": 860.47}], "Node Type": "Merge Join", "Plan Rows": 124398, "Join Type": "Inner", "Parent Relationship": "Outer", "Plan Width": 208, "Merge Cond": "(table_44.col_0 = table_40.col_0)", "Total Cost": 2759.26}, {"Startup Cost": 21.6, "Plans": [{"Startup Cost": 0.0, "Node Type": "Seq Scan", "Plan Rows": 1160, "Relation Name": "table_26", "Alias": "table_26", "Parent Relationship": "Outer", "Plan Width": 40, "Total Cost": 21.6}], "Plan Rows": 1160, "Node Type": "Hash", "Parent Relationship": "Inner", "Plan Width": 40, "Total Cost": 21.6}], "Node Type": "Hash Join", "Plan Rows": 721508, "Join Type": "Left", "Hash Cond": "(table_30.col_1 = table_26.col_2)", "Parent Relationship": "Outer", "Plan Width": 248, "Total Cost": 28359.15}], "Sort Key": ["table_40.col_2"], "Plan Rows": 721508, "Node Type": "Sort", "Parent Relationship": "Outer", "Plan Width": 248, "Total Cost": 351916.51}, {"Startup Cost": 255848.43, "Plans": [{"Startup Cost": 255848.43, "Plans": [{"Startup Cost": 0.0, "Plans": [{"Startup Cost": 0.0, "Node Type": "Seq Scan", "Plan Rows": 1100, "Relation Name": "table_32", "Alias": "table_32", "Parent Relationship": "Outer", "Plan Width": 44, "Total Cost": 21.0}, {"Startup Cost": 0.0, "Plans": [{"Startup Cost": 0.0, "Node Type": "Seq Scan", "Plan Rows": 800, "Relation Name": "table_23", "Alias": "table_23", "Parent Relationship": "Outer", "Plan Width": 72, "Total Cost": 18.0}], "Plan Rows": 800, "Node Type": "Materialize", "Parent Relationship": "Inner", "Plan Width": 72, "Total Cost": 22.0}], "Node Type": "Nested Loop", "Plan Rows": 880000, "Join Type": "Inner", "Parent Relationship": "Outer", "Plan Width": 116, "Total Cost": 11041.0}], "Sort Key": ["table_23.col_1"], "Plan Rows": 880000, "Node Type": "Sort", "Parent Relationship": "Outer", "Plan Width": 116, "Total Cost": 258048.43}], "Plan Rows": 880000, "Node Type": "Materialize", "Parent Relationship": "Inner", "Plan Width": 116, "Total Cost": 260248.43}], "Node Type": "Merge Join", "Plan Rows": 3174635200, "Join Type": "Inner", "Parent Relationship": "Outer", "Plan Width": 364, "Merge Cond": "(table_40.col_2 = table_23.col_1)", "Total Cost": 48231296.71}, {"Startup Cost": 21.0, "Plans": [{"Startup Cost": 0.0, "Node Type": "Seq Scan", "Plan Rows": 1100, "Relation Name": "table_15", "Alias": "table_15", "Parent Relationship": "Outer", "Plan Width": 44, "Total Cost": 21.0}], "Plan Rows": 1100, "Node Type": "Hash", "Parent Relationship": "Inner", "Plan Width": 44, "Total Cost": 21.0}], "Node Type": "Hash Join", "Plan Rows": 17460493600, "Join Type": "Inner", "Hash Cond": "(table_40.col_1 = table_15.col_1)", "Parent Relationship": "Outer", "Plan Width": 408, "Total Cost": 667285195.46}, {"Startup Cost": 22.3, "Plans": [{"Startup Cost": 0.0, "Node Type": "Seq Scan", "Plan Rows": 1230, "Relation Name": "table_37", "Alias": "table_37", "Parent Relationship": "Outer", "Plan Width": 36, "Total Cost": 22.3}], "Plan Rows": 1230, "Node Type": "Hash", "Parent Relationship": "Inner", "Plan Width": 36, "Total Cost": 22.3}], "Node Type": "Hash Join", "Plan Rows": 107382035640, "Join Type": "Left", "Hash Cond": "(table_23.col_3 = table_37.col_0)", "Parent Relationship": "Outer", "Plan Width": 444, "Total Cost": 4469307714.54}, {"Startup Cost": 21.0, "Plans": [{"Startup Cost": 0.0, "Node Type": "Seq Scan", "Plan Rows": 1100, "Relation Name": "table_6", "Alias": "table_6", "Parent Relationship": "Outer", "Plan Width": 44, "Total Cost": 21.0}], "Plan Rows": 1100, "Node Type": "Hash", "Parent Relationship": "Inner", "Plan Width": 44, "Total Cost": 21.0}], "Node Type": "Hash Join", "Plan Rows": 590601196020, "Join Type": "Inner", "Hash Cond": "(table_40.col_0 = table_6.col_1)", "Parent Relationship": "Outer", "Plan Width": 488, "Total Cost": 25408804699.09}], "Sort Key": ["table_6.col_1", "table_40.col_2", "table_32.col_2"], "Plan Rows": 590601196020, "Node Type": "Sort", "Parent Relationship": "Outer", "Plan Width": 488, "Total Cost": 1563491989962.68}, {"Startup Cost": 1.996474212882656e+17, "Plans": [{"Startup Cost": 1.996474212882656e+17, "Plans": [{"Startup Cost": 4510.57, "Plans": [{"Startup Cost": 4457.94, "Plans": [{"Startup Cost": 4457.94, "Plans": [{"Startup Cost": 4401.37, "Plans": [{"Startup Cost": 4401.37, "Plans": [{"Startup Cost": 4356.41, "Plans": [{"Startup Cost": 4295.89, "Plans": [{"Startup Cost": 472.12, "Plans": [{"Startup Cost": 85.43, "Plans": [{"Startup Cost": 0.0, "Node Type": "Seq Scan", "Plan Rows": 1230, "Relation Name": "table_60", "Alias": "table_60", "Parent Relationship": "Outer", "Plan Width": 36, "Total Cost": 22.3}], "Sort Key": ["table_60.col_0"], "Plan Rows": 1230, "Node Type": "Sort", "Parent Relationship": "Outer", "Plan Width": 36, "Total Cost": 88.5}, {"Startup Cost": 386.69, "Plans": [{"Startup Cost": 23.95, "Plans": [{"Startup Cost": 0.0, "Node Type": "Seq Scan", "Plan Rows": 1160, "Relation Name": "table_10", "Alias": "table_10", "Parent Relationship": "Outer", "Plan Width": 40, "Total Cost": 21.6}, {"Startup Cost": 16.2, "Plans": [{"Startup Cost": 0.0, "Node Type": "Seq Scan", "Plan Rows": 620, "Relation Name": "table_20", "Alias": "table_20", "Parent Relationship": "Outer", "Plan Width": 100, "Total Cost": 16.2}], "Plan Rows": 620, "Node Type": "Hash", "Parent Relationship": "Inner", "Plan Width": 100, "Total Cost": 16.2}], "Node Type": "Hash Join", "Plan Rows": 3596, "Join Type": "Inner", "Hash Cond": "(table_10.col_0 = table_20.col_1)", "Parent Relationship": "Outer", "Plan Width": 140, "Total Cost": 174.31}], "Sort Key": ["table_20.col_3"], "Plan Rows": 3596, "Node Type": "Sort", "Parent Relationship": "Inner", "Plan Width": 140, "Total Cost": 395.68}], "Node Type": "Merge Join", "Plan Rows": 22115, "Join Type": "Inner", "Parent Relationship": "Outer", "Plan Width": 176, "Merge Cond": "(table_60.col_0 = table_20.col_3)", "Total Cost": 809.99}], "Sort Key": ["table_20.col_1"], "Plan Rows": 22115, "Node Type": "Sort", "Parent Relationship": "Outer", "Plan Width": 176, "Total Cost": 4351.18}, {"Startup Cost": 60.52, "Plans": [{"Startup Cost": 0.0, "Node Type": "Seq Scan", "Plan Rows": 860, "Relation Name": "table_38", "Alias": "table_38", "Parent Relationship": "Outer", "Plan Width": 64, "Total Cost": 18.6}], "Sort Key": ["table_38.col_0"], "Plan Rows": 860, "Node Type": "Sort", "Parent Relationship": "Inner", "Plan Width": 64, "Total Cost": 62.67}], "Node Type": "Merge Join", "Plan Rows": 95094, "Join Type": "Left", "Parent Relationship": "Outer", "Plan Width": 240, "Merge Cond": "(table_10.col_0 = table_38.col_0)", "Total Cost": 5893.4}, {"Startup Cost": 44.96, "Plans": [{"Startup Cost": 0.0, "Node Type": "Seq Scan", "Plan Rows": 620, "Relation Name": "table_8", "Alias": "table_8", "Parent Relationship": "Outer", "Plan Width": 100, "Total Cost": 16.2}], "Sort Key": ["table_8.col_0"], "Plan Rows": 620, "Node Type": "Sort", "Parent Relationship": "Inner", "Plan Width": 100, "Total Cost": 46.51}], "Node Type": "Merge Join", "Plan Rows": 294791, "Join Type": "Inner", "Parent Relationship": "Outer", "Plan Width": 340, "Merge Cond": "(table_10.col_0 = table_8.col_0)", "Total Cost": 10597.95}, {"Startup Cost": 0.0, "Plans": [{"Startup Cost": 0.0, "Node Type": "Seq Scan", "Plan Rows": 620, "Relation Name": "table_31", "Alias": "table_31", "Parent Relationship": "Outer", "Plan Width": 100, "Total Cost": 16.2}], "Plan Rows": 620, "Node Type": "Materialize", "Parent Relationship": "Inner", "Plan Width": 100, "Total Cost": 19.3}], "Node Type": "Nested Loop", "Plan Rows": 182770420, "Join Type": "Inner", "Parent Relationship": "Outer", "Plan Width": 440, "Total Cost": 2295245.95}, {"Startup Cost": 56.58, "Plans": [{"Startup Cost": 0.0, "Node Type": "Seq Scan", "Plan Rows": 800, "Relation Name": "table_14", "Alias": "table_14", "Parent Relationship": "Outer", "Plan Width": 72, "Total Cost": 18.0}], "Sort Key": ["table_14.col_0"], "Plan Rows": 800, "Node Type": "Sort", "Parent Relationship": "Inner", "Plan Width": 72, "Total Cost": 58.58}], "Node Type": "Merge Join", "Plan Rows": 3655408, "Join Type": "Inner", "Parent Relationship": "Outer", "Plan Width": 512, "Join Filter": "(table_31.col_0 = table_14.col_3)", "Merge Cond": "(table_10.col_0 = table_14.col_0)", "Total Cost": 15546157.98}, {"Startup Cost": 0.0, "Plans": [{"Startup Cost": 0.0, "Node Type": "Seq Scan", "Plan Rows": 1160, "Relation Name": "table_64", "Alias": "table_64", "Parent Relationship": "Outer", "Plan Width": 40, "Total Cost": 21.6}], "Plan Rows": 1160, "Node Type": "Materialize", "Parent Relationship": "Inner", "Plan Width": 40, "Total Cost": 27.4}], "Node Type": "Nested Loop", "Plan Rows": 4240273280, "Join Type": "Inner", "Parent Relationship": "Outer", "Plan Width": 552, "Total Cost": 68549598.48}, {"Startup Cost": 52.62, "Plans": [{"Startup Cost": 52.62, "Plans": [{"Startup Cost": 28.68, "Plans": [{"Startup Cost": 0.0, "Node Type": "Seq Scan", "Plan Rows": 830, "Relation Name": "table_54", "Alias": "table_54", "Parent Relationship": "Outer", "Plan Width": 68, "Total Cost": 18.3}, {"Startup Cost": 18.3, "Plans": [{"Startup Cost": 0.0, "Node Type": "Seq Scan", "Plan Rows": 830, "Relation Name": "table_4", "Alias": "table_4", "Parent Relationship": "Outer", "Plan Width": 68, "Total Cost": 18.3}], "Plan Rows": 830, "Node Type": "Hash", "Parent Relationship": "Inner", "Plan Width": 68, "Total Cost": 18.3}], "Node Type": "Hash Join", "Plan Rows": 3444, "Join Type": "Inner", "Hash Cond": "(table_54.col_1 = table_4.col_1)", "Parent Relationship": "Outer", "Plan Width": 136, "Total Cost": 169.6}, {"Startup Cost": 16.2, "Plans": [{"Startup Cost": 0.0, "Node Type": "Seq Scan", "Plan Rows": 620, "Relation Name": "table_41", "Alias": "table_41", "Parent Relationship": "Outer", "Plan Width": 100, "Total Cost": 16.2}], "Plan Rows": 620, "Node Type": "Hash", "Parent Relationship": "Inner", "Plan Width": 100, "Total Cost": 16.2}], "Node Type": "Hash Join", "Plan Rows": 10676, "Join Type": "Inner", "Hash Cond": "(table_54.col_0 = table_41.col_3)", "Parent Relationship": "Outer", "Plan Width": 236, "Total Cost": 575.83}, {"Startup Cost": 0.0, "Plans": [{"Startup Cost": 0.0, "Node Type": "Seq Scan", "Plan Rows": 640, "Relation Name": "table_42", "Alias": "table_42", "Parent Relationship": "Outer", "Plan Width": 96, "Total Cost": 16.4}], "Plan Rows": 640, "Node Type": "Materialize", "Parent Relationship": "Inner", "Plan Width": 96, "Total Cost": 19.6}], "Node Type": "Nested Loop", "Plan Rows": 6832640, "Join Type": "Inner", "Parent Relationship": "Inner", "Plan Width": 332, "Total Cost": 86001.83}], "Node Type": "Nested Loop", "Plan Rows": 28972260823859200, "Join Type": "Inner", "Parent Relationship": "Outer", "Plan Width": 884, "Total Cost": 654393949168976.1}], "Sort Key": ["table_42.col_1", "table_10.col_2", "table_10.col_1"], "Plan Rows": 28972260823859200, "Node Type": "Sort", "Parent Relationship": "Outer", "Plan Width": 884, "Total Cost": 1.9971985194032525e+17}], "Plan Rows": 28972260823859200, "Node Type": "Materialize", "Parent Relationship": "Inner", "Plan Width": 884, "Total Cost": 1.997922825923849e+17}], "Node Type": "Merge Join", "Plan Rows": 2138881486746829717504, "Join Type": "Inner", "Parent Relationship": "Outer", "Plan Width": 1372, "Merge Cond": "((table_40.col_0 = table_42.col_1) AND (table_40.col_2 = table_10.col_2) AND (table_32.col_2 = table_10.col_1))", "Total Cost": 4.297735115479842e+19}, {"Startup Cost": 18.3, "Plans": [{"Startup Cost": 0.0, "Node Type": "Seq Scan", "Plan Rows": 830, "Relation Name": "table_33", "Alias": "table_33", "Parent Relationship": "Outer", "Plan Width": 68, "Total Cost": 18.3}], "Plan Rows": 830, "Node Type": "Hash", "Parent Relationship": "Inner", "Plan Width": 68, "Total Cost": 18.3}], "Node Type": "Hash Join", "Plan Rows": 8876358169999343353856, "Join Type": "Inner", "Hash Cond": "(table_54.col_1 = table_33.col_2)", "Parent Relationship": "Outer", "Plan Width": 1440, "Total Cost": 3.589970908216425e+20}, {"Startup Cost": 22.3, "Plans": [{"Startup Cost": 0.0, "Node Type": "Seq Scan", "Plan Rows": 1230, "Relation Name": "table_29", "Alias": "table_29", "Parent Relationship": "Outer", "Plan Width": 36, "Total Cost": 22.3}], "Plan Rows": 1230, "Node Type": "Hash", "Parent Relationship": "Inner", "Plan Width": 36, "Total Cost": 22.3}], "Node Type": "Hash Join", "Plan Rows": 54589602745495960158208, "Join Type": "Left", "Hash Cond": "(table_15.col_0 = table_29.col_0)", "Parent Relationship": "Outer", "Plan Width": 1476, "Total Cost": 2.2918240823389994e+21}, {"Startup Cost": 21.6, "Plans": [{"Startup Cost": 0.0, "Node Type": "Seq Scan", "Plan Rows": 1160, "Relation Name": "table_62", "Alias": "table_62", "Parent Relationship": "Outer", "Plan Width": 40, "Total Cost": 21.6}], "Plan Rows": 1160, "Node Type": "Hash", "Parent Relationship": "Inner", "Plan Width": 40, "Total Cost": 21.6}], "Node Type": "Hash Join", "Plan Rows": 316619695923876604149760, "Join Type": "Left", "Hash Cond": "(table_32.col_3 = table_62.col_0)", "Parent Relationship": "Outer", "Plan Width": 1516, "Total Cost": 1.3509987446538421e+22}, {"Startup Cost": 31.4, "Plans": [{"Startup Cost": 0.0, "Node Type": "Seq Scan", "Plan Rows": 2140, "Relation Name": "table_61", "Alias": "table_61", "Parent Relationship": "Outer", "Plan Width": 8, "Total Cost": 31.4}], "Plan Rows": 2140, "Node Type": "Hash", "Parent Relationship": "Inner", "Plan Width": 8, "Total Cost": 31.4}], "Node Type": "Hash Join", "Plan Rows": 3387830746385479496630272, "Join Type": "Inner", "Hash Cond": "(table_40.col_1 = table_61.col_0)", "Parent Relationship": "Outer", "Plan Width": 1524, "Total Cost": 1.3287561280983991e+23}], "Sort Key": ["table_32.col_3", "table_54.col_0", "table_6.col_1", "table_42.col_2", "table_54.col_1", "table_15.col_0", "table_64.col_0"], "Plan Rows": 3387830746385479496630272, "Node Type": "Sort", "Parent Relationship": "Outer", "Plan Width": 1524, "Total Cost": 6.425938879422787e+25}], "Plan Rows": 3387830746385479496630272, "Node Type": "Materialize", "Parent Relationship": "Inner", "Plan Width": 1524, "Total Cost": 6.426785837109383e+25}], "Node Type": "Merge Join", "Plan Rows": 21690324882124423980623985639424, "Join Type": "Inner", "Parent Relationship": "Outer", "Plan Width": 2412, "Merge Cond": "((table_52.col_1 = table_32.col_3) AND (table_0.col_2 = table_41.col_3) AND (table_0.col_1 = table_42.col_1) AND (table_5.col_0 = table_42.col_2) AND (table_63.col_1 = table_54.col_1) AND (table_28.col_1 = table_15.col_0) AND (table_18.col_2 = table_64.col_0))", "Total Cost": 6.50774869943108e+29}, {"Startup Cost": 2.751087800084819e+16, "Plans": [{"Startup Cost": 2.751087800084819e+16, "Plans": [{"Startup Cost": 1153.46, "Plans": [{"Startup Cost": 239.88, "Plans": [{"Startup Cost": 46.23, "Plans": [{"Startup Cost": 0.0, "Node Type": "Seq Scan", "Plan Rows": 640, "Relation Name": "table_42", "Alias": "table_42_1", "Parent Relationship": "Outer", "Plan Width": 96, "Total Cost": 16.4}], "Sort Key": ["table_42_1.col_0"], "Plan Rows": 640, "Node Type": "Sort", "Parent Relationship": "Outer", "Plan Width": 96, "Total Cost": 47.83}, {"Startup Cost": 193.65, "Plans": [{"Startup Cost": 193.65, "Plans": [{"Startup Cost": 117.08, "Plans": [{"Startup Cost": 58.54, "Plans": [{"Startup Cost": 0.0, "Node Type": "Seq Scan", "Plan Rows": 830, "Relation Name": "table_0", "Alias": "table_0_2", "Parent Relationship": "Outer", "Plan Width": 68, "Total Cost": 18.3}], "Sort Key": ["table_0_2.col_1"], "Plan Rows": 830, "Node Type": "Sort", "Parent Relationship": "Outer", "Plan Width": 68, "Total Cost": 60.62}, {"Startup Cost": 58.54, "Plans": [{"Startup Cost": 0.0, "Node Type": "Seq Scan", "Plan Rows": 830, "Relation Name": "table_24", "Alias": "table_24_1", "Parent Relationship": "Outer", "Plan Width": 68, "Total Cost": 18.3}], "Sort Key": ["table_24_1.col_1"], "Plan Rows": 830, "Node Type": "Sort", "Parent Relationship": "Inner", "Plan Width": 68, "Total Cost": 60.62}], "Node Type": "Merge Join", "Plan Rows": 3444, "Join Type": "Inner", "Parent Relationship": "Outer", "Plan Width": 136, "Merge Cond": "(table_0_2.col_1 = table_24_1.col_1)", "Total Cost": 172.89}, {"Startup Cost": 76.57, "Plans": [{"Startup Cost": 0.0, "Node Type": "Seq Scan", "Plan Rows": 1100, "Relation Name": "table_15", "Alias": "table_15_1", "Parent Relationship": "Outer", "Plan Width": 44, "Total Cost": 21.0}], "Sort Key": ["table_15_1.col_3"], "Plan Rows": 1100, "Node Type": "Sort", "Parent Relationship": "Inner", "Plan Width": 44, "Total Cost": 79.32}], "Node Type": "Merge Join", "Plan Rows": 18942, "Join Type": "Inner", "Parent Relationship": "Outer", "Plan Width": 180, "Merge Cond": "(table_0_2.col_1 = table_15_1.col_3)", "Total Cost": 542.2}], "Plan Rows": 18942, "Node Type": "Materialize", "Parent Relationship": "Inner", "Plan Width": 180, "Total Cost": 589.56}], "Node Type": "Merge Join", "Plan Rows": 60614, "Join Type": "Left", "Parent Relationship": "Outer", "Plan Width": 276, "Merge Cond": "(table_42_1.col_0 = table_15_1.col_3)", "Total Cost": 1500.84}, {"Startup Cost": 913.58, "Plans": [{"Startup Cost": 837.01, "Plans": [{"Startup Cost": 507.99, "Plans": [{"Startup Cost": 507.99, "Plans": [{"Startup Cost": 85.43, "Plans": [{"Startup Cost": 0.0, "Node Type": "Seq Scan", "Plan Rows": 1230, "Relation Name": "table_9", "Alias": "table_9", "Parent Relationship": "Outer", "Plan Width": 36, "Total Cost": 22.3}], "Sort Key": ["table_9.col_0"], "Plan Rows": 1230, "Node Type": "Sort", "Parent Relationship": "Outer", "Plan Width": 36, "Total Cost": 88.5}, {"Startup Cost": 422.56, "Plans": [{"Startup Cost": 24.4, "Plans": [{"Startup Cost": 0.0, "Node Type": "Seq Scan", "Plan Rows": 1230, "Relation Name": "table_3", "Alias": "table_3", "Parent Relationship": "Outer", "Plan Width": 36, "Total Cost": 22.3}, {"Startup Cost": 16.4, "Plans": [{"Startup Cost": 0.0, "Node Type": "Seq Scan", "Plan Rows": 640, "Relation Name": "table_45", "Alias": "table_45", "Parent Relationship": "Outer", "Plan Width": 96, "Total Cost": 16.4}], "Plan Rows": 640, "Node Type": "Hash", "Parent Relationship": "Inner", "Plan Width": 96, "Total Cost": 16.4}], "Node Type": "Hash Join", "Plan Rows": 3936, "Join Type": "Inner", "Hash Cond": "(table_3.col_0 = table_45.col_1)", "Parent Relationship": "Outer", "Plan Width": 132, "Total Cost": 187.54}], "Sort Key": ["table_45.col_2"], "Plan Rows": 3936, "Node Type": "Sort", "Parent Relationship": "Inner", "Plan Width": 132, "Total Cost": 432.4}], "Node Type": "Merge Join", "Plan Rows": 24206, "Join Type": "Inner", "Parent Relationship": "Outer", "Plan Width": 168, "Merge Cond": "(table_9.col_0 = table_45.col_2)", "Total Cost": 877.23}, {"Startup Cost": 0.0, "Plans": [{"Startup Cost": 0.0, "Node Type": "Seq Scan", "Plan Rows": 2140, "Relation Name": "table_16", "Alias": "table_16", "Parent Relationship": "Outer", "Plan Width": 8, "Total Cost": 31.4}], "Plan Rows": 2140, "Node Type": "Materialize", "Parent Relationship": "Inner", "Plan Width": 8, "Total Cost": 42.1}], "Node Type": "Nested Loop", "Plan Rows": 259004, "Join Type": "Inner", "Parent Relationship": "Outer", "Plan Width": 176, "Join Filter": "(table_3.col_1 = table_16.col_0)", "Total Cost": 777926.58}, {"Startup Cost": 329.02, "Plans": [{"Startup Cost": 291.34, "Plans": [{"Startup Cost": 58.54, "Plans": [{"Startup Cost": 0.0, "Node Type": "Seq Scan", "Plan Rows": 830, "Relation Name": "table_18", "Alias": "table_18_1", "Parent Relationship": "Outer", "Plan Width": 68, "Total Cost": 18.3}], "Sort Key": ["table_18_1.col_1"], "Plan Rows": 830, "Node Type": "Sort", "Parent Relationship": "Outer", "Plan Width": 68, "Total Cost": 60.62}, {"Startup Cost": 232.8, "Plans": [{"Startup Cost": 21.48, "Plans": [{"Startup Cost": 0.0, "Node Type": "Seq Scan", "Plan Rows": 830, "Relation Name": "table_0", "Alias": "table_0_1", "Parent Relationship": "Outer", "Plan Width": 68, "Total Cost": 18.3}, {"Startup Cost": 15.1, "Plans": [{"Startup Cost": 0.0, "Node Type": "Seq Scan", "Plan Rows": 510, "Relation Name": "table_50", "Alias": "table_50_1", "Parent Relationship": "Outer", "Plan Width": 128, "Total Cost": 15.1}], "Plan Rows": 510, "Node Type": "Hash", "Parent Relationship": "Inner", "Plan Width": 128, "Total Cost": 15.1}], "Node Type": "Hash Join", "Plan Rows": 2116, "Join Type": "Inner", "Hash Cond": "(table_0_1.col_1 = table_50_1.col_2)", "Parent Relationship": "Outer", "Plan Width": 196, "Total Cost": 115.92}], "Sort Key": ["table_50_1.col_3"], "Plan Rows": 2116, "Node Type": "Sort", "Parent Relationship": "Inner", "Plan Width": 196, "Total Cost": 238.09}], "Node Type": "Merge Join", "Plan Rows": 8781, "Join Type": "Left", "Parent Relationship": "Outer", "Plan Width": 264, "Merge Cond": "(table_18_1.col_1 = table_50_1.col_3)", "Total Cost": 427.21}, {"Startup Cost": 22.3, "Plans": [{"Startup Cost": 0.0, "Node Type": "Seq Scan", "Plan Rows": 1230, "Relation Name": "table_37", "Alias": "table_37_1", "Parent Relationship": "Outer", "Plan Width": 36, "Total Cost": 22.3}], "Plan Rows": 1230, "Node Type": "Hash", "Parent Relationship": "Inner", "Plan Width": 36, "Total Cost": 22.3}], "Node Type": "Hash Join", "Plan Rows": 54003, "Join Type": "Left", "Hash Cond": "(table_50_1.col_3 = table_37_1.col_0)", "Parent Relationship": "Inner", "Plan Width": 300, "Total Cost": 2376.94}], "Node Type": "Nested Loop", "Plan Rows": 13986993012, "Join Type": "Inner", "Parent Relationship": "Outer", "Plan Width": 476, "Total Cost": 671069276.17}, {"Startup Cost": 76.57, "Plans": [{"Startup Cost": 0.0, "Node Type": "Seq Scan", "Plan Rows": 1100, "Relation Name": "table_39", "Alias": "table_39", "Parent Relationship": "Outer", "Plan Width": 44, "Total Cost": 21.0}], "Sort Key": ["table_39.col_3"], "Plan Rows": 1100, "Node Type": "Sort", "Parent Relationship": "Inner", "Plan Width": 44, "Total Cost": 79.32}], "Node Type": "Merge Join", "Plan Rows": 76928461566, "Join Type": "Left", "Parent Relationship": "Inner", "Plan Width": 520, "Merge Cond": "(table_45.col_2 = table_39.col_3)", "Total Cost": 1859963758.76}], "Node Type": "Nested Loop", "Plan Rows": 4662941769361524, "Join Type": "Inner", "Parent Relationship": "Outer", "Plan Width": 796, "Total Cost": 159369260968690.3}], "Sort Key": ["table_16.col_1"], "Plan Rows": 4662941769361524, "Node Type": "Sort", "Parent Relationship": "Outer", "Plan Width": 796, "Total Cost": 2.7522535355271596e+16}], "Plan Rows": 4662941769361524, "Node Type": "Materialize", "Parent Relationship": "Inner", "Plan Width": 796, "Total Cost": 2.7534192709695e+16}], "Node Type": "Merge Join", "Plan Rows": 505703609419397779991380448834052657738940416, "Join Type": "Inner", "Parent Relationship": "Outer", "Plan Width": 3208, "Merge Cond": "(table_32.col_3 = table_16.col_1)", "Total Cost": 7.585554141291671e+42}, {"Startup Cost": 22.3, "Plans": [{"Startup Cost": 0.0, "Node Type": "Seq Scan", "Plan Rows": 1230, "Relation Name": "table_47", "Alias": "table_47", "Parent Relationship": "Outer", "Plan Width": 36, "Total Cost": 22.3}], "Plan Rows": 1230, "Node Type": "Hash", "Parent Relationship": "Inner", "Plan Width": 36, "Total Cost": 22.3}], "Plan Rows": 3110077197929296196413480983227182417360977920, "Node Type": "Hash Join", "Join Type": "Right", "Hash Cond": "(table_59.col_1 = table_47.col_0)", "Plan Width": 3244, "Total Cost": 1.1770251509236554e+44}}]