[{"Plan": {"Startup Cost": 1.717618012183954e+34, "Plans": [{"Startup Cost": 1.717618012183954e+34, "Plans": [{"Startup Cost": 85.43, "Plans": [{"Startup Cost": 0.0, "Node Type": "Seq Scan", "Plan Rows": 1230, "Relation Name": "table_7", "Alias": "table_7", "Parent Relationship": "Outer", "Plan Width": 36, "Total Cost": 22.3}], "Sort Key": ["table_7.col_1"], "Plan Rows": 1230, "Node Type": "Sort", "Parent Relationship": "Outer", "Plan Width": 36, "Total Cost": 88.5}, {"Startup Cost": 1.717618012183954e+34, "Plans": [{"Startup Cost": 1.717618012183954e+34, "Plans": [{"Startup Cost": 214832603.86, "Plans": [{"Startup Cost": 296706.2, "Plans": [{"Startup Cost": 9467.82, "Plans": [{"Startup Cost": 1395.82, "Plans": [{"Startup Cost": 56.58, "Plans": [{"Startup Cost": 0.0, "Node Type": "Seq Scan", "Plan Rows": 800, "Relation Name": "table_48", "Alias": "table_48_1", "Parent Relationship": "Outer", "Plan Width": 72, "Total Cost": 18.0}], "Sort Key": ["table_48_1.col_0"], "Plan Rows": 800, "Node Type": "Sort", "Parent Relationship": "Outer", "Plan Width": 72, "Total Cost": 58.58}, {"Startup Cost": 1339.24, "Plans": [{"Startup Cost": 235.2, "Plans": [{"Startup Cost": 85.43, "Plans": [{"Startup Cost": 0.0, "Node Type": "Seq Scan", "Plan Rows": 1230, "Relation Name": "table_0", "Alias": "table_0_1", "Parent Relationship": "Outer", "Plan Width": 36, "Total Cost": 22.3}], "Sort Key": ["table_0_1.col_0"], "Plan Rows": 1230, "Node Type": "Sort", "Parent Relationship": "Outer", "Plan Width": 36, "Total Cost": 88.5}, {"Startup Cost": 149.78, "Plans": [{"Startup Cost": 0.0, "Node Type": "Seq Scan", "Plan Rows": 2140, "Relation Name": "table_29", "Alias": "table_29", "Parent Relationship": "Outer", "Plan Width": 8, "Total Cost": 31.4}], "Sort Key": ["table_29.col_1"], "Plan Rows": 2140, "Node Type": "Sort", "Parent Relationship": "Inner", "Plan Width": 8, "Total Cost": 155.13}], "Node Type": "Merge Join", "Plan Rows": 13161, "Join Type": "Left", "Parent Relationship": "Outer", "Plan Width": 44, "Merge Cond": "(table_0_1.col_0 = table_29.col_1)", "Total Cost": 438.77}], "Sort Key": ["table_0_1.col_1"], "Plan Rows": 13161, "Node Type": "Sort", "Parent Relationship": "Inner", "Plan Width": 44, "Total Cost": 1372.15}], "Node Type": "Merge Join", "Plan Rows": 52644, "Join Type": "Inner", "Parent Relationship": "Outer", "Plan Width": 116, "Merge Cond": "(table_48_1.col_0 = table_0_1.col_1)", "Total Cost": 2189.48}], "Sort Key": ["table_0_1.col_0"], "Plan Rows": 52644, "Node Type": "Sort", "Parent Relationship": "Outer", "Plan Width": 116, "Total Cost": 9599.43}, {"Startup Cost": 287238.38, "Plans": [{"Startup Cost": 287238.38, "Plans": [{"Startup Cost": 0.0, "Plans": [{"Startup Cost": 0.0, "Node Type": "Seq Scan", "Plan Rows": 1230, "Relation Name": "table_59", "Alias": "table_59_1", "Parent Relationship": "Outer", "Plan Width": 36, "Total Cost": 22.3}, {"Startup Cost": 0.0, "Plans": [{"Startup Cost": 0.0, "Node Type": "Seq Scan", "Plan Rows": 860, "Relation Name": "table_2", "Alias": "table_2", "Parent Relationship": "Outer", "Plan Width": 64, "Total Cost": 18.6}], "Plan Rows": 860, "Node Type": "Materialize", "Parent Relationship": "Inner", "Plan Width": 64, "Total Cost": 22.9}], "Node Type": "Nested Loop", "Plan Rows": 1057800, "Join Type": "Inner", "Parent Relationship": "Outer", "Plan Width": 100, "Total Cost": 13265.55}], "Sort Key": ["table_59_1.col_1"], "Plan Rows": 1057800, "Node Type": "Sort", "Parent Relationship": "Outer", "Plan Width": 100, "Total Cost": 289882.88}], "Plan Rows": 1057800, "Node Type": "Materialize", "Parent Relationship": "Inner", "Plan Width": 100, "Total Cost": 292527.38}], "Node Type": "Merge Join", "Plan Rows": 278434116, "Join Type": "Right", "Parent Relationship": "Outer", "Plan Width": 216, "Merge Cond": "(table_0_1.col_0 = table_59_1.col_1)", "Total Cost": 4476125.66}], "Sort Key": ["table_2.col_0"], "Plan Rows": 278434116, "Node Type": "Sort", "Parent Relationship": "Outer", "Plan Width": 216, "Total Cost": 215528689.15}, {"Startup Cost": 1.717618012183954e+34, "Plans": [{"Startup Cost": 1.717618012183954e+34, "Plans": [{"Startup Cost": 7.665399090183676e+20, "Plans": [{"Startup Cost": 384.99, "Plans": [{"Startup Cost": 356.99, "Plans": [{"Startup Cost": 328.99, "Plans": [{"Startup Cost": 328.99, "Plans": [{"Startup Cost": 328.99, "Plans": [{"Startup Cost": 328.99, "Plans": [{"Startup Cost": 117.08, "Plans": [{"Startup Cost": 117.08, "Plans": [{"Startup Cost": 117.08, "Plans": [{"Startup Cost": 117.08, "Plans": [{"Startup Cost": 58.54, "Plans": [{"Startup Cost": 0.0, "Node Type": "Seq Scan", "Plan Rows": 830, "Relation Name": "table_21", "Alias": "table_21", "Parent Relationship": "Outer", "Plan Width": 68, "Total Cost": 18.3}], "Sort Key": ["table_21.col_2"], "Plan Rows": 830, "Node Type": "Sort", "Parent Relationship": "Outer", "Plan Width": 68, "Total Cost": 60.62}, {"Startup Cost": 58.54, "Plans": [{"Startup Cost": 0.0, "Node Type": "Seq Scan", "Plan Rows": 830, "Relation Name": "table_5", "Alias": "table_5", "Parent Relationship": "Outer", "Plan Width": 68, "Total Cost": 18.3}], "Sort Key": ["table_5.col_1"], "Plan Rows": 830, "Node Type": "Sort", "Parent Relationship": "Inner", "Plan Width": 68, "Total Cost": 60.62}], "Node Type": "Merge Join", "Plan Rows": 3444, "Join Type": "Left", "Parent Relationship": "Outer", "Plan Width": 136, "Merge Cond": "(table_21.col_2 = table_5.col_1)", "Total Cost": 172.89}, {"Startup Cost": 0.0, "Plans": [{"Startup Cost": 0.0, "Node Type": "Seq Scan", "Plan Rows": 800, "Relation Name": "table_15", "Alias": "table_15", "Parent Relationship": "Outer", "Plan Width": 72, "Total Cost": 18.0}], "Plan Rows": 800, "Node Type": "Materialize", "Parent Relationship": "Inner", "Plan Width": 72, "Total Cost": 22.0}], "Node Type": "Nested Loop", "Plan Rows": 2755200, "Join Type": "Inner", "Parent Relationship": "Outer", "Plan Width": 208, "Total Cost": 34632.89}, {"Startup Cost": 0.0, "Plans": [{"Startup Cost": 0.0, "Node Type": "Seq Scan", "Plan Rows": 800, "Relation Name": "table_48", "Alias": "table_48", "Parent Relationship": "Outer", "Plan Width": 72, "Total Cost": 18.0}], "Plan Rows": 800, "Node Type": "Materialize", "Parent Relationship": "Inner", "Plan Width": 72, "Total Cost": 22.0}], "Node Type": "Nested Loop", "Plan Rows": 11020800, "Join Type": "Left", "Parent Relationship": "Outer", "Plan Width": 280, "Join Filter": "(table_21.col_0 = table_48.col_2)", "Total Cost": 33097052.89}, {"Startup Cost": 0.0, "Plans": [{"Startup Cost": 0.0, "Node Type": "Seq Scan", "Plan Rows": 860, "Relation Name": "table_25", "Alias": "table_25", "Parent Relationship": "Outer", "Plan Width": 64, "Total Cost": 18.6}], "Plan Rows": 860, "Node Type": "Materialize", "Parent Relationship": "Inner", "Plan Width": 64, "Total Cost": 22.9}], "Node Type": "Nested Loop", "Plan Rows": 9477888000, "Join Type": "Inner", "Parent Relationship": "Outer", "Plan Width": 344, "Total Cost": 151570673.64}, {"Startup Cost": 211.91, "Plans": [{"Startup Cost": 211.91, "Plans": [{"Startup Cost": 76.57, "Plans": [{"Startup Cost": 0.0, "Node Type": "Seq Scan", "Plan Rows": 1100, "Relation Name": "table_60", "Alias": "table_60", "Parent Relationship": "Outer", "Plan Width": 44, "Total Cost": 21.0}], "Sort Key": ["table_60.col_1"], "Plan Rows": 1100, "Node Type": "Sort", "Parent Relationship": "Outer", "Plan Width": 44, "Total Cost": 79.32}, {"Startup Cost": 135.34, "Plans": [{"Startup Cost": 0.0, "Node Type": "Seq Scan", "Plan Rows": 1940, "Relation Name": "table_9", "Alias": "table_9", "Parent Relationship": "Outer", "Plan Width": 12, "Total Cost": 29.4}], "Sort Key": ["table_9.col_2"], "Plan Rows": 1940, "Node Type": "Sort", "Parent Relationship": "Inner", "Plan Width": 12, "Total Cost": 140.19}], "Node Type": "Merge Join", "Plan Rows": 10670, "Join Type": "Right", "Parent Relationship": "Outer", "Plan Width": 56, "Merge Cond": "(table_60.col_1 = table_9.col_2)", "Total Cost": 377.46}], "Plan Rows": 10670, "Node Type": "Materialize", "Parent Relationship": "Inner", "Plan Width": 56, "Total Cost": 430.81}], "Node Type": "Nested Loop", "Plan Rows": 505645324800, "Join Type": "Left", "Parent Relationship": "Outer", "Plan Width": 400, "Join Filter": "(table_15.col_2 = table_9.col_1)", "Total Cost": 1517087545477.78}, {"Startup Cost": 0.0, "Plans": [{"Startup Cost": 0.0, "Node Type": "Seq Scan", "Plan Rows": 2140, "Relation Name": "table_20", "Alias": "table_20", "Parent Relationship": "Outer", "Plan Width": 8, "Total Cost": 31.4}], "Plan Rows": 2140, "Node Type": "Materialize", "Parent Relationship": "Inner", "Plan Width": 8, "Total Cost": 42.1}], "Node Type": "Nested Loop", "Plan Rows": 5410404975360, "Join Type": "Left", "Parent Relationship": "Outer", "Plan Width": 408, "Join Filter": "(table_21.col_1 = table_20.col_1)", "Total Cost": 17748302471594.53}, {"Startup Cost": 0.0, "Plans": [{"Startup Cost": 0.0, "Node Type": "Seq Scan", "Plan Rows": 1100, "Relation Name": "table_47", "Alias": "table_47", "Parent Relationship": "Outer", "Plan Width": 44, "Total Cost": 21.0}], "Plan Rows": 1100, "Node Type": "Materialize", "Parent Relationship": "Inner", "Plan Width": 44, "Total Cost": 26.5}], "Node Type": "Nested Loop", "Plan Rows": 5951445472896000, "Join Type": "Inner", "Parent Relationship": "Outer", "Plan Width": 452, "Total Cost": 92141370882818.28}, {"Startup Cost": 0.0, "Plans": [{"Startup Cost": 0.0, "Node Type": "Seq Scan", "Plan Rows": 1230, "Relation Name": "table_31", "Alias": "table_31", "Parent Relationship": "Outer", "Plan Width": 36, "Total Cost": 22.3}], "Plan Rows": 1230, "Node Type": "Materialize", "Parent Relationship": "Inner", "Plan Width": 36, "Total Cost": 28.45}], "Node Type": "Nested Loop", "Plan Rows": 7320277931662080000, "Join Type": "Inner", "Parent Relationship": "Outer", "Plan Width": 488, "Total Cost": 9.159561551665885e+16}, {"Startup Cost": 18.0, "Plans": [{"Startup Cost": 0.0, "Node Type": "Seq Scan", "Plan Rows": 800, "Relation Name": "table_28", "Alias": "table_28", "Parent Relationship": "Outer", "Plan Width": 72, "Total Cost": 18.0}], "Plan Rows": 800, "Node Type": "Hash", "Parent Relationship": "Inner", "Plan Width": 72, "Total Cost": 18.0}], "Node Type": "Hash Join", "Plan Rows": 29281111726648320000, "Join Type": "Left", "Hash Cond": "(table_25.col_0 = table_28.col_0)", "Parent Relationship": "Outer", "Plan Width": 560, "Total Cost": 1.1347352207785053e+18}, {"Startup Cost": 18.0, "Plans": [{"Startup Cost": 0.0, "Node Type": "Seq Scan", "Plan Rows": 800, "Relation Name": "table_62", "Alias": "table_62", "Parent Relationship": "Outer", "Plan Width": 72, "Total Cost": 18.0}], "Plan Rows": 800, "Node Type": "Hash", "Parent Relationship": "Inner", "Plan Width": 72, "Total Cost": 18.0}], "Node Type": "Hash Join", "Plan Rows": 117124446906593280000, "Join Type": "Left", "Hash Cond": "(table_20.col_0 = table_62.col_2)", "Parent Relationship": "Outer", "Plan Width": 632, "Total Cost": 5.307293641825891e+18}], "Sort Key": ["table_25.col_0", "table_21.col_2", "table_47.col_2", "table_31.col_1", "table_15.col_1", "table_47.col_3"], "Plan Rows": 117124446906593280000, "Node Type": "Sort", "Parent Relationship": "Outer", "Plan Width": 632, "Total Cost": 7.66832720135634e+20}, {"Startup Cost": 1.7176180121838774e+34, "Plans": [{"Startup Cost": 1.7176180121838774e+34, "Plans": [{"Startup Cost": 1.7817603007721843e+19, "Plans": [{"Startup Cost": 1.7817603007721843e+19, "Plans": [{"Startup Cost": 1.7817603007721843e+19, "Plans": [{"Startup Cost": 1.7817603007721843e+19, "Plans": [{"Startup Cost": 1.7817603007721843e+19, "Plans": [{"Startup Cost": 1.7817603007721843e+19, "Plans": [{"Startup Cost": 1.7817603007721843e+19, "Plans": [{"Startup Cost": 1.7817603007721843e+19, "Plans": [{"Startup Cost": 1.7817603007721843e+19, "Plans": [{"Startup Cost": 1.7817603007721843e+19, "Plans": [{"Startup Cost": 1.7817603007721843e+19, "Plans": [{"Startup Cost": 1.7817603007721843e+19, "Plans": [{"Startup Cost": 1.7817603007721818e+19, "Plans": [{"Startup Cost": 3.2414484533427526e+17, "Plans": [{"Startup Cost": 3330745172219.17, "Plans": [{"Startup Cost": 1234113344.48, "Plans": [{"Startup Cost": 0.0, "Plans": [{"Startup Cost": 0.0, "Plans": [{"Startup Cost": 0.0, "Node Type": "Seq Scan", "Plan Rows": 1230, "Relation Name": "table_54", "Alias": "table_54", "Parent Relationship": "Outer", "Plan Width": 36, "Total Cost": 22.3}, {"Startup Cost": 0.0, "Plans": [{"Startup Cost": 0.0, "Node Type": "Seq Scan", "Plan Rows": 800, "Relation Name": "table_58", "Alias": "table_58", "Parent Relationship": "Outer", "Plan Width": 72, "Total Cost": 18.0}], "Plan Rows": 800, "Node Type": "Materialize", "Parent Relationship": "Inner", "Plan Width": 72, "Total Cost": 22.0}], "Node Type": "Nested Loop", "Plan Rows": 984000, "Join Type": "Inner", "Parent Relationship": "Outer", "Plan Width": 108, "Total Cost": 12342.3}, {"Startup Cost": 0.0, "Plans": [{"Startup Cost": 0.0, "Node Type": "Seq Scan", "Plan Rows": 2140, "Relation Name": "table_1", "Alias": "table_1", "Parent Relationship": "Outer", "Plan Width": 8, "Total Cost": 31.4}], "Plan Rows": 2140, "Node Type": "Materialize", "Parent Relationship": "Inner", "Plan Width": 8, "Total Cost": 42.1}], "Node Type": "Nested Loop", "Plan Rows": 2105760000, "Join Type": "Inner", "Parent Relationship": "Outer", "Plan Width": 116, "Total Cost": 26334379.05}], "Sort Key": ["table_58.col_3", "table_1.col_0"], "Plan Rows": 2105760000, "Node Type": "Sort", "Parent Relationship": "Outer", "Plan Width": 116, "Total Cost": 1239377744.48}, {"Startup Cost": 3329511058874.69, "Plans": [{"Startup Cost": 3329511058874.69, "Plans": [{"Startup Cost": 227.03, "Plans": [{"Startup Cost": 227.03, "Plans": [{"Startup Cost": 202.63, "Plans": [{"Startup Cost": 174.63, "Plans": [{"Startup Cost": 153.15, "Plans": [{"Startup Cost": 153.15, "Plans": [{"Startup Cost": 96.58, "Plans": [{"Startup Cost": 38.04, "Plans": [{"Startup Cost": 0.0, "Node Type": "Seq Scan", "Plan Rows": 510, "Relation Name": "table_42", "Alias": "table_42", "Parent Relationship": "Outer", "Plan Width": 128, "Total Cost": 15.1}], "Sort Key": ["table_42.col_1"], "Plan Rows": 510, "Node Type": "Sort", "Parent Relationship": "Outer", "Plan Width": 128, "Total Cost": 39.31}, {"Startup Cost": 58.54, "Plans": [{"Startup Cost": 0.0, "Node Type": "Seq Scan", "Plan Rows": 830, "Relation Name": "table_41", "Alias": "table_41", "Parent Relationship": "Outer", "Plan Width": 68, "Total Cost": 18.3}], "Sort Key": ["table_41.col_0"], "Plan Rows": 830, "Node Type": "Sort", "Parent Relationship": "Inner", "Plan Width": 68, "Total Cost": 60.62}], "Node Type": "Merge Join", "Plan Rows": 2116, "Join Type": "Inner", "Parent Relationship": "Outer", "Plan Width": 196, "Merge Cond": "(table_42.col_1 = table_41.col_0)", "Total Cost": 130.87}, {"Startup Cost": 56.58, "Plans": [{"Startup Cost": 0.0, "Node Type": "Seq Scan", "Plan Rows": 800, "Relation Name": "table_17", "Alias": "table_17", "Parent Relationship": "Outer", "Plan Width": 72, "Total Cost": 18.0}], "Sort Key": ["table_17.col_2"], "Plan Rows": 800, "Node Type": "Sort", "Parent Relationship": "Inner", "Plan Width": 72, "Total Cost": 58.58}], "Node Type": "Merge Join", "Plan Rows": 8464, "Join Type": "Inner", "Parent Relationship": "Outer", "Plan Width": 268, "Merge Cond": "(table_42.col_1 = table_17.col_2)", "Total Cost": 319.69}, {"Startup Cost": 0.0, "Plans": [{"Startup Cost": 0.0, "Node Type": "Seq Scan", "Plan Rows": 620, "Relation Name": "table_12", "Alias": "table_12", "Parent Relationship": "Outer", "Plan Width": 100, "Total Cost": 16.2}], "Plan Rows": 620, "Node Type": "Materialize", "Parent Relationship": "Inner", "Plan Width": 100, "Total Cost": 19.3}], "Node Type": "Nested Loop", "Plan Rows": 26238, "Join Type": "Inner", "Parent Relationship": "Outer", "Plan Width": 368, "Join Filter": "(table_17.col_1 = table_12.col_1)", "Total Cost": 79052.64}, {"Startup Cost": 21.48, "Plans": [{"Startup Cost": 21.48, "Plans": [{"Startup Cost": 0.0, "Node Type": "Seq Scan", "Plan Rows": 1230, "Relation Name": "table_8", "Alias": "table_8", "Parent Relationship": "Outer", "Plan Width": 36, "Total Cost": 22.3}, {"Startup Cost": 15.1, "Plans": [{"Startup Cost": 0.0, "Node Type": "Seq Scan", "Plan Rows": 510, "Relation Name": "table_23", "Alias": "table_23", "Parent Relationship": "Outer", "Plan Width": 128, "Total Cost": 15.1}], "Plan Rows": 510, "Node Type": "Hash", "Parent Relationship": "Inner", "Plan Width": 128, "Total Cost": 15.1}], "Node Type": "Hash Join", "Plan Rows": 3136, "Join Type": "Right", "Hash Cond": "(table_8.col_0 = table_23.col_0)", "Parent Relationship": "Outer", "Plan Width": 164, "Total Cost": 156.62}], "Plan Rows": 3136, "Node Type": "Materialize", "Parent Relationship": "Inner", "Plan Width": 164, "Total Cost": 172.3}], "Node Type": "Nested Loop", "Plan Rows": 82282368, "Join Type": "Inner", "Parent Relationship": "Outer", "Plan Width": 532, "Total Cost": 1107746.71}, {"Startup Cost": 18.0, "Plans": [{"Startup Cost": 0.0, "Node Type": "Seq Scan", "Plan Rows": 800, "Relation Name": "table_51", "Alias": "table_51", "Parent Relationship": "Outer", "Plan Width": 72, "Total Cost": 18.0}], "Plan Rows": 800, "Node Type": "Hash", "Parent Relationship": "Inner", "Plan Width": 72, "Total Cost": 18.0}], "Node Type": "Hash Join", "Plan Rows": 329129472, "Join Type": "Left", "Hash Cond": "(table_42.col_3 = table_51.col_1)", "Parent Relationship": "Outer", "Plan Width": 604, "Total Cost": 12833012.15}, {"Startup Cost": 16.4, "Plans": [{"Startup Cost": 0.0, "Node Type": "Seq Scan", "Plan Rows": 640, "Relation Name": "table_39", "Alias": "table_39", "Parent Relationship": "Outer", "Plan Width": 96, "Total Cost": 16.4}], "Plan Rows": 640, "Node Type": "Hash", "Parent Relationship": "Inner", "Plan Width": 96, "Total Cost": 16.4}], "Node Type": "Hash Join", "Plan Rows": 1053214310, "Join Type": "Inner", "Hash Cond": "(table_42.col_0 = table_39.col_0)", "Parent Relationship": "Outer", "Plan Width": 700, "Total Cost": 50518361.09}, {"Startup Cost": 0.0, "Plans": [{"Startup Cost": 0.0, "Node Type": "Seq Scan", "Plan Rows": 800, "Relation Name": "table_61", "Alias": "table_61_1", "Parent Relationship": "Outer", "Plan Width": 72, "Total Cost": 18.0}], "Plan Rows": 800, "Node Type": "Materialize", "Parent Relationship": "Inner", "Plan Width": 72, "Total Cost": 22.0}], "Node Type": "Nested Loop", "Plan Rows": 842571448000, "Join Type": "Inner", "Parent Relationship": "Outer", "Plan Width": 772, "Total Cost": 10582661481.09}], "Sort Key": ["table_42.col_0", "table_41.col_1"], "Plan Rows": 842571448000, "Node Type": "Sort", "Parent Relationship": "Outer", "Plan Width": 772, "Total Cost": 3331617487494.69}], "Plan Rows": 842571448000, "Node Type": "Materialize", "Parent Relationship": "Inner", "Plan Width": 772, "Total Cost": 3333723916114.69}], "Node Type": "Merge Join", "Plan Rows": 44356331308512000, "Join Type": "Inner", "Parent Relationship": "Outer", "Plan Width": 888, "Merge Cond": "((table_58.col_3 = table_42.col_0) AND (table_1.col_0 = table_41.col_1))", "Total Cost": 779568665292999.1}], "Sort Key": ["table_42.col_0", "table_42.col_1", "table_41.col_1", "table_23.col_2"], "Plan Rows": 44356331308512000, "Node Type": "Sort", "Parent Relationship": "Outer", "Plan Width": 888, "Total Cost": 3.2425573616254656e+17}, {"Startup Cost": 1.7493458162387542e+19, "Plans": [{"Startup Cost": 1.7493458162387542e+19, "Plans": [{"Startup Cost": 1023.2, "Plans": [{"Startup Cost": 852.34, "Plans": [{"Startup Cost": 802.52, "Plans": [{"Startup Cost": 46.23, "Plans": [{"Startup Cost": 0.0, "Node Type": "Seq Scan", "Plan Rows": 640, "Relation Name": "table_4", "Alias": "table_4", "Parent Relationship": "Outer", "Plan Width": 96, "Total Cost": 16.4}], "Sort Key": ["table_4.col_1"], "Plan Rows": 640, "Node Type": "Sort", "Parent Relationship": "Outer", "Plan Width": 96, "Total Cost": 47.83}, {"Startup Cost": 756.29, "Plans": [{"Startup Cost": 756.29, "Plans": [{"Startup Cost": 756.29, "Plans": [{"Startup Cost": 756.29, "Plans": [{"Startup Cost": 60.52, "Plans": [{"Startup Cost": 0.0, "Node Type": "Seq Scan", "Plan Rows": 860, "Relation Name": "table_40", "Alias": "table_40", "Parent Relationship": "Outer", "Plan Width": 64, "Total Cost": 18.6}], "Sort Key": ["table_40.col_1"], "Plan Rows": 860, "Node Type": "Sort", "Parent Relationship": "Outer", "Plan Width": 64, "Total Cost": 62.67}, {"Startup Cost": 695.77, "Plans": [{"Startup Cost": 161.29, "Plans": [{"Startup Cost": 80.64, "Plans": [{"Startup Cost": 0.0, "Node Type": "Seq Scan", "Plan Rows": 1160, "Relation Name": "table_34", "Alias": "table_34", "Parent Relationship": "Outer", "Plan Width": 40, "Total Cost": 21.6}], "Sort Key": ["table_34.col_1"], "Plan Rows": 1160, "Node Type": "Sort", "Parent Relationship": "Outer", "Plan Width": 40, "Total Cost": 83.54}, {"Startup Cost": 80.64, "Plans": [{"Startup Cost": 0.0, "Node Type": "Seq Scan", "Plan Rows": 1160, "Relation Name": "table_22", "Alias": "table_22", "Parent Relationship": "Outer", "Plan Width": 40, "Total Cost": 21.6}], "Sort Key": ["table_22.col_0"], "Plan Rows": 1160, "Node Type": "Sort", "Parent Relationship": "Inner", "Plan Width": 40, "Total Cost": 83.54}], "Node Type": "Merge Join", "Plan Rows": 6728, "Join Type": "Left", "Parent Relationship": "Outer", "Plan Width": 80, "Merge Cond": "(table_34.col_1 = table_22.col_0)", "Total Cost": 268.01}], "Sort Key": ["table_34.col_0"], "Plan Rows": 6728, "Node Type": "Sort", "Parent Relationship": "Inner", "Plan Width": 80, "Total Cost": 712.59}], "Node Type": "Merge Join", "Plan Rows": 28930, "Join Type": "Inner", "Parent Relationship": "Outer", "Plan Width": 144, "Merge Cond": "(table_40.col_1 = table_34.col_0)", "Total Cost": 1194.54}, {"Startup Cost": 0.0, "Plans": [{"Startup Cost": 0.0, "Node Type": "Seq Scan", "Plan Rows": 800, "Relation Name": "table_61", "Alias": "table_61", "Parent Relationship": "Outer", "Plan Width": 72, "Total Cost": 18.0}], "Plan Rows": 800, "Node Type": "Materialize", "Parent Relationship": "Inner", "Plan Width": 72, "Total Cost": 22.0}], "Node Type": "Nested Loop", "Plan Rows": 23144000, "Join Type": "Inner", "Parent Relationship": "Outer", "Plan Width": 216, "Total Cost": 290514.54}, {"Startup Cost": 0.0, "Plans": [{"Startup Cost": 0.0, "Node Type": "Seq Scan", "Plan Rows": 1100, "Relation Name": "table_56", "Alias": "table_56", "Parent Relationship": "Outer", "Plan Width": 44, "Total Cost": 21.0}, {"Startup Cost": 0.0, "Plans": [{"Startup Cost": 0.0, "Node Type": "Seq Scan", "Plan Rows": 620, "Relation Name": "table_49", "Alias": "table_49", "Parent Relationship": "Outer", "Plan Width": 100, "Total Cost": 16.2}], "Plan Rows": 620, "Node Type": "Materialize", "Parent Relationship": "Inner", "Plan Width": 100, "Total Cost": 19.3}], "Node Type": "Nested Loop", "Plan Rows": 682000, "Join Type": "Inner", "Parent Relationship": "Inner", "Plan Width": 144, "Total Cost": 8563.75}], "Node Type": "Nested Loop", "Plan Rows": 15784208000000, "Join Type": "Inner", "Parent Relationship": "Outer", "Plan Width": 360, "Total Cost": 356041800514.54}], "Plan Rows": 15784208000000, "Node Type": "Materialize", "Parent Relationship": "Inner", "Plan Width": 360, "Total Cost": 395502320514.54}], "Node Type": "Merge Join", "Plan Rows": 50509465600000, "Join Type": "Inner", "Parent Relationship": "Outer", "Plan Width": 456, "Merge Cond": "(table_4.col_1 = table_34.col_0)", "Total Cost": 1113683784563.97}, {"Startup Cost": 27.7, "Plans": [{"Startup Cost": 0.0, "Node Type": "Seq Scan", "Plan Rows": 1770, "Relation Name": "table_64", "Alias": "table_64", "Parent Relationship": "Outer", "Plan Width": 16, "Total Cost": 27.7}], "Plan Rows": 1770, "Node Type": "Hash", "Parent Relationship": "Inner", "Plan Width": 16, "Total Cost": 27.7}], "Node Type": "Hash Join", "Plan Rows": 447008770560000, "Join Type": "Inner", "Hash Cond": "(table_34.col_2 = table_64.col_2)", "Parent Relationship": "Outer", "Plan Width": 472, "Total Cost": 16885264418213.79}, {"Startup Cost": 170.85, "Plans": [{"Startup Cost": 170.85, "Plans": [{"Startup Cost": 85.43, "Plans": [{"Startup Cost": 0.0, "Node Type": "Seq Scan", "Plan Rows": 1230, "Relation Name": "table_0", "Alias": "table_0", "Parent Relationship": "Outer", "Plan Width": 36, "Total Cost": 22.3}], "Sort Key": ["table_0.col_1"], "Plan Rows": 1230, "Node Type": "Sort", "Parent Relationship": "Outer", "Plan Width": 36, "Total Cost": 88.5}, {"Startup Cost": 85.43, "Plans": [{"Startup Cost": 0.0, "Node Type": "Seq Scan", "Plan Rows": 1230, "Relation Name": "table_57", "Alias": "table_57", "Parent Relationship": "Outer", "Plan Width": 36, "Total Cost": 22.3}], "Sort Key": ["table_57.col_0"], "Plan Rows": 1230, "Node Type": "Sort", "Parent Relationship": "Inner", "Plan Width": 36, "Total Cost": 88.5}], "Node Type": "Merge Join", "Plan Rows": 7564, "Join Type": "Inner", "Parent Relationship": "Outer", "Plan Width": 72, "Merge Cond": "(table_0.col_1 = table_57.col_0)", "Total Cost": 290.46}], "Plan Rows": 7564, "Node Type": "Materialize", "Parent Relationship": "Inner", "Plan Width": 72, "Total Cost": 328.28}], "Node Type": "Nested Loop", "Plan Rows": 3381174340515840000, "Join Type": "Inner", "Parent Relationship": "Outer", "Plan Width": 544, "Total Cost": 4.228156452086653e+16}], "Sort Key": ["table_56.col_0", "table_0.col_1", "table_64.col_2", "table_49.col_2"], "Plan Rows": 3381174340515840000, "Node Type": "Sort", "Parent Relationship": "Outer", "Plan Width": 544, "Total Cost": 1.7501911098238833e+19}], "Plan Rows": 3381174340515840000, "Node Type": "Materialize", "Parent Relationship": "Inner", "Plan Width": 544, "Total Cost": 1.7510364034090123e+19}], "Node Type": "Merge Join", "Plan Rows": 93735305787350122936401920, "Join Type": "Inner", "Parent Relationship": "Outer", "Plan Width": 1432, "Merge Cond": "((table_42.col_0 = table_56.col_0) AND (table_42.col_1 = table_0.col_1) AND (table_41.col_1 = table_34.col_2) AND (table_23.col_2 = table_49.col_2))", "Total Cost": 2.1090622068257754e+24}, {"Startup Cost": 24665.03, "Plans": [{"Startup Cost": 24665.03, "Plans": [{"Startup Cost": 250.72, "Plans": [{"Startup Cost": 46.23, "Plans": [{"Startup Cost": 0.0, "Node Type": "Seq Scan", "Plan Rows": 640, "Relation Name": "table_26", "Alias": "table_26", "Parent Relationship": "Outer", "Plan Width": 96, "Total Cost": 16.4}], "Sort Key": ["table_26.col_1"], "Plan Rows": 640, "Node Type": "Sort", "Parent Relationship": "Outer", "Plan Width": 96, "Total Cost": 47.83}, {"Startup Cost": 204.49, "Plans": [{"Startup Cost": 204.49, "Plans": [{"Startup Cost": 60.52, "Plans": [{"Startup Cost": 0.0, "Node Type": "Seq Scan", "Plan Rows": 860, "Relation Name": "table_44", "Alias": "table_44", "Parent Relationship": "Outer", "Plan Width": 64, "Total Cost": 18.6}], "Sort Key": ["table_44.col_1"], "Plan Rows": 860, "Node Type": "Sort", "Parent Relationship": "Outer", "Plan Width": 64, "Total Cost": 62.67}, {"Startup Cost": 143.97, "Plans": [{"Startup Cost": 143.97, "Plans": [{"Startup Cost": 58.54, "Plans": [{"Startup Cost": 0.0, "Node Type": "Seq Scan", "Plan Rows": 830, "Relation Name": "table_18", "Alias": "table_18", "Parent Relationship": "Outer", "Plan Width": 68, "Total Cost": 18.3}], "Sort Key": ["table_18.col_2"], "Plan Rows": 830, "Node Type": "Sort", "Parent Relationship": "Outer", "Plan Width": 68, "Total Cost": 60.62}, {"Startup Cost": 85.43, "Plans": [{"Startup Cost": 0.0, "Node Type": "Seq Scan", "Plan Rows": 1230, "Relation Name": "table_59", "Alias": "table_59", "Parent Relationship": "Outer", "Plan Width": 36, "Total Cost": 22.3}], "Sort Key": ["table_59.col_0"], "Plan Rows": 1230, "Node Type": "Sort", "Parent Relationship": "Inner", "Plan Width": 36, "Total Cost": 88.5}], "Node Type": "Merge Join", "Plan Rows": 5104, "Join Type": "Inner", "Parent Relationship": "Outer", "Plan Width": 104, "Merge Cond": "(table_18.col_2 = table_59.col_0)", "Total Cost": 224.68}], "Plan Rows": 5104, "Node Type": "Materialize", "Parent Relationship": "Inner", "Plan Width": 104, "Total Cost": 237.44}], "Node Type": "Merge Join", "Plan Rows": 21947, "Join Type": "Inner", "Parent Relationship": "Outer", "Plan Width": 168, "Merge Cond": "(table_44.col_1 = table_18.col_2)", "Total Cost": 618.7}], "Plan Rows": 21947, "Node Type": "Materialize", "Parent Relationship": "Inner", "Plan Width": 168, "Total Cost": 673.57}], "Node Type": "Merge Join", "Plan Rows": 70230, "Join Type": "Inner", "Parent Relationship": "Outer", "Plan Width": 264, "Merge Cond": "(table_26.col_1 = table_18.col_2)", "Total Cost": 1721.58}], "Sort Key": ["table_26.col_2"], "Plan Rows": 70230, "Node Type": "Sort", "Parent Relationship": "Outer", "Plan Width": 264, "Total Cost": 24840.6}], "Plan Rows": 70230, "Node Type": "Materialize", "Parent Relationship": "Inner", "Plan Width": 264, "Total Cost": 25016.18}], "Node Type": "Merge Join", "Plan Rows": 164575763136139991810310144, "Join Type": "Inner", "Parent Relationship": "Outer", "Plan Width": 1696, "Join Filter": "(table_44.col_0 = table_23.col_0)", "Merge Cond": "(table_42.col_0 = table_26.col_2)", "Total Cost": 5.783585714477841e+26}, {"Startup Cost": 22.3, "Plans": [{"Startup Cost": 0.0, "Node Type": "Seq Scan", "Plan Rows": 1230, "Relation Name": "table_46", "Alias": "table_46", "Parent Relationship": "Outer", "Plan Width": 36, "Total Cost": 22.3}], "Plan Rows": 1230, "Node Type": "Hash", "Parent Relationship": "Inner", "Plan Width": 36, "Total Cost": 22.3}], "Node Type": "Hash Join", "Plan Rows": 1012140943287261037250740224, "Join Type": "Inner", "Hash Cond": "(table_0.col_0 = table_46.col_0)", "Parent Relationship": "Outer", "Plan Width": 1732, "Total Cost": 6.1419494387067855e+26}, {"Startup Cost": 22.3, "Plans": [{"Startup Cost": 0.0, "Node Type": "Seq Scan", "Plan Rows": 1230, "Relation Name": "table_30", "Alias": "table_30", "Parent Relationship": "Outer", "Plan Width": 36, "Total Cost": 22.3}], "Plan Rows": 1230, "Node Type": "Hash", "Parent Relationship": "Inner", "Plan Width": 36, "Total Cost": 22.3}], "Node Type": "Hash Join", "Plan Rows": 6224666801216655200421412864, "Join Type": "Left", "Hash Cond": "(table_34.col_2 = table_30.col_1)", "Parent Relationship": "Outer", "Plan Width": 1768, "Total Cost": 8.345886342714795e+26}, {"Startup Cost": 16.2, "Plans": [{"Startup Cost": 0.0, "Node Type": "Seq Scan", "Plan Rows": 620, "Relation Name": "table_10", "Alias": "table_10", "Parent Relationship": "Outer", "Plan Width": 100, "Total Cost": 16.2}], "Plan Rows": 620, "Node Type": "Hash", "Parent Relationship": "Inner", "Plan Width": 100, "Total Cost": 16.2}], "Node Type": "Hash Join", "Plan Rows": 96482335418858157530677248, "Join Type": "Inner", "Hash Cond": "((table_54.col_1 = table_10.col_1) AND (table_61.col_1 = table_10.col_3))", "Parent Relationship": "Outer", "Plan Width": 1868, "Total Cost": 1.831500145820333e+27}, {"Startup Cost": 18.0, "Plans": [{"Startup Cost": 0.0, "Node Type": "Seq Scan", "Plan Rows": 800, "Relation Name": "table_16", "Alias": "table_16", "Parent Relationship": "Outer", "Plan Width": 72, "Total Cost": 18.0}], "Plan Rows": 800, "Node Type": "Hash", "Parent Relationship": "Inner", "Plan Width": 72, "Total Cost": 18.0}], "Node Type": "Hash Join", "Plan Rows": 385929341675432630122708992, "Join Type": "Inner", "Hash Cond": "(table_64.col_0 = table_16.col_1)", "Parent Relationship": "Outer", "Plan Width": 1940, "Total Cost": 1.8452488786175202e+27}, {"Startup Cost": 31.4, "Plans": [{"Startup Cost": 0.0, "Node Type": "Seq Scan", "Plan Rows": 2140, "Relation Name": "table_37", "Alias": "table_37", "Parent Relationship": "Outer", "Plan Width": 8, "Total Cost": 31.4}], "Plan Rows": 2140, "Node Type": "Hash", "Parent Relationship": "Inner", "Plan Width": 8, "Total Cost": 31.4}], "Node Type": "Hash Join", "Plan Rows": 4129443955927129320983625728, "Join Type": "Inner", "Hash Cond": "(table_17.col_3 = table_37.col_1)", "Parent Relationship": "Outer", "Plan Width": 1948, "Total Cost": 1.9907442404291584e+27}, {"Startup Cost": 219.8, "Plans": [{"Startup Cost": 142.0, "Plans": [{"Startup Cost": 56.58, "Plans": [{"Startup Cost": 0.0, "Node Type": "Seq Scan", "Plan Rows": 800, "Relation Name": "table_51", "Alias": "table_51_1", "Parent Relationship": "Outer", "Plan Width": 72, "Total Cost": 18.0}], "Sort Key": ["table_51_1.col_2"], "Plan Rows": 800, "Node Type": "Sort", "Parent Relationship": "Outer", "Plan Width": 72, "Total Cost": 58.58}, {"Startup Cost": 85.43, "Plans": [{"Startup Cost": 0.0, "Node Type": "Seq Scan", "Plan Rows": 1230, "Relation Name": "table_0", "Alias": "table_0_2", "Parent Relationship": "Outer", "Plan Width": 36, "Total Cost": 22.3}], "Sort Key": ["table_0_2.col_0"], "Plan Rows": 1230, "Node Type": "Sort", "Parent Relationship": "Inner", "Plan Width": 36, "Total Cost": 88.5}], "Node Type": "Merge Join", "Plan Rows": 4920, "Join Type": "Inner", "Parent Relationship": "Outer", "Plan Width": 108, "Merge Cond": "(table_51_1.col_2 = table_0_2.col_0)", "Total Cost": 219.8}], "Plan Rows": 4920, "Node Type": "Hash", "Parent Relationship": "Inner", "Plan Width": 108, "Total Cost": 219.8}], "Node Type": "Hash Join", "Plan Rows": 101584321315807382065855332352, "Join Type": "Left", "Hash Cond": "(table_61_1.col_1 = table_0_2.col_1)", "Parent Relationship": "Outer", "Plan Width": 2056, "Total Cost": 5.556519096372235e+27}, {"Startup Cost": 21.6, "Plans": [{"Startup Cost": 0.0, "Node Type": "Seq Scan", "Plan Rows": 1160, "Relation Name": "table_53", "Alias": "table_53", "Parent Relationship": "Outer", "Plan Width": 40, "Total Cost": 21.6}], "Plan Rows": 1160, "Node Type": "Hash", "Parent Relationship": "Inner", "Plan Width": 40, "Total Cost": 21.6}], "Node Type": "Hash Join", "Plan Rows": 589189063631682805426649300992, "Join Type": "Left", "Hash Cond": "(table_0_2.col_0 = table_53.col_0)", "Parent Relationship": "Outer", "Plan Width": 2096, "Total Cost": 2.6432097126770657e+28}, {"Startup Cost": 18.0, "Plans": [{"Startup Cost": 0.0, "Node Type": "Seq Scan", "Plan Rows": 800, "Relation Name": "table_55", "Alias": "table_55", "Parent Relationship": "Outer", "Plan Width": 72, "Total Cost": 18.0}], "Plan Rows": 800, "Node Type": "Hash", "Parent Relationship": "Inner", "Plan Width": 72, "Total Cost": 18.0}], "Node Type": "Hash Join", "Plan Rows": 2356756254526731221706597203968, "Join Type": "Inner", "Hash Cond": "(table_0.col_1 = table_55.col_3)", "Parent Relationship": "Outer", "Plan Width": 2168, "Total Cost": 1.1039153869428546e+29}, {"Startup Cost": 21.0, "Plans": [{"Startup Cost": 0.0, "Node Type": "Seq Scan", "Plan Rows": 1100, "Relation Name": "table_27", "Alias": "table_27", "Parent Relationship": "Outer", "Plan Width": 44, "Total Cost": 21.0}], "Plan Rows": 1100, "Node Type": "Hash", "Parent Relationship": "Inner", "Plan Width": 44, "Total Cost": 21.0}], "Node Type": "Hash Join", "Plan Rows": 12962159399897021297173819555840, "Join Type": "Inner", "Hash Cond": "(table_58.col_0 = table_27.col_0)", "Parent Relationship": "Outer", "Plan Width": 2212, "Total Cost": 5.69959008326998e+29}, {"Startup Cost": 21.0, "Plans": [{"Startup Cost": 0.0, "Node Type": "Seq Scan", "Plan Rows": 1100, "Relation Name": "table_24", "Alias": "table_24", "Parent Relationship": "Outer", "Plan Width": 44, "Total Cost": 21.0}], "Plan Rows": 1100, "Node Type": "Hash", "Parent Relationship": "Inner", "Plan Width": 44, "Total Cost": 21.0}], "Node Type": "Hash Join", "Plan Rows": 71291876699433614882656193871872, "Join Type": "Inner", "Hash Cond": "(table_56.col_1 = table_24.col_1)", "Parent Relationship": "Outer", "Plan Width": 2256, "Total Cost": 3.097580091306917e+30}, {"Startup Cost": 22.3, "Plans": [{"Startup Cost": 0.0, "Node Type": "Seq Scan", "Plan Rows": 1230, "Relation Name": "table_3", "Alias": "table_3", "Parent Relationship": "Outer", "Plan Width": 36, "Total Cost": 22.3}], "Plan Rows": 1230, "Node Type": "Hash", "Parent Relationship": "Inner", "Plan Width": 36, "Total Cost": 22.3}], "Node Type": "Hash Join", "Plan Rows": 438445041701516734680855331471360, "Join Type": "Left", "Hash Cond": "(table_1.col_1 = table_3.col_0)", "Parent Relationship": "Outer", "Plan Width": 2292, "Total Cost": 1.8621386242608587e+31}], "Sort Key": ["table_46.col_1", "table_26.col_2", "table_64.col_2", "table_26.col_1", "table_40.col_1", "table_10.col_2"], "Plan Rows": 438445041701516734680855331471360, "Node Type": "Sort", "Parent Relationship": "Outer", "Plan Width": 2292, "Total Cost": 1.7177276234443027e+34}], "Plan Rows": 438445041701516734680855331471360, "Node Type": "Materialize", "Parent Relationship": "Inner", "Plan Width": 2292, "Total Cost": 1.717837234704728e+34}], "Node Type": "Merge Join", "Plan Rows": 802384890753568519948101402097673568256, "Join Type": "Inner", "Parent Relationship": "Outer", "Plan Width": 2924, "Merge Cond": "((table_25.col_0 = table_46.col_1) AND (table_21.col_2 = table_42.col_0) AND (table_47.col_2 = table_41.col_1) AND (table_31.col_1 = table_26.col_1) AND (table_15.col_1 = table_34.col_0) AND (table_47.col_3 = table_10.col_2))", "Total Cost": 2.208276177195758e+37}], "Plan Rows": 802384890753568519948101402097673568256, "Node Type": "Materialize", "Parent Relationship": "Inner", "Plan Width": 2924, "Total Cost": 2.40887239988415e+37}], "Node Type": "Merge Join", "Plan Rows": 1117056638743632086221984613572194039609950208, "Join Type": "Inner", "Parent Relationship": "Outer", "Plan Width": 3140, "Merge Cond": "(table_2.col_0 = table_46.col_1)", "Total Cost": 1.6755871663916255e+43}], "Plan Rows": 1117056638743632086221984613572194039609950208, "Node Type": "Materialize", "Parent Relationship": "Inner", "Plan Width": 3140, "Total Cost": 1.9548513260775335e+43}], "Node Type": "Merge Join", "Plan Rows": 6869898328273337829402629213334320182928080896, "Join Type": "Inner", "Parent Relationship": "Outer", "Plan Width": 3176, "Merge Cond": "(table_7.col_1 = table_46.col_1)", "Total Cost": 1.1980434658801632e+44}, {"Startup Cost": 21.6, "Plans": [{"Startup Cost": 0.0, "Node Type": "Seq Scan", "Plan Rows": 1160, "Relation Name": "table_50", "Alias": "table_50", "Parent Relationship": "Outer", "Plan Width": 40, "Total Cost": 21.6}], "Plan Rows": 1160, "Node Type": "Hash", "Parent Relationship": "Inner", "Plan Width": 40, "Total Cost": 21.6}], "Plan Rows": 39845410303985362199366569939443740353729921024, "Node Type": "Hash Join", "Join Type": "Right", "Hash Cond": "(table_61.col_0 = table_50.col_2)", "Plan Width": 3216, "Total Cost": 1.531568453048187e+45}}]