[{"Plan": {"Startup Cost": 9.370930753496968e+24, "Plans": [{"Startup Cost": 9.370930753496968e+24, "Plans": [{"Startup Cost": 9.370930753475549e+24, "Plans": [{"Startup Cost": 9.370930753475549e+24, "Plans": [{"Startup Cost": 9.370930753475549e+24, "Plans": [{"Startup Cost": 9.370930753475549e+24, "Plans": [{"Startup Cost": 3.8173914734713143e+20, "Plans": [{"Startup Cost": 422696.34, "Plans": [{"Startup Cost": 117.08, "Plans": [{"Startup Cost": 117.08, "Plans": [{"Startup Cost": 58.54, "Plans": [{"Startup Cost": 0.0, "Node Type": "Seq Scan", "Plan Rows": 830, "Relation Name": "table_4", "Alias": "table_4", "Parent Relationship": "Outer", "Plan Width": 68, "Total Cost": 18.3}], "Sort Key": ["table_4.col_1"], "Plan Rows": 830, "Node Type": "Sort", "Parent Relationship": "Outer", "Plan Width": 68, "Total Cost": 60.62}, {"Startup Cost": 58.54, "Plans": [{"Startup Cost": 0.0, "Node Type": "Seq Scan", "Plan Rows": 830, "Relation Name": "table_33", "Alias": "table_33", "Parent Relationship": "Outer", "Plan Width": 68, "Total Cost": 18.3}], "Sort Key": ["table_33.col_2"], "Plan Rows": 830, "Node Type": "Sort", "Parent Relationship": "Inner", "Plan Width": 68, "Total Cost": 60.62}], "Node Type": "Merge Join", "Plan Rows": 3444, "Join Type": "Inner", "Parent Relationship": "Outer", "Plan Width": 136, "Merge Cond": "(table_4.col_1 = table_33.col_2)", "Total Cost": 172.89}, {"Startup Cost": 0.0, "Plans": [{"Startup Cost": 0.0, "Node Type": "Seq Scan", "Plan Rows": 2140, "Relation Name": "table_49", "Alias": "table_49", "Parent Relationship": "Outer", "Plan Width": 8, "Total Cost": 31.4}], "Plan Rows": 2140, "Node Type": "Materialize", "Parent Relationship": "Inner", "Plan Width": 8, "Total Cost": 42.1}], "Node Type": "Nested Loop", "Plan Rows": 7370160, "Join Type": "Inner", "Parent Relationship": "Outer", "Plan Width": 144, "Total Cost": 92336.64}, {"Startup Cost": 422579.25, "Plans": [{"Startup Cost": 422579.25, "Plans": [{"Startup Cost": 422579.25, "Plans": [{"Startup Cost": 75968.95, "Plans": [{"Startup Cost": 346.39, "Plans": [{"Startup Cost": 311.64, "Plans": [{"Startup Cost": 287.24, "Plans": [{"Startup Cost": 60.52, "Plans": [{"Startup Cost": 0.0, "Node Type": "Seq Scan", "Plan Rows": 860, "Relation Name": "table_53", "Alias": "table_53", "Parent Relationship": "Outer", "Plan Width": 64, "Total Cost": 18.6}], "Sort Key": ["table_53.col_1"], "Plan Rows": 860, "Node Type": "Sort", "Parent Relationship": "Outer", "Plan Width": 64, "Total Cost": 62.67}, {"Startup Cost": 226.72, "Plans": [{"Startup Cost": 24.4, "Plans": [{"Startup Cost": 0.0, "Node Type": "Seq Scan", "Plan Rows": 640, "Relation Name": "table_42", "Alias": "table_42", "Parent Relationship": "Outer", "Plan Width": 96, "Total Cost": 16.4}, {"Startup Cost": 16.4, "Plans": [{"Startup Cost": 0.0, "Node Type": "Seq Scan", "Plan Rows": 640, "Relation Name": "table_35", "Alias": "table_35", "Parent Relationship": "Outer", "Plan Width": 96, "Total Cost": 16.4}], "Plan Rows": 640, "Node Type": "Hash", "Parent Relationship": "Inner", "Plan Width": 96, "Total Cost": 16.4}], "Node Type": "Hash Join", "Plan Rows": 2048, "Join Type": "Inner", "Hash Cond": "(table_42.col_1 = table_35.col_0)", "Parent Relationship": "Outer", "Plan Width": 192, "Total Cost": 114.08}], "Sort Key": ["table_42.col_2"], "Plan Rows": 2048, "Node Type": "Sort", "Parent Relationship": "Inner", "Plan Width": 192, "Total Cost": 231.84}], "Node Type": "Merge Join", "Plan Rows": 8806, "Join Type": "Inner", "Parent Relationship": "Outer", "Plan Width": 256, "Merge Cond": "(table_53.col_1 = table_42.col_2)", "Total Cost": 423.63}, {"Startup Cost": 16.4, "Plans": [{"Startup Cost": 0.0, "Node Type": "Seq Scan", "Plan Rows": 640, "Relation Name": "table_59", "Alias": "table_59", "Parent Relationship": "Outer", "Plan Width": 96, "Total Cost": 16.4}], "Plan Rows": 640, "Node Type": "Hash", "Parent Relationship": "Inner", "Plan Width": 96, "Total Cost": 16.4}], "Node Type": "Hash Join", "Plan Rows": 28179, "Join Type": "Inner", "Hash Cond": "(table_35.col_1 = table_59.col_0)", "Parent Relationship": "Outer", "Plan Width": 352, "Total Cost": 1456.31}, {"Startup Cost": 21.0, "Plans": [{"Startup Cost": 0.0, "Node Type": "Seq Scan", "Plan Rows": 1100, "Relation Name": "table_6", "Alias": "table_6", "Parent Relationship": "Outer", "Plan Width": 44, "Total Cost": 21.0}], "Plan Rows": 1100, "Node Type": "Hash", "Parent Relationship": "Inner", "Plan Width": 44, "Total Cost": 21.0}], "Node Type": "Hash Join", "Plan Rows": 154984, "Join Type": "Inner", "Hash Cond": "(table_42.col_1 = table_6.col_1)", "Parent Relationship": "Outer", "Plan Width": 396, "Total Cost": 6985.96}], "Sort Key": ["table_6.col_1", "table_53.col_1"], "Plan Rows": 154984, "Node Type": "Sort", "Parent Relationship": "Outer", "Plan Width": 396, "Total Cost": 76356.41}, {"Startup Cost": 346610.3, "Plans": [{"Startup Cost": 346610.3, "Plans": [{"Startup Cost": 0.0, "Plans": [{"Startup Cost": 0.0, "Node Type": "Seq Scan", "Plan Rows": 1230, "Relation Name": "table_5", "Alias": "table_5", "Parent Relationship": "Outer", "Plan Width": 36, "Total Cost": 22.3}, {"Startup Cost": 0.0, "Plans": [{"Startup Cost": 0.0, "Node Type": "Seq Scan", "Plan Rows": 1160, "Relation Name": "table_44", "Alias": "table_44", "Parent Relationship": "Outer", "Plan Width": 40, "Total Cost": 21.6}], "Plan Rows": 1160, "Node Type": "Materialize", "Parent Relationship": "Inner", "Plan Width": 40, "Total Cost": 27.4}], "Node Type": "Nested Loop", "Plan Rows": 1426800, "Join Type": "Inner", "Parent Relationship": "Outer", "Plan Width": 76, "Total Cost": 17881.8}], "Sort Key": ["table_44.col_0", "table_5.col_0"], "Plan Rows": 1426800, "Node Type": "Sort", "Parent Relationship": "Outer", "Plan Width": 76, "Total Cost": 350177.3}], "Plan Rows": 1426800, "Node Type": "Materialize", "Parent Relationship": "Inner", "Plan Width": 76, "Total Cost": 353744.3}], "Node Type": "Merge Join", "Plan Rows": 5528279, "Join Type": "Inner", "Parent Relationship": "Outer", "Plan Width": 472, "Merge Cond": "((table_42.col_1 = table_44.col_0) AND (table_42.col_2 = table_5.col_0))", "Total Cost": 524053.51}, {"Startup Cost": 0.0, "Plans": [{"Startup Cost": 0.0, "Node Type": "Seq Scan", "Plan Rows": 2140, "Relation Name": "table_61", "Alias": "table_61", "Parent Relationship": "Outer", "Plan Width": 8, "Total Cost": 31.4}], "Plan Rows": 2140, "Node Type": "Materialize", "Parent Relationship": "Inner", "Plan Width": 8, "Total Cost": 42.1}], "Node Type": "Nested Loop", "Plan Rows": 11830517060, "Join Type": "Inner", "Parent Relationship": "Outer", "Plan Width": 480, "Total Cost": 148405553.51}, {"Startup Cost": 0.0, "Plans": [{"Startup Cost": 0.0, "Node Type": "Seq Scan", "Plan Rows": 620, "Relation Name": "table_31", "Alias": "table_31", "Parent Relationship": "Outer", "Plan Width": 100, "Total Cost": 16.2}], "Plan Rows": 620, "Node Type": "Materialize", "Parent Relationship": "Inner", "Plan Width": 100, "Total Cost": 19.3}], "Node Type": "Nested Loop", "Plan Rows": 7334920577200, "Join Type": "Inner", "Parent Relationship": "Inner", "Plan Width": 580, "Total Cost": 91834912786.26}], "Node Type": "Nested Loop", "Plan Rows": 54059538241256349696, "Join Type": "Inner", "Parent Relationship": "Outer", "Plan Width": 724, "Total Cost": 1.2174333832334684e+18}], "Sort Key": ["table_4.col_1", "table_44.col_0", "table_61.col_0", "table_49.col_1", "table_31.col_0"], "Plan Rows": 54059538241256349696, "Node Type": "Sort", "Parent Relationship": "Outer", "Plan Width": 724, "Total Cost": 3.818742961927346e+20}, {"Startup Cost": 9.370549014328201e+24, "Plans": [{"Startup Cost": 9.370549014328201e+24, "Plans": [{"Startup Cost": 1.8234310654371182e+18, "Plans": [{"Startup Cost": 1.8234310654371182e+18, "Plans": [{"Startup Cost": 1.8234310654371182e+18, "Plans": [{"Startup Cost": 1.8234310654371182e+18, "Plans": [{"Startup Cost": 1.8234310654371182e+18, "Plans": [{"Startup Cost": 1.8234310654371182e+18, "Plans": [{"Startup Cost": 1.8234310654371182e+18, "Plans": [{"Startup Cost": 1140279900.94, "Plans": [{"Startup Cost": 0.0, "Plans": [{"Startup Cost": 0.0, "Plans": [{"Startup Cost": 0.0, "Node Type": "Seq Scan", "Plan Rows": 1940, "Relation Name": "table_48", "Alias": "table_48", "Parent Relationship": "Outer", "Plan Width": 12, "Total Cost": 29.4}, {"Startup Cost": 0.0, "Plans": [{"Startup Cost": 0.0, "Node Type": "Seq Scan", "Plan Rows": 1230, "Relation Name": "table_60", "Alias": "table_60", "Parent Relationship": "Outer", "Plan Width": 36, "Total Cost": 22.3}], "Plan Rows": 1230, "Node Type": "Materialize", "Parent Relationship": "Inner", "Plan Width": 36, "Total Cost": 28.45}], "Node Type": "Nested Loop", "Plan Rows": 2386200, "Join Type": "Inner", "Parent Relationship": "Outer", "Plan Width": 48, "Total Cost": 29882.28}, {"Startup Cost": 0.0, "Plans": [{"Startup Cost": 0.0, "Node Type": "Seq Scan", "Plan Rows": 800, "Relation Name": "table_14", "Alias": "table_14", "Parent Relationship": "Outer", "Plan Width": 72, "Total Cost": 18.0}], "Plan Rows": 800, "Node Type": "Materialize", "Parent Relationship": "Inner", "Plan Width": 72, "Total Cost": 22.0}], "Node Type": "Nested Loop", "Plan Rows": 1908960000, "Join Type": "Inner", "Parent Relationship": "Outer", "Plan Width": 120, "Total Cost": 23891902.28}], "Sort Key": ["table_14.col_0", "table_48.col_1"], "Plan Rows": 1908960000, "Node Type": "Sort", "Parent Relationship": "Outer", "Plan Width": 120, "Total Cost": 1145052300.94}, {"Startup Cost": 1.8234310642968384e+18, "Plans": [{"Startup Cost": 1.8234310642968384e+18, "Plans": [{"Startup Cost": 29407731.89, "Plans": [{"Startup Cost": 29407697.14, "Plans": [{"Startup Cost": 29404777.27, "Plans": [{"Startup Cost": 29404739.77, "Plans": [{"Startup Cost": 29404715.37, "Plans": [{"Startup Cost": 29404677.7, "Plans": [{"Startup Cost": 29404648.35, "Plans": [{"Startup Cost": 29404587.83, "Plans": [{"Startup Cost": 29404587.83, "Plans": [{"Startup Cost": 29404587.83, "Plans": [{"Startup Cost": 2476.67, "Plans": [{"Startup Cost": 52.62, "Plans": [{"Startup Cost": 28.68, "Plans": [{"Startup Cost": 0.0, "Node Type": "Seq Scan", "Plan Rows": 830, "Relation Name": "table_0", "Alias": "table_0", "Parent Relationship": "Outer", "Plan Width": 68, "Total Cost": 18.3}, {"Startup Cost": 18.3, "Plans": [{"Startup Cost": 0.0, "Node Type": "Seq Scan", "Plan Rows": 830, "Relation Name": "table_24", "Alias": "table_24", "Parent Relationship": "Outer", "Plan Width": 68, "Total Cost": 18.3}], "Plan Rows": 830, "Node Type": "Hash", "Parent Relationship": "Inner", "Plan Width": 68, "Total Cost": 18.3}], "Node Type": "Hash Join", "Plan Rows": 3444, "Join Type": "Left", "Hash Cond": "(table_0.col_1 = table_24.col_2)", "Parent Relationship": "Outer", "Plan Width": 136, "Total Cost": 169.6}, {"Startup Cost": 16.2, "Plans": [{"Startup Cost": 0.0, "Node Type": "Seq Scan", "Plan Rows": 620, "Relation Name": "table_41", "Alias": "table_41", "Parent Relationship": "Outer", "Plan Width": 100, "Total Cost": 16.2}], "Plan Rows": 620, "Node Type": "Hash", "Parent Relationship": "Inner", "Plan Width": 100, "Total Cost": 16.2}], "Node Type": "Hash Join", "Plan Rows": 10676, "Join Type": "Inner", "Hash Cond": "(table_0.col_2 = table_41.col_3)", "Parent Relationship": "Outer", "Plan Width": 236, "Total Cost": 575.83}], "Sort Key": ["table_0.col_1"], "Plan Rows": 10676, "Node Type": "Sort", "Parent Relationship": "Outer", "Plan Width": 236, "Total Cost": 2503.36}, {"Startup Cost": 29402111.16, "Plans": [{"Startup Cost": 29402111.16, "Plans": [{"Startup Cost": 5454.57, "Plans": [{"Startup Cost": 5426.57, "Plans": [{"Startup Cost": 5402.62, "Plans": [{"Startup Cost": 5367.87, "Plans": [{"Startup Cost": 96.58, "Plans": [{"Startup Cost": 38.04, "Plans": [{"Startup Cost": 0.0, "Node Type": "Seq Scan", "Plan Rows": 510, "Relation Name": "table_50", "Alias": "table_50", "Parent Relationship": "Outer", "Plan Width": 128, "Total Cost": 15.1}], "Sort Key": ["table_50.col_0"], "Plan Rows": 510, "Node Type": "Sort", "Parent Relationship": "Outer", "Plan Width": 128, "Total Cost": 39.31}, {"Startup Cost": 58.54, "Plans": [{"Startup Cost": 0.0, "Node Type": "Seq Scan", "Plan Rows": 830, "Relation Name": "table_18", "Alias": "table_18", "Parent Relationship": "Outer", "Plan Width": 68, "Total Cost": 18.3}], "Sort Key": ["table_18.col_1"], "Plan Rows": 830, "Node Type": "Sort", "Parent Relationship": "Inner", "Plan Width": 68, "Total Cost": 60.62}], "Node Type": "Merge Join", "Plan Rows": 2116, "Join Type": "Inner", "Parent Relationship": "Outer", "Plan Width": 196, "Merge Cond": "(table_50.col_0 = table_18.col_1)", "Total Cost": 130.87}, {"Startup Cost": 5271.3, "Plans": [{"Startup Cost": 5271.3, "Plans": [{"Startup Cost": 608.79, "Plans": [{"Startup Cost": 80.64, "Plans": [{"Startup Cost": 0.0, "Node Type": "Seq Scan", "Plan Rows": 1160, "Relation Name": "table_40", "Alias": "table_40", "Parent Relationship": "Outer", "Plan Width": 40, "Total Cost": 21.6}], "Sort Key": ["table_40.col_2"], "Plan Rows": 1160, "Node Type": "Sort", "Parent Relationship": "Outer", "Plan Width": 40, "Total Cost": 83.54}, {"Startup Cost": 528.15, "Plans": [{"Startup Cost": 141.16, "Plans": [{"Startup Cost": 80.64, "Plans": [{"Startup Cost": 0.0, "Node Type": "Seq Scan", "Plan Rows": 1160, "Relation Name": "table_10", "Alias": "table_10", "Parent Relationship": "Outer", "Plan Width": 40, "Total Cost": 21.6}], "Sort Key": ["table_10.col_0"], "Plan Rows": 1160, "Node Type": "Sort", "Parent Relationship": "Outer", "Plan Width": 40, "Total Cost": 83.54}, {"Startup Cost": 60.52, "Plans": [{"Startup Cost": 0.0, "Node Type": "Seq Scan", "Plan Rows": 860, "Relation Name": "table_38", "Alias": "table_38", "Parent Relationship": "Outer", "Plan Width": 64, "Total Cost": 18.6}], "Sort Key": ["table_38.col_0"], "Plan Rows": 860, "Node Type": "Sort", "Parent Relationship": "Inner", "Plan Width": 64, "Total Cost": 62.67}], "Node Type": "Merge Join", "Plan Rows": 4988, "Join Type": "Left", "Parent Relationship": "Outer", "Plan Width": 104, "Merge Cond": "(table_10.col_0 = table_38.col_0)", "Total Cost": 221.78}], "Sort Key": ["table_10.col_2"], "Plan Rows": 4988, "Node Type": "Sort", "Parent Relationship": "Inner", "Plan Width": 104, "Total Cost": 540.62}], "Node Type": "Merge Join", "Plan Rows": 28930, "Join Type": "Inner", "Parent Relationship": "Outer", "Plan Width": 144, "Merge Cond": "(table_40.col_2 = table_10.col_2)", "Total Cost": 1048.54}], "Sort Key": ["table_40.col_0"], "Plan Rows": 28930, "Node Type": "Sort", "Parent Relationship": "Outer", "Plan Width": 144, "Total Cost": 5343.62}], "Plan Rows": 28930, "Node Type": "Materialize", "Parent Relationship": "Inner", "Plan Width": 144, "Total Cost": 5415.95}], "Node Type": "Merge Join", "Plan Rows": 306079, "Join Type": "Inner", "Parent Relationship": "Outer", "Plan Width": 340, "Merge Cond": "(table_18.col_1 = table_40.col_0)", "Total Cost": 10070.96}, {"Startup Cost": 21.0, "Plans": [{"Startup Cost": 0.0, "Node Type": "Seq Scan", "Plan Rows": 1100, "Relation Name": "table_15", "Alias": "table_15", "Parent Relationship": "Outer", "Plan Width": 44, "Total Cost": 21.0}], "Plan Rows": 1100, "Node Type": "Hash", "Parent Relationship": "Inner", "Plan Width": 44, "Total Cost": 21.0}], "Node Type": "Hash Join", "Plan Rows": 1683434, "Join Type": "Inner", "Hash Cond": "(table_40.col_1 = table_15.col_1)", "Parent Relationship": "Outer", "Plan Width": 384, "Total Cost": 69791.11}, {"Startup Cost": 16.2, "Plans": [{"Startup Cost": 0.0, "Node Type": "Seq Scan", "Plan Rows": 620, "Relation Name": "table_8", "Alias": "table_8", "Parent Relationship": "Outer", "Plan Width": 100, "Total Cost": 16.2}], "Plan Rows": 620, "Node Type": "Hash", "Parent Relationship": "Inner", "Plan Width": 100, "Total Cost": 16.2}], "Node Type": "Hash Join", "Plan Rows": 5218645, "Join Type": "Inner", "Hash Cond": "(table_10.col_0 = table_8.col_0)", "Parent Relationship": "Outer", "Plan Width": 484, "Total Cost": 256676.23}, {"Startup Cost": 18.0, "Plans": [{"Startup Cost": 0.0, "Node Type": "Seq Scan", "Plan Rows": 800, "Relation Name": "table_23", "Alias": "table_23", "Parent Relationship": "Outer", "Plan Width": 72, "Total Cost": 18.0}], "Plan Rows": 800, "Node Type": "Hash", "Parent Relationship": "Inner", "Plan Width": 72, "Total Cost": 18.0}], "Node Type": "Hash Join", "Plan Rows": 20874580, "Join Type": "Inner", "Hash Cond": "(table_40.col_2 = table_23.col_1)", "Parent Relationship": "Outer", "Plan Width": 556, "Total Cost": 1000361.15}], "Sort Key": ["table_18.col_1"], "Plan Rows": 20874580, "Node Type": "Sort", "Parent Relationship": "Outer", "Plan Width": 556, "Total Cost": 29454297.61}], "Plan Rows": 20874580, "Node Type": "Materialize", "Parent Relationship": "Inner", "Plan Width": 556, "Total Cost": 29506484.06}], "Node Type": "Merge Join", "Plan Rows": 1114285080, "Join Type": "Inner", "Parent Relationship": "Outer", "Plan Width": 792, "Merge Cond": "(table_0.col_1 = table_40.col_0)", "Total Cost": 46171103.86}, {"Startup Cost": 0.0, "Plans": [{"Startup Cost": 0.0, "Node Type": "Seq Scan", "Plan Rows": 1230, "Relation Name": "table_29", "Alias": "table_29", "Parent Relationship": "Outer", "Plan Width": 36, "Total Cost": 22.3}], "Plan Rows": 1230, "Node Type": "Materialize", "Parent Relationship": "Inner", "Plan Width": 36, "Total Cost": 28.45}], "Node Type": "Nested Loop", "Plan Rows": 6852853242, "Join Type": "Left", "Parent Relationship": "Outer", "Plan Width": 828, "Join Filter": "(table_15.col_0 = table_29.col_0)", "Total Cost": 20604730855.23}, {"Startup Cost": 0.0, "Plans": [{"Startup Cost": 0.0, "Node Type": "Seq Scan", "Plan Rows": 2140, "Relation Name": "table_16", "Alias": "table_16", "Parent Relationship": "Outer", "Plan Width": 8, "Total Cost": 31.4}], "Plan Rows": 2140, "Node Type": "Materialize", "Parent Relationship": "Inner", "Plan Width": 8, "Total Cost": 42.1}], "Node Type": "Nested Loop", "Plan Rows": 14665105937880, "Join Type": "Inner", "Parent Relationship": "Outer", "Plan Width": 836, "Total Cost": 203918555115.48}, {"Startup Cost": 60.52, "Plans": [{"Startup Cost": 0.0, "Node Type": "Seq Scan", "Plan Rows": 860, "Relation Name": "table_30", "Alias": "table_30", "Parent Relationship": "Outer", "Plan Width": 64, "Total Cost": 18.6}], "Sort Key": ["table_30.col_0"], "Plan Rows": 860, "Node Type": "Sort", "Parent Relationship": "Inner", "Plan Width": 64, "Total Cost": 62.67}], "Node Type": "Merge Join", "Plan Rows": 63059955532884, "Join Type": "Inner", "Parent Relationship": "Outer", "Plan Width": 900, "Merge Cond": "(table_0.col_1 = table_30.col_0)", "Total Cost": 1186480653013.96}, {"Startup Cost": 18.6, "Plans": [{"Startup Cost": 0.0, "Node Type": "Seq Scan", "Plan Rows": 860, "Relation Name": "table_17", "Alias": "table_17", "Parent Relationship": "Outer", "Plan Width": 64, "Total Cost": 18.6}], "Plan Rows": 860, "Node Type": "Hash", "Parent Relationship": "Inner", "Plan Width": 64, "Total Cost": 18.6}], "Node Type": "Hash Join", "Plan Rows": 271157808791401, "Join Type": "Left", "Hash Cond": "(table_30.col_1 = table_17.col_0)", "Parent Relationship": "Outer", "Plan Width": 964, "Total Cost": 10834653849574.56}, {"Startup Cost": 22.3, "Plans": [{"Startup Cost": 0.0, "Node Type": "Seq Scan", "Plan Rows": 1230, "Relation Name": "table_3", "Alias": "table_3", "Parent Relationship": "Outer", "Plan Width": 36, "Total Cost": 22.3}], "Plan Rows": 1230, "Node Type": "Hash", "Parent Relationship": "Inner", "Plan Width": 36, "Total Cost": 22.3}], "Node Type": "Hash Join", "Plan Rows": 1667620524067116, "Join Type": "Inner", "Hash Cond": "(table_16.col_0 = table_3.col_1)", "Parent Relationship": "Outer", "Plan Width": 1000, "Total Cost": 69879266713939.8}, {"Startup Cost": 16.4, "Plans": [{"Startup Cost": 0.0, "Node Type": "Seq Scan", "Plan Rows": 640, "Relation Name": "table_45", "Alias": "table_45", "Parent Relationship": "Outer", "Plan Width": 96, "Total Cost": 16.4}], "Plan Rows": 640, "Node Type": "Hash", "Parent Relationship": "Inner", "Plan Width": 96, "Total Cost": 16.4}], "Node Type": "Hash Join", "Plan Rows": 5336385677014771, "Join Type": "Inner", "Hash Cond": "(table_3.col_0 = table_45.col_1)", "Parent Relationship": "Outer", "Plan Width": 1096, "Total Cost": 260821816719649.03}, {"Startup Cost": 21.0, "Plans": [{"Startup Cost": 0.0, "Node Type": "Seq Scan", "Plan Rows": 1100, "Relation Name": "table_32", "Alias": "table_32", "Parent Relationship": "Outer", "Plan Width": 44, "Total Cost": 21.0}], "Plan Rows": 1100, "Node Type": "Hash", "Parent Relationship": "Inner", "Plan Width": 44, "Total Cost": 21.0}], "Node Type": "Hash Join", "Plan Rows": 146750606117906, "Join Type": "Inner", "Hash Cond": "((table_10.col_1 = table_32.col_2) AND (table_16.col_1 = table_32.col_3))", "Parent Relationship": "Outer", "Plan Width": 1140, "Total Cost": 1756477312345001.5}, {"Startup Cost": 1664.87, "Plans": [{"Startup Cost": 1054.72, "Plans": [{"Startup Cost": 58.54, "Plans": [{"Startup Cost": 0.0, "Node Type": "Seq Scan", "Plan Rows": 830, "Relation Name": "table_57", "Alias": "table_57", "Parent Relationship": "Outer", "Plan Width": 68, "Total Cost": 18.3}], "Sort Key": ["table_57.col_0"], "Plan Rows": 830, "Node Type": "Sort", "Parent Relationship": "Outer", "Plan Width": 68, "Total Cost": 60.62}, {"Startup Cost": 996.17, "Plans": [{"Startup Cost": 199.76, "Plans": [{"Startup Cost": 76.57, "Plans": [{"Startup Cost": 0.0, "Node Type": "Seq Scan", "Plan Rows": 1100, "Relation Name": "table_58", "Alias": "table_58", "Parent Relationship": "Outer", "Plan Width": 44, "Total Cost": 21.0}], "Sort Key": ["table_58.col_0"], "Plan Rows": 1100, "Node Type": "Sort", "Parent Relationship": "Outer", "Plan Width": 44, "Total Cost": 79.32}, {"Startup Cost": 123.19, "Plans": [{"Startup Cost": 0.0, "Node Type": "Seq Scan", "Plan Rows": 1770, "Relation Name": "table_21", "Alias": "table_21", "Parent Relationship": "Outer", "Plan Width": 16, "Total Cost": 27.7}], "Sort Key": ["table_21.col_2"], "Plan Rows": 1770, "Node Type": "Sort", "Parent Relationship": "Inner", "Plan Width": 16, "Total Cost": 127.61}], "Node Type": "Merge Join", "Plan Rows": 9735, "Join Type": "Inner", "Parent Relationship": "Outer", "Plan Width": 60, "Merge Cond": "(table_58.col_0 = table_21.col_2)", "Total Cost": 351.28}], "Sort Key": ["table_21.col_0"], "Plan Rows": 9735, "Node Type": "Sort", "Parent Relationship": "Inner", "Plan Width": 60, "Total Cost": 1020.51}], "Node Type": "Merge Join", "Plan Rows": 40400, "Join Type": "Right", "Parent Relationship": "Outer", "Plan Width": 128, "Merge Cond": "(table_57.col_0 = table_21.col_0)", "Total Cost": 1664.87}], "Plan Rows": 40400, "Node Type": "Hash", "Parent Relationship": "Inner", "Plan Width": 128, "Total Cost": 1664.87}], "Node Type": "Hash Join", "Plan Rows": 29643622435817012, "Join Type": "Inner", "Hash Cond": "(table_0.col_0 = table_21.col_2)", "Parent Relationship": "Outer", "Plan Width": 1268, "Total Cost": 2836074515504585.5}, {"Startup Cost": 21.0, "Plans": [{"Startup Cost": 0.0, "Node Type": "Seq Scan", "Plan Rows": 1100, "Relation Name": "table_39", "Alias": "table_39", "Parent Relationship": "Outer", "Plan Width": 44, "Total Cost": 21.0}], "Plan Rows": 1100, "Node Type": "Hash", "Parent Relationship": "Inner", "Plan Width": 44, "Total Cost": 21.0}], "Node Type": "Hash Join", "Plan Rows": 163039923396993568, "Join Type": "Left", "Hash Cond": "(table_45.col_2 = table_39.col_3)", "Parent Relationship": "Outer", "Plan Width": 1312, "Total Cost": 8616580890488938.0}], "Sort Key": ["table_10.col_0", "table_58.col_1"], "Plan Rows": 163039923396993568, "Node Type": "Sort", "Parent Relationship": "Outer", "Plan Width": 1312, "Total Cost": 1.823838664105331e+18}], "Plan Rows": 163039923396993568, "Node Type": "Materialize", "Parent Relationship": "Inner", "Plan Width": 1312, "Total Cost": 1.8242462639138235e+18}], "Node Type": "Merge Join", "Plan Rows": 7780917304198121390080, "Join Type": "Inner", "Parent Relationship": "Outer", "Plan Width": 1432, "Merge Cond": "((table_14.col_0 = table_10.col_0) AND (table_48.col_1 = table_58.col_1))", "Total Cost": 1.3798989148872704e+20}, {"Startup Cost": 18.3, "Plans": [{"Startup Cost": 0.0, "Node Type": "Seq Scan", "Plan Rows": 830, "Relation Name": "table_52", "Alias": "table_52", "Parent Relationship": "Outer", "Plan Width": 68, "Total Cost": 18.3}], "Plan Rows": 830, "Node Type": "Hash", "Parent Relationship": "Inner", "Plan Width": 68, "Total Cost": 18.3}], "Node Type": "Hash Join", "Plan Rows": 32290806812422206128128, "Join Type": "Inner", "Hash Cond": "(table_32.col_3 = table_52.col_1)", "Parent Relationship": "Outer", "Plan Width": 1500, "Total Cost": 1.2876204231839997e+21}, {"Startup Cost": 21.6, "Plans": [{"Startup Cost": 0.0, "Node Type": "Seq Scan", "Plan Rows": 1160, "Relation Name": "table_26", "Alias": "table_26", "Parent Relationship": "Outer", "Plan Width": 40, "Total Cost": 21.6}], "Plan Rows": 1160, "Node Type": "Hash", "Parent Relationship": "Inner", "Plan Width": 40, "Total Cost": 21.6}], "Node Type": "Hash Join", "Plan Rows": 187286679512048801415168, "Join Type": "Left", "Hash Cond": "(table_30.col_1 = table_26.col_2)", "Parent Relationship": "Outer", "Plan Width": 1540, "Total Cost": 7.923381223136764e+21}, {"Startup Cost": 21.6, "Plans": [{"Startup Cost": 0.0, "Node Type": "Seq Scan", "Plan Rows": 1160, "Relation Name": "table_62", "Alias": "table_62", "Parent Relationship": "Outer", "Plan Width": 40, "Total Cost": 21.6}], "Plan Rows": 1160, "Node Type": "Hash", "Parent Relationship": "Inner", "Plan Width": 40, "Total Cost": 21.6}], "Node Type": "Hash Join", "Plan Rows": 1086262741169883041497088, "Join Type": "Left", "Hash Cond": "(table_32.col_3 = table_62.col_0)", "Parent Relationship": "Outer", "Plan Width": 1580, "Total Cost": 4.641079386286279e+22}, {"Startup Cost": 16.2, "Plans": [{"Startup Cost": 0.0, "Node Type": "Seq Scan", "Plan Rows": 620, "Relation Name": "table_20", "Alias": "table_20", "Parent Relationship": "Outer", "Plan Width": 100, "Total Cost": 16.2}], "Plan Rows": 620, "Node Type": "Hash", "Parent Relationship": "Inner", "Plan Width": 100, "Total Cost": 16.2}], "Node Type": "Hash Join", "Plan Rows": 16837072488133187076096, "Join Type": "Inner", "Hash Cond": "((table_10.col_0 = table_20.col_1) AND (table_60.col_0 = table_20.col_3))", "Parent Relationship": "Outer", "Plan Width": 1680, "Total Cost": 2.203812031749254e+23}, {"Startup Cost": 22.3, "Plans": [{"Startup Cost": 0.0, "Node Type": "Seq Scan", "Plan Rows": 1230, "Relation Name": "table_9", "Alias": "table_9", "Parent Relationship": "Outer", "Plan Width": 36, "Total Cost": 22.3}], "Plan Rows": 1230, "Node Type": "Hash", "Parent Relationship": "Inner", "Plan Width": 36, "Total Cost": 22.3}], "Node Type": "Hash Join", "Plan Rows": 103547995802019098001408, "Join Type": "Inner", "Hash Cond": "(table_45.col_2 = table_9.col_0)", "Parent Relationship": "Outer", "Plan Width": 1716, "Total Cost": 2.240474757092164e+23}, {"Startup Cost": 18.3, "Plans": [{"Startup Cost": 0.0, "Node Type": "Seq Scan", "Plan Rows": 830, "Relation Name": "table_54", "Alias": "table_54", "Parent Relationship": "Outer", "Plan Width": 68, "Total Cost": 18.3}], "Plan Rows": 830, "Node Type": "Hash", "Parent Relationship": "Inner", "Plan Width": 68, "Total Cost": 18.3}], "Node Type": "Hash Join", "Plan Rows": 429724182578379253350400, "Join Type": "Inner", "Hash Cond": "(table_0.col_2 = table_54.col_0)", "Parent Relationship": "Outer", "Plan Width": 1784, "Total Cost": 2.3934669208896476e+23}], "Sort Key": ["table_54.col_1", "table_30.col_0", "table_40.col_1", "table_21.col_3", "table_14.col_3"], "Plan Rows": 429724182578379253350400, "Node Type": "Sort", "Parent Relationship": "Outer", "Plan Width": 1784, "Total Cost": 9.371623324784648e+24}], "Plan Rows": 429724182578379253350400, "Node Type": "Materialize", "Parent Relationship": "Inner", "Plan Width": 1784, "Total Cost": 9.372697635241094e+24}], "Node Type": "Merge Join", "Plan Rows": 72595909004026629408231350337536, "Join Type": "Inner", "Parent Relationship": "Outer", "Plan Width": 2508, "Merge Cond": "((table_33.col_2 = table_54.col_1) AND (table_42.col_1 = table_0.col_1) AND (table_61.col_0 = table_40.col_1) AND (table_49.col_1 = table_21.col_3) AND (table_31.col_0 = table_14.col_3))", "Total Cost": 1.8149070971065406e+30}, {"Startup Cost": 0.0, "Plans": [{"Startup Cost": 0.0, "Node Type": "Seq Scan", "Plan Rows": 1230, "Relation Name": "table_37", "Alias": "table_37", "Parent Relationship": "Outer", "Plan Width": 36, "Total Cost": 22.3}], "Plan Rows": 1230, "Node Type": "Materialize", "Parent Relationship": "Inner", "Plan Width": 36, "Total Cost": 28.45}], "Node Type": "Nested Loop", "Plan Rows": 446464840374763751044784444145664, "Join Type": "Left", "Parent Relationship": "Outer", "Plan Width": 2544, "Join Filter": "(table_23.col_3 = table_37.col_0)", "Total Cost": 1.3412094282213977e+33}, {"Startup Cost": 0.0, "Plans": [{"Startup Cost": 0.0, "Node Type": "Seq Scan", "Plan Rows": 1160, "Relation Name": "table_64", "Alias": "table_64", "Parent Relationship": "Outer", "Plan Width": 40, "Total Cost": 21.6}], "Plan Rows": 1160, "Node Type": "Materialize", "Parent Relationship": "Inner", "Plan Width": 40, "Total Cost": 27.4}], "Node Type": "Nested Loop", "Plan Rows": 2589496074173629813705825006387200, "Join Type": "Inner", "Parent Relationship": "Outer", "Plan Width": 2584, "Join Filter": "(table_64.col_0 = table_18.col_2)", "Total Cost": 9.109697650742288e+33}, {"Startup Cost": 0.0, "Plans": [{"Startup Cost": 0.0, "Node Type": "Seq Scan", "Plan Rows": 1230, "Relation Name": "table_28", "Alias": "table_28", "Parent Relationship": "Outer", "Plan Width": 36, "Total Cost": 22.3}], "Plan Rows": 1230, "Node Type": "Materialize", "Parent Relationship": "Inner", "Plan Width": 36, "Total Cost": 28.45}], "Node Type": "Nested Loop", "Plan Rows": 15925400856167824363097140320272384, "Join Type": "Inner", "Parent Relationship": "Outer", "Plan Width": 2620, "Join Filter": "(table_15.col_0 = table_28.col_1)", "Total Cost": 5.688590021924576e+34}, {"Startup Cost": 21418641427629.89, "Plans": [{"Startup Cost": 21418641427629.89, "Plans": [{"Startup Cost": 568.9, "Plans": [{"Startup Cost": 239.88, "Plans": [{"Startup Cost": 46.23, "Plans": [{"Startup Cost": 0.0, "Node Type": "Seq Scan", "Plan Rows": 640, "Relation Name": "table_42", "Alias": "table_42_1", "Parent Relationship": "Outer", "Plan Width": 96, "Total Cost": 16.4}], "Sort Key": ["table_42_1.col_0"], "Plan Rows": 640, "Node Type": "Sort", "Parent Relationship": "Outer", "Plan Width": 96, "Total Cost": 47.83}, {"Startup Cost": 193.65, "Plans": [{"Startup Cost": 193.65, "Plans": [{"Startup Cost": 117.08, "Plans": [{"Startup Cost": 58.54, "Plans": [{"Startup Cost": 0.0, "Node Type": "Seq Scan", "Plan Rows": 830, "Relation Name": "table_0", "Alias": "table_0_2", "Parent Relationship": "Outer", "Plan Width": 68, "Total Cost": 18.3}], "Sort Key": ["table_0_2.col_1"], "Plan Rows": 830, "Node Type": "Sort", "Parent Relationship": "Outer", "Plan Width": 68, "Total Cost": 60.62}, {"Startup Cost": 58.54, "Plans": [{"Startup Cost": 0.0, "Node Type": "Seq Scan", "Plan Rows": 830, "Relation Name": "table_24", "Alias": "table_24_1", "Parent Relationship": "Outer", "Plan Width": 68, "Total Cost": 18.3}], "Sort Key": ["table_24_1.col_1"], "Plan Rows": 830, "Node Type": "Sort", "Parent Relationship": "Inner", "Plan Width": 68, "Total Cost": 60.62}], "Node Type": "Merge Join", "Plan Rows": 3444, "Join Type": "Inner", "Parent Relationship": "Outer", "Plan Width": 136, "Merge Cond": "(table_0_2.col_1 = table_24_1.col_1)", "Total Cost": 172.89}, {"Startup Cost": 76.57, "Plans": [{"Startup Cost": 0.0, "Node Type": "Seq Scan", "Plan Rows": 1100, "Relation Name": "table_15", "Alias": "table_15_1", "Parent Relationship": "Outer", "Plan Width": 44, "Total Cost": 21.0}], "Sort Key": ["table_15_1.col_3"], "Plan Rows": 1100, "Node Type": "Sort", "Parent Relationship": "Inner", "Plan Width": 44, "Total Cost": 79.32}], "Node Type": "Merge Join", "Plan Rows": 18942, "Join Type": "Inner", "Parent Relationship": "Outer", "Plan Width": 180, "Merge Cond": "(table_0_2.col_1 = table_15_1.col_3)", "Total Cost": 542.2}], "Plan Rows": 18942, "Node Type": "Materialize", "Parent Relationship": "Inner", "Plan Width": 180, "Total Cost": 589.56}], "Node Type": "Merge Join", "Plan Rows": 60614, "Join Type": "Left", "Parent Relationship": "Outer", "Plan Width": 276, "Merge Cond": "(table_42_1.col_0 = table_15_1.col_3)", "Total Cost": 1500.84}, {"Startup Cost": 329.02, "Plans": [{"Startup Cost": 329.02, "Plans": [{"Startup Cost": 291.34, "Plans": [{"Startup Cost": 58.54, "Plans": [{"Startup Cost": 0.0, "Node Type": "Seq Scan", "Plan Rows": 830, "Relation Name": "table_18", "Alias": "table_18_1", "Parent Relationship": "Outer", "Plan Width": 68, "Total Cost": 18.3}], "Sort Key": ["table_18_1.col_1"], "Plan Rows": 830, "Node Type": "Sort", "Parent Relationship": "Outer", "Plan Width": 68, "Total Cost": 60.62}, {"Startup Cost": 232.8, "Plans": [{"Startup Cost": 21.48, "Plans": [{"Startup Cost": 0.0, "Node Type": "Seq Scan", "Plan Rows": 830, "Relation Name": "table_0", "Alias": "table_0_1", "Parent Relationship": "Outer", "Plan Width": 68, "Total Cost": 18.3}, {"Startup Cost": 15.1, "Plans": [{"Startup Cost": 0.0, "Node Type": "Seq Scan", "Plan Rows": 510, "Relation Name": "table_50", "Alias": "table_50_1", "Parent Relationship": "Outer", "Plan Width": 128, "Total Cost": 15.1}], "Plan Rows": 510, "Node Type": "Hash", "Parent Relationship": "Inner", "Plan Width": 128, "Total Cost": 15.1}], "Node Type": "Hash Join", "Plan Rows": 2116, "Join Type": "Inner", "Hash Cond": "(table_0_1.col_1 = table_50_1.col_2)", "Parent Relationship": "Outer", "Plan Width": 196, "Total Cost": 115.92}], "Sort Key": ["table_50_1.col_3"], "Plan Rows": 2116, "Node Type": "Sort", "Parent Relationship": "Inner", "Plan Width": 196, "Total Cost": 238.09}], "Node Type": "Merge Join", "Plan Rows": 8781, "Join Type": "Left", "Parent Relationship": "Outer", "Plan Width": 264, "Merge Cond": "(table_18_1.col_1 = table_50_1.col_3)", "Total Cost": 427.21}, {"Startup Cost": 22.3, "Plans": [{"Startup Cost": 0.0, "Node Type": "Seq Scan", "Plan Rows": 1230, "Relation Name": "table_37", "Alias": "table_37_1", "Parent Relationship": "Outer", "Plan Width": 36, "Total Cost": 22.3}], "Plan Rows": 1230, "Node Type": "Hash", "Parent Relationship": "Inner", "Plan Width": 36, "Total Cost": 22.3}], "Node Type": "Hash Join", "Plan Rows": 54003, "Join Type": "Left", "Hash Cond": "(table_50_1.col_3 = table_37_1.col_0)", "Parent Relationship": "Outer", "Plan Width": 300, "Total Cost": 2376.94}, {"Startup Cost": 0.0, "Plans": [{"Startup Cost": 0.0, "Node Type": "Seq Scan", "Plan Rows": 1940, "Relation Name": "table_63", "Alias": "table_63", "Parent Relationship": "Outer", "Plan Width": 12, "Total Cost": 29.4}], "Plan Rows": 1940, "Node Type": "Materialize", "Parent Relationship": "Inner", "Plan Width": 12, "Total Cost": 39.1}], "Node Type": "Nested Loop", "Plan Rows": 104765820, "Join Type": "Inner", "Parent Relationship": "Inner", "Plan Width": 312, "Total Cost": 1311983.94}], "Node Type": "Nested Loop", "Plan Rows": 6350275413480, "Join Type": "Inner", "Parent Relationship": "Outer", "Plan Width": 588, "Total Cost": 143027350461.88}], "Sort Key": ["table_63.col_1"], "Plan Rows": 6350275413480, "Node Type": "Sort", "Parent Relationship": "Outer", "Plan Width": 588, "Total Cost": 21434517116163.59}], "Plan Rows": 6350275413480, "Node Type": "Materialize", "Parent Relationship": "Inner", "Plan Width": 588, "Total Cost": 21450392804697.29}], "Node Type": "Merge Join", "Plan Rows": 505653407533679372142784755770426480572497920, "Join Type": "Inner", "Parent Relationship": "Outer", "Plan Width": 3208, "Merge Cond": "(table_54.col_1 = table_63.col_1)", "Total Cost": 7.584801169930905e+42}, {"Startup Cost": 22.3, "Plans": [{"Startup Cost": 0.0, "Node Type": "Seq Scan", "Plan Rows": 1230, "Relation Name": "table_47", "Alias": "table_47", "Parent Relationship": "Outer", "Plan Width": 36, "Total Cost": 22.3}], "Plan Rows": 1230, "Node Type": "Hash", "Parent Relationship": "Inner", "Plan Width": 36, "Total Cost": 22.3}], "Plan Rows": 3109768456332127980221801219459447668432961536, "Node Type": "Hash Join", "Join Type": "Right", "Hash Cond": "(table_59.col_1 = table_47.col_0)", "Plan Width": 3244, "Total Cost": 1.176908306603896e+44}}]