[{"Plan": {"Startup Cost": 3.283287091463797e+30, "Plans": [{"Startup Cost": 3.283287091463797e+30, "Plans": [{"Startup Cost": 816405069.01, "Plans": [{"Startup Cost": 816404454.83, "Plans": [{"Startup Cost": 816404454.83, "Plans": [{"Startup Cost": 816404454.83, "Plans": [{"Startup Cost": 816404262.91, "Plans": [{"Startup Cost": 816404262.91, "Plans": [{"Startup Cost": 1031426.28, "Plans": [{"Startup Cost": 432997.21, "Plans": [{"Startup Cost": 6074.24, "Plans": [{"Startup Cost": 223.71, "Plans": [{"Startup Cost": 199.76, "Plans": [{"Startup Cost": 76.57, "Plans": [{"Startup Cost": 0.0, "Node Type": "Seq Scan", "Plan Rows": 1100, "Relation Name": "table_47", "Alias": "table_47", "Parent Relationship": "Outer", "Plan Width": 44, "Total Cost": 21.0}], "Sort Key": ["table_47.col_2"], "Plan Rows": 1100, "Node Type": "Sort", "Parent Relationship": "Outer", "Plan Width": 44, "Total Cost": 79.32}, {"Startup Cost": 123.19, "Plans": [{"Startup Cost": 0.0, "Node Type": "Seq Scan", "Plan Rows": 1770, "Relation Name": "table_64", "Alias": "table_64", "Parent Relationship": "Outer", "Plan Width": 16, "Total Cost": 27.7}], "Sort Key": ["table_64.col_2"], "Plan Rows": 1770, "Node Type": "Sort", "Parent Relationship": "Inner", "Plan Width": 16, "Total Cost": 127.61}], "Node Type": "Merge Join", "Plan Rows": 9735, "Join Type": "Inner", "Parent Relationship": "Outer", "Plan Width": 60, "Merge Cond": "(table_47.col_2 = table_64.col_2)", "Total Cost": 351.28}, {"Startup Cost": 16.2, "Plans": [{"Startup Cost": 0.0, "Node Type": "Seq Scan", "Plan Rows": 620, "Relation Name": "table_10", "Alias": "table_10", "Parent Relationship": "Outer", "Plan Width": 100, "Total Cost": 16.2}], "Plan Rows": 620, "Node Type": "Hash", "Parent Relationship": "Inner", "Plan Width": 100, "Total Cost": 16.2}], "Node Type": "Hash Join", "Plan Rows": 30178, "Join Type": "Inner", "Hash Cond": "(table_47.col_3 = table_10.col_2)", "Parent Relationship": "Outer", "Plan Width": 160, "Total Cost": 1455.81}], "Sort Key": ["table_64.col_2", "table_10.col_3"], "Plan Rows": 30178, "Node Type": "Sort", "Parent Relationship": "Outer", "Plan Width": 160, "Total Cost": 6149.68}, {"Startup Cost": 426922.97, "Plans": [{"Startup Cost": 426922.97, "Plans": [{"Startup Cost": 0.0, "Plans": [{"Startup Cost": 0.0, "Node Type": "Seq Scan", "Plan Rows": 2140, "Relation Name": "table_1", "Alias": "table_1", "Parent Relationship": "Outer", "Plan Width": 8, "Total Cost": 31.4}, {"Startup Cost": 0.0, "Plans": [{"Startup Cost": 0.0, "Node Type": "Seq Scan", "Plan Rows": 800, "Relation Name": "table_61", "Alias": "table_61", "Parent Relationship": "Outer", "Plan Width": 72, "Total Cost": 18.0}], "Plan Rows": 800, "Node Type": "Materialize", "Parent Relationship": "Inner", "Plan Width": 72, "Total Cost": 22.0}], "Node Type": "Nested Loop", "Plan Rows": 1712000, "Join Type": "Inner", "Parent Relationship": "Outer", "Plan Width": 80, "Total Cost": 21451.4}], "Sort Key": ["table_1.col_0", "table_61.col_1"], "Plan Rows": 1712000, "Node Type": "Sort", "Parent Relationship": "Outer", "Plan Width": 80, "Total Cost": 431202.97}], "Plan Rows": 1712000, "Node Type": "Materialize", "Parent Relationship": "Inner", "Plan Width": 80, "Total Cost": 435482.97}], "Node Type": "Merge Join", "Plan Rows": 1291618, "Join Type": "Inner", "Parent Relationship": "Outer", "Plan Width": 240, "Merge Cond": "((table_47.col_2 = table_1.col_0) AND (table_10.col_3 = table_61.col_1))", "Total Cost": 463259.72}], "Sort Key": ["table_1.col_0", "table_10.col_1"], "Plan Rows": 1291618, "Node Type": "Sort", "Parent Relationship": "Outer", "Plan Width": 240, "Total Cost": 1034655.32}, {"Startup Cost": 815372836.63, "Plans": [{"Startup Cost": 815372836.63, "Plans": [{"Startup Cost": 669.37, "Plans": [{"Startup Cost": 669.37, "Plans": [{"Startup Cost": 631.69, "Plans": [{"Startup Cost": 607.29, "Plans": [{"Startup Cost": 80.64, "Plans": [{"Startup Cost": 0.0, "Node Type": "Seq Scan", "Plan Rows": 1160, "Relation Name": "table_22", "Alias": "table_22", "Parent Relationship": "Outer", "Plan Width": 40, "Total Cost": 21.6}], "Sort Key": ["table_22.col_0"], "Plan Rows": 1160, "Node Type": "Sort", "Parent Relationship": "Outer", "Plan Width": 40, "Total Cost": 83.54}, {"Startup Cost": 526.65, "Plans": [{"Startup Cost": 141.16, "Plans": [{"Startup Cost": 60.52, "Plans": [{"Startup Cost": 0.0, "Node Type": "Seq Scan", "Plan Rows": 860, "Relation Name": "table_40", "Alias": "table_40", "Parent Relationship": "Outer", "Plan Width": 64, "Total Cost": 18.6}], "Sort Key": ["table_40.col_1"], "Plan Rows": 860, "Node Type": "Sort", "Parent Relationship": "Outer", "Plan Width": 64, "Total Cost": 62.67}, {"Startup Cost": 80.64, "Plans": [{"Startup Cost": 0.0, "Node Type": "Seq Scan", "Plan Rows": 1160, "Relation Name": "table_34", "Alias": "table_34", "Parent Relationship": "Outer", "Plan Width": 40, "Total Cost": 21.6}], "Sort Key": ["table_34.col_0"], "Plan Rows": 1160, "Node Type": "Sort", "Parent Relationship": "Inner", "Plan Width": 40, "Total Cost": 83.54}], "Node Type": "Merge Join", "Plan Rows": 4988, "Join Type": "Inner", "Parent Relationship": "Outer", "Plan Width": 104, "Merge Cond": "(table_40.col_1 = table_34.col_0)", "Total Cost": 220.28}], "Sort Key": ["table_34.col_1"], "Plan Rows": 4988, "Node Type": "Sort", "Parent Relationship": "Inner", "Plan Width": 104, "Total Cost": 539.12}], "Node Type": "Merge Join", "Plan Rows": 28930, "Join Type": "Right", "Parent Relationship": "Outer", "Plan Width": 144, "Merge Cond": "(table_22.col_0 = table_34.col_1)", "Total Cost": 1047.04}, {"Startup Cost": 16.4, "Plans": [{"Startup Cost": 0.0, "Node Type": "Seq Scan", "Plan Rows": 640, "Relation Name": "table_4", "Alias": "table_4", "Parent Relationship": "Outer", "Plan Width": 96, "Total Cost": 16.4}], "Plan Rows": 640, "Node Type": "Hash", "Parent Relationship": "Inner", "Plan Width": 96, "Total Cost": 16.4}], "Node Type": "Hash Join", "Plan Rows": 92576, "Join Type": "Inner", "Hash Cond": "(table_34.col_0 = table_4.col_1)", "Parent Relationship": "Outer", "Plan Width": 240, "Total Cost": 4383.93}, {"Startup Cost": 22.3, "Plans": [{"Startup Cost": 0.0, "Node Type": "Seq Scan", "Plan Rows": 1230, "Relation Name": "table_30", "Alias": "table_30", "Parent Relationship": "Outer", "Plan Width": 36, "Total Cost": 22.3}], "Plan Rows": 1230, "Node Type": "Hash", "Parent Relationship": "Inner", "Plan Width": 36, "Total Cost": 22.3}], "Node Type": "Hash Join", "Plan Rows": 569342, "Join Type": "Left", "Hash Cond": "(table_34.col_2 = table_30.col_1)", "Parent Relationship": "Outer", "Plan Width": 276, "Total Cost": 24580.02}, {"Startup Cost": 0.0, "Plans": [{"Startup Cost": 0.0, "Node Type": "Seq Scan", "Plan Rows": 1230, "Relation Name": "table_54", "Alias": "table_54", "Parent Relationship": "Outer", "Plan Width": 36, "Total Cost": 22.3}], "Plan Rows": 1230, "Node Type": "Materialize", "Parent Relationship": "Inner", "Plan Width": 36, "Total Cost": 28.45}], "Node Type": "Nested Loop", "Plan Rows": 700290660, "Join Type": "Inner", "Parent Relationship": "Outer", "Plan Width": 312, "Total Cost": 8778238.65}], "Sort Key": ["table_34.col_2", "table_54.col_1"], "Plan Rows": 700290660, "Node Type": "Sort", "Parent Relationship": "Outer", "Plan Width": 312, "Total Cost": 817123563.28}], "Plan Rows": 700290660, "Node Type": "Materialize", "Parent Relationship": "Inner", "Plan Width": 312, "Total Cost": 818874289.93}], "Node Type": "Merge Join", "Plan Rows": 22612700542, "Join Type": "Inner", "Parent Relationship": "Outer", "Plan Width": 552, "Merge Cond": "((table_47.col_2 = table_34.col_2) AND (table_10.col_1 = table_54.col_1))", "Total Cost": 1213886936.18}, {"Startup Cost": 0.0, "Plans": [{"Startup Cost": 0.0, "Node Type": "Seq Scan", "Plan Rows": 1230, "Relation Name": "table_3", "Alias": "table_3", "Parent Relationship": "Outer", "Plan Width": 36, "Total Cost": 22.3}], "Plan Rows": 1230, "Node Type": "Materialize", "Parent Relationship": "Inner", "Plan Width": 36, "Total Cost": 28.45}], "Node Type": "Nested Loop", "Plan Rows": 139068108333, "Join Type": "Left", "Parent Relationship": "Outer", "Plan Width": 588, "Join Filter": "(table_1.col_1 = table_3.col_0)", "Total Cost": 418418211961.45}, {"Startup Cost": 191.92, "Plans": [{"Startup Cost": 191.92, "Plans": [{"Startup Cost": 56.58, "Plans": [{"Startup Cost": 0.0, "Node Type": "Seq Scan", "Plan Rows": 800, "Relation Name": "table_15", "Alias": "table_15", "Parent Relationship": "Outer", "Plan Width": 72, "Total Cost": 18.0}], "Sort Key": ["table_15.col_2"], "Plan Rows": 800, "Node Type": "Sort", "Parent Relationship": "Outer", "Plan Width": 72, "Total Cost": 58.58}, {"Startup Cost": 135.34, "Plans": [{"Startup Cost": 0.0, "Node Type": "Seq Scan", "Plan Rows": 1940, "Relation Name": "table_9", "Alias": "table_9", "Parent Relationship": "Outer", "Plan Width": 12, "Total Cost": 29.4}], "Sort Key": ["table_9.col_1"], "Plan Rows": 1940, "Node Type": "Sort", "Parent Relationship": "Inner", "Plan Width": 12, "Total Cost": 140.19}], "Node Type": "Merge Join", "Plan Rows": 7760, "Join Type": "Left", "Parent Relationship": "Outer", "Plan Width": 84, "Merge Cond": "(table_15.col_2 = table_9.col_1)", "Total Cost": 312.32}], "Plan Rows": 7760, "Node Type": "Materialize", "Parent Relationship": "Inner", "Plan Width": 84, "Total Cost": 351.12}], "Node Type": "Nested Loop", "Plan Rows": 5395842603320, "Join Type": "Inner", "Parent Relationship": "Outer", "Plan Width": 672, "Join Filter": "(table_34.col_0 = table_15.col_1)", "Total Cost": 16605946022254.37}, {"Startup Cost": 0.0, "Plans": [{"Startup Cost": 0.0, "Node Type": "Seq Scan", "Plan Rows": 1100, "Relation Name": "table_60", "Alias": "table_60", "Parent Relationship": "Outer", "Plan Width": 44, "Total Cost": 21.0}], "Plan Rows": 1100, "Node Type": "Materialize", "Parent Relationship": "Inner", "Plan Width": 44, "Total Cost": 26.5}], "Node Type": "Nested Loop", "Plan Rows": 29677134318260, "Join Type": "Left", "Parent Relationship": "Outer", "Plan Width": 716, "Join Filter": "(table_9.col_2 = table_60.col_1)", "Total Cost": 105637348977058.12}, {"Startup Cost": 0.0, "Plans": [{"Startup Cost": 0.0, "Node Type": "Seq Scan", "Plan Rows": 800, "Relation Name": "table_16", "Alias": "table_16", "Parent Relationship": "Outer", "Plan Width": 72, "Total Cost": 18.0}], "Plan Rows": 800, "Node Type": "Materialize", "Parent Relationship": "Inner", "Plan Width": 72, "Total Cost": 22.0}], "Node Type": "Nested Loop", "Plan Rows": 118708537273040, "Join Type": "Inner", "Parent Relationship": "Outer", "Plan Width": 788, "Join Filter": "(table_64.col_0 = table_16.col_1)", "Total Cost": 461762960796198.1}, {"Startup Cost": 614.18, "Plans": [{"Startup Cost": 614.18, "Plans": [{"Startup Cost": 578.08, "Plans": [{"Startup Cost": 56.58, "Plans": [{"Startup Cost": 0.0, "Node Type": "Seq Scan", "Plan Rows": 800, "Relation Name": "table_61", "Alias": "table_61_1", "Parent Relationship": "Outer", "Plan Width": 72, "Total Cost": 18.0}], "Sort Key": ["table_61_1.col_1"], "Plan Rows": 800, "Node Type": "Sort", "Parent Relationship": "Outer", "Plan Width": 72, "Total Cost": 58.58}, {"Startup Cost": 521.51, "Plans": [{"Startup Cost": 142.0, "Plans": [{"Startup Cost": 56.58, "Plans": [{"Startup Cost": 0.0, "Node Type": "Seq Scan", "Plan Rows": 800, "Relation Name": "table_51", "Alias": "table_51_1", "Parent Relationship": "Outer", "Plan Width": 72, "Total Cost": 18.0}], "Sort Key": ["table_51_1.col_2"], "Plan Rows": 800, "Node Type": "Sort", "Parent Relationship": "Outer", "Plan Width": 72, "Total Cost": 58.58}, {"Startup Cost": 85.43, "Plans": [{"Startup Cost": 0.0, "Node Type": "Seq Scan", "Plan Rows": 1230, "Relation Name": "table_0", "Alias": "table_0_2", "Parent Relationship": "Outer", "Plan Width": 36, "Total Cost": 22.3}], "Sort Key": ["table_0_2.col_0"], "Plan Rows": 1230, "Node Type": "Sort", "Parent Relationship": "Inner", "Plan Width": 36, "Total Cost": 88.5}], "Node Type": "Merge Join", "Plan Rows": 4920, "Join Type": "Inner", "Parent Relationship": "Outer", "Plan Width": 108, "Merge Cond": "(table_51_1.col_2 = table_0_2.col_0)", "Total Cost": 219.8}], "Sort Key": ["table_0_2.col_1"], "Plan Rows": 4920, "Node Type": "Sort", "Parent Relationship": "Inner", "Plan Width": 108, "Total Cost": 533.81}], "Node Type": "Merge Join", "Plan Rows": 19680, "Join Type": "Left", "Parent Relationship": "Outer", "Plan Width": 180, "Merge Cond": "(table_61_1.col_1 = table_0_2.col_1)", "Total Cost": 877.28}, {"Startup Cost": 21.6, "Plans": [{"Startup Cost": 0.0, "Node Type": "Seq Scan", "Plan Rows": 1160, "Relation Name": "table_53", "Alias": "table_53", "Parent Relationship": "Outer", "Plan Width": 40, "Total Cost": 21.6}], "Plan Rows": 1160, "Node Type": "Hash", "Parent Relationship": "Inner", "Plan Width": 40, "Total Cost": 21.6}], "Node Type": "Hash Join", "Plan Rows": 114144, "Join Type": "Left", "Hash Cond": "(table_0_2.col_0 = table_53.col_0)", "Parent Relationship": "Outer", "Plan Width": 220, "Total Cost": 4957.62}], "Plan Rows": 114144, "Node Type": "Materialize", "Parent Relationship": "Inner", "Plan Width": 220, "Total Cost": 8928.34}], "Node Type": "Nested Loop", "Plan Rows": 13549867278493878272, "Join Type": "Inner", "Parent Relationship": "Outer", "Plan Width": 1008, "Total Cost": 5.73444130670311e+17}, {"Startup Cost": 3.283287091463797e+30, "Plans": [{"Startup Cost": 3.283287091463797e+30, "Plans": [{"Startup Cost": 4388582.57, "Plans": [{"Startup Cost": 4388554.57, "Plans": [{"Startup Cost": 4388526.57, "Plans": [{"Startup Cost": 4388498.57, "Plans": [{"Startup Cost": 4388440.42, "Plans": [{"Startup Cost": 285.97, "Plans": [{"Startup Cost": 85.43, "Plans": [{"Startup Cost": 0.0, "Node Type": "Seq Scan", "Plan Rows": 1230, "Relation Name": "table_0", "Alias": "table_0", "Parent Relationship": "Outer", "Plan Width": 36, "Total Cost": 22.3}], "Sort Key": ["table_0.col_1"], "Plan Rows": 1230, "Node Type": "Sort", "Parent Relationship": "Outer", "Plan Width": 36, "Total Cost": 88.5}, {"Startup Cost": 200.54, "Plans": [{"Startup Cost": 200.54, "Plans": [{"Startup Cost": 56.58, "Plans": [{"Startup Cost": 0.0, "Node Type": "Seq Scan", "Plan Rows": 800, "Relation Name": "table_55", "Alias": "table_55", "Parent Relationship": "Outer", "Plan Width": 72, "Total Cost": 18.0}], "Sort Key": ["table_55.col_3"], "Plan Rows": 800, "Node Type": "Sort", "Parent Relationship": "Outer", "Plan Width": 72, "Total Cost": 58.58}, {"Startup Cost": 143.97, "Plans": [{"Startup Cost": 143.97, "Plans": [{"Startup Cost": 58.54, "Plans": [{"Startup Cost": 0.0, "Node Type": "Seq Scan", "Plan Rows": 830, "Relation Name": "table_41", "Alias": "table_41", "Parent Relationship": "Outer", "Plan Width": 68, "Total Cost": 18.3}], "Sort Key": ["table_41.col_0"], "Plan Rows": 830, "Node Type": "Sort", "Parent Relationship": "Outer", "Plan Width": 68, "Total Cost": 60.62}, {"Startup Cost": 85.43, "Plans": [{"Startup Cost": 0.0, "Node Type": "Seq Scan", "Plan Rows": 1230, "Relation Name": "table_57", "Alias": "table_57", "Parent Relationship": "Outer", "Plan Width": 36, "Total Cost": 22.3}], "Sort Key": ["table_57.col_0"], "Plan Rows": 1230, "Node Type": "Sort", "Parent Relationship": "Inner", "Plan Width": 36, "Total Cost": 88.5}], "Node Type": "Merge Join", "Plan Rows": 5104, "Join Type": "Inner", "Parent Relationship": "Outer", "Plan Width": 104, "Merge Cond": "(table_41.col_0 = table_57.col_0)", "Total Cost": 224.68}], "Plan Rows": 5104, "Node Type": "Materialize", "Parent Relationship": "Inner", "Plan Width": 104, "Total Cost": 237.44}], "Node Type": "Merge Join", "Plan Rows": 20416, "Join Type": "Inner", "Parent Relationship": "Outer", "Plan Width": 176, "Merge Cond": "(table_55.col_3 = table_41.col_0)", "Total Cost": 591.49}], "Plan Rows": 20416, "Node Type": "Materialize", "Parent Relationship": "Inner", "Plan Width": 176, "Total Cost": 642.53}], "Node Type": "Merge Join", "Plan Rows": 125558, "Join Type": "Inner", "Parent Relationship": "Outer", "Plan Width": 212, "Merge Cond": "(table_0.col_1 = table_41.col_0)", "Total Cost": 2566.44}, {"Startup Cost": 4388154.45, "Plans": [{"Startup Cost": 4388154.45, "Plans": [{"Startup Cost": 4287790.2, "Plans": [{"Startup Cost": 4287790.2, "Plans": [{"Startup Cost": 4287790.2, "Plans": [{"Startup Cost": 4287558.83, "Plans": [{"Startup Cost": 4287558.83, "Plans": [{"Startup Cost": 4287558.83, "Plans": [{"Startup Cost": 4287502.25, "Plans": [{"Startup Cost": 155.12, "Plans": [{"Startup Cost": 155.12, "Plans": [{"Startup Cost": 96.58, "Plans": [{"Startup Cost": 38.04, "Plans": [{"Startup Cost": 0.0, "Node Type": "Seq Scan", "Plan Rows": 510, "Relation Name": "table_42", "Alias": "table_42", "Parent Relationship": "Outer", "Plan Width": 128, "Total Cost": 15.1}], "Sort Key": ["table_42.col_0"], "Plan Rows": 510, "Node Type": "Sort", "Parent Relationship": "Outer", "Plan Width": 128, "Total Cost": 39.31}, {"Startup Cost": 58.54, "Plans": [{"Startup Cost": 0.0, "Node Type": "Seq Scan", "Plan Rows": 830, "Relation Name": "table_21", "Alias": "table_21", "Parent Relationship": "Outer", "Plan Width": 68, "Total Cost": 18.3}], "Sort Key": ["table_21.col_2"], "Plan Rows": 830, "Node Type": "Sort", "Parent Relationship": "Inner", "Plan Width": 68, "Total Cost": 60.62}], "Node Type": "Merge Join", "Plan Rows": 2116, "Join Type": "Inner", "Parent Relationship": "Outer", "Plan Width": 196, "Merge Cond": "(table_42.col_0 = table_21.col_2)", "Total Cost": 130.87}, {"Startup Cost": 58.54, "Plans": [{"Startup Cost": 0.0, "Node Type": "Seq Scan", "Plan Rows": 830, "Relation Name": "table_5", "Alias": "table_5", "Parent Relationship": "Outer", "Plan Width": 68, "Total Cost": 18.3}], "Sort Key": ["table_5.col_1"], "Plan Rows": 830, "Node Type": "Sort", "Parent Relationship": "Inner", "Plan Width": 68, "Total Cost": 60.62}], "Node Type": "Merge Join", "Plan Rows": 8781, "Join Type": "Left", "Parent Relationship": "Outer", "Plan Width": 264, "Merge Cond": "(table_21.col_2 = table_5.col_1)", "Total Cost": 326.42}, {"Startup Cost": 0.0, "Plans": [{"Startup Cost": 0.0, "Node Type": "Seq Scan", "Plan Rows": 620, "Relation Name": "table_12", "Alias": "table_12", "Parent Relationship": "Outer", "Plan Width": 100, "Total Cost": 16.2}], "Plan Rows": 620, "Node Type": "Materialize", "Parent Relationship": "Inner", "Plan Width": 100, "Total Cost": 19.3}], "Node Type": "Nested Loop", "Plan Rows": 5444220, "Join Type": "Inner", "Parent Relationship": "Outer", "Plan Width": 364, "Total Cost": 68396.92}], "Sort Key": ["table_42.col_1", "table_12.col_1"], "Plan Rows": 5444220, "Node Type": "Sort", "Parent Relationship": "Outer", "Plan Width": 364, "Total Cost": 4301112.8}, {"Startup Cost": 56.58, "Plans": [{"Startup Cost": 0.0, "Node Type": "Seq Scan", "Plan Rows": 800, "Relation Name": "table_17", "Alias": "table_17", "Parent Relationship": "Outer", "Plan Width": 72, "Total Cost": 18.0}], "Sort Key": ["table_17.col_2", "table_17.col_1"], "Plan Rows": 800, "Node Type": "Sort", "Parent Relationship": "Inner", "Plan Width": 72, "Total Cost": 58.58}], "Node Type": "Merge Join", "Plan Rows": 108884, "Join Type": "Inner", "Parent Relationship": "Outer", "Plan Width": 436, "Merge Cond": "((table_42.col_1 = table_17.col_2) AND (table_12.col_1 = table_17.col_1))", "Total Cost": 4330295.95}, {"Startup Cost": 0.0, "Plans": [{"Startup Cost": 0.0, "Node Type": "Seq Scan", "Plan Rows": 800, "Relation Name": "table_51", "Alias": "table_51", "Parent Relationship": "Outer", "Plan Width": 72, "Total Cost": 18.0}], "Plan Rows": 800, "Node Type": "Materialize", "Parent Relationship": "Inner", "Plan Width": 72, "Total Cost": 22.0}], "Node Type": "Nested Loop", "Plan Rows": 435536, "Join Type": "Left", "Parent Relationship": "Outer", "Plan Width": 508, "Join Filter": "(table_42.col_3 = table_51.col_1)", "Total Cost": 5636923.95}, {"Startup Cost": 0.0, "Plans": [{"Startup Cost": 0.0, "Node Type": "Seq Scan", "Plan Rows": 2140, "Relation Name": "table_37", "Alias": "table_37", "Parent Relationship": "Outer", "Plan Width": 8, "Total Cost": 31.4}], "Plan Rows": 2140, "Node Type": "Materialize", "Parent Relationship": "Inner", "Plan Width": 8, "Total Cost": 42.1}], "Node Type": "Nested Loop", "Plan Rows": 4660235, "Join Type": "Inner", "Parent Relationship": "Outer", "Plan Width": 516, "Join Filter": "(table_17.col_3 = table_37.col_1)", "Total Cost": 19617666.3}, {"Startup Cost": 231.37, "Plans": [{"Startup Cost": 231.37, "Plans": [{"Startup Cost": 60.52, "Plans": [{"Startup Cost": 0.0, "Node Type": "Seq Scan", "Plan Rows": 860, "Relation Name": "table_25", "Alias": "table_25", "Parent Relationship": "Outer", "Plan Width": 64, "Total Cost": 18.6}], "Sort Key": ["table_25.col_0"], "Plan Rows": 860, "Node Type": "Sort", "Parent Relationship": "Outer", "Plan Width": 64, "Total Cost": 62.67}, {"Startup Cost": 170.85, "Plans": [{"Startup Cost": 170.85, "Plans": [{"Startup Cost": 85.43, "Plans": [{"Startup Cost": 0.0, "Node Type": "Seq Scan", "Plan Rows": 1230, "Relation Name": "table_7", "Alias": "table_7", "Parent Relationship": "Outer", "Plan Width": 36, "Total Cost": 22.3}], "Sort Key": ["table_7.col_1"], "Plan Rows": 1230, "Node Type": "Sort", "Parent Relationship": "Outer", "Plan Width": 36, "Total Cost": 88.5}, {"Startup Cost": 85.43, "Plans": [{"Startup Cost": 0.0, "Node Type": "Seq Scan", "Plan Rows": 1230, "Relation Name": "table_46", "Alias": "table_46", "Parent Relationship": "Outer", "Plan Width": 36, "Total Cost": 22.3}], "Sort Key": ["table_46.col_1"], "Plan Rows": 1230, "Node Type": "Sort", "Parent Relationship": "Inner", "Plan Width": 36, "Total Cost": 88.5}], "Node Type": "Merge Join", "Plan Rows": 7564, "Join Type": "Inner", "Parent Relationship": "Outer", "Plan Width": 72, "Merge Cond": "(table_7.col_1 = table_46.col_1)", "Total Cost": 290.46}], "Plan Rows": 7564, "Node Type": "Materialize", "Parent Relationship": "Inner", "Plan Width": 72, "Total Cost": 309.37}], "Node Type": "Merge Join", "Plan Rows": 32525, "Join Type": "Inner", "Parent Relationship": "Outer", "Plan Width": 136, "Merge Cond": "(table_25.col_0 = table_46.col_1)", "Total Cost": 843.15}], "Plan Rows": 32525, "Node Type": "Materialize", "Parent Relationship": "Inner", "Plan Width": 136, "Total Cost": 1641.78}], "Node Type": "Nested Loop", "Plan Rows": 151574143375, "Join Type": "Inner", "Parent Relationship": "Outer", "Plan Width": 652, "Total Cost": 4878204842.95}, {"Startup Cost": 0.0, "Plans": [{"Startup Cost": 0.0, "Node Type": "Seq Scan", "Plan Rows": 2140, "Relation Name": "table_20", "Alias": "table_20", "Parent Relationship": "Outer", "Plan Width": 8, "Total Cost": 31.4}], "Plan Rows": 2140, "Node Type": "Materialize", "Parent Relationship": "Inner", "Plan Width": 8, "Total Cost": 42.1}], "Node Type": "Nested Loop", "Plan Rows": 1621843334112, "Join Type": "Left", "Parent Relationship": "Outer", "Plan Width": 660, "Join Filter": "(table_21.col_1 = table_20.col_1)", "Total Cost": 4870408207217.2}, {"Startup Cost": 0.0, "Plans": [{"Startup Cost": 0.0, "Node Type": "Seq Scan", "Plan Rows": 860, "Relation Name": "table_2", "Alias": "table_2", "Parent Relationship": "Outer", "Plan Width": 64, "Total Cost": 18.6}], "Plan Rows": 860, "Node Type": "Materialize", "Parent Relationship": "Inner", "Plan Width": 64, "Total Cost": 22.9}], "Node Type": "Nested Loop", "Plan Rows": 6973926336682, "Join Type": "Inner", "Parent Relationship": "Outer", "Plan Width": 724, "Join Filter": "(table_2.col_0 = table_46.col_1)", "Total Cost": 25792187217282.75}, {"Startup Cost": 100364.26, "Plans": [{"Startup Cost": 100082.96, "Plans": [{"Startup Cost": 100082.96, "Plans": [{"Startup Cost": 100048.21, "Plans": [{"Startup Cost": 100010.53, "Plans": [{"Startup Cost": 99975.78, "Plans": [{"Startup Cost": 99687.3, "Plans": [{"Startup Cost": 99652.55, "Plans": [{"Startup Cost": 99628.6, "Plans": [{"Startup Cost": 99600.6, "Plans": [{"Startup Cost": 123.46, "Plans": [{"Startup Cost": 38.04, "Plans": [{"Startup Cost": 0.0, "Node Type": "Seq Scan", "Plan Rows": 510, "Relation Name": "table_23", "Alias": "table_23", "Parent Relationship": "Outer", "Plan Width": 128, "Total Cost": 15.1}], "Sort Key": ["table_23.col_0"], "Plan Rows": 510, "Node Type": "Sort", "Parent Relationship": "Outer", "Plan Width": 128, "Total Cost": 39.31}, {"Startup Cost": 85.43, "Plans": [{"Startup Cost": 0.0, "Node Type": "Seq Scan", "Plan Rows": 1230, "Relation Name": "table_8", "Alias": "table_8", "Parent Relationship": "Outer", "Plan Width": 36, "Total Cost": 22.3}], "Sort Key": ["table_8.col_0"], "Plan Rows": 1230, "Node Type": "Sort", "Parent Relationship": "Inner", "Plan Width": 36, "Total Cost": 88.5}], "Node Type": "Merge Join", "Plan Rows": 3136, "Join Type": "Left", "Parent Relationship": "Outer", "Plan Width": 164, "Merge Cond": "(table_23.col_0 = table_8.col_0)", "Total Cost": 173.05}, {"Startup Cost": 99477.14, "Plans": [{"Startup Cost": 99477.14, "Plans": [{"Startup Cost": 26.0, "Plans": [{"Startup Cost": 0.0, "Plans": [{"Startup Cost": 0.0, "Node Type": "Seq Scan", "Plan Rows": 860, "Relation Name": "table_44", "Alias": "table_44", "Parent Relationship": "Outer", "Plan Width": 64, "Total Cost": 18.6}, {"Startup Cost": 0.0, "Plans": [{"Startup Cost": 0.0, "Node Type": "Seq Scan", "Plan Rows": 640, "Relation Name": "table_39", "Alias": "table_39", "Parent Relationship": "Outer", "Plan Width": 96, "Total Cost": 16.4}], "Plan Rows": 640, "Node Type": "Materialize", "Parent Relationship": "Inner", "Plan Width": 96, "Total Cost": 19.6}], "Node Type": "Nested Loop", "Plan Rows": 550400, "Join Type": "Inner", "Parent Relationship": "Outer", "Plan Width": 160, "Total Cost": 6916.6}, {"Startup Cost": 16.4, "Plans": [{"Startup Cost": 0.0, "Node Type": "Seq Scan", "Plan Rows": 640, "Relation Name": "table_26", "Alias": "table_26", "Parent Relationship": "Outer", "Plan Width": 96, "Total Cost": 16.4}], "Plan Rows": 640, "Node Type": "Hash", "Parent Relationship": "Inner", "Plan Width": 96, "Total Cost": 16.4}], "Node Type": "Hash Join", "Plan Rows": 8806, "Join Type": "Inner", "Hash Cond": "((table_39.col_0 = table_26.col_2) AND (table_44.col_1 = table_26.col_1))", "Parent Relationship": "Outer", "Plan Width": 256, "Total Cost": 97846.66}], "Sort Key": ["table_44.col_0"], "Plan Rows": 8806, "Node Type": "Sort", "Parent Relationship": "Outer", "Plan Width": 256, "Total Cost": 99499.16}], "Plan Rows": 8806, "Node Type": "Materialize", "Parent Relationship": "Inner", "Plan Width": 256, "Total Cost": 99521.17}], "Node Type": "Merge Join", "Plan Rows": 138078, "Join Type": "Inner", "Parent Relationship": "Outer", "Plan Width": 420, "Merge Cond": "(table_23.col_0 = table_44.col_0)", "Total Cost": 101751.22}, {"Startup Cost": 18.0, "Plans": [{"Startup Cost": 0.0, "Node Type": "Seq Scan", "Plan Rows": 800, "Relation Name": "table_58", "Alias": "table_58", "Parent Relationship": "Outer", "Plan Width": 72, "Total Cost": 18.0}], "Plan Rows": 800, "Node Type": "Hash", "Parent Relationship": "Inner", "Plan Width": 72, "Total Cost": 18.0}], "Node Type": "Hash Join", "Plan Rows": 552312, "Join Type": "Inner", "Hash Cond": "(table_26.col_2 = table_58.col_3)", "Parent Relationship": "Outer", "Plan Width": 492, "Total Cost": 121455.33}, {"Startup Cost": 16.2, "Plans": [{"Startup Cost": 0.0, "Node Type": "Seq Scan", "Plan Rows": 620, "Relation Name": "table_49", "Alias": "table_49", "Parent Relationship": "Outer", "Plan Width": 100, "Total Cost": 16.2}], "Plan Rows": 620, "Node Type": "Hash", "Parent Relationship": "Inner", "Plan Width": 100, "Total Cost": 16.2}], "Node Type": "Hash Join", "Plan Rows": 1712167, "Join Type": "Inner", "Hash Cond": "(table_23.col_2 = table_49.col_2)", "Parent Relationship": "Outer", "Plan Width": 592, "Total Cost": 182785.91}, {"Startup Cost": 21.0, "Plans": [{"Startup Cost": 0.0, "Node Type": "Seq Scan", "Plan Rows": 1100, "Relation Name": "table_56", "Alias": "table_56", "Parent Relationship": "Outer", "Plan Width": 44, "Total Cost": 21.0}], "Plan Rows": 1100, "Node Type": "Hash", "Parent Relationship": "Inner", "Plan Width": 44, "Total Cost": 21.0}], "Node Type": "Hash Join", "Plan Rows": 9416918, "Join Type": "Inner", "Hash Cond": "(table_58.col_3 = table_56.col_0)", "Parent Relationship": "Outer", "Plan Width": 636, "Total Cost": 516693.22}, {"Startup Cost": 224.68, "Plans": [{"Startup Cost": 143.97, "Plans": [{"Startup Cost": 58.54, "Plans": [{"Startup Cost": 0.0, "Node Type": "Seq Scan", "Plan Rows": 830, "Relation Name": "table_18", "Alias": "table_18", "Parent Relationship": "Outer", "Plan Width": 68, "Total Cost": 18.3}], "Sort Key": ["table_18.col_2"], "Plan Rows": 830, "Node Type": "Sort", "Parent Relationship": "Outer", "Plan Width": 68, "Total Cost": 60.62}, {"Startup Cost": 85.43, "Plans": [{"Startup Cost": 0.0, "Node Type": "Seq Scan", "Plan Rows": 1230, "Relation Name": "table_31", "Alias": "table_31", "Parent Relationship": "Outer", "Plan Width": 36, "Total Cost": 22.3}], "Sort Key": ["table_31.col_1"], "Plan Rows": 1230, "Node Type": "Sort", "Parent Relationship": "Inner", "Plan Width": 36, "Total Cost": 88.5}], "Node Type": "Merge Join", "Plan Rows": 5104, "Join Type": "Inner", "Parent Relationship": "Outer", "Plan Width": 104, "Merge Cond": "(table_18.col_2 = table_31.col_1)", "Total Cost": 224.68}], "Plan Rows": 5104, "Node Type": "Hash", "Parent Relationship": "Inner", "Plan Width": 104, "Total Cost": 224.68}], "Node Type": "Hash Join", "Plan Rows": 240319747, "Join Type": "Inner", "Hash Cond": "(table_26.col_1 = table_31.col_1)", "Parent Relationship": "Outer", "Plan Width": 740, "Total Cost": 8947006.69}, {"Startup Cost": 21.0, "Plans": [{"Startup Cost": 0.0, "Node Type": "Seq Scan", "Plan Rows": 1100, "Relation Name": "table_27", "Alias": "table_27", "Parent Relationship": "Outer", "Plan Width": 44, "Total Cost": 21.0}], "Plan Rows": 1100, "Node Type": "Hash", "Parent Relationship": "Inner", "Plan Width": 44, "Total Cost": 21.0}], "Node Type": "Hash Join", "Plan Rows": 1321758608, "Join Type": "Inner", "Hash Cond": "(table_58.col_0 = table_27.col_0)", "Parent Relationship": "Outer", "Plan Width": 784, "Total Cost": 55809392.1}, {"Startup Cost": 22.3, "Plans": [{"Startup Cost": 0.0, "Node Type": "Seq Scan", "Plan Rows": 1230, "Relation Name": "table_59", "Alias": "table_59", "Parent Relationship": "Outer", "Plan Width": 36, "Total Cost": 22.3}], "Plan Rows": 1230, "Node Type": "Hash", "Parent Relationship": "Inner", "Plan Width": 36, "Total Cost": 22.3}], "Node Type": "Hash Join", "Plan Rows": 8128815439, "Join Type": "Inner", "Hash Cond": "(table_26.col_1 = table_59.col_0)", "Parent Relationship": "Outer", "Plan Width": 820, "Total Cost": 343622366.67}, {"Startup Cost": 21.0, "Plans": [{"Startup Cost": 0.0, "Node Type": "Seq Scan", "Plan Rows": 1100, "Relation Name": "table_24", "Alias": "table_24", "Parent Relationship": "Outer", "Plan Width": 44, "Total Cost": 21.0}], "Plan Rows": 1100, "Node Type": "Hash", "Parent Relationship": "Inner", "Plan Width": 44, "Total Cost": 21.0}], "Node Type": "Hash Join", "Plan Rows": 44708484914, "Join Type": "Inner", "Hash Cond": "(table_56.col_1 = table_24.col_1)", "Parent Relationship": "Outer", "Plan Width": 864, "Total Cost": 1928741412.02}, {"Startup Cost": 0.0, "Plans": [{"Startup Cost": 0.0, "Node Type": "Seq Scan", "Plan Rows": 1230, "Relation Name": "table_59", "Alias": "table_59_1", "Parent Relationship": "Outer", "Plan Width": 36, "Total Cost": 22.3}], "Plan Rows": 1230, "Node Type": "Materialize", "Parent Relationship": "Inner", "Plan Width": 36, "Total Cost": 28.45}], "Node Type": "Nested Loop", "Plan Rows": 54991436444220, "Join Type": "Inner", "Parent Relationship": "Outer", "Plan Width": 900, "Total Cost": 689321696990.14}, {"Startup Cost": 219.8, "Plans": [{"Startup Cost": 142.0, "Plans": [{"Startup Cost": 56.58, "Plans": [{"Startup Cost": 0.0, "Node Type": "Seq Scan", "Plan Rows": 800, "Relation Name": "table_48", "Alias": "table_48_1", "Parent Relationship": "Outer", "Plan Width": 72, "Total Cost": 18.0}], "Sort Key": ["table_48_1.col_0"], "Plan Rows": 800, "Node Type": "Sort", "Parent Relationship": "Outer", "Plan Width": 72, "Total Cost": 58.58}, {"Startup Cost": 85.43, "Plans": [{"Startup Cost": 0.0, "Node Type": "Seq Scan", "Plan Rows": 1230, "Relation Name": "table_0", "Alias": "table_0_1", "Parent Relationship": "Outer", "Plan Width": 36, "Total Cost": 22.3}], "Sort Key": ["table_0_1.col_1"], "Plan Rows": 1230, "Node Type": "Sort", "Parent Relationship": "Inner", "Plan Width": 36, "Total Cost": 88.5}], "Node Type": "Merge Join", "Plan Rows": 4920, "Join Type": "Inner", "Parent Relationship": "Outer", "Plan Width": 108, "Merge Cond": "(table_48_1.col_0 = table_0_1.col_1)", "Total Cost": 219.8}], "Plan Rows": 4920, "Node Type": "Hash", "Parent Relationship": "Inner", "Plan Width": 108, "Total Cost": 219.8}], "Node Type": "Hash Join", "Plan Rows": 1352789336527812, "Join Type": "Left", "Hash Cond": "(table_59_1.col_1 = table_0_1.col_0)", "Parent Relationship": "Inner", "Plan Width": 1008, "Total Cost": 48174427066855.41}], "Node Type": "Nested Loop", "Plan Rows": 47171265909969384332328960, "Join Type": "Inner", "Parent Relationship": "Outer", "Plan Width": 1732, "Join Filter": "(table_42.col_0 = table_58.col_3)", "Total Cost": 4.5389306975112544e+26}], "Plan Rows": 47171265909969384332328960, "Node Type": "Materialize", "Parent Relationship": "Inner", "Plan Width": 1732, "Total Cost": 4.540109979159004e+26}], "Node Type": "Merge Join", "Plan Rows": 148068245128098398565564416, "Join Type": "Inner", "Parent Relationship": "Outer", "Plan Width": 1944, "Join Filter": "(table_0.col_0 = table_46.col_0)", "Merge Cond": "(table_0.col_1 = table_42.col_1)", "Total Cost": 9.7213192769947e+26}, {"Startup Cost": 31.4, "Plans": [{"Startup Cost": 0.0, "Node Type": "Seq Scan", "Plan Rows": 2140, "Relation Name": "table_29", "Alias": "table_29", "Parent Relationship": "Outer", "Plan Width": 8, "Total Cost": 31.4}], "Plan Rows": 2140, "Node Type": "Hash", "Parent Relationship": "Inner", "Plan Width": 8, "Total Cost": 31.4}], "Node Type": "Hash Join", "Plan Rows": 1584330222870653022706335744, "Join Type": "Left", "Hash Cond": "(table_0_1.col_0 = table_29.col_1)", "Parent Relationship": "Outer", "Plan Width": 1952, "Total Cost": 1.027953656112763e+27}, {"Startup Cost": 18.0, "Plans": [{"Startup Cost": 0.0, "Node Type": "Seq Scan", "Plan Rows": 800, "Relation Name": "table_48", "Alias": "table_48", "Parent Relationship": "Outer", "Plan Width": 72, "Total Cost": 18.0}], "Plan Rows": 800, "Node Type": "Hash", "Parent Relationship": "Inner", "Plan Width": 72, "Total Cost": 18.0}], "Node Type": "Hash Join", "Plan Rows": 6337320891482612090825342976, "Join Type": "Left", "Hash Cond": "(table_21.col_0 = table_48.col_2)", "Parent Relationship": "Outer", "Plan Width": 2024, "Total Cost": 1.253720712871831e+27}, {"Startup Cost": 18.0, "Plans": [{"Startup Cost": 0.0, "Node Type": "Seq Scan", "Plan Rows": 800, "Relation Name": "table_62", "Alias": "table_62", "Parent Relationship": "Outer", "Plan Width": 72, "Total Cost": 18.0}], "Plan Rows": 800, "Node Type": "Hash", "Parent Relationship": "Inner", "Plan Width": 72, "Total Cost": 18.0}], "Node Type": "Hash Join", "Plan Rows": 25349283565930448363301371904, "Join Type": "Left", "Hash Cond": "(table_20.col_0 = table_62.col_2)", "Parent Relationship": "Outer", "Plan Width": 2096, "Total Cost": 2.156788939908103e+27}, {"Startup Cost": 18.0, "Plans": [{"Startup Cost": 0.0, "Node Type": "Seq Scan", "Plan Rows": 800, "Relation Name": "table_28", "Alias": "table_28", "Parent Relationship": "Outer", "Plan Width": 72, "Total Cost": 18.0}], "Plan Rows": 800, "Node Type": "Hash", "Parent Relationship": "Inner", "Plan Width": 72, "Total Cost": 18.0}], "Node Type": "Hash Join", "Plan Rows": 101397134263721793453205487616, "Join Type": "Left", "Hash Cond": "(table_25.col_0 = table_28.col_0)", "Parent Relationship": "Outer", "Plan Width": 2168, "Total Cost": 5.769061848053192e+27}], "Sort Key": ["table_41.col_1"], "Plan Rows": 101397134263721793453205487616, "Node Type": "Sort", "Parent Relationship": "Outer", "Plan Width": 2168, "Total Cost": 3.2835405842994564e+30}], "Plan Rows": 101397134263721793453205487616, "Node Type": "Materialize", "Parent Relationship": "Inner", "Plan Width": 2168, "Total Cost": 3.2837940771351155e+30}], "Node Type": "Merge Join", "Plan Rows": 6869588558465271935687871841510297006579384320, "Join Type": "Inner", "Parent Relationship": "Outer", "Plan Width": 3176, "Merge Cond": "(table_47.col_2 = table_41.col_1)", "Total Cost": 1.0304382837698236e+44}, {"Startup Cost": 21.6, "Plans": [{"Startup Cost": 0.0, "Node Type": "Seq Scan", "Plan Rows": 1160, "Relation Name": "table_50", "Alias": "table_50", "Parent Relationship": "Outer", "Plan Width": 40, "Total Cost": 21.6}], "Plan Rows": 1160, "Node Type": "Hash", "Parent Relationship": "Inner", "Plan Width": 40, "Total Cost": 21.6}], "Plan Rows": 39843613639098577226989656680759722638160429056, "Node Type": "Hash Join", "Join Type": "Right", "Hash Cond": "(table_61.col_0 = table_50.col_2)", "Plan Width": 3216, "Total Cost": 1.5147442771415956e+45}}]