[{"Plan": {"Startup Cost": 1.1038912165421213e+29, "Plans": [{"Startup Cost": 1.1038912165421213e+29, "Plans": [{"Startup Cost": 629.41, "Plans": [{"Startup Cost": 153.14, "Plans": [{"Startup Cost": 76.57, "Plans": [{"Startup Cost": 0.0, "Node Type": "Seq Scan", "Plan Rows": 1100, "Relation Name": "table_56", "Alias": "table_56", "Parent Relationship": "Outer", "Plan Width": 44, "Total Cost": 21.0}], "Sort Key": ["table_56.col_1"], "Plan Rows": 1100, "Node Type": "Sort", "Parent Relationship": "Outer", "Plan Width": 44, "Total Cost": 79.32}, {"Startup Cost": 76.57, "Plans": [{"Startup Cost": 0.0, "Node Type": "Seq Scan", "Plan Rows": 1100, "Relation Name": "table_24", "Alias": "table_24", "Parent Relationship": "Outer", "Plan Width": 44, "Total Cost": 21.0}], "Sort Key": ["table_24.col_1"], "Plan Rows": 1100, "Node Type": "Sort", "Parent Relationship": "Inner", "Plan Width": 44, "Total Cost": 79.32}], "Node Type": "Merge Join", "Plan Rows": 6050, "Join Type": "Inner", "Parent Relationship": "Outer", "Plan Width": 88, "Merge Cond": "(table_56.col_1 = table_24.col_1)", "Total Cost": 249.39}], "Sort Key": ["table_56.col_0"], "Plan Rows": 6050, "Node Type": "Sort", "Parent Relationship": "Outer", "Plan Width": 88, "Total Cost": 644.53}, {"Startup Cost": 1.1038912165421213e+29, "Plans": [{"Startup Cost": 1.1038912165421213e+29, "Plans": [{"Startup Cost": 1.1038912165264697e+29, "Plans": [{"Startup Cost": 7.528006968553811e+20, "Plans": [{"Startup Cost": 406.14, "Plans": [{"Startup Cost": 406.14, "Plans": [{"Startup Cost": 406.14, "Plans": [{"Startup Cost": 370.04, "Plans": [{"Startup Cost": 370.04, "Plans": [{"Startup Cost": 370.04, "Plans": [{"Startup Cost": 332.37, "Plans": [{"Startup Cost": 297.62, "Plans": [{"Startup Cost": 243.97, "Plans": [{"Startup Cost": 60.52, "Plans": [{"Startup Cost": 0.0, "Node Type": "Seq Scan", "Plan Rows": 860, "Relation Name": "table_40", "Alias": "table_40", "Parent Relationship": "Outer", "Plan Width": 64, "Total Cost": 18.6}], "Sort Key": ["table_40.col_1"], "Plan Rows": 860, "Node Type": "Sort", "Parent Relationship": "Outer", "Plan Width": 64, "Total Cost": 62.67}, {"Startup Cost": 183.45, "Plans": [{"Startup Cost": 183.45, "Plans": [{"Startup Cost": 102.81, "Plans": [{"Startup Cost": 46.23, "Plans": [{"Startup Cost": 0.0, "Node Type": "Seq Scan", "Plan Rows": 640, "Relation Name": "table_4", "Alias": "table_4", "Parent Relationship": "Outer", "Plan Width": 96, "Total Cost": 16.4}], "Sort Key": ["table_4.col_1"], "Plan Rows": 640, "Node Type": "Sort", "Parent Relationship": "Outer", "Plan Width": 96, "Total Cost": 47.83}, {"Startup Cost": 56.58, "Plans": [{"Startup Cost": 0.0, "Node Type": "Seq Scan", "Plan Rows": 800, "Relation Name": "table_15", "Alias": "table_15", "Parent Relationship": "Outer", "Plan Width": 72, "Total Cost": 18.0}], "Sort Key": ["table_15.col_1"], "Plan Rows": 800, "Node Type": "Sort", "Parent Relationship": "Inner", "Plan Width": 72, "Total Cost": 58.58}], "Node Type": "Merge Join", "Plan Rows": 2560, "Join Type": "Inner", "Parent Relationship": "Outer", "Plan Width": 168, "Merge Cond": "(table_4.col_1 = table_15.col_1)", "Total Cost": 144.41}, {"Startup Cost": 80.64, "Plans": [{"Startup Cost": 0.0, "Node Type": "Seq Scan", "Plan Rows": 1160, "Relation Name": "table_34", "Alias": "table_34", "Parent Relationship": "Outer", "Plan Width": 40, "Total Cost": 21.6}], "Sort Key": ["table_34.col_0"], "Plan Rows": 1160, "Node Type": "Sort", "Parent Relationship": "Inner", "Plan Width": 40, "Total Cost": 83.54}], "Node Type": "Merge Join", "Plan Rows": 14848, "Join Type": "Inner", "Parent Relationship": "Outer", "Plan Width": 208, "Merge Cond": "(table_4.col_1 = table_34.col_0)", "Total Cost": 454.17}], "Plan Rows": 14848, "Node Type": "Materialize", "Parent Relationship": "Inner", "Plan Width": 208, "Total Cost": 491.29}], "Node Type": "Merge Join", "Plan Rows": 63846, "Join Type": "Inner", "Parent Relationship": "Outer", "Plan Width": 272, "Merge Cond": "(table_40.col_1 = table_34.col_0)", "Total Cost": 1476.68}, {"Startup Cost": 29.4, "Plans": [{"Startup Cost": 0.0, "Node Type": "Seq Scan", "Plan Rows": 1940, "Relation Name": "table_9", "Alias": "table_9", "Parent Relationship": "Outer", "Plan Width": 12, "Total Cost": 29.4}], "Plan Rows": 1940, "Node Type": "Hash", "Parent Relationship": "Inner", "Plan Width": 12, "Total Cost": 29.4}], "Node Type": "Hash Join", "Plan Rows": 619306, "Join Type": "Left", "Hash Cond": "(table_15.col_2 = table_9.col_1)", "Parent Relationship": "Outer", "Plan Width": 284, "Total Cost": 23365.66}, {"Startup Cost": 21.0, "Plans": [{"Startup Cost": 0.0, "Node Type": "Seq Scan", "Plan Rows": 1100, "Relation Name": "table_60", "Alias": "table_60", "Parent Relationship": "Outer", "Plan Width": 44, "Total Cost": 21.0}], "Plan Rows": 1100, "Node Type": "Hash", "Parent Relationship": "Inner", "Plan Width": 44, "Total Cost": 21.0}], "Node Type": "Hash Join", "Plan Rows": 3406183, "Join Type": "Left", "Hash Cond": "(table_9.col_2 = table_60.col_1)", "Parent Relationship": "Outer", "Plan Width": 328, "Total Cost": 144165.08}, {"Startup Cost": 22.3, "Plans": [{"Startup Cost": 0.0, "Node Type": "Seq Scan", "Plan Rows": 1230, "Relation Name": "table_30", "Alias": "table_30", "Parent Relationship": "Outer", "Plan Width": 36, "Total Cost": 22.3}], "Plan Rows": 1230, "Node Type": "Hash", "Parent Relationship": "Inner", "Plan Width": 36, "Total Cost": 22.3}], "Node Type": "Hash Join", "Plan Rows": 20948025, "Join Type": "Left", "Hash Cond": "(table_34.col_2 = table_30.col_1)", "Parent Relationship": "Outer", "Plan Width": 364, "Total Cost": 885899.1}, {"Startup Cost": 0.0, "Plans": [{"Startup Cost": 0.0, "Node Type": "Seq Scan", "Plan Rows": 800, "Relation Name": "table_58", "Alias": "table_58", "Parent Relationship": "Outer", "Plan Width": 72, "Total Cost": 18.0}], "Plan Rows": 800, "Node Type": "Materialize", "Parent Relationship": "Inner", "Plan Width": 72, "Total Cost": 22.0}], "Node Type": "Nested Loop", "Plan Rows": 16758420000, "Join Type": "Inner", "Parent Relationship": "Outer", "Plan Width": 436, "Total Cost": 210366169.1}, {"Startup Cost": 0.0, "Plans": [{"Startup Cost": 0.0, "Node Type": "Seq Scan", "Plan Rows": 1230, "Relation Name": "table_54", "Alias": "table_54", "Parent Relationship": "Outer", "Plan Width": 36, "Total Cost": 22.3}], "Plan Rows": 1230, "Node Type": "Materialize", "Parent Relationship": "Inner", "Plan Width": 36, "Total Cost": 28.45}], "Node Type": "Nested Loop", "Plan Rows": 20612856600000, "Join Type": "Inner", "Parent Relationship": "Outer", "Plan Width": 472, "Total Cost": 257871073694.47}, {"Startup Cost": 21.6, "Plans": [{"Startup Cost": 0.0, "Node Type": "Seq Scan", "Plan Rows": 1160, "Relation Name": "table_22", "Alias": "table_22", "Parent Relationship": "Outer", "Plan Width": 40, "Total Cost": 21.6}], "Plan Rows": 1160, "Node Type": "Hash", "Parent Relationship": "Inner", "Plan Width": 40, "Total Cost": 21.6}], "Node Type": "Hash Join", "Plan Rows": 119554568280000, "Join Type": "Left", "Hash Cond": "(table_34.col_1 = table_22.col_0)", "Parent Relationship": "Outer", "Plan Width": 512, "Total Cost": 4493813105030.57}, {"Startup Cost": 0.0, "Plans": [{"Startup Cost": 0.0, "Node Type": "Seq Scan", "Plan Rows": 800, "Relation Name": "table_55", "Alias": "table_55", "Parent Relationship": "Outer", "Plan Width": 72, "Total Cost": 18.0}], "Plan Rows": 800, "Node Type": "Materialize", "Parent Relationship": "Inner", "Plan Width": 72, "Total Cost": 22.0}], "Node Type": "Nested Loop", "Plan Rows": 95643654624000000, "Join Type": "Inner", "Parent Relationship": "Outer", "Plan Width": 584, "Total Cost": 1200039495905050.8}, {"Startup Cost": 0.0, "Plans": [{"Startup Cost": 0.0, "Node Type": "Seq Scan", "Plan Rows": 1230, "Relation Name": "table_7", "Alias": "table_7", "Parent Relationship": "Outer", "Plan Width": 36, "Total Cost": 22.3}], "Plan Rows": 1230, "Node Type": "Materialize", "Parent Relationship": "Inner", "Plan Width": 36, "Total Cost": 28.45}], "Node Type": "Nested Loop", "Plan Rows": 117641695187519995904, "Join Type": "Inner", "Parent Relationship": "Outer", "Plan Width": 620, "Total Cost": 1.4717212293399053e+18}], "Sort Key": ["table_58.col_3", "table_55.col_3", "table_34.col_2", "table_7.col_1", "table_54.col_1", "table_58.col_0"], "Plan Rows": 117641695187519995904, "Node Type": "Sort", "Parent Relationship": "Outer", "Plan Width": 620, "Total Cost": 7.5309480109335e+20}, {"Startup Cost": 1.1038912089984628e+29, "Plans": [{"Startup Cost": 1.1038912089984628e+29, "Plans": [{"Startup Cost": 1436505397496571.8, "Plans": [{"Startup Cost": 1436505397496321.0, "Plans": [{"Startup Cost": 1436505397496321.0, "Plans": [{"Startup Cost": 1436505397496097.2, "Plans": [{"Startup Cost": 1436505397496097.2, "Plans": [{"Startup Cost": 1436505397495955.2, "Plans": [{"Startup Cost": 1436505397495898.8, "Plans": [{"Startup Cost": 838.29, "Plans": [{"Startup Cost": 60.52, "Plans": [{"Startup Cost": 0.0, "Node Type": "Seq Scan", "Plan Rows": 860, "Relation Name": "table_2", "Alias": "table_2", "Parent Relationship": "Outer", "Plan Width": 64, "Total Cost": 18.6}], "Sort Key": ["table_2.col_0"], "Plan Rows": 860, "Node Type": "Sort", "Parent Relationship": "Outer", "Plan Width": 64, "Total Cost": 62.67}, {"Startup Cost": 777.77, "Plans": [{"Startup Cost": 170.85, "Plans": [{"Startup Cost": 85.43, "Plans": [{"Startup Cost": 0.0, "Node Type": "Seq Scan", "Plan Rows": 1230, "Relation Name": "table_46", "Alias": "table_46", "Parent Relationship": "Outer", "Plan Width": 36, "Total Cost": 22.3}], "Sort Key": ["table_46.col_0"], "Plan Rows": 1230, "Node Type": "Sort", "Parent Relationship": "Outer", "Plan Width": 36, "Total Cost": 88.5}, {"Startup Cost": 85.43, "Plans": [{"Startup Cost": 0.0, "Node Type": "Seq Scan", "Plan Rows": 1230, "Relation Name": "table_0", "Alias": "table_0", "Parent Relationship": "Outer", "Plan Width": 36, "Total Cost": 22.3}], "Sort Key": ["table_0.col_0"], "Plan Rows": 1230, "Node Type": "Sort", "Parent Relationship": "Inner", "Plan Width": 36, "Total Cost": 88.5}], "Node Type": "Merge Join", "Plan Rows": 7564, "Join Type": "Inner", "Parent Relationship": "Outer", "Plan Width": 72, "Merge Cond": "(table_46.col_0 = table_0.col_0)", "Total Cost": 290.46}], "Sort Key": ["table_46.col_1"], "Plan Rows": 7564, "Node Type": "Sort", "Parent Relationship": "Inner", "Plan Width": 72, "Total Cost": 796.68}], "Node Type": "Merge Join", "Plan Rows": 32525, "Join Type": "Inner", "Parent Relationship": "Outer", "Plan Width": 136, "Merge Cond": "(table_2.col_0 = table_46.col_1)", "Total Cost": 1330.46}, {"Startup Cost": 1436505397495060.5, "Plans": [{"Startup Cost": 1436505397495060.5, "Plans": [{"Startup Cost": 0.0, "Plans": [{"Startup Cost": 0.0, "Plans": [{"Startup Cost": 0.0, "Plans": [{"Startup Cost": 0.0, "Plans": [{"Startup Cost": 0.0, "Node Type": "Seq Scan", "Plan Rows": 1230, "Relation Name": "table_59", "Alias": "table_59_1", "Parent Relationship": "Outer", "Plan Width": 36, "Total Cost": 22.3}, {"Startup Cost": 0.0, "Plans": [{"Startup Cost": 0.0, "Node Type": "Seq Scan", "Plan Rows": 800, "Relation Name": "table_16", "Alias": "table_16", "Parent Relationship": "Outer", "Plan Width": 72, "Total Cost": 18.0}], "Plan Rows": 800, "Node Type": "Materialize", "Parent Relationship": "Inner", "Plan Width": 72, "Total Cost": 22.0}], "Node Type": "Nested Loop", "Plan Rows": 984000, "Join Type": "Inner", "Parent Relationship": "Outer", "Plan Width": 108, "Total Cost": 12342.3}, {"Startup Cost": 0.0, "Plans": [{"Startup Cost": 0.0, "Node Type": "Seq Scan", "Plan Rows": 1100, "Relation Name": "table_27", "Alias": "table_27", "Parent Relationship": "Outer", "Plan Width": 44, "Total Cost": 21.0}], "Plan Rows": 1100, "Node Type": "Materialize", "Parent Relationship": "Inner", "Plan Width": 44, "Total Cost": 26.5}], "Node Type": "Nested Loop", "Plan Rows": 1082400000, "Join Type": "Inner", "Parent Relationship": "Outer", "Plan Width": 152, "Total Cost": 13542366.05}, {"Startup Cost": 0.0, "Plans": [{"Startup Cost": 0.0, "Node Type": "Seq Scan", "Plan Rows": 640, "Relation Name": "table_39", "Alias": "table_39", "Parent Relationship": "Outer", "Plan Width": 96, "Total Cost": 16.4}], "Plan Rows": 640, "Node Type": "Materialize", "Parent Relationship": "Inner", "Plan Width": 96, "Total Cost": 19.6}], "Node Type": "Nested Loop", "Plan Rows": 692736000000, "Join Type": "Inner", "Parent Relationship": "Outer", "Plan Width": 248, "Total Cost": 8672742384.05}, {"Startup Cost": 0.0, "Plans": [{"Startup Cost": 0.0, "Node Type": "Seq Scan", "Plan Rows": 860, "Relation Name": "table_25", "Alias": "table_25", "Parent Relationship": "Outer", "Plan Width": 64, "Total Cost": 18.6}], "Plan Rows": 860, "Node Type": "Materialize", "Parent Relationship": "Inner", "Plan Width": 64, "Total Cost": 22.9}], "Node Type": "Nested Loop", "Plan Rows": 595752960000000, "Join Type": "Inner", "Parent Relationship": "Outer", "Plan Width": 312, "Total Cost": 7455584742404.8}], "Sort Key": ["table_25.col_0"], "Plan Rows": 595752960000000, "Node Type": "Sort", "Parent Relationship": "Outer", "Plan Width": 312, "Total Cost": 1437994779895060.5}], "Plan Rows": 595752960000000, "Node Type": "Materialize", "Parent Relationship": "Inner", "Plan Width": 312, "Total Cost": 1439484162295060.5}], "Node Type": "Merge Join", "Plan Rows": 96884325120000000, "Join Type": "Inner", "Parent Relationship": "Outer", "Plan Width": 448, "Merge Cond": "(table_46.col_1 = table_25.col_0)", "Total Cost": 2891259656696472.0}, {"Startup Cost": 56.58, "Plans": [{"Startup Cost": 0.0, "Node Type": "Seq Scan", "Plan Rows": 800, "Relation Name": "table_28", "Alias": "table_28", "Parent Relationship": "Outer", "Plan Width": 72, "Total Cost": 18.0}], "Sort Key": ["table_28.col_0"], "Plan Rows": 800, "Node Type": "Sort", "Parent Relationship": "Inner", "Plan Width": 72, "Total Cost": 58.58}], "Node Type": "Merge Join", "Plan Rows": 387537300480000000, "Join Type": "Left", "Parent Relationship": "Outer", "Plan Width": 520, "Merge Cond": "(table_25.col_0 = table_28.col_0)", "Total Cost": 8946529976696529.0}, {"Startup Cost": 142.0, "Plans": [{"Startup Cost": 142.0, "Plans": [{"Startup Cost": 56.58, "Plans": [{"Startup Cost": 0.0, "Node Type": "Seq Scan", "Plan Rows": 800, "Relation Name": "table_48", "Alias": "table_48_1", "Parent Relationship": "Outer", "Plan Width": 72, "Total Cost": 18.0}], "Sort Key": ["table_48_1.col_0"], "Plan Rows": 800, "Node Type": "Sort", "Parent Relationship": "Outer", "Plan Width": 72, "Total Cost": 58.58}, {"Startup Cost": 85.43, "Plans": [{"Startup Cost": 0.0, "Node Type": "Seq Scan", "Plan Rows": 1230, "Relation Name": "table_0", "Alias": "table_0_1", "Parent Relationship": "Outer", "Plan Width": 36, "Total Cost": 22.3}], "Sort Key": ["table_0_1.col_1"], "Plan Rows": 1230, "Node Type": "Sort", "Parent Relationship": "Inner", "Plan Width": 36, "Total Cost": 88.5}], "Node Type": "Merge Join", "Plan Rows": 4920, "Join Type": "Inner", "Parent Relationship": "Outer", "Plan Width": 108, "Merge Cond": "(table_48_1.col_0 = table_0_1.col_1)", "Total Cost": 219.8}], "Plan Rows": 4920, "Node Type": "Materialize", "Parent Relationship": "Inner", "Plan Width": 108, "Total Cost": 244.4}], "Node Type": "Nested Loop", "Plan Rows": 9533417591808000000, "Join Type": "Left", "Parent Relationship": "Outer", "Plan Width": 628, "Join Filter": "(table_0_1.col_0 = table_59_1.col_1)", "Total Cost": 2.86091993054007e+19}, {"Startup Cost": 0.0, "Plans": [{"Startup Cost": 0.0, "Node Type": "Seq Scan", "Plan Rows": 2140, "Relation Name": "table_29", "Alias": "table_29", "Parent Relationship": "Outer", "Plan Width": 8, "Total Cost": 31.4}], "Plan Rows": 2140, "Node Type": "Materialize", "Parent Relationship": "Inner", "Plan Width": 8, "Total Cost": 42.1}], "Node Type": "Nested Loop", "Plan Rows": 102007568232345600000, "Join Type": "Left", "Parent Relationship": "Outer", "Plan Width": 636, "Join Filter": "(table_0_1.col_0 = table_29.col_1)", "Total Cost": 3.3463190400243755e+20}, {"Startup Cost": 223.71, "Plans": [{"Startup Cost": 223.71, "Plans": [{"Startup Cost": 199.76, "Plans": [{"Startup Cost": 76.57, "Plans": [{"Startup Cost": 0.0, "Node Type": "Seq Scan", "Plan Rows": 1100, "Relation Name": "table_47", "Alias": "table_47", "Parent Relationship": "Outer", "Plan Width": 44, "Total Cost": 21.0}], "Sort Key": ["table_47.col_2"], "Plan Rows": 1100, "Node Type": "Sort", "Parent Relationship": "Outer", "Plan Width": 44, "Total Cost": 79.32}, {"Startup Cost": 123.19, "Plans": [{"Startup Cost": 0.0, "Node Type": "Seq Scan", "Plan Rows": 1770, "Relation Name": "table_64", "Alias": "table_64", "Parent Relationship": "Outer", "Plan Width": 16, "Total Cost": 27.7}], "Sort Key": ["table_64.col_2"], "Plan Rows": 1770, "Node Type": "Sort", "Parent Relationship": "Inner", "Plan Width": 16, "Total Cost": 127.61}], "Node Type": "Merge Join", "Plan Rows": 9735, "Join Type": "Inner", "Parent Relationship": "Outer", "Plan Width": 60, "Merge Cond": "(table_47.col_2 = table_64.col_2)", "Total Cost": 351.28}, {"Startup Cost": 16.2, "Plans": [{"Startup Cost": 0.0, "Node Type": "Seq Scan", "Plan Rows": 620, "Relation Name": "table_10", "Alias": "table_10", "Parent Relationship": "Outer", "Plan Width": 100, "Total Cost": 16.2}], "Plan Rows": 620, "Node Type": "Hash", "Parent Relationship": "Inner", "Plan Width": 100, "Total Cost": 16.2}], "Node Type": "Hash Join", "Plan Rows": 30178, "Join Type": "Inner", "Hash Cond": "(table_47.col_3 = table_10.col_2)", "Parent Relationship": "Outer", "Plan Width": 160, "Total Cost": 1455.81}], "Plan Rows": 30178, "Node Type": "Materialize", "Parent Relationship": "Inner", "Plan Width": 160, "Total Cost": 2284.7}], "Node Type": "Nested Loop", "Plan Rows": 15391921970578628542464, "Join Type": "Inner", "Parent Relationship": "Outer", "Plan Width": 796, "Join Filter": "(table_64.col_0 = table_16.col_1)", "Total Cost": 1.1567152907726864e+23}, {"Startup Cost": 0.0, "Plans": [{"Startup Cost": 0.0, "Node Type": "Seq Scan", "Plan Rows": 800, "Relation Name": "table_61", "Alias": "table_61", "Parent Relationship": "Outer", "Plan Width": 72, "Total Cost": 18.0}], "Plan Rows": 800, "Node Type": "Materialize", "Parent Relationship": "Inner", "Plan Width": 72, "Total Cost": 22.0}], "Node Type": "Nested Loop", "Plan Rows": 61567687882314514169856, "Join Type": "Inner", "Parent Relationship": "Outer", "Plan Width": 868, "Join Filter": "(table_61.col_1 = table_10.col_3)", "Total Cost": 3.0037459272421217e+23}, {"Startup Cost": 250.65, "Plans": [{"Startup Cost": 250.65, "Plans": [{"Startup Cost": 222.65, "Plans": [{"Startup Cost": 56.58, "Plans": [{"Startup Cost": 0.0, "Node Type": "Seq Scan", "Plan Rows": 800, "Relation Name": "table_51", "Alias": "table_51_1", "Parent Relationship": "Outer", "Plan Width": 72, "Total Cost": 18.0}], "Sort Key": ["table_51_1.col_2"], "Plan Rows": 800, "Node Type": "Sort", "Parent Relationship": "Outer", "Plan Width": 72, "Total Cost": 58.58}, {"Startup Cost": 166.07, "Plans": [{"Startup Cost": 166.07, "Plans": [{"Startup Cost": 85.43, "Plans": [{"Startup Cost": 0.0, "Node Type": "Seq Scan", "Plan Rows": 1230, "Relation Name": "table_0", "Alias": "table_0_2", "Parent Relationship": "Outer", "Plan Width": 36, "Total Cost": 22.3}], "Sort Key": ["table_0_2.col_0"], "Plan Rows": 1230, "Node Type": "Sort", "Parent Relationship": "Outer", "Plan Width": 36, "Total Cost": 88.5}, {"Startup Cost": 80.64, "Plans": [{"Startup Cost": 0.0, "Node Type": "Seq Scan", "Plan Rows": 1160, "Relation Name": "table_53", "Alias": "table_53", "Parent Relationship": "Outer", "Plan Width": 40, "Total Cost": 21.6}], "Sort Key": ["table_53.col_0"], "Plan Rows": 1160, "Node Type": "Sort", "Parent Relationship": "Inner", "Plan Width": 40, "Total Cost": 83.54}], "Node Type": "Merge Join", "Plan Rows": 7134, "Join Type": "Left", "Parent Relationship": "Outer", "Plan Width": 76, "Merge Cond": "(table_0_2.col_0 = table_53.col_0)", "Total Cost": 279.23}], "Plan Rows": 7134, "Node Type": "Materialize", "Parent Relationship": "Inner", "Plan Width": 76, "Total Cost": 297.06}], "Node Type": "Merge Join", "Plan Rows": 28536, "Join Type": "Inner", "Parent Relationship": "Outer", "Plan Width": 148, "Merge Cond": "(table_51_1.col_2 = table_0_2.col_0)", "Total Cost": 767.85}, {"Startup Cost": 18.0, "Plans": [{"Startup Cost": 0.0, "Node Type": "Seq Scan", "Plan Rows": 800, "Relation Name": "table_61", "Alias": "table_61_1", "Parent Relationship": "Outer", "Plan Width": 72, "Total Cost": 18.0}], "Plan Rows": 800, "Node Type": "Hash", "Parent Relationship": "Inner", "Plan Width": 72, "Total Cost": 18.0}], "Node Type": "Hash Join", "Plan Rows": 114144, "Join Type": "Right", "Hash Cond": "(table_0_2.col_1 = table_61_1.col_1)", "Parent Relationship": "Outer", "Plan Width": 220, "Total Cost": 4862.23}], "Plan Rows": 114144, "Node Type": "Materialize", "Parent Relationship": "Inner", "Plan Width": 220, "Total Cost": 8832.95}], "Node Type": "Nested Loop", "Plan Rows": 7027582165638908213836382208, "Join Type": "Inner", "Parent Relationship": "Outer", "Plan Width": 1088, "Total Cost": 2.9747529046307994e+26}], "Sort Key": ["table_39.col_0", "table_0.col_1", "table_64.col_2", "table_25.col_0", "table_10.col_1", "table_27.col_0"], "Plan Rows": 7027582165638908213836382208, "Node Type": "Sort", "Parent Relationship": "Outer", "Plan Width": 1088, "Total Cost": 1.1040668985526037e+29}], "Plan Rows": 7027582165638908213836382208, "Node Type": "Materialize", "Parent Relationship": "Inner", "Plan Width": 1088, "Total Cost": 1.1042425881067446e+29}], "Node Type": "Merge Join", "Plan Rows": 12917760609927252983250342318702592, "Join Type": "Inner", "Parent Relationship": "Outer", "Plan Width": 1708, "Merge Cond": "((table_58.col_3 = table_39.col_0) AND (table_55.col_3 = table_0.col_1) AND (table_34.col_2 = table_47.col_2) AND (table_7.col_1 = table_46.col_1) AND (table_54.col_1 = table_10.col_1) AND (table_58.col_0 = table_27.col_0))", "Total Cost": 3.553488234636095e+32}, {"Startup Cost": 1.5651523178306194e+18, "Plans": [{"Startup Cost": 1.5651523178306194e+18, "Plans": [{"Startup Cost": 289941359517.75, "Plans": [{"Startup Cost": 289941359489.75, "Plans": [{"Startup Cost": 289941359452.08, "Plans": [{"Startup Cost": 289941359424.08, "Plans": [{"Startup Cost": 289941359400.13, "Plans": [{"Startup Cost": 289941359372.13, "Plans": [{"Startup Cost": 57989886.69, "Plans": [{"Startup Cost": 339.79, "Plans": [{"Startup Cost": 143.97, "Plans": [{"Startup Cost": 143.97, "Plans": [{"Startup Cost": 58.54, "Plans": [{"Startup Cost": 0.0, "Node Type": "Seq Scan", "Plan Rows": 830, "Relation Name": "table_18", "Alias": "table_18", "Parent Relationship": "Outer", "Plan Width": 68, "Total Cost": 18.3}], "Sort Key": ["table_18.col_2"], "Plan Rows": 830, "Node Type": "Sort", "Parent Relationship": "Outer", "Plan Width": 68, "Total Cost": 60.62}, {"Startup Cost": 85.43, "Plans": [{"Startup Cost": 0.0, "Node Type": "Seq Scan", "Plan Rows": 1230, "Relation Name": "table_59", "Alias": "table_59", "Parent Relationship": "Outer", "Plan Width": 36, "Total Cost": 22.3}], "Sort Key": ["table_59.col_0"], "Plan Rows": 1230, "Node Type": "Sort", "Parent Relationship": "Inner", "Plan Width": 36, "Total Cost": 88.5}], "Node Type": "Merge Join", "Plan Rows": 5104, "Join Type": "Inner", "Parent Relationship": "Outer", "Plan Width": 104, "Merge Cond": "(table_18.col_2 = table_59.col_0)", "Total Cost": 224.68}, {"Startup Cost": 0.0, "Plans": [{"Startup Cost": 0.0, "Node Type": "Seq Scan", "Plan Rows": 620, "Relation Name": "table_49", "Alias": "table_49", "Parent Relationship": "Outer", "Plan Width": 100, "Total Cost": 16.2}], "Plan Rows": 620, "Node Type": "Materialize", "Parent Relationship": "Inner", "Plan Width": 100, "Total Cost": 19.3}], "Node Type": "Nested Loop", "Plan Rows": 3164480, "Join Type": "Inner", "Parent Relationship": "Outer", "Plan Width": 204, "Total Cost": 39798.43}, {"Startup Cost": 156.62, "Plans": [{"Startup Cost": 21.48, "Plans": [{"Startup Cost": 0.0, "Node Type": "Seq Scan", "Plan Rows": 1230, "Relation Name": "table_8", "Alias": "table_8", "Parent Relationship": "Outer", "Plan Width": 36, "Total Cost": 22.3}, {"Startup Cost": 15.1, "Plans": [{"Startup Cost": 0.0, "Node Type": "Seq Scan", "Plan Rows": 510, "Relation Name": "table_23", "Alias": "table_23", "Parent Relationship": "Outer", "Plan Width": 128, "Total Cost": 15.1}], "Plan Rows": 510, "Node Type": "Hash", "Parent Relationship": "Inner", "Plan Width": 128, "Total Cost": 15.1}], "Node Type": "Hash Join", "Plan Rows": 3136, "Join Type": "Right", "Hash Cond": "(table_8.col_0 = table_23.col_0)", "Parent Relationship": "Outer", "Plan Width": 164, "Total Cost": 156.62}], "Plan Rows": 3136, "Node Type": "Hash", "Parent Relationship": "Inner", "Plan Width": 164, "Total Cost": 156.62}], "Node Type": "Hash Join", "Plan Rows": 49619046, "Join Type": "Inner", "Hash Cond": "(table_49.col_2 = table_23.col_2)", "Parent Relationship": "Outer", "Plan Width": 368, "Total Cost": 1786154.31}], "Sort Key": ["table_59.col_0", "table_23.col_0"], "Plan Rows": 49619046, "Node Type": "Sort", "Parent Relationship": "Outer", "Plan Width": 368, "Total Cost": 58113934.31}, {"Startup Cost": 289883369485.44, "Plans": [{"Startup Cost": 289883369485.44, "Plans": [{"Startup Cost": 4405270.43, "Plans": [{"Startup Cost": 163.32, "Plans": [{"Startup Cost": 163.32, "Plans": [{"Startup Cost": 163.32, "Plans": [{"Startup Cost": 117.08, "Plans": [{"Startup Cost": 117.08, "Plans": [{"Startup Cost": 58.54, "Plans": [{"Startup Cost": 0.0, "Node Type": "Seq Scan", "Plan Rows": 830, "Relation Name": "table_21", "Alias": "table_21", "Parent Relationship": "Outer", "Plan Width": 68, "Total Cost": 18.3}], "Sort Key": ["table_21.col_2"], "Plan Rows": 830, "Node Type": "Sort", "Parent Relationship": "Outer", "Plan Width": 68, "Total Cost": 60.62}, {"Startup Cost": 58.54, "Plans": [{"Startup Cost": 0.0, "Node Type": "Seq Scan", "Plan Rows": 830, "Relation Name": "table_5", "Alias": "table_5", "Parent Relationship": "Outer", "Plan Width": 68, "Total Cost": 18.3}], "Sort Key": ["table_5.col_1"], "Plan Rows": 830, "Node Type": "Sort", "Parent Relationship": "Inner", "Plan Width": 68, "Total Cost": 60.62}], "Node Type": "Merge Join", "Plan Rows": 3444, "Join Type": "Left", "Parent Relationship": "Outer", "Plan Width": 136, "Merge Cond": "(table_21.col_2 = table_5.col_1)", "Total Cost": 172.89}, {"Startup Cost": 0.0, "Plans": [{"Startup Cost": 0.0, "Node Type": "Seq Scan", "Plan Rows": 860, "Relation Name": "table_44", "Alias": "table_44", "Parent Relationship": "Outer", "Plan Width": 64, "Total Cost": 18.6}], "Plan Rows": 860, "Node Type": "Materialize", "Parent Relationship": "Inner", "Plan Width": 64, "Total Cost": 22.9}], "Node Type": "Nested Loop", "Plan Rows": 2961840, "Join Type": "Inner", "Parent Relationship": "Outer", "Plan Width": 200, "Total Cost": 37216.64}, {"Startup Cost": 46.23, "Plans": [{"Startup Cost": 0.0, "Node Type": "Seq Scan", "Plan Rows": 640, "Relation Name": "table_26", "Alias": "table_26", "Parent Relationship": "Outer", "Plan Width": 96, "Total Cost": 16.4}], "Sort Key": ["table_26.col_2"], "Plan Rows": 640, "Node Type": "Sort", "Parent Relationship": "Inner", "Plan Width": 96, "Total Cost": 47.83}], "Node Type": "Merge Join", "Plan Rows": 47389, "Join Type": "Inner", "Parent Relationship": "Outer", "Plan Width": 296, "Join Filter": "(table_44.col_1 = table_26.col_1)", "Merge Cond": "(table_21.col_2 = table_26.col_2)", "Total Cost": 210530.52}, {"Startup Cost": 0.0, "Plans": [{"Startup Cost": 0.0, "Node Type": "Seq Scan", "Plan Rows": 1230, "Relation Name": "table_31", "Alias": "table_31", "Parent Relationship": "Outer", "Plan Width": 36, "Total Cost": 22.3}], "Plan Rows": 1230, "Node Type": "Materialize", "Parent Relationship": "Inner", "Plan Width": 36, "Total Cost": 28.45}], "Node Type": "Nested Loop", "Plan Rows": 291442, "Join Type": "Inner", "Parent Relationship": "Outer", "Plan Width": 332, "Join Filter": "(table_26.col_1 = table_31.col_1)", "Total Cost": 1084882.94}, {"Startup Cost": 0.0, "Plans": [{"Startup Cost": 0.0, "Node Type": "Seq Scan", "Plan Rows": 2140, "Relation Name": "table_20", "Alias": "table_20", "Parent Relationship": "Outer", "Plan Width": 8, "Total Cost": 31.4}], "Plan Rows": 2140, "Node Type": "Materialize", "Parent Relationship": "Inner", "Plan Width": 8, "Total Cost": 42.1}], "Node Type": "Nested Loop", "Plan Rows": 3118429, "Join Type": "Left", "Parent Relationship": "Outer", "Plan Width": 340, "Join Filter": "(table_21.col_1 = table_20.col_1)", "Total Cost": 10440207.89}, {"Startup Cost": 4405107.12, "Plans": [{"Startup Cost": 4405107.12, "Plans": [{"Startup Cost": 354.88, "Plans": [{"Startup Cost": 296.73, "Plans": [{"Startup Cost": 238.58, "Plans": [{"Startup Cost": 56.58, "Plans": [{"Startup Cost": 0.0, "Node Type": "Seq Scan", "Plan Rows": 800, "Relation Name": "table_17", "Alias": "table_17", "Parent Relationship": "Outer", "Plan Width": 72, "Total Cost": 18.0}], "Sort Key": ["table_17.col_2"], "Plan Rows": 800, "Node Type": "Sort", "Parent Relationship": "Outer", "Plan Width": 72, "Total Cost": 58.58}, {"Startup Cost": 182.0, "Plans": [{"Startup Cost": 182.0, "Plans": [{"Startup Cost": 96.58, "Plans": [{"Startup Cost": 38.04, "Plans": [{"Startup Cost": 0.0, "Node Type": "Seq Scan", "Plan Rows": 510, "Relation Name": "table_42", "Alias": "table_42", "Parent Relationship": "Outer", "Plan Width": 128, "Total Cost": 15.1}], "Sort Key": ["table_42.col_1"], "Plan Rows": 510, "Node Type": "Sort", "Parent Relationship": "Outer", "Plan Width": 128, "Total Cost": 39.31}, {"Startup Cost": 58.54, "Plans": [{"Startup Cost": 0.0, "Node Type": "Seq Scan", "Plan Rows": 830, "Relation Name": "table_41", "Alias": "table_41", "Parent Relationship": "Outer", "Plan Width": 68, "Total Cost": 18.3}], "Sort Key": ["table_41.col_0"], "Plan Rows": 830, "Node Type": "Sort", "Parent Relationship": "Inner", "Plan Width": 68, "Total Cost": 60.62}], "Node Type": "Merge Join", "Plan Rows": 2116, "Join Type": "Inner", "Parent Relationship": "Outer", "Plan Width": 196, "Merge Cond": "(table_42.col_1 = table_41.col_0)", "Total Cost": 130.87}, {"Startup Cost": 85.43, "Plans": [{"Startup Cost": 0.0, "Node Type": "Seq Scan", "Plan Rows": 1230, "Relation Name": "table_57", "Alias": "table_57", "Parent Relationship": "Outer", "Plan Width": 36, "Total Cost": 22.3}], "Sort Key": ["table_57.col_0"], "Plan Rows": 1230, "Node Type": "Sort", "Parent Relationship": "Inner", "Plan Width": 36, "Total Cost": 88.5}], "Node Type": "Merge Join", "Plan Rows": 13013, "Join Type": "Inner", "Parent Relationship": "Outer", "Plan Width": 232, "Merge Cond": "(table_42.col_1 = table_57.col_0)", "Total Cost": 416.78}], "Plan Rows": 13013, "Node Type": "Materialize", "Parent Relationship": "Inner", "Plan Width": 232, "Total Cost": 449.31}], "Node Type": "Merge Join", "Plan Rows": 52052, "Join Type": "Inner", "Parent Relationship": "Outer", "Plan Width": 304, "Merge Cond": "(table_17.col_2 = table_42.col_1)", "Total Cost": 1258.13}, {"Startup Cost": 31.4, "Plans": [{"Startup Cost": 0.0, "Node Type": "Seq Scan", "Plan Rows": 2140, "Relation Name": "table_1", "Alias": "table_1", "Parent Relationship": "Outer", "Plan Width": 8, "Total Cost": 31.4}], "Plan Rows": 2140, "Node Type": "Hash", "Parent Relationship": "Inner", "Plan Width": 8, "Total Cost": 31.4}], "Node Type": "Hash Join", "Plan Rows": 556956, "Join Type": "Inner", "Hash Cond": "(table_41.col_1 = table_1.col_0)", "Parent Relationship": "Outer", "Plan Width": 312, "Total Cost": 20939.88}, {"Startup Cost": 31.4, "Plans": [{"Startup Cost": 0.0, "Node Type": "Seq Scan", "Plan Rows": 2140, "Relation Name": "table_37", "Alias": "table_37", "Parent Relationship": "Outer", "Plan Width": 8, "Total Cost": 31.4}], "Plan Rows": 2140, "Node Type": "Hash", "Parent Relationship": "Inner", "Plan Width": 8, "Total Cost": 31.4}], "Node Type": "Hash Join", "Plan Rows": 5959429, "Join Type": "Inner", "Hash Cond": "(table_17.col_3 = table_37.col_1)", "Parent Relationship": "Outer", "Plan Width": 320, "Total Cost": 230970.44}], "Sort Key": ["table_42.col_0"], "Plan Rows": 5959429, "Node Type": "Sort", "Parent Relationship": "Outer", "Plan Width": 320, "Total Cost": 4420005.69}], "Plan Rows": 5959429, "Node Type": "Materialize", "Parent Relationship": "Inner", "Plan Width": 320, "Total Cost": 4434904.26}], "Node Type": "Merge Join", "Plan Rows": 92920281085, "Join Type": "Inner", "Parent Relationship": "Outer", "Plan Width": 660, "Merge Cond": "(table_21.col_2 = table_42.col_0)", "Total Cost": 1408672225.93}], "Sort Key": ["table_44.col_1", "table_44.col_0"], "Plan Rows": 92920281085, "Node Type": "Sort", "Parent Relationship": "Outer", "Plan Width": 660, "Total Cost": 290115670188.15}], "Plan Rows": 92920281085, "Node Type": "Materialize", "Parent Relationship": "Inner", "Plan Width": 660, "Total Cost": 290347970890.86}], "Node Type": "Merge Join", "Plan Rows": 115265392537239, "Join Type": "Inner", "Parent Relationship": "Outer", "Plan Width": 1028, "Merge Cond": "((table_18.col_2 = table_26.col_1) AND (table_23.col_0 = table_44.col_0))", "Total Cost": 2307318401619.37}, {"Startup Cost": 18.0, "Plans": [{"Startup Cost": 0.0, "Node Type": "Seq Scan", "Plan Rows": 800, "Relation Name": "table_51", "Alias": "table_51", "Parent Relationship": "Outer", "Plan Width": 72, "Total Cost": 18.0}], "Plan Rows": 800, "Node Type": "Hash", "Parent Relationship": "Inner", "Plan Width": 72, "Total Cost": 18.0}], "Node Type": "Hash Join", "Plan Rows": 461061570148956, "Join Type": "Left", "Hash Cond": "(table_42.col_3 = table_51.col_1)", "Parent Relationship": "Outer", "Plan Width": 1100, "Total Cost": 18732636838203.93}, {"Startup Cost": 16.2, "Plans": [{"Startup Cost": 0.0, "Node Type": "Seq Scan", "Plan Rows": 620, "Relation Name": "table_12", "Alias": "table_12", "Parent Relationship": "Outer", "Plan Width": 100, "Total Cost": 16.2}], "Plan Rows": 620, "Node Type": "Hash", "Parent Relationship": "Inner", "Plan Width": 100, "Total Cost": 16.2}], "Node Type": "Hash Join", "Plan Rows": 1429290867461764, "Join Type": "Inner", "Hash Cond": "(table_17.col_1 = table_12.col_1)", "Parent Relationship": "Outer", "Plan Width": 1200, "Total Cost": 69910471124762.0}, {"Startup Cost": 18.0, "Plans": [{"Startup Cost": 0.0, "Node Type": "Seq Scan", "Plan Rows": 800, "Relation Name": "table_48", "Alias": "table_48", "Parent Relationship": "Outer", "Plan Width": 72, "Total Cost": 18.0}], "Plan Rows": 800, "Node Type": "Hash", "Parent Relationship": "Inner", "Plan Width": 72, "Total Cost": 18.0}], "Node Type": "Hash Join", "Plan Rows": 5717163469847056, "Join Type": "Left", "Hash Cond": "(table_21.col_0 = table_48.col_2)", "Parent Relationship": "Outer", "Plan Width": 1272, "Total Cost": 273584419738091.34}, {"Startup Cost": 22.3, "Plans": [{"Startup Cost": 0.0, "Node Type": "Seq Scan", "Plan Rows": 1230, "Relation Name": "table_3", "Alias": "table_3", "Parent Relationship": "Outer", "Plan Width": 36, "Total Cost": 22.3}], "Plan Rows": 1230, "Node Type": "Hash", "Parent Relationship": "Inner", "Plan Width": 36, "Total Cost": 22.3}], "Node Type": "Hash Join", "Plan Rows": 35160555339559396, "Join Type": "Left", "Hash Cond": "(table_1.col_1 = table_3.col_0)", "Parent Relationship": "Outer", "Plan Width": 1308, "Total Cost": 1518496765297325.5}, {"Startup Cost": 18.0, "Plans": [{"Startup Cost": 0.0, "Node Type": "Seq Scan", "Plan Rows": 800, "Relation Name": "table_62", "Alias": "table_62", "Parent Relationship": "Outer", "Plan Width": 72, "Total Cost": 18.0}], "Plan Rows": 800, "Node Type": "Hash", "Parent Relationship": "Inner", "Plan Width": 72, "Total Cost": 18.0}], "Node Type": "Hash Join", "Plan Rows": 140642221358237584, "Join Type": "Left", "Hash Cond": "(table_20.col_0 = table_62.col_2)", "Parent Relationship": "Outer", "Plan Width": 1380, "Total Cost": 6528875901184568.0}], "Sort Key": ["table_42.col_0", "table_17.col_2", "table_1.col_0"], "Plan Rows": 140642221358237584, "Node Type": "Sort", "Parent Relationship": "Outer", "Plan Width": 1380, "Total Cost": 1.565503923384015e+18}], "Plan Rows": 140642221358237584, "Node Type": "Materialize", "Parent Relationship": "Inner", "Plan Width": 1380, "Total Cost": 1.5658555289374108e+18}], "Node Type": "Merge Join", "Plan Rows": 227097818394263903725358114996193608542978048, "Join Type": "Inner", "Parent Relationship": "Outer", "Plan Width": 3088, "Merge Cond": "((table_58.col_3 = table_42.col_0) AND (table_0.col_1 = table_42.col_1) AND (table_47.col_2 = table_41.col_1))", "Total Cost": 4.54195636833751e+42}], "Plan Rows": 227097818394263903725358114996193608542978048, "Node Type": "Materialize", "Parent Relationship": "Inner", "Plan Width": 3088, "Total Cost": 5.10970091432317e+42}], "Node Type": "Merge Join", "Plan Rows": 6869709006426483018367440778653561264074129408, "Join Type": "Inner", "Parent Relationship": "Outer", "Plan Width": 3176, "Merge Cond": "(table_56.col_0 = table_42.col_0)", "Total Cost": 1.0758759146473476e+44}, {"Startup Cost": 21.6, "Plans": [{"Startup Cost": 0.0, "Node Type": "Seq Scan", "Plan Rows": 1160, "Relation Name": "table_50", "Alias": "table_50", "Parent Relationship": "Outer", "Plan Width": 40, "Total Cost": 21.6}], "Plan Rows": 1160, "Node Type": "Hash", "Parent Relationship": "Inner", "Plan Width": 40, "Total Cost": 21.6}], "Plan Rows": 39844312237273602267121516653128296229651873792, "Node Type": "Hash Join", "Join Type": "Right", "Hash Cond": "(table_61.col_0 = table_50.col_2)", "Plan Width": 3216, "Total Cost": 1.519312792285377e+45}}]