[{"Plan": {"Startup Cost": 3585.13, "Plans": [{"Startup Cost": 3547.46, "Plans": [{"Startup Cost": 3489.31, "Plans": [{"Startup Cost": 3451.63, "Plans": [{"Startup Cost": 2188.21, "Plans": [{"Startup Cost": 2188.21, "Plans": [{"Startup Cost": 2159.54, "Plans": [{"Startup Cost": 2101.39, "Plans": [{"Startup Cost": 1007.72, "Plans": [{"Startup Cost": 1007.72, "Plans": [{"Startup Cost": 1007.72, "Plans": [{"Startup Cost": 1007.72, "Plans": [{"Startup Cost": 974.9, "Plans": [{"Startup Cost": 937.4, "Plans": [{"Startup Cost": 873.9, "Plans": [{"Startup Cost": 849.5, "Plans": [{"Startup Cost": 811.82, "Plans": [{"Startup Cost": 777.07, "Plans": [{"Startup Cost": 739.4, "Plans": [{"Startup Cost": 685.75, "Plans": [{"Startup Cost": 649.65, "Plans": [{"Startup Cost": 618.9, "Plans": [{"Startup Cost": 581.23, "Plans": [{"Startup Cost": 551.88, "Plans": [{"Startup Cost": 523.2, "Plans": [{"Startup Cost": 523.2, "Plans": [{"Startup Cost": 523.2, "Plans": [{"Startup Cost": 481.3, "Plans": [{"Startup Cost": 456.9, "Plans": [{"Startup Cost": 420.8, "Plans": [{"Startup Cost": 391.45, "Plans": [{"Startup Cost": 362.1, "Plans": [{"Startup Cost": 327.35, "Plans": [{"Startup Cost": 301.35, "Plans": [{"Startup Cost": 271.35, "Plans": [{"Startup Cost": 242.0, "Plans": [{"Startup Cost": 213.33, "Plans": [{"Startup Cost": 189.38, "Plans": [{"Startup Cost": 189.38, "Plans": [{"Startup Cost": 189.38, "Plans": [{"Startup Cost": 164.98, "Plans": [{"Startup Cost": 136.3, "Plans": [{"Startup Cost": 100.2, "Plans": [{"Startup Cost": 100.2, "Plans": [{"Startup Cost": 72.2, "Plans": [{"Startup Cost": 72.2, "Plans": [{"Startup Cost": 72.2, "Plans": [{"Startup Cost": 36.1, "Plans": [{"Startup Cost": 0.0, "Plans": [{"Startup Cost": 0.0, "Plans": [{"Startup Cost": 0.0, "Plans": [{"Startup Cost": 0.0, "Node Type": "Seq Scan", "Plan Rows": 1940, "Relation Name": "table_48", "Alias": "table_48", "Parent Relationship": "Outer", "Plan Width": 12, "Total Cost": 29.4}, {"Startup Cost": 0.0, "Plans": [{"Startup Cost": 0.0, "Node Type": "Seq Scan", "Plan Rows": 1100, "Relation Name": "table_32", "Alias": "table_32", "Parent Relationship": "Outer", "Plan Width": 44, "Total Cost": 21.0}], "Plan Rows": 1100, "Node Type": "Materialize", "Parent Relationship": "Inner", "Plan Width": 44, "Total Cost": 26.5}], "Node Type": "Nested Loop", "Plan Rows": 2134000, "Join Type": "Inner", "Parent Relationship": "Outer", "Plan Width": 56, "Total Cost": 26728.15}, {"Startup Cost": 0.0, "Plans": [{"Startup Cost": 0.0, "Node Type": "Seq Scan", "Plan Rows": 620, "Relation Name": "table_41", "Alias": "table_41", "Parent Relationship": "Outer", "Plan Width": 100, "Total Cost": 16.2}], "Plan Rows": 620, "Node Type": "Materialize", "Parent Relationship": "Inner", "Plan Width": 100, "Total Cost": 19.3}], "Node Type": "Nested Loop", "Plan Rows": 1323080000, "Join Type": "Inner", "Parent Relationship": "Outer", "Plan Width": 156, "Total Cost": 16565245.9}, {"Startup Cost": 0.0, "Plans": [{"Startup Cost": 0.0, "Node Type": "Seq Scan", "Plan Rows": 1230, "Relation Name": "table_9", "Alias": "table_9", "Parent Relationship": "Outer", "Plan Width": 36, "Total Cost": 22.3}], "Plan Rows": 1230, "Node Type": "Materialize", "Parent Relationship": "Inner", "Plan Width": 36, "Total Cost": 28.45}], "Node Type": "Nested Loop", "Plan Rows": 1627388400000, "Join Type": "Inner", "Parent Relationship": "Outer", "Plan Width": 192, "Total Cost": 20358920271.28}, {"Startup Cost": 21.6, "Plans": [{"Startup Cost": 0.0, "Node Type": "Seq Scan", "Plan Rows": 1160, "Relation Name": "table_62", "Alias": "table_62", "Parent Relationship": "Outer", "Plan Width": 40, "Total Cost": 21.6}], "Plan Rows": 1160, "Node Type": "Hash", "Parent Relationship": "Inner", "Plan Width": 40, "Total Cost": 21.6}], "Node Type": "Hash Join", "Plan Rows": 9438852720000, "Join Type": "Left", "Hash Cond": "(table_32.col_3 = table_62.col_0)", "Parent Relationship": "Outer", "Plan Width": 232, "Total Cost": 354787236507.38}, {"Startup Cost": 21.6, "Plans": [{"Startup Cost": 0.0, "Node Type": "Seq Scan", "Plan Rows": 1160, "Relation Name": "table_10", "Alias": "table_10", "Parent Relationship": "Outer", "Plan Width": 40, "Total Cost": 21.6}], "Plan Rows": 1160, "Node Type": "Hash", "Parent Relationship": "Inner", "Plan Width": 40, "Total Cost": 21.6}], "Node Type": "Hash Join", "Plan Rows": 54745345776000, "Join Type": "Inner", "Hash Cond": "(table_32.col_2 = table_10.col_1)", "Parent Relationship": "Outer", "Plan Width": 272, "Total Cost": 2294471470503.48}, {"Startup Cost": 0.0, "Plans": [{"Startup Cost": 0.0, "Node Type": "Seq Scan", "Plan Rows": 1230, "Relation Name": "table_3", "Alias": "table_3", "Parent Relationship": "Outer", "Plan Width": 36, "Total Cost": 22.3}], "Plan Rows": 1230, "Node Type": "Materialize", "Parent Relationship": "Inner", "Plan Width": 36, "Total Cost": 28.45}], "Node Type": "Nested Loop", "Plan Rows": 67336775304480000, "Join Type": "Inner", "Parent Relationship": "Outer", "Plan Width": 308, "Total Cost": 844004162776528.9}, {"Startup Cost": 0.0, "Plans": [{"Startup Cost": 0.0, "Node Type": "Seq Scan", "Plan Rows": 620, "Relation Name": "table_31", "Alias": "table_31", "Parent Relationship": "Outer", "Plan Width": 100, "Total Cost": 16.2}], "Plan Rows": 620, "Node Type": "Materialize", "Parent Relationship": "Inner", "Plan Width": 100, "Total Cost": 19.3}], "Node Type": "Nested Loop", "Plan Rows": 41748800688777601024, "Join Type": "Inner", "Parent Relationship": "Outer", "Plan Width": 408, "Total Cost": 5.227040127724966e+17}, {"Startup Cost": 18.0, "Plans": [{"Startup Cost": 0.0, "Node Type": "Seq Scan", "Plan Rows": 800, "Relation Name": "table_23", "Alias": "table_23", "Parent Relationship": "Outer", "Plan Width": 72, "Total Cost": 18.0}], "Plan Rows": 800, "Node Type": "Hash", "Parent Relationship": "Inner", "Plan Width": 72, "Total Cost": 18.0}], "Node Type": "Hash Join", "Plan Rows": 166995202755110404096, "Join Type": "Inner", "Hash Cond": "(table_10.col_2 = table_23.col_1)", "Parent Relationship": "Outer", "Plan Width": 480, "Total Cost": 6.471908110923305e+18}, {"Startup Cost": 0.0, "Plans": [{"Startup Cost": 0.0, "Node Type": "Seq Scan", "Plan Rows": 510, "Relation Name": "table_50", "Alias": "table_50", "Parent Relationship": "Outer", "Plan Width": 128, "Total Cost": 15.1}], "Plan Rows": 510, "Node Type": "Materialize", "Parent Relationship": "Inner", "Plan Width": 128, "Total Cost": 17.65}], "Node Type": "Nested Loop", "Plan Rows": 85167553405106312445952, "Join Type": "Inner", "Parent Relationship": "Outer", "Plan Width": 608, "Total Cost": 1.0710663256747522e+21}, {"Startup Cost": 21.6, "Plans": [{"Startup Cost": 0.0, "Node Type": "Seq Scan", "Plan Rows": 1160, "Relation Name": "table_44", "Alias": "table_44", "Parent Relationship": "Outer", "Plan Width": 40, "Total Cost": 21.6}], "Plan Rows": 1160, "Node Type": "Hash", "Parent Relationship": "Inner", "Plan Width": 40, "Total Cost": 21.6}], "Node Type": "Hash Join", "Plan Rows": 493971809749616652451840, "Join Type": "Inner", "Hash Cond": "(table_50.col_0 = table_44.col_0)", "Parent Relationship": "Outer", "Plan Width": 648, "Total Cost": 1.85729985504241e+22}, {"Startup Cost": 18.3, "Plans": [{"Startup Cost": 0.0, "Node Type": "Seq Scan", "Plan Rows": 830, "Relation Name": "table_18", "Alias": "table_18", "Parent Relationship": "Outer", "Plan Width": 68, "Total Cost": 18.3}], "Plan Rows": 830, "Node Type": "Hash", "Parent Relationship": "Inner", "Plan Width": 68, "Total Cost": 18.3}], "Node Type": "Hash Join", "Plan Rows": 2049983010460909057343488, "Join Type": "Inner", "Hash Cond": "(table_50.col_0 = table_18.col_1)", "Parent Relationship": "Outer", "Plan Width": 716, "Total Cost": 9.155733344092996e+22}, {"Startup Cost": 16.4, "Plans": [{"Startup Cost": 0.0, "Node Type": "Seq Scan", "Plan Rows": 640, "Relation Name": "table_42", "Alias": "table_42", "Parent Relationship": "Outer", "Plan Width": 96, "Total Cost": 16.4}], "Plan Rows": 640, "Node Type": "Hash", "Parent Relationship": "Inner", "Plan Width": 96, "Total Cost": 16.4}], "Node Type": "Hash Join", "Plan Rows": 6559945633474909627744256, "Join Type": "Inner", "Hash Cond": "(table_18.col_1 = table_42.col_1)", "Parent Relationship": "Outer", "Plan Width": 812, "Total Cost": 3.2628038813870406e+23}, {"Startup Cost": 0.0, "Plans": [{"Startup Cost": 0.0, "Node Type": "Seq Scan", "Plan Rows": 830, "Relation Name": "table_4", "Alias": "table_4", "Parent Relationship": "Outer", "Plan Width": 68, "Total Cost": 18.3}], "Plan Rows": 830, "Node Type": "Materialize", "Parent Relationship": "Inner", "Plan Width": 68, "Total Cost": 22.45}], "Node Type": "Nested Loop", "Plan Rows": 5444754875784174808491622400, "Join Type": "Inner", "Parent Relationship": "Outer", "Plan Width": 880, "Total Cost": 6.838571633544089e+25}, {"Startup Cost": 0.0, "Plans": [{"Startup Cost": 0.0, "Node Type": "Seq Scan", "Plan Rows": 1100, "Relation Name": "table_15", "Alias": "table_15", "Parent Relationship": "Outer", "Plan Width": 44, "Total Cost": 21.0}], "Plan Rows": 1100, "Node Type": "Materialize", "Parent Relationship": "Inner", "Plan Width": 44, "Total Cost": 26.5}], "Node Type": "Nested Loop", "Plan Rows": 5989230363362592240962273017856, "Join Type": "Inner", "Parent Relationship": "Outer", "Plan Width": 924, "Total Cost": 7.493376525836784e+28}, {"Startup Cost": 16.2, "Plans": [{"Startup Cost": 0.0, "Node Type": "Seq Scan", "Plan Rows": 620, "Relation Name": "table_20", "Alias": "table_20", "Parent Relationship": "Outer", "Plan Width": 100, "Total Cost": 16.2}], "Plan Rows": 620, "Node Type": "Hash", "Parent Relationship": "Inner", "Plan Width": 100, "Total Cost": 16.2}], "Node Type": "Hash Join", "Plan Rows": 18566614126424036622522990460928, "Join Type": "Inner", "Hash Cond": "(table_10.col_0 = table_20.col_1)", "Parent Relationship": "Outer", "Plan Width": 1024, "Total Cost": 7.397383355916155e+29}, {"Startup Cost": 18.3, "Plans": [{"Startup Cost": 0.0, "Node Type": "Seq Scan", "Plan Rows": 830, "Relation Name": "table_52", "Alias": "table_52", "Parent Relationship": "Outer", "Plan Width": 68, "Total Cost": 18.3}], "Plan Rows": 830, "Node Type": "Hash", "Parent Relationship": "Inner", "Plan Width": 68, "Total Cost": 18.3}], "Node Type": "Hash Join", "Plan Rows": 77051448624659753897500252045312, "Join Type": "Inner", "Hash Cond": "(table_32.col_3 = table_52.col_1)", "Parent Relationship": "Outer", "Plan Width": 1092, "Total Cost": 3.482955572770767e+30}, {"Startup Cost": 18.6, "Plans": [{"Startup Cost": 0.0, "Node Type": "Seq Scan", "Plan Rows": 860, "Relation Name": "table_53", "Alias": "table_53", "Parent Relationship": "Outer", "Plan Width": 64, "Total Cost": 18.6}], "Plan Rows": 860, "Node Type": "Hash", "Parent Relationship": "Inner", "Plan Width": 64, "Total Cost": 18.6}], "Node Type": "Hash Join", "Plan Rows": 331321229086036939057091307372544, "Join Type": "Inner", "Hash Cond": "(table_42.col_2 = table_53.col_1)", "Parent Relationship": "Outer", "Plan Width": 1156, "Total Cost": 1.5271827212343709e+31}, {"Startup Cost": 18.0, "Plans": [{"Startup Cost": 0.0, "Node Type": "Seq Scan", "Plan Rows": 800, "Relation Name": "table_14", "Alias": "table_14", "Parent Relationship": "Outer", "Plan Width": 72, "Total Cost": 18.0}], "Plan Rows": 800, "Node Type": "Hash", "Parent Relationship": "Inner", "Plan Width": 72, "Total Cost": 18.0}], "Node Type": "Hash Join", "Plan Rows": 6626424581720738646033837326336, "Join Type": "Inner", "Hash Cond": "((table_10.col_0 = table_14.col_0) AND (table_31.col_0 = table_14.col_3))", "Parent Relationship": "Outer", "Plan Width": 1228, "Total Cost": 8.32589434207985e+31}, {"Startup Cost": 16.4, "Plans": [{"Startup Cost": 0.0, "Node Type": "Seq Scan", "Plan Rows": 640, "Relation Name": "table_45", "Alias": "table_45", "Parent Relationship": "Outer", "Plan Width": 96, "Total Cost": 16.4}], "Plan Rows": 640, "Node Type": "Hash", "Parent Relationship": "Inner", "Plan Width": 96, "Total Cost": 16.4}], "Node Type": "Hash Join", "Plan Rows": 106022793307531819462441304064, "Join Type": "Inner", "Hash Cond": "((table_3.col_0 = table_45.col_1) AND (table_9.col_0 = table_45.col_2))", "Parent Relationship": "Outer", "Plan Width": 1324, "Total Cost": 8.43533637047155e+31}, {"Startup Cost": 21.0, "Plans": [{"Startup Cost": 0.0, "Node Type": "Seq Scan", "Plan Rows": 1100, "Relation Name": "table_39", "Alias": "table_39", "Parent Relationship": "Outer", "Plan Width": 44, "Total Cost": 21.0}], "Plan Rows": 1100, "Node Type": "Hash", "Parent Relationship": "Inner", "Plan Width": 44, "Total Cost": 21.0}], "Node Type": "Hash Join", "Plan Rows": 583125363191425007043427172352, "Join Type": "Left", "Hash Cond": "(table_45.col_2 = table_39.col_3)", "Parent Relationship": "Outer", "Plan Width": 1368, "Total Cost": 8.437403814941047e+31}, {"Startup Cost": 18.6, "Plans": [{"Startup Cost": 0.0, "Node Type": "Seq Scan", "Plan Rows": 860, "Relation Name": "table_30", "Alias": "table_30", "Parent Relationship": "Outer", "Plan Width": 64, "Total Cost": 18.6}], "Plan Rows": 860, "Node Type": "Hash", "Parent Relationship": "Inner", "Plan Width": 64, "Total Cost": 18.6}], "Node Type": "Hash Join", "Plan Rows": 2507439061723127607692355436544, "Join Type": "Inner", "Hash Cond": "(table_42.col_1 = table_30.col_0)", "Parent Relationship": "Outer", "Plan Width": 1432, "Total Cost": 8.446325632997876e+31}, {"Startup Cost": 18.6, "Plans": [{"Startup Cost": 0.0, "Node Type": "Seq Scan", "Plan Rows": 860, "Relation Name": "table_17", "Alias": "table_17", "Parent Relationship": "Outer", "Plan Width": 64, "Total Cost": 18.6}], "Plan Rows": 860, "Node Type": "Hash", "Parent Relationship": "Inner", "Plan Width": 64, "Total Cost": 18.6}], "Node Type": "Hash Join", "Plan Rows": 10781987965409447953094691258368, "Join Type": "Left", "Hash Cond": "(table_30.col_1 = table_17.col_0)", "Parent Relationship": "Outer", "Plan Width": 1496, "Total Cost": 8.484689450642239e+31}, {"Startup Cost": 21.6, "Plans": [{"Startup Cost": 0.0, "Node Type": "Seq Scan", "Plan Rows": 1160, "Relation Name": "table_26", "Alias": "table_26", "Parent Relationship": "Outer", "Plan Width": 40, "Total Cost": 21.6}], "Plan Rows": 1160, "Node Type": "Hash", "Parent Relationship": "Inner", "Plan Width": 40, "Total Cost": 21.6}], "Node Type": "Hash Join", "Plan Rows": 62535530199374800830108985720832, "Join Type": "Left", "Hash Cond": "(table_30.col_1 = table_26.col_2)", "Parent Relationship": "Outer", "Plan Width": 1536, "Total Cost": 8.706259303331404e+31}, {"Startup Cost": 16.4, "Plans": [{"Startup Cost": 0.0, "Node Type": "Seq Scan", "Plan Rows": 640, "Relation Name": "table_35", "Alias": "table_35", "Parent Relationship": "Outer", "Plan Width": 96, "Total Cost": 16.4}], "Plan Rows": 640, "Node Type": "Hash", "Parent Relationship": "Inner", "Plan Width": 96, "Total Cost": 16.4}], "Node Type": "Hash Join", "Plan Rows": 200113696637999369862108158099456, "Join Type": "Inner", "Hash Cond": "(table_42.col_1 = table_35.col_0)", "Parent Relationship": "Outer", "Plan Width": 1632, "Total Cost": 9.422291124114246e+31}, {"Startup Cost": 21.6, "Plans": [{"Startup Cost": 0.0, "Node Type": "Seq Scan", "Plan Rows": 1160, "Relation Name": "table_40", "Alias": "table_40", "Parent Relationship": "Outer", "Plan Width": 40, "Total Cost": 21.6}], "Plan Rows": 1160, "Node Type": "Hash", "Parent Relationship": "Inner", "Plan Width": 40, "Total Cost": 21.6}], "Node Type": "Hash Join", "Plan Rows": 29016486012509914113138229248, "Join Type": "Inner", "Hash Cond": "((table_42.col_1 = table_40.col_0) AND (table_10.col_2 = table_40.col_2) AND (table_15.col_1 = table_40.col_1))", "Parent Relationship": "Outer", "Plan Width": 1672, "Total Cost": 1.827735121683173e+32}, {"Startup Cost": 0.0, "Plans": [{"Startup Cost": 0.0, "Node Type": "Seq Scan", "Plan Rows": 620, "Relation Name": "table_8", "Alias": "table_8", "Parent Relationship": "Outer", "Plan Width": 100, "Total Cost": 16.2}], "Plan Rows": 620, "Node Type": "Materialize", "Parent Relationship": "Inner", "Plan Width": 100, "Total Cost": 19.3}], "Node Type": "Nested Loop", "Plan Rows": 89951106638780737269165719552, "Join Type": "Inner", "Parent Relationship": "Outer", "Plan Width": 1772, "Join Filter": "(table_10.col_0 = table_8.col_0)", "Total Cost": 1.830433654882336e+32}, {"Startup Cost": 0.0, "Plans": [{"Startup Cost": 0.0, "Node Type": "Seq Scan", "Plan Rows": 1770, "Relation Name": "table_21", "Alias": "table_21", "Parent Relationship": "Outer", "Plan Width": 16, "Total Cost": 27.7}], "Plan Rows": 1770, "Node Type": "Materialize", "Parent Relationship": "Inner", "Plan Width": 16, "Total Cost": 36.55}], "Node Type": "Nested Loop", "Plan Rows": 159213458750641911510716532129792, "Join Type": "Inner", "Parent Relationship": "Outer", "Plan Width": 1788, "Total Cost": 1.8503353372261665e+32}, {"Startup Cost": 18.3, "Plans": [{"Startup Cost": 0.0, "Node Type": "Seq Scan", "Plan Rows": 830, "Relation Name": "table_57", "Alias": "table_57", "Parent Relationship": "Outer", "Plan Width": 68, "Total Cost": 18.3}], "Plan Rows": 830, "Node Type": "Hash", "Parent Relationship": "Inner", "Plan Width": 68, "Total Cost": 18.3}], "Node Type": "Hash Join", "Plan Rows": 660735853815163987713389062258688, "Join Type": "Left", "Hash Cond": "(table_21.col_0 = table_57.col_0)", "Parent Relationship": "Outer", "Plan Width": 1856, "Total Cost": 2.08557322253024e+32}, {"Startup Cost": 18.6, "Plans": [{"Startup Cost": 0.0, "Node Type": "Seq Scan", "Plan Rows": 860, "Relation Name": "table_38", "Alias": "table_38", "Parent Relationship": "Outer", "Plan Width": 64, "Total Cost": 18.6}], "Plan Rows": 860, "Node Type": "Hash", "Parent Relationship": "Inner", "Plan Width": 64, "Total Cost": 18.6}], "Node Type": "Hash Join", "Plan Rows": 2841164171405205478632505542180864, "Join Type": "Left", "Hash Cond": "(table_10.col_0 = table_38.col_0)", "Parent Relationship": "Outer", "Plan Width": 1920, "Total Cost": 3.0964990788674407e+32}, {"Startup Cost": 22.3, "Plans": [{"Startup Cost": 0.0, "Node Type": "Seq Scan", "Plan Rows": 1230, "Relation Name": "table_5", "Alias": "table_5", "Parent Relationship": "Outer", "Plan Width": 36, "Total Cost": 22.3}], "Plan Rows": 1230, "Node Type": "Hash", "Parent Relationship": "Inner", "Plan Width": 36, "Total Cost": 22.3}], "Node Type": "Hash Join", "Plan Rows": 17473159654142014587104075154718720, "Join Type": "Inner", "Hash Cond": "(table_42.col_2 = table_5.col_0)", "Parent Relationship": "Outer", "Plan Width": 1956, "Total Cost": 9.283134062102276e+32}, {"Startup Cost": 18.3, "Plans": [{"Startup Cost": 0.0, "Node Type": "Seq Scan", "Plan Rows": 830, "Relation Name": "table_54", "Alias": "table_54", "Parent Relationship": "Outer", "Plan Width": 68, "Total Cost": 18.3}], "Plan Rows": 830, "Node Type": "Hash", "Parent Relationship": "Inner", "Plan Width": 68, "Total Cost": 18.3}], "Node Type": "Hash Join", "Plan Rows": 362568062823446799800105797943296, "Join Type": "Inner", "Hash Cond": "((table_41.col_3 = table_54.col_0) AND (table_4.col_1 = table_54.col_1))", "Parent Relationship": "Outer", "Plan Width": 2024, "Total Cost": 4.6449855133436407e+33}, {"Startup Cost": 21.6, "Plans": [{"Startup Cost": 0.0, "Node Type": "Seq Scan", "Plan Rows": 1160, "Relation Name": "table_64", "Alias": "table_64", "Parent Relationship": "Outer", "Plan Width": 40, "Total Cost": 21.6}], "Plan Rows": 1160, "Node Type": "Hash", "Parent Relationship": "Inner", "Plan Width": 40, "Total Cost": 21.6}], "Node Type": "Hash Join", "Plan Rows": 2102894764375991381194538397728768, "Join Type": "Inner", "Hash Cond": "(table_18.col_2 = table_64.col_0)", "Parent Relationship": "Outer", "Plan Width": 2064, "Total Cost": 4.719493250253859e+33}, {"Startup Cost": 29.4, "Plans": [{"Startup Cost": 0.0, "Node Type": "Seq Scan", "Plan Rows": 1940, "Relation Name": "table_63", "Alias": "table_63", "Parent Relationship": "Outer", "Plan Width": 12, "Total Cost": 29.4}], "Plan Rows": 1940, "Node Type": "Hash", "Parent Relationship": "Inner", "Plan Width": 12, "Total Cost": 29.4}], "Node Type": "Hash Join", "Plan Rows": 20398079214447116138179683921428480, "Join Type": "Inner", "Hash Cond": "(table_54.col_1 = table_63.col_1)", "Parent Relationship": "Outer", "Plan Width": 2076, "Total Cost": 5.438683259670448e+33}, {"Startup Cost": 22.3, "Plans": [{"Startup Cost": 0.0, "Node Type": "Seq Scan", "Plan Rows": 1230, "Relation Name": "table_29", "Alias": "table_29", "Parent Relationship": "Outer", "Plan Width": 36, "Total Cost": 22.3}], "Plan Rows": 1230, "Node Type": "Hash", "Parent Relationship": "Inner", "Plan Width": 36, "Total Cost": 22.3}], "Node Type": "Hash Join", "Plan Rows": 125448187168849767708569569937326080, "Join Type": "Left", "Hash Cond": "(table_15.col_0 = table_29.col_0)", "Parent Relationship": "Outer", "Plan Width": 2112, "Total Cost": 9.880365008616308e+33}, {"Startup Cost": 21.0, "Plans": [{"Startup Cost": 0.0, "Node Type": "Seq Scan", "Plan Rows": 1100, "Relation Name": "table_6", "Alias": "table_6", "Parent Relationship": "Outer", "Plan Width": 44, "Total Cost": 21.0}], "Plan Rows": 1100, "Node Type": "Hash", "Parent Relationship": "Inner", "Plan Width": 44, "Total Cost": 21.0}], "Node Type": "Hash Join", "Plan Rows": 689965029428673786960736892638724096, "Join Type": "Inner", "Hash Cond": "(table_42.col_1 = table_6.col_1)", "Parent Relationship": "Outer", "Plan Width": 2156, "Total Cost": 3.4342761506542012e+34}, {"Startup Cost": 22.3, "Plans": [{"Startup Cost": 0.0, "Node Type": "Seq Scan", "Plan Rows": 1230, "Relation Name": "table_60", "Alias": "table_60", "Parent Relationship": "Outer", "Plan Width": 36, "Total Cost": 22.3}], "Plan Rows": 1230, "Node Type": "Hash", "Parent Relationship": "Inner", "Plan Width": 36, "Total Cost": 22.3}], "Node Type": "Hash Join", "Plan Rows": 4243284930986344151364715734435364864, "Join Type": "Inner", "Hash Cond": "(table_20.col_3 = table_60.col_0)", "Parent Relationship": "Outer", "Plan Width": 2192, "Total Cost": 1.8458264666463574e+35}, {"Startup Cost": 16.4, "Plans": [{"Startup Cost": 0.0, "Node Type": "Seq Scan", "Plan Rows": 640, "Relation Name": "table_59", "Alias": "table_59", "Parent Relationship": "Outer", "Plan Width": 96, "Total Cost": 16.4}], "Plan Rows": 640, "Node Type": "Hash", "Parent Relationship": "Inner", "Plan Width": 96, "Total Cost": 16.4}], "Node Type": "Hash Join", "Plan Rows": 13578511779156302228840386924122210304, "Join Type": "Inner", "Hash Cond": "(table_35.col_1 = table_59.col_0)", "Parent Relationship": "Outer", "Plan Width": 2288, "Total Cost": 6.704387712625722e+35}, {"Startup Cost": 31.4, "Plans": [{"Startup Cost": 0.0, "Node Type": "Seq Scan", "Plan Rows": 2140, "Relation Name": "table_16", "Alias": "table_16", "Parent Relationship": "Outer", "Plan Width": 8, "Total Cost": 31.4}], "Plan Rows": 2140, "Node Type": "Hash", "Parent Relationship": "Inner", "Plan Width": 8, "Total Cost": 31.4}], "Node Type": "Hash Join", "Plan Rows": 726450380184862274315614944290144256, "Join Type": "Inner", "Hash Cond": "((table_32.col_3 = table_16.col_1) AND (table_3.col_1 = table_16.col_0))", "Parent Relationship": "Outer", "Plan Width": 2296, "Total Cost": 8.010099635808824e+36}, {"Startup Cost": 21.0, "Plans": [{"Startup Cost": 0.0, "Node Type": "Seq Scan", "Plan Rows": 1100, "Relation Name": "table_58", "Alias": "table_58", "Parent Relationship": "Outer", "Plan Width": 44, "Total Cost": 21.0}], "Plan Rows": 1100, "Node Type": "Hash", "Parent Relationship": "Inner", "Plan Width": 44, "Total Cost": 21.0}], "Node Type": "Hash Join", "Plan Rows": 19977385455083713650484055390552064, "Join Type": "Inner", "Hash Cond": "((table_21.col_2 = table_58.col_0) AND (table_48.col_1 = table_58.col_1))", "Parent Relationship": "Outer", "Plan Width": 2340, "Total Cost": 8.213705516115136e+36}, {"Startup Cost": 18.3, "Plans": [{"Startup Cost": 0.0, "Node Type": "Seq Scan", "Plan Rows": 830, "Relation Name": "table_0", "Alias": "table_0", "Parent Relationship": "Outer", "Plan Width": 68, "Total Cost": 18.3}], "Plan Rows": 830, "Node Type": "Hash", "Parent Relationship": "Inner", "Plan Width": 68, "Total Cost": 18.3}], "Node Type": "Hash Join", "Plan Rows": 2072653740964935636483668180992, "Join Type": "Inner", "Hash Cond": "((table_41.col_3 = table_0.col_2) AND (table_42.col_1 = table_0.col_1) AND (table_21.col_2 = table_0.col_0))", "Parent Relationship": "Outer", "Plan Width": 2408, "Total Cost": 8.220073328455482e+36}, {"Startup Cost": 0.0, "Plans": [{"Startup Cost": 0.0, "Node Type": "Seq Scan", "Plan Rows": 830, "Relation Name": "table_24", "Alias": "table_24", "Parent Relationship": "Outer", "Plan Width": 68, "Total Cost": 18.3}], "Plan Rows": 830, "Node Type": "Materialize", "Parent Relationship": "Inner", "Plan Width": 68, "Total Cost": 22.45}], "Node Type": "Nested Loop", "Plan Rows": 8601513025004483581020915892224, "Join Type": "Left", "Parent Relationship": "Outer", "Plan Width": 2476, "Join Filter": "(table_0.col_1 = table_24.col_2)", "Total Cost": 8.220099132994556e+36}, {"Startup Cost": 0.0, "Plans": [{"Startup Cost": 0.0, "Node Type": "Seq Scan", "Plan Rows": 1230, "Relation Name": "table_28", "Alias": "table_28", "Parent Relationship": "Outer", "Plan Width": 36, "Total Cost": 22.3}], "Plan Rows": 1230, "Node Type": "Materialize", "Parent Relationship": "Inner", "Plan Width": 36, "Total Cost": 28.45}], "Node Type": "Nested Loop", "Plan Rows": 52899305103777575261768530264064, "Join Type": "Inner", "Parent Relationship": "Outer", "Plan Width": 2512, "Join Filter": "(table_15.col_0 = table_28.col_1)", "Total Cost": 8.220257830909867e+36}, {"Startup Cost": 0.0, "Plans": [{"Startup Cost": 0.0, "Node Type": "Seq Scan", "Plan Rows": 830, "Relation Name": "table_18", "Alias": "table_18_1", "Parent Relationship": "Outer", "Plan Width": 68, "Total Cost": 18.3}], "Plan Rows": 830, "Node Type": "Materialize", "Parent Relationship": "Inner", "Plan Width": 68, "Total Cost": 22.45}], "Node Type": "Nested Loop", "Plan Rows": 43906423236135388259901414536380416, "Join Type": "Inner", "Parent Relationship": "Outer", "Plan Width": 2580, "Total Cost": 8.220806661200319e+36}, {"Startup Cost": 524.0, "Plans": [{"Startup Cost": 318.23, "Plans": [{"Startup Cost": 232.8, "Plans": [{"Startup Cost": 21.48, "Plans": [{"Startup Cost": 0.0, "Node Type": "Seq Scan", "Plan Rows": 830, "Relation Name": "table_0", "Alias": "table_0_1", "Parent Relationship": "Outer", "Plan Width": 68, "Total Cost": 18.3}, {"Startup Cost": 15.1, "Plans": [{"Startup Cost": 0.0, "Node Type": "Seq Scan", "Plan Rows": 510, "Relation Name": "table_50", "Alias": "table_50_1", "Parent Relationship": "Outer", "Plan Width": 128, "Total Cost": 15.1}], "Plan Rows": 510, "Node Type": "Hash", "Parent Relationship": "Inner", "Plan Width": 128, "Total Cost": 15.1}], "Node Type": "Hash Join", "Plan Rows": 2116, "Join Type": "Inner", "Hash Cond": "(table_0_1.col_1 = table_50_1.col_2)", "Parent Relationship": "Outer", "Plan Width": 196, "Total Cost": 115.92}], "Sort Key": ["table_50_1.col_3"], "Plan Rows": 2116, "Node Type": "Sort", "Parent Relationship": "Outer", "Plan Width": 196, "Total Cost": 238.09}, {"Startup Cost": 85.43, "Plans": [{"Startup Cost": 0.0, "Node Type": "Seq Scan", "Plan Rows": 1230, "Relation Name": "table_37", "Alias": "table_37_1", "Parent Relationship": "Outer", "Plan Width": 36, "Total Cost": 22.3}], "Sort Key": ["table_37_1.col_0"], "Plan Rows": 1230, "Node Type": "Sort", "Parent Relationship": "Inner", "Plan Width": 36, "Total Cost": 88.5}], "Node Type": "Merge Join", "Plan Rows": 13013, "Join Type": "Left", "Parent Relationship": "Outer", "Plan Width": 232, "Merge Cond": "(table_50_1.col_3 = table_37_1.col_0)", "Total Cost": 524.0}], "Plan Rows": 13013, "Node Type": "Hash", "Parent Relationship": "Inner", "Plan Width": 232, "Total Cost": 524.0}], "Node Type": "Hash Join", "Plan Rows": 2856771427859149211175515872259211264, "Join Type": "Left", "Hash Cond": "(table_18_1.col_1 = table_50_1.col_3)", "Parent Relationship": "Outer", "Plan Width": 2812, "Total Cost": 8.348800127878208e+36}, {"Startup Cost": 31.4, "Plans": [{"Startup Cost": 0.0, "Node Type": "Seq Scan", "Plan Rows": 2140, "Relation Name": "table_49", "Alias": "table_49", "Parent Relationship": "Outer", "Plan Width": 8, "Total Cost": 31.4}], "Plan Rows": 2140, "Node Type": "Hash", "Parent Relationship": "Inner", "Plan Width": 8, "Total Cost": 31.4}], "Node Type": "Hash Join", "Plan Rows": 30567454278092899274938747483219558400, "Join Type": "Inner", "Hash Cond": "(table_21.col_3 = table_49.col_1)", "Parent Relationship": "Outer", "Plan Width": 2820, "Total Cost": 9.425802956181107e+36}, {"Startup Cost": 18.3, "Plans": [{"Startup Cost": 0.0, "Node Type": "Seq Scan", "Plan Rows": 830, "Relation Name": "table_33", "Alias": "table_33", "Parent Relationship": "Outer", "Plan Width": 68, "Total Cost": 18.3}], "Plan Rows": 830, "Node Type": "Hash", "Parent Relationship": "Inner", "Plan Width": 68, "Total Cost": 18.3}], "Node Type": "Hash Join", "Plan Rows": 126854935254085537893953905642417684480, "Join Type": "Inner", "Hash Cond": "(table_54.col_1 = table_33.col_2)", "Parent Relationship": "Outer", "Plan Width": 2888, "Total Cost": 1.3942144325769333e+37}, {"Startup Cost": 0.0, "Plans": [{"Startup Cost": 0.0, "Node Type": "Seq Scan", "Plan Rows": 640, "Relation Name": "table_42", "Alias": "table_42_1", "Parent Relationship": "Outer", "Plan Width": 96, "Total Cost": 16.4}], "Plan Rows": 640, "Node Type": "Materialize", "Parent Relationship": "Inner", "Plan Width": 96, "Total Cost": 19.6}], "Node Type": "Nested Loop", "Plan Rows": 81187158562614741834278860381888968654848, "Join Type": "Inner", "Parent Relationship": "Outer", "Plan Width": 2984, "Total Cost": 1.0287816263584537e+39}, {"Startup Cost": 554.6, "Plans": [{"Startup Cost": 193.65, "Plans": [{"Startup Cost": 58.54, "Plans": [{"Startup Cost": 0.0, "Node Type": "Seq Scan", "Plan Rows": 830, "Relation Name": "table_0", "Alias": "table_0_2", "Parent Relationship": "Outer", "Plan Width": 68, "Total Cost": 18.3}], "Sort Key": ["table_0_2.col_1"], "Plan Rows": 830, "Node Type": "Sort", "Parent Relationship": "Outer", "Plan Width": 68, "Total Cost": 60.62}, {"Startup Cost": 135.11, "Plans": [{"Startup Cost": 135.11, "Plans": [{"Startup Cost": 58.54, "Plans": [{"Startup Cost": 0.0, "Node Type": "Seq Scan", "Plan Rows": 830, "Relation Name": "table_24", "Alias": "table_24_1", "Parent Relationship": "Outer", "Plan Width": 68, "Total Cost": 18.3}], "Sort Key": ["table_24_1.col_1"], "Plan Rows": 830, "Node Type": "Sort", "Parent Relationship": "Outer", "Plan Width": 68, "Total Cost": 60.62}, {"Startup Cost": 76.57, "Plans": [{"Startup Cost": 0.0, "Node Type": "Seq Scan", "Plan Rows": 1100, "Relation Name": "table_15", "Alias": "table_15_1", "Parent Relationship": "Outer", "Plan Width": 44, "Total Cost": 21.0}], "Sort Key": ["table_15_1.col_3"], "Plan Rows": 1100, "Node Type": "Sort", "Parent Relationship": "Inner", "Plan Width": 44, "Total Cost": 79.32}], "Node Type": "Merge Join", "Plan Rows": 4565, "Join Type": "Inner", "Parent Relationship": "Outer", "Plan Width": 112, "Merge Cond": "(table_24_1.col_1 = table_15_1.col_3)", "Total Cost": 207.74}], "Plan Rows": 4565, "Node Type": "Materialize", "Parent Relationship": "Inner", "Plan Width": 112, "Total Cost": 219.15}], "Node Type": "Merge Join", "Plan Rows": 18945, "Join Type": "Inner", "Parent Relationship": "Outer", "Plan Width": 180, "Merge Cond": "(table_0_2.col_1 = table_24_1.col_1)", "Total Cost": 554.6}], "Plan Rows": 18945, "Node Type": "Hash", "Parent Relationship": "Inner", "Plan Width": 180, "Total Cost": 554.6}], "Node Type": "Hash Join", "Plan Rows": 7690453594843681923406991173283095068540928, "Join Type": "Left", "Hash Cond": "(table_42_1.col_0 = table_15_1.col_3)", "Parent Relationship": "Outer", "Plan Width": 3164, "Total Cost": 3.2996870293761243e+41}, {"Startup Cost": 22.3, "Plans": [{"Startup Cost": 0.0, "Node Type": "Seq Scan", "Plan Rows": 1230, "Relation Name": "table_37", "Alias": "table_37", "Parent Relationship": "Outer", "Plan Width": 36, "Total Cost": 22.3}], "Plan Rows": 1230, "Node Type": "Hash", "Parent Relationship": "Inner", "Plan Width": 36, "Total Cost": 22.3}], "Node Type": "Hash Join", "Plan Rows": 47296289608288640672205895537971333678759936, "Join Type": "Left", "Hash Cond": "(table_23.col_3 = table_37.col_0)", "Parent Relationship": "Outer", "Plan Width": 3200, "Total Cost": 2.0045649732148243e+42}, {"Startup Cost": 31.4, "Plans": [{"Startup Cost": 0.0, "Node Type": "Seq Scan", "Plan Rows": 2140, "Relation Name": "table_61", "Alias": "table_61", "Parent Relationship": "Outer", "Plan Width": 8, "Total Cost": 31.4}], "Plan Rows": 2140, "Node Type": "Hash", "Parent Relationship": "Inner", "Plan Width": 8, "Total Cost": 31.4}], "Node Type": "Hash Join", "Plan Rows": 506070298808688493816332307960157847215407104, "Join Type": "Inner", "Hash Cond": "(table_40.col_1 = table_61.col_0)", "Parent Relationship": "Outer", "Plan Width": 3208, "Total Cost": 1.9835266155539645e+43}, {"Startup Cost": 22.3, "Plans": [{"Startup Cost": 0.0, "Node Type": "Seq Scan", "Plan Rows": 1230, "Relation Name": "table_47", "Alias": "table_47", "Parent Relationship": "Outer", "Plan Width": 36, "Total Cost": 22.3}], "Plan Rows": 1230, "Node Type": "Hash", "Parent Relationship": "Inner", "Plan Width": 36, "Total Cost": 22.3}], "Plan Rows": 3112332337673434090398343042565946212318445568, "Node Type": "Hash Join", "Join Type": "Right", "Hash Cond": "(table_59.col_1 = table_47.col_0)", "Plan Width": 3244, "Total Cost": 1.3003207372113157e+44}}]