[{"Plan": {"Startup Cost": 8.301214246670456e+31, "Plans": [{"Startup Cost": 8.301214246670456e+31, "Plans": [{"Startup Cost": 10295257130.59, "Plans": [{"Startup Cost": 392.18, "Plans": [{"Startup Cost": 356.08, "Plans": [{"Startup Cost": 74.78, "Plans": [{"Startup Cost": 45.42, "Plans": [{"Startup Cost": 21.48, "Plans": [{"Startup Cost": 21.48, "Plans": [{"Startup Cost": 0.0, "Node Type": "Seq Scan", "Plan Rows": 1230, "Relation Name": "table_8", "Alias": "table_8", "Parent Relationship": "Outer", "Plan Width": 36, "Total Cost": 22.3}, {"Startup Cost": 15.1, "Plans": [{"Startup Cost": 0.0, "Node Type": "Seq Scan", "Plan Rows": 510, "Relation Name": "table_23", "Alias": "table_23", "Parent Relationship": "Outer", "Plan Width": 128, "Total Cost": 15.1}], "Plan Rows": 510, "Node Type": "Hash", "Parent Relationship": "Inner", "Plan Width": 128, "Total Cost": 15.1}], "Node Type": "Hash Join", "Plan Rows": 3136, "Join Type": "Right", "Hash Cond": "(table_8.col_0 = table_23.col_0)", "Parent Relationship": "Outer", "Plan Width": 164, "Total Cost": 156.62}, {"Startup Cost": 0.0, "Plans": [{"Startup Cost": 0.0, "Node Type": "Seq Scan", "Plan Rows": 800, "Relation Name": "table_61", "Alias": "table_61_1", "Parent Relationship": "Outer", "Plan Width": 72, "Total Cost": 18.0}], "Plan Rows": 800, "Node Type": "Materialize", "Parent Relationship": "Inner", "Plan Width": 72, "Total Cost": 22.0}], "Node Type": "Nested Loop", "Plan Rows": 2508800, "Join Type": "Inner", "Parent Relationship": "Outer", "Plan Width": 236, "Total Cost": 31536.62}, {"Startup Cost": 16.2, "Plans": [{"Startup Cost": 0.0, "Node Type": "Seq Scan", "Plan Rows": 620, "Relation Name": "table_49", "Alias": "table_49", "Parent Relationship": "Outer", "Plan Width": 100, "Total Cost": 16.2}], "Plan Rows": 620, "Node Type": "Hash", "Parent Relationship": "Inner", "Plan Width": 100, "Total Cost": 16.2}], "Node Type": "Hash Join", "Plan Rows": 7777280, "Join Type": "Inner", "Hash Cond": "(table_23.col_2 = table_49.col_2)", "Parent Relationship": "Outer", "Plan Width": 336, "Total Cost": 310037.37}, {"Startup Cost": 18.6, "Plans": [{"Startup Cost": 0.0, "Node Type": "Seq Scan", "Plan Rows": 860, "Relation Name": "table_44", "Alias": "table_44", "Parent Relationship": "Outer", "Plan Width": 64, "Total Cost": 18.6}], "Plan Rows": 860, "Node Type": "Hash", "Parent Relationship": "Inner", "Plan Width": 64, "Total Cost": 18.6}], "Node Type": "Hash Join", "Plan Rows": 33442304, "Join Type": "Inner", "Hash Cond": "(table_23.col_0 = table_44.col_0)", "Parent Relationship": "Outer", "Plan Width": 400, "Total Cost": 1499990.56}, {"Startup Cost": 219.8, "Plans": [{"Startup Cost": 142.0, "Plans": [{"Startup Cost": 56.58, "Plans": [{"Startup Cost": 0.0, "Node Type": "Seq Scan", "Plan Rows": 800, "Relation Name": "table_51", "Alias": "table_51_1", "Parent Relationship": "Outer", "Plan Width": 72, "Total Cost": 18.0}], "Sort Key": ["table_51_1.col_2"], "Plan Rows": 800, "Node Type": "Sort", "Parent Relationship": "Outer", "Plan Width": 72, "Total Cost": 58.58}, {"Startup Cost": 85.43, "Plans": [{"Startup Cost": 0.0, "Node Type": "Seq Scan", "Plan Rows": 1230, "Relation Name": "table_0", "Alias": "table_0_2", "Parent Relationship": "Outer", "Plan Width": 36, "Total Cost": 22.3}], "Sort Key": ["table_0_2.col_0"], "Plan Rows": 1230, "Node Type": "Sort", "Parent Relationship": "Inner", "Plan Width": 36, "Total Cost": 88.5}], "Node Type": "Merge Join", "Plan Rows": 4920, "Join Type": "Inner", "Parent Relationship": "Outer", "Plan Width": 108, "Merge Cond": "(table_51_1.col_2 = table_0_2.col_0)", "Total Cost": 219.8}], "Plan Rows": 4920, "Node Type": "Hash", "Parent Relationship": "Inner", "Plan Width": 108, "Total Cost": 219.8}], "Node Type": "Hash Join", "Plan Rows": 822680678, "Join Type": "Left", "Hash Cond": "(table_61_1.col_1 = table_0_2.col_1)", "Parent Relationship": "Outer", "Plan Width": 508, "Total Cost": 30377701.36}, {"Startup Cost": 21.6, "Plans": [{"Startup Cost": 0.0, "Node Type": "Seq Scan", "Plan Rows": 1160, "Relation Name": "table_53", "Alias": "table_53", "Parent Relationship": "Outer", "Plan Width": 40, "Total Cost": 21.6}], "Plan Rows": 1160, "Node Type": "Hash", "Parent Relationship": "Inner", "Plan Width": 40, "Total Cost": 21.6}], "Node Type": "Hash Join", "Plan Rows": 4771547932, "Join Type": "Left", "Hash Cond": "(table_0_2.col_0 = table_53.col_0)", "Parent Relationship": "Outer", "Plan Width": 548, "Total Cost": 199438616.79}], "Sort Key": ["table_44.col_1"], "Plan Rows": 4771547932, "Node Type": "Sort", "Parent Relationship": "Outer", "Plan Width": 548, "Total Cost": 10307186000.42}, {"Startup Cost": 8.301214246670456e+31, "Plans": [{"Startup Cost": 8.301214246670456e+31, "Plans": [{"Startup Cost": 8188226439749.19, "Plans": [{"Startup Cost": 425.03, "Plans": [{"Startup Cost": 366.88, "Plans": [{"Startup Cost": 85.58, "Plans": [{"Startup Cost": 85.58, "Plans": [{"Startup Cost": 0.15, "Plans": [{"Startup Cost": 0.15, "Scan Direction": "Forward", "Plan Width": 8, "Node Type": "Index Scan", "Plan Rows": 2140, "Relation Name": "table_1", "Alias": "table_1", "Parent Relationship": "Outer", "Total Cost": 76.26, "Index Name": "table_1_col_1_idx"}, {"Startup Cost": 0.0, "Plans": [{"Startup Cost": 0.0, "Node Type": "Seq Scan", "Plan Rows": 1230, "Relation Name": "table_59", "Alias": "table_59", "Parent Relationship": "Outer", "Plan Width": 36, "Total Cost": 22.3}], "Plan Rows": 1230, "Node Type": "Materialize", "Parent Relationship": "Inner", "Plan Width": 36, "Total Cost": 28.45}], "Node Type": "Nested Loop", "Plan Rows": 2632200, "Join Type": "Inner", "Parent Relationship": "Outer", "Plan Width": 44, "Total Cost": 33004.13}, {"Startup Cost": 85.43, "Plans": [{"Startup Cost": 0.0, "Node Type": "Seq Scan", "Plan Rows": 1230, "Relation Name": "table_3", "Alias": "table_3", "Parent Relationship": "Outer", "Plan Width": 36, "Total Cost": 22.3}], "Sort Key": ["table_3.col_0"], "Plan Rows": 1230, "Node Type": "Sort", "Parent Relationship": "Inner", "Plan Width": 36, "Total Cost": 88.5}], "Node Type": "Merge Join", "Plan Rows": 16188030, "Join Type": "Left", "Parent Relationship": "Outer", "Plan Width": 80, "Merge Cond": "(table_1.col_1 = table_3.col_0)", "Total Cost": 282490.51}, {"Startup Cost": 0.0, "Plans": [{"Startup Cost": 0.0, "Node Type": "Seq Scan", "Plan Rows": 1230, "Relation Name": "table_59", "Alias": "table_59_1", "Parent Relationship": "Outer", "Plan Width": 36, "Total Cost": 22.3}], "Plan Rows": 1230, "Node Type": "Materialize", "Parent Relationship": "Inner", "Plan Width": 36, "Total Cost": 28.45}], "Node Type": "Nested Loop", "Plan Rows": 19911276900, "Join Type": "Inner", "Parent Relationship": "Outer", "Plan Width": 116, "Total Cost": 249173477.13}, {"Startup Cost": 219.8, "Plans": [{"Startup Cost": 142.0, "Plans": [{"Startup Cost": 56.58, "Plans": [{"Startup Cost": 0.0, "Node Type": "Seq Scan", "Plan Rows": 800, "Relation Name": "table_48", "Alias": "table_48_1", "Parent Relationship": "Outer", "Plan Width": 72, "Total Cost": 18.0}], "Sort Key": ["table_48_1.col_0"], "Plan Rows": 800, "Node Type": "Sort", "Parent Relationship": "Outer", "Plan Width": 72, "Total Cost": 58.58}, {"Startup Cost": 85.43, "Plans": [{"Startup Cost": 0.0, "Node Type": "Seq Scan", "Plan Rows": 1230, "Relation Name": "table_0", "Alias": "table_0_1", "Parent Relationship": "Outer", "Plan Width": 36, "Total Cost": 22.3}], "Sort Key": ["table_0_1.col_1"], "Plan Rows": 1230, "Node Type": "Sort", "Parent Relationship": "Inner", "Plan Width": 36, "Total Cost": 88.5}], "Node Type": "Merge Join", "Plan Rows": 4920, "Join Type": "Inner", "Parent Relationship": "Outer", "Plan Width": 108, "Merge Cond": "(table_48_1.col_0 = table_0_1.col_1)", "Total Cost": 219.8}], "Plan Rows": 4920, "Node Type": "Hash", "Parent Relationship": "Inner", "Plan Width": 108, "Total Cost": 219.8}], "Node Type": "Hash Join", "Plan Rows": 489817411740, "Join Type": "Left", "Hash Cond": "(table_59_1.col_1 = table_0_1.col_0)", "Parent Relationship": "Outer", "Plan Width": 224, "Total Cost": 17442561361.58}, {"Startup Cost": 31.4, "Plans": [{"Startup Cost": 0.0, "Node Type": "Seq Scan", "Plan Rows": 2140, "Relation Name": "table_29", "Alias": "table_29", "Parent Relationship": "Outer", "Plan Width": 8, "Total Cost": 31.4}], "Plan Rows": 2140, "Node Type": "Hash", "Parent Relationship": "Inner", "Plan Width": 8, "Total Cost": 31.4}], "Node Type": "Hash Join", "Plan Rows": 5241046305618, "Join Type": "Left", "Hash Cond": "(table_0_1.col_0 = table_29.col_1)", "Parent Relationship": "Outer", "Plan Width": 232, "Total Cost": 202103725645.71}], "Sort Key": ["table_59.col_0", "table_1.col_0"], "Plan Rows": 5241046305618, "Node Type": "Sort", "Parent Relationship": "Outer", "Plan Width": 232, "Total Cost": 8201329055513.23}, {"Startup Cost": 8.301214246670456e+31, "Plans": [{"Startup Cost": 8.301214246670456e+31, "Plans": [{"Startup Cost": 192562530234.55, "Plans": [{"Startup Cost": 192562530206.55, "Plans": [{"Startup Cost": 192562530178.55, "Plans": [{"Startup Cost": 192562530143.8, "Plans": [{"Startup Cost": 192562530109.05, "Plans": [{"Startup Cost": 192562530081.05, "Plans": [{"Startup Cost": 222440.49, "Plans": [{"Startup Cost": 222440.34, "Plans": [{"Startup Cost": 222440.34, "Plans": [{"Startup Cost": 5994.09, "Plans": [{"Startup Cost": 838.29, "Plans": [{"Startup Cost": 60.52, "Plans": [{"Startup Cost": 0.0, "Node Type": "Seq Scan", "Plan Rows": 860, "Relation Name": "table_25", "Alias": "table_25", "Parent Relationship": "Outer", "Plan Width": 64, "Total Cost": 18.6}], "Sort Key": ["table_25.col_0"], "Plan Rows": 860, "Node Type": "Sort", "Parent Relationship": "Outer", "Plan Width": 64, "Total Cost": 62.67}, {"Startup Cost": 777.77, "Plans": [{"Startup Cost": 170.85, "Plans": [{"Startup Cost": 85.43, "Plans": [{"Startup Cost": 0.0, "Node Type": "Seq Scan", "Plan Rows": 1230, "Relation Name": "table_46", "Alias": "table_46", "Parent Relationship": "Outer", "Plan Width": 36, "Total Cost": 22.3}], "Sort Key": ["table_46.col_0"], "Plan Rows": 1230, "Node Type": "Sort", "Parent Relationship": "Outer", "Plan Width": 36, "Total Cost": 88.5}, {"Startup Cost": 85.43, "Plans": [{"Startup Cost": 0.0, "Node Type": "Seq Scan", "Plan Rows": 1230, "Relation Name": "table_0", "Alias": "table_0", "Parent Relationship": "Outer", "Plan Width": 36, "Total Cost": 22.3}], "Sort Key": ["table_0.col_0"], "Plan Rows": 1230, "Node Type": "Sort", "Parent Relationship": "Inner", "Plan Width": 36, "Total Cost": 88.5}], "Node Type": "Merge Join", "Plan Rows": 7564, "Join Type": "Inner", "Parent Relationship": "Outer", "Plan Width": 72, "Merge Cond": "(table_46.col_0 = table_0.col_0)", "Total Cost": 290.46}], "Sort Key": ["table_46.col_1"], "Plan Rows": 7564, "Node Type": "Sort", "Parent Relationship": "Inner", "Plan Width": 72, "Total Cost": 796.68}], "Node Type": "Merge Join", "Plan Rows": 32525, "Join Type": "Inner", "Parent Relationship": "Outer", "Plan Width": 136, "Merge Cond": "(table_25.col_0 = table_46.col_1)", "Total Cost": 1330.46}], "Sort Key": ["table_0.col_1", "table_46.col_1"], "Plan Rows": 32525, "Node Type": "Sort", "Parent Relationship": "Outer", "Plan Width": 136, "Total Cost": 6075.4}, {"Startup Cost": 216446.25, "Plans": [{"Startup Cost": 216446.25, "Plans": [{"Startup Cost": 0.0, "Plans": [{"Startup Cost": 0.0, "Node Type": "Seq Scan", "Plan Rows": 860, "Relation Name": "table_2", "Alias": "table_2", "Parent Relationship": "Outer", "Plan Width": 64, "Total Cost": 18.6}, {"Startup Cost": 0.0, "Plans": [{"Startup Cost": 0.0, "Node Type": "Seq Scan", "Plan Rows": 800, "Relation Name": "table_55", "Alias": "table_55", "Parent Relationship": "Outer", "Plan Width": 72, "Total Cost": 18.0}], "Plan Rows": 800, "Node Type": "Materialize", "Parent Relationship": "Inner", "Plan Width": 72, "Total Cost": 22.0}], "Node Type": "Nested Loop", "Plan Rows": 688000, "Join Type": "Inner", "Parent Relationship": "Outer", "Plan Width": 136, "Total Cost": 8638.6}], "Sort Key": ["table_55.col_3", "table_2.col_0"], "Plan Rows": 688000, "Node Type": "Sort", "Parent Relationship": "Outer", "Plan Width": 136, "Total Cost": 218166.25}], "Plan Rows": 688000, "Node Type": "Materialize", "Parent Relationship": "Inner", "Plan Width": 136, "Total Cost": 219886.25}], "Node Type": "Merge Join", "Plan Rows": 559430, "Join Type": "Inner", "Parent Relationship": "Outer", "Plan Width": 272, "Merge Cond": "((table_0.col_1 = table_55.col_3) AND (table_46.col_1 = table_2.col_0))", "Total Cost": 235158.58}, {"Startup Cost": 0.0, "Plans": [{"Startup Cost": 0.0, "Node Type": "Seq Scan", "Plan Rows": 1230, "Relation Name": "table_7", "Alias": "table_7", "Parent Relationship": "Outer", "Plan Width": 36, "Total Cost": 22.3}], "Plan Rows": 1230, "Node Type": "Materialize", "Parent Relationship": "Inner", "Plan Width": 36, "Total Cost": 28.45}], "Node Type": "Nested Loop", "Plan Rows": 3440494, "Join Type": "Inner", "Parent Relationship": "Outer", "Plan Width": 308, "Join Filter": "(table_7.col_1 = table_46.col_1)", "Total Cost": 10556667.45}, {"Startup Cost": 0.15, "Scan Direction": "Forward", "Plan Width": 72, "Node Type": "Index Scan", "Index Cond": "(table_25.col_0 = col_0)", "Plan Rows": 4, "Relation Name": "table_28", "Alias": "table_28", "Parent Relationship": "Inner", "Total Cost": 0.27, "Index Name": "table_28_col_0_idx"}], "Node Type": "Nested Loop", "Plan Rows": 13761976, "Join Type": "Left", "Parent Relationship": "Outer", "Plan Width": 380, "Total Cost": 11627221.17}, {"Startup Cost": 192562307640.56, "Plans": [{"Startup Cost": 192562307640.56, "Plans": [{"Startup Cost": 2201.53, "Plans": [{"Startup Cost": 2201.53, "Plans": [{"Startup Cost": 2201.53, "Plans": [{"Startup Cost": 1532.16, "Plans": [{"Startup Cost": 1041.84, "Plans": [{"Startup Cost": 1041.84, "Plans": [{"Startup Cost": 143.97, "Plans": [{"Startup Cost": 58.54, "Plans": [{"Startup Cost": 0.0, "Node Type": "Seq Scan", "Plan Rows": 830, "Relation Name": "table_41", "Alias": "table_41", "Parent Relationship": "Outer", "Plan Width": 68, "Total Cost": 18.3}], "Sort Key": ["table_41.col_0"], "Plan Rows": 830, "Node Type": "Sort", "Parent Relationship": "Outer", "Plan Width": 68, "Total Cost": 60.62}, {"Startup Cost": 85.43, "Plans": [{"Startup Cost": 0.0, "Node Type": "Seq Scan", "Plan Rows": 1230, "Relation Name": "table_57", "Alias": "table_57", "Parent Relationship": "Outer", "Plan Width": 36, "Total Cost": 22.3}], "Sort Key": ["table_57.col_0"], "Plan Rows": 1230, "Node Type": "Sort", "Parent Relationship": "Inner", "Plan Width": 36, "Total Cost": 88.5}], "Node Type": "Merge Join", "Plan Rows": 5104, "Join Type": "Inner", "Parent Relationship": "Outer", "Plan Width": 104, "Merge Cond": "(table_41.col_0 = table_57.col_0)", "Total Cost": 224.68}, {"Startup Cost": 897.87, "Plans": [{"Startup Cost": 206.35, "Plans": [{"Startup Cost": 56.58, "Plans": [{"Startup Cost": 0.0, "Node Type": "Seq Scan", "Plan Rows": 800, "Relation Name": "table_17", "Alias": "table_17", "Parent Relationship": "Outer", "Plan Width": 72, "Total Cost": 18.0}], "Sort Key": ["table_17.col_3"], "Plan Rows": 800, "Node Type": "Sort", "Parent Relationship": "Outer", "Plan Width": 72, "Total Cost": 58.58}, {"Startup Cost": 149.78, "Plans": [{"Startup Cost": 0.0, "Node Type": "Seq Scan", "Plan Rows": 2140, "Relation Name": "table_37", "Alias": "table_37", "Parent Relationship": "Outer", "Plan Width": 8, "Total Cost": 31.4}], "Sort Key": ["table_37.col_1"], "Plan Rows": 2140, "Node Type": "Sort", "Parent Relationship": "Inner", "Plan Width": 8, "Total Cost": 155.13}], "Node Type": "Merge Join", "Plan Rows": 8560, "Join Type": "Inner", "Parent Relationship": "Outer", "Plan Width": 80, "Merge Cond": "(table_17.col_3 = table_37.col_1)", "Total Cost": 338.75}], "Sort Key": ["table_17.col_2"], "Plan Rows": 8560, "Node Type": "Sort", "Parent Relationship": "Inner", "Plan Width": 80, "Total Cost": 919.27}], "Node Type": "Merge Join", "Plan Rows": 218451, "Join Type": "Inner", "Parent Relationship": "Outer", "Plan Width": 184, "Merge Cond": "(table_41.col_0 = table_17.col_2)", "Total Cost": 4412.07}, {"Startup Cost": 0.0, "Plans": [{"Startup Cost": 0.0, "Node Type": "Seq Scan", "Plan Rows": 620, "Relation Name": "table_12", "Alias": "table_12", "Parent Relationship": "Outer", "Plan Width": 100, "Total Cost": 16.2}], "Plan Rows": 620, "Node Type": "Materialize", "Parent Relationship": "Inner", "Plan Width": 100, "Total Cost": 19.3}], "Node Type": "Nested Loop", "Plan Rows": 677198, "Join Type": "Inner", "Parent Relationship": "Outer", "Plan Width": 284, "Join Filter": "(table_17.col_1 = table_12.col_1)", "Total Cost": 2036024.12}, {"Startup Cost": 490.33, "Plans": [{"Startup Cost": 490.33, "Plans": [{"Startup Cost": 123.19, "Plans": [{"Startup Cost": 0.0, "Node Type": "Seq Scan", "Plan Rows": 1770, "Relation Name": "table_64", "Alias": "table_64", "Parent Relationship": "Outer", "Plan Width": 16, "Total Cost": 27.7}], "Sort Key": ["table_64.col_2"], "Plan Rows": 1770, "Node Type": "Sort", "Parent Relationship": "Outer", "Plan Width": 16, "Total Cost": 127.61}, {"Startup Cost": 367.14, "Plans": [{"Startup Cost": 23.95, "Plans": [{"Startup Cost": 0.0, "Node Type": "Seq Scan", "Plan Rows": 1100, "Relation Name": "table_47", "Alias": "table_47", "Parent Relationship": "Outer", "Plan Width": 44, "Total Cost": 21.0}, {"Startup Cost": 16.2, "Plans": [{"Startup Cost": 0.0, "Node Type": "Seq Scan", "Plan Rows": 620, "Relation Name": "table_10", "Alias": "table_10", "Parent Relationship": "Outer", "Plan Width": 100, "Total Cost": 16.2}], "Plan Rows": 620, "Node Type": "Hash", "Parent Relationship": "Inner", "Plan Width": 100, "Total Cost": 16.2}], "Node Type": "Hash Join", "Plan Rows": 3410, "Join Type": "Inner", "Hash Cond": "(table_47.col_3 = table_10.col_2)", "Parent Relationship": "Outer", "Plan Width": 144, "Total Cost": 167.05}], "Sort Key": ["table_47.col_2"], "Plan Rows": 3410, "Node Type": "Sort", "Parent Relationship": "Inner", "Plan Width": 144, "Total Cost": 375.67}], "Node Type": "Merge Join", "Plan Rows": 30178, "Join Type": "Inner", "Parent Relationship": "Outer", "Plan Width": 160, "Merge Cond": "(table_64.col_2 = table_47.col_2)", "Total Cost": 951.85}], "Plan Rows": 30178, "Node Type": "Materialize", "Parent Relationship": "Inner", "Plan Width": 160, "Total Cost": 1780.74}], "Node Type": "Nested Loop", "Plan Rows": 102182406, "Join Type": "Inner", "Parent Relationship": "Outer", "Plan Width": 444, "Join Filter": "(table_47.col_2 = table_41.col_1)", "Total Cost": 767724514.07}, {"Startup Cost": 669.37, "Plans": [{"Startup Cost": 669.37, "Plans": [{"Startup Cost": 631.69, "Plans": [{"Startup Cost": 607.29, "Plans": [{"Startup Cost": 80.64, "Plans": [{"Startup Cost": 0.0, "Node Type": "Seq Scan", "Plan Rows": 1160, "Relation Name": "table_22", "Alias": "table_22", "Parent Relationship": "Outer", "Plan Width": 40, "Total Cost": 21.6}], "Sort Key": ["table_22.col_0"], "Plan Rows": 1160, "Node Type": "Sort", "Parent Relationship": "Outer", "Plan Width": 40, "Total Cost": 83.54}, {"Startup Cost": 526.65, "Plans": [{"Startup Cost": 141.16, "Plans": [{"Startup Cost": 60.52, "Plans": [{"Startup Cost": 0.0, "Node Type": "Seq Scan", "Plan Rows": 860, "Relation Name": "table_40", "Alias": "table_40", "Parent Relationship": "Outer", "Plan Width": 64, "Total Cost": 18.6}], "Sort Key": ["table_40.col_1"], "Plan Rows": 860, "Node Type": "Sort", "Parent Relationship": "Outer", "Plan Width": 64, "Total Cost": 62.67}, {"Startup Cost": 80.64, "Plans": [{"Startup Cost": 0.0, "Node Type": "Seq Scan", "Plan Rows": 1160, "Relation Name": "table_34", "Alias": "table_34", "Parent Relationship": "Outer", "Plan Width": 40, "Total Cost": 21.6}], "Sort Key": ["table_34.col_0"], "Plan Rows": 1160, "Node Type": "Sort", "Parent Relationship": "Inner", "Plan Width": 40, "Total Cost": 83.54}], "Node Type": "Merge Join", "Plan Rows": 4988, "Join Type": "Inner", "Parent Relationship": "Outer", "Plan Width": 104, "Merge Cond": "(table_40.col_1 = table_34.col_0)", "Total Cost": 220.28}], "Sort Key": ["table_34.col_1"], "Plan Rows": 4988, "Node Type": "Sort", "Parent Relationship": "Inner", "Plan Width": 104, "Total Cost": 539.12}], "Node Type": "Merge Join", "Plan Rows": 28930, "Join Type": "Right", "Parent Relationship": "Outer", "Plan Width": 144, "Merge Cond": "(table_22.col_0 = table_34.col_1)", "Total Cost": 1047.04}, {"Startup Cost": 16.4, "Plans": [{"Startup Cost": 0.0, "Node Type": "Seq Scan", "Plan Rows": 640, "Relation Name": "table_4", "Alias": "table_4", "Parent Relationship": "Outer", "Plan Width": 96, "Total Cost": 16.4}], "Plan Rows": 640, "Node Type": "Hash", "Parent Relationship": "Inner", "Plan Width": 96, "Total Cost": 16.4}], "Node Type": "Hash Join", "Plan Rows": 92576, "Join Type": "Inner", "Hash Cond": "(table_34.col_0 = table_4.col_1)", "Parent Relationship": "Outer", "Plan Width": 240, "Total Cost": 4383.93}, {"Startup Cost": 22.3, "Plans": [{"Startup Cost": 0.0, "Node Type": "Seq Scan", "Plan Rows": 1230, "Relation Name": "table_30", "Alias": "table_30", "Parent Relationship": "Outer", "Plan Width": 36, "Total Cost": 22.3}], "Plan Rows": 1230, "Node Type": "Hash", "Parent Relationship": "Inner", "Plan Width": 36, "Total Cost": 22.3}], "Node Type": "Hash Join", "Plan Rows": 569342, "Join Type": "Left", "Hash Cond": "(table_34.col_2 = table_30.col_1)", "Parent Relationship": "Outer", "Plan Width": 276, "Total Cost": 24580.02}], "Plan Rows": 569342, "Node Type": "Materialize", "Parent Relationship": "Inner", "Plan Width": 276, "Total Cost": 48276.73}], "Node Type": "Nested Loop", "Plan Rows": 290883676984, "Join Type": "Inner", "Parent Relationship": "Outer", "Plan Width": 720, "Join Filter": "(table_41.col_1 = table_34.col_2)", "Total Cost": 3003921946570.23}, {"Startup Cost": 0.0, "Plans": [{"Startup Cost": 0.0, "Node Type": "Seq Scan", "Plan Rows": 1230, "Relation Name": "table_54", "Alias": "table_54", "Parent Relationship": "Outer", "Plan Width": 36, "Total Cost": 22.3}, {"Startup Cost": 0.0, "Plans": [{"Startup Cost": 0.0, "Node Type": "Seq Scan", "Plan Rows": 800, "Relation Name": "table_15", "Alias": "table_15", "Parent Relationship": "Outer", "Plan Width": 72, "Total Cost": 18.0}], "Plan Rows": 800, "Node Type": "Materialize", "Parent Relationship": "Inner", "Plan Width": 72, "Total Cost": 22.0}], "Node Type": "Nested Loop", "Plan Rows": 984000, "Join Type": "Inner", "Parent Relationship": "Inner", "Plan Width": 108, "Total Cost": 12342.3}], "Node Type": "Nested Loop", "Plan Rows": 7155738453806, "Join Type": "Inner", "Parent Relationship": "Outer", "Plan Width": 828, "Join Filter": "((table_15.col_1 = table_34.col_0) AND (table_54.col_1 = table_10.col_1))", "Total Cost": 7886620600670034.0}, {"Startup Cost": 0.0, "Plans": [{"Startup Cost": 0.0, "Node Type": "Seq Scan", "Plan Rows": 1940, "Relation Name": "table_9", "Alias": "table_9", "Parent Relationship": "Outer", "Plan Width": 12, "Total Cost": 29.4}], "Plan Rows": 1940, "Node Type": "Materialize", "Parent Relationship": "Inner", "Plan Width": 12, "Total Cost": 39.1}], "Node Type": "Nested Loop", "Plan Rows": 69410663001918, "Join Type": "Left", "Parent Relationship": "Outer", "Plan Width": 840, "Join Filter": "(table_15.col_2 = table_9.col_1)", "Total Cost": 8094852589675823.0}, {"Startup Cost": 192562305439.02, "Plans": [{"Startup Cost": 192562305439.02, "Plans": [{"Startup Cost": 298675.83, "Plans": [{"Startup Cost": 298647.83, "Plans": [{"Startup Cost": 298589.68, "Plans": [{"Startup Cost": 298561.68, "Plans": [{"Startup Cost": 298533.68, "Plans": [{"Startup Cost": 298245.2, "Plans": [{"Startup Cost": 73042.44, "Plans": [{"Startup Cost": 277.92, "Plans": [{"Startup Cost": 76.57, "Plans": [{"Startup Cost": 0.0, "Node Type": "Seq Scan", "Plan Rows": 1100, "Relation Name": "table_56", "Alias": "table_56", "Parent Relationship": "Outer", "Plan Width": 44, "Total Cost": 21.0}], "Sort Key": ["table_56.col_0"], "Plan Rows": 1100, "Node Type": "Sort", "Parent Relationship": "Outer", "Plan Width": 44, "Total Cost": 79.32}, {"Startup Cost": 201.35, "Plans": [{"Startup Cost": 201.35, "Plans": [{"Startup Cost": 46.23, "Plans": [{"Startup Cost": 0.0, "Node Type": "Seq Scan", "Plan Rows": 640, "Relation Name": "table_39", "Alias": "table_39", "Parent Relationship": "Outer", "Plan Width": 96, "Total Cost": 16.4}], "Sort Key": ["table_39.col_0"], "Plan Rows": 640, "Node Type": "Sort", "Parent Relationship": "Outer", "Plan Width": 96, "Total Cost": 47.83}, {"Startup Cost": 155.12, "Plans": [{"Startup Cost": 155.12, "Plans": [{"Startup Cost": 96.58, "Plans": [{"Startup Cost": 38.04, "Plans": [{"Startup Cost": 0.0, "Node Type": "Seq Scan", "Plan Rows": 510, "Relation Name": "table_42", "Alias": "table_42", "Parent Relationship": "Outer", "Plan Width": 128, "Total Cost": 15.1}], "Sort Key": ["table_42.col_0"], "Plan Rows": 510, "Node Type": "Sort", "Parent Relationship": "Outer", "Plan Width": 128, "Total Cost": 39.31}, {"Startup Cost": 58.54, "Plans": [{"Startup Cost": 0.0, "Node Type": "Seq Scan", "Plan Rows": 830, "Relation Name": "table_21", "Alias": "table_21", "Parent Relationship": "Outer", "Plan Width": 68, "Total Cost": 18.3}], "Sort Key": ["table_21.col_2"], "Plan Rows": 830, "Node Type": "Sort", "Parent Relationship": "Inner", "Plan Width": 68, "Total Cost": 60.62}], "Node Type": "Merge Join", "Plan Rows": 2116, "Join Type": "Inner", "Parent Relationship": "Outer", "Plan Width": 196, "Merge Cond": "(table_42.col_0 = table_21.col_2)", "Total Cost": 130.87}, {"Startup Cost": 58.54, "Plans": [{"Startup Cost": 0.0, "Node Type": "Seq Scan", "Plan Rows": 830, "Relation Name": "table_5", "Alias": "table_5", "Parent Relationship": "Outer", "Plan Width": 68, "Total Cost": 18.3}], "Sort Key": ["table_5.col_1"], "Plan Rows": 830, "Node Type": "Sort", "Parent Relationship": "Inner", "Plan Width": 68, "Total Cost": 60.62}], "Node Type": "Merge Join", "Plan Rows": 8781, "Join Type": "Left", "Parent Relationship": "Outer", "Plan Width": 264, "Merge Cond": "(table_21.col_2 = table_5.col_1)", "Total Cost": 326.42}], "Plan Rows": 8781, "Node Type": "Materialize", "Parent Relationship": "Inner", "Plan Width": 264, "Total Cost": 348.37}], "Node Type": "Merge Join", "Plan Rows": 28099, "Join Type": "Inner", "Parent Relationship": "Outer", "Plan Width": 360, "Merge Cond": "(table_39.col_0 = table_42.col_0)", "Total Cost": 797.33}], "Plan Rows": 28099, "Node Type": "Materialize", "Parent Relationship": "Inner", "Plan Width": 360, "Total Cost": 867.58}], "Node Type": "Merge Join", "Plan Rows": 154544, "Join Type": "Inner", "Parent Relationship": "Outer", "Plan Width": 404, "Merge Cond": "(table_56.col_0 = table_42.col_0)", "Total Cost": 3197.56}], "Sort Key": ["table_56.col_0", "table_56.col_1"], "Plan Rows": 154544, "Node Type": "Sort", "Parent Relationship": "Outer", "Plan Width": 404, "Total Cost": 73428.8}, {"Startup Cost": 225202.76, "Plans": [{"Startup Cost": 225202.76, "Plans": [{"Startup Cost": 0.0, "Plans": [{"Startup Cost": 0.0, "Node Type": "Seq Scan", "Plan Rows": 1100, "Relation Name": "table_24", "Alias": "table_24", "Parent Relationship": "Outer", "Plan Width": 44, "Total Cost": 21.0}, {"Startup Cost": 0.0, "Plans": [{"Startup Cost": 0.0, "Node Type": "Seq Scan", "Plan Rows": 640, "Relation Name": "table_26", "Alias": "table_26", "Parent Relationship": "Outer", "Plan Width": 96, "Total Cost": 16.4}], "Plan Rows": 640, "Node Type": "Materialize", "Parent Relationship": "Inner", "Plan Width": 96, "Total Cost": 19.6}], "Node Type": "Nested Loop", "Plan Rows": 704000, "Join Type": "Inner", "Parent Relationship": "Outer", "Plan Width": 140, "Total Cost": 8839.0}], "Sort Key": ["table_26.col_2", "table_24.col_1"], "Plan Rows": 704000, "Node Type": "Sort", "Parent Relationship": "Outer", "Plan Width": 140, "Total Cost": 226962.76}], "Plan Rows": 704000, "Node Type": "Materialize", "Parent Relationship": "Inner", "Plan Width": 140, "Total Cost": 228722.76}], "Node Type": "Merge Join", "Plan Rows": 2719974, "Join Type": "Inner", "Parent Relationship": "Outer", "Plan Width": 544, "Merge Cond": "((table_42.col_0 = table_26.col_2) AND (table_56.col_1 = table_24.col_1))", "Total Cost": 348763.83}, {"Startup Cost": 224.68, "Plans": [{"Startup Cost": 143.97, "Plans": [{"Startup Cost": 58.54, "Plans": [{"Startup Cost": 0.0, "Node Type": "Seq Scan", "Plan Rows": 830, "Relation Name": "table_18", "Alias": "table_18", "Parent Relationship": "Outer", "Plan Width": 68, "Total Cost": 18.3}], "Sort Key": ["table_18.col_2"], "Plan Rows": 830, "Node Type": "Sort", "Parent Relationship": "Outer", "Plan Width": 68, "Total Cost": 60.62}, {"Startup Cost": 85.43, "Plans": [{"Startup Cost": 0.0, "Node Type": "Seq Scan", "Plan Rows": 1230, "Relation Name": "table_31", "Alias": "table_31", "Parent Relationship": "Outer", "Plan Width": 36, "Total Cost": 22.3}], "Sort Key": ["table_31.col_1"], "Plan Rows": 1230, "Node Type": "Sort", "Parent Relationship": "Inner", "Plan Width": 36, "Total Cost": 88.5}], "Node Type": "Merge Join", "Plan Rows": 5104, "Join Type": "Inner", "Parent Relationship": "Outer", "Plan Width": 104, "Merge Cond": "(table_18.col_2 = table_31.col_1)", "Total Cost": 224.68}], "Plan Rows": 5104, "Node Type": "Hash", "Parent Relationship": "Inner", "Plan Width": 104, "Total Cost": 224.68}], "Node Type": "Hash Join", "Plan Rows": 69413736, "Join Type": "Inner", "Hash Cond": "(table_26.col_1 = table_31.col_1)", "Parent Relationship": "Outer", "Plan Width": 648, "Total Cost": 2783973.03}, {"Startup Cost": 18.0, "Plans": [{"Startup Cost": 0.0, "Node Type": "Seq Scan", "Plan Rows": 800, "Relation Name": "table_51", "Alias": "table_51", "Parent Relationship": "Outer", "Plan Width": 72, "Total Cost": 18.0}], "Plan Rows": 800, "Node Type": "Hash", "Parent Relationship": "Inner", "Plan Width": 72, "Total Cost": 18.0}], "Node Type": "Hash Join", "Plan Rows": 277654944, "Join Type": "Left", "Hash Cond": "(table_42.col_3 = table_51.col_1)", "Parent Relationship": "Outer", "Plan Width": 720, "Total Cost": 12675458.41}, {"Startup Cost": 18.0, "Plans": [{"Startup Cost": 0.0, "Node Type": "Seq Scan", "Plan Rows": 800, "Relation Name": "table_48", "Alias": "table_48", "Parent Relationship": "Outer", "Plan Width": 72, "Total Cost": 18.0}], "Plan Rows": 800, "Node Type": "Hash", "Parent Relationship": "Inner", "Plan Width": 72, "Total Cost": 18.0}], "Node Type": "Hash Join", "Plan Rows": 1110619776, "Join Type": "Left", "Hash Cond": "(table_21.col_0 = table_48.col_2)", "Parent Relationship": "Outer", "Plan Width": 792, "Total Cost": 52241315.93}, {"Startup Cost": 31.4, "Plans": [{"Startup Cost": 0.0, "Node Type": "Seq Scan", "Plan Rows": 2140, "Relation Name": "table_20", "Alias": "table_20", "Parent Relationship": "Outer", "Plan Width": 8, "Total Cost": 31.4}], "Plan Rows": 2140, "Node Type": "Hash", "Parent Relationship": "Inner", "Plan Width": 8, "Total Cost": 31.4}], "Node Type": "Hash Join", "Plan Rows": 11883631603, "Join Type": "Left", "Hash Cond": "(table_21.col_1 = table_20.col_1)", "Parent Relationship": "Outer", "Plan Width": 800, "Total Cost": 470945029.63}, {"Startup Cost": 18.0, "Plans": [{"Startup Cost": 0.0, "Node Type": "Seq Scan", "Plan Rows": 800, "Relation Name": "table_58", "Alias": "table_58", "Parent Relationship": "Outer", "Plan Width": 72, "Total Cost": 18.0}], "Plan Rows": 800, "Node Type": "Hash", "Parent Relationship": "Inner", "Plan Width": 72, "Total Cost": 18.0}], "Node Type": "Hash Join", "Plan Rows": 47534526412, "Join Type": "Inner", "Hash Cond": "(table_42.col_0 = table_58.col_3)", "Parent Relationship": "Outer", "Plan Width": 872, "Total Cost": 2164362561.05}], "Sort Key": ["table_42.col_1"], "Plan Rows": 47534526412, "Node Type": "Sort", "Parent Relationship": "Outer", "Plan Width": 872, "Total Cost": 192681141755.05}], "Plan Rows": 47534526412, "Node Type": "Materialize", "Parent Relationship": "Inner", "Plan Width": 872, "Total Cost": 192799978071.08}], "Node Type": "Merge Join", "Plan Rows": 16497014968695511842816, "Join Type": "Inner", "Parent Relationship": "Outer", "Plan Width": 1712, "Merge Cond": "(table_41.col_0 = table_42.col_1)", "Total Cost": 2.4746331974923017e+20}], "Plan Rows": 16497014968695511842816, "Node Type": "Materialize", "Parent Relationship": "Inner", "Plan Width": 1712, "Total Cost": 2.8870585717096894e+20}], "Node Type": "Merge Join", "Plan Rows": 1135157620354141976187109376, "Join Type": "Inner", "Parent Relationship": "Outer", "Plan Width": 2092, "Merge Cond": "(table_0.col_1 = table_42.col_1)", "Total Cost": 1.702761176863188e+25}, {"Startup Cost": 18.0, "Plans": [{"Startup Cost": 0.0, "Node Type": "Seq Scan", "Plan Rows": 800, "Relation Name": "table_16", "Alias": "table_16", "Parent Relationship": "Outer", "Plan Width": 72, "Total Cost": 18.0}], "Plan Rows": 800, "Node Type": "Hash", "Parent Relationship": "Inner", "Plan Width": 72, "Total Cost": 18.0}], "Node Type": "Hash Join", "Plan Rows": 4540630481416567904748437504, "Join Type": "Inner", "Hash Cond": "(table_64.col_0 = table_16.col_1)", "Parent Relationship": "Outer", "Plan Width": 2164, "Total Cost": 1.7878757266909712e+26}, {"Startup Cost": 21.0, "Plans": [{"Startup Cost": 0.0, "Node Type": "Seq Scan", "Plan Rows": 1100, "Relation Name": "table_27", "Alias": "table_27", "Parent Relationship": "Outer", "Plan Width": 44, "Total Cost": 21.0}], "Plan Rows": 1100, "Node Type": "Hash", "Parent Relationship": "Inner", "Plan Width": 44, "Total Cost": 21.0}], "Node Type": "Hash Join", "Plan Rows": 24973467647791124025872220160, "Join Type": "Inner", "Hash Cond": "(table_58.col_0 = table_27.col_0)", "Parent Relationship": "Outer", "Plan Width": 2208, "Total Cost": 1.0642105165453279e+27}, {"Startup Cost": 21.0, "Plans": [{"Startup Cost": 0.0, "Node Type": "Seq Scan", "Plan Rows": 1100, "Relation Name": "table_60", "Alias": "table_60", "Parent Relationship": "Outer", "Plan Width": 44, "Total Cost": 21.0}], "Plan Rows": 1100, "Node Type": "Hash", "Parent Relationship": "Inner", "Plan Width": 44, "Total Cost": 21.0}], "Node Type": "Hash Join", "Plan Rows": 137354072062851179943273955328, "Join Type": "Left", "Hash Cond": "(table_9.col_2 = table_60.col_1)", "Parent Relationship": "Outer", "Plan Width": 2252, "Total Cost": 5.934036707864596e+27}, {"Startup Cost": 18.0, "Plans": [{"Startup Cost": 0.0, "Node Type": "Seq Scan", "Plan Rows": 800, "Relation Name": "table_61", "Alias": "table_61", "Parent Relationship": "Outer", "Plan Width": 72, "Total Cost": 18.0}], "Plan Rows": 800, "Node Type": "Hash", "Parent Relationship": "Inner", "Plan Width": 72, "Total Cost": 18.0}], "Node Type": "Hash Join", "Plan Rows": 549416288251404719773095821312, "Join Type": "Inner", "Hash Cond": "(table_10.col_3 = table_61.col_1)", "Parent Relationship": "Outer", "Plan Width": 2324, "Total Cost": 2.550699197682089e+28}, {"Startup Cost": 18.0, "Plans": [{"Startup Cost": 0.0, "Node Type": "Seq Scan", "Plan Rows": 800, "Relation Name": "table_62", "Alias": "table_62", "Parent Relationship": "Outer", "Plan Width": 72, "Total Cost": 18.0}], "Plan Rows": 800, "Node Type": "Hash", "Parent Relationship": "Inner", "Plan Width": 72, "Total Cost": 18.0}], "Node Type": "Hash Join", "Plan Rows": 2197665153005618879092383285248, "Join Type": "Left", "Hash Cond": "(table_20.col_0 = table_62.col_2)", "Parent Relationship": "Outer", "Plan Width": 2396, "Total Cost": 1.0379881305264606e+29}], "Sort Key": ["table_26.col_1", "table_64.col_2"], "Plan Rows": 2197665153005618879092383285248, "Node Type": "Sort", "Parent Relationship": "Outer", "Plan Width": 2396, "Total Cost": 8.301763662958707e+31}], "Plan Rows": 2197665153005618879092383285248, "Node Type": "Materialize", "Parent Relationship": "Inner", "Plan Width": 2396, "Total Cost": 8.302313079246957e+31}], "Node Type": "Merge Join", "Plan Rows": 287951620778637916667389514220249808896, "Join Type": "Inner", "Parent Relationship": "Outer", "Plan Width": 2628, "Merge Cond": "((table_59.col_0 = table_26.col_1) AND (table_1.col_0 = table_41.col_1))", "Total Cost": 5.0392363812627934e+36}], "Plan Rows": 287951620778637916667389514220249808896, "Node Type": "Materialize", "Parent Relationship": "Inner", "Plan Width": 2628, "Total Cost": 5.759115433209388e+36}], "Node Type": "Merge Join", "Plan Rows": 6869874803211790000912288584283017259199234048, "Join Type": "Inner", "Parent Relationship": "Outer", "Plan Width": 3176, "Merge Cond": "(table_44.col_1 = table_26.col_1)", "Total Cost": 1.0304812708741324e+44}, {"Startup Cost": 21.6, "Plans": [{"Startup Cost": 0.0, "Node Type": "Seq Scan", "Plan Rows": 1160, "Relation Name": "table_50", "Alias": "table_50", "Parent Relationship": "Outer", "Plan Width": 40, "Total Cost": 21.6}], "Plan Rows": 1160, "Node Type": "Hash", "Parent Relationship": "Inner", "Plan Width": 40, "Total Cost": 21.6}], "Plan Rows": 39845273858628382765881633925779141001377480704, "Node Type": "Hash Join", "Join Type": "Right", "Hash Cond": "(table_61.col_0 = table_50.col_2)", "Plan Width": 3216, "Total Cost": 1.514807399147436e+45}}]