[{"Plan": {"Startup Cost": 2453179580646724.0, "Plans": [{"Startup Cost": 2453179580646688.0, "Plans": [{"Startup Cost": 2453179234026676.5, "Plans": [{"Startup Cost": 1264.92, "Plans": [{"Startup Cost": 85.58, "Plans": [{"Startup Cost": 0.15, "Scan Direction": "Forward", "Plan Width": 8, "Node Type": "Index Scan", "Plan Rows": 2140, "Relation Name": "table_1", "Alias": "table_1", "Parent Relationship": "Outer", "Total Cost": 76.26, "Index Name": "table_1_col_1_idx"}, {"Startup Cost": 85.43, "Plans": [{"Startup Cost": 0.0, "Node Type": "Seq Scan", "Plan Rows": 1230, "Relation Name": "table_3", "Alias": "table_3", "Parent Relationship": "Outer", "Plan Width": 36, "Total Cost": 22.3}], "Sort Key": ["table_3.col_0"], "Plan Rows": 1230, "Node Type": "Sort", "Parent Relationship": "Inner", "Plan Width": 36, "Total Cost": 88.5}], "Node Type": "Merge Join", "Plan Rows": 13161, "Join Type": "Left", "Parent Relationship": "Outer", "Plan Width": 44, "Merge Cond": "(table_1.col_1 = table_3.col_0)", "Total Cost": 364.45}], "Sort Key": ["table_1.col_0"], "Plan Rows": 13161, "Node Type": "Sort", "Parent Relationship": "Outer", "Plan Width": 44, "Total Cost": 1297.82}, {"Startup Cost": 2453179234025411.5, "Plans": [{"Startup Cost": 2453179234025411.5, "Plans": [{"Startup Cost": 7394.87, "Plans": [{"Startup Cost": 5670.33, "Plans": [{"Startup Cost": 5670.33, "Plans": [{"Startup Cost": 5670.33, "Plans": [{"Startup Cost": 5670.33, "Plans": [{"Startup Cost": 5670.33, "Plans": [{"Startup Cost": 5478.41, "Plans": [{"Startup Cost": 5392.98, "Plans": [{"Startup Cost": 123.19, "Plans": [{"Startup Cost": 0.0, "Node Type": "Seq Scan", "Plan Rows": 1770, "Relation Name": "table_64", "Alias": "table_64", "Parent Relationship": "Outer", "Plan Width": 16, "Total Cost": 27.7}], "Sort Key": ["table_64.col_2"], "Plan Rows": 1770, "Node Type": "Sort", "Parent Relationship": "Outer", "Plan Width": 16, "Total Cost": 127.61}, {"Startup Cost": 5269.8, "Plans": [{"Startup Cost": 5269.8, "Plans": [{"Startup Cost": 607.29, "Plans": [{"Startup Cost": 80.64, "Plans": [{"Startup Cost": 0.0, "Node Type": "Seq Scan", "Plan Rows": 1160, "Relation Name": "table_22", "Alias": "table_22", "Parent Relationship": "Outer", "Plan Width": 40, "Total Cost": 21.6}], "Sort Key": ["table_22.col_0"], "Plan Rows": 1160, "Node Type": "Sort", "Parent Relationship": "Outer", "Plan Width": 40, "Total Cost": 83.54}, {"Startup Cost": 526.65, "Plans": [{"Startup Cost": 141.16, "Plans": [{"Startup Cost": 60.52, "Plans": [{"Startup Cost": 0.0, "Node Type": "Seq Scan", "Plan Rows": 860, "Relation Name": "table_40", "Alias": "table_40", "Parent Relationship": "Outer", "Plan Width": 64, "Total Cost": 18.6}], "Sort Key": ["table_40.col_1"], "Plan Rows": 860, "Node Type": "Sort", "Parent Relationship": "Outer", "Plan Width": 64, "Total Cost": 62.67}, {"Startup Cost": 80.64, "Plans": [{"Startup Cost": 0.0, "Node Type": "Seq Scan", "Plan Rows": 1160, "Relation Name": "table_34", "Alias": "table_34", "Parent Relationship": "Outer", "Plan Width": 40, "Total Cost": 21.6}], "Sort Key": ["table_34.col_0"], "Plan Rows": 1160, "Node Type": "Sort", "Parent Relationship": "Inner", "Plan Width": 40, "Total Cost": 83.54}], "Node Type": "Merge Join", "Plan Rows": 4988, "Join Type": "Inner", "Parent Relationship": "Outer", "Plan Width": 104, "Merge Cond": "(table_40.col_1 = table_34.col_0)", "Total Cost": 220.28}], "Sort Key": ["table_34.col_1"], "Plan Rows": 4988, "Node Type": "Sort", "Parent Relationship": "Inner", "Plan Width": 104, "Total Cost": 539.12}], "Node Type": "Merge Join", "Plan Rows": 28930, "Join Type": "Right", "Parent Relationship": "Outer", "Plan Width": 144, "Merge Cond": "(table_22.col_0 = table_34.col_1)", "Total Cost": 1047.04}], "Sort Key": ["table_34.col_2"], "Plan Rows": 28930, "Node Type": "Sort", "Parent Relationship": "Outer", "Plan Width": 144, "Total Cost": 5342.12}], "Plan Rows": 28930, "Node Type": "Materialize", "Parent Relationship": "Inner", "Plan Width": 144, "Total Cost": 5414.45}], "Node Type": "Merge Join", "Plan Rows": 256030, "Join Type": "Inner", "Parent Relationship": "Outer", "Plan Width": 160, "Merge Cond": "(table_64.col_2 = table_34.col_2)", "Total Cost": 9314.61}, {"Startup Cost": 85.43, "Plans": [{"Startup Cost": 0.0, "Node Type": "Seq Scan", "Plan Rows": 1230, "Relation Name": "table_30", "Alias": "table_30", "Parent Relationship": "Outer", "Plan Width": 36, "Total Cost": 22.3}], "Sort Key": ["table_30.col_1"], "Plan Rows": 1230, "Node Type": "Sort", "Parent Relationship": "Inner", "Plan Width": 36, "Total Cost": 88.5}], "Node Type": "Merge Join", "Plan Rows": 1574584, "Join Type": "Left", "Parent Relationship": "Outer", "Plan Width": 196, "Merge Cond": "(table_34.col_2 = table_30.col_1)", "Total Cost": 33658.87}, {"Startup Cost": 191.92, "Plans": [{"Startup Cost": 191.92, "Plans": [{"Startup Cost": 56.58, "Plans": [{"Startup Cost": 0.0, "Node Type": "Seq Scan", "Plan Rows": 800, "Relation Name": "table_15", "Alias": "table_15", "Parent Relationship": "Outer", "Plan Width": 72, "Total Cost": 18.0}], "Sort Key": ["table_15.col_2"], "Plan Rows": 800, "Node Type": "Sort", "Parent Relationship": "Outer", "Plan Width": 72, "Total Cost": 58.58}, {"Startup Cost": 135.34, "Plans": [{"Startup Cost": 0.0, "Node Type": "Seq Scan", "Plan Rows": 1940, "Relation Name": "table_9", "Alias": "table_9", "Parent Relationship": "Outer", "Plan Width": 12, "Total Cost": 29.4}], "Sort Key": ["table_9.col_1"], "Plan Rows": 1940, "Node Type": "Sort", "Parent Relationship": "Inner", "Plan Width": 12, "Total Cost": 140.19}], "Node Type": "Merge Join", "Plan Rows": 7760, "Join Type": "Left", "Parent Relationship": "Outer", "Plan Width": 84, "Merge Cond": "(table_15.col_2 = table_9.col_1)", "Total Cost": 312.32}], "Plan Rows": 7760, "Node Type": "Materialize", "Parent Relationship": "Inner", "Plan Width": 84, "Total Cost": 351.12}], "Node Type": "Nested Loop", "Plan Rows": 61093859, "Join Type": "Inner", "Parent Relationship": "Outer", "Plan Width": 280, "Join Filter": "(table_34.col_0 = table_15.col_1)", "Total Cost": 183315568.19}, {"Startup Cost": 0.0, "Plans": [{"Startup Cost": 0.0, "Node Type": "Seq Scan", "Plan Rows": 1100, "Relation Name": "table_60", "Alias": "table_60", "Parent Relationship": "Outer", "Plan Width": 44, "Total Cost": 21.0}], "Plan Rows": 1100, "Node Type": "Materialize", "Parent Relationship": "Inner", "Plan Width": 44, "Total Cost": 26.5}], "Node Type": "Nested Loop", "Plan Rows": 336016224, "Join Type": "Left", "Parent Relationship": "Outer", "Plan Width": 324, "Join Filter": "(table_9.col_2 = table_60.col_1)", "Total Cost": 1191364265.44}, {"Startup Cost": 0.0, "Plans": [{"Startup Cost": 0.0, "Node Type": "Seq Scan", "Plan Rows": 800, "Relation Name": "table_16", "Alias": "table_16", "Parent Relationship": "Outer", "Plan Width": 72, "Total Cost": 18.0}], "Plan Rows": 800, "Node Type": "Materialize", "Parent Relationship": "Inner", "Plan Width": 72, "Total Cost": 22.0}], "Node Type": "Nested Loop", "Plan Rows": 1344064896, "Join Type": "Inner", "Parent Relationship": "Outer", "Plan Width": 396, "Join Filter": "(table_64.col_0 = table_16.col_1)", "Total Cost": 5223558973.44}, {"Startup Cost": 0.0, "Plans": [{"Startup Cost": 0.0, "Node Type": "Seq Scan", "Plan Rows": 640, "Relation Name": "table_4", "Alias": "table_4", "Parent Relationship": "Outer", "Plan Width": 96, "Total Cost": 16.4}], "Plan Rows": 640, "Node Type": "Materialize", "Parent Relationship": "Inner", "Plan Width": 96, "Total Cost": 19.6}], "Node Type": "Nested Loop", "Plan Rows": 4301007667, "Join Type": "Inner", "Parent Relationship": "Outer", "Plan Width": 492, "Join Filter": "(table_4.col_1 = table_34.col_0)", "Total Cost": 18126581993.04}, {"Startup Cost": 0.0, "Plans": [{"Startup Cost": 0.0, "Node Type": "Seq Scan", "Plan Rows": 800, "Relation Name": "table_61", "Alias": "table_61_1", "Parent Relationship": "Outer", "Plan Width": 72, "Total Cost": 18.0}], "Plan Rows": 800, "Node Type": "Materialize", "Parent Relationship": "Inner", "Plan Width": 72, "Total Cost": 22.0}], "Node Type": "Nested Loop", "Plan Rows": 3440806133600, "Join Type": "Inner", "Parent Relationship": "Outer", "Plan Width": 564, "Total Cost": 61136658683.04}, {"Startup Cost": 767.85, "Plans": [{"Startup Cost": 222.65, "Plans": [{"Startup Cost": 56.58, "Plans": [{"Startup Cost": 0.0, "Node Type": "Seq Scan", "Plan Rows": 800, "Relation Name": "table_51", "Alias": "table_51_1", "Parent Relationship": "Outer", "Plan Width": 72, "Total Cost": 18.0}], "Sort Key": ["table_51_1.col_2"], "Plan Rows": 800, "Node Type": "Sort", "Parent Relationship": "Outer", "Plan Width": 72, "Total Cost": 58.58}, {"Startup Cost": 166.07, "Plans": [{"Startup Cost": 166.07, "Plans": [{"Startup Cost": 85.43, "Plans": [{"Startup Cost": 0.0, "Node Type": "Seq Scan", "Plan Rows": 1230, "Relation Name": "table_0", "Alias": "table_0_2", "Parent Relationship": "Outer", "Plan Width": 36, "Total Cost": 22.3}], "Sort Key": ["table_0_2.col_0"], "Plan Rows": 1230, "Node Type": "Sort", "Parent Relationship": "Outer", "Plan Width": 36, "Total Cost": 88.5}, {"Startup Cost": 80.64, "Plans": [{"Startup Cost": 0.0, "Node Type": "Seq Scan", "Plan Rows": 1160, "Relation Name": "table_53", "Alias": "table_53", "Parent Relationship": "Outer", "Plan Width": 40, "Total Cost": 21.6}], "Sort Key": ["table_53.col_0"], "Plan Rows": 1160, "Node Type": "Sort", "Parent Relationship": "Inner", "Plan Width": 40, "Total Cost": 83.54}], "Node Type": "Merge Join", "Plan Rows": 7134, "Join Type": "Left", "Parent Relationship": "Outer", "Plan Width": 76, "Merge Cond": "(table_0_2.col_0 = table_53.col_0)", "Total Cost": 279.23}], "Plan Rows": 7134, "Node Type": "Materialize", "Parent Relationship": "Inner", "Plan Width": 76, "Total Cost": 297.06}], "Node Type": "Merge Join", "Plan Rows": 28536, "Join Type": "Inner", "Parent Relationship": "Outer", "Plan Width": 148, "Merge Cond": "(table_51_1.col_2 = table_0_2.col_0)", "Total Cost": 767.85}], "Plan Rows": 28536, "Node Type": "Hash", "Parent Relationship": "Inner", "Plan Width": 148, "Total Cost": 767.85}], "Node Type": "Hash Join", "Plan Rows": 490934219142048, "Join Type": "Left", "Hash Cond": "(table_61_1.col_1 = table_0_2.col_1)", "Parent Relationship": "Outer", "Plan Width": 712, "Total Cost": 17748100598638.06}], "Sort Key": ["table_64.col_2"], "Plan Rows": 490934219142048, "Node Type": "Sort", "Parent Relationship": "Outer", "Plan Width": 712, "Total Cost": 2454406569573266.5}], "Plan Rows": 490934219142048, "Node Type": "Materialize", "Parent Relationship": "Inner", "Plan Width": 712, "Total Cost": 2455633905121121.5}], "Node Type": "Merge Join", "Plan Rows": 32305926290642468, "Join Type": "Inner", "Parent Relationship": "Outer", "Plan Width": 756, "Merge Cond": "(table_1.col_0 = table_34.col_2)", "Total Cost": 2938995463934234.5}, {"Startup Cost": 346620011.49, "Plans": [{"Startup Cost": 346620011.49, "Plans": [{"Startup Cost": 346620011.34, "Plans": [{"Startup Cost": 346620011.34, "Plans": [{"Startup Cost": 346619404.4, "Plans": [{"Startup Cost": 346619404.4, "Plans": [{"Startup Cost": 346619404.4, "Plans": [{"Startup Cost": 346619404.4, "Plans": [{"Startup Cost": 346619404.4, "Plans": [{"Startup Cost": 2233.15, "Plans": [{"Startup Cost": 2233.15, "Plans": [{"Startup Cost": 2001.78, "Plans": [{"Startup Cost": 1830.93, "Plans": [{"Startup Cost": 1830.93, "Plans": [{"Startup Cost": 1830.93, "Plans": [{"Startup Cost": 1830.93, "Plans": [{"Startup Cost": 1806.98, "Plans": [{"Startup Cost": 76.57, "Plans": [{"Startup Cost": 0.0, "Node Type": "Seq Scan", "Plan Rows": 1100, "Relation Name": "table_47", "Alias": "table_47", "Parent Relationship": "Outer", "Plan Width": 44, "Total Cost": 21.0}], "Sort Key": ["table_47.col_2"], "Plan Rows": 1100, "Node Type": "Sort", "Parent Relationship": "Outer", "Plan Width": 44, "Total Cost": 79.32}, {"Startup Cost": 1730.41, "Plans": [{"Startup Cost": 1730.41, "Plans": [{"Startup Cost": 45.88, "Plans": [{"Startup Cost": 21.48, "Plans": [{"Startup Cost": 0.0, "Node Type": "Seq Scan", "Plan Rows": 830, "Relation Name": "table_41", "Alias": "table_41", "Parent Relationship": "Outer", "Plan Width": 68, "Total Cost": 18.3}, {"Startup Cost": 15.1, "Plans": [{"Startup Cost": 0.0, "Node Type": "Seq Scan", "Plan Rows": 510, "Relation Name": "table_42", "Alias": "table_42", "Parent Relationship": "Outer", "Plan Width": 128, "Total Cost": 15.1}], "Plan Rows": 510, "Node Type": "Hash", "Parent Relationship": "Inner", "Plan Width": 128, "Total Cost": 15.1}], "Node Type": "Hash Join", "Plan Rows": 2116, "Join Type": "Inner", "Hash Cond": "(table_41.col_0 = table_42.col_1)", "Parent Relationship": "Outer", "Plan Width": 196, "Total Cost": 115.92}, {"Startup Cost": 16.4, "Plans": [{"Startup Cost": 0.0, "Node Type": "Seq Scan", "Plan Rows": 640, "Relation Name": "table_39", "Alias": "table_39", "Parent Relationship": "Outer", "Plan Width": 96, "Total Cost": 16.4}], "Plan Rows": 640, "Node Type": "Hash", "Parent Relationship": "Inner", "Plan Width": 96, "Total Cost": 16.4}], "Node Type": "Hash Join", "Plan Rows": 6771, "Join Type": "Inner", "Hash Cond": "(table_42.col_0 = table_39.col_0)", "Parent Relationship": "Outer", "Plan Width": 292, "Total Cost": 382.6}], "Sort Key": ["table_41.col_1"], "Plan Rows": 6771, "Node Type": "Sort", "Parent Relationship": "Outer", "Plan Width": 292, "Total Cost": 1747.34}], "Plan Rows": 6771, "Node Type": "Materialize", "Parent Relationship": "Inner", "Plan Width": 292, "Total Cost": 1764.27}], "Node Type": "Merge Join", "Plan Rows": 37240, "Join Type": "Inner", "Parent Relationship": "Outer", "Plan Width": 336, "Merge Cond": "(table_47.col_2 = table_41.col_1)", "Total Cost": 2388.01}, {"Startup Cost": 23.95, "Plans": [{"Startup Cost": 23.95, "Plans": [{"Startup Cost": 0.0, "Plans": [{"Startup Cost": 0.0, "Node Type": "Seq Scan", "Plan Rows": 1230, "Relation Name": "table_54", "Alias": "table_54", "Parent Relationship": "Outer", "Plan Width": 36, "Total Cost": 22.3}, {"Startup Cost": 0.0, "Plans": [{"Startup Cost": 0.0, "Node Type": "Seq Scan", "Plan Rows": 800, "Relation Name": "table_17", "Alias": "table_17", "Parent Relationship": "Outer", "Plan Width": 72, "Total Cost": 18.0}], "Plan Rows": 800, "Node Type": "Materialize", "Parent Relationship": "Inner", "Plan Width": 72, "Total Cost": 22.0}], "Node Type": "Nested Loop", "Plan Rows": 984000, "Join Type": "Inner", "Parent Relationship": "Outer", "Plan Width": 108, "Total Cost": 12342.3}, {"Startup Cost": 16.2, "Plans": [{"Startup Cost": 0.0, "Node Type": "Seq Scan", "Plan Rows": 620, "Relation Name": "table_10", "Alias": "table_10", "Parent Relationship": "Outer", "Plan Width": 100, "Total Cost": 16.2}], "Plan Rows": 620, "Node Type": "Hash", "Parent Relationship": "Inner", "Plan Width": 100, "Total Cost": 16.2}], "Node Type": "Hash Join", "Plan Rows": 3050400, "Join Type": "Inner", "Hash Cond": "(table_54.col_1 = table_10.col_1)", "Parent Relationship": "Outer", "Plan Width": 208, "Total Cost": 121590.25}], "Plan Rows": 3050400, "Node Type": "Materialize", "Parent Relationship": "Inner", "Plan Width": 208, "Total Cost": 223231.25}], "Node Type": "Nested Loop", "Plan Rows": 2839922, "Join Type": "Inner", "Parent Relationship": "Outer", "Plan Width": 544, "Join Filter": "((table_42.col_1 = table_17.col_2) AND (table_47.col_3 = table_10.col_2))", "Total Cost": 5205203644.26}, {"Startup Cost": 0.0, "Plans": [{"Startup Cost": 0.0, "Node Type": "Seq Scan", "Plan Rows": 620, "Relation Name": "table_12", "Alias": "table_12", "Parent Relationship": "Outer", "Plan Width": 100, "Total Cost": 16.2}], "Plan Rows": 620, "Node Type": "Materialize", "Parent Relationship": "Inner", "Plan Width": 100, "Total Cost": 19.3}], "Node Type": "Nested Loop", "Plan Rows": 8803758, "Join Type": "Inner", "Parent Relationship": "Outer", "Plan Width": 644, "Join Filter": "(table_17.col_1 = table_12.col_1)", "Total Cost": 5231614936.61}, {"Startup Cost": 0.0, "Plans": [{"Startup Cost": 0.0, "Node Type": "Seq Scan", "Plan Rows": 800, "Relation Name": "table_61", "Alias": "table_61", "Parent Relationship": "Outer", "Plan Width": 72, "Total Cost": 18.0}], "Plan Rows": 800, "Node Type": "Materialize", "Parent Relationship": "Inner", "Plan Width": 72, "Total Cost": 22.0}], "Node Type": "Nested Loop", "Plan Rows": 35215032, "Join Type": "Inner", "Parent Relationship": "Outer", "Plan Width": 716, "Join Filter": "(table_10.col_3 = table_61.col_1)", "Total Cost": 5337260052.61}, {"Startup Cost": 0.0, "Plans": [{"Startup Cost": 0.0, "Node Type": "Seq Scan", "Plan Rows": 2140, "Relation Name": "table_37", "Alias": "table_37", "Parent Relationship": "Outer", "Plan Width": 8, "Total Cost": 31.4}], "Plan Rows": 2140, "Node Type": "Materialize", "Parent Relationship": "Inner", "Plan Width": 8, "Total Cost": 42.1}], "Node Type": "Nested Loop", "Plan Rows": 376800842, "Join Type": "Inner", "Parent Relationship": "Outer", "Plan Width": 724, "Join Filter": "(table_17.col_3 = table_37.col_1)", "Total Cost": 6467662616.56}, {"Startup Cost": 170.85, "Plans": [{"Startup Cost": 170.85, "Plans": [{"Startup Cost": 85.43, "Plans": [{"Startup Cost": 0.0, "Node Type": "Seq Scan", "Plan Rows": 1230, "Relation Name": "table_0", "Alias": "table_0", "Parent Relationship": "Outer", "Plan Width": 36, "Total Cost": 22.3}], "Sort Key": ["table_0.col_1"], "Plan Rows": 1230, "Node Type": "Sort", "Parent Relationship": "Outer", "Plan Width": 36, "Total Cost": 88.5}, {"Startup Cost": 85.43, "Plans": [{"Startup Cost": 0.0, "Node Type": "Seq Scan", "Plan Rows": 1230, "Relation Name": "table_57", "Alias": "table_57", "Parent Relationship": "Outer", "Plan Width": 36, "Total Cost": 22.3}], "Sort Key": ["table_57.col_0"], "Plan Rows": 1230, "Node Type": "Sort", "Parent Relationship": "Inner", "Plan Width": 36, "Total Cost": 88.5}], "Node Type": "Merge Join", "Plan Rows": 7564, "Join Type": "Inner", "Parent Relationship": "Outer", "Plan Width": 72, "Merge Cond": "(table_0.col_1 = table_57.col_0)", "Total Cost": 290.46}], "Plan Rows": 7564, "Node Type": "Materialize", "Parent Relationship": "Inner", "Plan Width": 72, "Total Cost": 328.28}], "Node Type": "Nested Loop", "Plan Rows": 14250607844, "Join Type": "Inner", "Parent Relationship": "Outer", "Plan Width": 796, "Join Filter": "(table_42.col_1 = table_0.col_1)", "Total Cost": 49219486459.25}, {"Startup Cost": 231.37, "Plans": [{"Startup Cost": 231.37, "Plans": [{"Startup Cost": 60.52, "Plans": [{"Startup Cost": 0.0, "Node Type": "Seq Scan", "Plan Rows": 860, "Relation Name": "table_25", "Alias": "table_25", "Parent Relationship": "Outer", "Plan Width": 64, "Total Cost": 18.6}], "Sort Key": ["table_25.col_0"], "Plan Rows": 860, "Node Type": "Sort", "Parent Relationship": "Outer", "Plan Width": 64, "Total Cost": 62.67}, {"Startup Cost": 170.85, "Plans": [{"Startup Cost": 170.85, "Plans": [{"Startup Cost": 85.43, "Plans": [{"Startup Cost": 0.0, "Node Type": "Seq Scan", "Plan Rows": 1230, "Relation Name": "table_7", "Alias": "table_7", "Parent Relationship": "Outer", "Plan Width": 36, "Total Cost": 22.3}], "Sort Key": ["table_7.col_1"], "Plan Rows": 1230, "Node Type": "Sort", "Parent Relationship": "Outer", "Plan Width": 36, "Total Cost": 88.5}, {"Startup Cost": 85.43, "Plans": [{"Startup Cost": 0.0, "Node Type": "Seq Scan", "Plan Rows": 1230, "Relation Name": "table_46", "Alias": "table_46", "Parent Relationship": "Outer", "Plan Width": 36, "Total Cost": 22.3}], "Sort Key": ["table_46.col_1"], "Plan Rows": 1230, "Node Type": "Sort", "Parent Relationship": "Inner", "Plan Width": 36, "Total Cost": 88.5}], "Node Type": "Merge Join", "Plan Rows": 7564, "Join Type": "Inner", "Parent Relationship": "Outer", "Plan Width": 72, "Merge Cond": "(table_7.col_1 = table_46.col_1)", "Total Cost": 290.46}], "Plan Rows": 7564, "Node Type": "Materialize", "Parent Relationship": "Inner", "Plan Width": 72, "Total Cost": 309.37}], "Node Type": "Merge Join", "Plan Rows": 32525, "Join Type": "Inner", "Parent Relationship": "Outer", "Plan Width": 136, "Merge Cond": "(table_25.col_0 = table_46.col_1)", "Total Cost": 843.15}], "Plan Rows": 32525, "Node Type": "Materialize", "Parent Relationship": "Inner", "Plan Width": 136, "Total Cost": 1641.78}], "Node Type": "Nested Loop", "Plan Rows": 2317505100630, "Join Type": "Inner", "Parent Relationship": "Outer", "Plan Width": 932, "Join Filter": "(table_46.col_0 = table_0.col_0)", "Total Cost": 16065121378059.22}, {"Startup Cost": 0.0, "Plans": [{"Startup Cost": 0.0, "Node Type": "Seq Scan", "Plan Rows": 860, "Relation Name": "table_2", "Alias": "table_2", "Parent Relationship": "Outer", "Plan Width": 64, "Total Cost": 18.6}, {"Startup Cost": 0.0, "Plans": [{"Startup Cost": 0.0, "Node Type": "Seq Scan", "Plan Rows": 800, "Relation Name": "table_55", "Alias": "table_55", "Parent Relationship": "Outer", "Plan Width": 72, "Total Cost": 18.0}], "Plan Rows": 800, "Node Type": "Materialize", "Parent Relationship": "Inner", "Plan Width": 72, "Total Cost": 22.0}], "Node Type": "Nested Loop", "Plan Rows": 688000, "Join Type": "Inner", "Parent Relationship": "Inner", "Plan Width": 136, "Total Cost": 8638.6}], "Node Type": "Nested Loop", "Plan Rows": 39861087730836, "Join Type": "Inner", "Parent Relationship": "Outer", "Plan Width": 1068, "Join Filter": "((table_55.col_3 = table_0.col_1) AND (table_2.col_0 = table_46.col_1))", "Total Cost": 4.3952717322181976e+16}, {"Startup Cost": 346617171.25, "Plans": [{"Startup Cost": 346617113.1, "Plans": [{"Startup Cost": 152150832.5, "Plans": [{"Startup Cost": 373.64, "Plans": [{"Startup Cost": 336.14, "Plans": [{"Startup Cost": 336.14, "Plans": [{"Startup Cost": 85.43, "Plans": [{"Startup Cost": 0.0, "Node Type": "Seq Scan", "Plan Rows": 1230, "Relation Name": "table_59", "Alias": "table_59", "Parent Relationship": "Outer", "Plan Width": 36, "Total Cost": 22.3}], "Sort Key": ["table_59.col_0"], "Plan Rows": 1230, "Node Type": "Sort", "Parent Relationship": "Outer", "Plan Width": 36, "Total Cost": 88.5}, {"Startup Cost": 250.72, "Plans": [{"Startup Cost": 250.72, "Plans": [{"Startup Cost": 46.23, "Plans": [{"Startup Cost": 0.0, "Node Type": "Seq Scan", "Plan Rows": 640, "Relation Name": "table_26", "Alias": "table_26", "Parent Relationship": "Outer", "Plan Width": 96, "Total Cost": 16.4}], "Sort Key": ["table_26.col_1"], "Plan Rows": 640, "Node Type": "Sort", "Parent Relationship": "Outer", "Plan Width": 96, "Total Cost": 47.83}, {"Startup Cost": 204.49, "Plans": [{"Startup Cost": 204.49, "Plans": [{"Startup Cost": 60.52, "Plans": [{"Startup Cost": 0.0, "Node Type": "Seq Scan", "Plan Rows": 860, "Relation Name": "table_44", "Alias": "table_44", "Parent Relationship": "Outer", "Plan Width": 64, "Total Cost": 18.6}], "Sort Key": ["table_44.col_1"], "Plan Rows": 860, "Node Type": "Sort", "Parent Relationship": "Outer", "Plan Width": 64, "Total Cost": 62.67}, {"Startup Cost": 143.97, "Plans": [{"Startup Cost": 143.97, "Plans": [{"Startup Cost": 58.54, "Plans": [{"Startup Cost": 0.0, "Node Type": "Seq Scan", "Plan Rows": 830, "Relation Name": "table_18", "Alias": "table_18", "Parent Relationship": "Outer", "Plan Width": 68, "Total Cost": 18.3}], "Sort Key": ["table_18.col_2"], "Plan Rows": 830, "Node Type": "Sort", "Parent Relationship": "Outer", "Plan Width": 68, "Total Cost": 60.62}, {"Startup Cost": 85.43, "Plans": [{"Startup Cost": 0.0, "Node Type": "Seq Scan", "Plan Rows": 1230, "Relation Name": "table_31", "Alias": "table_31", "Parent Relationship": "Outer", "Plan Width": 36, "Total Cost": 22.3}], "Sort Key": ["table_31.col_1"], "Plan Rows": 1230, "Node Type": "Sort", "Parent Relationship": "Inner", "Plan Width": 36, "Total Cost": 88.5}], "Node Type": "Merge Join", "Plan Rows": 5104, "Join Type": "Inner", "Parent Relationship": "Outer", "Plan Width": 104, "Merge Cond": "(table_18.col_2 = table_31.col_1)", "Total Cost": 224.68}], "Plan Rows": 5104, "Node Type": "Materialize", "Parent Relationship": "Inner", "Plan Width": 104, "Total Cost": 237.44}], "Node Type": "Merge Join", "Plan Rows": 21947, "Join Type": "Inner", "Parent Relationship": "Outer", "Plan Width": 168, "Merge Cond": "(table_44.col_1 = table_31.col_1)", "Total Cost": 618.7}], "Plan Rows": 21947, "Node Type": "Materialize", "Parent Relationship": "Inner", "Plan Width": 168, "Total Cost": 673.57}], "Node Type": "Merge Join", "Plan Rows": 70230, "Join Type": "Inner", "Parent Relationship": "Outer", "Plan Width": 264, "Merge Cond": "(table_26.col_1 = table_31.col_1)", "Total Cost": 1721.58}], "Plan Rows": 70230, "Node Type": "Materialize", "Parent Relationship": "Inner", "Plan Width": 264, "Total Cost": 1897.16}], "Node Type": "Merge Join", "Plan Rows": 431914, "Join Type": "Inner", "Parent Relationship": "Outer", "Plan Width": 300, "Merge Cond": "(table_59.col_0 = table_26.col_1)", "Total Cost": 8291.87}, {"Startup Cost": 0.0, "Plans": [{"Startup Cost": 0.0, "Node Type": "Seq Scan", "Plan Rows": 1100, "Relation Name": "table_24", "Alias": "table_24", "Parent Relationship": "Outer", "Plan Width": 44, "Total Cost": 21.0}], "Plan Rows": 1100, "Node Type": "Materialize", "Parent Relationship": "Inner", "Plan Width": 44, "Total Cost": 26.5}], "Node Type": "Nested Loop", "Plan Rows": 475105400, "Join Type": "Inner", "Parent Relationship": "Outer", "Plan Width": 344, "Total Cost": 5947133.12}, {"Startup Cost": 21.0, "Plans": [{"Startup Cost": 0.0, "Node Type": "Seq Scan", "Plan Rows": 1100, "Relation Name": "table_56", "Alias": "table_56", "Parent Relationship": "Outer", "Plan Width": 44, "Total Cost": 21.0}], "Plan Rows": 1100, "Node Type": "Hash", "Parent Relationship": "Inner", "Plan Width": 44, "Total Cost": 21.0}], "Node Type": "Hash Join", "Plan Rows": 13065398, "Join Type": "Inner", "Hash Cond": "((table_26.col_2 = table_56.col_0) AND (table_24.col_1 = table_56.col_1))", "Parent Relationship": "Outer", "Plan Width": 388, "Total Cost": 139107336.6}], "Sort Key": ["table_26.col_2", "table_44.col_0"], "Plan Rows": 13065398, "Node Type": "Sort", "Parent Relationship": "Outer", "Plan Width": 388, "Total Cost": 152183495.99}, {"Startup Cost": 194466280.6, "Plans": [{"Startup Cost": 194466280.6, "Plans": [{"Startup Cost": 102.1, "Plans": [{"Startup Cost": 74.1, "Plans": [{"Startup Cost": 50.15, "Plans": [{"Startup Cost": 28.68, "Plans": [{"Startup Cost": 0.0, "Node Type": "Seq Scan", "Plan Rows": 830, "Relation Name": "table_21", "Alias": "table_21", "Parent Relationship": "Outer", "Plan Width": 68, "Total Cost": 18.3}, {"Startup Cost": 18.3, "Plans": [{"Startup Cost": 0.0, "Node Type": "Seq Scan", "Plan Rows": 830, "Relation Name": "table_5", "Alias": "table_5", "Parent Relationship": "Outer", "Plan Width": 68, "Total Cost": 18.3}], "Plan Rows": 830, "Node Type": "Hash", "Parent Relationship": "Inner", "Plan Width": 68, "Total Cost": 18.3}], "Node Type": "Hash Join", "Plan Rows": 3444, "Join Type": "Left", "Hash Cond": "(table_21.col_2 = table_5.col_1)", "Parent Relationship": "Outer", "Plan Width": 136, "Total Cost": 169.6}, {"Startup Cost": 21.48, "Plans": [{"Startup Cost": 21.48, "Plans": [{"Startup Cost": 0.0, "Node Type": "Seq Scan", "Plan Rows": 1230, "Relation Name": "table_8", "Alias": "table_8", "Parent Relationship": "Outer", "Plan Width": 36, "Total Cost": 22.3}, {"Startup Cost": 15.1, "Plans": [{"Startup Cost": 0.0, "Node Type": "Seq Scan", "Plan Rows": 510, "Relation Name": "table_23", "Alias": "table_23", "Parent Relationship": "Outer", "Plan Width": 128, "Total Cost": 15.1}], "Plan Rows": 510, "Node Type": "Hash", "Parent Relationship": "Inner", "Plan Width": 128, "Total Cost": 15.1}], "Node Type": "Hash Join", "Plan Rows": 3136, "Join Type": "Right", "Hash Cond": "(table_8.col_0 = table_23.col_0)", "Parent Relationship": "Outer", "Plan Width": 164, "Total Cost": 156.62}], "Plan Rows": 3136, "Node Type": "Materialize", "Parent Relationship": "Inner", "Plan Width": 164, "Total Cost": 172.3}], "Node Type": "Nested Loop", "Plan Rows": 10800384, "Join Type": "Inner", "Parent Relationship": "Outer", "Plan Width": 300, "Total Cost": 135338.86}, {"Startup Cost": 16.2, "Plans": [{"Startup Cost": 0.0, "Node Type": "Seq Scan", "Plan Rows": 620, "Relation Name": "table_49", "Alias": "table_49", "Parent Relationship": "Outer", "Plan Width": 100, "Total Cost": 16.2}], "Plan Rows": 620, "Node Type": "Hash", "Parent Relationship": "Inner", "Plan Width": 100, "Total Cost": 16.2}], "Node Type": "Hash Join", "Plan Rows": 33481190, "Join Type": "Inner", "Hash Cond": "(table_23.col_2 = table_49.col_2)", "Parent Relationship": "Outer", "Plan Width": 400, "Total Cost": 1334205.44}, {"Startup Cost": 18.0, "Plans": [{"Startup Cost": 0.0, "Node Type": "Seq Scan", "Plan Rows": 800, "Relation Name": "table_48", "Alias": "table_48", "Parent Relationship": "Outer", "Plan Width": 72, "Total Cost": 18.0}], "Plan Rows": 800, "Node Type": "Hash", "Parent Relationship": "Inner", "Plan Width": 72, "Total Cost": 18.0}], "Node Type": "Hash Join", "Plan Rows": 133924760, "Join Type": "Left", "Hash Cond": "(table_21.col_0 = table_48.col_2)", "Parent Relationship": "Outer", "Plan Width": 472, "Total Cost": 6105303.01}], "Sort Key": ["table_21.col_2", "table_23.col_0"], "Plan Rows": 133924760, "Node Type": "Sort", "Parent Relationship": "Outer", "Plan Width": 472, "Total Cost": 194801092.5}], "Plan Rows": 133924760, "Node Type": "Materialize", "Parent Relationship": "Inner", "Plan Width": 472, "Total Cost": 195135904.4}], "Node Type": "Merge Join", "Plan Rows": 43744507286, "Join Type": "Inner", "Parent Relationship": "Outer", "Plan Width": 860, "Merge Cond": "((table_56.col_0 = table_21.col_2) AND (table_44.col_0 = table_23.col_0))", "Total Cost": 1112578792.99}, {"Startup Cost": 31.4, "Plans": [{"Startup Cost": 0.0, "Node Type": "Seq Scan", "Plan Rows": 2140, "Relation Name": "table_20", "Alias": "table_20", "Parent Relationship": "Outer", "Plan Width": 8, "Total Cost": 31.4}], "Plan Rows": 2140, "Node Type": "Hash", "Parent Relationship": "Inner", "Plan Width": 8, "Total Cost": 31.4}], "Node Type": "Hash Join", "Plan Rows": 468066227960, "Join Type": "Left", "Hash Cond": "(table_21.col_1 = table_20.col_1)", "Parent Relationship": "Inner", "Plan Width": 868, "Total Cost": 17604258097.96}], "Node Type": "Nested Loop", "Plan Rows": 93288144882775208493056, "Join Type": "Inner", "Parent Relationship": "Outer", "Plan Width": 1936, "Join Filter": "(table_21.col_2 = table_42.col_0)", "Total Cost": 9.21128745166509e+23}, {"Startup Cost": 0.0, "Plans": [{"Startup Cost": 0.0, "Node Type": "Seq Scan", "Plan Rows": 800, "Relation Name": "table_58", "Alias": "table_58", "Parent Relationship": "Outer", "Plan Width": 72, "Total Cost": 18.0}], "Plan Rows": 800, "Node Type": "Materialize", "Parent Relationship": "Inner", "Plan Width": 72, "Total Cost": 22.0}], "Node Type": "Nested Loop", "Plan Rows": 373152579531100833972224, "Join Type": "Inner", "Parent Relationship": "Outer", "Plan Width": 2008, "Join Filter": "(table_58.col_3 = table_42.col_0)", "Total Cost": 2.0405864837598112e+24}, {"Startup Cost": 0.0, "Plans": [{"Startup Cost": 0.0, "Node Type": "Seq Scan", "Plan Rows": 800, "Relation Name": "table_62", "Alias": "table_62", "Parent Relationship": "Outer", "Plan Width": 72, "Total Cost": 18.0}], "Plan Rows": 800, "Node Type": "Materialize", "Parent Relationship": "Inner", "Plan Width": 72, "Total Cost": 22.0}], "Node Type": "Nested Loop", "Plan Rows": 1492610318124403335888896, "Join Type": "Left", "Parent Relationship": "Outer", "Plan Width": 2080, "Join Filter": "(table_20.col_0 = table_62.col_2)", "Total Cost": 6.518417438133021e+24}, {"Startup Cost": 0.0, "Plans": [{"Startup Cost": 0.0, "Node Type": "Seq Scan", "Plan Rows": 800, "Relation Name": "table_51", "Alias": "table_51", "Parent Relationship": "Outer", "Plan Width": 72, "Total Cost": 18.0}], "Plan Rows": 800, "Node Type": "Materialize", "Parent Relationship": "Inner", "Plan Width": 72, "Total Cost": 22.0}], "Node Type": "Nested Loop", "Plan Rows": 5970441272497613343555584, "Join Type": "Left", "Parent Relationship": "Outer", "Plan Width": 2152, "Join Filter": "(table_42.col_3 = table_51.col_1)", "Total Cost": 2.442974125562586e+25}, {"Startup Cost": 0.0, "Plans": [{"Startup Cost": 0.0, "Node Type": "Seq Scan", "Plan Rows": 1100, "Relation Name": "table_27", "Alias": "table_27", "Parent Relationship": "Outer", "Plan Width": 44, "Total Cost": 21.0}], "Plan Rows": 1100, "Node Type": "Materialize", "Parent Relationship": "Inner", "Plan Width": 44, "Total Cost": 26.5}], "Node Type": "Nested Loop", "Plan Rows": 32837426998736875000168448, "Join Type": "Inner", "Parent Relationship": "Outer", "Plan Width": 2196, "Join Filter": "(table_27.col_0 = table_58.col_0)", "Total Cost": 1.2294202225183649e+26}, {"Startup Cost": 606.93, "Plans": [{"Startup Cost": 606.93, "Plans": [{"Startup Cost": 85.43, "Plans": [{"Startup Cost": 0.0, "Node Type": "Seq Scan", "Plan Rows": 1230, "Relation Name": "table_59", "Alias": "table_59_1", "Parent Relationship": "Outer", "Plan Width": 36, "Total Cost": 22.3}], "Sort Key": ["table_59_1.col_1"], "Plan Rows": 1230, "Node Type": "Sort", "Parent Relationship": "Outer", "Plan Width": 36, "Total Cost": 88.5}, {"Startup Cost": 521.51, "Plans": [{"Startup Cost": 142.0, "Plans": [{"Startup Cost": 56.58, "Plans": [{"Startup Cost": 0.0, "Node Type": "Seq Scan", "Plan Rows": 800, "Relation Name": "table_48", "Alias": "table_48_1", "Parent Relationship": "Outer", "Plan Width": 72, "Total Cost": 18.0}], "Sort Key": ["table_48_1.col_0"], "Plan Rows": 800, "Node Type": "Sort", "Parent Relationship": "Outer", "Plan Width": 72, "Total Cost": 58.58}, {"Startup Cost": 85.43, "Plans": [{"Startup Cost": 0.0, "Node Type": "Seq Scan", "Plan Rows": 1230, "Relation Name": "table_0", "Alias": "table_0_1", "Parent Relationship": "Outer", "Plan Width": 36, "Total Cost": 22.3}], "Sort Key": ["table_0_1.col_1"], "Plan Rows": 1230, "Node Type": "Sort", "Parent Relationship": "Inner", "Plan Width": 36, "Total Cost": 88.5}], "Node Type": "Merge Join", "Plan Rows": 4920, "Join Type": "Inner", "Parent Relationship": "Outer", "Plan Width": 108, "Merge Cond": "(table_48_1.col_0 = table_0_1.col_1)", "Total Cost": 219.8}], "Sort Key": ["table_0_1.col_0"], "Plan Rows": 4920, "Node Type": "Sort", "Parent Relationship": "Inner", "Plan Width": 108, "Total Cost": 533.81}], "Node Type": "Merge Join", "Plan Rows": 30258, "Join Type": "Left", "Parent Relationship": "Outer", "Plan Width": 144, "Merge Cond": "(table_59_1.col_1 = table_0_1.col_0)", "Total Cost": 1066.95}], "Plan Rows": 30258, "Node Type": "Materialize", "Parent Relationship": "Inner", "Plan Width": 144, "Total Cost": 1839.24}], "Node Type": "Nested Loop", "Plan Rows": 993594866127780417845915025408, "Join Type": "Inner", "Parent Relationship": "Outer", "Plan Width": 2340, "Total Cost": 3.2934920015064693e+28}, {"Startup Cost": 0.0, "Plans": [{"Startup Cost": 0.0, "Node Type": "Seq Scan", "Plan Rows": 2140, "Relation Name": "table_29", "Alias": "table_29", "Parent Relationship": "Outer", "Plan Width": 8, "Total Cost": 31.4}], "Plan Rows": 2140, "Node Type": "Materialize", "Parent Relationship": "Inner", "Plan Width": 8, "Total Cost": 42.1}], "Node Type": "Nested Loop", "Plan Rows": 10631465067567250865016258166784, "Join Type": "Left", "Parent Relationship": "Outer", "Plan Width": 2348, "Join Filter": "(table_0_1.col_0 = table_29.col_1)", "Total Cost": 3.1927330122716817e+31}, {"Startup Cost": 0.15, "Scan Direction": "Forward", "Plan Width": 72, "Node Type": "Index Scan", "Index Cond": "(table_25.col_0 = col_0)", "Plan Rows": 4, "Relation Name": "table_28", "Alias": "table_28", "Parent Relationship": "Inner", "Total Cost": 0.27, "Index Name": "table_28_col_0_idx"}], "Node Type": "Nested Loop", "Plan Rows": 42525860270269003460065032667136, "Join Type": "Left", "Parent Relationship": "Outer", "Plan Width": 2420, "Total Cost": 3.5235446462345885e+31}], "Plan Rows": 42525860270269003460065032667136, "Node Type": "Materialize", "Parent Relationship": "Inner", "Plan Width": 2420, "Total Cost": 3.5341761113021555e+31}], "Node Type": "Merge Join", "Plan Rows": 6869186536687357680397139266224250447437234176, "Join Type": "Inner", "Parent Relationship": "Outer", "Plan Width": 3176, "Merge Cond": "(table_1.col_0 = table_41.col_1)", "Total Cost": 1.030377980503456e+44}, {"Startup Cost": 21.6, "Plans": [{"Startup Cost": 0.0, "Node Type": "Seq Scan", "Plan Rows": 1160, "Relation Name": "table_50", "Alias": "table_50", "Parent Relationship": "Outer", "Plan Width": 40, "Total Cost": 21.6}], "Plan Rows": 1160, "Node Type": "Hash", "Parent Relationship": "Inner", "Plan Width": 40, "Total Cost": 21.6}], "Plan Rows": 39841281912786673532182927561517131397773393920, "Node Type": "Hash Join", "Join Type": "Right", "Hash Cond": "(table_61.col_0 = table_50.col_2)", "Plan Width": 3216, "Total Cost": 1.5146556313395975e+45}}]