[{"Plan": {"Startup Cost": 4.519725578785812e+31, "Plans": [{"Startup Cost": 4.519725578785812e+31, "Plans": [{"Startup Cost": 71331473.3, "Plans": [{"Startup Cost": 3910.35, "Plans": [{"Startup Cost": 201.68, "Plans": [{"Startup Cost": 60.52, "Plans": [{"Startup Cost": 0.0, "Node Type": "Seq Scan", "Plan Rows": 860, "Relation Name": "table_17", "Alias": "table_17", "Parent Relationship": "Outer", "Plan Width": 64, "Total Cost": 18.6}], "Sort Key": ["table_17.col_0"], "Plan Rows": 860, "Node Type": "Sort", "Parent Relationship": "Outer", "Plan Width": 64, "Total Cost": 62.67}, {"Startup Cost": 141.16, "Plans": [{"Startup Cost": 141.16, "Plans": [{"Startup Cost": 60.52, "Plans": [{"Startup Cost": 0.0, "Node Type": "Seq Scan", "Plan Rows": 860, "Relation Name": "table_30", "Alias": "table_30", "Parent Relationship": "Outer", "Plan Width": 64, "Total Cost": 18.6}], "Sort Key": ["table_30.col_1"], "Plan Rows": 860, "Node Type": "Sort", "Parent Relationship": "Outer", "Plan Width": 64, "Total Cost": 62.67}, {"Startup Cost": 80.64, "Plans": [{"Startup Cost": 0.0, "Node Type": "Seq Scan", "Plan Rows": 1160, "Relation Name": "table_26", "Alias": "table_26", "Parent Relationship": "Outer", "Plan Width": 40, "Total Cost": 21.6}], "Sort Key": ["table_26.col_2"], "Plan Rows": 1160, "Node Type": "Sort", "Parent Relationship": "Inner", "Plan Width": 40, "Total Cost": 83.54}], "Node Type": "Merge Join", "Plan Rows": 4988, "Join Type": "Left", "Parent Relationship": "Outer", "Plan Width": 104, "Merge Cond": "(table_30.col_1 = table_26.col_2)", "Total Cost": 220.28}], "Plan Rows": 4988, "Node Type": "Materialize", "Parent Relationship": "Inner", "Plan Width": 104, "Total Cost": 232.75}], "Node Type": "Merge Join", "Plan Rows": 21448, "Join Type": "Right", "Parent Relationship": "Outer", "Plan Width": 168, "Merge Cond": "(table_17.col_0 = table_30.col_1)", "Total Cost": 606.82}], "Sort Key": ["table_30.col_0"], "Plan Rows": 21448, "Node Type": "Sort", "Parent Relationship": "Outer", "Plan Width": 168, "Total Cost": 3963.97}, {"Startup Cost": 71327562.95, "Plans": [{"Startup Cost": 71327562.95, "Plans": [{"Startup Cost": 239.88, "Plans": [{"Startup Cost": 239.88, "Plans": [{"Startup Cost": 46.23, "Plans": [{"Startup Cost": 0.0, "Node Type": "Seq Scan", "Plan Rows": 640, "Relation Name": "table_42", "Alias": "table_42_1", "Parent Relationship": "Outer", "Plan Width": 96, "Total Cost": 16.4}], "Sort Key": ["table_42_1.col_0"], "Plan Rows": 640, "Node Type": "Sort", "Parent Relationship": "Outer", "Plan Width": 96, "Total Cost": 47.83}, {"Startup Cost": 193.65, "Plans": [{"Startup Cost": 193.65, "Plans": [{"Startup Cost": 117.08, "Plans": [{"Startup Cost": 58.54, "Plans": [{"Startup Cost": 0.0, "Node Type": "Seq Scan", "Plan Rows": 830, "Relation Name": "table_0", "Alias": "table_0_2", "Parent Relationship": "Outer", "Plan Width": 68, "Total Cost": 18.3}], "Sort Key": ["table_0_2.col_1"], "Plan Rows": 830, "Node Type": "Sort", "Parent Relationship": "Outer", "Plan Width": 68, "Total Cost": 60.62}, {"Startup Cost": 58.54, "Plans": [{"Startup Cost": 0.0, "Node Type": "Seq Scan", "Plan Rows": 830, "Relation Name": "table_24", "Alias": "table_24_1", "Parent Relationship": "Outer", "Plan Width": 68, "Total Cost": 18.3}], "Sort Key": ["table_24_1.col_1"], "Plan Rows": 830, "Node Type": "Sort", "Parent Relationship": "Inner", "Plan Width": 68, "Total Cost": 60.62}], "Node Type": "Merge Join", "Plan Rows": 3444, "Join Type": "Inner", "Parent Relationship": "Outer", "Plan Width": 136, "Merge Cond": "(table_0_2.col_1 = table_24_1.col_1)", "Total Cost": 172.89}, {"Startup Cost": 76.57, "Plans": [{"Startup Cost": 0.0, "Node Type": "Seq Scan", "Plan Rows": 1100, "Relation Name": "table_15", "Alias": "table_15_1", "Parent Relationship": "Outer", "Plan Width": 44, "Total Cost": 21.0}], "Sort Key": ["table_15_1.col_3"], "Plan Rows": 1100, "Node Type": "Sort", "Parent Relationship": "Inner", "Plan Width": 44, "Total Cost": 79.32}], "Node Type": "Merge Join", "Plan Rows": 18942, "Join Type": "Inner", "Parent Relationship": "Outer", "Plan Width": 180, "Merge Cond": "(table_0_2.col_1 = table_15_1.col_3)", "Total Cost": 542.2}], "Plan Rows": 18942, "Node Type": "Materialize", "Parent Relationship": "Inner", "Plan Width": 180, "Total Cost": 589.56}], "Node Type": "Merge Join", "Plan Rows": 60614, "Join Type": "Left", "Parent Relationship": "Outer", "Plan Width": 276, "Merge Cond": "(table_42_1.col_0 = table_15_1.col_3)", "Total Cost": 1500.84}, {"Startup Cost": 0.0, "Plans": [{"Startup Cost": 0.0, "Node Type": "Seq Scan", "Plan Rows": 1160, "Relation Name": "table_44", "Alias": "table_44", "Parent Relationship": "Outer", "Plan Width": 40, "Total Cost": 21.6}], "Plan Rows": 1160, "Node Type": "Materialize", "Parent Relationship": "Inner", "Plan Width": 40, "Total Cost": 27.4}], "Node Type": "Nested Loop", "Plan Rows": 70312240, "Join Type": "Inner", "Parent Relationship": "Outer", "Plan Width": 316, "Total Cost": 880428.34}], "Sort Key": ["table_44.col_0"], "Plan Rows": 70312240, "Node Type": "Sort", "Parent Relationship": "Outer", "Plan Width": 316, "Total Cost": 71503343.55}], "Plan Rows": 70312240, "Node Type": "Materialize", "Parent Relationship": "Inner", "Plan Width": 316, "Total Cost": 71679124.15}], "Node Type": "Merge Join", "Plan Rows": 7540284618, "Join Type": "Inner", "Parent Relationship": "Outer", "Plan Width": 484, "Merge Cond": "(table_30.col_0 = table_44.col_0)", "Total Cost": 184611630.41}, {"Startup Cost": 4.519725578785812e+31, "Plans": [{"Startup Cost": 4.519725578785812e+31, "Plans": [{"Startup Cost": 2.16827045032382e+24, "Plans": [{"Startup Cost": 1.0309679638139483e+21, "Plans": [{"Startup Cost": 1.0309679638139483e+21, "Plans": [{"Startup Cost": 1.0309679638139483e+21, "Plans": [{"Startup Cost": 1.0309679638139483e+21, "Plans": [{"Startup Cost": 1508841.13, "Plans": [{"Startup Cost": 24.4, "Plans": [{"Startup Cost": 24.4, "Plans": [{"Startup Cost": 0.0, "Node Type": "Seq Scan", "Plan Rows": 1100, "Relation Name": "table_39", "Alias": "table_39", "Parent Relationship": "Outer", "Plan Width": 44, "Total Cost": 21.0}, {"Startup Cost": 16.4, "Plans": [{"Startup Cost": 0.0, "Node Type": "Seq Scan", "Plan Rows": 640, "Relation Name": "table_45", "Alias": "table_45", "Parent Relationship": "Outer", "Plan Width": 96, "Total Cost": 16.4}], "Plan Rows": 640, "Node Type": "Hash", "Parent Relationship": "Inner", "Plan Width": 96, "Total Cost": 16.4}], "Node Type": "Hash Join", "Plan Rows": 3520, "Join Type": "Right", "Hash Cond": "(table_39.col_3 = table_45.col_2)", "Parent Relationship": "Outer", "Plan Width": 140, "Total Cost": 171.35}, {"Startup Cost": 0.0, "Plans": [{"Startup Cost": 0.0, "Node Type": "Seq Scan", "Plan Rows": 830, "Relation Name": "table_33", "Alias": "table_33", "Parent Relationship": "Outer", "Plan Width": 68, "Total Cost": 18.3}], "Plan Rows": 830, "Node Type": "Materialize", "Parent Relationship": "Inner", "Plan Width": 68, "Total Cost": 22.45}], "Node Type": "Nested Loop", "Plan Rows": 2921600, "Join Type": "Inner", "Parent Relationship": "Outer", "Plan Width": 208, "Total Cost": 36711.73}], "Sort Key": ["table_33.col_2", "table_45.col_1"], "Plan Rows": 2921600, "Node Type": "Sort", "Parent Relationship": "Outer", "Plan Width": 208, "Total Cost": 1516145.13}, {"Startup Cost": 1.0309679638139467e+21, "Plans": [{"Startup Cost": 1.0309679638139467e+21, "Plans": [{"Startup Cost": 569563820133.22, "Plans": [{"Startup Cost": 80.64, "Plans": [{"Startup Cost": 0.0, "Node Type": "Seq Scan", "Plan Rows": 1160, "Relation Name": "table_62", "Alias": "table_62", "Parent Relationship": "Outer", "Plan Width": 40, "Total Cost": 21.6}], "Sort Key": ["table_62.col_0"], "Plan Rows": 1160, "Node Type": "Sort", "Parent Relationship": "Outer", "Plan Width": 40, "Total Cost": 83.54}, {"Startup Cost": 569563820052.58, "Plans": [{"Startup Cost": 569563820052.58, "Plans": [{"Startup Cost": 569563820052.58, "Plans": [{"Startup Cost": 2614710442.82, "Plans": [{"Startup Cost": 0.0, "Plans": [{"Startup Cost": 0.0, "Plans": [{"Startup Cost": 0.0, "Node Type": "Seq Scan", "Plan Rows": 2140, "Relation Name": "table_16", "Alias": "table_16", "Parent Relationship": "Outer", "Plan Width": 8, "Total Cost": 31.4}, {"Startup Cost": 0.0, "Plans": [{"Startup Cost": 0.0, "Node Type": "Seq Scan", "Plan Rows": 1770, "Relation Name": "table_21", "Alias": "table_21", "Parent Relationship": "Outer", "Plan Width": 16, "Total Cost": 27.7}], "Plan Rows": 1770, "Node Type": "Materialize", "Parent Relationship": "Inner", "Plan Width": 16, "Total Cost": 36.55}], "Node Type": "Nested Loop", "Plan Rows": 3787800, "Join Type": "Inner", "Parent Relationship": "Outer", "Plan Width": 24, "Total Cost": 47411.03}, {"Startup Cost": 0.0, "Plans": [{"Startup Cost": 0.0, "Node Type": "Seq Scan", "Plan Rows": 1940, "Relation Name": "table_63", "Alias": "table_63", "Parent Relationship": "Outer", "Plan Width": 12, "Total Cost": 29.4}], "Plan Rows": 1940, "Node Type": "Materialize", "Parent Relationship": "Inner", "Plan Width": 12, "Total Cost": 39.1}], "Node Type": "Nested Loop", "Plan Rows": 7348332000, "Join Type": "Inner", "Parent Relationship": "Outer", "Plan Width": 36, "Total Cost": 91901595.28}], "Sort Key": ["table_16.col_1", "table_16.col_0"], "Plan Rows": 7348332000, "Node Type": "Sort", "Parent Relationship": "Outer", "Plan Width": 36, "Total Cost": 2633081272.82}, {"Startup Cost": 566949109609.75, "Plans": [{"Startup Cost": 566949109609.75, "Plans": [{"Startup Cost": 210088.34, "Plans": [{"Startup Cost": 210088.34, "Plans": [{"Startup Cost": 38115.44, "Plans": [{"Startup Cost": 749.5, "Plans": [{"Startup Cost": 720.15, "Plans": [{"Startup Cost": 58.54, "Plans": [{"Startup Cost": 0.0, "Node Type": "Seq Scan", "Plan Rows": 830, "Relation Name": "table_52", "Alias": "table_52", "Parent Relationship": "Outer", "Plan Width": 68, "Total Cost": 18.3}], "Sort Key": ["table_52.col_1"], "Plan Rows": 830, "Node Type": "Sort", "Parent Relationship": "Outer", "Plan Width": 68, "Total Cost": 60.62}, {"Startup Cost": 661.61, "Plans": [{"Startup Cost": 157.21, "Plans": [{"Startup Cost": 76.57, "Plans": [{"Startup Cost": 0.0, "Node Type": "Seq Scan", "Plan Rows": 1100, "Relation Name": "table_32", "Alias": "table_32", "Parent Relationship": "Outer", "Plan Width": 44, "Total Cost": 21.0}], "Sort Key": ["table_32.col_2"], "Plan Rows": 1100, "Node Type": "Sort", "Parent Relationship": "Outer", "Plan Width": 44, "Total Cost": 79.32}, {"Startup Cost": 80.64, "Plans": [{"Startup Cost": 0.0, "Node Type": "Seq Scan", "Plan Rows": 1160, "Relation Name": "table_10", "Alias": "table_10", "Parent Relationship": "Outer", "Plan Width": 40, "Total Cost": 21.6}], "Sort Key": ["table_10.col_1"], "Plan Rows": 1160, "Node Type": "Sort", "Parent Relationship": "Inner", "Plan Width": 40, "Total Cost": 83.54}], "Node Type": "Merge Join", "Plan Rows": 6380, "Join Type": "Inner", "Parent Relationship": "Outer", "Plan Width": 84, "Merge Cond": "(table_32.col_2 = table_10.col_1)", "Total Cost": 258.41}], "Sort Key": ["table_32.col_3"], "Plan Rows": 6380, "Node Type": "Sort", "Parent Relationship": "Inner", "Plan Width": 84, "Total Cost": 677.56}], "Node Type": "Merge Join", "Plan Rows": 26477, "Join Type": "Inner", "Parent Relationship": "Outer", "Plan Width": 152, "Merge Cond": "(table_52.col_1 = table_32.col_3)", "Total Cost": 1121.45}, {"Startup Cost": 18.6, "Plans": [{"Startup Cost": 0.0, "Node Type": "Seq Scan", "Plan Rows": 860, "Relation Name": "table_38", "Alias": "table_38", "Parent Relationship": "Outer", "Plan Width": 64, "Total Cost": 18.6}], "Plan Rows": 860, "Node Type": "Hash", "Parent Relationship": "Inner", "Plan Width": 64, "Total Cost": 18.6}], "Node Type": "Hash Join", "Plan Rows": 113851, "Join Type": "Left", "Hash Cond": "(table_10.col_0 = table_38.col_0)", "Parent Relationship": "Outer", "Plan Width": 216, "Total Cost": 5201.78}], "Sort Key": ["table_10.col_2"], "Plan Rows": 113851, "Node Type": "Sort", "Parent Relationship": "Outer", "Plan Width": 216, "Total Cost": 38400.07}, {"Startup Cost": 171972.9, "Plans": [{"Startup Cost": 171972.9, "Plans": [{"Startup Cost": 661.27, "Plans": [{"Startup Cost": 636.87, "Plans": [{"Startup Cost": 46.23, "Plans": [{"Startup Cost": 0.0, "Node Type": "Seq Scan", "Plan Rows": 640, "Relation Name": "table_35", "Alias": "table_35", "Parent Relationship": "Outer", "Plan Width": 96, "Total Cost": 16.4}], "Sort Key": ["table_35.col_0"], "Plan Rows": 640, "Node Type": "Sort", "Parent Relationship": "Outer", "Plan Width": 96, "Total Cost": 47.83}, {"Startup Cost": 590.64, "Plans": [{"Startup Cost": 590.64, "Plans": [{"Startup Cost": 80.64, "Plans": [{"Startup Cost": 0.0, "Node Type": "Seq Scan", "Plan Rows": 1160, "Relation Name": "table_40", "Alias": "table_40", "Parent Relationship": "Outer", "Plan Width": 40, "Total Cost": 21.6}], "Sort Key": ["table_40.col_0"], "Plan Rows": 1160, "Node Type": "Sort", "Parent Relationship": "Outer", "Plan Width": 40, "Total Cost": 83.54}, {"Startup Cost": 509.99, "Plans": [{"Startup Cost": 139.19, "Plans": [{"Startup Cost": 58.54, "Plans": [{"Startup Cost": 0.0, "Node Type": "Seq Scan", "Plan Rows": 830, "Relation Name": "table_18", "Alias": "table_18", "Parent Relationship": "Outer", "Plan Width": 68, "Total Cost": 18.3}], "Sort Key": ["table_18.col_2"], "Plan Rows": 830, "Node Type": "Sort", "Parent Relationship": "Outer", "Plan Width": 68, "Total Cost": 60.62}, {"Startup Cost": 80.64, "Plans": [{"Startup Cost": 0.0, "Node Type": "Seq Scan", "Plan Rows": 1160, "Relation Name": "table_64", "Alias": "table_64", "Parent Relationship": "Outer", "Plan Width": 40, "Total Cost": 21.6}], "Sort Key": ["table_64.col_0"], "Plan Rows": 1160, "Node Type": "Sort", "Parent Relationship": "Inner", "Plan Width": 40, "Total Cost": 83.54}], "Node Type": "Merge Join", "Plan Rows": 4814, "Join Type": "Inner", "Parent Relationship": "Outer", "Plan Width": 108, "Merge Cond": "(table_18.col_2 = table_64.col_0)", "Total Cost": 215.55}], "Sort Key": ["table_18.col_1"], "Plan Rows": 4814, "Node Type": "Sort", "Parent Relationship": "Inner", "Plan Width": 108, "Total Cost": 522.03}], "Node Type": "Merge Join", "Plan Rows": 27921, "Join Type": "Inner", "Parent Relationship": "Outer", "Plan Width": 148, "Merge Cond": "(table_40.col_0 = table_18.col_1)", "Total Cost": 1015.25}], "Plan Rows": 27921, "Node Type": "Materialize", "Parent Relationship": "Inner", "Plan Width": 148, "Total Cost": 1085.06}], "Node Type": "Merge Join", "Plan Rows": 89347, "Join Type": "Inner", "Parent Relationship": "Outer", "Plan Width": 244, "Merge Cond": "(table_35.col_0 = table_40.col_0)", "Total Cost": 2404.89}, {"Startup Cost": 16.4, "Plans": [{"Startup Cost": 0.0, "Node Type": "Seq Scan", "Plan Rows": 640, "Relation Name": "table_59", "Alias": "table_59", "Parent Relationship": "Outer", "Plan Width": 96, "Total Cost": 16.4}], "Plan Rows": 640, "Node Type": "Hash", "Parent Relationship": "Inner", "Plan Width": 96, "Total Cost": 16.4}], "Node Type": "Hash Join", "Plan Rows": 285910, "Join Type": "Inner", "Hash Cond": "(table_35.col_1 = table_59.col_0)", "Parent Relationship": "Outer", "Plan Width": 340, "Total Cost": 12659.52}], "Sort Key": ["table_40.col_2"], "Plan Rows": 285910, "Node Type": "Sort", "Parent Relationship": "Outer", "Plan Width": 340, "Total Cost": 172687.67}], "Plan Rows": 285910, "Node Type": "Materialize", "Parent Relationship": "Inner", "Plan Width": 340, "Total Cost": 173402.45}], "Node Type": "Merge Join", "Plan Rows": 162755697, "Join Type": "Inner", "Parent Relationship": "Outer", "Plan Width": 556, "Merge Cond": "(table_10.col_2 = table_40.col_2)", "Total Cost": 2652707.82}, {"Startup Cost": 0.0, "Plans": [{"Startup Cost": 0.0, "Node Type": "Seq Scan", "Plan Rows": 1230, "Relation Name": "table_3", "Alias": "table_3", "Parent Relationship": "Outer", "Plan Width": 36, "Total Cost": 22.3}], "Plan Rows": 1230, "Node Type": "Materialize", "Parent Relationship": "Inner", "Plan Width": 36, "Total Cost": 28.45}], "Node Type": "Nested Loop", "Plan Rows": 200189507310, "Join Type": "Inner", "Parent Relationship": "Outer", "Plan Width": 592, "Total Cost": 2505021574.57}], "Sort Key": ["table_52.col_1", "table_3.col_1"], "Plan Rows": 200189507310, "Node Type": "Sort", "Parent Relationship": "Outer", "Plan Width": 592, "Total Cost": 567449583378.03}], "Plan Rows": 200189507310, "Node Type": "Materialize", "Parent Relationship": "Inner", "Plan Width": 592, "Total Cost": 567950057146.3}], "Node Type": "Merge Join", "Plan Rows": 36776474065757672, "Join Type": "Inner", "Parent Relationship": "Outer", "Plan Width": 628, "Merge Cond": "((table_16.col_1 = table_32.col_3) AND (table_16.col_0 = table_3.col_1))", "Total Cost": 644158415557070.1}, {"Startup Cost": 0.0, "Plans": [{"Startup Cost": 0.0, "Node Type": "Seq Scan", "Plan Rows": 620, "Relation Name": "table_41", "Alias": "table_41", "Parent Relationship": "Outer", "Plan Width": 100, "Total Cost": 16.2}], "Plan Rows": 620, "Node Type": "Materialize", "Parent Relationship": "Inner", "Plan Width": 100, "Total Cost": 19.3}], "Node Type": "Nested Loop", "Plan Rows": 22801413920769757184, "Join Type": "Inner", "Parent Relationship": "Outer", "Plan Width": 728, "Total Cost": 2.8566183242517907e+17}], "Plan Rows": 22801413920769757184, "Node Type": "Materialize", "Parent Relationship": "Inner", "Plan Width": 728, "Total Cost": 3.426653672271035e+17}], "Node Type": "Merge Join", "Plan Rows": 132248200740464590848, "Join Type": "Right", "Parent Relationship": "Outer", "Plan Width": 768, "Merge Cond": "(table_62.col_0 = table_32.col_3)", "Total Cost": 2.269384843532148e+18}], "Sort Key": ["table_63.col_1", "table_3.col_0"], "Plan Rows": 132248200740464590848, "Node Type": "Sort", "Parent Relationship": "Outer", "Plan Width": 768, "Total Cost": 1.0312985843157978e+21}], "Plan Rows": 132248200740464590848, "Node Type": "Materialize", "Parent Relationship": "Inner", "Plan Width": 768, "Total Cost": 1.031629204817649e+21}], "Node Type": "Merge Join", "Plan Rows": 9659408582083535175680, "Join Type": "Inner", "Parent Relationship": "Outer", "Plan Width": 976, "Merge Cond": "((table_33.col_2 = table_63.col_1) AND (table_45.col_1 = table_3.col_0))", "Total Cost": 1.2003382345022612e+21}, {"Startup Cost": 219.8, "Plans": [{"Startup Cost": 142.0, "Plans": [{"Startup Cost": 56.58, "Plans": [{"Startup Cost": 0.0, "Node Type": "Seq Scan", "Plan Rows": 800, "Relation Name": "table_23", "Alias": "table_23", "Parent Relationship": "Outer", "Plan Width": 72, "Total Cost": 18.0}], "Sort Key": ["table_23.col_3"], "Plan Rows": 800, "Node Type": "Sort", "Parent Relationship": "Outer", "Plan Width": 72, "Total Cost": 58.58}, {"Startup Cost": 85.43, "Plans": [{"Startup Cost": 0.0, "Node Type": "Seq Scan", "Plan Rows": 1230, "Relation Name": "table_37", "Alias": "table_37", "Parent Relationship": "Outer", "Plan Width": 36, "Total Cost": 22.3}], "Sort Key": ["table_37.col_0"], "Plan Rows": 1230, "Node Type": "Sort", "Parent Relationship": "Inner", "Plan Width": 36, "Total Cost": 88.5}], "Node Type": "Merge Join", "Plan Rows": 4920, "Join Type": "Left", "Parent Relationship": "Outer", "Plan Width": 108, "Merge Cond": "(table_23.col_3 = table_37.col_0)", "Total Cost": 219.8}], "Plan Rows": 4920, "Node Type": "Hash", "Parent Relationship": "Inner", "Plan Width": 108, "Total Cost": 219.8}], "Node Type": "Hash Join", "Plan Rows": 237621451119254977904640, "Join Type": "Inner", "Hash Cond": "(table_40.col_2 = table_23.col_1)", "Parent Relationship": "Outer", "Plan Width": 1084, "Total Cost": 9.541237545131393e+21}, {"Startup Cost": 18.3, "Plans": [{"Startup Cost": 0.0, "Node Type": "Seq Scan", "Plan Rows": 830, "Relation Name": "table_57", "Alias": "table_57", "Parent Relationship": "Outer", "Plan Width": 68, "Total Cost": 18.3}], "Plan Rows": 830, "Node Type": "Hash", "Parent Relationship": "Inner", "Plan Width": 68, "Total Cost": 18.3}], "Node Type": "Hash Join", "Plan Rows": 986129022144908191858688, "Join Type": "Left", "Hash Cond": "(table_21.col_0 = table_57.col_0)", "Parent Relationship": "Outer", "Plan Width": 1152, "Total Cost": 4.464980694800131e+22}, {"Startup Cost": 169.6, "Plans": [{"Startup Cost": 28.68, "Plans": [{"Startup Cost": 0.0, "Node Type": "Seq Scan", "Plan Rows": 830, "Relation Name": "table_54", "Alias": "table_54", "Parent Relationship": "Outer", "Plan Width": 68, "Total Cost": 18.3}, {"Startup Cost": 18.3, "Plans": [{"Startup Cost": 0.0, "Node Type": "Seq Scan", "Plan Rows": 830, "Relation Name": "table_4", "Alias": "table_4", "Parent Relationship": "Outer", "Plan Width": 68, "Total Cost": 18.3}], "Plan Rows": 830, "Node Type": "Hash", "Parent Relationship": "Inner", "Plan Width": 68, "Total Cost": 18.3}], "Node Type": "Hash Join", "Plan Rows": 3444, "Join Type": "Inner", "Hash Cond": "(table_54.col_1 = table_4.col_1)", "Parent Relationship": "Outer", "Plan Width": 136, "Total Cost": 169.6}], "Plan Rows": 3444, "Node Type": "Hash", "Parent Relationship": "Inner", "Plan Width": 136, "Total Cost": 169.6}], "Node Type": "Hash Join", "Plan Rows": 84905708806676596916224, "Join Type": "Inner", "Hash Cond": "((table_41.col_3 = table_54.col_0) AND (table_33.col_2 = table_54.col_1))", "Parent Relationship": "Outer", "Plan Width": 1288, "Total Cost": 8.985004681914137e+23}], "Sort Key": ["table_18.col_1", "table_41.col_3", "table_40.col_1", "table_10.col_0", "table_21.col_2", "table_45.col_2", "table_21.col_3"], "Plan Rows": 84905708806676596916224, "Node Type": "Sort", "Parent Relationship": "Outer", "Plan Width": 1288, "Total Cost": 2.1684827145958367e+24}, {"Startup Cost": 4.519725361958766e+31, "Plans": [{"Startup Cost": 4.519725361958766e+31, "Plans": [{"Startup Cost": 3.0164256621919706e+17, "Plans": [{"Startup Cost": 3.0164256621919706e+17, "Plans": [{"Startup Cost": 2.9531370804018003e+17, "Plans": [{"Startup Cost": 29065550679.38, "Plans": [{"Startup Cost": 29065550641.71, "Plans": [{"Startup Cost": 29065550583.56, "Plans": [{"Startup Cost": 29065550554.88, "Plans": [{"Startup Cost": 423113.48, "Plans": [{"Startup Cost": 15925.41, "Plans": [{"Startup Cost": 177.56, "Plans": [{"Startup Cost": 142.81, "Plans": [{"Startup Cost": 96.58, "Plans": [{"Startup Cost": 38.04, "Plans": [{"Startup Cost": 0.0, "Node Type": "Seq Scan", "Plan Rows": 510, "Relation Name": "table_50", "Alias": "table_50", "Parent Relationship": "Outer", "Plan Width": 128, "Total Cost": 15.1}], "Sort Key": ["table_50.col_0"], "Plan Rows": 510, "Node Type": "Sort", "Parent Relationship": "Outer", "Plan Width": 128, "Total Cost": 39.31}, {"Startup Cost": 58.54, "Plans": [{"Startup Cost": 0.0, "Node Type": "Seq Scan", "Plan Rows": 830, "Relation Name": "table_0", "Alias": "table_0", "Parent Relationship": "Outer", "Plan Width": 68, "Total Cost": 18.3}], "Sort Key": ["table_0.col_1"], "Plan Rows": 830, "Node Type": "Sort", "Parent Relationship": "Inner", "Plan Width": 68, "Total Cost": 60.62}], "Node Type": "Merge Join", "Plan Rows": 2116, "Join Type": "Inner", "Parent Relationship": "Outer", "Plan Width": 196, "Merge Cond": "(table_50.col_0 = table_0.col_1)", "Total Cost": 130.87}, {"Startup Cost": 46.23, "Plans": [{"Startup Cost": 0.0, "Node Type": "Seq Scan", "Plan Rows": 640, "Relation Name": "table_42", "Alias": "table_42", "Parent Relationship": "Outer", "Plan Width": 96, "Total Cost": 16.4}], "Sort Key": ["table_42.col_1"], "Plan Rows": 640, "Node Type": "Sort", "Parent Relationship": "Inner", "Plan Width": 96, "Total Cost": 47.83}], "Node Type": "Merge Join", "Plan Rows": 6771, "Join Type": "Inner", "Parent Relationship": "Outer", "Plan Width": 292, "Merge Cond": "(table_0.col_1 = table_42.col_1)", "Total Cost": 283.95}, {"Startup Cost": 21.0, "Plans": [{"Startup Cost": 0.0, "Node Type": "Seq Scan", "Plan Rows": 1100, "Relation Name": "table_58", "Alias": "table_58", "Parent Relationship": "Outer", "Plan Width": 44, "Total Cost": 21.0}], "Plan Rows": 1100, "Node Type": "Hash", "Parent Relationship": "Inner", "Plan Width": 44, "Total Cost": 21.0}], "Node Type": "Hash Join", "Plan Rows": 37240, "Join Type": "Inner", "Hash Cond": "(table_0.col_0 = table_58.col_0)", "Parent Relationship": "Outer", "Plan Width": 336, "Total Cost": 1639.04}], "Sort Key": ["table_42.col_2", "table_58.col_1"], "Plan Rows": 37240, "Node Type": "Sort", "Parent Relationship": "Outer", "Plan Width": 336, "Total Cost": 16018.51}, {"Startup Cost": 407188.07, "Plans": [{"Startup Cost": 407188.07, "Plans": [{"Startup Cost": 0.0, "Plans": [{"Startup Cost": 0.0, "Node Type": "Seq Scan", "Plan Rows": 1940, "Relation Name": "table_48", "Alias": "table_48", "Parent Relationship": "Outer", "Plan Width": 12, "Total Cost": 29.4}, {"Startup Cost": 0.0, "Plans": [{"Startup Cost": 0.0, "Node Type": "Seq Scan", "Plan Rows": 860, "Relation Name": "table_53", "Alias": "table_53", "Parent Relationship": "Outer", "Plan Width": 64, "Total Cost": 18.6}], "Plan Rows": 860, "Node Type": "Materialize", "Parent Relationship": "Inner", "Plan Width": 64, "Total Cost": 22.9}], "Node Type": "Nested Loop", "Plan Rows": 1668400, "Join Type": "Inner", "Parent Relationship": "Outer", "Plan Width": 76, "Total Cost": 20905.15}], "Sort Key": ["table_53.col_1", "table_48.col_1"], "Plan Rows": 1668400, "Node Type": "Sort", "Parent Relationship": "Outer", "Plan Width": 76, "Total Cost": 411359.07}], "Plan Rows": 1668400, "Node Type": "Materialize", "Parent Relationship": "Inner", "Plan Width": 76, "Total Cost": 415530.07}], "Node Type": "Merge Join", "Plan Rows": 1553280, "Join Type": "Inner", "Parent Relationship": "Outer", "Plan Width": 412, "Merge Cond": "((table_42.col_2 = table_53.col_1) AND (table_58.col_1 = table_48.col_1))", "Total Cost": 455609.58}, {"Startup Cost": 29065127441.4, "Plans": [{"Startup Cost": 29065127441.4, "Plans": [{"Startup Cost": 61.62, "Plans": [{"Startup Cost": 23.95, "Plans": [{"Startup Cost": 23.95, "Plans": [{"Startup Cost": 23.95, "Plans": [{"Startup Cost": 0.0, "Node Type": "Seq Scan", "Plan Rows": 800, "Relation Name": "table_14", "Alias": "table_14", "Parent Relationship": "Outer", "Plan Width": 72, "Total Cost": 18.0}, {"Startup Cost": 16.2, "Plans": [{"Startup Cost": 0.0, "Node Type": "Seq Scan", "Plan Rows": 620, "Relation Name": "table_31", "Alias": "table_31", "Parent Relationship": "Outer", "Plan Width": 100, "Total Cost": 16.2}], "Plan Rows": 620, "Node Type": "Hash", "Parent Relationship": "Inner", "Plan Width": 100, "Total Cost": 16.2}], "Node Type": "Hash Join", "Plan Rows": 2480, "Join Type": "Inner", "Hash Cond": "(table_14.col_3 = table_31.col_0)", "Parent Relationship": "Outer", "Plan Width": 172, "Total Cost": 130.75}, {"Startup Cost": 0.0, "Plans": [{"Startup Cost": 0.0, "Node Type": "Seq Scan", "Plan Rows": 1230, "Relation Name": "table_5", "Alias": "table_5", "Parent Relationship": "Outer", "Plan Width": 36, "Total Cost": 22.3}], "Plan Rows": 1230, "Node Type": "Materialize", "Parent Relationship": "Inner", "Plan Width": 36, "Total Cost": 28.45}], "Node Type": "Nested Loop", "Plan Rows": 3050400, "Join Type": "Inner", "Parent Relationship": "Outer", "Plan Width": 208, "Total Cost": 38286.12}, {"Startup Cost": 0.0, "Plans": [{"Startup Cost": 0.0, "Node Type": "Seq Scan", "Plan Rows": 1100, "Relation Name": "table_15", "Alias": "table_15", "Parent Relationship": "Outer", "Plan Width": 44, "Total Cost": 21.0}], "Plan Rows": 1100, "Node Type": "Materialize", "Parent Relationship": "Inner", "Plan Width": 44, "Total Cost": 26.5}], "Node Type": "Nested Loop", "Plan Rows": 3355440000, "Join Type": "Inner", "Parent Relationship": "Outer", "Plan Width": 252, "Total Cost": 41981309.88}, {"Startup Cost": 22.3, "Plans": [{"Startup Cost": 0.0, "Node Type": "Seq Scan", "Plan Rows": 1230, "Relation Name": "table_28", "Alias": "table_28", "Parent Relationship": "Outer", "Plan Width": 36, "Total Cost": 22.3}], "Plan Rows": 1230, "Node Type": "Hash", "Parent Relationship": "Inner", "Plan Width": 36, "Total Cost": 22.3}], "Node Type": "Hash Join", "Plan Rows": 20635956000, "Join Type": "Inner", "Hash Cond": "(table_15.col_0 = table_28.col_1)", "Parent Relationship": "Outer", "Plan Width": 288, "Total Cost": 772628407.55}], "Sort Key": ["table_5.col_0"], "Plan Rows": 20635956000, "Node Type": "Sort", "Parent Relationship": "Outer", "Plan Width": 288, "Total Cost": 29116717331.4}], "Plan Rows": 20635956000, "Node Type": "Materialize", "Parent Relationship": "Inner", "Plan Width": 288, "Total Cost": 29168307221.4}], "Node Type": "Merge Join", "Plan Rows": 160267088678400, "Join Type": "Inner", "Parent Relationship": "Outer", "Plan Width": 700, "Merge Cond": "(table_42.col_2 = table_5.col_0)", "Total Cost": 2433123507000.18}, {"Startup Cost": 18.3, "Plans": [{"Startup Cost": 0.0, "Node Type": "Seq Scan", "Plan Rows": 830, "Relation Name": "table_24", "Alias": "table_24", "Parent Relationship": "Outer", "Plan Width": 68, "Total Cost": 18.3}], "Plan Rows": 830, "Node Type": "Hash", "Parent Relationship": "Inner", "Plan Width": 68, "Total Cost": 18.3}], "Node Type": "Hash Join", "Plan Rows": 665108418015360, "Join Type": "Left", "Hash Cond": "(table_0.col_1 = table_24.col_2)", "Parent Relationship": "Outer", "Plan Width": 768, "Total Cost": 26112585859262.46}, {"Startup Cost": 31.4, "Plans": [{"Startup Cost": 0.0, "Node Type": "Seq Scan", "Plan Rows": 2140, "Relation Name": "table_61", "Alias": "table_61", "Parent Relationship": "Outer", "Plan Width": 8, "Total Cost": 31.4}], "Plan Rows": 2140, "Node Type": "Hash", "Parent Relationship": "Inner", "Plan Width": 8, "Total Cost": 31.4}], "Node Type": "Hash Join", "Plan Rows": 7116660072764352, "Join Type": "Inner", "Hash Cond": "(table_15.col_1 = table_61.col_0)", "Parent Relationship": "Outer", "Plan Width": 776, "Total Cost": 276858459451111.34}, {"Startup Cost": 22.3, "Plans": [{"Startup Cost": 0.0, "Node Type": "Seq Scan", "Plan Rows": 1230, "Relation Name": "table_29", "Alias": "table_29", "Parent Relationship": "Outer", "Plan Width": 36, "Total Cost": 22.3}], "Plan Rows": 1230, "Node Type": "Hash", "Parent Relationship": "Inner", "Plan Width": 36, "Total Cost": 22.3}], "Node Type": "Hash Join", "Plan Rows": 43767459447500768, "Join Type": "Left", "Hash Cond": "(table_15.col_0 = table_29.col_0)", "Parent Relationship": "Outer", "Plan Width": 812, "Total Cost": 1826511190295587.0}], "Sort Key": ["table_42.col_1", "table_14.col_0"], "Plan Rows": 43767459447500768, "Node Type": "Sort", "Parent Relationship": "Outer", "Plan Width": 812, "Total Cost": 2.954231266887988e+17}, {"Startup Cost": 6328858179017031.0, "Plans": [{"Startup Cost": 6328858179017031.0, "Plans": [{"Startup Cost": 36110399.17, "Plans": [{"Startup Cost": 36110361.5, "Plans": [{"Startup Cost": 36110361.5, "Plans": [{"Startup Cost": 376056.52, "Plans": [{"Startup Cost": 0.0, "Plans": [{"Startup Cost": 0.0, "Node Type": "Seq Scan", "Plan Rows": 2140, "Relation Name": "table_49", "Alias": "table_49", "Parent Relationship": "Outer", "Plan Width": 8, "Total Cost": 31.4}, {"Startup Cost": 0.0, "Plans": [{"Startup Cost": 0.0, "Node Type": "Seq Scan", "Plan Rows": 620, "Relation Name": "table_8", "Alias": "table_8", "Parent Relationship": "Outer", "Plan Width": 100, "Total Cost": 16.2}], "Plan Rows": 620, "Node Type": "Materialize", "Parent Relationship": "Inner", "Plan Width": 100, "Total Cost": 19.3}], "Node Type": "Nested Loop", "Plan Rows": 1326800, "Join Type": "Inner", "Parent Relationship": "Outer", "Plan Width": 108, "Total Cost": 16634.15}], "Sort Key": ["table_8.col_0"], "Plan Rows": 1326800, "Node Type": "Sort", "Parent Relationship": "Outer", "Plan Width": 108, "Total Cost": 379373.52}, {"Startup Cost": 35734304.97, "Plans": [{"Startup Cost": 35734304.97, "Plans": [{"Startup Cost": 166.32, "Plans": [{"Startup Cost": 23.95, "Plans": [{"Startup Cost": 23.95, "Plans": [{"Startup Cost": 0.0, "Node Type": "Seq Scan", "Plan Rows": 1230, "Relation Name": "table_60", "Alias": "table_60", "Parent Relationship": "Outer", "Plan Width": 36, "Total Cost": 22.3}, {"Startup Cost": 16.2, "Plans": [{"Startup Cost": 0.0, "Node Type": "Seq Scan", "Plan Rows": 620, "Relation Name": "table_20", "Alias": "table_20", "Parent Relationship": "Outer", "Plan Width": 100, "Total Cost": 16.2}], "Plan Rows": 620, "Node Type": "Hash", "Parent Relationship": "Inner", "Plan Width": 100, "Total Cost": 16.2}], "Node Type": "Hash Join", "Plan Rows": 3813, "Join Type": "Inner", "Hash Cond": "(table_60.col_0 = table_20.col_3)", "Parent Relationship": "Outer", "Plan Width": 136, "Total Cost": 182.78}, {"Startup Cost": 0.0, "Plans": [{"Startup Cost": 0.0, "Node Type": "Seq Scan", "Plan Rows": 830, "Relation Name": "table_18", "Alias": "table_18_1", "Parent Relationship": "Outer", "Plan Width": 68, "Total Cost": 18.3}], "Plan Rows": 830, "Node Type": "Materialize", "Parent Relationship": "Inner", "Plan Width": 68, "Total Cost": 22.45}], "Node Type": "Nested Loop", "Plan Rows": 3164790, "Join Type": "Inner", "Parent Relationship": "Outer", "Plan Width": 204, "Total Cost": 39763.03}, {"Startup Cost": 115.92, "Plans": [{"Startup Cost": 21.48, "Plans": [{"Startup Cost": 0.0, "Node Type": "Seq Scan", "Plan Rows": 830, "Relation Name": "table_0", "Alias": "table_0_1", "Parent Relationship": "Outer", "Plan Width": 68, "Total Cost": 18.3}, {"Startup Cost": 15.1, "Plans": [{"Startup Cost": 0.0, "Node Type": "Seq Scan", "Plan Rows": 510, "Relation Name": "table_50", "Alias": "table_50_1", "Parent Relationship": "Outer", "Plan Width": 128, "Total Cost": 15.1}], "Plan Rows": 510, "Node Type": "Hash", "Parent Relationship": "Inner", "Plan Width": 128, "Total Cost": 15.1}], "Node Type": "Hash Join", "Plan Rows": 2116, "Join Type": "Inner", "Hash Cond": "(table_0_1.col_1 = table_50_1.col_2)", "Parent Relationship": "Outer", "Plan Width": 196, "Total Cost": 115.92}], "Plan Rows": 2116, "Node Type": "Hash", "Parent Relationship": "Inner", "Plan Width": 196, "Total Cost": 115.92}], "Node Type": "Hash Join", "Plan Rows": 33483478, "Join Type": "Left", "Hash Cond": "(table_18_1.col_1 = table_50_1.col_3)", "Parent Relationship": "Outer", "Plan Width": 400, "Total Cost": 1221321.51}], "Sort Key": ["table_20.col_1"], "Plan Rows": 33483478, "Node Type": "Sort", "Parent Relationship": "Outer", "Plan Width": 400, "Total Cost": 35818013.67}], "Plan Rows": 33483478, "Node Type": "Materialize", "Parent Relationship": "Inner", "Plan Width": 400, "Total Cost": 35901722.36}], "Node Type": "Merge Join", "Plan Rows": 222129393052, "Join Type": "Inner", "Parent Relationship": "Outer", "Plan Width": 508, "Merge Cond": "(table_8.col_0 = table_20.col_1)", "Total Cost": 3368141599.97}, {"Startup Cost": 0.0, "Plans": [{"Startup Cost": 0.0, "Node Type": "Seq Scan", "Plan Rows": 1100, "Relation Name": "table_6", "Alias": "table_6", "Parent Relationship": "Outer", "Plan Width": 44, "Total Cost": 21.0}], "Plan Rows": 1100, "Node Type": "Materialize", "Parent Relationship": "Inner", "Plan Width": 44, "Total Cost": 26.5}], "Node Type": "Nested Loop", "Plan Rows": 244342332357200, "Join Type": "Inner", "Parent Relationship": "Outer", "Plan Width": 552, "Total Cost": 3057647296088.72}, {"Startup Cost": 22.3, "Plans": [{"Startup Cost": 0.0, "Node Type": "Seq Scan", "Plan Rows": 1230, "Relation Name": "table_37", "Alias": "table_37_1", "Parent Relationship": "Outer", "Plan Width": 36, "Total Cost": 22.3}], "Plan Rows": 1230, "Node Type": "Hash", "Parent Relationship": "Inner", "Plan Width": 36, "Total Cost": 22.3}], "Node Type": "Hash Join", "Plan Rows": 1502705343996780, "Join Type": "Left", "Hash Cond": "(table_50_1.col_3 = table_37_1.col_0)", "Parent Relationship": "Outer", "Plan Width": 588, "Total Cost": 56263190166906.7}], "Sort Key": ["table_6.col_1", "table_8.col_0"], "Plan Rows": 1502705343996780, "Node Type": "Sort", "Parent Relationship": "Outer", "Plan Width": 588, "Total Cost": 6332614942377023.0}], "Plan Rows": 1502705343996780, "Node Type": "Materialize", "Parent Relationship": "Inner", "Plan Width": 588, "Total Cost": 6336371705737015.0}], "Node Type": "Merge Join", "Plan Rows": 1644239880123044077798162432, "Join Type": "Inner", "Parent Relationship": "Outer", "Plan Width": 1400, "Merge Cond": "((table_0.col_1 = table_6.col_1) AND (table_14.col_0 = table_8.col_0))", "Total Cost": 2.877419820412785e+25}, {"Startup Cost": 0.0, "Plans": [{"Startup Cost": 0.0, "Node Type": "Seq Scan", "Plan Rows": 1230, "Relation Name": "table_9", "Alias": "table_9", "Parent Relationship": "Outer", "Plan Width": 36, "Total Cost": 22.3}], "Plan Rows": 1230, "Node Type": "Materialize", "Parent Relationship": "Inner", "Plan Width": 36, "Total Cost": 28.45}], "Node Type": "Nested Loop", "Plan Rows": 2022415052551344350381914193920, "Join Type": "Inner", "Parent Relationship": "Outer", "Plan Width": 1436, "Total Cost": 2.5308962355095934e+28}], "Sort Key": ["table_42.col_1", "table_0.col_2", "table_15.col_1", "table_14.col_0", "table_0.col_0", "table_9.col_0", "table_49.col_1"], "Plan Rows": 2022415052551344350381914193920, "Node Type": "Sort", "Parent Relationship": "Outer", "Plan Width": 1436, "Total Cost": 4.520230965721904e+31}], "Plan Rows": 2022415052551344350381914193920, "Node Type": "Materialize", "Parent Relationship": "Inner", "Plan Width": 1436, "Total Cost": 4.5207365694850425e+31}], "Node Type": "Merge Join", "Plan Rows": 13415201838919063467897074173425483776, "Join Type": "Inner", "Parent Relationship": "Outer", "Plan Width": 2724, "Merge Cond": "((table_40.col_0 = table_0.col_1) AND (table_41.col_3 = table_0.col_2) AND (table_40.col_1 = table_61.col_0) AND (table_10.col_0 = table_8.col_0) AND (table_21.col_2 = table_0.col_0) AND (table_45.col_2 = table_9.col_0) AND (table_21.col_3 = table_49.col_1))", "Total Cost": 4.025012574793991e+35}], "Plan Rows": 13415201838919063467897074173425483776, "Node Type": "Materialize", "Parent Relationship": "Inner", "Plan Width": 2724, "Total Cost": 4.360392620766968e+35}], "Node Type": "Merge Join", "Plan Rows": 505772200366833678834500695771002097205510144, "Join Type": "Inner", "Parent Relationship": "Outer", "Plan Width": 3208, "Merge Cond": "(table_30.col_0 = table_0.col_1)", "Total Cost": 7.586583408003762e+42}, {"Startup Cost": 22.3, "Plans": [{"Startup Cost": 0.0, "Node Type": "Seq Scan", "Plan Rows": 1230, "Relation Name": "table_47", "Alias": "table_47", "Parent Relationship": "Outer", "Plan Width": 36, "Total Cost": 22.3}], "Plan Rows": 1230, "Node Type": "Hash", "Parent Relationship": "Inner", "Plan Width": 36, "Total Cost": 22.3}], "Plan Rows": 3110499032256027433822013084622579512635293696, "Node Type": "Hash Join", "Join Type": "Right", "Hash Cond": "(table_59.col_1 = table_47.col_0)", "Plan Width": 3244, "Total Cost": 1.177184800378818e+44}}]