[{"Plan": {"Startup Cost": 4.087435035164329e+37, "Plans": [{"Startup Cost": 4.087435035164329e+37, "Plans": [{"Startup Cost": 85.43, "Plans": [{"Startup Cost": 0.0, "Node Type": "Seq Scan", "Plan Rows": 1230, "Relation Name": "table_7", "Alias": "table_7", "Parent Relationship": "Outer", "Plan Width": 36, "Total Cost": 22.3}], "Sort Key": ["table_7.col_1"], "Plan Rows": 1230, "Node Type": "Sort", "Parent Relationship": "Outer", "Plan Width": 36, "Total Cost": 88.5}, {"Startup Cost": 4.087435035164329e+37, "Plans": [{"Startup Cost": 4.087435035164329e+37, "Plans": [{"Startup Cost": 4.815509774680566e+16, "Plans": [{"Startup Cost": 213566846559792.0, "Plans": [{"Startup Cost": 4979.58, "Plans": [{"Startup Cost": 222.65, "Plans": [{"Startup Cost": 56.58, "Plans": [{"Startup Cost": 0.0, "Node Type": "Seq Scan", "Plan Rows": 800, "Relation Name": "table_51", "Alias": "table_51_1", "Parent Relationship": "Outer", "Plan Width": 72, "Total Cost": 18.0}], "Sort Key": ["table_51_1.col_2"], "Plan Rows": 800, "Node Type": "Sort", "Parent Relationship": "Outer", "Plan Width": 72, "Total Cost": 58.58}, {"Startup Cost": 166.07, "Plans": [{"Startup Cost": 166.07, "Plans": [{"Startup Cost": 85.43, "Plans": [{"Startup Cost": 0.0, "Node Type": "Seq Scan", "Plan Rows": 1230, "Relation Name": "table_0", "Alias": "table_0_2", "Parent Relationship": "Outer", "Plan Width": 36, "Total Cost": 22.3}], "Sort Key": ["table_0_2.col_0"], "Plan Rows": 1230, "Node Type": "Sort", "Parent Relationship": "Outer", "Plan Width": 36, "Total Cost": 88.5}, {"Startup Cost": 80.64, "Plans": [{"Startup Cost": 0.0, "Node Type": "Seq Scan", "Plan Rows": 1160, "Relation Name": "table_53", "Alias": "table_53", "Parent Relationship": "Outer", "Plan Width": 40, "Total Cost": 21.6}], "Sort Key": ["table_53.col_0"], "Plan Rows": 1160, "Node Type": "Sort", "Parent Relationship": "Inner", "Plan Width": 40, "Total Cost": 83.54}], "Node Type": "Merge Join", "Plan Rows": 7134, "Join Type": "Left", "Parent Relationship": "Outer", "Plan Width": 76, "Merge Cond": "(table_0_2.col_0 = table_53.col_0)", "Total Cost": 279.23}], "Plan Rows": 7134, "Node Type": "Materialize", "Parent Relationship": "Inner", "Plan Width": 76, "Total Cost": 297.06}], "Node Type": "Merge Join", "Plan Rows": 28536, "Join Type": "Inner", "Parent Relationship": "Outer", "Plan Width": 148, "Merge Cond": "(table_51_1.col_2 = table_0_2.col_0)", "Total Cost": 767.85}], "Sort Key": ["table_0_2.col_1"], "Plan Rows": 28536, "Node Type": "Sort", "Parent Relationship": "Outer", "Plan Width": 148, "Total Cost": 5050.92}, {"Startup Cost": 213566846554812.4, "Plans": [{"Startup Cost": 213566846554812.4, "Plans": [{"Startup Cost": 356.12, "Plans": [{"Startup Cost": 143.97, "Plans": [{"Startup Cost": 143.97, "Plans": [{"Startup Cost": 143.97, "Plans": [{"Startup Cost": 58.54, "Plans": [{"Startup Cost": 0.0, "Node Type": "Seq Scan", "Plan Rows": 830, "Relation Name": "table_18", "Alias": "table_18", "Parent Relationship": "Outer", "Plan Width": 68, "Total Cost": 18.3}], "Sort Key": ["table_18.col_2"], "Plan Rows": 830, "Node Type": "Sort", "Parent Relationship": "Outer", "Plan Width": 68, "Total Cost": 60.62}, {"Startup Cost": 85.43, "Plans": [{"Startup Cost": 0.0, "Node Type": "Seq Scan", "Plan Rows": 1230, "Relation Name": "table_31", "Alias": "table_31", "Parent Relationship": "Outer", "Plan Width": 36, "Total Cost": 22.3}], "Sort Key": ["table_31.col_1"], "Plan Rows": 1230, "Node Type": "Sort", "Parent Relationship": "Inner", "Plan Width": 36, "Total Cost": 88.5}], "Node Type": "Merge Join", "Plan Rows": 5104, "Join Type": "Inner", "Parent Relationship": "Outer", "Plan Width": 104, "Merge Cond": "(table_18.col_2 = table_31.col_1)", "Total Cost": 224.68}, {"Startup Cost": 0.0, "Plans": [{"Startup Cost": 0.0, "Node Type": "Seq Scan", "Plan Rows": 800, "Relation Name": "table_61", "Alias": "table_61_1", "Parent Relationship": "Outer", "Plan Width": 72, "Total Cost": 18.0}], "Plan Rows": 800, "Node Type": "Materialize", "Parent Relationship": "Inner", "Plan Width": 72, "Total Cost": 22.0}], "Node Type": "Nested Loop", "Plan Rows": 4083200, "Join Type": "Inner", "Parent Relationship": "Outer", "Plan Width": 176, "Total Cost": 51284.68}, {"Startup Cost": 0.0, "Plans": [{"Startup Cost": 0.0, "Node Type": "Seq Scan", "Plan Rows": 1230, "Relation Name": "table_54", "Alias": "table_54", "Parent Relationship": "Outer", "Plan Width": 36, "Total Cost": 22.3}, {"Startup Cost": 0.0, "Plans": [{"Startup Cost": 0.0, "Node Type": "Seq Scan", "Plan Rows": 860, "Relation Name": "table_2", "Alias": "table_2", "Parent Relationship": "Outer", "Plan Width": 64, "Total Cost": 18.6}], "Plan Rows": 860, "Node Type": "Materialize", "Parent Relationship": "Inner", "Plan Width": 64, "Total Cost": 22.9}], "Node Type": "Nested Loop", "Plan Rows": 1057800, "Join Type": "Inner", "Parent Relationship": "Inner", "Plan Width": 100, "Total Cost": 13265.55}], "Node Type": "Nested Loop", "Plan Rows": 4319208960000, "Join Type": "Inner", "Parent Relationship": "Outer", "Plan Width": 276, "Total Cost": 97358034644.68}, {"Startup Cost": 169.15, "Plans": [{"Startup Cost": 28.0, "Plans": [{"Startup Cost": 0.0, "Node Type": "Seq Scan", "Plan Rows": 860, "Relation Name": "table_25", "Alias": "table_25", "Parent Relationship": "Outer", "Plan Width": 64, "Total Cost": 18.6}, {"Startup Cost": 18.0, "Plans": [{"Startup Cost": 0.0, "Node Type": "Seq Scan", "Plan Rows": 800, "Relation Name": "table_28", "Alias": "table_28", "Parent Relationship": "Outer", "Plan Width": 72, "Total Cost": 18.0}], "Plan Rows": 800, "Node Type": "Hash", "Parent Relationship": "Inner", "Plan Width": 72, "Total Cost": 18.0}], "Node Type": "Hash Join", "Plan Rows": 3440, "Join Type": "Left", "Hash Cond": "(table_25.col_0 = table_28.col_0)", "Parent Relationship": "Outer", "Plan Width": 136, "Total Cost": 169.15}], "Plan Rows": 3440, "Node Type": "Hash", "Parent Relationship": "Inner", "Plan Width": 136, "Total Cost": 169.15}], "Node Type": "Hash Join", "Plan Rows": 74290394112000, "Join Type": "Inner", "Hash Cond": "(table_2.col_0 = table_25.col_0)", "Parent Relationship": "Outer", "Plan Width": 412, "Total Cost": 2708319851176.83}], "Sort Key": ["table_61_1.col_1"], "Plan Rows": 74290394112000, "Node Type": "Sort", "Parent Relationship": "Outer", "Plan Width": 412, "Total Cost": 213752572540092.4}], "Plan Rows": 74290394112000, "Node Type": "Materialize", "Parent Relationship": "Inner", "Plan Width": 412, "Total Cost": 213938298525372.4}], "Node Type": "Merge Join", "Plan Rows": 10599753431900160, "Join Type": "Right", "Parent Relationship": "Outer", "Plan Width": 560, "Merge Cond": "(table_0_2.col_1 = table_61_1.col_1)", "Total Cost": 372748874023717.1}], "Sort Key": ["table_2.col_0", "table_18.col_2", "table_54.col_1"], "Plan Rows": 10599753431900160, "Node Type": "Sort", "Parent Relationship": "Outer", "Plan Width": 560, "Total Cost": 4.8181597130385416e+16}, {"Startup Cost": 4.087435035164329e+37, "Plans": [{"Startup Cost": 4.087435035164329e+37, "Plans": [{"Startup Cost": 1.8054661430853312e+27, "Plans": [{"Startup Cost": 1.8054661430853312e+27, "Plans": [{"Startup Cost": 1.8054661430853312e+27, "Plans": [{"Startup Cost": 1.8054661430853312e+27, "Plans": [{"Startup Cost": 1.8054661430853312e+27, "Plans": [{"Startup Cost": 1.8054661430853312e+27, "Plans": [{"Startup Cost": 1.8054661430853312e+27, "Plans": [{"Startup Cost": 1.8054661430853312e+27, "Plans": [{"Startup Cost": 360414.68, "Plans": [{"Startup Cost": 0.0, "Plans": [{"Startup Cost": 0.0, "Node Type": "Seq Scan", "Plan Rows": 1230, "Relation Name": "table_59", "Alias": "table_59_1", "Parent Relationship": "Outer", "Plan Width": 36, "Total Cost": 22.3}, {"Startup Cost": 0.0, "Plans": [{"Startup Cost": 0.0, "Node Type": "Seq Scan", "Plan Rows": 1230, "Relation Name": "table_59", "Alias": "table_59", "Parent Relationship": "Outer", "Plan Width": 36, "Total Cost": 22.3}], "Plan Rows": 1230, "Node Type": "Materialize", "Parent Relationship": "Inner", "Plan Width": 36, "Total Cost": 28.45}], "Node Type": "Nested Loop", "Plan Rows": 1512900, "Join Type": "Inner", "Parent Relationship": "Outer", "Plan Width": 72, "Total Cost": 18958.92}], "Sort Key": ["table_59.col_0"], "Plan Rows": 1512900, "Node Type": "Sort", "Parent Relationship": "Outer", "Plan Width": 72, "Total Cost": 364196.93}, {"Startup Cost": 1.8054661430853312e+27, "Plans": [{"Startup Cost": 1.8054661430853312e+27, "Plans": [{"Startup Cost": 1.2496373259926513e+24, "Plans": [{"Startup Cost": 1.2496373259926513e+24, "Plans": [{"Startup Cost": 1.2496373259926513e+24, "Plans": [{"Startup Cost": 1.2496373259926513e+24, "Plans": [{"Startup Cost": 1.2496373259926513e+24, "Plans": [{"Startup Cost": 1.2496373259926513e+24, "Plans": [{"Startup Cost": 1366550607.03, "Plans": [{"Startup Cost": 0.0, "Plans": [{"Startup Cost": 0.0, "Plans": [{"Startup Cost": 0.0, "Node Type": "Seq Scan", "Plan Rows": 2140, "Relation Name": "table_37", "Alias": "table_37", "Parent Relationship": "Outer", "Plan Width": 8, "Total Cost": 31.4}, {"Startup Cost": 0.0, "Plans": [{"Startup Cost": 0.0, "Node Type": "Seq Scan", "Plan Rows": 1100, "Relation Name": "table_24", "Alias": "table_24", "Parent Relationship": "Outer", "Plan Width": 44, "Total Cost": 21.0}], "Plan Rows": 1100, "Node Type": "Materialize", "Parent Relationship": "Inner", "Plan Width": 44, "Total Cost": 26.5}], "Node Type": "Nested Loop", "Plan Rows": 2354000, "Join Type": "Inner", "Parent Relationship": "Outer", "Plan Width": 52, "Total Cost": 29480.15}, {"Startup Cost": 0.0, "Plans": [{"Startup Cost": 0.0, "Node Type": "Seq Scan", "Plan Rows": 1100, "Relation Name": "table_47", "Alias": "table_47", "Parent Relationship": "Outer", "Plan Width": 44, "Total Cost": 21.0}], "Plan Rows": 1100, "Node Type": "Materialize", "Parent Relationship": "Inner", "Plan Width": 44, "Total Cost": 26.5}], "Node Type": "Nested Loop", "Plan Rows": 2589400000, "Join Type": "Inner", "Parent Relationship": "Outer", "Plan Width": 96, "Total Cost": 32397003.9}], "Sort Key": ["table_47.col_2", "table_47.col_3", "table_24.col_1", "table_37.col_1"], "Plan Rows": 2589400000, "Node Type": "Sort", "Parent Relationship": "Outer", "Plan Width": 96, "Total Cost": 1373024107.03}, {"Startup Cost": 1.24963732599265e+24, "Plans": [{"Startup Cost": 1.24963732599265e+24, "Plans": [{"Startup Cost": 2.9572247617772398e+23, "Plans": [{"Startup Cost": 2.9572247617772398e+23, "Plans": [{"Startup Cost": 558626756.66, "Plans": [{"Startup Cost": 0.0, "Plans": [{"Startup Cost": 0.0, "Plans": [{"Startup Cost": 0.0, "Node Type": "Seq Scan", "Plan Rows": 1100, "Relation Name": "table_27", "Alias": "table_27", "Parent Relationship": "Outer", "Plan Width": 44, "Total Cost": 21.0}, {"Startup Cost": 0.0, "Plans": [{"Startup Cost": 0.0, "Node Type": "Seq Scan", "Plan Rows": 800, "Relation Name": "table_17", "Alias": "table_17", "Parent Relationship": "Outer", "Plan Width": 72, "Total Cost": 18.0}], "Plan Rows": 800, "Node Type": "Materialize", "Parent Relationship": "Inner", "Plan Width": 72, "Total Cost": 22.0}], "Node Type": "Nested Loop", "Plan Rows": 880000, "Join Type": "Inner", "Parent Relationship": "Outer", "Plan Width": 116, "Total Cost": 11041.0}, {"Startup Cost": 0.0, "Plans": [{"Startup Cost": 0.0, "Node Type": "Seq Scan", "Plan Rows": 800, "Relation Name": "table_61", "Alias": "table_61", "Parent Relationship": "Outer", "Plan Width": 72, "Total Cost": 18.0}], "Plan Rows": 800, "Node Type": "Materialize", "Parent Relationship": "Inner", "Plan Width": 72, "Total Cost": 22.0}], "Node Type": "Nested Loop", "Plan Rows": 704000000, "Join Type": "Inner", "Parent Relationship": "Outer", "Plan Width": 188, "Total Cost": 8811061.0}], "Sort Key": ["table_17.col_2", "table_17.col_1", "table_27.col_0", "table_61.col_1"], "Plan Rows": 704000000, "Node Type": "Sort", "Parent Relationship": "Outer", "Plan Width": 188, "Total Cost": 560386756.66}, {"Startup Cost": 2.957224761777234e+23, "Plans": [{"Startup Cost": 2.957224761777234e+23, "Plans": [{"Startup Cost": 4.781633954575485e+17, "Plans": [{"Startup Cost": 4.781633954575485e+17, "Plans": [{"Startup Cost": 4.781633954575485e+17, "Plans": [{"Startup Cost": 274415182.1, "Plans": [{"Startup Cost": 462.2, "Plans": [{"Startup Cost": 143.97, "Plans": [{"Startup Cost": 58.54, "Plans": [{"Startup Cost": 0.0, "Node Type": "Seq Scan", "Plan Rows": 830, "Relation Name": "table_41", "Alias": "table_41", "Parent Relationship": "Outer", "Plan Width": 68, "Total Cost": 18.3}], "Sort Key": ["table_41.col_0"], "Plan Rows": 830, "Node Type": "Sort", "Parent Relationship": "Outer", "Plan Width": 68, "Total Cost": 60.62}, {"Startup Cost": 85.43, "Plans": [{"Startup Cost": 0.0, "Node Type": "Seq Scan", "Plan Rows": 1230, "Relation Name": "table_0", "Alias": "table_0", "Parent Relationship": "Outer", "Plan Width": 36, "Total Cost": 22.3}], "Sort Key": ["table_0.col_1"], "Plan Rows": 1230, "Node Type": "Sort", "Parent Relationship": "Inner", "Plan Width": 36, "Total Cost": 88.5}], "Node Type": "Merge Join", "Plan Rows": 5104, "Join Type": "Inner", "Parent Relationship": "Outer", "Plan Width": 104, "Merge Cond": "(table_41.col_0 = table_0.col_1)", "Total Cost": 224.68}, {"Startup Cost": 318.23, "Plans": [{"Startup Cost": 318.23, "Plans": [{"Startup Cost": 318.23, "Plans": [{"Startup Cost": 85.43, "Plans": [{"Startup Cost": 0.0, "Node Type": "Seq Scan", "Plan Rows": 1230, "Relation Name": "table_57", "Alias": "table_57", "Parent Relationship": "Outer", "Plan Width": 36, "Total Cost": 22.3}], "Sort Key": ["table_57.col_0"], "Plan Rows": 1230, "Node Type": "Sort", "Parent Relationship": "Outer", "Plan Width": 36, "Total Cost": 88.5}, {"Startup Cost": 232.8, "Plans": [{"Startup Cost": 21.48, "Plans": [{"Startup Cost": 0.0, "Node Type": "Seq Scan", "Plan Rows": 830, "Relation Name": "table_21", "Alias": "table_21", "Parent Relationship": "Outer", "Plan Width": 68, "Total Cost": 18.3}, {"Startup Cost": 15.1, "Plans": [{"Startup Cost": 0.0, "Node Type": "Seq Scan", "Plan Rows": 510, "Relation Name": "table_42", "Alias": "table_42", "Parent Relationship": "Outer", "Plan Width": 128, "Total Cost": 15.1}], "Plan Rows": 510, "Node Type": "Hash", "Parent Relationship": "Inner", "Plan Width": 128, "Total Cost": 15.1}], "Node Type": "Hash Join", "Plan Rows": 2116, "Join Type": "Inner", "Hash Cond": "(table_21.col_2 = table_42.col_0)", "Parent Relationship": "Outer", "Plan Width": 196, "Total Cost": 115.92}], "Sort Key": ["table_42.col_1"], "Plan Rows": 2116, "Node Type": "Sort", "Parent Relationship": "Inner", "Plan Width": 196, "Total Cost": 238.09}], "Node Type": "Merge Join", "Plan Rows": 13013, "Join Type": "Inner", "Parent Relationship": "Outer", "Plan Width": 232, "Merge Cond": "(table_57.col_0 = table_42.col_1)", "Total Cost": 519.57}, {"Startup Cost": 0.0, "Plans": [{"Startup Cost": 0.0, "Node Type": "Seq Scan", "Plan Rows": 620, "Relation Name": "table_10", "Alias": "table_10", "Parent Relationship": "Outer", "Plan Width": 100, "Total Cost": 16.2}], "Plan Rows": 620, "Node Type": "Materialize", "Parent Relationship": "Inner", "Plan Width": 100, "Total Cost": 19.3}], "Node Type": "Nested Loop", "Plan Rows": 8068060, "Join Type": "Inner", "Parent Relationship": "Outer", "Plan Width": 332, "Total Cost": 101388.07}], "Plan Rows": 8068060, "Node Type": "Materialize", "Parent Relationship": "Inner", "Plan Width": 332, "Total Cost": 121558.22}], "Node Type": "Merge Join", "Plan Rows": 205896891, "Join Type": "Inner", "Parent Relationship": "Outer", "Plan Width": 436, "Merge Cond": "(table_0.col_1 = table_42.col_1)", "Total Cost": 3190078.88}], "Sort Key": ["table_41.col_1", "table_42.col_0"], "Plan Rows": 205896891, "Node Type": "Sort", "Parent Relationship": "Outer", "Plan Width": 436, "Total Cost": 274929924.33}, {"Startup Cost": 4.781633951831333e+17, "Plans": [{"Startup Cost": 4.781633951831333e+17, "Plans": [{"Startup Cost": 189793.46, "Plans": [{"Startup Cost": 189660.32, "Plans": [{"Startup Cost": 189276.78, "Plans": [{"Startup Cost": 189276.78, "Plans": [{"Startup Cost": 189255.3, "Plans": [{"Startup Cost": 189209.07, "Plans": [{"Startup Cost": 0.0, "Plans": [{"Startup Cost": 0.0, "Node Type": "Seq Scan", "Plan Rows": 860, "Relation Name": "table_44", "Alias": "table_44", "Parent Relationship": "Outer", "Plan Width": 64, "Total Cost": 18.6}, {"Startup Cost": 0.0, "Plans": [{"Startup Cost": 0.0, "Node Type": "Seq Scan", "Plan Rows": 640, "Relation Name": "table_39", "Alias": "table_39", "Parent Relationship": "Outer", "Plan Width": 96, "Total Cost": 16.4}], "Plan Rows": 640, "Node Type": "Materialize", "Parent Relationship": "Inner", "Plan Width": 96, "Total Cost": 19.6}], "Node Type": "Nested Loop", "Plan Rows": 550400, "Join Type": "Inner", "Parent Relationship": "Outer", "Plan Width": 160, "Total Cost": 6916.6}], "Sort Key": ["table_39.col_0", "table_44.col_1"], "Plan Rows": 550400, "Node Type": "Sort", "Parent Relationship": "Outer", "Plan Width": 160, "Total Cost": 190585.07}, {"Startup Cost": 46.23, "Plans": [{"Startup Cost": 0.0, "Node Type": "Seq Scan", "Plan Rows": 640, "Relation Name": "table_26", "Alias": "table_26", "Parent Relationship": "Outer", "Plan Width": 96, "Total Cost": 16.4}], "Sort Key": ["table_26.col_2", "table_26.col_1"], "Plan Rows": 640, "Node Type": "Sort", "Parent Relationship": "Inner", "Plan Width": 96, "Total Cost": 47.83}], "Node Type": "Merge Join", "Plan Rows": 8806, "Join Type": "Inner", "Parent Relationship": "Outer", "Plan Width": 256, "Merge Cond": "((table_39.col_0 = table_26.col_2) AND (table_44.col_1 = table_26.col_1))", "Total Cost": 193537.41}, {"Startup Cost": 21.48, "Plans": [{"Startup Cost": 21.48, "Plans": [{"Startup Cost": 0.0, "Node Type": "Seq Scan", "Plan Rows": 1230, "Relation Name": "table_8", "Alias": "table_8", "Parent Relationship": "Outer", "Plan Width": 36, "Total Cost": 22.3}, {"Startup Cost": 15.1, "Plans": [{"Startup Cost": 0.0, "Node Type": "Seq Scan", "Plan Rows": 510, "Relation Name": "table_23", "Alias": "table_23", "Parent Relationship": "Outer", "Plan Width": 128, "Total Cost": 15.1}], "Plan Rows": 510, "Node Type": "Hash", "Parent Relationship": "Inner", "Plan Width": 128, "Total Cost": 15.1}], "Node Type": "Hash Join", "Plan Rows": 3136, "Join Type": "Right", "Hash Cond": "(table_8.col_0 = table_23.col_0)", "Parent Relationship": "Outer", "Plan Width": 164, "Total Cost": 156.62}], "Plan Rows": 3136, "Node Type": "Materialize", "Parent Relationship": "Inner", "Plan Width": 164, "Total Cost": 172.3}], "Node Type": "Nested Loop", "Plan Rows": 138078, "Join Type": "Inner", "Parent Relationship": "Outer", "Plan Width": 420, "Join Filter": "(table_44.col_0 = table_23.col_0)", "Total Cost": 607936.11}, {"Startup Cost": 0.0, "Plans": [{"Startup Cost": 0.0, "Node Type": "Seq Scan", "Plan Rows": 620, "Relation Name": "table_12", "Alias": "table_12", "Parent Relationship": "Outer", "Plan Width": 100, "Total Cost": 16.2}], "Plan Rows": 620, "Node Type": "Materialize", "Parent Relationship": "Inner", "Plan Width": 100, "Total Cost": 19.3}], "Node Type": "Nested Loop", "Plan Rows": 85608360, "Join Type": "Inner", "Parent Relationship": "Outer", "Plan Width": 520, "Total Cost": 1678058.36}, {"Startup Cost": 383.54, "Plans": [{"Startup Cost": 347.44, "Plans": [{"Startup Cost": 297.62, "Plans": [{"Startup Cost": 243.97, "Plans": [{"Startup Cost": 46.23, "Plans": [{"Startup Cost": 0.0, "Node Type": "Seq Scan", "Plan Rows": 640, "Relation Name": "table_4", "Alias": "table_4", "Parent Relationship": "Outer", "Plan Width": 96, "Total Cost": 16.4}], "Sort Key": ["table_4.col_1"], "Plan Rows": 640, "Node Type": "Sort", "Parent Relationship": "Outer", "Plan Width": 96, "Total Cost": 47.83}, {"Startup Cost": 197.74, "Plans": [{"Startup Cost": 197.74, "Plans": [{"Startup Cost": 56.58, "Plans": [{"Startup Cost": 0.0, "Node Type": "Seq Scan", "Plan Rows": 800, "Relation Name": "table_15", "Alias": "table_15", "Parent Relationship": "Outer", "Plan Width": 72, "Total Cost": 18.0}], "Sort Key": ["table_15.col_1"], "Plan Rows": 800, "Node Type": "Sort", "Parent Relationship": "Outer", "Plan Width": 72, "Total Cost": 58.58}, {"Startup Cost": 141.16, "Plans": [{"Startup Cost": 141.16, "Plans": [{"Startup Cost": 60.52, "Plans": [{"Startup Cost": 0.0, "Node Type": "Seq Scan", "Plan Rows": 860, "Relation Name": "table_40", "Alias": "table_40", "Parent Relationship": "Outer", "Plan Width": 64, "Total Cost": 18.6}], "Sort Key": ["table_40.col_1"], "Plan Rows": 860, "Node Type": "Sort", "Parent Relationship": "Outer", "Plan Width": 64, "Total Cost": 62.67}, {"Startup Cost": 80.64, "Plans": [{"Startup Cost": 0.0, "Node Type": "Seq Scan", "Plan Rows": 1160, "Relation Name": "table_34", "Alias": "table_34", "Parent Relationship": "Outer", "Plan Width": 40, "Total Cost": 21.6}], "Sort Key": ["table_34.col_0"], "Plan Rows": 1160, "Node Type": "Sort", "Parent Relationship": "Inner", "Plan Width": 40, "Total Cost": 83.54}], "Node Type": "Merge Join", "Plan Rows": 4988, "Join Type": "Inner", "Parent Relationship": "Outer", "Plan Width": 104, "Merge Cond": "(table_40.col_1 = table_34.col_0)", "Total Cost": 220.28}], "Plan Rows": 4988, "Node Type": "Materialize", "Parent Relationship": "Inner", "Plan Width": 104, "Total Cost": 232.75}], "Node Type": "Merge Join", "Plan Rows": 19952, "Join Type": "Inner", "Parent Relationship": "Outer", "Plan Width": 176, "Merge Cond": "(table_15.col_1 = table_34.col_0)", "Total Cost": 580.14}], "Plan Rows": 19952, "Node Type": "Materialize", "Parent Relationship": "Inner", "Plan Width": 176, "Total Cost": 630.02}], "Node Type": "Merge Join", "Plan Rows": 63846, "Join Type": "Inner", "Parent Relationship": "Outer", "Plan Width": 272, "Merge Cond": "(table_4.col_1 = table_34.col_0)", "Total Cost": 1587.26}, {"Startup Cost": 29.4, "Plans": [{"Startup Cost": 0.0, "Node Type": "Seq Scan", "Plan Rows": 1940, "Relation Name": "table_9", "Alias": "table_9", "Parent Relationship": "Outer", "Plan Width": 12, "Total Cost": 29.4}], "Plan Rows": 1940, "Node Type": "Hash", "Parent Relationship": "Inner", "Plan Width": 12, "Total Cost": 29.4}], "Node Type": "Hash Join", "Plan Rows": 619306, "Join Type": "Left", "Hash Cond": "(table_15.col_2 = table_9.col_1)", "Parent Relationship": "Outer", "Plan Width": 284, "Total Cost": 23476.24}, {"Startup Cost": 27.7, "Plans": [{"Startup Cost": 0.0, "Node Type": "Seq Scan", "Plan Rows": 1770, "Relation Name": "table_64", "Alias": "table_64", "Parent Relationship": "Outer", "Plan Width": 16, "Total Cost": 27.7}], "Plan Rows": 1770, "Node Type": "Hash", "Parent Relationship": "Inner", "Plan Width": 16, "Total Cost": 27.7}], "Node Type": "Hash Join", "Plan Rows": 5480858, "Join Type": "Inner", "Hash Cond": "(table_34.col_2 = table_64.col_2)", "Parent Relationship": "Outer", "Plan Width": 300, "Total Cost": 216904.36}, {"Startup Cost": 21.6, "Plans": [{"Startup Cost": 0.0, "Node Type": "Seq Scan", "Plan Rows": 1160, "Relation Name": "table_22", "Alias": "table_22", "Parent Relationship": "Outer", "Plan Width": 40, "Total Cost": 21.6}], "Plan Rows": 1160, "Node Type": "Hash", "Parent Relationship": "Inner", "Plan Width": 40, "Total Cost": 21.6}], "Node Type": "Hash Join", "Plan Rows": 31788976, "Join Type": "Left", "Hash Cond": "(table_34.col_1 = table_22.col_0)", "Parent Relationship": "Inner", "Plan Width": 340, "Total Cost": 1343256.77}], "Node Type": "Nested Loop", "Plan Rows": 2721402101439360, "Join Type": "Inner", "Parent Relationship": "Outer", "Plan Width": 860, "Total Cost": 142175197815059.2}, {"Startup Cost": 133.14, "Plans": [{"Startup Cost": 133.14, "Plans": [{"Startup Cost": 56.58, "Plans": [{"Startup Cost": 0.0, "Node Type": "Seq Scan", "Plan Rows": 800, "Relation Name": "table_58", "Alias": "table_58", "Parent Relationship": "Outer", "Plan Width": 72, "Total Cost": 18.0}], "Sort Key": ["table_58.col_3"], "Plan Rows": 800, "Node Type": "Sort", "Parent Relationship": "Outer", "Plan Width": 72, "Total Cost": 58.58}, {"Startup Cost": 76.57, "Plans": [{"Startup Cost": 0.0, "Node Type": "Seq Scan", "Plan Rows": 1100, "Relation Name": "table_56", "Alias": "table_56", "Parent Relationship": "Outer", "Plan Width": 44, "Total Cost": 21.0}], "Sort Key": ["table_56.col_0"], "Plan Rows": 1100, "Node Type": "Sort", "Parent Relationship": "Inner", "Plan Width": 44, "Total Cost": 79.32}], "Node Type": "Merge Join", "Plan Rows": 4400, "Join Type": "Inner", "Parent Relationship": "Outer", "Plan Width": 116, "Merge Cond": "(table_58.col_3 = table_56.col_0)", "Total Cost": 203.14}], "Plan Rows": 4400, "Node Type": "Materialize", "Parent Relationship": "Inner", "Plan Width": 116, "Total Cost": 214.14}], "Node Type": "Merge Join", "Plan Rows": 59870846231665920, "Join Type": "Inner", "Parent Relationship": "Outer", "Plan Width": 976, "Merge Cond": "(table_26.col_2 = table_58.col_3)", "Total Cost": 1047041396543849.6}], "Sort Key": ["table_64.col_2", "table_26.col_2"], "Plan Rows": 59870846231665920, "Node Type": "Sort", "Parent Relationship": "Outer", "Plan Width": 976, "Total Cost": 4.7831307229871245e+17}], "Plan Rows": 59870846231665920, "Node Type": "Materialize", "Parent Relationship": "Inner", "Plan Width": 976, "Total Cost": 4.784627494142916e+17}], "Node Type": "Merge Join", "Plan Rows": 308180527515976990720, "Join Type": "Inner", "Parent Relationship": "Outer", "Plan Width": 1412, "Merge Cond": "((table_41.col_1 = table_34.col_2) AND (table_42.col_0 = table_58.col_3))", "Total Cost": 5.871472304104269e+18}, {"Startup Cost": 31.4, "Plans": [{"Startup Cost": 0.0, "Node Type": "Seq Scan", "Plan Rows": 2140, "Relation Name": "table_20", "Alias": "table_20", "Parent Relationship": "Outer", "Plan Width": 8, "Total Cost": 31.4}], "Plan Rows": 2140, "Node Type": "Hash", "Parent Relationship": "Inner", "Plan Width": 8, "Total Cost": 31.4}], "Node Type": "Hash Join", "Plan Rows": 3297531644420953735168, "Join Type": "Left", "Hash Cond": "(table_21.col_1 = table_20.col_1)", "Parent Relationship": "Outer", "Plan Width": 1420, "Total Cost": 1.220555311776276e+20}, {"Startup Cost": 21.0, "Plans": [{"Startup Cost": 0.0, "Node Type": "Seq Scan", "Plan Rows": 1100, "Relation Name": "table_60", "Alias": "table_60", "Parent Relationship": "Outer", "Plan Width": 44, "Total Cost": 21.0}], "Plan Rows": 1100, "Node Type": "Hash", "Parent Relationship": "Inner", "Plan Width": 44, "Total Cost": 21.0}], "Node Type": "Hash Join", "Plan Rows": 18136424044315245805568, "Join Type": "Left", "Hash Cond": "(table_9.col_2 = table_60.col_1)", "Parent Relationship": "Outer", "Plan Width": 1464, "Total Cost": 7.650742018397136e+20}], "Sort Key": ["table_0.col_1", "table_12.col_1", "table_58.col_0", "table_10.col_3"], "Plan Rows": 18136424044315245805568, "Node Type": "Sort", "Parent Relationship": "Outer", "Plan Width": 1464, "Total Cost": 2.957678172378342e+23}], "Plan Rows": 18136424044315245805568, "Node Type": "Materialize", "Parent Relationship": "Inner", "Plan Width": 1464, "Total Cost": 2.95813158297945e+23}], "Node Type": "Merge Join", "Plan Rows": 7980026579498709286912, "Join Type": "Inner", "Parent Relationship": "Outer", "Plan Width": 1652, "Merge Cond": "((table_17.col_2 = table_0.col_1) AND (table_17.col_1 = table_12.col_1) AND (table_27.col_0 = table_58.col_0) AND (table_61.col_1 = table_10.col_3))", "Total Cost": 2.960743228041837e+23}, {"Startup Cost": 22.3, "Plans": [{"Startup Cost": 0.0, "Node Type": "Seq Scan", "Plan Rows": 1230, "Relation Name": "table_46", "Alias": "table_46", "Parent Relationship": "Outer", "Plan Width": 36, "Total Cost": 22.3}], "Plan Rows": 1230, "Node Type": "Hash", "Parent Relationship": "Inner", "Plan Width": 36, "Total Cost": 22.3}], "Node Type": "Hash Join", "Plan Rows": 49077163463917065732096, "Join Type": "Inner", "Hash Cond": "(table_0.col_0 = table_46.col_0)", "Parent Relationship": "Outer", "Plan Width": 1688, "Total Cost": 2.9781197359186955e+23}], "Sort Key": ["table_64.col_2", "table_10.col_2", "table_56.col_1", "table_17.col_3"], "Plan Rows": 49077163463917065732096, "Node Type": "Sort", "Parent Relationship": "Outer", "Plan Width": 1688, "Total Cost": 1.2497600189013096e+24}], "Plan Rows": 49077163463917065732096, "Node Type": "Materialize", "Parent Relationship": "Inner", "Plan Width": 1688, "Total Cost": 1.2498827118099693e+24}], "Node Type": "Merge Join", "Plan Rows": 79425254420916788527104, "Join Type": "Inner", "Parent Relationship": "Outer", "Plan Width": 1784, "Merge Cond": "((table_47.col_2 = table_41.col_1) AND (table_47.col_3 = table_10.col_2) AND (table_24.col_1 = table_56.col_1) AND (table_37.col_1 = table_17.col_3))", "Total Cost": 1.2515470871257816e+24}, {"Startup Cost": 18.0, "Plans": [{"Startup Cost": 0.0, "Node Type": "Seq Scan", "Plan Rows": 800, "Relation Name": "table_55", "Alias": "table_55", "Parent Relationship": "Outer", "Plan Width": 72, "Total Cost": 18.0}], "Plan Rows": 800, "Node Type": "Hash", "Parent Relationship": "Inner", "Plan Width": 72, "Total Cost": 18.0}], "Node Type": "Hash Join", "Plan Rows": 317701017683667154108416, "Join Type": "Inner", "Hash Cond": "(table_0.col_1 = table_55.col_3)", "Parent Relationship": "Outer", "Plan Width": 1856, "Total Cost": 1.2628651858807621e+24}, {"Startup Cost": 18.0, "Plans": [{"Startup Cost": 0.0, "Node Type": "Seq Scan", "Plan Rows": 800, "Relation Name": "table_16", "Alias": "table_16", "Parent Relationship": "Outer", "Plan Width": 72, "Total Cost": 18.0}], "Plan Rows": 800, "Node Type": "Hash", "Parent Relationship": "Inner", "Plan Width": 72, "Total Cost": 18.0}], "Node Type": "Hash Join", "Plan Rows": 1270804070734668616433664, "Join Type": "Inner", "Hash Cond": "(table_64.col_0 = table_16.col_1)", "Parent Relationship": "Outer", "Plan Width": 1928, "Total Cost": 1.3081375809006847e+24}, {"Startup Cost": 18.0, "Plans": [{"Startup Cost": 0.0, "Node Type": "Seq Scan", "Plan Rows": 800, "Relation Name": "table_51", "Alias": "table_51", "Parent Relationship": "Outer", "Plan Width": 72, "Total Cost": 18.0}], "Plan Rows": 800, "Node Type": "Hash", "Parent Relationship": "Inner", "Plan Width": 72, "Total Cost": 18.0}], "Node Type": "Hash Join", "Plan Rows": 5083216282938674465734656, "Join Type": "Left", "Hash Cond": "(table_42.col_3 = table_51.col_1)", "Parent Relationship": "Outer", "Plan Width": 2000, "Total Cost": 1.489227160980375e+24}, {"Startup Cost": 16.2, "Plans": [{"Startup Cost": 0.0, "Node Type": "Seq Scan", "Plan Rows": 620, "Relation Name": "table_49", "Alias": "table_49", "Parent Relationship": "Outer", "Plan Width": 100, "Total Cost": 16.2}], "Plan Rows": 620, "Node Type": "Hash", "Parent Relationship": "Inner", "Plan Width": 100, "Total Cost": 16.2}], "Node Type": "Hash Join", "Plan Rows": 15757970477109890951151616, "Join Type": "Inner", "Hash Cond": "(table_23.col_2 = table_49.col_2)", "Parent Relationship": "Outer", "Plan Width": 2100, "Total Cost": 2.053464168386568e+24}, {"Startup Cost": 18.0, "Plans": [{"Startup Cost": 0.0, "Node Type": "Seq Scan", "Plan Rows": 800, "Relation Name": "table_62", "Alias": "table_62", "Parent Relationship": "Outer", "Plan Width": 72, "Total Cost": 18.0}], "Plan Rows": 800, "Node Type": "Hash", "Parent Relationship": "Inner", "Plan Width": 72, "Total Cost": 18.0}], "Node Type": "Hash Join", "Plan Rows": 63031881908439563804606464, "Join Type": "Left", "Hash Cond": "(table_20.col_0 = table_62.col_2)", "Parent Relationship": "Outer", "Plan Width": 2172, "Total Cost": 4.2989749613747275e+24}], "Sort Key": ["table_26.col_1"], "Plan Rows": 63031881908439563804606464, "Node Type": "Sort", "Parent Relationship": "Outer", "Plan Width": 2172, "Total Cost": 1.8056237227901023e+27}], "Plan Rows": 63031881908439563804606464, "Node Type": "Materialize", "Parent Relationship": "Inner", "Plan Width": 2172, "Total Cost": 1.8057813024948733e+27}], "Node Type": "Merge Join", "Plan Rows": 476804670696391092056486838272, "Join Type": "Inner", "Parent Relationship": "Outer", "Plan Width": 2244, "Merge Cond": "(table_59.col_0 = table_26.col_1)", "Total Cost": 8.957693783235968e+27}, {"Startup Cost": 18.3, "Plans": [{"Startup Cost": 0.0, "Node Type": "Seq Scan", "Plan Rows": 830, "Relation Name": "table_5", "Alias": "table_5", "Parent Relationship": "Outer", "Plan Width": 68, "Total Cost": 18.3}], "Plan Rows": 830, "Node Type": "Hash", "Parent Relationship": "Inner", "Plan Width": 68, "Total Cost": 18.3}], "Node Type": "Hash Join", "Plan Rows": 1978739383390023158698159898624, "Join Type": "Left", "Hash Cond": "(table_21.col_2 = table_5.col_1)", "Parent Relationship": "Outer", "Plan Width": 2312, "Total Cost": 7.940558387862776e+28}, {"Startup Cost": 219.8, "Plans": [{"Startup Cost": 142.0, "Plans": [{"Startup Cost": 56.58, "Plans": [{"Startup Cost": 0.0, "Node Type": "Seq Scan", "Plan Rows": 800, "Relation Name": "table_48", "Alias": "table_48_1", "Parent Relationship": "Outer", "Plan Width": 72, "Total Cost": 18.0}], "Sort Key": ["table_48_1.col_0"], "Plan Rows": 800, "Node Type": "Sort", "Parent Relationship": "Outer", "Plan Width": 72, "Total Cost": 58.58}, {"Startup Cost": 85.43, "Plans": [{"Startup Cost": 0.0, "Node Type": "Seq Scan", "Plan Rows": 1230, "Relation Name": "table_0", "Alias": "table_0_1", "Parent Relationship": "Outer", "Plan Width": 36, "Total Cost": 22.3}], "Sort Key": ["table_0_1.col_1"], "Plan Rows": 1230, "Node Type": "Sort", "Parent Relationship": "Inner", "Plan Width": 36, "Total Cost": 88.5}], "Node Type": "Merge Join", "Plan Rows": 4920, "Join Type": "Inner", "Parent Relationship": "Outer", "Plan Width": 108, "Merge Cond": "(table_48_1.col_0 = table_0_1.col_1)", "Total Cost": 219.8}], "Plan Rows": 4920, "Node Type": "Hash", "Parent Relationship": "Inner", "Plan Width": 108, "Total Cost": 219.8}], "Node Type": "Hash Join", "Plan Rows": 48676988831394566776634975715328, "Join Type": "Left", "Hash Cond": "(table_59_1.col_1 = table_0_1.col_0)", "Parent Relationship": "Outer", "Plan Width": 2420, "Total Cost": 1.7880470414359127e+30}, {"Startup Cost": 31.4, "Plans": [{"Startup Cost": 0.0, "Node Type": "Seq Scan", "Plan Rows": 2140, "Relation Name": "table_29", "Alias": "table_29", "Parent Relationship": "Outer", "Plan Width": 8, "Total Cost": 31.4}], "Plan Rows": 2140, "Node Type": "Hash", "Parent Relationship": "Inner", "Plan Width": 8, "Total Cost": 31.4}], "Node Type": "Hash Join", "Plan Rows": 520843780495921893333031855325184, "Join Type": "Left", "Hash Cond": "(table_0_1.col_0 = table_29.col_1)", "Parent Relationship": "Outer", "Plan Width": 2428, "Total Cost": 2.0139271830871666e+31}, {"Startup Cost": 18.0, "Plans": [{"Startup Cost": 0.0, "Node Type": "Seq Scan", "Plan Rows": 800, "Relation Name": "table_48", "Alias": "table_48", "Parent Relationship": "Outer", "Plan Width": 72, "Total Cost": 18.0}], "Plan Rows": 800, "Node Type": "Hash", "Parent Relationship": "Inner", "Plan Width": 72, "Total Cost": 18.0}], "Node Type": "Hash Join", "Plan Rows": 2083375121983687573332127421300736, "Join Type": "Left", "Hash Cond": "(table_21.col_0 = table_48.col_2)", "Parent Relationship": "Outer", "Plan Width": 2500, "Total Cost": 9.435951055154055e+31}, {"Startup Cost": 31.4, "Plans": [{"Startup Cost": 0.0, "Node Type": "Seq Scan", "Plan Rows": 2140, "Relation Name": "table_1", "Alias": "table_1", "Parent Relationship": "Outer", "Plan Width": 8, "Total Cost": 31.4}], "Plan Rows": 2140, "Node Type": "Hash", "Parent Relationship": "Inner", "Plan Width": 8, "Total Cost": 31.4}], "Node Type": "Hash Join", "Plan Rows": 22292113805225456515839086334836736, "Join Type": "Inner", "Hash Cond": "(table_41.col_1 = table_1.col_0)", "Parent Relationship": "Outer", "Plan Width": 2508, "Total Cost": 8.797919315393907e+32}, {"Startup Cost": 22.3, "Plans": [{"Startup Cost": 0.0, "Node Type": "Seq Scan", "Plan Rows": 1230, "Relation Name": "table_3", "Alias": "table_3", "Parent Relationship": "Outer", "Plan Width": 36, "Total Cost": 22.3}], "Plan Rows": 1230, "Node Type": "Hash", "Parent Relationship": "Inner", "Plan Width": 36, "Total Cost": 22.3}], "Node Type": "Hash Join", "Plan Rows": 137096499902136555958320274509660160, "Join Type": "Left", "Hash Cond": "(table_1.col_1 = table_3.col_0)", "Parent Relationship": "Outer", "Plan Width": 2544, "Total Cost": 5.733899712627235e+33}, {"Startup Cost": 22.3, "Plans": [{"Startup Cost": 0.0, "Node Type": "Seq Scan", "Plan Rows": 1230, "Relation Name": "table_30", "Alias": "table_30", "Parent Relationship": "Outer", "Plan Width": 36, "Total Cost": 22.3}], "Plan Rows": 1230, "Node Type": "Hash", "Parent Relationship": "Inner", "Plan Width": 36, "Total Cost": 22.3}], "Node Type": "Hash Join", "Plan Rows": 843143474398139856037157835653513216, "Join Type": "Left", "Hash Cond": "(table_34.col_2 = table_30.col_1)", "Parent Relationship": "Outer", "Plan Width": 2580, "Total Cost": 3.558666256631747e+34}], "Sort Key": ["table_46.col_1", "table_26.col_1", "table_10.col_1"], "Plan Rows": 843143474398139856037157835653513216, "Node Type": "Sort", "Parent Relationship": "Outer", "Plan Width": 2580, "Total Cost": 4.087645821032929e+37}], "Plan Rows": 843143474398139856037157835653513216, "Node Type": "Materialize", "Parent Relationship": "Inner", "Plan Width": 2580, "Total Cost": 4.0878566069015286e+37}], "Node Type": "Merge Join", "Plan Rows": 1117139117041988621360930223969690418329681920, "Join Type": "Inner", "Parent Relationship": "Outer", "Plan Width": 3140, "Merge Cond": "((table_25.col_0 = table_46.col_1) AND (table_31.col_1 = table_26.col_1) AND (table_54.col_1 = table_10.col_1))", "Total Cost": 2.2342823217297983e+43}], "Plan Rows": 1117139117041988621360930223969690418329681920, "Node Type": "Materialize", "Parent Relationship": "Inner", "Plan Width": 3140, "Total Cost": 2.5135671009902956e+43}], "Node Type": "Merge Join", "Plan Rows": 6870405569808230338282370934470946446903345152, "Join Type": "Inner", "Parent Relationship": "Outer", "Plan Width": 3176, "Merge Cond": "(table_7.col_1 = table_46.col_1)", "Total Cost": 1.2539890676442143e+44}, {"Startup Cost": 21.6, "Plans": [{"Startup Cost": 0.0, "Node Type": "Seq Scan", "Plan Rows": 1160, "Relation Name": "table_50", "Alias": "table_50", "Parent Relationship": "Outer", "Plan Width": 40, "Total Cost": 21.6}], "Plan Rows": 1160, "Node Type": "Hash", "Parent Relationship": "Inner", "Plan Width": 40, "Total Cost": 21.6}], "Plan Rows": 39848352304887736469097991511223249990720684032, "Node Type": "Hash Join", "Join Type": "Right", "Hash Cond": "(table_61.col_0 = table_50.col_2)", "Plan Width": 3216, "Total Cost": 1.5372672513600126e+45}}]