[{"Plan": {"Startup Cost": 1.1329050661452213e+34, "Plans": [{"Startup Cost": 1.1329050661452213e+34, "Plans": [{"Startup Cost": 85.43, "Plans": [{"Startup Cost": 0.0, "Node Type": "Seq Scan", "Plan Rows": 1230, "Relation Name": "table_7", "Alias": "table_7", "Parent Relationship": "Outer", "Plan Width": 36, "Total Cost": 22.3}], "Sort Key": ["table_7.col_1"], "Plan Rows": 1230, "Node Type": "Sort", "Parent Relationship": "Outer", "Plan Width": 36, "Total Cost": 88.5}, {"Startup Cost": 1.1329050661452213e+34, "Plans": [{"Startup Cost": 1.1329050661452213e+34, "Plans": [{"Startup Cost": 220493146.32, "Plans": [{"Startup Cost": 665.08, "Plans": [{"Startup Cost": 606.93, "Plans": [{"Startup Cost": 606.93, "Plans": [{"Startup Cost": 85.43, "Plans": [{"Startup Cost": 0.0, "Node Type": "Seq Scan", "Plan Rows": 1230, "Relation Name": "table_59", "Alias": "table_59_1", "Parent Relationship": "Outer", "Plan Width": 36, "Total Cost": 22.3}], "Sort Key": ["table_59_1.col_1"], "Plan Rows": 1230, "Node Type": "Sort", "Parent Relationship": "Outer", "Plan Width": 36, "Total Cost": 88.5}, {"Startup Cost": 521.51, "Plans": [{"Startup Cost": 142.0, "Plans": [{"Startup Cost": 56.58, "Plans": [{"Startup Cost": 0.0, "Node Type": "Seq Scan", "Plan Rows": 800, "Relation Name": "table_48", "Alias": "table_48_1", "Parent Relationship": "Outer", "Plan Width": 72, "Total Cost": 18.0}], "Sort Key": ["table_48_1.col_0"], "Plan Rows": 800, "Node Type": "Sort", "Parent Relationship": "Outer", "Plan Width": 72, "Total Cost": 58.58}, {"Startup Cost": 85.43, "Plans": [{"Startup Cost": 0.0, "Node Type": "Seq Scan", "Plan Rows": 1230, "Relation Name": "table_0", "Alias": "table_0_1", "Parent Relationship": "Outer", "Plan Width": 36, "Total Cost": 22.3}], "Sort Key": ["table_0_1.col_1"], "Plan Rows": 1230, "Node Type": "Sort", "Parent Relationship": "Inner", "Plan Width": 36, "Total Cost": 88.5}], "Node Type": "Merge Join", "Plan Rows": 4920, "Join Type": "Inner", "Parent Relationship": "Outer", "Plan Width": 108, "Merge Cond": "(table_48_1.col_0 = table_0_1.col_1)", "Total Cost": 219.8}], "Sort Key": ["table_0_1.col_0"], "Plan Rows": 4920, "Node Type": "Sort", "Parent Relationship": "Inner", "Plan Width": 108, "Total Cost": 533.81}], "Node Type": "Merge Join", "Plan Rows": 30258, "Join Type": "Left", "Parent Relationship": "Outer", "Plan Width": 144, "Merge Cond": "(table_59_1.col_1 = table_0_1.col_0)", "Total Cost": 1066.95}, {"Startup Cost": 0.0, "Plans": [{"Startup Cost": 0.0, "Node Type": "Seq Scan", "Plan Rows": 860, "Relation Name": "table_2", "Alias": "table_2", "Parent Relationship": "Outer", "Plan Width": 64, "Total Cost": 18.6}], "Plan Rows": 860, "Node Type": "Materialize", "Parent Relationship": "Inner", "Plan Width": 64, "Total Cost": 22.9}], "Node Type": "Nested Loop", "Plan Rows": 26021880, "Join Type": "Inner", "Parent Relationship": "Outer", "Plan Width": 208, "Total Cost": 326361.2}, {"Startup Cost": 31.4, "Plans": [{"Startup Cost": 0.0, "Node Type": "Seq Scan", "Plan Rows": 2140, "Relation Name": "table_29", "Alias": "table_29", "Parent Relationship": "Outer", "Plan Width": 8, "Total Cost": 31.4}], "Plan Rows": 2140, "Node Type": "Hash", "Parent Relationship": "Inner", "Plan Width": 8, "Total Cost": 31.4}], "Node Type": "Hash Join", "Plan Rows": 278434116, "Join Type": "Left", "Hash Cond": "(table_0_1.col_0 = table_29.col_1)", "Parent Relationship": "Outer", "Plan Width": 216, "Total Cost": 10136668.11}], "Sort Key": ["table_2.col_0"], "Plan Rows": 278434116, "Node Type": "Sort", "Parent Relationship": "Outer", "Plan Width": 216, "Total Cost": 221189231.61}, {"Startup Cost": 1.1329050661452213e+34, "Plans": [{"Startup Cost": 1.1329050661452213e+34, "Plans": [{"Startup Cost": 66627957641966.02, "Plans": [{"Startup Cost": 1533.96, "Plans": [{"Startup Cost": 614.18, "Plans": [{"Startup Cost": 578.08, "Plans": [{"Startup Cost": 578.08, "Plans": [{"Startup Cost": 56.58, "Plans": [{"Startup Cost": 0.0, "Node Type": "Seq Scan", "Plan Rows": 800, "Relation Name": "table_61", "Alias": "table_61_1", "Parent Relationship": "Outer", "Plan Width": 72, "Total Cost": 18.0}], "Sort Key": ["table_61_1.col_1"], "Plan Rows": 800, "Node Type": "Sort", "Parent Relationship": "Outer", "Plan Width": 72, "Total Cost": 58.58}, {"Startup Cost": 521.51, "Plans": [{"Startup Cost": 142.0, "Plans": [{"Startup Cost": 56.58, "Plans": [{"Startup Cost": 0.0, "Node Type": "Seq Scan", "Plan Rows": 800, "Relation Name": "table_51", "Alias": "table_51_1", "Parent Relationship": "Outer", "Plan Width": 72, "Total Cost": 18.0}], "Sort Key": ["table_51_1.col_2"], "Plan Rows": 800, "Node Type": "Sort", "Parent Relationship": "Outer", "Plan Width": 72, "Total Cost": 58.58}, {"Startup Cost": 85.43, "Plans": [{"Startup Cost": 0.0, "Node Type": "Seq Scan", "Plan Rows": 1230, "Relation Name": "table_0", "Alias": "table_0_2", "Parent Relationship": "Outer", "Plan Width": 36, "Total Cost": 22.3}], "Sort Key": ["table_0_2.col_0"], "Plan Rows": 1230, "Node Type": "Sort", "Parent Relationship": "Inner", "Plan Width": 36, "Total Cost": 88.5}], "Node Type": "Merge Join", "Plan Rows": 4920, "Join Type": "Inner", "Parent Relationship": "Outer", "Plan Width": 108, "Merge Cond": "(table_51_1.col_2 = table_0_2.col_0)", "Total Cost": 219.8}], "Sort Key": ["table_0_2.col_1"], "Plan Rows": 4920, "Node Type": "Sort", "Parent Relationship": "Inner", "Plan Width": 108, "Total Cost": 533.81}], "Node Type": "Merge Join", "Plan Rows": 19680, "Join Type": "Left", "Parent Relationship": "Outer", "Plan Width": 180, "Merge Cond": "(table_61_1.col_1 = table_0_2.col_1)", "Total Cost": 877.28}, {"Startup Cost": 0.0, "Plans": [{"Startup Cost": 0.0, "Node Type": "Seq Scan", "Plan Rows": 1100, "Relation Name": "table_27", "Alias": "table_27", "Parent Relationship": "Outer", "Plan Width": 44, "Total Cost": 21.0}], "Plan Rows": 1100, "Node Type": "Materialize", "Parent Relationship": "Inner", "Plan Width": 44, "Total Cost": 26.5}], "Node Type": "Nested Loop", "Plan Rows": 21648000, "Join Type": "Inner", "Parent Relationship": "Outer", "Plan Width": 224, "Total Cost": 271501.03}, {"Startup Cost": 21.6, "Plans": [{"Startup Cost": 0.0, "Node Type": "Seq Scan", "Plan Rows": 1160, "Relation Name": "table_53", "Alias": "table_53", "Parent Relationship": "Outer", "Plan Width": 40, "Total Cost": 21.6}], "Plan Rows": 1160, "Node Type": "Hash", "Parent Relationship": "Inner", "Plan Width": 40, "Total Cost": 21.6}], "Node Type": "Hash Join", "Plan Rows": 125558400, "Join Type": "Left", "Hash Cond": "(table_0_2.col_0 = table_53.col_0)", "Parent Relationship": "Outer", "Plan Width": 264, "Total Cost": 4720201.13}, {"Startup Cost": 919.77, "Plans": [{"Startup Cost": 142.0, "Plans": [{"Startup Cost": 56.58, "Plans": [{"Startup Cost": 0.0, "Node Type": "Seq Scan", "Plan Rows": 800, "Relation Name": "table_55", "Alias": "table_55", "Parent Relationship": "Outer", "Plan Width": 72, "Total Cost": 18.0}], "Sort Key": ["table_55.col_3"], "Plan Rows": 800, "Node Type": "Sort", "Parent Relationship": "Outer", "Plan Width": 72, "Total Cost": 58.58}, {"Startup Cost": 85.43, "Plans": [{"Startup Cost": 0.0, "Node Type": "Seq Scan", "Plan Rows": 1230, "Relation Name": "table_57", "Alias": "table_57", "Parent Relationship": "Outer", "Plan Width": 36, "Total Cost": 22.3}], "Sort Key": ["table_57.col_0"], "Plan Rows": 1230, "Node Type": "Sort", "Parent Relationship": "Inner", "Plan Width": 36, "Total Cost": 88.5}], "Node Type": "Merge Join", "Plan Rows": 4920, "Join Type": "Inner", "Parent Relationship": "Outer", "Plan Width": 108, "Merge Cond": "(table_55.col_3 = table_57.col_0)", "Total Cost": 219.8}, {"Startup Cost": 777.77, "Plans": [{"Startup Cost": 170.85, "Plans": [{"Startup Cost": 85.43, "Plans": [{"Startup Cost": 0.0, "Node Type": "Seq Scan", "Plan Rows": 1230, "Relation Name": "table_0", "Alias": "table_0", "Parent Relationship": "Outer", "Plan Width": 36, "Total Cost": 22.3}], "Sort Key": ["table_0.col_0"], "Plan Rows": 1230, "Node Type": "Sort", "Parent Relationship": "Outer", "Plan Width": 36, "Total Cost": 88.5}, {"Startup Cost": 85.43, "Plans": [{"Startup Cost": 0.0, "Node Type": "Seq Scan", "Plan Rows": 1230, "Relation Name": "table_46", "Alias": "table_46", "Parent Relationship": "Outer", "Plan Width": 36, "Total Cost": 22.3}], "Sort Key": ["table_46.col_0"], "Plan Rows": 1230, "Node Type": "Sort", "Parent Relationship": "Inner", "Plan Width": 36, "Total Cost": 88.5}], "Node Type": "Merge Join", "Plan Rows": 7564, "Join Type": "Inner", "Parent Relationship": "Outer", "Plan Width": 72, "Merge Cond": "(table_0.col_0 = table_46.col_0)", "Total Cost": 290.46}], "Sort Key": ["table_0.col_1"], "Plan Rows": 7564, "Node Type": "Sort", "Parent Relationship": "Inner", "Plan Width": 72, "Total Cost": 796.68}], "Node Type": "Merge Join", "Plan Rows": 186074, "Join Type": "Inner", "Parent Relationship": "Inner", "Plan Width": 180, "Merge Cond": "(table_57.col_0 = table_0.col_1)", "Total Cost": 3800.98}], "Node Type": "Nested Loop", "Plan Rows": 23363153721600, "Join Type": "Inner", "Parent Relationship": "Outer", "Plan Width": 444, "Total Cost": 710881548752.87}], "Sort Key": ["table_46.col_1", "table_0.col_1", "table_27.col_0"], "Plan Rows": 23363153721600, "Node Type": "Sort", "Parent Relationship": "Outer", "Plan Width": 444, "Total Cost": 66686365526270.02}, {"Startup Cost": 1.1329050661452213e+34, "Plans": [{"Startup Cost": 1.1329050661452213e+34, "Plans": [{"Startup Cost": 1.8504463802801406e+27, "Plans": [{"Startup Cost": 1.8504463802801406e+27, "Plans": [{"Startup Cost": 1.8504463802801406e+27, "Plans": [{"Startup Cost": 18254900.5, "Plans": [{"Startup Cost": 81.65, "Plans": [{"Startup Cost": 28.0, "Plans": [{"Startup Cost": 0.0, "Plans": [{"Startup Cost": 0.0, "Node Type": "Seq Scan", "Plan Rows": 860, "Relation Name": "table_25", "Alias": "table_25", "Parent Relationship": "Outer", "Plan Width": 64, "Total Cost": 18.6}, {"Startup Cost": 0.0, "Plans": [{"Startup Cost": 0.0, "Node Type": "Seq Scan", "Plan Rows": 800, "Relation Name": "table_15", "Alias": "table_15", "Parent Relationship": "Outer", "Plan Width": 72, "Total Cost": 18.0}], "Plan Rows": 800, "Node Type": "Materialize", "Parent Relationship": "Inner", "Plan Width": 72, "Total Cost": 22.0}], "Node Type": "Nested Loop", "Plan Rows": 688000, "Join Type": "Inner", "Parent Relationship": "Outer", "Plan Width": 136, "Total Cost": 8638.6}, {"Startup Cost": 18.0, "Plans": [{"Startup Cost": 0.0, "Node Type": "Seq Scan", "Plan Rows": 800, "Relation Name": "table_28", "Alias": "table_28", "Parent Relationship": "Outer", "Plan Width": 72, "Total Cost": 18.0}], "Plan Rows": 800, "Node Type": "Hash", "Parent Relationship": "Inner", "Plan Width": 72, "Total Cost": 18.0}], "Node Type": "Hash Join", "Plan Rows": 2752000, "Join Type": "Left", "Hash Cond": "(table_25.col_0 = table_28.col_0)", "Parent Relationship": "Outer", "Plan Width": 208, "Total Cost": 106706.6}, {"Startup Cost": 29.4, "Plans": [{"Startup Cost": 0.0, "Node Type": "Seq Scan", "Plan Rows": 1940, "Relation Name": "table_9", "Alias": "table_9", "Parent Relationship": "Outer", "Plan Width": 12, "Total Cost": 29.4}], "Plan Rows": 1940, "Node Type": "Hash", "Parent Relationship": "Inner", "Plan Width": 12, "Total Cost": 29.4}], "Node Type": "Hash Join", "Plan Rows": 26694400, "Join Type": "Left", "Hash Cond": "(table_15.col_2 = table_9.col_1)", "Parent Relationship": "Outer", "Plan Width": 220, "Total Cost": 1047944.25}], "Sort Key": ["table_15.col_1"], "Plan Rows": 26694400, "Node Type": "Sort", "Parent Relationship": "Outer", "Plan Width": 220, "Total Cost": 18321636.5}, {"Startup Cost": 1.8504463802801406e+27, "Plans": [{"Startup Cost": 1.8504463802801406e+27, "Plans": [{"Startup Cost": 2.5839978159851296e+23, "Plans": [{"Startup Cost": 2.5839978159851296e+23, "Plans": [{"Startup Cost": 2.5839978159851296e+23, "Plans": [{"Startup Cost": 2.5839978159851296e+23, "Plans": [{"Startup Cost": 2.5839978159851296e+23, "Plans": [{"Startup Cost": 2.5839978159851296e+23, "Plans": [{"Startup Cost": 177771.3, "Plans": [{"Startup Cost": 0.0, "Plans": [{"Startup Cost": 0.0, "Node Type": "Seq Scan", "Plan Rows": 800, "Relation Name": "table_16", "Alias": "table_16", "Parent Relationship": "Outer", "Plan Width": 72, "Total Cost": 18.0}, {"Startup Cost": 0.0, "Plans": [{"Startup Cost": 0.0, "Node Type": "Seq Scan", "Plan Rows": 620, "Relation Name": "table_49", "Alias": "table_49", "Parent Relationship": "Outer", "Plan Width": 100, "Total Cost": 16.2}], "Plan Rows": 620, "Node Type": "Materialize", "Parent Relationship": "Inner", "Plan Width": 100, "Total Cost": 19.3}], "Node Type": "Nested Loop", "Plan Rows": 496000, "Join Type": "Inner", "Parent Relationship": "Outer", "Plan Width": 172, "Total Cost": 6235.75}], "Sort Key": ["table_16.col_1", "table_49.col_2"], "Plan Rows": 496000, "Node Type": "Sort", "Parent Relationship": "Outer", "Plan Width": 172, "Total Cost": 179011.3}, {"Startup Cost": 2.5839978159851296e+23, "Plans": [{"Startup Cost": 2.5839978159851296e+23, "Plans": [{"Startup Cost": 2.4199119072248014e+23, "Plans": [{"Startup Cost": 117.08, "Plans": [{"Startup Cost": 58.54, "Plans": [{"Startup Cost": 0.0, "Node Type": "Seq Scan", "Plan Rows": 830, "Relation Name": "table_21", "Alias": "table_21", "Parent Relationship": "Outer", "Plan Width": 68, "Total Cost": 18.3}], "Sort Key": ["table_21.col_2"], "Plan Rows": 830, "Node Type": "Sort", "Parent Relationship": "Outer", "Plan Width": 68, "Total Cost": 60.62}, {"Startup Cost": 58.54, "Plans": [{"Startup Cost": 0.0, "Node Type": "Seq Scan", "Plan Rows": 830, "Relation Name": "table_5", "Alias": "table_5", "Parent Relationship": "Outer", "Plan Width": 68, "Total Cost": 18.3}], "Sort Key": ["table_5.col_1"], "Plan Rows": 830, "Node Type": "Sort", "Parent Relationship": "Inner", "Plan Width": 68, "Total Cost": 60.62}], "Node Type": "Merge Join", "Plan Rows": 3444, "Join Type": "Left", "Parent Relationship": "Outer", "Plan Width": 136, "Merge Cond": "(table_21.col_2 = table_5.col_1)", "Total Cost": 172.89}, {"Startup Cost": 2.4199119072248014e+23, "Plans": [{"Startup Cost": 2.4199119072248014e+23, "Plans": [{"Startup Cost": 2.4199119072247933e+23, "Plans": [{"Startup Cost": 4.400684730312392e+18, "Plans": [{"Startup Cost": 3.872763683187104e+16, "Plans": [{"Startup Cost": 61166401930662.34, "Plans": [{"Startup Cost": 250.72, "Plans": [{"Startup Cost": 46.23, "Plans": [{"Startup Cost": 0.0, "Node Type": "Seq Scan", "Plan Rows": 640, "Relation Name": "table_26", "Alias": "table_26", "Parent Relationship": "Outer", "Plan Width": 96, "Total Cost": 16.4}], "Sort Key": ["table_26.col_1"], "Plan Rows": 640, "Node Type": "Sort", "Parent Relationship": "Outer", "Plan Width": 96, "Total Cost": 47.83}, {"Startup Cost": 204.49, "Plans": [{"Startup Cost": 204.49, "Plans": [{"Startup Cost": 60.52, "Plans": [{"Startup Cost": 0.0, "Node Type": "Seq Scan", "Plan Rows": 860, "Relation Name": "table_44", "Alias": "table_44", "Parent Relationship": "Outer", "Plan Width": 64, "Total Cost": 18.6}], "Sort Key": ["table_44.col_1"], "Plan Rows": 860, "Node Type": "Sort", "Parent Relationship": "Outer", "Plan Width": 64, "Total Cost": 62.67}, {"Startup Cost": 143.97, "Plans": [{"Startup Cost": 143.97, "Plans": [{"Startup Cost": 58.54, "Plans": [{"Startup Cost": 0.0, "Node Type": "Seq Scan", "Plan Rows": 830, "Relation Name": "table_18", "Alias": "table_18", "Parent Relationship": "Outer", "Plan Width": 68, "Total Cost": 18.3}], "Sort Key": ["table_18.col_2"], "Plan Rows": 830, "Node Type": "Sort", "Parent Relationship": "Outer", "Plan Width": 68, "Total Cost": 60.62}, {"Startup Cost": 85.43, "Plans": [{"Startup Cost": 0.0, "Node Type": "Seq Scan", "Plan Rows": 1230, "Relation Name": "table_59", "Alias": "table_59", "Parent Relationship": "Outer", "Plan Width": 36, "Total Cost": 22.3}], "Sort Key": ["table_59.col_0"], "Plan Rows": 1230, "Node Type": "Sort", "Parent Relationship": "Inner", "Plan Width": 36, "Total Cost": 88.5}], "Node Type": "Merge Join", "Plan Rows": 5104, "Join Type": "Inner", "Parent Relationship": "Outer", "Plan Width": 104, "Merge Cond": "(table_18.col_2 = table_59.col_0)", "Total Cost": 224.68}], "Plan Rows": 5104, "Node Type": "Materialize", "Parent Relationship": "Inner", "Plan Width": 104, "Total Cost": 237.44}], "Node Type": "Merge Join", "Plan Rows": 21947, "Join Type": "Inner", "Parent Relationship": "Outer", "Plan Width": 168, "Merge Cond": "(table_44.col_1 = table_18.col_2)", "Total Cost": 618.7}], "Plan Rows": 21947, "Node Type": "Materialize", "Parent Relationship": "Inner", "Plan Width": 168, "Total Cost": 673.57}], "Node Type": "Merge Join", "Plan Rows": 70230, "Join Type": "Inner", "Parent Relationship": "Outer", "Plan Width": 264, "Merge Cond": "(table_26.col_1 = table_18.col_2)", "Total Cost": 1721.58}, {"Startup Cost": 61166401930411.62, "Plans": [{"Startup Cost": 61166401930411.62, "Plans": [{"Startup Cost": 226111.96, "Plans": [{"Startup Cost": 226111.96, "Plans": [{"Startup Cost": 225962.18, "Plans": [{"Startup Cost": 225938.23, "Plans": [{"Startup Cost": 225202.76, "Plans": [{"Startup Cost": 0.0, "Plans": [{"Startup Cost": 0.0, "Node Type": "Seq Scan", "Plan Rows": 1100, "Relation Name": "table_47", "Alias": "table_47", "Parent Relationship": "Outer", "Plan Width": 44, "Total Cost": 21.0}, {"Startup Cost": 0.0, "Plans": [{"Startup Cost": 0.0, "Node Type": "Seq Scan", "Plan Rows": 640, "Relation Name": "table_4", "Alias": "table_4", "Parent Relationship": "Outer", "Plan Width": 96, "Total Cost": 16.4}], "Plan Rows": 640, "Node Type": "Materialize", "Parent Relationship": "Inner", "Plan Width": 96, "Total Cost": 19.6}], "Node Type": "Nested Loop", "Plan Rows": 704000, "Join Type": "Inner", "Parent Relationship": "Outer", "Plan Width": 140, "Total Cost": 8839.0}], "Sort Key": ["table_47.col_2", "table_4.col_1"], "Plan Rows": 704000, "Node Type": "Sort", "Parent Relationship": "Outer", "Plan Width": 140, "Total Cost": 226962.76}, {"Startup Cost": 735.47, "Plans": [{"Startup Cost": 166.07, "Plans": [{"Startup Cost": 80.64, "Plans": [{"Startup Cost": 0.0, "Node Type": "Seq Scan", "Plan Rows": 1160, "Relation Name": "table_34", "Alias": "table_34", "Parent Relationship": "Outer", "Plan Width": 40, "Total Cost": 21.6}], "Sort Key": ["table_34.col_2"], "Plan Rows": 1160, "Node Type": "Sort", "Parent Relationship": "Outer", "Plan Width": 40, "Total Cost": 83.54}, {"Startup Cost": 85.43, "Plans": [{"Startup Cost": 0.0, "Node Type": "Seq Scan", "Plan Rows": 1230, "Relation Name": "table_30", "Alias": "table_30", "Parent Relationship": "Outer", "Plan Width": 36, "Total Cost": 22.3}], "Sort Key": ["table_30.col_1"], "Plan Rows": 1230, "Node Type": "Sort", "Parent Relationship": "Inner", "Plan Width": 36, "Total Cost": 88.5}], "Node Type": "Merge Join", "Plan Rows": 7134, "Join Type": "Left", "Parent Relationship": "Outer", "Plan Width": 76, "Merge Cond": "(table_34.col_2 = table_30.col_1)", "Total Cost": 278.88}], "Sort Key": ["table_34.col_2", "table_34.col_0"], "Plan Rows": 7134, "Node Type": "Sort", "Parent Relationship": "Inner", "Plan Width": 76, "Total Cost": 753.31}], "Node Type": "Merge Join", "Plan Rows": 125558, "Join Type": "Inner", "Parent Relationship": "Outer", "Plan Width": 216, "Merge Cond": "((table_47.col_2 = table_34.col_2) AND (table_4.col_1 = table_34.col_0))", "Total Cost": 233415.5}, {"Startup Cost": 23.95, "Plans": [{"Startup Cost": 23.95, "Plans": [{"Startup Cost": 0.0, "Node Type": "Seq Scan", "Plan Rows": 1230, "Relation Name": "table_54", "Alias": "table_54", "Parent Relationship": "Outer", "Plan Width": 36, "Total Cost": 22.3}, {"Startup Cost": 16.2, "Plans": [{"Startup Cost": 0.0, "Node Type": "Seq Scan", "Plan Rows": 620, "Relation Name": "table_10", "Alias": "table_10", "Parent Relationship": "Outer", "Plan Width": 100, "Total Cost": 16.2}], "Plan Rows": 620, "Node Type": "Hash", "Parent Relationship": "Inner", "Plan Width": 100, "Total Cost": 16.2}], "Node Type": "Hash Join", "Plan Rows": 3813, "Join Type": "Inner", "Hash Cond": "(table_54.col_1 = table_10.col_1)", "Parent Relationship": "Outer", "Plan Width": 136, "Total Cost": 182.78}], "Plan Rows": 3813, "Node Type": "Materialize", "Parent Relationship": "Inner", "Plan Width": 136, "Total Cost": 201.84}], "Node Type": "Nested Loop", "Plan Rows": 2393763, "Join Type": "Inner", "Parent Relationship": "Outer", "Plan Width": 352, "Join Filter": "(table_10.col_2 = table_47.col_3)", "Total Cost": 7414897.62}, {"Startup Cost": 149.78, "Plans": [{"Startup Cost": 0.0, "Node Type": "Seq Scan", "Plan Rows": 2140, "Relation Name": "table_1", "Alias": "table_1", "Parent Relationship": "Outer", "Plan Width": 8, "Total Cost": 31.4}], "Sort Key": ["table_1.col_0"], "Plan Rows": 2140, "Node Type": "Sort", "Parent Relationship": "Inner", "Plan Width": 8, "Total Cost": 155.13}], "Node Type": "Merge Join", "Plan Rows": 25613264, "Join Type": "Inner", "Parent Relationship": "Outer", "Plan Width": 360, "Merge Cond": "(table_47.col_2 = table_1.col_0)", "Total Cost": 7805230.77}, {"Startup Cost": 0.0, "Plans": [{"Startup Cost": 0.0, "Node Type": "Seq Scan", "Plan Rows": 1230, "Relation Name": "table_31", "Alias": "table_31", "Parent Relationship": "Outer", "Plan Width": 36, "Total Cost": 22.3}, {"Startup Cost": 0.0, "Plans": [{"Startup Cost": 0.0, "Node Type": "Seq Scan", "Plan Rows": 620, "Relation Name": "table_12", "Alias": "table_12", "Parent Relationship": "Outer", "Plan Width": 100, "Total Cost": 16.2}], "Plan Rows": 620, "Node Type": "Materialize", "Parent Relationship": "Inner", "Plan Width": 100, "Total Cost": 19.3}], "Node Type": "Nested Loop", "Plan Rows": 762600, "Join Type": "Inner", "Parent Relationship": "Inner", "Plan Width": 136, "Total Cost": 9572.55}], "Node Type": "Nested Loop", "Plan Rows": 19532675126400, "Join Type": "Inner", "Parent Relationship": "Outer", "Plan Width": 496, "Total Cost": 440518806797.97}], "Sort Key": ["table_31.col_1"], "Plan Rows": 19532675126400, "Node Type": "Sort", "Parent Relationship": "Outer", "Plan Width": 496, "Total Cost": 61215233618227.62}], "Plan Rows": 19532675126400, "Node Type": "Materialize", "Parent Relationship": "Inner", "Plan Width": 496, "Total Cost": 61264065306043.62}], "Node Type": "Merge Join", "Plan Rows": 6858898870635360, "Join Type": "Inner", "Parent Relationship": "Outer", "Plan Width": 760, "Merge Cond": "(table_26.col_1 = table_31.col_1)", "Total Cost": 164098716679655.2}], "Sort Key": ["table_26.col_2", "table_34.col_2", "table_34.col_0", "table_44.col_0", "table_10.col_3"], "Plan Rows": 6858898870635360, "Node Type": "Sort", "Parent Relationship": "Outer", "Plan Width": 760, "Total Cost": 3.874478407904763e+16}, {"Startup Cost": 4.361957093480521e+18, "Plans": [{"Startup Cost": 4.361957093480521e+18, "Plans": [{"Startup Cost": 146.05, "Plans": [{"Startup Cost": 118.05, "Plans": [{"Startup Cost": 96.58, "Plans": [{"Startup Cost": 96.58, "Plans": [{"Startup Cost": 96.58, "Plans": [{"Startup Cost": 96.58, "Plans": [{"Startup Cost": 38.04, "Plans": [{"Startup Cost": 0.0, "Node Type": "Seq Scan", "Plan Rows": 510, "Relation Name": "table_42", "Alias": "table_42", "Parent Relationship": "Outer", "Plan Width": 128, "Total Cost": 15.1}], "Sort Key": ["table_42.col_1"], "Plan Rows": 510, "Node Type": "Sort", "Parent Relationship": "Outer", "Plan Width": 128, "Total Cost": 39.31}, {"Startup Cost": 58.54, "Plans": [{"Startup Cost": 0.0, "Node Type": "Seq Scan", "Plan Rows": 830, "Relation Name": "table_41", "Alias": "table_41", "Parent Relationship": "Outer", "Plan Width": 68, "Total Cost": 18.3}], "Sort Key": ["table_41.col_0"], "Plan Rows": 830, "Node Type": "Sort", "Parent Relationship": "Inner", "Plan Width": 68, "Total Cost": 60.62}], "Node Type": "Merge Join", "Plan Rows": 2116, "Join Type": "Inner", "Parent Relationship": "Outer", "Plan Width": 196, "Merge Cond": "(table_42.col_1 = table_41.col_0)", "Total Cost": 130.87}, {"Startup Cost": 0.0, "Plans": [{"Startup Cost": 0.0, "Node Type": "Seq Scan", "Plan Rows": 640, "Relation Name": "table_39", "Alias": "table_39", "Parent Relationship": "Outer", "Plan Width": 96, "Total Cost": 16.4}], "Plan Rows": 640, "Node Type": "Materialize", "Parent Relationship": "Inner", "Plan Width": 96, "Total Cost": 19.6}], "Node Type": "Nested Loop", "Plan Rows": 6771, "Join Type": "Inner", "Parent Relationship": "Outer", "Plan Width": 292, "Join Filter": "(table_42.col_0 = table_39.col_0)", "Total Cost": 20462.47}, {"Startup Cost": 0.0, "Plans": [{"Startup Cost": 0.0, "Node Type": "Seq Scan", "Plan Rows": 1100, "Relation Name": "table_56", "Alias": "table_56", "Parent Relationship": "Outer", "Plan Width": 44, "Total Cost": 21.0}], "Plan Rows": 1100, "Node Type": "Materialize", "Parent Relationship": "Inner", "Plan Width": 44, "Total Cost": 26.5}], "Node Type": "Nested Loop", "Plan Rows": 37240, "Join Type": "Inner", "Parent Relationship": "Outer", "Plan Width": 336, "Join Filter": "(table_56.col_0 = table_42.col_0)", "Total Cost": 132207.72}, {"Startup Cost": 0.0, "Plans": [{"Startup Cost": 0.0, "Plans": [{"Startup Cost": 0.0, "Node Type": "Seq Scan", "Plan Rows": 860, "Relation Name": "table_40", "Alias": "table_40", "Parent Relationship": "Outer", "Plan Width": 64, "Total Cost": 18.6}, {"Startup Cost": 0.0, "Plans": [{"Startup Cost": 0.0, "Node Type": "Seq Scan", "Plan Rows": 800, "Relation Name": "table_61", "Alias": "table_61", "Parent Relationship": "Outer", "Plan Width": 72, "Total Cost": 18.0}], "Plan Rows": 800, "Node Type": "Materialize", "Parent Relationship": "Inner", "Plan Width": 72, "Total Cost": 22.0}], "Node Type": "Nested Loop", "Plan Rows": 688000, "Join Type": "Inner", "Parent Relationship": "Outer", "Plan Width": 136, "Total Cost": 8638.6}, {"Startup Cost": 0.0, "Plans": [{"Startup Cost": 0.0, "Node Type": "Seq Scan", "Plan Rows": 2140, "Relation Name": "table_37", "Alias": "table_37", "Parent Relationship": "Outer", "Plan Width": 8, "Total Cost": 31.4}], "Plan Rows": 2140, "Node Type": "Materialize", "Parent Relationship": "Inner", "Plan Width": 8, "Total Cost": 42.1}], "Node Type": "Nested Loop", "Plan Rows": 1472320000, "Join Type": "Inner", "Parent Relationship": "Inner", "Plan Width": 144, "Total Cost": 18412675.35}], "Node Type": "Nested Loop", "Plan Rows": 54829196800000, "Join Type": "Inner", "Parent Relationship": "Outer", "Plan Width": 480, "Total Cost": 1233980130241.72}, {"Startup Cost": 21.48, "Plans": [{"Startup Cost": 21.48, "Plans": [{"Startup Cost": 0.0, "Node Type": "Seq Scan", "Plan Rows": 1230, "Relation Name": "table_8", "Alias": "table_8", "Parent Relationship": "Outer", "Plan Width": 36, "Total Cost": 22.3}, {"Startup Cost": 15.1, "Plans": [{"Startup Cost": 0.0, "Node Type": "Seq Scan", "Plan Rows": 510, "Relation Name": "table_23", "Alias": "table_23", "Parent Relationship": "Outer", "Plan Width": 128, "Total Cost": 15.1}], "Plan Rows": 510, "Node Type": "Hash", "Parent Relationship": "Inner", "Plan Width": 128, "Total Cost": 15.1}], "Node Type": "Hash Join", "Plan Rows": 3136, "Join Type": "Right", "Hash Cond": "(table_8.col_0 = table_23.col_0)", "Parent Relationship": "Outer", "Plan Width": 164, "Total Cost": 156.62}], "Plan Rows": 3136, "Node Type": "Materialize", "Parent Relationship": "Inner", "Plan Width": 164, "Total Cost": 172.3}], "Node Type": "Nested Loop", "Plan Rows": 171944361164800000, "Join Type": "Inner", "Parent Relationship": "Outer", "Plan Width": 644, "Total Cost": 2150538494690406.2}, {"Startup Cost": 18.0, "Plans": [{"Startup Cost": 0.0, "Node Type": "Seq Scan", "Plan Rows": 800, "Relation Name": "table_51", "Alias": "table_51", "Parent Relationship": "Outer", "Plan Width": 72, "Total Cost": 18.0}], "Plan Rows": 800, "Node Type": "Hash", "Parent Relationship": "Inner", "Plan Width": 72, "Total Cost": 18.0}], "Node Type": "Hash Join", "Plan Rows": 687777444659200000, "Join Type": "Left", "Hash Cond": "(table_42.col_3 = table_51.col_1)", "Parent Relationship": "Outer", "Plan Width": 716, "Total Cost": 2.6652609960674436e+16}], "Sort Key": ["table_56.col_0", "table_41.col_1", "table_40.col_1", "table_23.col_0", "table_61.col_1"], "Plan Rows": 687777444659200000, "Node Type": "Sort", "Parent Relationship": "Outer", "Plan Width": 716, "Total Cost": 4.363676537092169e+18}], "Plan Rows": 687777444659200000, "Node Type": "Materialize", "Parent Relationship": "Inner", "Plan Width": 716, "Total Cost": 4.365395980703817e+18}], "Node Type": "Merge Join", "Plan Rows": 14741862307567067201536, "Join Type": "Inner", "Parent Relationship": "Outer", "Plan Width": 1476, "Merge Cond": "((table_26.col_2 = table_42.col_0) AND (table_47.col_2 = table_41.col_1) AND (table_34.col_0 = table_40.col_1) AND (table_44.col_0 = table_23.col_0) AND (table_10.col_3 = table_61.col_1))", "Total Cost": 3.729490647465838e+20}], "Sort Key": ["table_56.col_0", "table_42.col_1", "table_41.col_1", "table_12.col_1", "table_37.col_1"], "Plan Rows": 14741862307567067201536, "Node Type": "Sort", "Parent Relationship": "Outer", "Plan Width": 1476, "Total Cost": 2.4202804537824826e+23}, {"Startup Cost": 807897466.61, "Plans": [{"Startup Cost": 807897466.61, "Plans": [{"Startup Cost": 0.0, "Plans": [{"Startup Cost": 0.0, "Plans": [{"Startup Cost": 0.0, "Node Type": "Seq Scan", "Plan Rows": 800, "Relation Name": "table_58", "Alias": "table_58", "Parent Relationship": "Outer", "Plan Width": 72, "Total Cost": 18.0}, {"Startup Cost": 0.0, "Plans": [{"Startup Cost": 0.0, "Node Type": "Seq Scan", "Plan Rows": 800, "Relation Name": "table_17", "Alias": "table_17", "Parent Relationship": "Outer", "Plan Width": 72, "Total Cost": 18.0}], "Plan Rows": 800, "Node Type": "Materialize", "Parent Relationship": "Inner", "Plan Width": 72, "Total Cost": 22.0}], "Node Type": "Nested Loop", "Plan Rows": 640000, "Join Type": "Inner", "Parent Relationship": "Outer", "Plan Width": 144, "Total Cost": 8038.0}, {"Startup Cost": 0.0, "Plans": [{"Startup Cost": 0.0, "Node Type": "Seq Scan", "Plan Rows": 1770, "Relation Name": "table_64", "Alias": "table_64", "Parent Relationship": "Outer", "Plan Width": 16, "Total Cost": 27.7}], "Plan Rows": 1770, "Node Type": "Materialize", "Parent Relationship": "Inner", "Plan Width": 16, "Total Cost": 36.55}], "Node Type": "Nested Loop", "Plan Rows": 1132800000, "Join Type": "Inner", "Parent Relationship": "Outer", "Plan Width": 160, "Total Cost": 14168070.12}], "Sort Key": ["table_58.col_3", "table_17.col_2", "table_64.col_2", "table_17.col_1", "table_17.col_3"], "Plan Rows": 1132800000, "Node Type": "Sort", "Parent Relationship": "Outer", "Plan Width": 160, "Total Cost": 810729466.61}], "Plan Rows": 1132800000, "Node Type": "Materialize", "Parent Relationship": "Inner", "Plan Width": 160, "Total Cost": 813561466.61}], "Node Type": "Merge Join", "Plan Rows": 52186192568787427328, "Join Type": "Inner", "Parent Relationship": "Outer", "Plan Width": 1636, "Merge Cond": "((table_42.col_0 = table_58.col_3) AND (table_42.col_1 = table_17.col_2) AND (table_41.col_1 = table_64.col_2) AND (table_12.col_1 = table_17.col_1) AND (table_37.col_1 = table_17.col_3))", "Total Cost": 2.4221362331190786e+23}], "Plan Rows": 52186192568787427328, "Node Type": "Materialize", "Parent Relationship": "Inner", "Plan Width": 1636, "Total Cost": 2.422137537773893e+23}], "Node Type": "Merge Join", "Plan Rows": 898646236034519531520, "Join Type": "Inner", "Parent Relationship": "Outer", "Plan Width": 1772, "Merge Cond": "(table_21.col_2 = table_42.col_0)", "Total Cost": 2.422271030054484e+23}], "Sort Key": ["table_64.col_0", "table_23.col_2"], "Plan Rows": 898646236034519531520, "Node Type": "Sort", "Parent Relationship": "Outer", "Plan Width": 1772, "Total Cost": 2.5840202821410305e+23}], "Plan Rows": 898646236034519531520, "Node Type": "Materialize", "Parent Relationship": "Inner", "Plan Width": 1772, "Total Cost": 2.5840427482969313e+23}], "Node Type": "Merge Join", "Plan Rows": 11143213326828042190848, "Join Type": "Inner", "Parent Relationship": "Outer", "Plan Width": 1944, "Merge Cond": "((table_16.col_1 = table_64.col_0) AND (table_49.col_2 = table_23.col_2))", "Total Cost": 2.5859703444732252e+23}, {"Startup Cost": 22.3, "Plans": [{"Startup Cost": 0.0, "Node Type": "Seq Scan", "Plan Rows": 1230, "Relation Name": "table_3", "Alias": "table_3", "Parent Relationship": "Outer", "Plan Width": 36, "Total Cost": 22.3}], "Plan Rows": 1230, "Node Type": "Hash", "Parent Relationship": "Inner", "Plan Width": 36, "Total Cost": 22.3}], "Node Type": "Hash Join", "Plan Rows": 68530761959992457166848, "Join Type": "Left", "Hash Cond": "(table_1.col_1 = table_3.col_0)", "Parent Relationship": "Outer", "Plan Width": 1980, "Total Cost": 2.6102346914923933e+23}, {"Startup Cost": 18.0, "Plans": [{"Startup Cost": 0.0, "Node Type": "Seq Scan", "Plan Rows": 800, "Relation Name": "table_48", "Alias": "table_48", "Parent Relationship": "Outer", "Plan Width": 72, "Total Cost": 18.0}], "Plan Rows": 800, "Node Type": "Hash", "Parent Relationship": "Inner", "Plan Width": 72, "Total Cost": 18.0}], "Node Type": "Hash Join", "Plan Rows": 274123047839969828667392, "Join Type": "Left", "Hash Cond": "(table_21.col_0 = table_48.col_2)", "Parent Relationship": "Outer", "Plan Width": 2052, "Total Cost": 2.7078910272853824e+23}, {"Startup Cost": 21.0, "Plans": [{"Startup Cost": 0.0, "Node Type": "Seq Scan", "Plan Rows": 1100, "Relation Name": "table_24", "Alias": "table_24", "Parent Relationship": "Outer", "Plan Width": 44, "Total Cost": 21.0}], "Plan Rows": 1100, "Node Type": "Hash", "Parent Relationship": "Inner", "Plan Width": 44, "Total Cost": 21.0}], "Node Type": "Hash Join", "Plan Rows": 1507676763119834024116224, "Join Type": "Inner", "Hash Cond": "(table_56.col_1 = table_24.col_1)", "Parent Relationship": "Outer", "Plan Width": 2096, "Total Cost": 3.2424309705733235e+23}, {"Startup Cost": 31.4, "Plans": [{"Startup Cost": 0.0, "Node Type": "Seq Scan", "Plan Rows": 2140, "Relation Name": "table_20", "Alias": "table_20", "Parent Relationship": "Outer", "Plan Width": 8, "Total Cost": 31.4}], "Plan Rows": 2140, "Node Type": "Hash", "Parent Relationship": "Inner", "Plan Width": 8, "Total Cost": 31.4}], "Node Type": "Hash Join", "Plan Rows": 16132141365382224245948416, "Join Type": "Left", "Hash Cond": "(table_21.col_1 = table_20.col_1)", "Parent Relationship": "Outer", "Plan Width": 2104, "Total Cost": 8.926372367535099e+23}, {"Startup Cost": 18.0, "Plans": [{"Startup Cost": 0.0, "Node Type": "Seq Scan", "Plan Rows": 800, "Relation Name": "table_62", "Alias": "table_62", "Parent Relationship": "Outer", "Plan Width": 72, "Total Cost": 18.0}], "Plan Rows": 800, "Node Type": "Hash", "Parent Relationship": "Inner", "Plan Width": 72, "Total Cost": 18.0}], "Node Type": "Hash Join", "Plan Rows": 64528565461528896983793664, "Join Type": "Left", "Hash Cond": "(table_20.col_0 = table_62.col_2)", "Parent Relationship": "Outer", "Plan Width": 2176, "Total Cost": 3.1914673813204767e+24}], "Sort Key": ["table_40.col_1"], "Plan Rows": 64528565461528896983793664, "Node Type": "Sort", "Parent Relationship": "Outer", "Plan Width": 2176, "Total Cost": 1.8506077016937945e+27}], "Plan Rows": 64528565461528896983793664, "Node Type": "Materialize", "Parent Relationship": "Inner", "Plan Width": 2176, "Total Cost": 1.8507690231074484e+27}], "Node Type": "Merge Join", "Plan Rows": 8612756689281185655377367138304, "Join Type": "Inner", "Parent Relationship": "Outer", "Plan Width": 2396, "Merge Cond": "(table_15.col_1 = table_34.col_0)", "Total Cost": 1.3104195804091158e+29}, {"Startup Cost": 21.6, "Plans": [{"Startup Cost": 0.0, "Node Type": "Seq Scan", "Plan Rows": 1160, "Relation Name": "table_22", "Alias": "table_22", "Parent Relationship": "Outer", "Plan Width": 40, "Total Cost": 21.6}], "Plan Rows": 1160, "Node Type": "Hash", "Parent Relationship": "Inner", "Plan Width": 40, "Total Cost": 21.6}], "Node Type": "Hash Join", "Plan Rows": 49953988797830873648668990242816, "Join Type": "Left", "Hash Cond": "(table_34.col_1 = table_22.col_0)", "Parent Relationship": "Outer", "Plan Width": 2436, "Total Cost": 1.900963457688195e+30}, {"Startup Cost": 21.0, "Plans": [{"Startup Cost": 0.0, "Node Type": "Seq Scan", "Plan Rows": 1100, "Relation Name": "table_60", "Alias": "table_60", "Parent Relationship": "Outer", "Plan Width": 44, "Total Cost": 21.0}], "Plan Rows": 1100, "Node Type": "Hash", "Parent Relationship": "Inner", "Plan Width": 44, "Total Cost": 21.0}], "Node Type": "Hash Join", "Plan Rows": 274746938388069814074878701076480, "Join Type": "Left", "Hash Cond": "(table_9.col_2 = table_60.col_1)", "Parent Relationship": "Outer", "Plan Width": 2480, "Total Cost": 1.1641991273265218e+31}], "Sort Key": ["table_25.col_0", "table_17.col_2", "table_58.col_0"], "Plan Rows": 274746938388069814074878701076480, "Node Type": "Sort", "Parent Relationship": "Outer", "Plan Width": 2480, "Total Cost": 1.1329737528798183e+34}], "Plan Rows": 274746938388069814074878701076480, "Node Type": "Materialize", "Parent Relationship": "Inner", "Plan Width": 2480, "Total Cost": 1.1330424396144153e+34}], "Node Type": "Merge Join", "Plan Rows": 802369369512430053414383762936552226816, "Join Type": "Inner", "Parent Relationship": "Outer", "Plan Width": 2924, "Merge Cond": "((table_46.col_1 = table_25.col_0) AND (table_0.col_1 = table_42.col_1) AND (table_27.col_0 = table_58.col_0))", "Total Cost": 1.60587171277774e+37}], "Plan Rows": 802369369512430053414383762936552226816, "Node Type": "Materialize", "Parent Relationship": "Inner", "Plan Width": 2924, "Total Cost": 1.8064640551558474e+37}], "Node Type": "Merge Join", "Plan Rows": 1117035030528354135124471808406925706870652928, "Join Type": "Inner", "Parent Relationship": "Outer", "Plan Width": 3140, "Merge Cond": "(table_2.col_0 = table_46.col_1)", "Total Cost": 1.6755541516642438e+43}], "Plan Rows": 1117035030528354135124471808406925706870652928, "Node Type": "Materialize", "Parent Relationship": "Inner", "Plan Width": 3140, "Total Cost": 1.9548129092963324e+43}], "Node Type": "Merge Join", "Plan Rows": 6869765437749378311310681690171413546265477120, "Join Type": "Inner", "Parent Relationship": "Outer", "Plan Width": 3176, "Merge Cond": "(table_7.col_1 = table_46.col_1)", "Total Cost": 1.198020230828831e+44}, {"Startup Cost": 21.6, "Plans": [{"Startup Cost": 0.0, "Node Type": "Seq Scan", "Plan Rows": 1160, "Relation Name": "table_50", "Alias": "table_50", "Parent Relationship": "Outer", "Plan Width": 40, "Total Cost": 21.6}], "Plan Rows": 1160, "Node Type": "Hash", "Parent Relationship": "Inner", "Plan Width": 40, "Total Cost": 21.6}], "Plan Rows": 39844639538946395473252554031223600065042972672, "Node Type": "Hash Join", "Join Type": "Right", "Hash Cond": "(table_61.col_0 = table_50.col_2)", "Plan Width": 3216, "Total Cost": 1.5315388205403804e+45}}]