[{"Plan": {"Startup Cost": 1.7681965146842184e+36, "Plans": [{"Startup Cost": 1.7681965146842184e+36, "Plans": [{"Startup Cost": 85.43, "Plans": [{"Startup Cost": 0.0, "Node Type": "Seq Scan", "Plan Rows": 1230, "Relation Name": "table_7", "Alias": "table_7", "Parent Relationship": "Outer", "Plan Width": 36, "Total Cost": 22.3}], "Sort Key": ["table_7.col_1"], "Plan Rows": 1230, "Node Type": "Sort", "Parent Relationship": "Outer", "Plan Width": 36, "Total Cost": 88.5}, {"Startup Cost": 1.7681965146842184e+36, "Plans": [{"Startup Cost": 1.7681965146842184e+36, "Plans": [{"Startup Cost": 91767983.35, "Plans": [{"Startup Cost": 614.18, "Plans": [{"Startup Cost": 614.18, "Plans": [{"Startup Cost": 578.08, "Plans": [{"Startup Cost": 56.58, "Plans": [{"Startup Cost": 0.0, "Node Type": "Seq Scan", "Plan Rows": 800, "Relation Name": "table_61", "Alias": "table_61_1", "Parent Relationship": "Outer", "Plan Width": 72, "Total Cost": 18.0}], "Sort Key": ["table_61_1.col_1"], "Plan Rows": 800, "Node Type": "Sort", "Parent Relationship": "Outer", "Plan Width": 72, "Total Cost": 58.58}, {"Startup Cost": 521.51, "Plans": [{"Startup Cost": 142.0, "Plans": [{"Startup Cost": 56.58, "Plans": [{"Startup Cost": 0.0, "Node Type": "Seq Scan", "Plan Rows": 800, "Relation Name": "table_51", "Alias": "table_51_1", "Parent Relationship": "Outer", "Plan Width": 72, "Total Cost": 18.0}], "Sort Key": ["table_51_1.col_2"], "Plan Rows": 800, "Node Type": "Sort", "Parent Relationship": "Outer", "Plan Width": 72, "Total Cost": 58.58}, {"Startup Cost": 85.43, "Plans": [{"Startup Cost": 0.0, "Node Type": "Seq Scan", "Plan Rows": 1230, "Relation Name": "table_0", "Alias": "table_0_2", "Parent Relationship": "Outer", "Plan Width": 36, "Total Cost": 22.3}], "Sort Key": ["table_0_2.col_0"], "Plan Rows": 1230, "Node Type": "Sort", "Parent Relationship": "Inner", "Plan Width": 36, "Total Cost": 88.5}], "Node Type": "Merge Join", "Plan Rows": 4920, "Join Type": "Inner", "Parent Relationship": "Outer", "Plan Width": 108, "Merge Cond": "(table_51_1.col_2 = table_0_2.col_0)", "Total Cost": 219.8}], "Sort Key": ["table_0_2.col_1"], "Plan Rows": 4920, "Node Type": "Sort", "Parent Relationship": "Inner", "Plan Width": 108, "Total Cost": 533.81}], "Node Type": "Merge Join", "Plan Rows": 19680, "Join Type": "Left", "Parent Relationship": "Outer", "Plan Width": 180, "Merge Cond": "(table_61_1.col_1 = table_0_2.col_1)", "Total Cost": 877.28}, {"Startup Cost": 21.6, "Plans": [{"Startup Cost": 0.0, "Node Type": "Seq Scan", "Plan Rows": 1160, "Relation Name": "table_53", "Alias": "table_53", "Parent Relationship": "Outer", "Plan Width": 40, "Total Cost": 21.6}], "Plan Rows": 1160, "Node Type": "Hash", "Parent Relationship": "Inner", "Plan Width": 40, "Total Cost": 21.6}], "Node Type": "Hash Join", "Plan Rows": 114144, "Join Type": "Left", "Hash Cond": "(table_0_2.col_0 = table_53.col_0)", "Parent Relationship": "Outer", "Plan Width": 220, "Total Cost": 4957.62}, {"Startup Cost": 0.0, "Plans": [{"Startup Cost": 0.0, "Node Type": "Seq Scan", "Plan Rows": 860, "Relation Name": "table_2", "Alias": "table_2", "Parent Relationship": "Outer", "Plan Width": 64, "Total Cost": 18.6}], "Plan Rows": 860, "Node Type": "Materialize", "Parent Relationship": "Inner", "Plan Width": 64, "Total Cost": 22.9}], "Node Type": "Nested Loop", "Plan Rows": 98163840, "Join Type": "Inner", "Parent Relationship": "Outer", "Plan Width": 284, "Total Cost": 1232026.37}], "Sort Key": ["table_2.col_0"], "Plan Rows": 98163840, "Node Type": "Sort", "Parent Relationship": "Outer", "Plan Width": 284, "Total Cost": 92013392.95}, {"Startup Cost": 1.7681965146842184e+36, "Plans": [{"Startup Cost": 1.7681965146842184e+36, "Plans": [{"Startup Cost": 7601750652.86, "Plans": [{"Startup Cost": 273.68, "Plans": [{"Startup Cost": 236.0, "Plans": [{"Startup Cost": 28.0, "Plans": [{"Startup Cost": 28.0, "Plans": [{"Startup Cost": 28.0, "Plans": [{"Startup Cost": 0.0, "Node Type": "Seq Scan", "Plan Rows": 860, "Relation Name": "table_25", "Alias": "table_25", "Parent Relationship": "Outer", "Plan Width": 64, "Total Cost": 18.6}, {"Startup Cost": 18.0, "Plans": [{"Startup Cost": 0.0, "Node Type": "Seq Scan", "Plan Rows": 800, "Relation Name": "table_28", "Alias": "table_28", "Parent Relationship": "Outer", "Plan Width": 72, "Total Cost": 18.0}], "Plan Rows": 800, "Node Type": "Hash", "Parent Relationship": "Inner", "Plan Width": 72, "Total Cost": 18.0}], "Node Type": "Hash Join", "Plan Rows": 3440, "Join Type": "Left", "Hash Cond": "(table_25.col_0 = table_28.col_0)", "Parent Relationship": "Outer", "Plan Width": 136, "Total Cost": 169.15}, {"Startup Cost": 0.0, "Plans": [{"Startup Cost": 0.0, "Node Type": "Seq Scan", "Plan Rows": 620, "Relation Name": "table_12", "Alias": "table_12", "Parent Relationship": "Outer", "Plan Width": 100, "Total Cost": 16.2}], "Plan Rows": 620, "Node Type": "Materialize", "Parent Relationship": "Inner", "Plan Width": 100, "Total Cost": 19.3}], "Node Type": "Nested Loop", "Plan Rows": 2132800, "Join Type": "Inner", "Parent Relationship": "Outer", "Plan Width": 236, "Total Cost": 26846.9}, {"Startup Cost": 0.0, "Plans": [{"Startup Cost": 0.0, "Node Type": "Seq Scan", "Plan Rows": 2140, "Relation Name": "table_37", "Alias": "table_37", "Parent Relationship": "Outer", "Plan Width": 8, "Total Cost": 31.4}], "Plan Rows": 2140, "Node Type": "Materialize", "Parent Relationship": "Inner", "Plan Width": 8, "Total Cost": 42.1}], "Node Type": "Nested Loop", "Plan Rows": 4564192000, "Join Type": "Inner", "Parent Relationship": "Outer", "Plan Width": 244, "Total Cost": 57079283.65}, {"Startup Cost": 160.0, "Plans": [{"Startup Cost": 28.0, "Plans": [{"Startup Cost": 0.0, "Node Type": "Seq Scan", "Plan Rows": 800, "Relation Name": "table_17", "Alias": "table_17", "Parent Relationship": "Outer", "Plan Width": 72, "Total Cost": 18.0}, {"Startup Cost": 18.0, "Plans": [{"Startup Cost": 0.0, "Node Type": "Seq Scan", "Plan Rows": 800, "Relation Name": "table_55", "Alias": "table_55", "Parent Relationship": "Outer", "Plan Width": 72, "Total Cost": 18.0}], "Plan Rows": 800, "Node Type": "Hash", "Parent Relationship": "Inner", "Plan Width": 72, "Total Cost": 18.0}], "Node Type": "Hash Join", "Plan Rows": 3200, "Join Type": "Inner", "Hash Cond": "(table_17.col_2 = table_55.col_3)", "Parent Relationship": "Outer", "Plan Width": 144, "Total Cost": 160.0}], "Plan Rows": 3200, "Node Type": "Hash", "Parent Relationship": "Inner", "Plan Width": 144, "Total Cost": 160.0}], "Node Type": "Hash Join", "Plan Rows": 365135360, "Join Type": "Inner", "Hash Cond": "((table_12.col_1 = table_17.col_1) AND (table_37.col_1 = table_17.col_3))", "Parent Relationship": "Outer", "Plan Width": 388, "Total Cost": 3734905405.25}, {"Startup Cost": 22.3, "Plans": [{"Startup Cost": 0.0, "Node Type": "Seq Scan", "Plan Rows": 1230, "Relation Name": "table_57", "Alias": "table_57", "Parent Relationship": "Outer", "Plan Width": 36, "Total Cost": 22.3}], "Plan Rows": 1230, "Node Type": "Hash", "Parent Relationship": "Inner", "Plan Width": 36, "Total Cost": 22.3}], "Node Type": "Hash Join", "Plan Rows": 2245582464, "Join Type": "Inner", "Hash Cond": "(table_17.col_2 = table_57.col_0)", "Parent Relationship": "Outer", "Plan Width": 424, "Total Cost": 3814413667.57}], "Sort Key": ["table_25.col_0", "table_17.col_2"], "Plan Rows": 2245582464, "Node Type": "Sort", "Parent Relationship": "Outer", "Plan Width": 424, "Total Cost": 7607364609.02}, {"Startup Cost": 1.7681965146842184e+36, "Plans": [{"Startup Cost": 1.7681965146842184e+36, "Plans": [{"Startup Cost": 1.9772248973271108e+31, "Plans": [{"Startup Cost": 1406275678648.57, "Plans": [{"Startup Cost": 407.21, "Plans": [{"Startup Cost": 369.54, "Plans": [{"Startup Cost": 311.39, "Plans": [{"Startup Cost": 311.39, "Plans": [{"Startup Cost": 311.39, "Plans": [{"Startup Cost": 289.91, "Plans": [{"Startup Cost": 85.43, "Plans": [{"Startup Cost": 0.0, "Node Type": "Seq Scan", "Plan Rows": 1230, "Relation Name": "table_31", "Alias": "table_31", "Parent Relationship": "Outer", "Plan Width": 36, "Total Cost": 22.3}], "Sort Key": ["table_31.col_1"], "Plan Rows": 1230, "Node Type": "Sort", "Parent Relationship": "Outer", "Plan Width": 36, "Total Cost": 88.5}, {"Startup Cost": 204.49, "Plans": [{"Startup Cost": 204.49, "Plans": [{"Startup Cost": 60.52, "Plans": [{"Startup Cost": 0.0, "Node Type": "Seq Scan", "Plan Rows": 860, "Relation Name": "table_44", "Alias": "table_44", "Parent Relationship": "Outer", "Plan Width": 64, "Total Cost": 18.6}], "Sort Key": ["table_44.col_1"], "Plan Rows": 860, "Node Type": "Sort", "Parent Relationship": "Outer", "Plan Width": 64, "Total Cost": 62.67}, {"Startup Cost": 143.97, "Plans": [{"Startup Cost": 143.97, "Plans": [{"Startup Cost": 58.54, "Plans": [{"Startup Cost": 0.0, "Node Type": "Seq Scan", "Plan Rows": 830, "Relation Name": "table_18", "Alias": "table_18", "Parent Relationship": "Outer", "Plan Width": 68, "Total Cost": 18.3}], "Sort Key": ["table_18.col_2"], "Plan Rows": 830, "Node Type": "Sort", "Parent Relationship": "Outer", "Plan Width": 68, "Total Cost": 60.62}, {"Startup Cost": 85.43, "Plans": [{"Startup Cost": 0.0, "Node Type": "Seq Scan", "Plan Rows": 1230, "Relation Name": "table_59", "Alias": "table_59", "Parent Relationship": "Outer", "Plan Width": 36, "Total Cost": 22.3}], "Sort Key": ["table_59.col_0"], "Plan Rows": 1230, "Node Type": "Sort", "Parent Relationship": "Inner", "Plan Width": 36, "Total Cost": 88.5}], "Node Type": "Merge Join", "Plan Rows": 5104, "Join Type": "Inner", "Parent Relationship": "Outer", "Plan Width": 104, "Merge Cond": "(table_18.col_2 = table_59.col_0)", "Total Cost": 224.68}], "Plan Rows": 5104, "Node Type": "Materialize", "Parent Relationship": "Inner", "Plan Width": 104, "Total Cost": 237.44}], "Node Type": "Merge Join", "Plan Rows": 21947, "Join Type": "Inner", "Parent Relationship": "Outer", "Plan Width": 168, "Merge Cond": "(table_44.col_1 = table_18.col_2)", "Total Cost": 618.7}], "Plan Rows": 21947, "Node Type": "Materialize", "Parent Relationship": "Inner", "Plan Width": 168, "Total Cost": 673.57}], "Node Type": "Merge Join", "Plan Rows": 134974, "Join Type": "Inner", "Parent Relationship": "Outer", "Plan Width": 204, "Merge Cond": "(table_31.col_1 = table_18.col_2)", "Total Cost": 2734.89}, {"Startup Cost": 21.48, "Plans": [{"Startup Cost": 21.48, "Plans": [{"Startup Cost": 0.0, "Node Type": "Seq Scan", "Plan Rows": 1230, "Relation Name": "table_8", "Alias": "table_8", "Parent Relationship": "Outer", "Plan Width": 36, "Total Cost": 22.3}, {"Startup Cost": 15.1, "Plans": [{"Startup Cost": 0.0, "Node Type": "Seq Scan", "Plan Rows": 510, "Relation Name": "table_23", "Alias": "table_23", "Parent Relationship": "Outer", "Plan Width": 128, "Total Cost": 15.1}], "Plan Rows": 510, "Node Type": "Hash", "Parent Relationship": "Inner", "Plan Width": 128, "Total Cost": 15.1}], "Node Type": "Hash Join", "Plan Rows": 3136, "Join Type": "Right", "Hash Cond": "(table_8.col_0 = table_23.col_0)", "Parent Relationship": "Outer", "Plan Width": 164, "Total Cost": 156.62}], "Plan Rows": 3136, "Node Type": "Materialize", "Parent Relationship": "Inner", "Plan Width": 164, "Total Cost": 172.3}], "Node Type": "Nested Loop", "Plan Rows": 2116392, "Join Type": "Inner", "Parent Relationship": "Outer", "Plan Width": 368, "Join Filter": "(table_23.col_0 = table_44.col_0)", "Total Cost": 6352076.31}, {"Startup Cost": 0.0, "Plans": [{"Startup Cost": 0.0, "Node Type": "Seq Scan", "Plan Rows": 620, "Relation Name": "table_49", "Alias": "table_49", "Parent Relationship": "Outer", "Plan Width": 100, "Total Cost": 16.2}], "Plan Rows": 620, "Node Type": "Materialize", "Parent Relationship": "Inner", "Plan Width": 100, "Total Cost": 19.3}], "Node Type": "Nested Loop", "Plan Rows": 6560815, "Join Type": "Inner", "Parent Relationship": "Outer", "Plan Width": 468, "Join Filter": "(table_23.col_2 = table_49.col_2)", "Total Cost": 26034539.66}, {"Startup Cost": 0.0, "Plans": [{"Startup Cost": 0.0, "Node Type": "Seq Scan", "Plan Rows": 1100, "Relation Name": "table_47", "Alias": "table_47", "Parent Relationship": "Outer", "Plan Width": 44, "Total Cost": 21.0}], "Plan Rows": 1100, "Node Type": "Materialize", "Parent Relationship": "Inner", "Plan Width": 44, "Total Cost": 26.5}], "Node Type": "Nested Loop", "Plan Rows": 7216896500, "Join Type": "Inner", "Parent Relationship": "Outer", "Plan Width": 512, "Total Cost": 116245769.66}, {"Startup Cost": 31.4, "Plans": [{"Startup Cost": 0.0, "Node Type": "Seq Scan", "Plan Rows": 2140, "Relation Name": "table_1", "Alias": "table_1", "Parent Relationship": "Outer", "Plan Width": 8, "Total Cost": 31.4}], "Plan Rows": 2140, "Node Type": "Hash", "Parent Relationship": "Inner", "Plan Width": 8, "Total Cost": 31.4}], "Node Type": "Hash Join", "Plan Rows": 77220792550, "Join Type": "Inner", "Hash Cond": "(table_47.col_2 = table_1.col_0)", "Parent Relationship": "Outer", "Plan Width": 520, "Total Cost": 2837015808.31}, {"Startup Cost": 22.3, "Plans": [{"Startup Cost": 0.0, "Node Type": "Seq Scan", "Plan Rows": 1230, "Relation Name": "table_3", "Alias": "table_3", "Parent Relationship": "Outer", "Plan Width": 36, "Total Cost": 22.3}], "Plan Rows": 1230, "Node Type": "Hash", "Parent Relationship": "Inner", "Plan Width": 36, "Total Cost": 22.3}], "Node Type": "Hash Join", "Plan Rows": 474907874182, "Join Type": "Left", "Hash Cond": "(table_1.col_1 = table_3.col_0)", "Parent Relationship": "Outer", "Plan Width": 556, "Total Cost": 19651843423.74}], "Sort Key": ["table_1.col_0", "table_31.col_1", "table_47.col_3"], "Plan Rows": 474907874182, "Node Type": "Sort", "Parent Relationship": "Outer", "Plan Width": 556, "Total Cost": 1407462948334.03}, {"Startup Cost": 1.9772248973271108e+31, "Plans": [{"Startup Cost": 1.9772248973271108e+31, "Plans": [{"Startup Cost": 9641.88, "Plans": [{"Startup Cost": 9613.88, "Plans": [{"Startup Cost": 9576.21, "Plans": [{"Startup Cost": 9541.46, "Plans": [{"Startup Cost": 9513.46, "Plans": [{"Startup Cost": 9478.71, "Plans": [{"Startup Cost": 9450.71, "Plans": [{"Startup Cost": 9415.96, "Plans": [{"Startup Cost": 9362.31, "Plans": [{"Startup Cost": 9304.16, "Plans": [{"Startup Cost": 9266.48, "Plans": [{"Startup Cost": 3057.55, "Plans": [{"Startup Cost": 3057.55, "Plans": [{"Startup Cost": 3000.97, "Plans": [{"Startup Cost": 46.23, "Plans": [{"Startup Cost": 0.0, "Node Type": "Seq Scan", "Plan Rows": 640, "Relation Name": "table_39", "Alias": "table_39", "Parent Relationship": "Outer", "Plan Width": 96, "Total Cost": 16.4}], "Sort Key": ["table_39.col_0"], "Plan Rows": 640, "Node Type": "Sort", "Parent Relationship": "Outer", "Plan Width": 96, "Total Cost": 47.83}, {"Startup Cost": 2954.74, "Plans": [{"Startup Cost": 2954.74, "Plans": [{"Startup Cost": 428.51, "Plans": [{"Startup Cost": 56.58, "Plans": [{"Startup Cost": 0.0, "Node Type": "Seq Scan", "Plan Rows": 800, "Relation Name": "table_48", "Alias": "table_48", "Parent Relationship": "Outer", "Plan Width": 72, "Total Cost": 18.0}], "Sort Key": ["table_48.col_2"], "Plan Rows": 800, "Node Type": "Sort", "Parent Relationship": "Outer", "Plan Width": 72, "Total Cost": 58.58}, {"Startup Cost": 371.94, "Plans": [{"Startup Cost": 28.68, "Plans": [{"Startup Cost": 0.0, "Node Type": "Seq Scan", "Plan Rows": 830, "Relation Name": "table_21", "Alias": "table_21", "Parent Relationship": "Outer", "Plan Width": 68, "Total Cost": 18.3}, {"Startup Cost": 18.3, "Plans": [{"Startup Cost": 0.0, "Node Type": "Seq Scan", "Plan Rows": 830, "Relation Name": "table_5", "Alias": "table_5", "Parent Relationship": "Outer", "Plan Width": 68, "Total Cost": 18.3}], "Plan Rows": 830, "Node Type": "Hash", "Parent Relationship": "Inner", "Plan Width": 68, "Total Cost": 18.3}], "Node Type": "Hash Join", "Plan Rows": 3444, "Join Type": "Left", "Hash Cond": "(table_21.col_2 = table_5.col_1)", "Parent Relationship": "Outer", "Plan Width": 136, "Total Cost": 169.6}], "Sort Key": ["table_21.col_0"], "Plan Rows": 3444, "Node Type": "Sort", "Parent Relationship": "Inner", "Plan Width": 136, "Total Cost": 380.55}], "Node Type": "Merge Join", "Plan Rows": 13776, "Join Type": "Right", "Parent Relationship": "Outer", "Plan Width": 208, "Merge Cond": "(table_48.col_2 = table_21.col_0)", "Total Cost": 639.15}], "Sort Key": ["table_21.col_2"], "Plan Rows": 13776, "Node Type": "Sort", "Parent Relationship": "Outer", "Plan Width": 208, "Total Cost": 2989.18}], "Plan Rows": 13776, "Node Type": "Materialize", "Parent Relationship": "Inner", "Plan Width": 208, "Total Cost": 3023.62}], "Node Type": "Merge Join", "Plan Rows": 44083, "Join Type": "Inner", "Parent Relationship": "Outer", "Plan Width": 304, "Merge Cond": "(table_39.col_0 = table_21.col_2)", "Total Cost": 3699.86}, {"Startup Cost": 56.58, "Plans": [{"Startup Cost": 0.0, "Node Type": "Seq Scan", "Plan Rows": 800, "Relation Name": "table_58", "Alias": "table_58", "Parent Relationship": "Outer", "Plan Width": 72, "Total Cost": 18.0}], "Sort Key": ["table_58.col_3"], "Plan Rows": 800, "Node Type": "Sort", "Parent Relationship": "Inner", "Plan Width": 72, "Total Cost": 58.58}], "Node Type": "Merge Join", "Plan Rows": 176332, "Join Type": "Inner", "Parent Relationship": "Outer", "Plan Width": 376, "Merge Cond": "(table_21.col_2 = table_58.col_3)", "Total Cost": 6511.62}, {"Startup Cost": 0.0, "Plans": [{"Startup Cost": 0.0, "Node Type": "Seq Scan", "Plan Rows": 2140, "Relation Name": "table_20", "Alias": "table_20", "Parent Relationship": "Outer", "Plan Width": 8, "Total Cost": 31.4}], "Plan Rows": 2140, "Node Type": "Materialize", "Parent Relationship": "Inner", "Plan Width": 8, "Total Cost": 42.1}], "Node Type": "Nested Loop", "Plan Rows": 1886752, "Join Type": "Left", "Parent Relationship": "Outer", "Plan Width": 384, "Join Filter": "(table_21.col_1 = table_20.col_1)", "Total Cost": 5666805.57}, {"Startup Cost": 6208.93, "Plans": [{"Startup Cost": 6208.93, "Plans": [{"Startup Cost": 6066.93, "Plans": [{"Startup Cost": 6066.93, "Plans": [{"Startup Cost": 6066.93, "Plans": [{"Startup Cost": 526.45, "Plans": [{"Startup Cost": 526.45, "Plans": [{"Startup Cost": 355.6, "Plans": [{"Startup Cost": 355.6, "Plans": [{"Startup Cost": 279.03, "Plans": [{"Startup Cost": 46.23, "Plans": [{"Startup Cost": 0.0, "Node Type": "Seq Scan", "Plan Rows": 640, "Relation Name": "table_26", "Alias": "table_26", "Parent Relationship": "Outer", "Plan Width": 96, "Total Cost": 16.4}], "Sort Key": ["table_26.col_2"], "Plan Rows": 640, "Node Type": "Sort", "Parent Relationship": "Outer", "Plan Width": 96, "Total Cost": 47.83}, {"Startup Cost": 232.8, "Plans": [{"Startup Cost": 21.48, "Plans": [{"Startup Cost": 0.0, "Node Type": "Seq Scan", "Plan Rows": 830, "Relation Name": "table_41", "Alias": "table_41", "Parent Relationship": "Outer", "Plan Width": 68, "Total Cost": 18.3}, {"Startup Cost": 15.1, "Plans": [{"Startup Cost": 0.0, "Node Type": "Seq Scan", "Plan Rows": 510, "Relation Name": "table_42", "Alias": "table_42", "Parent Relationship": "Outer", "Plan Width": 128, "Total Cost": 15.1}], "Plan Rows": 510, "Node Type": "Hash", "Parent Relationship": "Inner", "Plan Width": 128, "Total Cost": 15.1}], "Node Type": "Hash Join", "Plan Rows": 2116, "Join Type": "Inner", "Hash Cond": "(table_41.col_0 = table_42.col_1)", "Parent Relationship": "Outer", "Plan Width": 196, "Total Cost": 115.92}], "Sort Key": ["table_42.col_0"], "Plan Rows": 2116, "Node Type": "Sort", "Parent Relationship": "Inner", "Plan Width": 196, "Total Cost": 238.09}], "Node Type": "Merge Join", "Plan Rows": 6771, "Join Type": "Inner", "Parent Relationship": "Outer", "Plan Width": 292, "Merge Cond": "(table_26.col_2 = table_42.col_0)", "Total Cost": 383.8}, {"Startup Cost": 76.57, "Plans": [{"Startup Cost": 0.0, "Node Type": "Seq Scan", "Plan Rows": 1100, "Relation Name": "table_56", "Alias": "table_56", "Parent Relationship": "Outer", "Plan Width": 44, "Total Cost": 21.0}], "Sort Key": ["table_56.col_0"], "Plan Rows": 1100, "Node Type": "Sort", "Parent Relationship": "Inner", "Plan Width": 44, "Total Cost": 79.32}], "Node Type": "Merge Join", "Plan Rows": 37240, "Join Type": "Inner", "Parent Relationship": "Outer", "Plan Width": 336, "Merge Cond": "(table_42.col_0 = table_56.col_0)", "Total Cost": 1035.89}, {"Startup Cost": 0.0, "Plans": [{"Startup Cost": 0.0, "Node Type": "Seq Scan", "Plan Rows": 800, "Relation Name": "table_51", "Alias": "table_51", "Parent Relationship": "Outer", "Plan Width": 72, "Total Cost": 18.0}], "Plan Rows": 800, "Node Type": "Materialize", "Parent Relationship": "Inner", "Plan Width": 72, "Total Cost": 22.0}], "Node Type": "Nested Loop", "Plan Rows": 148960, "Join Type": "Left", "Parent Relationship": "Outer", "Plan Width": 408, "Join Filter": "(table_42.col_3 = table_51.col_1)", "Total Cost": 447935.89}, {"Startup Cost": 170.85, "Plans": [{"Startup Cost": 170.85, "Plans": [{"Startup Cost": 85.43, "Plans": [{"Startup Cost": 0.0, "Node Type": "Seq Scan", "Plan Rows": 1230, "Relation Name": "table_46", "Alias": "table_46", "Parent Relationship": "Outer", "Plan Width": 36, "Total Cost": 22.3}], "Sort Key": ["table_46.col_0"], "Plan Rows": 1230, "Node Type": "Sort", "Parent Relationship": "Outer", "Plan Width": 36, "Total Cost": 88.5}, {"Startup Cost": 85.43, "Plans": [{"Startup Cost": 0.0, "Node Type": "Seq Scan", "Plan Rows": 1230, "Relation Name": "table_0", "Alias": "table_0", "Parent Relationship": "Outer", "Plan Width": 36, "Total Cost": 22.3}], "Sort Key": ["table_0.col_0"], "Plan Rows": 1230, "Node Type": "Sort", "Parent Relationship": "Inner", "Plan Width": 36, "Total Cost": 88.5}], "Node Type": "Merge Join", "Plan Rows": 7564, "Join Type": "Inner", "Parent Relationship": "Outer", "Plan Width": 72, "Merge Cond": "(table_46.col_0 = table_0.col_0)", "Total Cost": 290.46}], "Plan Rows": 7564, "Node Type": "Materialize", "Parent Relationship": "Inner", "Plan Width": 72, "Total Cost": 328.28}], "Node Type": "Nested Loop", "Plan Rows": 5633667, "Join Type": "Inner", "Parent Relationship": "Outer", "Plan Width": 480, "Join Filter": "(table_42.col_1 = table_0.col_1)", "Total Cost": 17349246.86}, {"Startup Cost": 0.0, "Plans": [{"Startup Cost": 0.0, "Node Type": "Seq Scan", "Plan Rows": 640, "Relation Name": "table_4", "Alias": "table_4", "Parent Relationship": "Outer", "Plan Width": 96, "Total Cost": 16.4}], "Plan Rows": 640, "Node Type": "Materialize", "Parent Relationship": "Inner", "Plan Width": 96, "Total Cost": 19.6}], "Node Type": "Nested Loop", "Plan Rows": 3605546880, "Join Type": "Inner", "Parent Relationship": "Outer", "Plan Width": 576, "Total Cost": 62418600.86}, {"Startup Cost": 5540.48, "Plans": [{"Startup Cost": 5540.48, "Plans": [{"Startup Cost": 123.19, "Plans": [{"Startup Cost": 0.0, "Node Type": "Seq Scan", "Plan Rows": 1770, "Relation Name": "table_64", "Alias": "table_64", "Parent Relationship": "Outer", "Plan Width": 16, "Total Cost": 27.7}], "Sort Key": ["table_64.col_2"], "Plan Rows": 1770, "Node Type": "Sort", "Parent Relationship": "Outer", "Plan Width": 16, "Total Cost": 127.61}, {"Startup Cost": 5417.29, "Plans": [{"Startup Cost": 5417.29, "Plans": [{"Startup Cost": 756.29, "Plans": [{"Startup Cost": 60.52, "Plans": [{"Startup Cost": 0.0, "Node Type": "Seq Scan", "Plan Rows": 860, "Relation Name": "table_40", "Alias": "table_40", "Parent Relationship": "Outer", "Plan Width": 64, "Total Cost": 18.6}], "Sort Key": ["table_40.col_1"], "Plan Rows": 860, "Node Type": "Sort", "Parent Relationship": "Outer", "Plan Width": 64, "Total Cost": 62.67}, {"Startup Cost": 695.77, "Plans": [{"Startup Cost": 161.29, "Plans": [{"Startup Cost": 80.64, "Plans": [{"Startup Cost": 0.0, "Node Type": "Seq Scan", "Plan Rows": 1160, "Relation Name": "table_34", "Alias": "table_34", "Parent Relationship": "Outer", "Plan Width": 40, "Total Cost": 21.6}], "Sort Key": ["table_34.col_1"], "Plan Rows": 1160, "Node Type": "Sort", "Parent Relationship": "Outer", "Plan Width": 40, "Total Cost": 83.54}, {"Startup Cost": 80.64, "Plans": [{"Startup Cost": 0.0, "Node Type": "Seq Scan", "Plan Rows": 1160, "Relation Name": "table_22", "Alias": "table_22", "Parent Relationship": "Outer", "Plan Width": 40, "Total Cost": 21.6}], "Sort Key": ["table_22.col_0"], "Plan Rows": 1160, "Node Type": "Sort", "Parent Relationship": "Inner", "Plan Width": 40, "Total Cost": 83.54}], "Node Type": "Merge Join", "Plan Rows": 6728, "Join Type": "Left", "Parent Relationship": "Outer", "Plan Width": 80, "Merge Cond": "(table_34.col_1 = table_22.col_0)", "Total Cost": 268.01}], "Sort Key": ["table_34.col_0"], "Plan Rows": 6728, "Node Type": "Sort", "Parent Relationship": "Inner", "Plan Width": 80, "Total Cost": 712.59}], "Node Type": "Merge Join", "Plan Rows": 28930, "Join Type": "Inner", "Parent Relationship": "Outer", "Plan Width": 144, "Merge Cond": "(table_40.col_1 = table_34.col_0)", "Total Cost": 1194.54}], "Sort Key": ["table_34.col_2"], "Plan Rows": 28930, "Node Type": "Sort", "Parent Relationship": "Outer", "Plan Width": 144, "Total Cost": 5489.62}], "Plan Rows": 28930, "Node Type": "Materialize", "Parent Relationship": "Inner", "Plan Width": 144, "Total Cost": 5561.94}], "Node Type": "Merge Join", "Plan Rows": 256030, "Join Type": "Inner", "Parent Relationship": "Outer", "Plan Width": 160, "Merge Cond": "(table_64.col_2 = table_34.col_2)", "Total Cost": 9462.1}], "Plan Rows": 256030, "Node Type": "Materialize", "Parent Relationship": "Inner", "Plan Width": 160, "Total Cost": 16493.25}], "Node Type": "Nested Loop", "Plan Rows": 23078204192, "Join Type": "Inner", "Parent Relationship": "Outer", "Plan Width": 736, "Join Filter": "((table_41.col_1 = table_34.col_2) AND (table_4.col_1 = table_34.col_0))", "Total Cost": 36890305470095.04}, {"Startup Cost": 0.0, "Plans": [{"Startup Cost": 0.0, "Node Type": "Seq Scan", "Plan Rows": 620, "Relation Name": "table_10", "Alias": "table_10", "Parent Relationship": "Outer", "Plan Width": 100, "Total Cost": 16.2}], "Plan Rows": 620, "Node Type": "Materialize", "Parent Relationship": "Inner", "Plan Width": 100, "Total Cost": 19.3}], "Node Type": "Nested Loop", "Plan Rows": 14308486599040, "Join Type": "Inner", "Parent Relationship": "Outer", "Plan Width": 836, "Total Cost": 37069161552600.78}, {"Startup Cost": 0.0, "Plans": [{"Startup Cost": 0.0, "Node Type": "Seq Scan", "Plan Rows": 1230, "Relation Name": "table_59", "Alias": "table_59_1", "Parent Relationship": "Outer", "Plan Width": 36, "Total Cost": 22.3}, {"Startup Cost": 0.0, "Plans": [{"Startup Cost": 0.0, "Node Type": "Seq Scan", "Plan Rows": 800, "Relation Name": "table_15", "Alias": "table_15", "Parent Relationship": "Outer", "Plan Width": 72, "Total Cost": 18.0}], "Plan Rows": 800, "Node Type": "Materialize", "Parent Relationship": "Inner", "Plan Width": 72, "Total Cost": 22.0}], "Node Type": "Nested Loop", "Plan Rows": 984000, "Join Type": "Inner", "Parent Relationship": "Inner", "Plan Width": 108, "Total Cost": 12342.3}], "Node Type": "Nested Loop", "Plan Rows": 70397754067276800, "Join Type": "Inner", "Parent Relationship": "Outer", "Plan Width": 944, "Join Filter": "(table_34.col_0 = table_15.col_1)", "Total Cost": 3.5263108848107603e+17}, {"Startup Cost": 142.0, "Plans": [{"Startup Cost": 142.0, "Plans": [{"Startup Cost": 56.58, "Plans": [{"Startup Cost": 0.0, "Node Type": "Seq Scan", "Plan Rows": 800, "Relation Name": "table_48", "Alias": "table_48_1", "Parent Relationship": "Outer", "Plan Width": 72, "Total Cost": 18.0}], "Sort Key": ["table_48_1.col_0"], "Plan Rows": 800, "Node Type": "Sort", "Parent Relationship": "Outer", "Plan Width": 72, "Total Cost": 58.58}, {"Startup Cost": 85.43, "Plans": [{"Startup Cost": 0.0, "Node Type": "Seq Scan", "Plan Rows": 1230, "Relation Name": "table_0", "Alias": "table_0_1", "Parent Relationship": "Outer", "Plan Width": 36, "Total Cost": 22.3}], "Sort Key": ["table_0_1.col_1"], "Plan Rows": 1230, "Node Type": "Sort", "Parent Relationship": "Inner", "Plan Width": 36, "Total Cost": 88.5}], "Node Type": "Merge Join", "Plan Rows": 4920, "Join Type": "Inner", "Parent Relationship": "Outer", "Plan Width": 108, "Merge Cond": "(table_48_1.col_0 = table_0_1.col_1)", "Total Cost": 219.8}], "Plan Rows": 4920, "Node Type": "Materialize", "Parent Relationship": "Inner", "Plan Width": 108, "Total Cost": 244.4}], "Node Type": "Nested Loop", "Plan Rows": 1731784750055009280, "Join Type": "Left", "Parent Relationship": "Outer", "Plan Width": 1052, "Join Filter": "(table_0_1.col_0 = table_59_1.col_1)", "Total Cost": 5.547985338646104e+18}], "Plan Rows": 1731784750055009280, "Node Type": "Materialize", "Parent Relationship": "Inner", "Plan Width": 1052, "Total Cost": 5.552314800521242e+18}], "Node Type": "Merge Join", "Plan Rows": 16337241703678943952896, "Join Type": "Inner", "Parent Relationship": "Outer", "Plan Width": 1436, "Merge Cond": "(table_21.col_2 = table_42.col_0)", "Total Cost": 2.5060661089383593e+20}, {"Startup Cost": 22.3, "Plans": [{"Startup Cost": 0.0, "Node Type": "Seq Scan", "Plan Rows": 1230, "Relation Name": "table_54", "Alias": "table_54", "Parent Relationship": "Outer", "Plan Width": 36, "Total Cost": 22.3}], "Plan Rows": 1230, "Node Type": "Hash", "Parent Relationship": "Inner", "Plan Width": 36, "Total Cost": 22.3}], "Node Type": "Hash Join", "Plan Rows": 100474036477625502793728, "Join Type": "Inner", "Hash Cond": "(table_10.col_1 = table_54.col_1)", "Parent Relationship": "Outer", "Plan Width": 1472, "Total Cost": 3.808040991869926e+21}, {"Startup Cost": 31.4, "Plans": [{"Startup Cost": 0.0, "Node Type": "Seq Scan", "Plan Rows": 2140, "Relation Name": "table_29", "Alias": "table_29", "Parent Relationship": "Outer", "Plan Width": 8, "Total Cost": 31.4}], "Plan Rows": 2140, "Node Type": "Hash", "Parent Relationship": "Inner", "Plan Width": 8, "Total Cost": 31.4}], "Node Type": "Hash Join", "Plan Rows": 1075072190310592953712640, "Join Type": "Left", "Hash Cond": "(table_0_1.col_0 = table_29.col_1)", "Parent Relationship": "Outer", "Plan Width": 1480, "Total Cost": 4.168675274393474e+22}, {"Startup Cost": 29.4, "Plans": [{"Startup Cost": 0.0, "Node Type": "Seq Scan", "Plan Rows": 1940, "Relation Name": "table_9", "Alias": "table_9", "Parent Relationship": "Outer", "Plan Width": 12, "Total Cost": 29.4}], "Plan Rows": 1940, "Node Type": "Hash", "Parent Relationship": "Inner", "Plan Width": 12, "Total Cost": 29.4}], "Node Type": "Hash Join", "Plan Rows": 10428200246012751315468288, "Join Type": "Left", "Hash Cond": "(table_15.col_2 = table_9.col_1)", "Parent Relationship": "Outer", "Plan Width": 1492, "Total Cost": 4.093614418301575e+23}, {"Startup Cost": 21.0, "Plans": [{"Startup Cost": 0.0, "Node Type": "Seq Scan", "Plan Rows": 1100, "Relation Name": "table_24", "Alias": "table_24", "Parent Relationship": "Outer", "Plan Width": 44, "Total Cost": 21.0}], "Plan Rows": 1100, "Node Type": "Hash", "Parent Relationship": "Inner", "Plan Width": 44, "Total Cost": 21.0}], "Node Type": "Hash Join", "Plan Rows": 57355101353070133308817408, "Join Type": "Inner", "Hash Cond": "(table_56.col_1 = table_24.col_1)", "Parent Relationship": "Outer", "Plan Width": 1536, "Total Cost": 2.442860489802644e+24}, {"Startup Cost": 18.0, "Plans": [{"Startup Cost": 0.0, "Node Type": "Seq Scan", "Plan Rows": 800, "Relation Name": "table_62", "Alias": "table_62", "Parent Relationship": "Outer", "Plan Width": 72, "Total Cost": 18.0}], "Plan Rows": 800, "Node Type": "Hash", "Parent Relationship": "Inner", "Plan Width": 72, "Total Cost": 18.0}], "Node Type": "Hash Join", "Plan Rows": 229420405412280533235269632, "Join Type": "Left", "Hash Cond": "(table_20.col_0 = table_62.col_2)", "Parent Relationship": "Outer", "Plan Width": 1608, "Total Cost": 1.0615962432615137e+25}, {"Startup Cost": 21.0, "Plans": [{"Startup Cost": 0.0, "Node Type": "Seq Scan", "Plan Rows": 1100, "Relation Name": "table_27", "Alias": "table_27", "Parent Relationship": "Outer", "Plan Width": 44, "Total Cost": 21.0}], "Plan Rows": 1100, "Node Type": "Hash", "Parent Relationship": "Inner", "Plan Width": 44, "Total Cost": 21.0}], "Node Type": "Hash Join", "Plan Rows": 1261812229767542864074506240, "Join Type": "Inner", "Hash Cond": "(table_58.col_0 = table_27.col_0)", "Parent Relationship": "Outer", "Plan Width": 1652, "Total Cost": 5.535294148800984e+25}, {"Startup Cost": 18.0, "Plans": [{"Startup Cost": 0.0, "Node Type": "Seq Scan", "Plan Rows": 800, "Relation Name": "table_61", "Alias": "table_61", "Parent Relationship": "Outer", "Plan Width": 72, "Total Cost": 18.0}], "Plan Rows": 800, "Node Type": "Hash", "Parent Relationship": "Inner", "Plan Width": 72, "Total Cost": 18.0}], "Node Type": "Hash Join", "Plan Rows": 5047248919070171456298024960, "Join Type": "Inner", "Hash Cond": "(table_10.col_3 = table_61.col_1)", "Parent Relationship": "Outer", "Plan Width": 1724, "Total Cost": 2.351611842298847e+26}, {"Startup Cost": 21.0, "Plans": [{"Startup Cost": 0.0, "Node Type": "Seq Scan", "Plan Rows": 1100, "Relation Name": "table_60", "Alias": "table_60", "Parent Relationship": "Outer", "Plan Width": 44, "Total Cost": 21.0}], "Plan Rows": 1100, "Node Type": "Hash", "Parent Relationship": "Inner", "Plan Width": 44, "Total Cost": 21.0}], "Node Type": "Hash Join", "Plan Rows": 27759869054885945208662392832, "Join Type": "Left", "Hash Cond": "(table_9.col_2 = table_60.col_1)", "Parent Relationship": "Outer", "Plan Width": 1768, "Total Cost": 1.2193747234485682e+27}, {"Startup Cost": 22.3, "Plans": [{"Startup Cost": 0.0, "Node Type": "Seq Scan", "Plan Rows": 1230, "Relation Name": "table_30", "Alias": "table_30", "Parent Relationship": "Outer", "Plan Width": 36, "Total Cost": 22.3}], "Plan Rows": 1230, "Node Type": "Hash", "Parent Relationship": "Inner", "Plan Width": 36, "Total Cost": 22.3}], "Node Type": "Hash Join", "Plan Rows": 170723194687548551158548135936, "Join Type": "Left", "Hash Cond": "(table_34.col_2 = table_30.col_1)", "Parent Relationship": "Outer", "Plan Width": 1804, "Total Cost": 7.264086210149983e+27}, {"Startup Cost": 18.0, "Plans": [{"Startup Cost": 0.0, "Node Type": "Seq Scan", "Plan Rows": 800, "Relation Name": "table_16", "Alias": "table_16", "Parent Relationship": "Outer", "Plan Width": 72, "Total Cost": 18.0}], "Plan Rows": 800, "Node Type": "Hash", "Parent Relationship": "Inner", "Plan Width": 72, "Total Cost": 18.0}], "Node Type": "Hash Join", "Plan Rows": 682892778750194204634192543744, "Join Type": "Inner", "Hash Cond": "(table_64.col_0 = table_16.col_1)", "Parent Relationship": "Outer", "Plan Width": 1876, "Total Cost": 3.159214145312565e+28}], "Sort Key": ["table_41.col_1", "table_26.col_1", "table_10.col_2"], "Plan Rows": 682892778750194204634192543744, "Node Type": "Sort", "Parent Relationship": "Outer", "Plan Width": 1876, "Total Cost": 1.9773956205217984e+31}], "Plan Rows": 682892778750194204634192543744, "Node Type": "Materialize", "Parent Relationship": "Inner", "Plan Width": 1876, "Total Cost": 1.977566343716486e+31}], "Node Type": "Merge Join", "Plan Rows": 40538894731311704896849072468525056, "Join Type": "Inner", "Parent Relationship": "Outer", "Plan Width": 2432, "Merge Cond": "((table_47.col_2 = table_41.col_1) AND (table_31.col_1 = table_26.col_1) AND (table_47.col_3 = table_10.col_2))", "Total Cost": 8.305518508314521e+32}], "Sort Key": ["table_46.col_1", "table_41.col_0"], "Plan Rows": 40538894731311704896849072468525056, "Node Type": "Sort", "Parent Relationship": "Outer", "Plan Width": 2432, "Total Cost": 1.7682978619210467e+36}], "Plan Rows": 40538894731311704896849072468525056, "Node Type": "Materialize", "Parent Relationship": "Inner", "Plan Width": 2432, "Total Cost": 1.768399209157875e+36}], "Node Type": "Merge Join", "Plan Rows": 2275835777964388908239051507898716782592, "Join Type": "Inner", "Parent Relationship": "Outer", "Plan Width": 2856, "Merge Cond": "((table_25.col_0 = table_46.col_1) AND (table_57.col_0 = table_0.col_1))", "Total Cost": 4.1595423976297854e+37}], "Plan Rows": 2275835777964388908239051507898716782592, "Node Type": "Materialize", "Parent Relationship": "Inner", "Plan Width": 2856, "Total Cost": 4.728501342120882e+37}], "Node Type": "Merge Join", "Plan Rows": 1117023895871858939549447897954686640590946304, "Join Type": "Inner", "Parent Relationship": "Outer", "Plan Width": 3140, "Merge Cond": "(table_2.col_0 = table_46.col_1)", "Total Cost": 1.675540003350186e+43}], "Plan Rows": 1117023895871858939549447897954686640590946304, "Node Type": "Materialize", "Parent Relationship": "Inner", "Plan Width": 3140, "Total Cost": 1.9547959773181508e+43}], "Node Type": "Merge Join", "Plan Rows": 6869696959611932945675263406580914641543626752, "Join Type": "Inner", "Parent Relationship": "Outer", "Plan Width": 3176, "Merge Cond": "(table_7.col_1 = table_46.col_1)", "Total Cost": 1.1980085442768086e+44}, {"Startup Cost": 21.6, "Plans": [{"Startup Cost": 0.0, "Node Type": "Seq Scan", "Plan Rows": 1160, "Relation Name": "table_50", "Alias": "table_50", "Parent Relationship": "Outer", "Plan Width": 40, "Total Cost": 21.6}], "Plan Rows": 1160, "Node Type": "Hash", "Parent Relationship": "Inner", "Plan Width": 40, "Total Cost": 21.6}], "Plan Rows": 39844242365749211591976767849461065519634317312, "Node Type": "Hash Join", "Join Type": "Right", "Hash Cond": "(table_61.col_0 = table_50.col_2)", "Plan Width": 3216, "Total Cost": 1.531523579627933e+45}}]