[{"Plan": {"Startup Cost": 3.916481547855777e+27, "Plans": [{"Startup Cost": 3.916481547855777e+27, "Plans": [{"Startup Cost": 12684826746881.97, "Plans": [{"Startup Cost": 54526462.54, "Plans": [{"Startup Cost": 54526462.54, "Plans": [{"Startup Cost": 318.23, "Plans": [{"Startup Cost": 232.8, "Plans": [{"Startup Cost": 21.48, "Plans": [{"Startup Cost": 0.0, "Node Type": "Seq Scan", "Plan Rows": 830, "Relation Name": "table_0", "Alias": "table_0_1", "Parent Relationship": "Outer", "Plan Width": 68, "Total Cost": 18.3}, {"Startup Cost": 15.1, "Plans": [{"Startup Cost": 0.0, "Node Type": "Seq Scan", "Plan Rows": 510, "Relation Name": "table_50", "Alias": "table_50_1", "Parent Relationship": "Outer", "Plan Width": 128, "Total Cost": 15.1}], "Plan Rows": 510, "Node Type": "Hash", "Parent Relationship": "Inner", "Plan Width": 128, "Total Cost": 15.1}], "Node Type": "Hash Join", "Plan Rows": 2116, "Join Type": "Inner", "Hash Cond": "(table_0_1.col_1 = table_50_1.col_2)", "Parent Relationship": "Outer", "Plan Width": 196, "Total Cost": 115.92}], "Sort Key": ["table_50_1.col_3"], "Plan Rows": 2116, "Node Type": "Sort", "Parent Relationship": "Outer", "Plan Width": 196, "Total Cost": 238.09}, {"Startup Cost": 85.43, "Plans": [{"Startup Cost": 0.0, "Node Type": "Seq Scan", "Plan Rows": 1230, "Relation Name": "table_37", "Alias": "table_37_1", "Parent Relationship": "Outer", "Plan Width": 36, "Total Cost": 22.3}], "Sort Key": ["table_37_1.col_0"], "Plan Rows": 1230, "Node Type": "Sort", "Parent Relationship": "Inner", "Plan Width": 36, "Total Cost": 88.5}], "Node Type": "Merge Join", "Plan Rows": 13013, "Join Type": "Left", "Parent Relationship": "Outer", "Plan Width": 232, "Merge Cond": "(table_50_1.col_3 = table_37_1.col_0)", "Total Cost": 524.0}, {"Startup Cost": 54526144.31, "Plans": [{"Startup Cost": 54526144.31, "Plans": [{"Startup Cost": 239.88, "Plans": [{"Startup Cost": 239.88, "Plans": [{"Startup Cost": 46.23, "Plans": [{"Startup Cost": 0.0, "Node Type": "Seq Scan", "Plan Rows": 640, "Relation Name": "table_42", "Alias": "table_42_1", "Parent Relationship": "Outer", "Plan Width": 96, "Total Cost": 16.4}], "Sort Key": ["table_42_1.col_0"], "Plan Rows": 640, "Node Type": "Sort", "Parent Relationship": "Outer", "Plan Width": 96, "Total Cost": 47.83}, {"Startup Cost": 193.65, "Plans": [{"Startup Cost": 193.65, "Plans": [{"Startup Cost": 117.08, "Plans": [{"Startup Cost": 58.54, "Plans": [{"Startup Cost": 0.0, "Node Type": "Seq Scan", "Plan Rows": 830, "Relation Name": "table_0", "Alias": "table_0_2", "Parent Relationship": "Outer", "Plan Width": 68, "Total Cost": 18.3}], "Sort Key": ["table_0_2.col_1"], "Plan Rows": 830, "Node Type": "Sort", "Parent Relationship": "Outer", "Plan Width": 68, "Total Cost": 60.62}, {"Startup Cost": 58.54, "Plans": [{"Startup Cost": 0.0, "Node Type": "Seq Scan", "Plan Rows": 830, "Relation Name": "table_24", "Alias": "table_24_1", "Parent Relationship": "Outer", "Plan Width": 68, "Total Cost": 18.3}], "Sort Key": ["table_24_1.col_1"], "Plan Rows": 830, "Node Type": "Sort", "Parent Relationship": "Inner", "Plan Width": 68, "Total Cost": 60.62}], "Node Type": "Merge Join", "Plan Rows": 3444, "Join Type": "Inner", "Parent Relationship": "Outer", "Plan Width": 136, "Merge Cond": "(table_0_2.col_1 = table_24_1.col_1)", "Total Cost": 172.89}, {"Startup Cost": 76.57, "Plans": [{"Startup Cost": 0.0, "Node Type": "Seq Scan", "Plan Rows": 1100, "Relation Name": "table_15", "Alias": "table_15_1", "Parent Relationship": "Outer", "Plan Width": 44, "Total Cost": 21.0}], "Sort Key": ["table_15_1.col_3"], "Plan Rows": 1100, "Node Type": "Sort", "Parent Relationship": "Inner", "Plan Width": 44, "Total Cost": 79.32}], "Node Type": "Merge Join", "Plan Rows": 18942, "Join Type": "Inner", "Parent Relationship": "Outer", "Plan Width": 180, "Merge Cond": "(table_0_2.col_1 = table_15_1.col_3)", "Total Cost": 542.2}], "Plan Rows": 18942, "Node Type": "Materialize", "Parent Relationship": "Inner", "Plan Width": 180, "Total Cost": 589.56}], "Node Type": "Merge Join", "Plan Rows": 60614, "Join Type": "Left", "Parent Relationship": "Outer", "Plan Width": 276, "Merge Cond": "(table_42_1.col_0 = table_15_1.col_3)", "Total Cost": 1500.84}, {"Startup Cost": 0.0, "Plans": [{"Startup Cost": 0.0, "Node Type": "Seq Scan", "Plan Rows": 830, "Relation Name": "table_18", "Alias": "table_18_1", "Parent Relationship": "Outer", "Plan Width": 68, "Total Cost": 18.3}], "Plan Rows": 830, "Node Type": "Materialize", "Parent Relationship": "Inner", "Plan Width": 68, "Total Cost": 22.45}], "Node Type": "Nested Loop", "Plan Rows": 50309620, "Join Type": "Inner", "Parent Relationship": "Outer", "Plan Width": 344, "Total Cost": 630391.47}], "Sort Key": ["table_18_1.col_1"], "Plan Rows": 50309620, "Node Type": "Sort", "Parent Relationship": "Outer", "Plan Width": 344, "Total Cost": 54651918.36}], "Plan Rows": 50309620, "Node Type": "Materialize", "Parent Relationship": "Inner", "Plan Width": 344, "Total Cost": 54777692.41}], "Node Type": "Merge Join", "Plan Rows": 3273395425, "Join Type": "Right", "Parent Relationship": "Outer", "Plan Width": 576, "Merge Cond": "(table_50_1.col_3 = table_18_1.col_1)", "Total Cost": 103753406.27}, {"Startup Cost": 0.0, "Plans": [{"Startup Cost": 0.0, "Node Type": "Seq Scan", "Plan Rows": 1100, "Relation Name": "table_6", "Alias": "table_6", "Parent Relationship": "Outer", "Plan Width": 44, "Total Cost": 21.0}], "Plan Rows": 1100, "Node Type": "Materialize", "Parent Relationship": "Inner", "Plan Width": 44, "Total Cost": 26.5}], "Node Type": "Nested Loop", "Plan Rows": 3600734967500, "Join Type": "Inner", "Parent Relationship": "Outer", "Plan Width": 620, "Total Cost": 45112940523.77}], "Sort Key": ["table_6.col_1"], "Plan Rows": 3600734967500, "Node Type": "Sort", "Parent Relationship": "Outer", "Plan Width": 620, "Total Cost": 12693828584300.72}, {"Startup Cost": 3.9164815478557646e+27, "Plans": [{"Startup Cost": 3.9164815478557646e+27, "Plans": [{"Startup Cost": 2.0190684248266092e+18, "Plans": [{"Startup Cost": 1854129.32, "Plans": [{"Startup Cost": 1853687.81, "Plans": [{"Startup Cost": 28.68, "Plans": [{"Startup Cost": 28.68, "Plans": [{"Startup Cost": 0.0, "Node Type": "Seq Scan", "Plan Rows": 830, "Relation Name": "table_33", "Alias": "table_33", "Parent Relationship": "Outer", "Plan Width": 68, "Total Cost": 18.3}, {"Startup Cost": 18.3, "Plans": [{"Startup Cost": 0.0, "Node Type": "Seq Scan", "Plan Rows": 830, "Relation Name": "table_4", "Alias": "table_4", "Parent Relationship": "Outer", "Plan Width": 68, "Total Cost": 18.3}], "Plan Rows": 830, "Node Type": "Hash", "Parent Relationship": "Inner", "Plan Width": 68, "Total Cost": 18.3}], "Node Type": "Hash Join", "Plan Rows": 3444, "Join Type": "Inner", "Hash Cond": "(table_33.col_2 = table_4.col_1)", "Parent Relationship": "Outer", "Plan Width": 136, "Total Cost": 169.6}, {"Startup Cost": 0.0, "Plans": [{"Startup Cost": 0.0, "Node Type": "Seq Scan", "Plan Rows": 1160, "Relation Name": "table_44", "Alias": "table_44", "Parent Relationship": "Outer", "Plan Width": 40, "Total Cost": 21.6}], "Plan Rows": 1160, "Node Type": "Materialize", "Parent Relationship": "Inner", "Plan Width": 40, "Total Cost": 27.4}], "Node Type": "Nested Loop", "Plan Rows": 3995040, "Join Type": "Inner", "Parent Relationship": "Outer", "Plan Width": 176, "Total Cost": 50132.1}], "Sort Key": ["table_44.col_0"], "Plan Rows": 3995040, "Node Type": "Sort", "Parent Relationship": "Outer", "Plan Width": 176, "Total Cost": 1863675.41}, {"Startup Cost": 441.5, "Plans": [{"Startup Cost": 441.5, "Plans": [{"Startup Cost": 441.5, "Plans": [{"Startup Cost": 441.5, "Plans": [{"Startup Cost": 441.5, "Plans": [{"Startup Cost": 96.58, "Plans": [{"Startup Cost": 38.04, "Plans": [{"Startup Cost": 0.0, "Node Type": "Seq Scan", "Plan Rows": 510, "Relation Name": "table_50", "Alias": "table_50", "Parent Relationship": "Outer", "Plan Width": 128, "Total Cost": 15.1}], "Sort Key": ["table_50.col_0"], "Plan Rows": 510, "Node Type": "Sort", "Parent Relationship": "Outer", "Plan Width": 128, "Total Cost": 39.31}, {"Startup Cost": 58.54, "Plans": [{"Startup Cost": 0.0, "Node Type": "Seq Scan", "Plan Rows": 830, "Relation Name": "table_18", "Alias": "table_18", "Parent Relationship": "Outer", "Plan Width": 68, "Total Cost": 18.3}], "Sort Key": ["table_18.col_1"], "Plan Rows": 830, "Node Type": "Sort", "Parent Relationship": "Inner", "Plan Width": 68, "Total Cost": 60.62}], "Node Type": "Merge Join", "Plan Rows": 2116, "Join Type": "Inner", "Parent Relationship": "Outer", "Plan Width": 196, "Merge Cond": "(table_50.col_0 = table_18.col_1)", "Total Cost": 130.87}, {"Startup Cost": 344.93, "Plans": [{"Startup Cost": 344.93, "Plans": [{"Startup Cost": 344.93, "Plans": [{"Startup Cost": 344.93, "Plans": [{"Startup Cost": 46.23, "Plans": [{"Startup Cost": 0.0, "Node Type": "Seq Scan", "Plan Rows": 640, "Relation Name": "table_35", "Alias": "table_35", "Parent Relationship": "Outer", "Plan Width": 96, "Total Cost": 16.4}], "Sort Key": ["table_35.col_0"], "Plan Rows": 640, "Node Type": "Sort", "Parent Relationship": "Outer", "Plan Width": 96, "Total Cost": 47.83}, {"Startup Cost": 298.7, "Plans": [{"Startup Cost": 24.4, "Plans": [{"Startup Cost": 0.0, "Node Type": "Seq Scan", "Plan Rows": 860, "Relation Name": "table_53", "Alias": "table_53", "Parent Relationship": "Outer", "Plan Width": 64, "Total Cost": 18.6}, {"Startup Cost": 16.4, "Plans": [{"Startup Cost": 0.0, "Node Type": "Seq Scan", "Plan Rows": 640, "Relation Name": "table_42", "Alias": "table_42", "Parent Relationship": "Outer", "Plan Width": 96, "Total Cost": 16.4}], "Plan Rows": 640, "Node Type": "Hash", "Parent Relationship": "Inner", "Plan Width": 96, "Total Cost": 16.4}], "Node Type": "Hash Join", "Plan Rows": 2752, "Join Type": "Inner", "Hash Cond": "(table_53.col_1 = table_42.col_2)", "Parent Relationship": "Outer", "Plan Width": 160, "Total Cost": 141.47}], "Sort Key": ["table_42.col_1"], "Plan Rows": 2752, "Node Type": "Sort", "Parent Relationship": "Inner", "Plan Width": 160, "Total Cost": 305.58}], "Node Type": "Merge Join", "Plan Rows": 8806, "Join Type": "Inner", "Parent Relationship": "Outer", "Plan Width": 256, "Merge Cond": "(table_35.col_0 = table_42.col_1)", "Total Cost": 480.22}, {"Startup Cost": 0.0, "Plans": [{"Startup Cost": 0.0, "Node Type": "Seq Scan", "Plan Rows": 640, "Relation Name": "table_59", "Alias": "table_59", "Parent Relationship": "Outer", "Plan Width": 96, "Total Cost": 16.4}], "Plan Rows": 640, "Node Type": "Materialize", "Parent Relationship": "Inner", "Plan Width": 96, "Total Cost": 19.6}], "Node Type": "Nested Loop", "Plan Rows": 28179, "Join Type": "Inner", "Parent Relationship": "Outer", "Plan Width": 352, "Join Filter": "(table_59.col_0 = table_35.col_1)", "Total Cost": 85035.82}, {"Startup Cost": 0.0, "Plans": [{"Startup Cost": 0.0, "Node Type": "Seq Scan", "Plan Rows": 1160, "Relation Name": "table_64", "Alias": "table_64", "Parent Relationship": "Outer", "Plan Width": 40, "Total Cost": 21.6}], "Plan Rows": 1160, "Node Type": "Materialize", "Parent Relationship": "Inner", "Plan Width": 40, "Total Cost": 27.4}], "Node Type": "Nested Loop", "Plan Rows": 32687640, "Join Type": "Inner", "Parent Relationship": "Outer", "Plan Width": 392, "Total Cost": 493655.82}], "Plan Rows": 32687640, "Node Type": "Materialize", "Parent Relationship": "Inner", "Plan Width": 392, "Total Cost": 575374.92}], "Node Type": "Merge Join", "Plan Rows": 1729176, "Join Type": "Inner", "Parent Relationship": "Outer", "Plan Width": 588, "Join Filter": "(table_64.col_0 = table_18.col_2)", "Merge Cond": "(table_18.col_1 = table_42.col_1)", "Total Cost": 6545908.52}, {"Startup Cost": 0.0, "Plans": [{"Startup Cost": 0.0, "Node Type": "Seq Scan", "Plan Rows": 1230, "Relation Name": "table_5", "Alias": "table_5", "Parent Relationship": "Outer", "Plan Width": 36, "Total Cost": 22.3}], "Plan Rows": 1230, "Node Type": "Materialize", "Parent Relationship": "Inner", "Plan Width": 36, "Total Cost": 28.45}], "Node Type": "Nested Loop", "Plan Rows": 10634432, "Join Type": "Inner", "Parent Relationship": "Outer", "Plan Width": 624, "Join Filter": "(table_5.col_0 = table_42.col_2)", "Total Cost": 38449231.09}, {"Startup Cost": 0.0, "Plans": [{"Startup Cost": 0.0, "Node Type": "Seq Scan", "Plan Rows": 1940, "Relation Name": "table_48", "Alias": "table_48", "Parent Relationship": "Outer", "Plan Width": 12, "Total Cost": 29.4}], "Plan Rows": 1940, "Node Type": "Materialize", "Parent Relationship": "Inner", "Plan Width": 12, "Total Cost": 39.1}], "Node Type": "Nested Loop", "Plan Rows": 20630798080, "Join Type": "Inner", "Parent Relationship": "Outer", "Plan Width": 636, "Total Cost": 296334241.34}, {"Startup Cost": 0.0, "Plans": [{"Startup Cost": 0.0, "Node Type": "Seq Scan", "Plan Rows": 620, "Relation Name": "table_8", "Alias": "table_8", "Parent Relationship": "Outer", "Plan Width": 100, "Total Cost": 16.2}], "Plan Rows": 620, "Node Type": "Materialize", "Parent Relationship": "Inner", "Plan Width": 100, "Total Cost": 19.3}], "Node Type": "Nested Loop", "Plan Rows": 12791094809600, "Join Type": "Inner", "Parent Relationship": "Outer", "Plan Width": 736, "Total Cost": 160185019379.09}], "Plan Rows": 12791094809600, "Node Type": "Materialize", "Parent Relationship": "Inner", "Plan Width": 736, "Total Cost": 192162756403.09}], "Node Type": "Merge Join", "Plan Rows": 255504677040721920, "Join Type": "Inner", "Parent Relationship": "Outer", "Plan Width": 912, "Merge Cond": "(table_44.col_0 = table_42.col_1)", "Total Cost": 3832730342503871.5}], "Sort Key": ["table_44.col_0", "table_8.col_0", "table_33.col_2", "table_48.col_1"], "Plan Rows": 255504677040721920, "Node Type": "Sort", "Parent Relationship": "Outer", "Plan Width": 912, "Total Cost": 2.019707186519211e+18}, {"Startup Cost": 3.916481545836696e+27, "Plans": [{"Startup Cost": 3.916481545836696e+27, "Plans": [{"Startup Cost": 237032.97, "Plans": [{"Startup Cost": 236995.29, "Plans": [{"Startup Cost": 236960.54, "Plans": [{"Startup Cost": 236922.87, "Plans": [{"Startup Cost": 233582.33, "Plans": [{"Startup Cost": 233544.83, "Plans": [{"Startup Cost": 233508.73, "Plans": [{"Startup Cost": 233480.05, "Plans": [{"Startup Cost": 233445.3, "Plans": [{"Startup Cost": 233407.63, "Plans": [{"Startup Cost": 233371.53, "Plans": [{"Startup Cost": 233313.38, "Plans": [{"Startup Cost": 233313.38, "Plans": [{"Startup Cost": 479.33, "Plans": [{"Startup Cost": 80.64, "Plans": [{"Startup Cost": 0.0, "Node Type": "Seq Scan", "Plan Rows": 1160, "Relation Name": "table_40", "Alias": "table_40", "Parent Relationship": "Outer", "Plan Width": 40, "Total Cost": 21.6}], "Sort Key": ["table_40.col_0"], "Plan Rows": 1160, "Node Type": "Sort", "Parent Relationship": "Outer", "Plan Width": 40, "Total Cost": 83.54}, {"Startup Cost": 398.68, "Plans": [{"Startup Cost": 29.35, "Plans": [{"Startup Cost": 0.0, "Node Type": "Seq Scan", "Plan Rows": 860, "Relation Name": "table_30", "Alias": "table_30", "Parent Relationship": "Outer", "Plan Width": 64, "Total Cost": 18.6}, {"Startup Cost": 18.6, "Plans": [{"Startup Cost": 0.0, "Node Type": "Seq Scan", "Plan Rows": 860, "Relation Name": "table_17", "Alias": "table_17", "Parent Relationship": "Outer", "Plan Width": 64, "Total Cost": 18.6}], "Plan Rows": 860, "Node Type": "Hash", "Parent Relationship": "Inner", "Plan Width": 64, "Total Cost": 18.6}], "Node Type": "Hash Join", "Plan Rows": 3698, "Join Type": "Left", "Hash Cond": "(table_30.col_1 = table_17.col_0)", "Parent Relationship": "Outer", "Plan Width": 128, "Total Cost": 179.53}], "Sort Key": ["table_30.col_0"], "Plan Rows": 3698, "Node Type": "Sort", "Parent Relationship": "Inner", "Plan Width": 128, "Total Cost": 407.93}], "Node Type": "Merge Join", "Plan Rows": 21448, "Join Type": "Inner", "Parent Relationship": "Outer", "Plan Width": 168, "Merge Cond": "(table_40.col_0 = table_30.col_0)", "Total Cost": 806.85}, {"Startup Cost": 232834.05, "Plans": [{"Startup Cost": 232834.05, "Plans": [{"Startup Cost": 232834.05, "Plans": [{"Startup Cost": 2345.98, "Plans": [{"Startup Cost": 2345.98, "Plans": [{"Startup Cost": 2345.98, "Plans": [{"Startup Cost": 2345.98, "Plans": [{"Startup Cost": 2287.44, "Plans": [{"Startup Cost": 162.04, "Plans": [{"Startup Cost": 117.08, "Plans": [{"Startup Cost": 58.54, "Plans": [{"Startup Cost": 0.0, "Node Type": "Seq Scan", "Plan Rows": 830, "Relation Name": "table_54", "Alias": "table_54", "Parent Relationship": "Outer", "Plan Width": 68, "Total Cost": 18.3}], "Sort Key": ["table_54.col_0"], "Plan Rows": 830, "Node Type": "Sort", "Parent Relationship": "Outer", "Plan Width": 68, "Total Cost": 60.62}, {"Startup Cost": 58.54, "Plans": [{"Startup Cost": 0.0, "Node Type": "Seq Scan", "Plan Rows": 830, "Relation Name": "table_0", "Alias": "table_0", "Parent Relationship": "Outer", "Plan Width": 68, "Total Cost": 18.3}], "Sort Key": ["table_0.col_2"], "Plan Rows": 830, "Node Type": "Sort", "Parent Relationship": "Inner", "Plan Width": 68, "Total Cost": 60.62}], "Node Type": "Merge Join", "Plan Rows": 3444, "Join Type": "Inner", "Parent Relationship": "Outer", "Plan Width": 136, "Merge Cond": "(table_54.col_0 = table_0.col_2)", "Total Cost": 172.89}, {"Startup Cost": 44.96, "Plans": [{"Startup Cost": 0.0, "Node Type": "Seq Scan", "Plan Rows": 620, "Relation Name": "table_41", "Alias": "table_41", "Parent Relationship": "Outer", "Plan Width": 100, "Total Cost": 16.2}], "Sort Key": ["table_41.col_3"], "Plan Rows": 620, "Node Type": "Sort", "Parent Relationship": "Inner", "Plan Width": 100, "Total Cost": 46.51}], "Node Type": "Merge Join", "Plan Rows": 10676, "Join Type": "Inner", "Parent Relationship": "Outer", "Plan Width": 236, "Merge Cond": "(table_0.col_2 = table_41.col_3)", "Total Cost": 386.6}], "Sort Key": ["table_0.col_1"], "Plan Rows": 10676, "Node Type": "Sort", "Parent Relationship": "Outer", "Plan Width": 236, "Total Cost": 2314.13}, {"Startup Cost": 58.54, "Plans": [{"Startup Cost": 0.0, "Node Type": "Seq Scan", "Plan Rows": 830, "Relation Name": "table_24", "Alias": "table_24", "Parent Relationship": "Outer", "Plan Width": 68, "Total Cost": 18.3}], "Sort Key": ["table_24.col_2"], "Plan Rows": 830, "Node Type": "Sort", "Parent Relationship": "Inner", "Plan Width": 68, "Total Cost": 60.62}], "Node Type": "Merge Join", "Plan Rows": 44305, "Join Type": "Left", "Parent Relationship": "Outer", "Plan Width": 304, "Merge Cond": "(table_0.col_1 = table_24.col_2)", "Total Cost": 3063.93}, {"Startup Cost": 0.0, "Plans": [{"Startup Cost": 0.0, "Node Type": "Seq Scan", "Plan Rows": 1940, "Relation Name": "table_63", "Alias": "table_63", "Parent Relationship": "Outer", "Plan Width": 12, "Total Cost": 29.4}], "Plan Rows": 1940, "Node Type": "Materialize", "Parent Relationship": "Inner", "Plan Width": 12, "Total Cost": 39.1}], "Node Type": "Nested Loop", "Plan Rows": 429758, "Join Type": "Inner", "Parent Relationship": "Outer", "Plan Width": 316, "Join Filter": "(table_63.col_1 = table_54.col_1)", "Total Cost": 1292373.68}, {"Startup Cost": 0.0, "Plans": [{"Startup Cost": 0.0, "Node Type": "Seq Scan", "Plan Rows": 1770, "Relation Name": "table_21", "Alias": "table_21", "Parent Relationship": "Outer", "Plan Width": 16, "Total Cost": 27.7}], "Plan Rows": 1770, "Node Type": "Materialize", "Parent Relationship": "Inner", "Plan Width": 16, "Total Cost": 36.55}], "Node Type": "Nested Loop", "Plan Rows": 3803358, "Join Type": "Inner", "Parent Relationship": "Outer", "Plan Width": 332, "Join Filter": "(table_21.col_2 = table_0.col_0)", "Total Cost": 12702480.71}, {"Startup Cost": 0.0, "Plans": [{"Startup Cost": 0.0, "Node Type": "Seq Scan", "Plan Rows": 830, "Relation Name": "table_57", "Alias": "table_57", "Parent Relationship": "Outer", "Plan Width": 68, "Total Cost": 18.3}], "Plan Rows": 830, "Node Type": "Materialize", "Parent Relationship": "Inner", "Plan Width": 68, "Total Cost": 22.45}], "Node Type": "Nested Loop", "Plan Rows": 15783936, "Join Type": "Left", "Parent Relationship": "Outer", "Plan Width": 400, "Join Filter": "(table_21.col_0 = table_57.col_0)", "Total Cost": 60054308.18}, {"Startup Cost": 230488.07, "Plans": [{"Startup Cost": 230453.32, "Plans": [{"Startup Cost": 230453.32, "Plans": [{"Startup Cost": 230453.32, "Plans": [{"Startup Cost": 230453.32, "Plans": [{"Startup Cost": 230182.75, "Plans": [{"Startup Cost": 0.0, "Plans": [{"Startup Cost": 0.0, "Node Type": "Seq Scan", "Plan Rows": 1160, "Relation Name": "table_10", "Alias": "table_10", "Parent Relationship": "Outer", "Plan Width": 40, "Total Cost": 21.6}, {"Startup Cost": 0.0, "Plans": [{"Startup Cost": 0.0, "Node Type": "Seq Scan", "Plan Rows": 620, "Relation Name": "table_31", "Alias": "table_31", "Parent Relationship": "Outer", "Plan Width": 100, "Total Cost": 16.2}], "Plan Rows": 620, "Node Type": "Materialize", "Parent Relationship": "Inner", "Plan Width": 100, "Total Cost": 19.3}], "Node Type": "Nested Loop", "Plan Rows": 719200, "Join Type": "Inner", "Parent Relationship": "Outer", "Plan Width": 140, "Total Cost": 9029.35}], "Sort Key": ["table_10.col_0", "table_31.col_0"], "Plan Rows": 719200, "Node Type": "Sort", "Parent Relationship": "Outer", "Plan Width": 140, "Total Cost": 231980.75}, {"Startup Cost": 270.57, "Plans": [{"Startup Cost": 23.95, "Plans": [{"Startup Cost": 0.0, "Node Type": "Seq Scan", "Plan Rows": 800, "Relation Name": "table_14", "Alias": "table_14", "Parent Relationship": "Outer", "Plan Width": 72, "Total Cost": 18.0}, {"Startup Cost": 16.2, "Plans": [{"Startup Cost": 0.0, "Node Type": "Seq Scan", "Plan Rows": 620, "Relation Name": "table_20", "Alias": "table_20", "Parent Relationship": "Outer", "Plan Width": 100, "Total Cost": 16.2}], "Plan Rows": 620, "Node Type": "Hash", "Parent Relationship": "Inner", "Plan Width": 100, "Total Cost": 16.2}], "Node Type": "Hash Join", "Plan Rows": 2480, "Join Type": "Inner", "Hash Cond": "(table_14.col_0 = table_20.col_1)", "Parent Relationship": "Outer", "Plan Width": 172, "Total Cost": 130.75}], "Sort Key": ["table_14.col_0", "table_14.col_3"], "Plan Rows": 2480, "Node Type": "Sort", "Parent Relationship": "Inner", "Plan Width": 172, "Total Cost": 276.77}], "Node Type": "Merge Join", "Plan Rows": 44590, "Join Type": "Inner", "Parent Relationship": "Outer", "Plan Width": 312, "Merge Cond": "((table_10.col_0 = table_14.col_0) AND (table_31.col_0 = table_14.col_3))", "Total Cost": 236627.65}, {"Startup Cost": 0.0, "Plans": [{"Startup Cost": 0.0, "Node Type": "Seq Scan", "Plan Rows": 1230, "Relation Name": "table_60", "Alias": "table_60", "Parent Relationship": "Outer", "Plan Width": 36, "Total Cost": 22.3}], "Plan Rows": 1230, "Node Type": "Materialize", "Parent Relationship": "Inner", "Plan Width": 36, "Total Cost": 28.45}], "Node Type": "Nested Loop", "Plan Rows": 274228, "Join Type": "Inner", "Parent Relationship": "Outer", "Plan Width": 348, "Join Filter": "(table_20.col_3 = table_60.col_0)", "Total Cost": 1059338.52}, {"Startup Cost": 0.0, "Plans": [{"Startup Cost": 0.0, "Node Type": "Seq Scan", "Plan Rows": 2140, "Relation Name": "table_61", "Alias": "table_61", "Parent Relationship": "Outer", "Plan Width": 8, "Total Cost": 31.4}], "Plan Rows": 2140, "Node Type": "Materialize", "Parent Relationship": "Inner", "Plan Width": 8, "Total Cost": 42.1}], "Node Type": "Nested Loop", "Plan Rows": 586847920, "Join Type": "Inner", "Parent Relationship": "Outer", "Plan Width": 356, "Total Cost": 8394974.27}, {"Startup Cost": 0.0, "Plans": [{"Startup Cost": 0.0, "Node Type": "Seq Scan", "Plan Rows": 1230, "Relation Name": "table_28", "Alias": "table_28", "Parent Relationship": "Outer", "Plan Width": 36, "Total Cost": 22.3}], "Plan Rows": 1230, "Node Type": "Materialize", "Parent Relationship": "Inner", "Plan Width": 36, "Total Cost": 28.45}], "Node Type": "Nested Loop", "Plan Rows": 721822941600, "Join Type": "Inner", "Parent Relationship": "Outer", "Plan Width": 392, "Total Cost": 9031181769.65}, {"Startup Cost": 21.0, "Plans": [{"Startup Cost": 0.0, "Node Type": "Seq Scan", "Plan Rows": 1100, "Relation Name": "table_32", "Alias": "table_32", "Parent Relationship": "Outer", "Plan Width": 44, "Total Cost": 21.0}], "Plan Rows": 1100, "Node Type": "Hash", "Parent Relationship": "Inner", "Plan Width": 44, "Total Cost": 21.0}], "Node Type": "Hash Join", "Plan Rows": 3970026178800, "Join Type": "Inner", "Hash Cond": "(table_10.col_1 = table_32.col_2)", "Parent Relationship": "Inner", "Plan Width": 436, "Total Cost": 149786655416.4}], "Node Type": "Nested Loop", "Plan Rows": 62662639124503756800, "Join Type": "Inner", "Parent Relationship": "Outer", "Plan Width": 836, "Total Cost": 2.990845736042809e+18}, {"Startup Cost": 0.0, "Plans": [{"Startup Cost": 0.0, "Node Type": "Seq Scan", "Plan Rows": 860, "Relation Name": "table_38", "Alias": "table_38", "Parent Relationship": "Outer", "Plan Width": 64, "Total Cost": 18.6}], "Plan Rows": 860, "Node Type": "Materialize", "Parent Relationship": "Inner", "Plan Width": 64, "Total Cost": 22.9}], "Node Type": "Nested Loop", "Plan Rows": 269449348235366170624, "Join Type": "Left", "Parent Relationship": "Outer", "Plan Width": 900, "Join Filter": "(table_10.col_0 = table_38.col_0)", "Total Cost": 8.113388904421413e+20}], "Plan Rows": 269449348235366170624, "Node Type": "Materialize", "Parent Relationship": "Inner", "Plan Width": 900, "Total Cost": 8.120125138127297e+20}], "Node Type": "Merge Join", "Plan Rows": 722393702619016832, "Join Type": "Inner", "Parent Relationship": "Outer", "Plan Width": 1068, "Join Filter": "((table_10.col_2 = table_40.col_2) AND (table_61.col_0 = table_40.col_1))", "Merge Cond": "(table_40.col_0 = table_0.col_1)", "Total Cost": 1.3892538525373545e+21}, {"Startup Cost": 0.0, "Plans": [{"Startup Cost": 0.0, "Node Type": "Seq Scan", "Plan Rows": 800, "Relation Name": "table_23", "Alias": "table_23", "Parent Relationship": "Outer", "Plan Width": 72, "Total Cost": 18.0}], "Plan Rows": 800, "Node Type": "Materialize", "Parent Relationship": "Inner", "Plan Width": 72, "Total Cost": 22.0}], "Node Type": "Nested Loop", "Plan Rows": 2889574810476067328, "Join Type": "Inner", "Parent Relationship": "Outer", "Plan Width": 1140, "Join Filter": "(table_40.col_2 = table_23.col_1)", "Total Cost": 1.3979225769687827e+21}, {"Startup Cost": 31.4, "Plans": [{"Startup Cost": 0.0, "Node Type": "Seq Scan", "Plan Rows": 2140, "Relation Name": "table_49", "Alias": "table_49", "Parent Relationship": "Outer", "Plan Width": 8, "Total Cost": 31.4}], "Plan Rows": 2140, "Node Type": "Hash", "Parent Relationship": "Inner", "Plan Width": 8, "Total Cost": 31.4}], "Node Type": "Hash Join", "Plan Rows": 30918450472093921280, "Join Type": "Inner", "Hash Cond": "(table_21.col_3 = table_49.col_1)", "Parent Relationship": "Outer", "Plan Width": 1148, "Total Cost": 1.3990119466723322e+21}, {"Startup Cost": 21.6, "Plans": [{"Startup Cost": 0.0, "Node Type": "Seq Scan", "Plan Rows": 1160, "Relation Name": "table_26", "Alias": "table_26", "Parent Relationship": "Outer", "Plan Width": 40, "Total Cost": 21.6}], "Plan Rows": 1160, "Node Type": "Hash", "Parent Relationship": "Inner", "Plan Width": 40, "Total Cost": 21.6}], "Node Type": "Hash Join", "Plan Rows": 179327012738144731136, "Join Type": "Left", "Hash Cond": "(table_30.col_1 = table_26.col_2)", "Parent Relationship": "Outer", "Plan Width": 1188, "Total Cost": 1.4053656882443476e+21}, {"Startup Cost": 22.3, "Plans": [{"Startup Cost": 0.0, "Node Type": "Seq Scan", "Plan Rows": 1230, "Relation Name": "table_37", "Alias": "table_37", "Parent Relationship": "Outer", "Plan Width": 36, "Total Cost": 22.3}], "Plan Rows": 1230, "Node Type": "Hash", "Parent Relationship": "Inner", "Plan Width": 36, "Total Cost": 22.3}], "Node Type": "Hash Join", "Plan Rows": 1102861128339590086656, "Join Type": "Left", "Hash Cond": "(table_23.col_3 = table_37.col_0)", "Parent Relationship": "Outer", "Plan Width": 1224, "Total Cost": 1.4444141452680783e+21}, {"Startup Cost": 21.0, "Plans": [{"Startup Cost": 0.0, "Node Type": "Seq Scan", "Plan Rows": 1100, "Relation Name": "table_58", "Alias": "table_58", "Parent Relationship": "Outer", "Plan Width": 44, "Total Cost": 21.0}], "Plan Rows": 1100, "Node Type": "Hash", "Parent Relationship": "Inner", "Plan Width": 44, "Total Cost": 21.0}], "Node Type": "Hash Join", "Plan Rows": 6065736205867745804288, "Join Type": "Inner", "Hash Cond": "(table_0.col_0 = table_58.col_0)", "Parent Relationship": "Outer", "Plan Width": 1268, "Total Cost": 1.6594720652942985e+21}, {"Startup Cost": 18.3, "Plans": [{"Startup Cost": 0.0, "Node Type": "Seq Scan", "Plan Rows": 830, "Relation Name": "table_52", "Alias": "table_52", "Parent Relationship": "Outer", "Plan Width": 68, "Total Cost": 18.3}], "Plan Rows": 830, "Node Type": "Hash", "Parent Relationship": "Inner", "Plan Width": 68, "Total Cost": 18.3}], "Node Type": "Hash Join", "Plan Rows": 25172805254351146713088, "Join Type": "Inner", "Hash Cond": "(table_32.col_3 = table_52.col_1)", "Parent Relationship": "Outer", "Plan Width": 1336, "Total Cost": 2.555684589711258e+21}, {"Startup Cost": 21.6, "Plans": [{"Startup Cost": 0.0, "Node Type": "Seq Scan", "Plan Rows": 1160, "Relation Name": "table_62", "Alias": "table_62", "Parent Relationship": "Outer", "Plan Width": 40, "Total Cost": 21.6}], "Plan Rows": 1160, "Node Type": "Hash", "Parent Relationship": "Inner", "Plan Width": 40, "Total Cost": 21.6}], "Node Type": "Hash Join", "Plan Rows": 146002270475236648419328, "Join Type": "Left", "Hash Cond": "(table_32.col_3 = table_62.col_0)", "Parent Relationship": "Outer", "Plan Width": 1376, "Total Cost": 7.728696069480418e+21}, {"Startup Cost": 21.0, "Plans": [{"Startup Cost": 0.0, "Node Type": "Seq Scan", "Plan Rows": 1100, "Relation Name": "table_15", "Alias": "table_15", "Parent Relationship": "Outer", "Plan Width": 44, "Total Cost": 21.0}], "Plan Rows": 1100, "Node Type": "Hash", "Parent Relationship": "Inner", "Plan Width": 44, "Total Cost": 21.0}], "Node Type": "Hash Join", "Plan Rows": 4015062438069007810560, "Join Type": "Inner", "Hash Cond": "((table_40.col_1 = table_15.col_1) AND (table_28.col_1 = table_15.col_0))", "Parent Relationship": "Outer", "Plan Width": 1420, "Total Cost": 4.864948242692737e+22}, {"Startup Cost": 1970.1, "Plans": [{"Startup Cost": 259.6, "Plans": [{"Startup Cost": 235.2, "Plans": [{"Startup Cost": 85.43, "Plans": [{"Startup Cost": 0.0, "Node Type": "Seq Scan", "Plan Rows": 1230, "Relation Name": "table_3", "Alias": "table_3", "Parent Relationship": "Outer", "Plan Width": 36, "Total Cost": 22.3}], "Sort Key": ["table_3.col_1"], "Plan Rows": 1230, "Node Type": "Sort", "Parent Relationship": "Outer", "Plan Width": 36, "Total Cost": 88.5}, {"Startup Cost": 149.78, "Plans": [{"Startup Cost": 0.0, "Node Type": "Seq Scan", "Plan Rows": 2140, "Relation Name": "table_16", "Alias": "table_16", "Parent Relationship": "Outer", "Plan Width": 8, "Total Cost": 31.4}], "Sort Key": ["table_16.col_0"], "Plan Rows": 2140, "Node Type": "Sort", "Parent Relationship": "Inner", "Plan Width": 8, "Total Cost": 155.13}], "Node Type": "Merge Join", "Plan Rows": 13161, "Join Type": "Inner", "Parent Relationship": "Outer", "Plan Width": 44, "Merge Cond": "(table_3.col_1 = table_16.col_0)", "Total Cost": 438.77}, {"Startup Cost": 16.4, "Plans": [{"Startup Cost": 0.0, "Node Type": "Seq Scan", "Plan Rows": 640, "Relation Name": "table_45", "Alias": "table_45", "Parent Relationship": "Outer", "Plan Width": 96, "Total Cost": 16.4}], "Plan Rows": 640, "Node Type": "Hash", "Parent Relationship": "Inner", "Plan Width": 96, "Total Cost": 16.4}], "Node Type": "Hash Join", "Plan Rows": 42115, "Join Type": "Inner", "Hash Cond": "(table_3.col_0 = table_45.col_1)", "Parent Relationship": "Outer", "Plan Width": 140, "Total Cost": 1970.1}], "Plan Rows": 42115, "Node Type": "Hash", "Parent Relationship": "Inner", "Plan Width": 140, "Total Cost": 1970.1}], "Node Type": "Hash Join", "Plan Rows": 845471772896381322133504, "Join Type": "Inner", "Hash Cond": "(table_32.col_3 = table_16.col_1)", "Parent Relationship": "Outer", "Plan Width": 1560, "Total Cost": 7.966900789621549e+22}, {"Startup Cost": 22.3, "Plans": [{"Startup Cost": 0.0, "Node Type": "Seq Scan", "Plan Rows": 1230, "Relation Name": "table_29", "Alias": "table_29", "Parent Relationship": "Outer", "Plan Width": 36, "Total Cost": 22.3}], "Plan Rows": 1230, "Node Type": "Hash", "Parent Relationship": "Inner", "Plan Width": 36, "Total Cost": 22.3}], "Node Type": "Hash Join", "Plan Rows": 5199651403312745506930688, "Join Type": "Left", "Hash Cond": "(table_15.col_0 = table_29.col_0)", "Parent Relationship": "Outer", "Plan Width": 1596, "Total Cost": 2.637704864444025e+23}, {"Startup Cost": 21.0, "Plans": [{"Startup Cost": 0.0, "Node Type": "Seq Scan", "Plan Rows": 1100, "Relation Name": "table_39", "Alias": "table_39", "Parent Relationship": "Outer", "Plan Width": 44, "Total Cost": 21.0}], "Plan Rows": 1100, "Node Type": "Hash", "Parent Relationship": "Inner", "Plan Width": 44, "Total Cost": 21.0}], "Node Type": "Hash Join", "Plan Rows": 28598082718220102435602432, "Join Type": "Left", "Hash Cond": "(table_45.col_2 = table_39.col_3)", "Parent Relationship": "Outer", "Plan Width": 1640, "Total Cost": 1.277702510090388e+24}, {"Startup Cost": 22.3, "Plans": [{"Startup Cost": 0.0, "Node Type": "Seq Scan", "Plan Rows": 1230, "Relation Name": "table_9", "Alias": "table_9", "Parent Relationship": "Outer", "Plan Width": 36, "Total Cost": 22.3}], "Plan Rows": 1230, "Node Type": "Hash", "Parent Relationship": "Inner", "Plan Width": 36, "Total Cost": 22.3}], "Node Type": "Hash Join", "Plan Rows": 175878208717053643722850304, "Join Type": "Inner", "Hash Cond": "(table_45.col_2 = table_9.col_0)", "Parent Relationship": "Outer", "Plan Width": 1676, "Total Cost": 7.504935021982816e+24}], "Sort Key": ["table_0.col_1", "table_14.col_0", "table_63.col_1", "table_58.col_1"], "Plan Rows": 175878208717053643722850304, "Node Type": "Sort", "Parent Relationship": "Outer", "Plan Width": 1676, "Total Cost": 3.9169212413584886e+27}], "Plan Rows": 175878208717053643722850304, "Node Type": "Materialize", "Parent Relationship": "Inner", "Plan Width": 1676, "Total Cost": 3.917360936880281e+27}], "Node Type": "Merge Join", "Plan Rows": 28086065572969674543779785572614144, "Join Type": "Inner", "Parent Relationship": "Outer", "Plan Width": 2588, "Merge Cond": "((table_42.col_1 = table_0.col_1) AND (table_8.col_0 = table_10.col_0) AND (table_33.col_2 = table_54.col_1) AND (table_48.col_1 = table_58.col_1))", "Total Cost": 6.31940392313061e+32}], "Plan Rows": 28086065572969674543779785572614144, "Node Type": "Materialize", "Parent Relationship": "Inner", "Plan Width": 2588, "Total Cost": 7.021555562454852e+32}], "Node Type": "Merge Join", "Plan Rows": 505652392040449183401199428255481588973830144, "Join Type": "Inner", "Parent Relationship": "Outer", "Plan Width": 3208, "Merge Cond": "(table_6.col_1 = table_0.col_1)", "Total Cost": 7.584785881238678e+42}, {"Startup Cost": 22.3, "Plans": [{"Startup Cost": 0.0, "Node Type": "Seq Scan", "Plan Rows": 1230, "Relation Name": "table_47", "Alias": "table_47", "Parent Relationship": "Outer", "Plan Width": 36, "Total Cost": 22.3}], "Plan Rows": 1230, "Node Type": "Hash", "Parent Relationship": "Inner", "Plan Width": 36, "Total Cost": 22.3}], "Plan Rows": 3109762211048762569029763375175200004764598272, "Node Type": "Hash Join", "Join Type": "Right", "Hash Cond": "(table_59.col_1 = table_47.col_0)", "Plan Width": 3244, "Total Cost": 1.176905942480465e+44}}]