[{"Plan": {"Startup Cost": 1.3716011207619386e+33, "Plans": [{"Startup Cost": 1.3716011207619386e+33, "Plans": [{"Startup Cost": 85.43, "Plans": [{"Startup Cost": 0.0, "Node Type": "Seq Scan", "Plan Rows": 1230, "Relation Name": "table_7", "Alias": "table_7", "Parent Relationship": "Outer", "Plan Width": 36, "Total Cost": 22.3}], "Sort Key": ["table_7.col_1"], "Plan Rows": 1230, "Node Type": "Sort", "Parent Relationship": "Outer", "Plan Width": 36, "Total Cost": 88.5}, {"Startup Cost": 1.3716011207619386e+33, "Plans": [{"Startup Cost": 1.3716011207619386e+33, "Plans": [{"Startup Cost": 1.3716011207619317e+33, "Plans": [{"Startup Cost": 2.8851773255809175e+28, "Plans": [{"Startup Cost": 7946200.74, "Plans": [{"Startup Cost": 40682.65, "Plans": [{"Startup Cost": 40658.7, "Plans": [{"Startup Cost": 123.46, "Plans": [{"Startup Cost": 38.04, "Plans": [{"Startup Cost": 0.0, "Node Type": "Seq Scan", "Plan Rows": 510, "Relation Name": "table_23", "Alias": "table_23", "Parent Relationship": "Outer", "Plan Width": 128, "Total Cost": 15.1}], "Sort Key": ["table_23.col_0"], "Plan Rows": 510, "Node Type": "Sort", "Parent Relationship": "Outer", "Plan Width": 128, "Total Cost": 39.31}, {"Startup Cost": 85.43, "Plans": [{"Startup Cost": 0.0, "Node Type": "Seq Scan", "Plan Rows": 1230, "Relation Name": "table_8", "Alias": "table_8", "Parent Relationship": "Outer", "Plan Width": 36, "Total Cost": 22.3}], "Sort Key": ["table_8.col_0"], "Plan Rows": 1230, "Node Type": "Sort", "Parent Relationship": "Inner", "Plan Width": 36, "Total Cost": 88.5}], "Node Type": "Merge Join", "Plan Rows": 3136, "Join Type": "Left", "Parent Relationship": "Outer", "Plan Width": 164, "Merge Cond": "(table_23.col_0 = table_8.col_0)", "Total Cost": 173.05}, {"Startup Cost": 40535.24, "Plans": [{"Startup Cost": 40535.24, "Plans": [{"Startup Cost": 289.91, "Plans": [{"Startup Cost": 85.43, "Plans": [{"Startup Cost": 0.0, "Node Type": "Seq Scan", "Plan Rows": 1230, "Relation Name": "table_59", "Alias": "table_59", "Parent Relationship": "Outer", "Plan Width": 36, "Total Cost": 22.3}], "Sort Key": ["table_59.col_0"], "Plan Rows": 1230, "Node Type": "Sort", "Parent Relationship": "Outer", "Plan Width": 36, "Total Cost": 88.5}, {"Startup Cost": 204.49, "Plans": [{"Startup Cost": 204.49, "Plans": [{"Startup Cost": 60.52, "Plans": [{"Startup Cost": 0.0, "Node Type": "Seq Scan", "Plan Rows": 860, "Relation Name": "table_44", "Alias": "table_44", "Parent Relationship": "Outer", "Plan Width": 64, "Total Cost": 18.6}], "Sort Key": ["table_44.col_1"], "Plan Rows": 860, "Node Type": "Sort", "Parent Relationship": "Outer", "Plan Width": 64, "Total Cost": 62.67}, {"Startup Cost": 143.97, "Plans": [{"Startup Cost": 143.97, "Plans": [{"Startup Cost": 58.54, "Plans": [{"Startup Cost": 0.0, "Node Type": "Seq Scan", "Plan Rows": 830, "Relation Name": "table_18", "Alias": "table_18", "Parent Relationship": "Outer", "Plan Width": 68, "Total Cost": 18.3}], "Sort Key": ["table_18.col_2"], "Plan Rows": 830, "Node Type": "Sort", "Parent Relationship": "Outer", "Plan Width": 68, "Total Cost": 60.62}, {"Startup Cost": 85.43, "Plans": [{"Startup Cost": 0.0, "Node Type": "Seq Scan", "Plan Rows": 1230, "Relation Name": "table_31", "Alias": "table_31", "Parent Relationship": "Outer", "Plan Width": 36, "Total Cost": 22.3}], "Sort Key": ["table_31.col_1"], "Plan Rows": 1230, "Node Type": "Sort", "Parent Relationship": "Inner", "Plan Width": 36, "Total Cost": 88.5}], "Node Type": "Merge Join", "Plan Rows": 5104, "Join Type": "Inner", "Parent Relationship": "Outer", "Plan Width": 104, "Merge Cond": "(table_18.col_2 = table_31.col_1)", "Total Cost": 224.68}], "Plan Rows": 5104, "Node Type": "Materialize", "Parent Relationship": "Inner", "Plan Width": 104, "Total Cost": 237.44}], "Node Type": "Merge Join", "Plan Rows": 21947, "Join Type": "Inner", "Parent Relationship": "Outer", "Plan Width": 168, "Merge Cond": "(table_44.col_1 = table_31.col_1)", "Total Cost": 618.7}], "Plan Rows": 21947, "Node Type": "Materialize", "Parent Relationship": "Inner", "Plan Width": 168, "Total Cost": 673.57}], "Node Type": "Merge Join", "Plan Rows": 134974, "Join Type": "Inner", "Parent Relationship": "Outer", "Plan Width": 204, "Merge Cond": "(table_59.col_0 = table_31.col_1)", "Total Cost": 2734.89}], "Sort Key": ["table_44.col_0"], "Plan Rows": 134974, "Node Type": "Sort", "Parent Relationship": "Outer", "Plan Width": 204, "Total Cost": 40872.67}], "Plan Rows": 134974, "Node Type": "Materialize", "Parent Relationship": "Inner", "Plan Width": 204, "Total Cost": 41210.11}], "Node Type": "Merge Join", "Plan Rows": 2116392, "Join Type": "Inner", "Parent Relationship": "Outer", "Plan Width": 368, "Merge Cond": "(table_23.col_0 = table_44.col_0)", "Total Cost": 72799.45}, {"Startup Cost": 16.2, "Plans": [{"Startup Cost": 0.0, "Node Type": "Seq Scan", "Plan Rows": 620, "Relation Name": "table_49", "Alias": "table_49", "Parent Relationship": "Outer", "Plan Width": 100, "Total Cost": 16.2}], "Plan Rows": 620, "Node Type": "Hash", "Parent Relationship": "Inner", "Plan Width": 100, "Total Cost": 16.2}], "Node Type": "Hash Join", "Plan Rows": 6560815, "Join Type": "Inner", "Hash Cond": "(table_23.col_2 = table_49.col_2)", "Parent Relationship": "Outer", "Plan Width": 468, "Total Cost": 307742.91}], "Sort Key": ["table_18.col_2"], "Plan Rows": 6560815, "Node Type": "Sort", "Parent Relationship": "Outer", "Plan Width": 468, "Total Cost": 7962602.77}, {"Startup Cost": 2.8851773255809175e+28, "Plans": [{"Startup Cost": 2.8851773255809175e+28, "Plans": [{"Startup Cost": 1585477091709057.5, "Plans": [{"Startup Cost": 1585477091709029.5, "Plans": [{"Startup Cost": 1585477091709001.5, "Plans": [{"Startup Cost": 1585477091708973.5, "Plans": [{"Startup Cost": 1585477091708936.0, "Plans": [{"Startup Cost": 1585477091708898.5, "Plans": [{"Startup Cost": 1585477091708870.5, "Plans": [{"Startup Cost": 86914223475508.16, "Plans": [{"Startup Cost": 173588615.01, "Plans": [{"Startup Cost": 173588577.34, "Plans": [{"Startup Cost": 173588549.34, "Plans": [{"Startup Cost": 432493.25, "Plans": [{"Startup Cost": 5570.27, "Plans": [{"Startup Cost": 490.33, "Plans": [{"Startup Cost": 123.19, "Plans": [{"Startup Cost": 0.0, "Node Type": "Seq Scan", "Plan Rows": 1770, "Relation Name": "table_64", "Alias": "table_64", "Parent Relationship": "Outer", "Plan Width": 16, "Total Cost": 27.7}], "Sort Key": ["table_64.col_2"], "Plan Rows": 1770, "Node Type": "Sort", "Parent Relationship": "Outer", "Plan Width": 16, "Total Cost": 127.61}, {"Startup Cost": 367.14, "Plans": [{"Startup Cost": 23.95, "Plans": [{"Startup Cost": 0.0, "Node Type": "Seq Scan", "Plan Rows": 1100, "Relation Name": "table_47", "Alias": "table_47", "Parent Relationship": "Outer", "Plan Width": 44, "Total Cost": 21.0}, {"Startup Cost": 16.2, "Plans": [{"Startup Cost": 0.0, "Node Type": "Seq Scan", "Plan Rows": 620, "Relation Name": "table_10", "Alias": "table_10", "Parent Relationship": "Outer", "Plan Width": 100, "Total Cost": 16.2}], "Plan Rows": 620, "Node Type": "Hash", "Parent Relationship": "Inner", "Plan Width": 100, "Total Cost": 16.2}], "Node Type": "Hash Join", "Plan Rows": 3410, "Join Type": "Inner", "Hash Cond": "(table_47.col_3 = table_10.col_2)", "Parent Relationship": "Outer", "Plan Width": 144, "Total Cost": 167.05}], "Sort Key": ["table_47.col_2"], "Plan Rows": 3410, "Node Type": "Sort", "Parent Relationship": "Inner", "Plan Width": 144, "Total Cost": 375.67}], "Node Type": "Merge Join", "Plan Rows": 30178, "Join Type": "Inner", "Parent Relationship": "Outer", "Plan Width": 160, "Merge Cond": "(table_64.col_2 = table_47.col_2)", "Total Cost": 951.85}], "Sort Key": ["table_64.col_2", "table_10.col_3"], "Plan Rows": 30178, "Node Type": "Sort", "Parent Relationship": "Outer", "Plan Width": 160, "Total Cost": 5645.72}, {"Startup Cost": 426922.97, "Plans": [{"Startup Cost": 426922.97, "Plans": [{"Startup Cost": 0.0, "Plans": [{"Startup Cost": 0.0, "Node Type": "Seq Scan", "Plan Rows": 2140, "Relation Name": "table_1", "Alias": "table_1", "Parent Relationship": "Outer", "Plan Width": 8, "Total Cost": 31.4}, {"Startup Cost": 0.0, "Plans": [{"Startup Cost": 0.0, "Node Type": "Seq Scan", "Plan Rows": 800, "Relation Name": "table_61", "Alias": "table_61", "Parent Relationship": "Outer", "Plan Width": 72, "Total Cost": 18.0}], "Plan Rows": 800, "Node Type": "Materialize", "Parent Relationship": "Inner", "Plan Width": 72, "Total Cost": 22.0}], "Node Type": "Nested Loop", "Plan Rows": 1712000, "Join Type": "Inner", "Parent Relationship": "Outer", "Plan Width": 80, "Total Cost": 21451.4}], "Sort Key": ["table_1.col_0", "table_61.col_1"], "Plan Rows": 1712000, "Node Type": "Sort", "Parent Relationship": "Outer", "Plan Width": 80, "Total Cost": 431202.97}], "Plan Rows": 1712000, "Node Type": "Materialize", "Parent Relationship": "Inner", "Plan Width": 80, "Total Cost": 435482.97}], "Node Type": "Merge Join", "Plan Rows": 1291618, "Join Type": "Inner", "Parent Relationship": "Outer", "Plan Width": 240, "Merge Cond": "((table_47.col_2 = table_1.col_0) AND (table_10.col_3 = table_61.col_1))", "Total Cost": 462755.76}, {"Startup Cost": 173156056.09, "Plans": [{"Startup Cost": 173156056.09, "Plans": [{"Startup Cost": 20651.2, "Plans": [{"Startup Cost": 20616.45, "Plans": [{"Startup Cost": 20592.05, "Plans": [{"Startup Cost": 5269.8, "Plans": [{"Startup Cost": 607.29, "Plans": [{"Startup Cost": 80.64, "Plans": [{"Startup Cost": 0.0, "Node Type": "Seq Scan", "Plan Rows": 1160, "Relation Name": "table_22", "Alias": "table_22", "Parent Relationship": "Outer", "Plan Width": 40, "Total Cost": 21.6}], "Sort Key": ["table_22.col_0"], "Plan Rows": 1160, "Node Type": "Sort", "Parent Relationship": "Outer", "Plan Width": 40, "Total Cost": 83.54}, {"Startup Cost": 526.65, "Plans": [{"Startup Cost": 141.16, "Plans": [{"Startup Cost": 60.52, "Plans": [{"Startup Cost": 0.0, "Node Type": "Seq Scan", "Plan Rows": 860, "Relation Name": "table_40", "Alias": "table_40", "Parent Relationship": "Outer", "Plan Width": 64, "Total Cost": 18.6}], "Sort Key": ["table_40.col_1"], "Plan Rows": 860, "Node Type": "Sort", "Parent Relationship": "Outer", "Plan Width": 64, "Total Cost": 62.67}, {"Startup Cost": 80.64, "Plans": [{"Startup Cost": 0.0, "Node Type": "Seq Scan", "Plan Rows": 1160, "Relation Name": "table_34", "Alias": "table_34", "Parent Relationship": "Outer", "Plan Width": 40, "Total Cost": 21.6}], "Sort Key": ["table_34.col_0"], "Plan Rows": 1160, "Node Type": "Sort", "Parent Relationship": "Inner", "Plan Width": 40, "Total Cost": 83.54}], "Node Type": "Merge Join", "Plan Rows": 4988, "Join Type": "Inner", "Parent Relationship": "Outer", "Plan Width": 104, "Merge Cond": "(table_40.col_1 = table_34.col_0)", "Total Cost": 220.28}], "Sort Key": ["table_34.col_1"], "Plan Rows": 4988, "Node Type": "Sort", "Parent Relationship": "Inner", "Plan Width": 104, "Total Cost": 539.12}], "Node Type": "Merge Join", "Plan Rows": 28930, "Join Type": "Right", "Parent Relationship": "Outer", "Plan Width": 144, "Merge Cond": "(table_22.col_0 = table_34.col_1)", "Total Cost": 1047.04}], "Sort Key": ["table_34.col_2"], "Plan Rows": 28930, "Node Type": "Sort", "Parent Relationship": "Outer", "Plan Width": 144, "Total Cost": 5342.12}, {"Startup Cost": 15322.26, "Plans": [{"Startup Cost": 15322.26, "Plans": [{"Startup Cost": 355.6, "Plans": [{"Startup Cost": 279.03, "Plans": [{"Startup Cost": 46.23, "Plans": [{"Startup Cost": 0.0, "Node Type": "Seq Scan", "Plan Rows": 640, "Relation Name": "table_26", "Alias": "table_26", "Parent Relationship": "Outer", "Plan Width": 96, "Total Cost": 16.4}], "Sort Key": ["table_26.col_2"], "Plan Rows": 640, "Node Type": "Sort", "Parent Relationship": "Outer", "Plan Width": 96, "Total Cost": 47.83}, {"Startup Cost": 232.8, "Plans": [{"Startup Cost": 21.48, "Plans": [{"Startup Cost": 0.0, "Node Type": "Seq Scan", "Plan Rows": 830, "Relation Name": "table_41", "Alias": "table_41", "Parent Relationship": "Outer", "Plan Width": 68, "Total Cost": 18.3}, {"Startup Cost": 15.1, "Plans": [{"Startup Cost": 0.0, "Node Type": "Seq Scan", "Plan Rows": 510, "Relation Name": "table_42", "Alias": "table_42", "Parent Relationship": "Outer", "Plan Width": 128, "Total Cost": 15.1}], "Plan Rows": 510, "Node Type": "Hash", "Parent Relationship": "Inner", "Plan Width": 128, "Total Cost": 15.1}], "Node Type": "Hash Join", "Plan Rows": 2116, "Join Type": "Inner", "Hash Cond": "(table_41.col_0 = table_42.col_1)", "Parent Relationship": "Outer", "Plan Width": 196, "Total Cost": 115.92}], "Sort Key": ["table_42.col_0"], "Plan Rows": 2116, "Node Type": "Sort", "Parent Relationship": "Inner", "Plan Width": 196, "Total Cost": 238.09}], "Node Type": "Merge Join", "Plan Rows": 6771, "Join Type": "Inner", "Parent Relationship": "Outer", "Plan Width": 292, "Merge Cond": "(table_26.col_2 = table_42.col_0)", "Total Cost": 383.8}, {"Startup Cost": 76.57, "Plans": [{"Startup Cost": 0.0, "Node Type": "Seq Scan", "Plan Rows": 1100, "Relation Name": "table_56", "Alias": "table_56", "Parent Relationship": "Outer", "Plan Width": 44, "Total Cost": 21.0}], "Sort Key": ["table_56.col_0"], "Plan Rows": 1100, "Node Type": "Sort", "Parent Relationship": "Inner", "Plan Width": 44, "Total Cost": 79.32}], "Node Type": "Merge Join", "Plan Rows": 37240, "Join Type": "Inner", "Parent Relationship": "Outer", "Plan Width": 336, "Merge Cond": "(table_42.col_0 = table_56.col_0)", "Total Cost": 1035.89}], "Sort Key": ["table_41.col_1"], "Plan Rows": 37240, "Node Type": "Sort", "Parent Relationship": "Outer", "Plan Width": 336, "Total Cost": 15415.36}], "Plan Rows": 37240, "Node Type": "Materialize", "Parent Relationship": "Inner", "Plan Width": 336, "Total Cost": 15508.46}], "Node Type": "Merge Join", "Plan Rows": 5386766, "Join Type": "Inner", "Parent Relationship": "Outer", "Plan Width": 480, "Merge Cond": "(table_34.col_2 = table_41.col_1)", "Total Cost": 101631.29}, {"Startup Cost": 16.4, "Plans": [{"Startup Cost": 0.0, "Node Type": "Seq Scan", "Plan Rows": 640, "Relation Name": "table_4", "Alias": "table_4", "Parent Relationship": "Outer", "Plan Width": 96, "Total Cost": 16.4}], "Plan Rows": 640, "Node Type": "Hash", "Parent Relationship": "Inner", "Plan Width": 96, "Total Cost": 16.4}], "Node Type": "Hash Join", "Plan Rows": 17237651, "Join Type": "Inner", "Hash Cond": "(table_34.col_0 = table_4.col_1)", "Parent Relationship": "Outer", "Plan Width": 576, "Total Cost": 718440.4}, {"Startup Cost": 21.0, "Plans": [{"Startup Cost": 0.0, "Node Type": "Seq Scan", "Plan Rows": 1100, "Relation Name": "table_24", "Alias": "table_24", "Parent Relationship": "Outer", "Plan Width": 44, "Total Cost": 21.0}], "Plan Rows": 1100, "Node Type": "Hash", "Parent Relationship": "Inner", "Plan Width": 44, "Total Cost": 21.0}], "Node Type": "Hash Join", "Plan Rows": 94807080, "Join Type": "Inner", "Hash Cond": "(table_56.col_1 = table_24.col_1)", "Parent Relationship": "Outer", "Plan Width": 620, "Total Cost": 4079817.09}], "Sort Key": ["table_41.col_1"], "Plan Rows": 94807080, "Node Type": "Sort", "Parent Relationship": "Outer", "Plan Width": 620, "Total Cost": 173393073.79}], "Plan Rows": 94807080, "Node Type": "Materialize", "Parent Relationship": "Inner", "Plan Width": 620, "Total Cost": 173630091.49}], "Node Type": "Merge Join", "Plan Rows": 612272655277, "Join Type": "Inner", "Parent Relationship": "Outer", "Plan Width": 860, "Merge Cond": "(table_47.col_2 = table_41.col_1)", "Total Cost": 9357948887.75}, {"Startup Cost": 18.0, "Plans": [{"Startup Cost": 0.0, "Node Type": "Seq Scan", "Plan Rows": 800, "Relation Name": "table_55", "Alias": "table_55", "Parent Relationship": "Outer", "Plan Width": 72, "Total Cost": 18.0}], "Plan Rows": 800, "Node Type": "Hash", "Parent Relationship": "Inner", "Plan Width": 72, "Total Cost": 18.0}], "Node Type": "Hash Join", "Plan Rows": 2449090621108, "Join Type": "Inner", "Hash Cond": "(table_42.col_1 = table_55.col_3)", "Parent Relationship": "Outer", "Plan Width": 932, "Total Cost": 96606802292.72}, {"Startup Cost": 22.3, "Plans": [{"Startup Cost": 0.0, "Node Type": "Seq Scan", "Plan Rows": 1230, "Relation Name": "table_30", "Alias": "table_30", "Parent Relationship": "Outer", "Plan Width": 36, "Total Cost": 22.3}], "Plan Rows": 1230, "Node Type": "Hash", "Parent Relationship": "Inner", "Plan Width": 36, "Total Cost": 22.3}], "Node Type": "Hash Join", "Plan Rows": 15061907319814, "Join Type": "Left", "Hash Cond": "(table_34.col_2 = table_30.col_1)", "Parent Relationship": "Outer", "Plan Width": 968, "Total Cost": 629896285076.66}], "Sort Key": ["table_55.col_3", "table_42.col_0"], "Plan Rows": 15061907319814, "Node Type": "Sort", "Parent Relationship": "Outer", "Plan Width": 968, "Total Cost": 86951878243807.69}, {"Startup Cost": 1498562868233362.2, "Plans": [{"Startup Cost": 1498562868233362.2, "Plans": [{"Startup Cost": 25575184.69, "Plans": [{"Startup Cost": 25574871.9, "Plans": [{"Startup Cost": 25574815.32, "Plans": [{"Startup Cost": 6408.24, "Plans": [{"Startup Cost": 6350.09, "Plans": [{"Startup Cost": 85.43, "Plans": [{"Startup Cost": 0.0, "Node Type": "Seq Scan", "Plan Rows": 1230, "Relation Name": "table_57", "Alias": "table_57", "Parent Relationship": "Outer", "Plan Width": 36, "Total Cost": 22.3}], "Sort Key": ["table_57.col_0"], "Plan Rows": 1230, "Node Type": "Sort", "Parent Relationship": "Outer", "Plan Width": 36, "Total Cost": 88.5}, {"Startup Cost": 6264.67, "Plans": [{"Startup Cost": 6264.67, "Plans": [{"Startup Cost": 270.57, "Plans": [{"Startup Cost": 23.95, "Plans": [{"Startup Cost": 0.0, "Node Type": "Seq Scan", "Plan Rows": 800, "Relation Name": "table_17", "Alias": "table_17", "Parent Relationship": "Outer", "Plan Width": 72, "Total Cost": 18.0}, {"Startup Cost": 16.2, "Plans": [{"Startup Cost": 0.0, "Node Type": "Seq Scan", "Plan Rows": 620, "Relation Name": "table_12", "Alias": "table_12", "Parent Relationship": "Outer", "Plan Width": 100, "Total Cost": 16.2}], "Plan Rows": 620, "Node Type": "Hash", "Parent Relationship": "Inner", "Plan Width": 100, "Total Cost": 16.2}], "Node Type": "Hash Join", "Plan Rows": 2480, "Join Type": "Inner", "Hash Cond": "(table_17.col_1 = table_12.col_1)", "Parent Relationship": "Outer", "Plan Width": 172, "Total Cost": 130.75}], "Sort Key": ["table_17.col_2"], "Plan Rows": 2480, "Node Type": "Sort", "Parent Relationship": "Outer", "Plan Width": 172, "Total Cost": 276.77}, {"Startup Cost": 5994.09, "Plans": [{"Startup Cost": 5994.09, "Plans": [{"Startup Cost": 838.29, "Plans": [{"Startup Cost": 60.52, "Plans": [{"Startup Cost": 0.0, "Node Type": "Seq Scan", "Plan Rows": 860, "Relation Name": "table_25", "Alias": "table_25", "Parent Relationship": "Outer", "Plan Width": 64, "Total Cost": 18.6}], "Sort Key": ["table_25.col_0"], "Plan Rows": 860, "Node Type": "Sort", "Parent Relationship": "Outer", "Plan Width": 64, "Total Cost": 62.67}, {"Startup Cost": 777.77, "Plans": [{"Startup Cost": 170.85, "Plans": [{"Startup Cost": 85.43, "Plans": [{"Startup Cost": 0.0, "Node Type": "Seq Scan", "Plan Rows": 1230, "Relation Name": "table_0", "Alias": "table_0", "Parent Relationship": "Outer", "Plan Width": 36, "Total Cost": 22.3}], "Sort Key": ["table_0.col_0"], "Plan Rows": 1230, "Node Type": "Sort", "Parent Relationship": "Outer", "Plan Width": 36, "Total Cost": 88.5}, {"Startup Cost": 85.43, "Plans": [{"Startup Cost": 0.0, "Node Type": "Seq Scan", "Plan Rows": 1230, "Relation Name": "table_46", "Alias": "table_46", "Parent Relationship": "Outer", "Plan Width": 36, "Total Cost": 22.3}], "Sort Key": ["table_46.col_0"], "Plan Rows": 1230, "Node Type": "Sort", "Parent Relationship": "Inner", "Plan Width": 36, "Total Cost": 88.5}], "Node Type": "Merge Join", "Plan Rows": 7564, "Join Type": "Inner", "Parent Relationship": "Outer", "Plan Width": 72, "Merge Cond": "(table_0.col_0 = table_46.col_0)", "Total Cost": 290.46}], "Sort Key": ["table_46.col_1"], "Plan Rows": 7564, "Node Type": "Sort", "Parent Relationship": "Inner", "Plan Width": 72, "Total Cost": 796.68}], "Node Type": "Merge Join", "Plan Rows": 32525, "Join Type": "Inner", "Parent Relationship": "Outer", "Plan Width": 136, "Merge Cond": "(table_25.col_0 = table_46.col_1)", "Total Cost": 1330.46}], "Sort Key": ["table_0.col_1"], "Plan Rows": 32525, "Node Type": "Sort", "Parent Relationship": "Outer", "Plan Width": 136, "Total Cost": 6075.4}], "Plan Rows": 32525, "Node Type": "Materialize", "Parent Relationship": "Inner", "Plan Width": 136, "Total Cost": 6156.72}], "Node Type": "Merge Join", "Plan Rows": 403310, "Join Type": "Inner", "Parent Relationship": "Outer", "Plan Width": 308, "Merge Cond": "(table_17.col_2 = table_0.col_1)", "Total Cost": 12408.03}], "Plan Rows": 403310, "Node Type": "Materialize", "Parent Relationship": "Inner", "Plan Width": 308, "Total Cost": 13416.3}], "Node Type": "Merge Join", "Plan Rows": 2480356, "Join Type": "Inner", "Parent Relationship": "Outer", "Plan Width": 344, "Merge Cond": "(table_57.col_0 = table_0.col_1)", "Total Cost": 49704.94}, {"Startup Cost": 31.4, "Plans": [{"Startup Cost": 0.0, "Node Type": "Seq Scan", "Plan Rows": 2140, "Relation Name": "table_37", "Alias": "table_37", "Parent Relationship": "Outer", "Plan Width": 8, "Total Cost": 31.4}], "Plan Rows": 2140, "Node Type": "Hash", "Parent Relationship": "Inner", "Plan Width": 8, "Total Cost": 31.4}], "Node Type": "Hash Join", "Plan Rows": 26539809, "Join Type": "Inner", "Hash Cond": "(table_17.col_3 = table_37.col_1)", "Parent Relationship": "Outer", "Plan Width": 352, "Total Cost": 984857.3}], "Sort Key": ["table_46.col_1"], "Plan Rows": 26539809, "Node Type": "Sort", "Parent Relationship": "Outer", "Plan Width": 352, "Total Cost": 25641164.85}, {"Startup Cost": 56.58, "Plans": [{"Startup Cost": 0.0, "Node Type": "Seq Scan", "Plan Rows": 800, "Relation Name": "table_28", "Alias": "table_28", "Parent Relationship": "Outer", "Plan Width": 72, "Total Cost": 18.0}], "Sort Key": ["table_28.col_0"], "Plan Rows": 800, "Node Type": "Sort", "Parent Relationship": "Inner", "Plan Width": 72, "Total Cost": 58.58}], "Node Type": "Merge Join", "Plan Rows": 106159236, "Join Type": "Left", "Parent Relationship": "Outer", "Plan Width": 424, "Merge Cond": "(table_25.col_0 = table_28.col_0)", "Total Cost": 27299959.49}, {"Startup Cost": 312.79, "Plans": [{"Startup Cost": 254.64, "Plans": [{"Startup Cost": 219.89, "Plans": [{"Startup Cost": 102.81, "Plans": [{"Startup Cost": 46.23, "Plans": [{"Startup Cost": 0.0, "Node Type": "Seq Scan", "Plan Rows": 640, "Relation Name": "table_39", "Alias": "table_39", "Parent Relationship": "Outer", "Plan Width": 96, "Total Cost": 16.4}], "Sort Key": ["table_39.col_0"], "Plan Rows": 640, "Node Type": "Sort", "Parent Relationship": "Outer", "Plan Width": 96, "Total Cost": 47.83}, {"Startup Cost": 56.58, "Plans": [{"Startup Cost": 0.0, "Node Type": "Seq Scan", "Plan Rows": 800, "Relation Name": "table_58", "Alias": "table_58", "Parent Relationship": "Outer", "Plan Width": 72, "Total Cost": 18.0}], "Sort Key": ["table_58.col_3"], "Plan Rows": 800, "Node Type": "Sort", "Parent Relationship": "Inner", "Plan Width": 72, "Total Cost": 58.58}], "Node Type": "Merge Join", "Plan Rows": 2560, "Join Type": "Inner", "Parent Relationship": "Outer", "Plan Width": 168, "Merge Cond": "(table_39.col_0 = table_58.col_3)", "Total Cost": 144.41}, {"Startup Cost": 117.08, "Plans": [{"Startup Cost": 117.08, "Plans": [{"Startup Cost": 58.54, "Plans": [{"Startup Cost": 0.0, "Node Type": "Seq Scan", "Plan Rows": 830, "Relation Name": "table_21", "Alias": "table_21", "Parent Relationship": "Outer", "Plan Width": 68, "Total Cost": 18.3}], "Sort Key": ["table_21.col_2"], "Plan Rows": 830, "Node Type": "Sort", "Parent Relationship": "Outer", "Plan Width": 68, "Total Cost": 60.62}, {"Startup Cost": 58.54, "Plans": [{"Startup Cost": 0.0, "Node Type": "Seq Scan", "Plan Rows": 830, "Relation Name": "table_5", "Alias": "table_5", "Parent Relationship": "Outer", "Plan Width": 68, "Total Cost": 18.3}], "Sort Key": ["table_5.col_1"], "Plan Rows": 830, "Node Type": "Sort", "Parent Relationship": "Inner", "Plan Width": 68, "Total Cost": 60.62}], "Node Type": "Merge Join", "Plan Rows": 3444, "Join Type": "Left", "Parent Relationship": "Outer", "Plan Width": 136, "Merge Cond": "(table_21.col_2 = table_5.col_1)", "Total Cost": 172.89}], "Plan Rows": 3444, "Node Type": "Materialize", "Parent Relationship": "Inner", "Plan Width": 136, "Total Cost": 181.5}], "Node Type": "Merge Join", "Plan Rows": 44083, "Join Type": "Inner", "Parent Relationship": "Outer", "Plan Width": 304, "Merge Cond": "(table_58.col_3 = table_21.col_2)", "Total Cost": 984.95}, {"Startup Cost": 21.0, "Plans": [{"Startup Cost": 0.0, "Node Type": "Seq Scan", "Plan Rows": 1100, "Relation Name": "table_27", "Alias": "table_27", "Parent Relationship": "Outer", "Plan Width": 44, "Total Cost": 21.0}], "Plan Rows": 1100, "Node Type": "Hash", "Parent Relationship": "Inner", "Plan Width": 44, "Total Cost": 21.0}], "Node Type": "Hash Join", "Plan Rows": 242456, "Join Type": "Inner", "Hash Cond": "(table_58.col_0 = table_27.col_0)", "Parent Relationship": "Outer", "Plan Width": 348, "Total Cost": 9615.88}, {"Startup Cost": 31.4, "Plans": [{"Startup Cost": 0.0, "Node Type": "Seq Scan", "Plan Rows": 2140, "Relation Name": "table_20", "Alias": "table_20", "Parent Relationship": "Outer", "Plan Width": 8, "Total Cost": 31.4}], "Plan Rows": 2140, "Node Type": "Hash", "Parent Relationship": "Inner", "Plan Width": 8, "Total Cost": 31.4}], "Node Type": "Hash Join", "Plan Rows": 2594279, "Join Type": "Left", "Hash Cond": "(table_21.col_1 = table_20.col_1)", "Parent Relationship": "Inner", "Plan Width": 356, "Total Cost": 101079.94}], "Node Type": "Nested Loop", "Plan Rows": 275406676610844, "Join Type": "Inner", "Parent Relationship": "Outer", "Plan Width": 780, "Total Cost": 13451457193481.94}], "Sort Key": ["table_0.col_1", "table_21.col_2"], "Plan Rows": 275406676610844, "Node Type": "Sort", "Parent Relationship": "Outer", "Plan Width": 780, "Total Cost": 1499251384924889.2}], "Plan Rows": 275406676610844, "Node Type": "Materialize", "Parent Relationship": "Inner", "Plan Width": 780, "Total Cost": 1499939901616416.2}], "Node Type": "Merge Join", "Plan Rows": 103703745959262966251520, "Join Type": "Inner", "Parent Relationship": "Outer", "Plan Width": 1748, "Merge Cond": "((table_42.col_1 = table_0.col_1) AND (table_42.col_0 = table_21.col_2))", "Total Cost": 1.8148171405656746e+21}, {"Startup Cost": 18.0, "Plans": [{"Startup Cost": 0.0, "Node Type": "Seq Scan", "Plan Rows": 800, "Relation Name": "table_16", "Alias": "table_16", "Parent Relationship": "Outer", "Plan Width": 72, "Total Cost": 18.0}], "Plan Rows": 800, "Node Type": "Hash", "Parent Relationship": "Inner", "Plan Width": 72, "Total Cost": 18.0}], "Node Type": "Hash Join", "Plan Rows": 414814983837051865006080, "Join Type": "Inner", "Hash Cond": "(table_64.col_0 = table_16.col_1)", "Parent Relationship": "Outer", "Plan Width": 1820, "Total Cost": 1.6592600939760647e+22}, {"Startup Cost": 22.3, "Plans": [{"Startup Cost": 0.0, "Node Type": "Seq Scan", "Plan Rows": 1230, "Relation Name": "table_3", "Alias": "table_3", "Parent Relationship": "Outer", "Plan Width": 36, "Total Cost": 22.3}], "Plan Rows": 1230, "Node Type": "Hash", "Parent Relationship": "Inner", "Plan Width": 36, "Total Cost": 22.3}], "Node Type": "Hash Join", "Plan Rows": 2551112150597868768460800, "Join Type": "Left", "Hash Cond": "(table_1.col_1 = table_3.col_0)", "Parent Relationship": "Outer", "Plan Width": 1856, "Total Cost": 1.069185636702787e+23}, {"Startup Cost": 22.3, "Plans": [{"Startup Cost": 0.0, "Node Type": "Seq Scan", "Plan Rows": 1230, "Relation Name": "table_54", "Alias": "table_54", "Parent Relationship": "Outer", "Plan Width": 36, "Total Cost": 22.3}], "Plan Rows": 1230, "Node Type": "Hash", "Parent Relationship": "Inner", "Plan Width": 36, "Total Cost": 22.3}], "Node Type": "Hash Join", "Plan Rows": 15689339726176892254945280, "Join Type": "Inner", "Hash Cond": "(table_10.col_1 = table_54.col_1)", "Parent Relationship": "Outer", "Plan Width": 1892, "Total Cost": 6.624232344629646e+23}, {"Startup Cost": 18.0, "Plans": [{"Startup Cost": 0.0, "Node Type": "Seq Scan", "Plan Rows": 800, "Relation Name": "table_62", "Alias": "table_62", "Parent Relationship": "Outer", "Plan Width": 72, "Total Cost": 18.0}], "Plan Rows": 800, "Node Type": "Hash", "Parent Relationship": "Inner", "Plan Width": 72, "Total Cost": 18.0}], "Node Type": "Hash Join", "Plan Rows": 62757358904707569019781120, "Join Type": "Left", "Hash Cond": "(table_20.col_0 = table_62.col_2)", "Parent Relationship": "Outer", "Plan Width": 1964, "Total Cost": 2.8981541454431715e+24}, {"Startup Cost": 18.0, "Plans": [{"Startup Cost": 0.0, "Node Type": "Seq Scan", "Plan Rows": 800, "Relation Name": "table_48", "Alias": "table_48", "Parent Relationship": "Outer", "Plan Width": 72, "Total Cost": 18.0}], "Plan Rows": 800, "Node Type": "Hash", "Parent Relationship": "Inner", "Plan Width": 72, "Total Cost": 18.0}], "Node Type": "Hash Join", "Plan Rows": 251029435618830276079124480, "Join Type": "Left", "Hash Cond": "(table_21.col_0 = table_48.col_2)", "Parent Relationship": "Outer", "Plan Width": 2036, "Total Cost": 1.1841077789364e+25}, {"Startup Cost": 18.0, "Plans": [{"Startup Cost": 0.0, "Node Type": "Seq Scan", "Plan Rows": 800, "Relation Name": "table_51", "Alias": "table_51", "Parent Relationship": "Outer", "Plan Width": 72, "Total Cost": 18.0}], "Plan Rows": 800, "Node Type": "Hash", "Parent Relationship": "Inner", "Plan Width": 72, "Total Cost": 18.0}], "Node Type": "Hash Join", "Plan Rows": 1004117742475321104316497920, "Join Type": "Left", "Hash Cond": "(table_42.col_3 = table_51.col_1)", "Parent Relationship": "Outer", "Plan Width": 2108, "Total Cost": 4.761277236504732e+25}], "Sort Key": ["table_26.col_1"], "Plan Rows": 1004117742475321104316497920, "Node Type": "Sort", "Parent Relationship": "Outer", "Plan Width": 2108, "Total Cost": 2.8854283550165363e+28}], "Plan Rows": 1004117742475321104316497920, "Node Type": "Materialize", "Parent Relationship": "Inner", "Plan Width": 2108, "Total Cost": 2.885679384452155e+28}], "Node Type": "Merge Join", "Plan Rows": 32939153732991118015042282323968, "Join Type": "Inner", "Parent Relationship": "Outer", "Plan Width": 2576, "Merge Cond": "(table_31.col_1 = table_26.col_1)", "Total Cost": 5.2294158954503215e+29}], "Sort Key": ["table_46.col_1", "table_40.col_1"], "Plan Rows": 32939153732991118015042282323968, "Node Type": "Sort", "Parent Relationship": "Outer", "Plan Width": 2576, "Total Cost": 1.371683468646264e+33}, {"Startup Cost": 6.936270440560893e+18, "Plans": [{"Startup Cost": 6.936270440560893e+18, "Plans": [{"Startup Cost": 1180.3, "Plans": [{"Startup Cost": 1122.15, "Plans": [{"Startup Cost": 1086.05, "Plans": [{"Startup Cost": 1051.3, "Plans": [{"Startup Cost": 473.22, "Plans": [{"Startup Cost": 191.92, "Plans": [{"Startup Cost": 191.92, "Plans": [{"Startup Cost": 191.92, "Plans": [{"Startup Cost": 56.58, "Plans": [{"Startup Cost": 0.0, "Node Type": "Seq Scan", "Plan Rows": 800, "Relation Name": "table_15", "Alias": "table_15", "Parent Relationship": "Outer", "Plan Width": 72, "Total Cost": 18.0}], "Sort Key": ["table_15.col_2"], "Plan Rows": 800, "Node Type": "Sort", "Parent Relationship": "Outer", "Plan Width": 72, "Total Cost": 58.58}, {"Startup Cost": 135.34, "Plans": [{"Startup Cost": 0.0, "Node Type": "Seq Scan", "Plan Rows": 1940, "Relation Name": "table_9", "Alias": "table_9", "Parent Relationship": "Outer", "Plan Width": 12, "Total Cost": 29.4}], "Sort Key": ["table_9.col_1"], "Plan Rows": 1940, "Node Type": "Sort", "Parent Relationship": "Inner", "Plan Width": 12, "Total Cost": 140.19}], "Node Type": "Merge Join", "Plan Rows": 7760, "Join Type": "Left", "Parent Relationship": "Outer", "Plan Width": 84, "Merge Cond": "(table_15.col_2 = table_9.col_1)", "Total Cost": 312.32}, {"Startup Cost": 0.0, "Plans": [{"Startup Cost": 0.0, "Node Type": "Seq Scan", "Plan Rows": 860, "Relation Name": "table_2", "Alias": "table_2", "Parent Relationship": "Outer", "Plan Width": 64, "Total Cost": 18.6}], "Plan Rows": 860, "Node Type": "Materialize", "Parent Relationship": "Inner", "Plan Width": 64, "Total Cost": 22.9}], "Node Type": "Nested Loop", "Plan Rows": 6673600, "Join Type": "Inner", "Parent Relationship": "Outer", "Plan Width": 148, "Total Cost": 83753.07}, {"Startup Cost": 0.0, "Plans": [{"Startup Cost": 0.0, "Node Type": "Seq Scan", "Plan Rows": 1230, "Relation Name": "table_59", "Alias": "table_59_1", "Parent Relationship": "Outer", "Plan Width": 36, "Total Cost": 22.3}], "Plan Rows": 1230, "Node Type": "Materialize", "Parent Relationship": "Inner", "Plan Width": 36, "Total Cost": 28.45}], "Node Type": "Nested Loop", "Plan Rows": 8208528000, "Join Type": "Inner", "Parent Relationship": "Outer", "Plan Width": 184, "Total Cost": 102690378.44}, {"Startup Cost": 219.8, "Plans": [{"Startup Cost": 142.0, "Plans": [{"Startup Cost": 56.58, "Plans": [{"Startup Cost": 0.0, "Node Type": "Seq Scan", "Plan Rows": 800, "Relation Name": "table_48", "Alias": "table_48_1", "Parent Relationship": "Outer", "Plan Width": 72, "Total Cost": 18.0}], "Sort Key": ["table_48_1.col_0"], "Plan Rows": 800, "Node Type": "Sort", "Parent Relationship": "Outer", "Plan Width": 72, "Total Cost": 58.58}, {"Startup Cost": 85.43, "Plans": [{"Startup Cost": 0.0, "Node Type": "Seq Scan", "Plan Rows": 1230, "Relation Name": "table_0", "Alias": "table_0_1", "Parent Relationship": "Outer", "Plan Width": 36, "Total Cost": 22.3}], "Sort Key": ["table_0_1.col_1"], "Plan Rows": 1230, "Node Type": "Sort", "Parent Relationship": "Inner", "Plan Width": 36, "Total Cost": 88.5}], "Node Type": "Merge Join", "Plan Rows": 4920, "Join Type": "Inner", "Parent Relationship": "Outer", "Plan Width": 108, "Merge Cond": "(table_48_1.col_0 = table_0_1.col_1)", "Total Cost": 219.8}], "Plan Rows": 4920, "Node Type": "Hash", "Parent Relationship": "Inner", "Plan Width": 108, "Total Cost": 219.8}], "Node Type": "Hash Join", "Plan Rows": 201929788800, "Join Type": "Left", "Hash Cond": "(table_59_1.col_1 = table_0_1.col_0)", "Parent Relationship": "Outer", "Plan Width": 292, "Total Cost": 7190754587.74}, {"Startup Cost": 578.08, "Plans": [{"Startup Cost": 578.08, "Plans": [{"Startup Cost": 56.58, "Plans": [{"Startup Cost": 0.0, "Node Type": "Seq Scan", "Plan Rows": 800, "Relation Name": "table_61", "Alias": "table_61_1", "Parent Relationship": "Outer", "Plan Width": 72, "Total Cost": 18.0}], "Sort Key": ["table_61_1.col_1"], "Plan Rows": 800, "Node Type": "Sort", "Parent Relationship": "Outer", "Plan Width": 72, "Total Cost": 58.58}, {"Startup Cost": 521.51, "Plans": [{"Startup Cost": 142.0, "Plans": [{"Startup Cost": 56.58, "Plans": [{"Startup Cost": 0.0, "Node Type": "Seq Scan", "Plan Rows": 800, "Relation Name": "table_51", "Alias": "table_51_1", "Parent Relationship": "Outer", "Plan Width": 72, "Total Cost": 18.0}], "Sort Key": ["table_51_1.col_2"], "Plan Rows": 800, "Node Type": "Sort", "Parent Relationship": "Outer", "Plan Width": 72, "Total Cost": 58.58}, {"Startup Cost": 85.43, "Plans": [{"Startup Cost": 0.0, "Node Type": "Seq Scan", "Plan Rows": 1230, "Relation Name": "table_0", "Alias": "table_0_2", "Parent Relationship": "Outer", "Plan Width": 36, "Total Cost": 22.3}], "Sort Key": ["table_0_2.col_0"], "Plan Rows": 1230, "Node Type": "Sort", "Parent Relationship": "Inner", "Plan Width": 36, "Total Cost": 88.5}], "Node Type": "Merge Join", "Plan Rows": 4920, "Join Type": "Inner", "Parent Relationship": "Outer", "Plan Width": 108, "Merge Cond": "(table_51_1.col_2 = table_0_2.col_0)", "Total Cost": 219.8}], "Sort Key": ["table_0_2.col_1"], "Plan Rows": 4920, "Node Type": "Sort", "Parent Relationship": "Inner", "Plan Width": 108, "Total Cost": 533.81}], "Node Type": "Merge Join", "Plan Rows": 19680, "Join Type": "Left", "Parent Relationship": "Outer", "Plan Width": 180, "Merge Cond": "(table_61_1.col_1 = table_0_2.col_1)", "Total Cost": 877.28}], "Plan Rows": 19680, "Node Type": "Materialize", "Parent Relationship": "Inner", "Plan Width": 180, "Total Cost": 1466.68}], "Node Type": "Nested Loop", "Plan Rows": 3973978243584000, "Join Type": "Inner", "Parent Relationship": "Outer", "Plan Width": 472, "Total Cost": 148829445101114.25}, {"Startup Cost": 21.0, "Plans": [{"Startup Cost": 0.0, "Node Type": "Seq Scan", "Plan Rows": 1100, "Relation Name": "table_60", "Alias": "table_60", "Parent Relationship": "Outer", "Plan Width": 44, "Total Cost": 21.0}], "Plan Rows": 1100, "Node Type": "Hash", "Parent Relationship": "Inner", "Plan Width": 44, "Total Cost": 21.0}], "Node Type": "Hash Join", "Plan Rows": 21856880339712000, "Join Type": "Left", "Hash Cond": "(table_9.col_2 = table_60.col_1)", "Parent Relationship": "Outer", "Plan Width": 516, "Total Cost": 923755202600029.0}, {"Startup Cost": 21.6, "Plans": [{"Startup Cost": 0.0, "Node Type": "Seq Scan", "Plan Rows": 1160, "Relation Name": "table_53", "Alias": "table_53", "Parent Relationship": "Outer", "Plan Width": 40, "Total Cost": 21.6}], "Plan Rows": 1160, "Node Type": "Hash", "Parent Relationship": "Inner", "Plan Width": 40, "Total Cost": 21.6}], "Node Type": "Hash Join", "Plan Rows": 126769905970329600, "Join Type": "Left", "Hash Cond": "(table_0_2.col_0 = table_53.col_0)", "Parent Relationship": "Outer", "Plan Width": 556, "Total Cost": 5415344112410881.0}, {"Startup Cost": 31.4, "Plans": [{"Startup Cost": 0.0, "Node Type": "Seq Scan", "Plan Rows": 2140, "Relation Name": "table_29", "Alias": "table_29", "Parent Relationship": "Outer", "Plan Width": 8, "Total Cost": 31.4}], "Plan Rows": 2140, "Node Type": "Hash", "Parent Relationship": "Inner", "Plan Width": 8, "Total Cost": 31.4}], "Node Type": "Hash Join", "Plan Rows": 1356437993882526720, "Join Type": "Left", "Hash Cond": "(table_0_1.col_0 = table_29.col_1)", "Parent Relationship": "Outer", "Plan Width": 564, "Total Cost": 5.32075986632252e+16}], "Sort Key": ["table_2.col_0", "table_15.col_1"], "Plan Rows": 1356437993882526720, "Node Type": "Sort", "Parent Relationship": "Outer", "Plan Width": 564, "Total Cost": 6.939661535545599e+18}], "Plan Rows": 1356437993882526720, "Node Type": "Materialize", "Parent Relationship": "Inner", "Plan Width": 564, "Total Cost": 6.943052630530305e+18}], "Node Type": "Merge Join", "Plan Rows": 1116997990244165424238972305166229653036204032, "Join Type": "Inner", "Parent Relationship": "Outer", "Plan Width": 3140, "Merge Cond": "((table_46.col_1 = table_2.col_0) AND (table_34.col_0 = table_15.col_1))", "Total Cost": 1.954746483064474e+43}], "Plan Rows": 1116997990244165424238972305166229653036204032, "Node Type": "Materialize", "Parent Relationship": "Inner", "Plan Width": 3140, "Total Cost": 2.2339959806255155e+43}], "Node Type": "Merge Join", "Plan Rows": 6869537640001617374915312179625179884881444864, "Join Type": "Inner", "Parent Relationship": "Outer", "Plan Width": 3176, "Merge Cond": "(table_7.col_1 = table_46.col_1)", "Total Cost": 1.22590529430669e+44}, {"Startup Cost": 21.6, "Plans": [{"Startup Cost": 0.0, "Node Type": "Seq Scan", "Plan Rows": 1160, "Relation Name": "table_50", "Alias": "table_50", "Parent Relationship": "Outer", "Plan Width": 40, "Total Cost": 21.6}], "Plan Rows": 1160, "Node Type": "Hash", "Parent Relationship": "Inner", "Plan Width": 40, "Total Cost": 21.6}], "Plan Rows": 39843318312009380520978690596180163032971739136, "Node Type": "Hash Join", "Join Type": "Right", "Hash Cond": "(table_61.col_0 = table_50.col_2)", "Plan Width": 3216, "Total Cost": 1.5342805144510012e+45}}]