[{"Plan": {"Startup Cost": 1.1868286845311803e+31, "Plans": [{"Startup Cost": 1.1868286845311803e+31, "Plans": [{"Startup Cost": 613842470328642.8, "Plans": [{"Startup Cost": 2548029.39, "Plans": [{"Startup Cost": 250.65, "Plans": [{"Startup Cost": 222.65, "Plans": [{"Startup Cost": 56.58, "Plans": [{"Startup Cost": 0.0, "Node Type": "Seq Scan", "Plan Rows": 800, "Relation Name": "table_51", "Alias": "table_51_1", "Parent Relationship": "Outer", "Plan Width": 72, "Total Cost": 18.0}], "Sort Key": ["table_51_1.col_2"], "Plan Rows": 800, "Node Type": "Sort", "Parent Relationship": "Outer", "Plan Width": 72, "Total Cost": 58.58}, {"Startup Cost": 166.07, "Plans": [{"Startup Cost": 166.07, "Plans": [{"Startup Cost": 85.43, "Plans": [{"Startup Cost": 0.0, "Node Type": "Seq Scan", "Plan Rows": 1230, "Relation Name": "table_0", "Alias": "table_0_2", "Parent Relationship": "Outer", "Plan Width": 36, "Total Cost": 22.3}], "Sort Key": ["table_0_2.col_0"], "Plan Rows": 1230, "Node Type": "Sort", "Parent Relationship": "Outer", "Plan Width": 36, "Total Cost": 88.5}, {"Startup Cost": 80.64, "Plans": [{"Startup Cost": 0.0, "Node Type": "Seq Scan", "Plan Rows": 1160, "Relation Name": "table_53", "Alias": "table_53", "Parent Relationship": "Outer", "Plan Width": 40, "Total Cost": 21.6}], "Sort Key": ["table_53.col_0"], "Plan Rows": 1160, "Node Type": "Sort", "Parent Relationship": "Inner", "Plan Width": 40, "Total Cost": 83.54}], "Node Type": "Merge Join", "Plan Rows": 7134, "Join Type": "Left", "Parent Relationship": "Outer", "Plan Width": 76, "Merge Cond": "(table_0_2.col_0 = table_53.col_0)", "Total Cost": 279.23}], "Plan Rows": 7134, "Node Type": "Materialize", "Parent Relationship": "Inner", "Plan Width": 76, "Total Cost": 297.06}], "Node Type": "Merge Join", "Plan Rows": 28536, "Join Type": "Inner", "Parent Relationship": "Outer", "Plan Width": 148, "Merge Cond": "(table_51_1.col_2 = table_0_2.col_0)", "Total Cost": 767.85}, {"Startup Cost": 18.0, "Plans": [{"Startup Cost": 0.0, "Node Type": "Seq Scan", "Plan Rows": 800, "Relation Name": "table_61", "Alias": "table_61_1", "Parent Relationship": "Outer", "Plan Width": 72, "Total Cost": 18.0}], "Plan Rows": 800, "Node Type": "Hash", "Parent Relationship": "Inner", "Plan Width": 72, "Total Cost": 18.0}], "Node Type": "Hash Join", "Plan Rows": 114144, "Join Type": "Right", "Hash Cond": "(table_0_2.col_1 = table_61_1.col_1)", "Parent Relationship": "Outer", "Plan Width": 220, "Total Cost": 4862.23}, {"Startup Cost": 2547778.74, "Plans": [{"Startup Cost": 671.29, "Plans": [{"Startup Cost": 521.51, "Plans": [{"Startup Cost": 142.0, "Plans": [{"Startup Cost": 56.58, "Plans": [{"Startup Cost": 0.0, "Node Type": "Seq Scan", "Plan Rows": 800, "Relation Name": "table_48", "Alias": "table_48_1", "Parent Relationship": "Outer", "Plan Width": 72, "Total Cost": 18.0}], "Sort Key": ["table_48_1.col_0"], "Plan Rows": 800, "Node Type": "Sort", "Parent Relationship": "Outer", "Plan Width": 72, "Total Cost": 58.58}, {"Startup Cost": 85.43, "Plans": [{"Startup Cost": 0.0, "Node Type": "Seq Scan", "Plan Rows": 1230, "Relation Name": "table_0", "Alias": "table_0_1", "Parent Relationship": "Outer", "Plan Width": 36, "Total Cost": 22.3}], "Sort Key": ["table_0_1.col_1"], "Plan Rows": 1230, "Node Type": "Sort", "Parent Relationship": "Inner", "Plan Width": 36, "Total Cost": 88.5}], "Node Type": "Merge Join", "Plan Rows": 4920, "Join Type": "Inner", "Parent Relationship": "Outer", "Plan Width": 108, "Merge Cond": "(table_48_1.col_0 = table_0_1.col_1)", "Total Cost": 219.8}], "Sort Key": ["table_0_1.col_0"], "Plan Rows": 4920, "Node Type": "Sort", "Parent Relationship": "Outer", "Plan Width": 108, "Total Cost": 533.81}, {"Startup Cost": 149.78, "Plans": [{"Startup Cost": 0.0, "Node Type": "Seq Scan", "Plan Rows": 2140, "Relation Name": "table_29", "Alias": "table_29", "Parent Relationship": "Outer", "Plan Width": 8, "Total Cost": 31.4}], "Sort Key": ["table_29.col_1"], "Plan Rows": 2140, "Node Type": "Sort", "Parent Relationship": "Inner", "Plan Width": 8, "Total Cost": 155.13}], "Node Type": "Merge Join", "Plan Rows": 52644, "Join Type": "Left", "Parent Relationship": "Outer", "Plan Width": 116, "Merge Cond": "(table_0_1.col_0 = table_29.col_1)", "Total Cost": 1485.55}, {"Startup Cost": 2547107.46, "Plans": [{"Startup Cost": 2547107.46, "Plans": [{"Startup Cost": 143.97, "Plans": [{"Startup Cost": 143.97, "Plans": [{"Startup Cost": 58.54, "Plans": [{"Startup Cost": 0.0, "Node Type": "Seq Scan", "Plan Rows": 830, "Relation Name": "table_18", "Alias": "table_18", "Parent Relationship": "Outer", "Plan Width": 68, "Total Cost": 18.3}], "Sort Key": ["table_18.col_2"], "Plan Rows": 830, "Node Type": "Sort", "Parent Relationship": "Outer", "Plan Width": 68, "Total Cost": 60.62}, {"Startup Cost": 85.43, "Plans": [{"Startup Cost": 0.0, "Node Type": "Seq Scan", "Plan Rows": 1230, "Relation Name": "table_31", "Alias": "table_31", "Parent Relationship": "Outer", "Plan Width": 36, "Total Cost": 22.3}], "Sort Key": ["table_31.col_1"], "Plan Rows": 1230, "Node Type": "Sort", "Parent Relationship": "Inner", "Plan Width": 36, "Total Cost": 88.5}], "Node Type": "Merge Join", "Plan Rows": 5104, "Join Type": "Inner", "Parent Relationship": "Outer", "Plan Width": 104, "Merge Cond": "(table_18.col_2 = table_31.col_1)", "Total Cost": 224.68}, {"Startup Cost": 0.0, "Plans": [{"Startup Cost": 0.0, "Node Type": "Seq Scan", "Plan Rows": 1230, "Relation Name": "table_59", "Alias": "table_59_1", "Parent Relationship": "Outer", "Plan Width": 36, "Total Cost": 22.3}], "Plan Rows": 1230, "Node Type": "Materialize", "Parent Relationship": "Inner", "Plan Width": 36, "Total Cost": 28.45}], "Node Type": "Nested Loop", "Plan Rows": 6277920, "Join Type": "Inner", "Parent Relationship": "Outer", "Plan Width": 140, "Total Cost": 78724.05}], "Sort Key": ["table_59_1.col_1"], "Plan Rows": 6277920, "Node Type": "Sort", "Parent Relationship": "Outer", "Plan Width": 140, "Total Cost": 2562802.26}], "Plan Rows": 6277920, "Node Type": "Materialize", "Parent Relationship": "Inner", "Plan Width": 140, "Total Cost": 2578497.06}], "Node Type": "Merge Join", "Plan Rows": 1652474102, "Join Type": "Right", "Parent Relationship": "Inner", "Plan Width": 256, "Merge Cond": "(table_0_1.col_0 = table_59_1.col_1)", "Total Cost": 27351530.94}], "Node Type": "Nested Loop", "Plan Rows": 188620003898688, "Join Type": "Inner", "Parent Relationship": "Outer", "Plan Width": 476, "Total Cost": 5008213191638.47}], "Sort Key": ["table_31.col_1"], "Plan Rows": 188620003898688, "Node Type": "Sort", "Parent Relationship": "Outer", "Plan Width": 476, "Total Cost": 614314020338389.5}, {"Startup Cost": 1.1868286845311803e+31, "Plans": [{"Startup Cost": 1.1868286845311803e+31, "Plans": [{"Startup Cost": 291350513191.66, "Plans": [{"Startup Cost": 116.4, "Plans": [{"Startup Cost": 81.65, "Plans": [{"Startup Cost": 28.0, "Plans": [{"Startup Cost": 28.0, "Plans": [{"Startup Cost": 0.0, "Plans": [{"Startup Cost": 0.0, "Node Type": "Seq Scan", "Plan Rows": 1230, "Relation Name": "table_59", "Alias": "table_59", "Parent Relationship": "Outer", "Plan Width": 36, "Total Cost": 22.3}, {"Startup Cost": 0.0, "Plans": [{"Startup Cost": 0.0, "Node Type": "Seq Scan", "Plan Rows": 860, "Relation Name": "table_25", "Alias": "table_25", "Parent Relationship": "Outer", "Plan Width": 64, "Total Cost": 18.6}], "Plan Rows": 860, "Node Type": "Materialize", "Parent Relationship": "Inner", "Plan Width": 64, "Total Cost": 22.9}], "Node Type": "Nested Loop", "Plan Rows": 1057800, "Join Type": "Inner", "Parent Relationship": "Outer", "Plan Width": 100, "Total Cost": 13265.55}, {"Startup Cost": 18.0, "Plans": [{"Startup Cost": 0.0, "Node Type": "Seq Scan", "Plan Rows": 800, "Relation Name": "table_28", "Alias": "table_28", "Parent Relationship": "Outer", "Plan Width": 72, "Total Cost": 18.0}], "Plan Rows": 800, "Node Type": "Hash", "Parent Relationship": "Inner", "Plan Width": 72, "Total Cost": 18.0}], "Node Type": "Hash Join", "Plan Rows": 4231200, "Join Type": "Left", "Hash Cond": "(table_25.col_0 = table_28.col_0)", "Parent Relationship": "Outer", "Plan Width": 172, "Total Cost": 164030.05}, {"Startup Cost": 0.0, "Plans": [{"Startup Cost": 0.0, "Node Type": "Seq Scan", "Plan Rows": 800, "Relation Name": "table_15", "Alias": "table_15", "Parent Relationship": "Outer", "Plan Width": 72, "Total Cost": 18.0}], "Plan Rows": 800, "Node Type": "Materialize", "Parent Relationship": "Inner", "Plan Width": 72, "Total Cost": 22.0}], "Node Type": "Nested Loop", "Plan Rows": 3384960000, "Join Type": "Inner", "Parent Relationship": "Outer", "Plan Width": 244, "Total Cost": 42476050.05}, {"Startup Cost": 29.4, "Plans": [{"Startup Cost": 0.0, "Node Type": "Seq Scan", "Plan Rows": 1940, "Relation Name": "table_9", "Alias": "table_9", "Parent Relationship": "Outer", "Plan Width": 12, "Total Cost": 29.4}], "Plan Rows": 1940, "Node Type": "Hash", "Parent Relationship": "Inner", "Plan Width": 12, "Total Cost": 29.4}], "Node Type": "Hash Join", "Plan Rows": 32834112000, "Join Type": "Left", "Hash Cond": "(table_15.col_2 = table_9.col_1)", "Parent Relationship": "Outer", "Plan Width": 256, "Total Cost": 1200132423.7}, {"Startup Cost": 21.0, "Plans": [{"Startup Cost": 0.0, "Node Type": "Seq Scan", "Plan Rows": 1100, "Relation Name": "table_60", "Alias": "table_60", "Parent Relationship": "Outer", "Plan Width": 44, "Total Cost": 21.0}], "Plan Rows": 1100, "Node Type": "Hash", "Parent Relationship": "Inner", "Plan Width": 44, "Total Cost": 21.0}], "Node Type": "Hash Join", "Plan Rows": 180587616000, "Join Type": "Left", "Hash Cond": "(table_9.col_2 = table_60.col_1)", "Parent Relationship": "Outer", "Plan Width": 300, "Total Cost": 7602784298.45}], "Sort Key": ["table_59.col_0", "table_15.col_1", "table_25.col_0"], "Plan Rows": 180587616000, "Node Type": "Sort", "Parent Relationship": "Outer", "Plan Width": 300, "Total Cost": 291801982231.66}, {"Startup Cost": 1.1868286845311803e+31, "Plans": [{"Startup Cost": 1.1868286845311803e+31, "Plans": [{"Startup Cost": 5976002.06, "Plans": [{"Startup Cost": 5975964.39, "Plans": [{"Startup Cost": 5975926.71, "Plans": [{"Startup Cost": 5975891.96, "Plans": [{"Startup Cost": 5975863.96, "Plans": [{"Startup Cost": 5975835.96, "Plans": [{"Startup Cost": 5975807.96, "Plans": [{"Startup Cost": 5975779.96, "Plans": [{"Startup Cost": 31242.79, "Plans": [{"Startup Cost": 31157.37, "Plans": [{"Startup Cost": 802.52, "Plans": [{"Startup Cost": 46.23, "Plans": [{"Startup Cost": 0.0, "Node Type": "Seq Scan", "Plan Rows": 640, "Relation Name": "table_4", "Alias": "table_4", "Parent Relationship": "Outer", "Plan Width": 96, "Total Cost": 16.4}], "Sort Key": ["table_4.col_1"], "Plan Rows": 640, "Node Type": "Sort", "Parent Relationship": "Outer", "Plan Width": 96, "Total Cost": 47.83}, {"Startup Cost": 756.29, "Plans": [{"Startup Cost": 756.29, "Plans": [{"Startup Cost": 60.52, "Plans": [{"Startup Cost": 0.0, "Node Type": "Seq Scan", "Plan Rows": 860, "Relation Name": "table_40", "Alias": "table_40", "Parent Relationship": "Outer", "Plan Width": 64, "Total Cost": 18.6}], "Sort Key": ["table_40.col_1"], "Plan Rows": 860, "Node Type": "Sort", "Parent Relationship": "Outer", "Plan Width": 64, "Total Cost": 62.67}, {"Startup Cost": 695.77, "Plans": [{"Startup Cost": 161.29, "Plans": [{"Startup Cost": 80.64, "Plans": [{"Startup Cost": 0.0, "Node Type": "Seq Scan", "Plan Rows": 1160, "Relation Name": "table_34", "Alias": "table_34", "Parent Relationship": "Outer", "Plan Width": 40, "Total Cost": 21.6}], "Sort Key": ["table_34.col_1"], "Plan Rows": 1160, "Node Type": "Sort", "Parent Relationship": "Outer", "Plan Width": 40, "Total Cost": 83.54}, {"Startup Cost": 80.64, "Plans": [{"Startup Cost": 0.0, "Node Type": "Seq Scan", "Plan Rows": 1160, "Relation Name": "table_22", "Alias": "table_22", "Parent Relationship": "Outer", "Plan Width": 40, "Total Cost": 21.6}], "Sort Key": ["table_22.col_0"], "Plan Rows": 1160, "Node Type": "Sort", "Parent Relationship": "Inner", "Plan Width": 40, "Total Cost": 83.54}], "Node Type": "Merge Join", "Plan Rows": 6728, "Join Type": "Left", "Parent Relationship": "Outer", "Plan Width": 80, "Merge Cond": "(table_34.col_1 = table_22.col_0)", "Total Cost": 268.01}], "Sort Key": ["table_34.col_0"], "Plan Rows": 6728, "Node Type": "Sort", "Parent Relationship": "Inner", "Plan Width": 80, "Total Cost": 712.59}], "Node Type": "Merge Join", "Plan Rows": 28930, "Join Type": "Inner", "Parent Relationship": "Outer", "Plan Width": 144, "Merge Cond": "(table_40.col_1 = table_34.col_0)", "Total Cost": 1194.54}], "Plan Rows": 28930, "Node Type": "Materialize", "Parent Relationship": "Inner", "Plan Width": 144, "Total Cost": 1266.86}], "Node Type": "Merge Join", "Plan Rows": 92576, "Join Type": "Inner", "Parent Relationship": "Outer", "Plan Width": 240, "Merge Cond": "(table_4.col_1 = table_34.col_0)", "Total Cost": 2632.61}], "Sort Key": ["table_34.col_2"], "Plan Rows": 92576, "Node Type": "Sort", "Parent Relationship": "Outer", "Plan Width": 240, "Total Cost": 31388.81}, {"Startup Cost": 85.43, "Plans": [{"Startup Cost": 0.0, "Node Type": "Seq Scan", "Plan Rows": 1230, "Relation Name": "table_30", "Alias": "table_30", "Parent Relationship": "Outer", "Plan Width": 36, "Total Cost": 22.3}], "Sort Key": ["table_30.col_1"], "Plan Rows": 1230, "Node Type": "Sort", "Parent Relationship": "Inner", "Plan Width": 36, "Total Cost": 88.5}], "Node Type": "Merge Join", "Plan Rows": 569342, "Join Type": "Left", "Parent Relationship": "Outer", "Plan Width": 276, "Merge Cond": "(table_34.col_2 = table_30.col_1)", "Total Cost": 40245.8}, {"Startup Cost": 5944537.17, "Plans": [{"Startup Cost": 5944537.17, "Plans": [{"Startup Cost": 754292.93, "Plans": [{"Startup Cost": 754292.93, "Plans": [{"Startup Cost": 753454.65, "Plans": [{"Startup Cost": 427461.99, "Plans": [{"Startup Cost": 426922.97, "Plans": [{"Startup Cost": 0.0, "Plans": [{"Startup Cost": 0.0, "Node Type": "Seq Scan", "Plan Rows": 2140, "Relation Name": "table_1", "Alias": "table_1", "Parent Relationship": "Outer", "Plan Width": 8, "Total Cost": 31.4}, {"Startup Cost": 0.0, "Plans": [{"Startup Cost": 0.0, "Node Type": "Seq Scan", "Plan Rows": 800, "Relation Name": "table_55", "Alias": "table_55", "Parent Relationship": "Outer", "Plan Width": 72, "Total Cost": 18.0}], "Plan Rows": 800, "Node Type": "Materialize", "Parent Relationship": "Inner", "Plan Width": 72, "Total Cost": 22.0}], "Node Type": "Nested Loop", "Plan Rows": 1712000, "Join Type": "Inner", "Parent Relationship": "Outer", "Plan Width": 80, "Total Cost": 21451.4}], "Sort Key": ["table_1.col_0", "table_55.col_3"], "Plan Rows": 1712000, "Node Type": "Sort", "Parent Relationship": "Outer", "Plan Width": 80, "Total Cost": 431202.97}, {"Startup Cost": 539.02, "Plans": [{"Startup Cost": 143.97, "Plans": [{"Startup Cost": 58.54, "Plans": [{"Startup Cost": 0.0, "Node Type": "Seq Scan", "Plan Rows": 830, "Relation Name": "table_41", "Alias": "table_41", "Parent Relationship": "Outer", "Plan Width": 68, "Total Cost": 18.3}], "Sort Key": ["table_41.col_0"], "Plan Rows": 830, "Node Type": "Sort", "Parent Relationship": "Outer", "Plan Width": 68, "Total Cost": 60.62}, {"Startup Cost": 85.43, "Plans": [{"Startup Cost": 0.0, "Node Type": "Seq Scan", "Plan Rows": 1230, "Relation Name": "table_57", "Alias": "table_57", "Parent Relationship": "Outer", "Plan Width": 36, "Total Cost": 22.3}], "Sort Key": ["table_57.col_0"], "Plan Rows": 1230, "Node Type": "Sort", "Parent Relationship": "Inner", "Plan Width": 36, "Total Cost": 88.5}], "Node Type": "Merge Join", "Plan Rows": 5104, "Join Type": "Inner", "Parent Relationship": "Outer", "Plan Width": 104, "Merge Cond": "(table_41.col_0 = table_57.col_0)", "Total Cost": 224.68}], "Sort Key": ["table_41.col_1", "table_41.col_0"], "Plan Rows": 5104, "Node Type": "Sort", "Parent Relationship": "Inner", "Plan Width": 104, "Total Cost": 551.78}], "Node Type": "Merge Join", "Plan Rows": 218451, "Join Type": "Inner", "Parent Relationship": "Outer", "Plan Width": 184, "Merge Cond": "((table_1.col_0 = table_41.col_1) AND (table_55.col_3 = table_41.col_0))", "Total Cost": 444124.88}, {"Startup Cost": 325992.66, "Plans": [{"Startup Cost": 325992.66, "Plans": [{"Startup Cost": 37.5, "Plans": [{"Startup Cost": 0.0, "Plans": [{"Startup Cost": 0.0, "Node Type": "Seq Scan", "Plan Rows": 1770, "Relation Name": "table_64", "Alias": "table_64", "Parent Relationship": "Outer", "Plan Width": 16, "Total Cost": 27.7}, {"Startup Cost": 0.0, "Plans": [{"Startup Cost": 0.0, "Node Type": "Seq Scan", "Plan Rows": 620, "Relation Name": "table_10", "Alias": "table_10", "Parent Relationship": "Outer", "Plan Width": 100, "Total Cost": 16.2}], "Plan Rows": 620, "Node Type": "Materialize", "Parent Relationship": "Inner", "Plan Width": 100, "Total Cost": 19.3}], "Node Type": "Nested Loop", "Plan Rows": 1097400, "Join Type": "Inner", "Parent Relationship": "Outer", "Plan Width": 116, "Total Cost": 13762.95}, {"Startup Cost": 21.0, "Plans": [{"Startup Cost": 0.0, "Node Type": "Seq Scan", "Plan Rows": 1100, "Relation Name": "table_47", "Alias": "table_47", "Parent Relationship": "Outer", "Plan Width": 44, "Total Cost": 21.0}], "Plan Rows": 1100, "Node Type": "Hash", "Parent Relationship": "Inner", "Plan Width": 44, "Total Cost": 21.0}], "Node Type": "Hash Join", "Plan Rows": 30178, "Join Type": "Inner", "Hash Cond": "((table_64.col_2 = table_47.col_2) AND (table_10.col_2 = table_47.col_3))", "Parent Relationship": "Outer", "Plan Width": 160, "Total Cost": 321374.23}], "Sort Key": ["table_47.col_2"], "Plan Rows": 30178, "Node Type": "Sort", "Parent Relationship": "Outer", "Plan Width": 160, "Total Cost": 326068.1}], "Plan Rows": 30178, "Node Type": "Materialize", "Parent Relationship": "Inner", "Plan Width": 160, "Total Cost": 326143.55}], "Node Type": "Merge Join", "Plan Rows": 32962071, "Join Type": "Inner", "Parent Relationship": "Outer", "Plan Width": 344, "Merge Cond": "(table_41.col_1 = table_47.col_2)", "Total Cost": 1265170.18}, {"Startup Cost": 838.29, "Plans": [{"Startup Cost": 838.29, "Plans": [{"Startup Cost": 60.52, "Plans": [{"Startup Cost": 0.0, "Node Type": "Seq Scan", "Plan Rows": 860, "Relation Name": "table_2", "Alias": "table_2", "Parent Relationship": "Outer", "Plan Width": 64, "Total Cost": 18.6}], "Sort Key": ["table_2.col_0"], "Plan Rows": 860, "Node Type": "Sort", "Parent Relationship": "Outer", "Plan Width": 64, "Total Cost": 62.67}, {"Startup Cost": 777.77, "Plans": [{"Startup Cost": 170.85, "Plans": [{"Startup Cost": 85.43, "Plans": [{"Startup Cost": 0.0, "Node Type": "Seq Scan", "Plan Rows": 1230, "Relation Name": "table_46", "Alias": "table_46", "Parent Relationship": "Outer", "Plan Width": 36, "Total Cost": 22.3}], "Sort Key": ["table_46.col_0"], "Plan Rows": 1230, "Node Type": "Sort", "Parent Relationship": "Outer", "Plan Width": 36, "Total Cost": 88.5}, {"Startup Cost": 85.43, "Plans": [{"Startup Cost": 0.0, "Node Type": "Seq Scan", "Plan Rows": 1230, "Relation Name": "table_0", "Alias": "table_0", "Parent Relationship": "Outer", "Plan Width": 36, "Total Cost": 22.3}], "Sort Key": ["table_0.col_0"], "Plan Rows": 1230, "Node Type": "Sort", "Parent Relationship": "Inner", "Plan Width": 36, "Total Cost": 88.5}], "Node Type": "Merge Join", "Plan Rows": 7564, "Join Type": "Inner", "Parent Relationship": "Outer", "Plan Width": 72, "Merge Cond": "(table_46.col_0 = table_0.col_0)", "Total Cost": 290.46}], "Sort Key": ["table_46.col_1"], "Plan Rows": 7564, "Node Type": "Sort", "Parent Relationship": "Inner", "Plan Width": 72, "Total Cost": 796.68}], "Node Type": "Merge Join", "Plan Rows": 32525, "Join Type": "Inner", "Parent Relationship": "Outer", "Plan Width": 136, "Merge Cond": "(table_2.col_0 = table_46.col_1)", "Total Cost": 1330.46}], "Plan Rows": 32525, "Node Type": "Materialize", "Parent Relationship": "Inner", "Plan Width": 136, "Total Cost": 2129.09}], "Node Type": "Nested Loop", "Plan Rows": 5360456796, "Join Type": "Inner", "Parent Relationship": "Outer", "Plan Width": 480, "Join Filter": "(table_41.col_0 = table_0.col_1)", "Total Cost": 37046514127.08}, {"Startup Cost": 0.0, "Plans": [{"Startup Cost": 0.0, "Node Type": "Seq Scan", "Plan Rows": 1230, "Relation Name": "table_54", "Alias": "table_54", "Parent Relationship": "Outer", "Plan Width": 36, "Total Cost": 22.3}], "Plan Rows": 1230, "Node Type": "Materialize", "Parent Relationship": "Inner", "Plan Width": 36, "Total Cost": 28.45}], "Node Type": "Nested Loop", "Plan Rows": 32966809295, "Join Type": "Inner", "Parent Relationship": "Outer", "Plan Width": 516, "Join Filter": "(table_10.col_1 = table_54.col_1)", "Total Cost": 135946942038.65}, {"Startup Cost": 5190244.24, "Plans": [{"Startup Cost": 246332.57, "Plans": [{"Startup Cost": 246332.57, "Plans": [{"Startup Cost": 68561.27, "Plans": [{"Startup Cost": 2234.16, "Plans": [{"Startup Cost": 123.46, "Plans": [{"Startup Cost": 38.04, "Plans": [{"Startup Cost": 0.0, "Node Type": "Seq Scan", "Plan Rows": 510, "Relation Name": "table_23", "Alias": "table_23", "Parent Relationship": "Outer", "Plan Width": 128, "Total Cost": 15.1}], "Sort Key": ["table_23.col_0"], "Plan Rows": 510, "Node Type": "Sort", "Parent Relationship": "Outer", "Plan Width": 128, "Total Cost": 39.31}, {"Startup Cost": 85.43, "Plans": [{"Startup Cost": 0.0, "Node Type": "Seq Scan", "Plan Rows": 1230, "Relation Name": "table_8", "Alias": "table_8", "Parent Relationship": "Outer", "Plan Width": 36, "Total Cost": 22.3}], "Sort Key": ["table_8.col_0"], "Plan Rows": 1230, "Node Type": "Sort", "Parent Relationship": "Inner", "Plan Width": 36, "Total Cost": 88.5}], "Node Type": "Merge Join", "Plan Rows": 3136, "Join Type": "Left", "Parent Relationship": "Outer", "Plan Width": 164, "Merge Cond": "(table_23.col_0 = table_8.col_0)", "Total Cost": 173.05}, {"Startup Cost": 2110.7, "Plans": [{"Startup Cost": 2110.7, "Plans": [{"Startup Cost": 344.93, "Plans": [{"Startup Cost": 46.23, "Plans": [{"Startup Cost": 0.0, "Node Type": "Seq Scan", "Plan Rows": 640, "Relation Name": "table_39", "Alias": "table_39", "Parent Relationship": "Outer", "Plan Width": 96, "Total Cost": 16.4}], "Sort Key": ["table_39.col_0"], "Plan Rows": 640, "Node Type": "Sort", "Parent Relationship": "Outer", "Plan Width": 96, "Total Cost": 47.83}, {"Startup Cost": 298.7, "Plans": [{"Startup Cost": 24.4, "Plans": [{"Startup Cost": 0.0, "Node Type": "Seq Scan", "Plan Rows": 860, "Relation Name": "table_44", "Alias": "table_44", "Parent Relationship": "Outer", "Plan Width": 64, "Total Cost": 18.6}, {"Startup Cost": 16.4, "Plans": [{"Startup Cost": 0.0, "Node Type": "Seq Scan", "Plan Rows": 640, "Relation Name": "table_26", "Alias": "table_26", "Parent Relationship": "Outer", "Plan Width": 96, "Total Cost": 16.4}], "Plan Rows": 640, "Node Type": "Hash", "Parent Relationship": "Inner", "Plan Width": 96, "Total Cost": 16.4}], "Node Type": "Hash Join", "Plan Rows": 2752, "Join Type": "Inner", "Hash Cond": "(table_44.col_1 = table_26.col_1)", "Parent Relationship": "Outer", "Plan Width": 160, "Total Cost": 141.47}], "Sort Key": ["table_26.col_2"], "Plan Rows": 2752, "Node Type": "Sort", "Parent Relationship": "Inner", "Plan Width": 160, "Total Cost": 305.58}], "Node Type": "Merge Join", "Plan Rows": 8806, "Join Type": "Inner", "Parent Relationship": "Outer", "Plan Width": 256, "Merge Cond": "(table_39.col_0 = table_26.col_2)", "Total Cost": 480.22}], "Sort Key": ["table_44.col_0"], "Plan Rows": 8806, "Node Type": "Sort", "Parent Relationship": "Outer", "Plan Width": 256, "Total Cost": 2132.71}], "Plan Rows": 8806, "Node Type": "Materialize", "Parent Relationship": "Inner", "Plan Width": 256, "Total Cost": 2154.73}], "Node Type": "Merge Join", "Plan Rows": 138078, "Join Type": "Inner", "Parent Relationship": "Outer", "Plan Width": 420, "Merge Cond": "(table_23.col_0 = table_44.col_0)", "Total Cost": 4384.77}], "Sort Key": ["table_26.col_2", "table_23.col_2"], "Plan Rows": 138078, "Node Type": "Sort", "Parent Relationship": "Outer", "Plan Width": 420, "Total Cost": 68906.46}, {"Startup Cost": 177771.3, "Plans": [{"Startup Cost": 177771.3, "Plans": [{"Startup Cost": 0.0, "Plans": [{"Startup Cost": 0.0, "Node Type": "Seq Scan", "Plan Rows": 800, "Relation Name": "table_58", "Alias": "table_58", "Parent Relationship": "Outer", "Plan Width": 72, "Total Cost": 18.0}, {"Startup Cost": 0.0, "Plans": [{"Startup Cost": 0.0, "Node Type": "Seq Scan", "Plan Rows": 620, "Relation Name": "table_49", "Alias": "table_49", "Parent Relationship": "Outer", "Plan Width": 100, "Total Cost": 16.2}], "Plan Rows": 620, "Node Type": "Materialize", "Parent Relationship": "Inner", "Plan Width": 100, "Total Cost": 19.3}], "Node Type": "Nested Loop", "Plan Rows": 496000, "Join Type": "Inner", "Parent Relationship": "Outer", "Plan Width": 172, "Total Cost": 6235.75}], "Sort Key": ["table_58.col_3", "table_49.col_2"], "Plan Rows": 496000, "Node Type": "Sort", "Parent Relationship": "Outer", "Plan Width": 172, "Total Cost": 179011.3}], "Plan Rows": 496000, "Node Type": "Materialize", "Parent Relationship": "Inner", "Plan Width": 172, "Total Cost": 180251.3}], "Node Type": "Merge Join", "Plan Rows": 1712167, "Join Type": "Inner", "Parent Relationship": "Outer", "Plan Width": 592, "Merge Cond": "((table_26.col_2 = table_58.col_3) AND (table_23.col_2 = table_49.col_2))", "Total Cost": 278571.08}, {"Startup Cost": 0.0, "Plans": [{"Startup Cost": 0.0, "Node Type": "Seq Scan", "Plan Rows": 1100, "Relation Name": "table_27", "Alias": "table_27", "Parent Relationship": "Outer", "Plan Width": 44, "Total Cost": 21.0}], "Plan Rows": 1100, "Node Type": "Materialize", "Parent Relationship": "Inner", "Plan Width": 44, "Total Cost": 26.5}], "Node Type": "Nested Loop", "Plan Rows": 9416918, "Join Type": "Inner", "Parent Relationship": "Outer", "Plan Width": 636, "Join Filter": "(table_27.col_0 = table_58.col_0)", "Total Cost": 28529350.33}, {"Startup Cost": 4943911.67, "Plans": [{"Startup Cost": 4943911.67, "Plans": [{"Startup Cost": 4943911.67, "Plans": [{"Startup Cost": 76.57, "Plans": [{"Startup Cost": 0.0, "Node Type": "Seq Scan", "Plan Rows": 1100, "Relation Name": "table_56", "Alias": "table_56", "Parent Relationship": "Outer", "Plan Width": 44, "Total Cost": 21.0}], "Sort Key": ["table_56.col_0"], "Plan Rows": 1100, "Node Type": "Sort", "Parent Relationship": "Outer", "Plan Width": 44, "Total Cost": 79.32}, {"Startup Cost": 4943835.1, "Plans": [{"Startup Cost": 4943835.1, "Plans": [{"Startup Cost": 56733.6, "Plans": [{"Startup Cost": 897.87, "Plans": [{"Startup Cost": 206.35, "Plans": [{"Startup Cost": 56.58, "Plans": [{"Startup Cost": 0.0, "Node Type": "Seq Scan", "Plan Rows": 800, "Relation Name": "table_62", "Alias": "table_62", "Parent Relationship": "Outer", "Plan Width": 72, "Total Cost": 18.0}], "Sort Key": ["table_62.col_2"], "Plan Rows": 800, "Node Type": "Sort", "Parent Relationship": "Outer", "Plan Width": 72, "Total Cost": 58.58}, {"Startup Cost": 149.78, "Plans": [{"Startup Cost": 0.0, "Node Type": "Seq Scan", "Plan Rows": 2140, "Relation Name": "table_20", "Alias": "table_20", "Parent Relationship": "Outer", "Plan Width": 8, "Total Cost": 31.4}], "Sort Key": ["table_20.col_0"], "Plan Rows": 2140, "Node Type": "Sort", "Parent Relationship": "Inner", "Plan Width": 8, "Total Cost": 155.13}], "Node Type": "Merge Join", "Plan Rows": 8560, "Join Type": "Right", "Parent Relationship": "Outer", "Plan Width": 80, "Merge Cond": "(table_62.col_2 = table_20.col_0)", "Total Cost": 338.75}], "Sort Key": ["table_20.col_1"], "Plan Rows": 8560, "Node Type": "Sort", "Parent Relationship": "Outer", "Plan Width": 80, "Total Cost": 919.27}, {"Startup Cost": 55835.74, "Plans": [{"Startup Cost": 55835.74, "Plans": [{"Startup Cost": 2253.65, "Plans": [{"Startup Cost": 270.57, "Plans": [{"Startup Cost": 23.95, "Plans": [{"Startup Cost": 0.0, "Node Type": "Seq Scan", "Plan Rows": 800, "Relation Name": "table_17", "Alias": "table_17", "Parent Relationship": "Outer", "Plan Width": 72, "Total Cost": 18.0}, {"Startup Cost": 16.2, "Plans": [{"Startup Cost": 0.0, "Node Type": "Seq Scan", "Plan Rows": 620, "Relation Name": "table_12", "Alias": "table_12", "Parent Relationship": "Outer", "Plan Width": 100, "Total Cost": 16.2}], "Plan Rows": 620, "Node Type": "Hash", "Parent Relationship": "Inner", "Plan Width": 100, "Total Cost": 16.2}], "Node Type": "Hash Join", "Plan Rows": 2480, "Join Type": "Inner", "Hash Cond": "(table_17.col_1 = table_12.col_1)", "Parent Relationship": "Outer", "Plan Width": 172, "Total Cost": 130.75}], "Sort Key": ["table_17.col_2"], "Plan Rows": 2480, "Node Type": "Sort", "Parent Relationship": "Outer", "Plan Width": 172, "Total Cost": 276.77}, {"Startup Cost": 1983.08, "Plans": [{"Startup Cost": 1983.08, "Plans": [{"Startup Cost": 155.12, "Plans": [{"Startup Cost": 96.58, "Plans": [{"Startup Cost": 38.04, "Plans": [{"Startup Cost": 0.0, "Node Type": "Seq Scan", "Plan Rows": 510, "Relation Name": "table_42", "Alias": "table_42", "Parent Relationship": "Outer", "Plan Width": 128, "Total Cost": 15.1}], "Sort Key": ["table_42.col_0"], "Plan Rows": 510, "Node Type": "Sort", "Parent Relationship": "Outer", "Plan Width": 128, "Total Cost": 39.31}, {"Startup Cost": 58.54, "Plans": [{"Startup Cost": 0.0, "Node Type": "Seq Scan", "Plan Rows": 830, "Relation Name": "table_21", "Alias": "table_21", "Parent Relationship": "Outer", "Plan Width": 68, "Total Cost": 18.3}], "Sort Key": ["table_21.col_2"], "Plan Rows": 830, "Node Type": "Sort", "Parent Relationship": "Inner", "Plan Width": 68, "Total Cost": 60.62}], "Node Type": "Merge Join", "Plan Rows": 2116, "Join Type": "Inner", "Parent Relationship": "Outer", "Plan Width": 196, "Merge Cond": "(table_42.col_0 = table_21.col_2)", "Total Cost": 130.87}, {"Startup Cost": 58.54, "Plans": [{"Startup Cost": 0.0, "Node Type": "Seq Scan", "Plan Rows": 830, "Relation Name": "table_5", "Alias": "table_5", "Parent Relationship": "Outer", "Plan Width": 68, "Total Cost": 18.3}], "Sort Key": ["table_5.col_1"], "Plan Rows": 830, "Node Type": "Sort", "Parent Relationship": "Inner", "Plan Width": 68, "Total Cost": 60.62}], "Node Type": "Merge Join", "Plan Rows": 8781, "Join Type": "Left", "Parent Relationship": "Outer", "Plan Width": 264, "Merge Cond": "(table_21.col_2 = table_5.col_1)", "Total Cost": 326.42}], "Sort Key": ["table_42.col_1"], "Plan Rows": 8781, "Node Type": "Sort", "Parent Relationship": "Outer", "Plan Width": 264, "Total Cost": 2005.03}], "Plan Rows": 8781, "Node Type": "Materialize", "Parent Relationship": "Inner", "Plan Width": 264, "Total Cost": 2026.98}], "Node Type": "Merge Join", "Plan Rows": 108884, "Join Type": "Inner", "Parent Relationship": "Outer", "Plan Width": 436, "Merge Cond": "(table_17.col_2 = table_42.col_1)", "Total Cost": 3921.26}], "Sort Key": ["table_21.col_1"], "Plan Rows": 108884, "Node Type": "Sort", "Parent Relationship": "Outer", "Plan Width": 436, "Total Cost": 56107.95}], "Plan Rows": 108884, "Node Type": "Materialize", "Parent Relationship": "Inner", "Plan Width": 436, "Total Cost": 56380.16}], "Node Type": "Merge Join", "Plan Rows": 4660235, "Join Type": "Right", "Parent Relationship": "Outer", "Plan Width": 516, "Merge Cond": "(table_20.col_1 = table_21.col_1)", "Total Cost": 126952.14}], "Sort Key": ["table_21.col_2"], "Plan Rows": 4660235, "Node Type": "Sort", "Parent Relationship": "Outer", "Plan Width": 516, "Total Cost": 4955485.68}], "Plan Rows": 4660235, "Node Type": "Materialize", "Parent Relationship": "Inner", "Plan Width": 516, "Total Cost": 4967136.27}], "Node Type": "Merge Join", "Plan Rows": 25631292, "Join Type": "Inner", "Parent Relationship": "Outer", "Plan Width": 560, "Merge Cond": "(table_56.col_0 = table_42.col_0)", "Total Cost": 5340037.13}, {"Startup Cost": 0.0, "Plans": [{"Startup Cost": 0.0, "Node Type": "Seq Scan", "Plan Rows": 2140, "Relation Name": "table_37", "Alias": "table_37", "Parent Relationship": "Outer", "Plan Width": 8, "Total Cost": 31.4}], "Plan Rows": 2140, "Node Type": "Materialize", "Parent Relationship": "Inner", "Plan Width": 8, "Total Cost": 42.1}], "Node Type": "Nested Loop", "Plan Rows": 274254824, "Join Type": "Inner", "Parent Relationship": "Outer", "Plan Width": 568, "Join Filter": "(table_17.col_3 = table_37.col_1)", "Total Cost": 828104547.08}], "Plan Rows": 274254824, "Node Type": "Materialize", "Parent Relationship": "Inner", "Plan Width": 568, "Total Cost": 828790184.14}], "Node Type": "Merge Join", "Plan Rows": 12913175943562, "Join Type": "Inner", "Parent Relationship": "Inner", "Plan Width": 1204, "Merge Cond": "(table_58.col_3 = table_42.col_0)", "Total Cost": 194554296593.14}], "Node Type": "Nested Loop", "Plan Rows": 2128531043620950638592, "Join Type": "Inner", "Parent Relationship": "Outer", "Plan Width": 1720, "Join Filter": "(table_42.col_1 = table_0.col_1)", "Total Cost": 1.1735162002497088e+22}], "Plan Rows": 2128531043620950638592, "Node Type": "Materialize", "Parent Relationship": "Inner", "Plan Width": 1720, "Total Cost": 1.174048333010614e+22}], "Node Type": "Merge Join", "Plan Rows": 6059310607186196586037248, "Join Type": "Inner", "Parent Relationship": "Outer", "Plan Width": 1996, "Merge Cond": "(table_34.col_2 = table_41.col_1)", "Total Cost": 1.0262482111029003e+23}, {"Startup Cost": 18.0, "Plans": [{"Startup Cost": 0.0, "Node Type": "Seq Scan", "Plan Rows": 800, "Relation Name": "table_16", "Alias": "table_16", "Parent Relationship": "Outer", "Plan Width": 72, "Total Cost": 18.0}], "Plan Rows": 800, "Node Type": "Hash", "Parent Relationship": "Inner", "Plan Width": 72, "Total Cost": 18.0}], "Node Type": "Hash Join", "Plan Rows": 24237242428744786344148992, "Join Type": "Inner", "Hash Cond": "(table_64.col_0 = table_16.col_1)", "Parent Relationship": "Outer", "Plan Width": 2068, "Total Cost": 9.660765826343231e+23}, {"Startup Cost": 18.0, "Plans": [{"Startup Cost": 0.0, "Node Type": "Seq Scan", "Plan Rows": 800, "Relation Name": "table_51", "Alias": "table_51", "Parent Relationship": "Outer", "Plan Width": 72, "Total Cost": 18.0}], "Plan Rows": 800, "Node Type": "Hash", "Parent Relationship": "Inner", "Plan Width": 72, "Total Cost": 18.0}], "Node Type": "Hash Join", "Plan Rows": 96948969714979145376595968, "Join Type": "Left", "Hash Cond": "(table_42.col_3 = table_51.col_1)", "Parent Relationship": "Outer", "Plan Width": 2140, "Total Cost": 4.4198836287304554e+24}, {"Startup Cost": 18.0, "Plans": [{"Startup Cost": 0.0, "Node Type": "Seq Scan", "Plan Rows": 800, "Relation Name": "table_61", "Alias": "table_61", "Parent Relationship": "Outer", "Plan Width": 72, "Total Cost": 18.0}], "Plan Rows": 800, "Node Type": "Hash", "Parent Relationship": "Inner", "Plan Width": 72, "Total Cost": 18.0}], "Node Type": "Hash Join", "Plan Rows": 387795878859916581506383872, "Join Type": "Inner", "Hash Cond": "(table_10.col_3 = table_61.col_1)", "Parent Relationship": "Outer", "Plan Width": 2212, "Total Cost": 1.8235111813114985e+25}, {"Startup Cost": 18.0, "Plans": [{"Startup Cost": 0.0, "Node Type": "Seq Scan", "Plan Rows": 800, "Relation Name": "table_48", "Alias": "table_48", "Parent Relationship": "Outer", "Plan Width": 72, "Total Cost": 18.0}], "Plan Rows": 800, "Node Type": "Hash", "Parent Relationship": "Inner", "Plan Width": 72, "Total Cost": 18.0}], "Node Type": "Hash Join", "Plan Rows": 1551183515439666326025535488, "Join Type": "Left", "Hash Cond": "(table_21.col_0 = table_48.col_2)", "Parent Relationship": "Outer", "Plan Width": 2284, "Total Cost": 7.34960245506531e+25}, {"Startup Cost": 21.0, "Plans": [{"Startup Cost": 0.0, "Node Type": "Seq Scan", "Plan Rows": 1100, "Relation Name": "table_24", "Alias": "table_24", "Parent Relationship": "Outer", "Plan Width": 44, "Total Cost": 21.0}], "Plan Rows": 1100, "Node Type": "Hash", "Parent Relationship": "Inner", "Plan Width": 44, "Total Cost": 21.0}], "Node Type": "Hash Join", "Plan Rows": 8531509334918165205457305600, "Join Type": "Inner", "Hash Cond": "(table_56.col_1 = table_24.col_1)", "Parent Relationship": "Outer", "Plan Width": 2328, "Total Cost": 3.7597681006138804e+26}, {"Startup Cost": 22.3, "Plans": [{"Startup Cost": 0.0, "Node Type": "Seq Scan", "Plan Rows": 1230, "Relation Name": "table_7", "Alias": "table_7", "Parent Relationship": "Outer", "Plan Width": 36, "Total Cost": 22.3}], "Plan Rows": 1230, "Node Type": "Hash", "Parent Relationship": "Inner", "Plan Width": 36, "Total Cost": 22.3}], "Node Type": "Hash Join", "Plan Rows": 52468782409746719861853126656, "Join Type": "Inner", "Hash Cond": "(table_46.col_1 = table_7.col_1)", "Parent Relationship": "Outer", "Plan Width": 2364, "Total Cost": 2.2337129677398186e+27}, {"Startup Cost": 22.3, "Plans": [{"Startup Cost": 0.0, "Node Type": "Seq Scan", "Plan Rows": 1230, "Relation Name": "table_3", "Alias": "table_3", "Parent Relationship": "Outer", "Plan Width": 36, "Total Cost": 22.3}], "Plan Rows": 1230, "Node Type": "Hash", "Parent Relationship": "Inner", "Plan Width": 36, "Total Cost": 22.3}], "Node Type": "Hash Join", "Plan Rows": 322683011819942304720359522304, "Join Type": "Left", "Hash Cond": "(table_1.col_1 = table_3.col_0)", "Parent Relationship": "Outer", "Plan Width": 2400, "Total Cost": 1.3658790337462168e+28}], "Sort Key": ["table_26.col_1", "table_40.col_1", "table_46.col_1"], "Plan Rows": 322683011819942304720359522304, "Node Type": "Sort", "Parent Relationship": "Outer", "Plan Width": 2400, "Total Cost": 1.1869093552841353e+31}], "Plan Rows": 322683011819942304720359522304, "Node Type": "Materialize", "Parent Relationship": "Inner", "Plan Width": 2400, "Total Cost": 1.1869900260370903e+31}], "Node Type": "Merge Join", "Plan Rows": 7284069478532901768208154500268032, "Join Type": "Inner", "Parent Relationship": "Outer", "Plan Width": 2700, "Merge Cond": "((table_59.col_0 = table_26.col_1) AND (table_15.col_1 = table_34.col_0) AND (table_25.col_0 = table_46.col_1))", "Total Cost": 1.5755048312349938e+32}], "Plan Rows": 7284069478532901768208154500268032, "Node Type": "Materialize", "Parent Relationship": "Inner", "Plan Width": 2700, "Total Cost": 1.7576065681983165e+32}], "Node Type": "Merge Join", "Plan Rows": 6869606067195951307311468886615023670765027328, "Join Type": "Inner", "Parent Relationship": "Outer", "Plan Width": 3176, "Merge Cond": "(table_31.col_1 = table_26.col_1)", "Total Cost": 1.0304409100809682e+44}, {"Startup Cost": 21.6, "Plans": [{"Startup Cost": 0.0, "Node Type": "Seq Scan", "Plan Rows": 1160, "Relation Name": "table_50", "Alias": "table_50", "Parent Relationship": "Outer", "Plan Width": 40, "Total Cost": 21.6}], "Plan Rows": 1160, "Node Type": "Hash", "Parent Relationship": "Inner", "Plan Width": 40, "Total Cost": 21.6}], "Plan Rows": 39843715189736518342996879679304778188459081728, "Node Type": "Hash Join", "Join Type": "Right", "Hash Cond": "(table_61.col_0 = table_50.col_2)", "Plan Width": 3216, "Total Cost": 1.5147481378168646e+45}}]