[{"Plan": {"Startup Cost": 4.616304306302711e+26, "Plans": [{"Startup Cost": 4.616304306302711e+26, "Plans": [{"Startup Cost": 3858443241.83, "Plans": [{"Startup Cost": 12248679.03, "Plans": [{"Startup Cost": 4946.02, "Plans": [{"Startup Cost": 222.65, "Plans": [{"Startup Cost": 80.64, "Plans": [{"Startup Cost": 0.0, "Node Type": "Seq Scan", "Plan Rows": 1160, "Relation Name": "table_53", "Alias": "table_53", "Parent Relationship": "Outer", "Plan Width": 40, "Total Cost": 21.6}], "Sort Key": ["table_53.col_0"], "Plan Rows": 1160, "Node Type": "Sort", "Parent Relationship": "Outer", "Plan Width": 40, "Total Cost": 83.54}, {"Startup Cost": 142.0, "Plans": [{"Startup Cost": 142.0, "Plans": [{"Startup Cost": 56.58, "Plans": [{"Startup Cost": 0.0, "Node Type": "Seq Scan", "Plan Rows": 800, "Relation Name": "table_51", "Alias": "table_51_1", "Parent Relationship": "Outer", "Plan Width": 72, "Total Cost": 18.0}], "Sort Key": ["table_51_1.col_2"], "Plan Rows": 800, "Node Type": "Sort", "Parent Relationship": "Outer", "Plan Width": 72, "Total Cost": 58.58}, {"Startup Cost": 85.43, "Plans": [{"Startup Cost": 0.0, "Node Type": "Seq Scan", "Plan Rows": 1230, "Relation Name": "table_0", "Alias": "table_0_2", "Parent Relationship": "Outer", "Plan Width": 36, "Total Cost": 22.3}], "Sort Key": ["table_0_2.col_0"], "Plan Rows": 1230, "Node Type": "Sort", "Parent Relationship": "Inner", "Plan Width": 36, "Total Cost": 88.5}], "Node Type": "Merge Join", "Plan Rows": 4920, "Join Type": "Inner", "Parent Relationship": "Outer", "Plan Width": 108, "Merge Cond": "(table_51_1.col_2 = table_0_2.col_0)", "Total Cost": 219.8}], "Plan Rows": 4920, "Node Type": "Materialize", "Parent Relationship": "Inner", "Plan Width": 108, "Total Cost": 232.1}], "Node Type": "Merge Join", "Plan Rows": 28536, "Join Type": "Right", "Parent Relationship": "Outer", "Plan Width": 148, "Merge Cond": "(table_53.col_0 = table_0_2.col_0)", "Total Cost": 734.29}], "Sort Key": ["table_0_2.col_1"], "Plan Rows": 28536, "Node Type": "Sort", "Parent Relationship": "Outer", "Plan Width": 148, "Total Cost": 5017.36}, {"Startup Cost": 12243733.01, "Plans": [{"Startup Cost": 12243733.01, "Plans": [{"Startup Cost": 216588.25, "Plans": [{"Startup Cost": 216502.82, "Plans": [{"Startup Cost": 216446.25, "Plans": [{"Startup Cost": 0.0, "Plans": [{"Startup Cost": 0.0, "Node Type": "Seq Scan", "Plan Rows": 860, "Relation Name": "table_25", "Alias": "table_25", "Parent Relationship": "Outer", "Plan Width": 64, "Total Cost": 18.6}, {"Startup Cost": 0.0, "Plans": [{"Startup Cost": 0.0, "Node Type": "Seq Scan", "Plan Rows": 800, "Relation Name": "table_61", "Alias": "table_61_1", "Parent Relationship": "Outer", "Plan Width": 72, "Total Cost": 18.0}], "Plan Rows": 800, "Node Type": "Materialize", "Parent Relationship": "Inner", "Plan Width": 72, "Total Cost": 22.0}], "Node Type": "Nested Loop", "Plan Rows": 688000, "Join Type": "Inner", "Parent Relationship": "Outer", "Plan Width": 136, "Total Cost": 8638.6}], "Sort Key": ["table_25.col_0"], "Plan Rows": 688000, "Node Type": "Sort", "Parent Relationship": "Outer", "Plan Width": 136, "Total Cost": 218166.25}, {"Startup Cost": 56.58, "Plans": [{"Startup Cost": 0.0, "Node Type": "Seq Scan", "Plan Rows": 800, "Relation Name": "table_28", "Alias": "table_28", "Parent Relationship": "Outer", "Plan Width": 72, "Total Cost": 18.0}], "Sort Key": ["table_28.col_0"], "Plan Rows": 800, "Node Type": "Sort", "Parent Relationship": "Inner", "Plan Width": 72, "Total Cost": 58.58}], "Node Type": "Merge Join", "Plan Rows": 2752000, "Join Type": "Left", "Parent Relationship": "Outer", "Plan Width": 208, "Merge Cond": "(table_25.col_0 = table_28.col_0)", "Total Cost": 261222.82}, {"Startup Cost": 85.43, "Plans": [{"Startup Cost": 0.0, "Node Type": "Seq Scan", "Plan Rows": 1230, "Relation Name": "table_7", "Alias": "table_7", "Parent Relationship": "Outer", "Plan Width": 36, "Total Cost": 22.3}], "Sort Key": ["table_7.col_1"], "Plan Rows": 1230, "Node Type": "Sort", "Parent Relationship": "Inner", "Plan Width": 36, "Total Cost": 88.5}], "Node Type": "Merge Join", "Plan Rows": 16924800, "Join Type": "Inner", "Parent Relationship": "Outer", "Plan Width": 244, "Merge Cond": "(table_25.col_0 = table_7.col_1)", "Total Cost": 522060.25}], "Sort Key": ["table_61_1.col_1"], "Plan Rows": 16924800, "Node Type": "Sort", "Parent Relationship": "Outer", "Plan Width": 244, "Total Cost": 12286045.01}], "Plan Rows": 16924800, "Node Type": "Materialize", "Parent Relationship": "Inner", "Plan Width": 244, "Total Cost": 12328357.01}], "Node Type": "Merge Join", "Plan Rows": 2414830464, "Join Type": "Right", "Parent Relationship": "Outer", "Plan Width": 392, "Merge Cond": "(table_0_2.col_1 = table_61_1.col_1)", "Total Cost": 48513590.67}], "Sort Key": ["table_7.col_1"], "Plan Rows": 2414830464, "Node Type": "Sort", "Parent Relationship": "Outer", "Plan Width": 392, "Total Cost": 3864480317.99}, {"Startup Cost": 4.616304306302711e+26, "Plans": [{"Startup Cost": 4.616304306302711e+26, "Plans": [{"Startup Cost": 1.760987623300395e+26, "Plans": [{"Startup Cost": 1.8884845843082727e+23, "Plans": [{"Startup Cost": 1.8884845843082727e+23, "Plans": [{"Startup Cost": 606446206.8, "Plans": [{"Startup Cost": 0.0, "Plans": [{"Startup Cost": 0.0, "Plans": [{"Startup Cost": 0.0, "Node Type": "Seq Scan", "Plan Rows": 1230, "Relation Name": "table_54", "Alias": "table_54", "Parent Relationship": "Outer", "Plan Width": 36, "Total Cost": 22.3}, {"Startup Cost": 0.0, "Plans": [{"Startup Cost": 0.0, "Node Type": "Seq Scan", "Plan Rows": 800, "Relation Name": "table_16", "Alias": "table_16", "Parent Relationship": "Outer", "Plan Width": 72, "Total Cost": 18.0}], "Plan Rows": 800, "Node Type": "Materialize", "Parent Relationship": "Inner", "Plan Width": 72, "Total Cost": 22.0}], "Node Type": "Nested Loop", "Plan Rows": 984000, "Join Type": "Inner", "Parent Relationship": "Outer", "Plan Width": 108, "Total Cost": 12342.3}, {"Startup Cost": 0.0, "Plans": [{"Startup Cost": 0.0, "Node Type": "Seq Scan", "Plan Rows": 800, "Relation Name": "table_55", "Alias": "table_55", "Parent Relationship": "Outer", "Plan Width": 72, "Total Cost": 18.0}], "Plan Rows": 800, "Node Type": "Materialize", "Parent Relationship": "Inner", "Plan Width": 72, "Total Cost": 22.0}], "Node Type": "Nested Loop", "Plan Rows": 787200000, "Join Type": "Inner", "Parent Relationship": "Outer", "Plan Width": 180, "Total Cost": 9852362.3}], "Sort Key": ["table_55.col_3", "table_54.col_1", "table_16.col_1"], "Plan Rows": 787200000, "Node Type": "Sort", "Parent Relationship": "Outer", "Plan Width": 180, "Total Cost": 608414206.8}, {"Startup Cost": 1.8884845843082666e+23, "Plans": [{"Startup Cost": 1.8884845843082666e+23, "Plans": [{"Startup Cost": 3730285.38, "Plans": [{"Startup Cost": 3730257.38, "Plans": [{"Startup Cost": 428504.65, "Plans": [{"Startup Cost": 490.33, "Plans": [{"Startup Cost": 123.19, "Plans": [{"Startup Cost": 0.0, "Node Type": "Seq Scan", "Plan Rows": 1770, "Relation Name": "table_64", "Alias": "table_64", "Parent Relationship": "Outer", "Plan Width": 16, "Total Cost": 27.7}], "Sort Key": ["table_64.col_2"], "Plan Rows": 1770, "Node Type": "Sort", "Parent Relationship": "Outer", "Plan Width": 16, "Total Cost": 127.61}, {"Startup Cost": 367.14, "Plans": [{"Startup Cost": 23.95, "Plans": [{"Startup Cost": 0.0, "Node Type": "Seq Scan", "Plan Rows": 1100, "Relation Name": "table_47", "Alias": "table_47", "Parent Relationship": "Outer", "Plan Width": 44, "Total Cost": 21.0}, {"Startup Cost": 16.2, "Plans": [{"Startup Cost": 0.0, "Node Type": "Seq Scan", "Plan Rows": 620, "Relation Name": "table_10", "Alias": "table_10", "Parent Relationship": "Outer", "Plan Width": 100, "Total Cost": 16.2}], "Plan Rows": 620, "Node Type": "Hash", "Parent Relationship": "Inner", "Plan Width": 100, "Total Cost": 16.2}], "Node Type": "Hash Join", "Plan Rows": 3410, "Join Type": "Inner", "Hash Cond": "(table_47.col_3 = table_10.col_2)", "Parent Relationship": "Outer", "Plan Width": 144, "Total Cost": 167.05}], "Sort Key": ["table_47.col_2"], "Plan Rows": 3410, "Node Type": "Sort", "Parent Relationship": "Inner", "Plan Width": 144, "Total Cost": 375.67}], "Node Type": "Merge Join", "Plan Rows": 30178, "Join Type": "Inner", "Parent Relationship": "Outer", "Plan Width": 160, "Merge Cond": "(table_64.col_2 = table_47.col_2)", "Total Cost": 951.85}, {"Startup Cost": 428014.32, "Plans": [{"Startup Cost": 1091.35, "Plans": [{"Startup Cost": 211.91, "Plans": [{"Startup Cost": 76.57, "Plans": [{"Startup Cost": 0.0, "Node Type": "Seq Scan", "Plan Rows": 1100, "Relation Name": "table_60", "Alias": "table_60", "Parent Relationship": "Outer", "Plan Width": 44, "Total Cost": 21.0}], "Sort Key": ["table_60.col_1"], "Plan Rows": 1100, "Node Type": "Sort", "Parent Relationship": "Outer", "Plan Width": 44, "Total Cost": 79.32}, {"Startup Cost": 135.34, "Plans": [{"Startup Cost": 0.0, "Node Type": "Seq Scan", "Plan Rows": 1940, "Relation Name": "table_9", "Alias": "table_9", "Parent Relationship": "Outer", "Plan Width": 12, "Total Cost": 29.4}], "Sort Key": ["table_9.col_2"], "Plan Rows": 1940, "Node Type": "Sort", "Parent Relationship": "Inner", "Plan Width": 12, "Total Cost": 140.19}], "Node Type": "Merge Join", "Plan Rows": 10670, "Join Type": "Right", "Parent Relationship": "Outer", "Plan Width": 56, "Merge Cond": "(table_60.col_1 = table_9.col_2)", "Total Cost": 377.46}], "Sort Key": ["table_9.col_1"], "Plan Rows": 10670, "Node Type": "Sort", "Parent Relationship": "Outer", "Plan Width": 56, "Total Cost": 1118.03}, {"Startup Cost": 426922.97, "Plans": [{"Startup Cost": 426922.97, "Plans": [{"Startup Cost": 0.0, "Plans": [{"Startup Cost": 0.0, "Node Type": "Seq Scan", "Plan Rows": 2140, "Relation Name": "table_37", "Alias": "table_37", "Parent Relationship": "Outer", "Plan Width": 8, "Total Cost": 31.4}, {"Startup Cost": 0.0, "Plans": [{"Startup Cost": 0.0, "Node Type": "Seq Scan", "Plan Rows": 800, "Relation Name": "table_15", "Alias": "table_15", "Parent Relationship": "Outer", "Plan Width": 72, "Total Cost": 18.0}], "Plan Rows": 800, "Node Type": "Materialize", "Parent Relationship": "Inner", "Plan Width": 72, "Total Cost": 22.0}], "Node Type": "Nested Loop", "Plan Rows": 1712000, "Join Type": "Inner", "Parent Relationship": "Outer", "Plan Width": 80, "Total Cost": 21451.4}], "Sort Key": ["table_15.col_2"], "Plan Rows": 1712000, "Node Type": "Sort", "Parent Relationship": "Outer", "Plan Width": 80, "Total Cost": 431202.97}], "Plan Rows": 1712000, "Node Type": "Materialize", "Parent Relationship": "Inner", "Plan Width": 80, "Total Cost": 435482.97}], "Node Type": "Merge Join", "Plan Rows": 91335200, "Join Type": "Right", "Parent Relationship": "Inner", "Plan Width": 136, "Merge Cond": "(table_9.col_1 = table_15.col_2)", "Total Cost": 1802375.67}], "Node Type": "Nested Loop", "Plan Rows": 2756313665600, "Join Type": "Inner", "Parent Relationship": "Outer", "Plan Width": 296, "Total Cost": 81955230628.75}, {"Startup Cost": 3301752.73, "Plans": [{"Startup Cost": 9467.82, "Plans": [{"Startup Cost": 1395.82, "Plans": [{"Startup Cost": 56.58, "Plans": [{"Startup Cost": 0.0, "Node Type": "Seq Scan", "Plan Rows": 800, "Relation Name": "table_48", "Alias": "table_48_1", "Parent Relationship": "Outer", "Plan Width": 72, "Total Cost": 18.0}], "Sort Key": ["table_48_1.col_0"], "Plan Rows": 800, "Node Type": "Sort", "Parent Relationship": "Outer", "Plan Width": 72, "Total Cost": 58.58}, {"Startup Cost": 1339.24, "Plans": [{"Startup Cost": 235.2, "Plans": [{"Startup Cost": 85.43, "Plans": [{"Startup Cost": 0.0, "Node Type": "Seq Scan", "Plan Rows": 1230, "Relation Name": "table_0", "Alias": "table_0_1", "Parent Relationship": "Outer", "Plan Width": 36, "Total Cost": 22.3}], "Sort Key": ["table_0_1.col_0"], "Plan Rows": 1230, "Node Type": "Sort", "Parent Relationship": "Outer", "Plan Width": 36, "Total Cost": 88.5}, {"Startup Cost": 149.78, "Plans": [{"Startup Cost": 0.0, "Node Type": "Seq Scan", "Plan Rows": 2140, "Relation Name": "table_29", "Alias": "table_29", "Parent Relationship": "Outer", "Plan Width": 8, "Total Cost": 31.4}], "Sort Key": ["table_29.col_1"], "Plan Rows": 2140, "Node Type": "Sort", "Parent Relationship": "Inner", "Plan Width": 8, "Total Cost": 155.13}], "Node Type": "Merge Join", "Plan Rows": 13161, "Join Type": "Left", "Parent Relationship": "Outer", "Plan Width": 44, "Merge Cond": "(table_0_1.col_0 = table_29.col_1)", "Total Cost": 438.77}], "Sort Key": ["table_0_1.col_1"], "Plan Rows": 13161, "Node Type": "Sort", "Parent Relationship": "Inner", "Plan Width": 44, "Total Cost": 1372.15}], "Node Type": "Merge Join", "Plan Rows": 52644, "Join Type": "Inner", "Parent Relationship": "Outer", "Plan Width": 116, "Merge Cond": "(table_48_1.col_0 = table_0_1.col_1)", "Total Cost": 2189.48}], "Sort Key": ["table_0_1.col_0"], "Plan Rows": 52644, "Node Type": "Sort", "Parent Relationship": "Outer", "Plan Width": 116, "Total Cost": 9599.43}, {"Startup Cost": 3292284.91, "Plans": [{"Startup Cost": 3292284.91, "Plans": [{"Startup Cost": 170.85, "Plans": [{"Startup Cost": 170.85, "Plans": [{"Startup Cost": 85.43, "Plans": [{"Startup Cost": 0.0, "Node Type": "Seq Scan", "Plan Rows": 1230, "Relation Name": "table_0", "Alias": "table_0", "Parent Relationship": "Outer", "Plan Width": 36, "Total Cost": 22.3}], "Sort Key": ["table_0.col_1"], "Plan Rows": 1230, "Node Type": "Sort", "Parent Relationship": "Outer", "Plan Width": 36, "Total Cost": 88.5}, {"Startup Cost": 85.43, "Plans": [{"Startup Cost": 0.0, "Node Type": "Seq Scan", "Plan Rows": 1230, "Relation Name": "table_57", "Alias": "table_57", "Parent Relationship": "Outer", "Plan Width": 36, "Total Cost": 22.3}], "Sort Key": ["table_57.col_0"], "Plan Rows": 1230, "Node Type": "Sort", "Parent Relationship": "Inner", "Plan Width": 36, "Total Cost": 88.5}], "Node Type": "Merge Join", "Plan Rows": 7564, "Join Type": "Inner", "Parent Relationship": "Outer", "Plan Width": 72, "Merge Cond": "(table_0.col_1 = table_57.col_0)", "Total Cost": 290.46}, {"Startup Cost": 0.0, "Plans": [{"Startup Cost": 0.0, "Node Type": "Seq Scan", "Plan Rows": 1230, "Relation Name": "table_59", "Alias": "table_59_1", "Parent Relationship": "Outer", "Plan Width": 36, "Total Cost": 22.3}], "Plan Rows": 1230, "Node Type": "Materialize", "Parent Relationship": "Inner", "Plan Width": 36, "Total Cost": 28.45}], "Node Type": "Nested Loop", "Plan Rows": 9303720, "Join Type": "Inner", "Parent Relationship": "Outer", "Plan Width": 108, "Total Cost": 116612.34}], "Sort Key": ["table_59_1.col_1"], "Plan Rows": 9303720, "Node Type": "Sort", "Parent Relationship": "Outer", "Plan Width": 108, "Total Cost": 3315544.21}], "Plan Rows": 9303720, "Node Type": "Materialize", "Parent Relationship": "Inner", "Plan Width": 108, "Total Cost": 3338803.51}], "Node Type": "Merge Join", "Plan Rows": 2448925178, "Join Type": "Right", "Parent Relationship": "Inner", "Plan Width": 224, "Merge Cond": "(table_0_1.col_0 = table_59_1.col_1)", "Total Cost": 40059152.92}], "Node Type": "Nested Loop", "Plan Rows": 6750005934153312239616, "Join Type": "Inner", "Parent Relationship": "Outer", "Plan Width": 520, "Total Cost": 1.779156500455699e+20}, {"Startup Cost": 18.0, "Plans": [{"Startup Cost": 0.0, "Node Type": "Seq Scan", "Plan Rows": 800, "Relation Name": "table_61", "Alias": "table_61", "Parent Relationship": "Outer", "Plan Width": 72, "Total Cost": 18.0}], "Plan Rows": 800, "Node Type": "Hash", "Parent Relationship": "Inner", "Plan Width": 72, "Total Cost": 18.0}], "Node Type": "Hash Join", "Plan Rows": 27000023736613248958464, "Join Type": "Inner", "Hash Cond": "(table_10.col_3 = table_61.col_1)", "Parent Relationship": "Outer", "Plan Width": 592, "Total Cost": 1.1397914956624168e+21}], "Sort Key": ["table_0.col_1", "table_10.col_1", "table_64.col_0"], "Plan Rows": 27000023736613248958464, "Node Type": "Sort", "Parent Relationship": "Outer", "Plan Width": 592, "Total Cost": 1.889159584901682e+23}], "Plan Rows": 27000023736613248958464, "Node Type": "Materialize", "Parent Relationship": "Inner", "Plan Width": 592, "Total Cost": 1.8898345854950973e+23}], "Node Type": "Merge Join", "Plan Rows": 2656802335682744056545280, "Join Type": "Inner", "Parent Relationship": "Outer", "Plan Width": 772, "Merge Cond": "((table_55.col_3 = table_0.col_1) AND (table_54.col_1 = table_10.col_1) AND (table_16.col_1 = table_64.col_0))", "Total Cost": 2.420520052038237e+23}, {"Startup Cost": 22.3, "Plans": [{"Startup Cost": 0.0, "Node Type": "Seq Scan", "Plan Rows": 1230, "Relation Name": "table_46", "Alias": "table_46", "Parent Relationship": "Outer", "Plan Width": 36, "Total Cost": 22.3}], "Plan Rows": 1230, "Node Type": "Hash", "Parent Relationship": "Inner", "Plan Width": 36, "Total Cost": 22.3}], "Node Type": "Hash Join", "Plan Rows": 16339334364448875410882560, "Join Type": "Inner", "Hash Cond": "(table_0.col_0 = table_46.col_0)", "Parent Relationship": "Outer", "Plan Width": 808, "Total Cost": 8.205707137987412e+23}], "Sort Key": ["table_46.col_1", "table_55.col_3", "table_47.col_2", "table_15.col_1", "table_37.col_1"], "Plan Rows": 16339334364448875410882560, "Node Type": "Sort", "Parent Relationship": "Outer", "Plan Width": 808, "Total Cost": 1.761396106659506e+26}, {"Startup Cost": 2.8553166830023164e+26, "Plans": [{"Startup Cost": 2.8553166830023164e+26, "Plans": [{"Startup Cost": 1.8296618124268333e+20, "Plans": [{"Startup Cost": 1.8296618124268333e+20, "Plans": [{"Startup Cost": 1.8296618124268333e+20, "Plans": [{"Startup Cost": 92.46, "Plans": [{"Startup Cost": 92.46, "Plans": [{"Startup Cost": 92.46, "Plans": [{"Startup Cost": 92.46, "Plans": [{"Startup Cost": 46.23, "Plans": [{"Startup Cost": 0.0, "Node Type": "Seq Scan", "Plan Rows": 640, "Relation Name": "table_39", "Alias": "table_39", "Parent Relationship": "Outer", "Plan Width": 96, "Total Cost": 16.4}], "Sort Key": ["table_39.col_0"], "Plan Rows": 640, "Node Type": "Sort", "Parent Relationship": "Outer", "Plan Width": 96, "Total Cost": 47.83}, {"Startup Cost": 46.23, "Plans": [{"Startup Cost": 0.0, "Node Type": "Seq Scan", "Plan Rows": 640, "Relation Name": "table_26", "Alias": "table_26", "Parent Relationship": "Outer", "Plan Width": 96, "Total Cost": 16.4}], "Sort Key": ["table_26.col_2"], "Plan Rows": 640, "Node Type": "Sort", "Parent Relationship": "Inner", "Plan Width": 96, "Total Cost": 47.83}], "Node Type": "Merge Join", "Plan Rows": 2048, "Join Type": "Inner", "Parent Relationship": "Outer", "Plan Width": 192, "Merge Cond": "(table_39.col_0 = table_26.col_2)", "Total Cost": 126.38}, {"Startup Cost": 0.0, "Plans": [{"Startup Cost": 0.0, "Node Type": "Seq Scan", "Plan Rows": 860, "Relation Name": "table_44", "Alias": "table_44", "Parent Relationship": "Outer", "Plan Width": 64, "Total Cost": 18.6}], "Plan Rows": 860, "Node Type": "Materialize", "Parent Relationship": "Inner", "Plan Width": 64, "Total Cost": 22.9}], "Node Type": "Nested Loop", "Plan Rows": 8806, "Join Type": "Inner", "Parent Relationship": "Outer", "Plan Width": 256, "Join Filter": "(table_44.col_1 = table_26.col_1)", "Total Cost": 26566.33}, {"Startup Cost": 0.0, "Plans": [{"Startup Cost": 0.0, "Node Type": "Seq Scan", "Plan Rows": 510, "Relation Name": "table_23", "Alias": "table_23", "Parent Relationship": "Outer", "Plan Width": 128, "Total Cost": 15.1}], "Plan Rows": 510, "Node Type": "Materialize", "Parent Relationship": "Inner", "Plan Width": 128, "Total Cost": 17.65}], "Node Type": "Nested Loop", "Plan Rows": 22455, "Join Type": "Inner", "Parent Relationship": "Outer", "Plan Width": 384, "Join Filter": "(table_23.col_0 = table_44.col_0)", "Total Cost": 93948.61}, {"Startup Cost": 0.0, "Plans": [{"Startup Cost": 0.0, "Node Type": "Seq Scan", "Plan Rows": 1230, "Relation Name": "table_8", "Alias": "table_8", "Parent Relationship": "Outer", "Plan Width": 36, "Total Cost": 22.3}], "Plan Rows": 1230, "Node Type": "Materialize", "Parent Relationship": "Inner", "Plan Width": 36, "Total Cost": 28.45}], "Node Type": "Nested Loop", "Plan Rows": 138098, "Join Type": "Left", "Parent Relationship": "Outer", "Plan Width": 420, "Join Filter": "(table_23.col_0 = table_8.col_0)", "Total Cost": 508268.73}, {"Startup Cost": 1.8296618124268333e+20, "Plans": [{"Startup Cost": 1.8296618124268333e+20, "Plans": [{"Startup Cost": 1.8296618124268333e+20, "Plans": [{"Startup Cost": 1.8296618124268333e+20, "Plans": [{"Startup Cost": 1.8296618124268333e+20, "Plans": [{"Startup Cost": 1.8296618124268333e+20, "Plans": [{"Startup Cost": 265826.25, "Plans": [{"Startup Cost": 0.0, "Plans": [{"Startup Cost": 0.0, "Node Type": "Seq Scan", "Plan Rows": 1100, "Relation Name": "table_56", "Alias": "table_56", "Parent Relationship": "Outer", "Plan Width": 44, "Total Cost": 21.0}, {"Startup Cost": 0.0, "Plans": [{"Startup Cost": 0.0, "Node Type": "Seq Scan", "Plan Rows": 860, "Relation Name": "table_2", "Alias": "table_2", "Parent Relationship": "Outer", "Plan Width": 64, "Total Cost": 18.6}], "Plan Rows": 860, "Node Type": "Materialize", "Parent Relationship": "Inner", "Plan Width": 64, "Total Cost": 22.9}], "Node Type": "Nested Loop", "Plan Rows": 946000, "Join Type": "Inner", "Parent Relationship": "Outer", "Plan Width": 108, "Total Cost": 11866.75}], "Sort Key": ["table_56.col_0", "table_56.col_1"], "Plan Rows": 946000, "Node Type": "Sort", "Parent Relationship": "Outer", "Plan Width": 108, "Total Cost": 268191.25}, {"Startup Cost": 1.8296618124268306e+20, "Plans": [{"Startup Cost": 1.8296618124268306e+20, "Plans": [{"Startup Cost": 9012897897.31, "Plans": [{"Startup Cost": 9012897753.34, "Plans": [{"Startup Cost": 9012897753.34, "Plans": [{"Startup Cost": 9012897753.34, "Plans": [{"Startup Cost": 9012897753.34, "Plans": [{"Startup Cost": 9012897694.79, "Plans": [{"Startup Cost": 56.58, "Plans": [{"Startup Cost": 0.0, "Node Type": "Seq Scan", "Plan Rows": 800, "Relation Name": "table_58", "Alias": "table_58", "Parent Relationship": "Outer", "Plan Width": 72, "Total Cost": 18.0}], "Sort Key": ["table_58.col_3"], "Plan Rows": 800, "Node Type": "Sort", "Parent Relationship": "Outer", "Plan Width": 72, "Total Cost": 58.58}, {"Startup Cost": 9012897638.22, "Plans": [{"Startup Cost": 9012897638.22, "Plans": [{"Startup Cost": 4689452.61, "Plans": [{"Startup Cost": 541242.94, "Plans": [{"Startup Cost": 153.15, "Plans": [{"Startup Cost": 96.58, "Plans": [{"Startup Cost": 96.58, "Plans": [{"Startup Cost": 96.58, "Plans": [{"Startup Cost": 38.04, "Plans": [{"Startup Cost": 0.0, "Node Type": "Seq Scan", "Plan Rows": 510, "Relation Name": "table_42", "Alias": "table_42", "Parent Relationship": "Outer", "Plan Width": 128, "Total Cost": 15.1}], "Sort Key": ["table_42.col_1"], "Plan Rows": 510, "Node Type": "Sort", "Parent Relationship": "Outer", "Plan Width": 128, "Total Cost": 39.31}, {"Startup Cost": 58.54, "Plans": [{"Startup Cost": 0.0, "Node Type": "Seq Scan", "Plan Rows": 830, "Relation Name": "table_41", "Alias": "table_41", "Parent Relationship": "Outer", "Plan Width": 68, "Total Cost": 18.3}], "Sort Key": ["table_41.col_0"], "Plan Rows": 830, "Node Type": "Sort", "Parent Relationship": "Inner", "Plan Width": 68, "Total Cost": 60.62}], "Node Type": "Merge Join", "Plan Rows": 2116, "Join Type": "Inner", "Parent Relationship": "Outer", "Plan Width": 196, "Merge Cond": "(table_42.col_1 = table_41.col_0)", "Total Cost": 130.87}, {"Startup Cost": 0.0, "Plans": [{"Startup Cost": 0.0, "Node Type": "Seq Scan", "Plan Rows": 830, "Relation Name": "table_21", "Alias": "table_21", "Parent Relationship": "Outer", "Plan Width": 68, "Total Cost": 18.3}], "Plan Rows": 830, "Node Type": "Materialize", "Parent Relationship": "Inner", "Plan Width": 68, "Total Cost": 22.45}], "Node Type": "Nested Loop", "Plan Rows": 8781, "Join Type": "Inner", "Parent Relationship": "Outer", "Plan Width": 264, "Join Filter": "(table_42.col_0 = table_21.col_2)", "Total Cost": 26495.44}, {"Startup Cost": 0.0, "Plans": [{"Startup Cost": 0.0, "Node Type": "Seq Scan", "Plan Rows": 620, "Relation Name": "table_12", "Alias": "table_12", "Parent Relationship": "Outer", "Plan Width": 100, "Total Cost": 16.2}], "Plan Rows": 620, "Node Type": "Materialize", "Parent Relationship": "Inner", "Plan Width": 100, "Total Cost": 19.3}], "Node Type": "Nested Loop", "Plan Rows": 5444220, "Join Type": "Inner", "Parent Relationship": "Outer", "Plan Width": 364, "Total Cost": 94565.94}, {"Startup Cost": 56.58, "Plans": [{"Startup Cost": 0.0, "Node Type": "Seq Scan", "Plan Rows": 800, "Relation Name": "table_17", "Alias": "table_17", "Parent Relationship": "Outer", "Plan Width": 72, "Total Cost": 18.0}], "Sort Key": ["table_17.col_2"], "Plan Rows": 800, "Node Type": "Sort", "Parent Relationship": "Inner", "Plan Width": 72, "Total Cost": 58.58}], "Node Type": "Merge Join", "Plan Rows": 108884, "Join Type": "Inner", "Parent Relationship": "Outer", "Plan Width": 436, "Join Filter": "(table_12.col_1 = table_17.col_1)", "Merge Cond": "(table_42.col_1 = table_17.col_2)", "Total Cost": 489328.47}], "Sort Key": ["table_41.col_1"], "Plan Rows": 108884, "Node Type": "Sort", "Parent Relationship": "Outer", "Plan Width": 436, "Total Cost": 541515.15}, {"Startup Cost": 4148209.67, "Plans": [{"Startup Cost": 4148209.67, "Plans": [{"Startup Cost": 727.52, "Plans": [{"Startup Cost": 689.84, "Plans": [{"Startup Cost": 631.69, "Plans": [{"Startup Cost": 607.29, "Plans": [{"Startup Cost": 80.64, "Plans": [{"Startup Cost": 0.0, "Node Type": "Seq Scan", "Plan Rows": 1160, "Relation Name": "table_22", "Alias": "table_22", "Parent Relationship": "Outer", "Plan Width": 40, "Total Cost": 21.6}], "Sort Key": ["table_22.col_0"], "Plan Rows": 1160, "Node Type": "Sort", "Parent Relationship": "Outer", "Plan Width": 40, "Total Cost": 83.54}, {"Startup Cost": 526.65, "Plans": [{"Startup Cost": 141.16, "Plans": [{"Startup Cost": 60.52, "Plans": [{"Startup Cost": 0.0, "Node Type": "Seq Scan", "Plan Rows": 860, "Relation Name": "table_40", "Alias": "table_40", "Parent Relationship": "Outer", "Plan Width": 64, "Total Cost": 18.6}], "Sort Key": ["table_40.col_1"], "Plan Rows": 860, "Node Type": "Sort", "Parent Relationship": "Outer", "Plan Width": 64, "Total Cost": 62.67}, {"Startup Cost": 80.64, "Plans": [{"Startup Cost": 0.0, "Node Type": "Seq Scan", "Plan Rows": 1160, "Relation Name": "table_34", "Alias": "table_34", "Parent Relationship": "Outer", "Plan Width": 40, "Total Cost": 21.6}], "Sort Key": ["table_34.col_0"], "Plan Rows": 1160, "Node Type": "Sort", "Parent Relationship": "Inner", "Plan Width": 40, "Total Cost": 83.54}], "Node Type": "Merge Join", "Plan Rows": 4988, "Join Type": "Inner", "Parent Relationship": "Outer", "Plan Width": 104, "Merge Cond": "(table_40.col_1 = table_34.col_0)", "Total Cost": 220.28}], "Sort Key": ["table_34.col_1"], "Plan Rows": 4988, "Node Type": "Sort", "Parent Relationship": "Inner", "Plan Width": 104, "Total Cost": 539.12}], "Node Type": "Merge Join", "Plan Rows": 28930, "Join Type": "Right", "Parent Relationship": "Outer", "Plan Width": 144, "Merge Cond": "(table_22.col_0 = table_34.col_1)", "Total Cost": 1047.04}, {"Startup Cost": 16.4, "Plans": [{"Startup Cost": 0.0, "Node Type": "Seq Scan", "Plan Rows": 640, "Relation Name": "table_4", "Alias": "table_4", "Parent Relationship": "Outer", "Plan Width": 96, "Total Cost": 16.4}], "Plan Rows": 640, "Node Type": "Hash", "Parent Relationship": "Inner", "Plan Width": 96, "Total Cost": 16.4}], "Node Type": "Hash Join", "Plan Rows": 92576, "Join Type": "Inner", "Hash Cond": "(table_34.col_0 = table_4.col_1)", "Parent Relationship": "Outer", "Plan Width": 240, "Total Cost": 4383.93}, {"Startup Cost": 31.4, "Plans": [{"Startup Cost": 0.0, "Node Type": "Seq Scan", "Plan Rows": 2140, "Relation Name": "table_1", "Alias": "table_1", "Parent Relationship": "Outer", "Plan Width": 8, "Total Cost": 31.4}], "Plan Rows": 2140, "Node Type": "Hash", "Parent Relationship": "Inner", "Plan Width": 8, "Total Cost": 31.4}], "Node Type": "Hash Join", "Plan Rows": 990563, "Join Type": "Inner", "Hash Cond": "(table_34.col_2 = table_1.col_0)", "Parent Relationship": "Outer", "Plan Width": 248, "Total Cost": 39343.23}, {"Startup Cost": 22.3, "Plans": [{"Startup Cost": 0.0, "Node Type": "Seq Scan", "Plan Rows": 1230, "Relation Name": "table_3", "Alias": "table_3", "Parent Relationship": "Outer", "Plan Width": 36, "Total Cost": 22.3}], "Plan Rows": 1230, "Node Type": "Hash", "Parent Relationship": "Inner", "Plan Width": 36, "Total Cost": 22.3}], "Node Type": "Hash Join", "Plan Rows": 6091962, "Join Type": "Left", "Hash Cond": "(table_1.col_1 = table_3.col_0)", "Parent Relationship": "Outer", "Plan Width": 284, "Total Cost": 255075.99}], "Sort Key": ["table_1.col_0"], "Plan Rows": 6091962, "Node Type": "Sort", "Parent Relationship": "Outer", "Plan Width": 284, "Total Cost": 4163439.58}], "Plan Rows": 6091962, "Node Type": "Materialize", "Parent Relationship": "Inner", "Plan Width": 284, "Total Cost": 4178669.48}], "Node Type": "Merge Join", "Plan Rows": 3316585952, "Join Type": "Inner", "Parent Relationship": "Outer", "Plan Width": 720, "Merge Cond": "(table_41.col_1 = table_1.col_0)", "Total Cost": 54454016.22}], "Sort Key": ["table_42.col_0"], "Plan Rows": 3316585952, "Node Type": "Sort", "Parent Relationship": "Outer", "Plan Width": 720, "Total Cost": 9021189103.1}], "Plan Rows": 3316585952, "Node Type": "Materialize", "Parent Relationship": "Inner", "Plan Width": 720, "Total Cost": 9029480567.98}], "Node Type": "Merge Join", "Plan Rows": 13266343808, "Join Type": "Inner", "Parent Relationship": "Outer", "Plan Width": 792, "Merge Cond": "(table_58.col_3 = table_42.col_0)", "Total Cost": 9220184320.79}, {"Startup Cost": 58.54, "Plans": [{"Startup Cost": 0.0, "Node Type": "Seq Scan", "Plan Rows": 830, "Relation Name": "table_5", "Alias": "table_5", "Parent Relationship": "Outer", "Plan Width": 68, "Total Cost": 18.3}], "Sort Key": ["table_5.col_1"], "Plan Rows": 830, "Node Type": "Sort", "Parent Relationship": "Inner", "Plan Width": 68, "Total Cost": 60.62}], "Node Type": "Merge Join", "Plan Rows": 55055326803, "Join Type": "Left", "Parent Relationship": "Outer", "Plan Width": 860, "Merge Cond": "(table_21.col_2 = table_5.col_1)", "Total Cost": 10079180140.9}, {"Startup Cost": 0.0, "Plans": [{"Startup Cost": 0.0, "Node Type": "Seq Scan", "Plan Rows": 1100, "Relation Name": "table_27", "Alias": "table_27", "Parent Relationship": "Outer", "Plan Width": 44, "Total Cost": 21.0}], "Plan Rows": 1100, "Node Type": "Materialize", "Parent Relationship": "Inner", "Plan Width": 44, "Total Cost": 26.5}], "Node Type": "Nested Loop", "Plan Rows": 302804297416, "Join Type": "Inner", "Parent Relationship": "Outer", "Plan Width": 904, "Join Filter": "(table_27.col_0 = table_58.col_0)", "Total Cost": 918492072414.15}, {"Startup Cost": 0.0, "Plans": [{"Startup Cost": 0.0, "Node Type": "Seq Scan", "Plan Rows": 2140, "Relation Name": "table_20", "Alias": "table_20", "Parent Relationship": "Outer", "Plan Width": 8, "Total Cost": 31.4}], "Plan Rows": 2140, "Node Type": "Materialize", "Parent Relationship": "Inner", "Plan Width": 8, "Total Cost": 42.1}], "Node Type": "Nested Loop", "Plan Rows": 3240005982351, "Join Type": "Left", "Parent Relationship": "Outer", "Plan Width": 912, "Join Filter": "(table_21.col_1 = table_20.col_1)", "Total Cost": 10638510019504.5}, {"Startup Cost": 0.0, "Plans": [{"Startup Cost": 0.0, "Node Type": "Seq Scan", "Plan Rows": 1100, "Relation Name": "table_24", "Alias": "table_24", "Parent Relationship": "Outer", "Plan Width": 44, "Total Cost": 21.0}], "Plan Rows": 1100, "Node Type": "Materialize", "Parent Relationship": "Inner", "Plan Width": 44, "Total Cost": 26.5}], "Node Type": "Nested Loop", "Plan Rows": 3564006580586100, "Join Type": "Inner", "Parent Relationship": "Outer", "Plan Width": 956, "Total Cost": 55188592276854.5}, {"Startup Cost": 143.97, "Plans": [{"Startup Cost": 143.97, "Plans": [{"Startup Cost": 58.54, "Plans": [{"Startup Cost": 0.0, "Node Type": "Seq Scan", "Plan Rows": 830, "Relation Name": "table_18", "Alias": "table_18", "Parent Relationship": "Outer", "Plan Width": 68, "Total Cost": 18.3}], "Sort Key": ["table_18.col_2"], "Plan Rows": 830, "Node Type": "Sort", "Parent Relationship": "Outer", "Plan Width": 68, "Total Cost": 60.62}, {"Startup Cost": 85.43, "Plans": [{"Startup Cost": 0.0, "Node Type": "Seq Scan", "Plan Rows": 1230, "Relation Name": "table_31", "Alias": "table_31", "Parent Relationship": "Outer", "Plan Width": 36, "Total Cost": 22.3}], "Sort Key": ["table_31.col_1"], "Plan Rows": 1230, "Node Type": "Sort", "Parent Relationship": "Inner", "Plan Width": 36, "Total Cost": 88.5}], "Node Type": "Merge Join", "Plan Rows": 5104, "Join Type": "Inner", "Parent Relationship": "Outer", "Plan Width": 104, "Merge Cond": "(table_18.col_2 = table_31.col_1)", "Total Cost": 224.68}], "Plan Rows": 5104, "Node Type": "Materialize", "Parent Relationship": "Inner", "Plan Width": 104, "Total Cost": 250.2}], "Node Type": "Nested Loop", "Plan Rows": 18190689587311454208, "Join Type": "Inner", "Parent Relationship": "Outer", "Plan Width": 1060, "Total Cost": 2.2743880843367027e+17}], "Sort Key": ["table_58.col_3", "table_24.col_1"], "Plan Rows": 18190689587311454208, "Node Type": "Sort", "Parent Relationship": "Outer", "Plan Width": 1060, "Total Cost": 1.8301165796665134e+20}], "Plan Rows": 18190689587311454208, "Node Type": "Materialize", "Parent Relationship": "Inner", "Plan Width": 1060, "Total Cost": 1.8305713469061962e+20}], "Node Type": "Merge Join", "Plan Rows": 430209808739915923456, "Join Type": "Inner", "Parent Relationship": "Outer", "Plan Width": 1168, "Merge Cond": "((table_56.col_0 = table_42.col_0) AND (table_56.col_1 = table_24.col_1))", "Total Cost": 1.9054032961960015e+20}, {"Startup Cost": 0.0, "Plans": [{"Startup Cost": 0.0, "Node Type": "Seq Scan", "Plan Rows": 1230, "Relation Name": "table_59", "Alias": "table_59", "Parent Relationship": "Outer", "Plan Width": 36, "Total Cost": 22.3}], "Plan Rows": 1230, "Node Type": "Materialize", "Parent Relationship": "Inner", "Plan Width": 36, "Total Cost": 28.45}], "Node Type": "Nested Loop", "Plan Rows": 2645790323750482739200, "Join Type": "Inner", "Parent Relationship": "Outer", "Plan Width": 1204, "Join Filter": "(table_59.col_0 = table_31.col_1)", "Total Cost": 8.127911300871049e+21}, {"Startup Cost": 0.0, "Plans": [{"Startup Cost": 0.0, "Node Type": "Seq Scan", "Plan Rows": 1230, "Relation Name": "table_30", "Alias": "table_30", "Parent Relationship": "Outer", "Plan Width": 36, "Total Cost": 22.3}], "Plan Rows": 1230, "Node Type": "Materialize", "Parent Relationship": "Inner", "Plan Width": 36, "Total Cost": 28.45}], "Node Type": "Nested Loop", "Plan Rows": 16271610491065470025728, "Join Type": "Left", "Parent Relationship": "Outer", "Plan Width": 1240, "Join Filter": "(table_34.col_2 = table_30.col_1)", "Total Cost": 5.6942742774067455e+22}, {"Startup Cost": 0.0, "Plans": [{"Startup Cost": 0.0, "Node Type": "Seq Scan", "Plan Rows": 800, "Relation Name": "table_48", "Alias": "table_48", "Parent Relationship": "Outer", "Plan Width": 72, "Total Cost": 18.0}], "Plan Rows": 800, "Node Type": "Materialize", "Parent Relationship": "Inner", "Plan Width": 72, "Total Cost": 22.0}], "Node Type": "Nested Loop", "Plan Rows": 65086441964261880102912, "Join Type": "Left", "Parent Relationship": "Outer", "Plan Width": 1312, "Join Filter": "(table_21.col_0 = table_48.col_2)", "Total Cost": 2.522020686668531e+23}, {"Startup Cost": 0.0, "Plans": [{"Startup Cost": 0.0, "Node Type": "Seq Scan", "Plan Rows": 800, "Relation Name": "table_62", "Alias": "table_62", "Parent Relationship": "Outer", "Plan Width": 72, "Total Cost": 18.0}], "Plan Rows": 800, "Node Type": "Materialize", "Parent Relationship": "Inner", "Plan Width": 72, "Total Cost": 22.0}], "Node Type": "Nested Loop", "Plan Rows": 260345767857047520411648, "Join Type": "Left", "Parent Relationship": "Outer", "Plan Width": 1384, "Join Filter": "(table_20.col_0 = table_62.col_2)", "Total Cost": 1.0332393722379958e+24}], "Plan Rows": 260345767857047520411648, "Node Type": "Materialize", "Parent Relationship": "Inner", "Plan Width": 1384, "Total Cost": 1.0338902366576383e+24}], "Node Type": "Merge Join", "Plan Rows": 898830746238063764045824, "Join Type": "Inner", "Parent Relationship": "Outer", "Plan Width": 1804, "Join Filter": "(table_26.col_1 = table_31.col_1)", "Merge Cond": "(table_26.col_2 = table_42.col_0)", "Total Cost": 4.1791469840712186e+24}, {"Startup Cost": 18.0, "Plans": [{"Startup Cost": 0.0, "Node Type": "Seq Scan", "Plan Rows": 800, "Relation Name": "table_51", "Alias": "table_51", "Parent Relationship": "Outer", "Plan Width": 72, "Total Cost": 18.0}], "Plan Rows": 800, "Node Type": "Hash", "Parent Relationship": "Inner", "Plan Width": 72, "Total Cost": 18.0}], "Node Type": "Hash Join", "Plan Rows": 3595322984952255056183296, "Join Type": "Left", "Hash Cond": "(table_42.col_3 = table_51.col_1)", "Parent Relationship": "Outer", "Plan Width": 1876, "Total Cost": 4.307230365410143e+24}, {"Startup Cost": 16.2, "Plans": [{"Startup Cost": 0.0, "Node Type": "Seq Scan", "Plan Rows": 620, "Relation Name": "table_49", "Alias": "table_49", "Parent Relationship": "Outer", "Plan Width": 100, "Total Cost": 16.2}], "Plan Rows": 620, "Node Type": "Hash", "Parent Relationship": "Inner", "Plan Width": 100, "Total Cost": 16.2}], "Node Type": "Hash Join", "Plan Rows": 11145501253351989976236032, "Join Type": "Inner", "Hash Cond": "(table_23.col_2 = table_49.col_2)", "Parent Relationship": "Outer", "Plan Width": 1976, "Total Cost": 4.706311216739843e+24}], "Sort Key": ["table_2.col_0", "table_41.col_0", "table_1.col_0", "table_40.col_1", "table_17.col_3"], "Plan Rows": 11145501253351989976236032, "Node Type": "Sort", "Parent Relationship": "Outer", "Plan Width": 1976, "Total Cost": 2.85559532053365e+26}], "Plan Rows": 11145501253351989976236032, "Node Type": "Materialize", "Parent Relationship": "Inner", "Plan Width": 1976, "Total Cost": 2.855873958064984e+26}], "Node Type": "Merge Join", "Plan Rows": 569093973868444398873560610798053621760, "Join Type": "Inner", "Parent Relationship": "Outer", "Plan Width": 2784, "Merge Cond": "((table_46.col_1 = table_2.col_0) AND (table_0.col_1 = table_42.col_1) AND (table_47.col_2 = table_41.col_1) AND (table_15.col_1 = table_34.col_0) AND (table_37.col_1 = table_17.col_3))", "Total Cost": 1.4227349347173014e+37}], "Plan Rows": 569093973868444398873560610798053621760, "Node Type": "Materialize", "Parent Relationship": "Inner", "Plan Width": 2784, "Total Cost": 1.5650084281844126e+37}], "Node Type": "Merge Join", "Plan Rows": 6871327324881697036758277411885375531121639424, "Join Type": "Inner", "Parent Relationship": "Outer", "Plan Width": 3176, "Merge Cond": "(table_25.col_0 = table_46.col_1)", "Total Cost": 1.030699241005748e+44}, {"Startup Cost": 21.6, "Plans": [{"Startup Cost": 0.0, "Node Type": "Seq Scan", "Plan Rows": 1160, "Relation Name": "table_50", "Alias": "table_50", "Parent Relationship": "Outer", "Plan Width": 40, "Total Cost": 21.6}], "Plan Rows": 1160, "Node Type": "Hash", "Parent Relationship": "Inner", "Plan Width": 40, "Total Cost": 21.6}], "Plan Rows": 39853698484313842559667888943289297781164867584, "Node Type": "Hash Join", "Join Type": "Right", "Hash Cond": "(table_61.col_0 = table_50.col_2)", "Plan Width": 3216, "Total Cost": 1.5151276893637636e+45}}]