[{"Plan": {"Startup Cost": 3.9157430644020246e+27, "Plans": [{"Startup Cost": 3.9157430644020246e+27, "Plans": [{"Startup Cost": 85.43, "Plans": [{"Startup Cost": 0.0, "Node Type": "Seq Scan", "Plan Rows": 1230, "Relation Name": "table_7", "Alias": "table_7", "Parent Relationship": "Outer", "Plan Width": 36, "Total Cost": 22.3}], "Sort Key": ["table_7.col_1"], "Plan Rows": 1230, "Node Type": "Sort", "Parent Relationship": "Outer", "Plan Width": 36, "Total Cost": 88.5}, {"Startup Cost": 3.9157430644020246e+27, "Plans": [{"Startup Cost": 3.9157430644020246e+27, "Plans": [{"Startup Cost": 2.650819705676204e+27, "Plans": [{"Startup Cost": 4573.37, "Plans": [{"Startup Cost": 3959.19, "Plans": [{"Startup Cost": 211.66, "Plans": [{"Startup Cost": 173.98, "Plans": [{"Startup Cost": 139.23, "Plans": [{"Startup Cost": 139.23, "Plans": [{"Startup Cost": 85.58, "Plans": [{"Startup Cost": 85.58, "Plans": [{"Startup Cost": 0.15, "Plans": [{"Startup Cost": 0.15, "Plans": [{"Startup Cost": 0.15, "Plans": [{"Startup Cost": 0.15, "Plans": [{"Startup Cost": 0.15, "Plans": [{"Startup Cost": 0.15, "Plans": [{"Startup Cost": 0.15, "Scan Direction": "Forward", "Plan Width": 8, "Node Type": "Index Scan", "Plan Rows": 2140, "Relation Name": "table_1", "Alias": "table_1", "Parent Relationship": "Outer", "Total Cost": 76.26, "Index Name": "table_1_col_1_idx"}, {"Startup Cost": 0.0, "Plans": [{"Startup Cost": 0.0, "Node Type": "Seq Scan", "Plan Rows": 640, "Relation Name": "table_4", "Alias": "table_4", "Parent Relationship": "Outer", "Plan Width": 96, "Total Cost": 16.4}], "Plan Rows": 640, "Node Type": "Materialize", "Parent Relationship": "Inner", "Plan Width": 96, "Total Cost": 19.6}], "Node Type": "Nested Loop", "Plan Rows": 1369600, "Join Type": "Inner", "Parent Relationship": "Outer", "Plan Width": 104, "Total Cost": 17214.26}, {"Startup Cost": 0.0, "Plans": [{"Startup Cost": 0.0, "Node Type": "Seq Scan", "Plan Rows": 1160, "Relation Name": "table_34", "Alias": "table_34", "Parent Relationship": "Outer", "Plan Width": 40, "Total Cost": 21.6}], "Plan Rows": 1160, "Node Type": "Materialize", "Parent Relationship": "Inner", "Plan Width": 40, "Total Cost": 27.4}], "Node Type": "Nested Loop", "Plan Rows": 39718, "Join Type": "Inner", "Parent Relationship": "Outer", "Plan Width": 144, "Join Filter": "((table_34.col_2 = table_1.col_0) AND (table_34.col_0 = table_4.col_1))", "Total Cost": 27820118.75}, {"Startup Cost": 0.0, "Plans": [{"Startup Cost": 0.0, "Node Type": "Seq Scan", "Plan Rows": 860, "Relation Name": "table_40", "Alias": "table_40", "Parent Relationship": "Outer", "Plan Width": 64, "Total Cost": 18.6}], "Plan Rows": 860, "Node Type": "Materialize", "Parent Relationship": "Inner", "Plan Width": 64, "Total Cost": 22.9}], "Node Type": "Nested Loop", "Plan Rows": 170787, "Join Type": "Inner", "Parent Relationship": "Outer", "Plan Width": 208, "Join Filter": "(table_34.col_0 = table_40.col_1)", "Total Cost": 28332501.7}, {"Startup Cost": 0.0, "Plans": [{"Startup Cost": 0.0, "Node Type": "Seq Scan", "Plan Rows": 800, "Relation Name": "table_15", "Alias": "table_15", "Parent Relationship": "Outer", "Plan Width": 72, "Total Cost": 18.0}], "Plan Rows": 800, "Node Type": "Materialize", "Parent Relationship": "Inner", "Plan Width": 72, "Total Cost": 22.0}], "Node Type": "Nested Loop", "Plan Rows": 683148, "Join Type": "Inner", "Parent Relationship": "Outer", "Plan Width": 280, "Join Filter": "(table_15.col_1 = table_34.col_0)", "Total Cost": 30381965.7}, {"Startup Cost": 0.0, "Plans": [{"Startup Cost": 0.0, "Node Type": "Seq Scan", "Plan Rows": 1160, "Relation Name": "table_22", "Alias": "table_22", "Parent Relationship": "Outer", "Plan Width": 40, "Total Cost": 21.6}], "Plan Rows": 1160, "Node Type": "Materialize", "Parent Relationship": "Inner", "Plan Width": 40, "Total Cost": 27.4}], "Node Type": "Nested Loop", "Plan Rows": 3962258, "Join Type": "Left", "Parent Relationship": "Outer", "Plan Width": 320, "Join Filter": "(table_34.col_1 = table_22.col_0)", "Total Cost": 42268765.41}, {"Startup Cost": 0.0, "Plans": [{"Startup Cost": 0.0, "Node Type": "Seq Scan", "Plan Rows": 860, "Relation Name": "table_2", "Alias": "table_2", "Parent Relationship": "Outer", "Plan Width": 64, "Total Cost": 18.6}], "Plan Rows": 860, "Node Type": "Materialize", "Parent Relationship": "Inner", "Plan Width": 64, "Total Cost": 22.9}], "Node Type": "Nested Loop", "Plan Rows": 3407541880, "Join Type": "Inner", "Parent Relationship": "Outer", "Plan Width": 384, "Total Cost": 84863059.66}, {"Startup Cost": 85.43, "Plans": [{"Startup Cost": 0.0, "Node Type": "Seq Scan", "Plan Rows": 1230, "Relation Name": "table_3", "Alias": "table_3", "Parent Relationship": "Outer", "Plan Width": 36, "Total Cost": 22.3}], "Sort Key": ["table_3.col_0"], "Plan Rows": 1230, "Node Type": "Sort", "Parent Relationship": "Inner", "Plan Width": 36, "Total Cost": 88.5}], "Node Type": "Merge Join", "Plan Rows": 20956382562, "Join Type": "Left", "Parent Relationship": "Outer", "Plan Width": 420, "Merge Cond": "(table_1.col_1 = table_3.col_0)", "Total Cost": 407727738.21}, {"Startup Cost": 0.0, "Plans": [{"Startup Cost": 0.0, "Node Type": "Seq Scan", "Plan Rows": 800, "Relation Name": "table_55", "Alias": "table_55", "Parent Relationship": "Outer", "Plan Width": 72, "Total Cost": 18.0}], "Plan Rows": 800, "Node Type": "Materialize", "Parent Relationship": "Inner", "Plan Width": 72, "Total Cost": 22.0}], "Node Type": "Nested Loop", "Plan Rows": 16765106049600, "Join Type": "Inner", "Parent Relationship": "Outer", "Plan Width": 492, "Total Cost": 209971553378.21}, {"Startup Cost": 29.4, "Plans": [{"Startup Cost": 0.0, "Node Type": "Seq Scan", "Plan Rows": 1940, "Relation Name": "table_9", "Alias": "table_9", "Parent Relationship": "Outer", "Plan Width": 12, "Total Cost": 29.4}], "Plan Rows": 1940, "Node Type": "Hash", "Parent Relationship": "Inner", "Plan Width": 12, "Total Cost": 29.4}], "Node Type": "Hash Join", "Plan Rows": 162621528681120, "Join Type": "Left", "Hash Cond": "(table_15.col_2 = table_9.col_1)", "Parent Relationship": "Outer", "Plan Width": 504, "Total Cost": 5943637822395.06}, {"Startup Cost": 0.0, "Plans": [{"Startup Cost": 0.0, "Node Type": "Seq Scan", "Plan Rows": 1230, "Relation Name": "table_59", "Alias": "table_59_1", "Parent Relationship": "Outer", "Plan Width": 36, "Total Cost": 22.3}], "Plan Rows": 1230, "Node Type": "Materialize", "Parent Relationship": "Inner", "Plan Width": 36, "Total Cost": 28.45}], "Node Type": "Nested Loop", "Plan Rows": 200024480277777600, "Join Type": "Inner", "Parent Relationship": "Outer", "Plan Width": 540, "Total Cost": 2506249641294640.5}, {"Startup Cost": 21.0, "Plans": [{"Startup Cost": 0.0, "Node Type": "Seq Scan", "Plan Rows": 1100, "Relation Name": "table_60", "Alias": "table_60", "Parent Relationship": "Outer", "Plan Width": 44, "Total Cost": 21.0}], "Plan Rows": 1100, "Node Type": "Hash", "Parent Relationship": "Inner", "Plan Width": 44, "Total Cost": 21.0}], "Node Type": "Hash Join", "Plan Rows": 1100134641527776768, "Join Type": "Left", "Hash Cond": "(table_9.col_2 = table_60.col_1)", "Parent Relationship": "Outer", "Plan Width": 584, "Total Cost": 4.151102329546131e+16}, {"Startup Cost": 22.3, "Plans": [{"Startup Cost": 0.0, "Node Type": "Seq Scan", "Plan Rows": 1230, "Relation Name": "table_30", "Alias": "table_30", "Parent Relationship": "Outer", "Plan Width": 36, "Total Cost": 22.3}], "Plan Rows": 1230, "Node Type": "Hash", "Parent Relationship": "Inner", "Plan Width": 36, "Total Cost": 22.3}], "Node Type": "Hash Join", "Plan Rows": 6765828045395827712, "Join Type": "Left", "Hash Cond": "(table_34.col_2 = table_30.col_1)", "Parent Relationship": "Outer", "Plan Width": 620, "Total Cost": 2.8106534148813475e+17}, {"Startup Cost": 2189.48, "Plans": [{"Startup Cost": 1395.82, "Plans": [{"Startup Cost": 56.58, "Plans": [{"Startup Cost": 0.0, "Node Type": "Seq Scan", "Plan Rows": 800, "Relation Name": "table_48", "Alias": "table_48_1", "Parent Relationship": "Outer", "Plan Width": 72, "Total Cost": 18.0}], "Sort Key": ["table_48_1.col_0"], "Plan Rows": 800, "Node Type": "Sort", "Parent Relationship": "Outer", "Plan Width": 72, "Total Cost": 58.58}, {"Startup Cost": 1339.24, "Plans": [{"Startup Cost": 235.2, "Plans": [{"Startup Cost": 85.43, "Plans": [{"Startup Cost": 0.0, "Node Type": "Seq Scan", "Plan Rows": 1230, "Relation Name": "table_0", "Alias": "table_0_1", "Parent Relationship": "Outer", "Plan Width": 36, "Total Cost": 22.3}], "Sort Key": ["table_0_1.col_0"], "Plan Rows": 1230, "Node Type": "Sort", "Parent Relationship": "Outer", "Plan Width": 36, "Total Cost": 88.5}, {"Startup Cost": 149.78, "Plans": [{"Startup Cost": 0.0, "Node Type": "Seq Scan", "Plan Rows": 2140, "Relation Name": "table_29", "Alias": "table_29", "Parent Relationship": "Outer", "Plan Width": 8, "Total Cost": 31.4}], "Sort Key": ["table_29.col_1"], "Plan Rows": 2140, "Node Type": "Sort", "Parent Relationship": "Inner", "Plan Width": 8, "Total Cost": 155.13}], "Node Type": "Merge Join", "Plan Rows": 13161, "Join Type": "Left", "Parent Relationship": "Outer", "Plan Width": 44, "Merge Cond": "(table_0_1.col_0 = table_29.col_1)", "Total Cost": 438.77}], "Sort Key": ["table_0_1.col_1"], "Plan Rows": 13161, "Node Type": "Sort", "Parent Relationship": "Inner", "Plan Width": 44, "Total Cost": 1372.15}], "Node Type": "Merge Join", "Plan Rows": 52644, "Join Type": "Inner", "Parent Relationship": "Outer", "Plan Width": 116, "Merge Cond": "(table_48_1.col_0 = table_0_1.col_1)", "Total Cost": 2189.48}], "Plan Rows": 52644, "Node Type": "Hash", "Parent Relationship": "Inner", "Plan Width": 116, "Total Cost": 2189.48}], "Node Type": "Hash Join", "Plan Rows": 1780901258109089742848, "Join Type": "Left", "Hash Cond": "(table_59_1.col_1 = table_0_1.col_0)", "Parent Relationship": "Outer", "Plan Width": 736, "Total Cost": 6.368990891744075e+19}, {"Startup Cost": 614.18, "Plans": [{"Startup Cost": 614.18, "Plans": [{"Startup Cost": 578.08, "Plans": [{"Startup Cost": 56.58, "Plans": [{"Startup Cost": 0.0, "Node Type": "Seq Scan", "Plan Rows": 800, "Relation Name": "table_61", "Alias": "table_61_1", "Parent Relationship": "Outer", "Plan Width": 72, "Total Cost": 18.0}], "Sort Key": ["table_61_1.col_1"], "Plan Rows": 800, "Node Type": "Sort", "Parent Relationship": "Outer", "Plan Width": 72, "Total Cost": 58.58}, {"Startup Cost": 521.51, "Plans": [{"Startup Cost": 142.0, "Plans": [{"Startup Cost": 56.58, "Plans": [{"Startup Cost": 0.0, "Node Type": "Seq Scan", "Plan Rows": 800, "Relation Name": "table_51", "Alias": "table_51_1", "Parent Relationship": "Outer", "Plan Width": 72, "Total Cost": 18.0}], "Sort Key": ["table_51_1.col_2"], "Plan Rows": 800, "Node Type": "Sort", "Parent Relationship": "Outer", "Plan Width": 72, "Total Cost": 58.58}, {"Startup Cost": 85.43, "Plans": [{"Startup Cost": 0.0, "Node Type": "Seq Scan", "Plan Rows": 1230, "Relation Name": "table_0", "Alias": "table_0_2", "Parent Relationship": "Outer", "Plan Width": 36, "Total Cost": 22.3}], "Sort Key": ["table_0_2.col_0"], "Plan Rows": 1230, "Node Type": "Sort", "Parent Relationship": "Inner", "Plan Width": 36, "Total Cost": 88.5}], "Node Type": "Merge Join", "Plan Rows": 4920, "Join Type": "Inner", "Parent Relationship": "Outer", "Plan Width": 108, "Merge Cond": "(table_51_1.col_2 = table_0_2.col_0)", "Total Cost": 219.8}], "Sort Key": ["table_0_2.col_1"], "Plan Rows": 4920, "Node Type": "Sort", "Parent Relationship": "Inner", "Plan Width": 108, "Total Cost": 533.81}], "Node Type": "Merge Join", "Plan Rows": 19680, "Join Type": "Left", "Parent Relationship": "Outer", "Plan Width": 180, "Merge Cond": "(table_61_1.col_1 = table_0_2.col_1)", "Total Cost": 877.28}, {"Startup Cost": 21.6, "Plans": [{"Startup Cost": 0.0, "Node Type": "Seq Scan", "Plan Rows": 1160, "Relation Name": "table_53", "Alias": "table_53", "Parent Relationship": "Outer", "Plan Width": 40, "Total Cost": 21.6}], "Plan Rows": 1160, "Node Type": "Hash", "Parent Relationship": "Inner", "Plan Width": 40, "Total Cost": 21.6}], "Node Type": "Hash Join", "Plan Rows": 114144, "Join Type": "Left", "Hash Cond": "(table_0_2.col_0 = table_53.col_0)", "Parent Relationship": "Outer", "Plan Width": 220, "Total Cost": 4957.62}], "Plan Rows": 114144, "Node Type": "Materialize", "Parent Relationship": "Inner", "Plan Width": 220, "Total Cost": 8928.34}], "Node Type": "Nested Loop", "Plan Rows": 203279193205603943525122048, "Join Type": "Inner", "Parent Relationship": "Outer", "Plan Width": 956, "Total Cost": 8.596117882549873e+24}], "Sort Key": ["table_2.col_0", "table_55.col_3", "table_34.col_2"], "Plan Rows": 203279193205603943525122048, "Node Type": "Sort", "Parent Relationship": "Outer", "Plan Width": 956, "Total Cost": 2.651327903659218e+27}, {"Startup Cost": 1.2649233587258207e+27, "Plans": [{"Startup Cost": 1.2649233587258207e+27, "Plans": [{"Startup Cost": 1.2170158774945255e+20, "Plans": [{"Startup Cost": 1.2170158774945255e+20, "Plans": [{"Startup Cost": 1.2170158774945255e+20, "Plans": [{"Startup Cost": 1.2170158774945255e+20, "Plans": [{"Startup Cost": 6208784813.62, "Plans": [{"Startup Cost": 4206530.81, "Plans": [{"Startup Cost": 4206493.13, "Plans": [{"Startup Cost": 5994.09, "Plans": [{"Startup Cost": 838.29, "Plans": [{"Startup Cost": 60.52, "Plans": [{"Startup Cost": 0.0, "Node Type": "Seq Scan", "Plan Rows": 860, "Relation Name": "table_25", "Alias": "table_25", "Parent Relationship": "Outer", "Plan Width": 64, "Total Cost": 18.6}], "Sort Key": ["table_25.col_0"], "Plan Rows": 860, "Node Type": "Sort", "Parent Relationship": "Outer", "Plan Width": 64, "Total Cost": 62.67}, {"Startup Cost": 777.77, "Plans": [{"Startup Cost": 170.85, "Plans": [{"Startup Cost": 85.43, "Plans": [{"Startup Cost": 0.0, "Node Type": "Seq Scan", "Plan Rows": 1230, "Relation Name": "table_0", "Alias": "table_0", "Parent Relationship": "Outer", "Plan Width": 36, "Total Cost": 22.3}], "Sort Key": ["table_0.col_0"], "Plan Rows": 1230, "Node Type": "Sort", "Parent Relationship": "Outer", "Plan Width": 36, "Total Cost": 88.5}, {"Startup Cost": 85.43, "Plans": [{"Startup Cost": 0.0, "Node Type": "Seq Scan", "Plan Rows": 1230, "Relation Name": "table_46", "Alias": "table_46", "Parent Relationship": "Outer", "Plan Width": 36, "Total Cost": 22.3}], "Sort Key": ["table_46.col_0"], "Plan Rows": 1230, "Node Type": "Sort", "Parent Relationship": "Inner", "Plan Width": 36, "Total Cost": 88.5}], "Node Type": "Merge Join", "Plan Rows": 7564, "Join Type": "Inner", "Parent Relationship": "Outer", "Plan Width": 72, "Merge Cond": "(table_0.col_0 = table_46.col_0)", "Total Cost": 290.46}], "Sort Key": ["table_46.col_1"], "Plan Rows": 7564, "Node Type": "Sort", "Parent Relationship": "Inner", "Plan Width": 72, "Total Cost": 796.68}], "Node Type": "Merge Join", "Plan Rows": 32525, "Join Type": "Inner", "Parent Relationship": "Outer", "Plan Width": 136, "Merge Cond": "(table_25.col_0 = table_46.col_1)", "Total Cost": 1330.46}], "Sort Key": ["table_0.col_1"], "Plan Rows": 32525, "Node Type": "Sort", "Parent Relationship": "Outer", "Plan Width": 136, "Total Cost": 6075.4}, {"Startup Cost": 4200499.04, "Plans": [{"Startup Cost": 4200499.04, "Plans": [{"Startup Cost": 1901352.18, "Plans": [{"Startup Cost": 6074.24, "Plans": [{"Startup Cost": 223.71, "Plans": [{"Startup Cost": 199.76, "Plans": [{"Startup Cost": 76.57, "Plans": [{"Startup Cost": 0.0, "Node Type": "Seq Scan", "Plan Rows": 1100, "Relation Name": "table_47", "Alias": "table_47", "Parent Relationship": "Outer", "Plan Width": 44, "Total Cost": 21.0}], "Sort Key": ["table_47.col_2"], "Plan Rows": 1100, "Node Type": "Sort", "Parent Relationship": "Outer", "Plan Width": 44, "Total Cost": 79.32}, {"Startup Cost": 123.19, "Plans": [{"Startup Cost": 0.0, "Node Type": "Seq Scan", "Plan Rows": 1770, "Relation Name": "table_64", "Alias": "table_64", "Parent Relationship": "Outer", "Plan Width": 16, "Total Cost": 27.7}], "Sort Key": ["table_64.col_2"], "Plan Rows": 1770, "Node Type": "Sort", "Parent Relationship": "Inner", "Plan Width": 16, "Total Cost": 127.61}], "Node Type": "Merge Join", "Plan Rows": 9735, "Join Type": "Inner", "Parent Relationship": "Outer", "Plan Width": 60, "Merge Cond": "(table_47.col_2 = table_64.col_2)", "Total Cost": 351.28}, {"Startup Cost": 16.2, "Plans": [{"Startup Cost": 0.0, "Node Type": "Seq Scan", "Plan Rows": 620, "Relation Name": "table_10", "Alias": "table_10", "Parent Relationship": "Outer", "Plan Width": 100, "Total Cost": 16.2}], "Plan Rows": 620, "Node Type": "Hash", "Parent Relationship": "Inner", "Plan Width": 100, "Total Cost": 16.2}], "Node Type": "Hash Join", "Plan Rows": 30178, "Join Type": "Inner", "Hash Cond": "(table_47.col_3 = table_10.col_2)", "Parent Relationship": "Outer", "Plan Width": 160, "Total Cost": 1455.81}], "Sort Key": ["table_47.col_2", "table_10.col_3"], "Plan Rows": 30178, "Node Type": "Sort", "Parent Relationship": "Outer", "Plan Width": 160, "Total Cost": 6149.68}, {"Startup Cost": 1895277.94, "Plans": [{"Startup Cost": 1895277.94, "Plans": [{"Startup Cost": 143.97, "Plans": [{"Startup Cost": 143.97, "Plans": [{"Startup Cost": 58.54, "Plans": [{"Startup Cost": 0.0, "Node Type": "Seq Scan", "Plan Rows": 830, "Relation Name": "table_41", "Alias": "table_41", "Parent Relationship": "Outer", "Plan Width": 68, "Total Cost": 18.3}], "Sort Key": ["table_41.col_0"], "Plan Rows": 830, "Node Type": "Sort", "Parent Relationship": "Outer", "Plan Width": 68, "Total Cost": 60.62}, {"Startup Cost": 85.43, "Plans": [{"Startup Cost": 0.0, "Node Type": "Seq Scan", "Plan Rows": 1230, "Relation Name": "table_57", "Alias": "table_57", "Parent Relationship": "Outer", "Plan Width": 36, "Total Cost": 22.3}], "Sort Key": ["table_57.col_0"], "Plan Rows": 1230, "Node Type": "Sort", "Parent Relationship": "Inner", "Plan Width": 36, "Total Cost": 88.5}], "Node Type": "Merge Join", "Plan Rows": 5104, "Join Type": "Inner", "Parent Relationship": "Outer", "Plan Width": 104, "Merge Cond": "(table_41.col_0 = table_57.col_0)", "Total Cost": 224.68}, {"Startup Cost": 0.0, "Plans": [{"Startup Cost": 0.0, "Node Type": "Seq Scan", "Plan Rows": 800, "Relation Name": "table_61", "Alias": "table_61", "Parent Relationship": "Outer", "Plan Width": 72, "Total Cost": 18.0}], "Plan Rows": 800, "Node Type": "Materialize", "Parent Relationship": "Inner", "Plan Width": 72, "Total Cost": 22.0}], "Node Type": "Nested Loop", "Plan Rows": 4083200, "Join Type": "Inner", "Parent Relationship": "Outer", "Plan Width": 176, "Total Cost": 51284.68}], "Sort Key": ["table_41.col_1", "table_61.col_1"], "Plan Rows": 4083200, "Node Type": "Sort", "Parent Relationship": "Outer", "Plan Width": 176, "Total Cost": 1905485.94}], "Plan Rows": 4083200, "Node Type": "Materialize", "Parent Relationship": "Inner", "Plan Width": 176, "Total Cost": 1915693.94}], "Node Type": "Merge Join", "Plan Rows": 3080570, "Join Type": "Inner", "Parent Relationship": "Outer", "Plan Width": 336, "Merge Cond": "((table_47.col_2 = table_41.col_1) AND (table_10.col_3 = table_61.col_1))", "Total Cost": 1973216.21}], "Sort Key": ["table_41.col_0"], "Plan Rows": 3080570, "Node Type": "Sort", "Parent Relationship": "Outer", "Plan Width": 336, "Total Cost": 4208200.46}], "Plan Rows": 3080570, "Node Type": "Materialize", "Parent Relationship": "Inner", "Plan Width": 336, "Total Cost": 4215901.89}], "Node Type": "Merge Join", "Plan Rows": 500977696, "Join Type": "Inner", "Parent Relationship": "Outer", "Plan Width": 472, "Merge Cond": "(table_0.col_1 = table_41.col_0)", "Total Cost": 11729022.62}, {"Startup Cost": 22.3, "Plans": [{"Startup Cost": 0.0, "Node Type": "Seq Scan", "Plan Rows": 1230, "Relation Name": "table_54", "Alias": "table_54", "Parent Relationship": "Outer", "Plan Width": 36, "Total Cost": 22.3}], "Plan Rows": 1230, "Node Type": "Hash", "Parent Relationship": "Inner", "Plan Width": 36, "Total Cost": 22.3}], "Node Type": "Hash Join", "Plan Rows": 3081012830, "Join Type": "Inner", "Hash Cond": "(table_10.col_1 = table_54.col_1)", "Parent Relationship": "Outer", "Plan Width": 508, "Total Cost": 120816953.6}], "Sort Key": ["table_41.col_0", "table_64.col_0"], "Plan Rows": 3081012830, "Node Type": "Sort", "Parent Relationship": "Outer", "Plan Width": 508, "Total Cost": 6216487345.69}, {"Startup Cost": 1.2170158774324376e+20, "Plans": [{"Startup Cost": 1.2170158774324376e+20, "Plans": [{"Startup Cost": 1698703084078406.0, "Plans": [{"Startup Cost": 1147228607.62, "Plans": [{"Startup Cost": 0.0, "Plans": [{"Startup Cost": 0.0, "Plans": [{"Startup Cost": 0.0, "Node Type": "Seq Scan", "Plan Rows": 2140, "Relation Name": "table_37", "Alias": "table_37", "Parent Relationship": "Outer", "Plan Width": 8, "Total Cost": 31.4}, {"Startup Cost": 0.0, "Plans": [{"Startup Cost": 0.0, "Node Type": "Seq Scan", "Plan Rows": 800, "Relation Name": "table_16", "Alias": "table_16", "Parent Relationship": "Outer", "Plan Width": 72, "Total Cost": 18.0}], "Plan Rows": 800, "Node Type": "Materialize", "Parent Relationship": "Inner", "Plan Width": 72, "Total Cost": 22.0}], "Node Type": "Nested Loop", "Plan Rows": 1712000, "Join Type": "Inner", "Parent Relationship": "Outer", "Plan Width": 80, "Total Cost": 21451.4}, {"Startup Cost": 0.0, "Plans": [{"Startup Cost": 0.0, "Node Type": "Seq Scan", "Plan Rows": 1100, "Relation Name": "table_27", "Alias": "table_27", "Parent Relationship": "Outer", "Plan Width": 44, "Total Cost": 21.0}], "Plan Rows": 1100, "Node Type": "Materialize", "Parent Relationship": "Inner", "Plan Width": 44, "Total Cost": 26.5}], "Node Type": "Nested Loop", "Plan Rows": 1883200000, "Join Type": "Inner", "Parent Relationship": "Outer", "Plan Width": 124, "Total Cost": 23561475.15}], "Sort Key": ["table_27.col_0", "table_37.col_1"], "Plan Rows": 1883200000, "Node Type": "Sort", "Parent Relationship": "Outer", "Plan Width": 124, "Total Cost": 1151936607.62}, {"Startup Cost": 1698701936849798.5, "Plans": [{"Startup Cost": 1698701936849798.5, "Plans": [{"Startup Cost": 21015776926.28, "Plans": [{"Startup Cost": 7946200.74, "Plans": [{"Startup Cost": 40682.65, "Plans": [{"Startup Cost": 40658.7, "Plans": [{"Startup Cost": 123.46, "Plans": [{"Startup Cost": 38.04, "Plans": [{"Startup Cost": 0.0, "Node Type": "Seq Scan", "Plan Rows": 510, "Relation Name": "table_23", "Alias": "table_23", "Parent Relationship": "Outer", "Plan Width": 128, "Total Cost": 15.1}], "Sort Key": ["table_23.col_0"], "Plan Rows": 510, "Node Type": "Sort", "Parent Relationship": "Outer", "Plan Width": 128, "Total Cost": 39.31}, {"Startup Cost": 85.43, "Plans": [{"Startup Cost": 0.0, "Node Type": "Seq Scan", "Plan Rows": 1230, "Relation Name": "table_8", "Alias": "table_8", "Parent Relationship": "Outer", "Plan Width": 36, "Total Cost": 22.3}], "Sort Key": ["table_8.col_0"], "Plan Rows": 1230, "Node Type": "Sort", "Parent Relationship": "Inner", "Plan Width": 36, "Total Cost": 88.5}], "Node Type": "Merge Join", "Plan Rows": 3136, "Join Type": "Left", "Parent Relationship": "Outer", "Plan Width": 164, "Merge Cond": "(table_23.col_0 = table_8.col_0)", "Total Cost": 173.05}, {"Startup Cost": 40535.24, "Plans": [{"Startup Cost": 40535.24, "Plans": [{"Startup Cost": 289.91, "Plans": [{"Startup Cost": 85.43, "Plans": [{"Startup Cost": 0.0, "Node Type": "Seq Scan", "Plan Rows": 1230, "Relation Name": "table_31", "Alias": "table_31", "Parent Relationship": "Outer", "Plan Width": 36, "Total Cost": 22.3}], "Sort Key": ["table_31.col_1"], "Plan Rows": 1230, "Node Type": "Sort", "Parent Relationship": "Outer", "Plan Width": 36, "Total Cost": 88.5}, {"Startup Cost": 204.49, "Plans": [{"Startup Cost": 204.49, "Plans": [{"Startup Cost": 60.52, "Plans": [{"Startup Cost": 0.0, "Node Type": "Seq Scan", "Plan Rows": 860, "Relation Name": "table_44", "Alias": "table_44", "Parent Relationship": "Outer", "Plan Width": 64, "Total Cost": 18.6}], "Sort Key": ["table_44.col_1"], "Plan Rows": 860, "Node Type": "Sort", "Parent Relationship": "Outer", "Plan Width": 64, "Total Cost": 62.67}, {"Startup Cost": 143.97, "Plans": [{"Startup Cost": 143.97, "Plans": [{"Startup Cost": 58.54, "Plans": [{"Startup Cost": 0.0, "Node Type": "Seq Scan", "Plan Rows": 830, "Relation Name": "table_18", "Alias": "table_18", "Parent Relationship": "Outer", "Plan Width": 68, "Total Cost": 18.3}], "Sort Key": ["table_18.col_2"], "Plan Rows": 830, "Node Type": "Sort", "Parent Relationship": "Outer", "Plan Width": 68, "Total Cost": 60.62}, {"Startup Cost": 85.43, "Plans": [{"Startup Cost": 0.0, "Node Type": "Seq Scan", "Plan Rows": 1230, "Relation Name": "table_59", "Alias": "table_59", "Parent Relationship": "Outer", "Plan Width": 36, "Total Cost": 22.3}], "Sort Key": ["table_59.col_0"], "Plan Rows": 1230, "Node Type": "Sort", "Parent Relationship": "Inner", "Plan Width": 36, "Total Cost": 88.5}], "Node Type": "Merge Join", "Plan Rows": 5104, "Join Type": "Inner", "Parent Relationship": "Outer", "Plan Width": 104, "Merge Cond": "(table_18.col_2 = table_59.col_0)", "Total Cost": 224.68}], "Plan Rows": 5104, "Node Type": "Materialize", "Parent Relationship": "Inner", "Plan Width": 104, "Total Cost": 237.44}], "Node Type": "Merge Join", "Plan Rows": 21947, "Join Type": "Inner", "Parent Relationship": "Outer", "Plan Width": 168, "Merge Cond": "(table_44.col_1 = table_18.col_2)", "Total Cost": 618.7}], "Plan Rows": 21947, "Node Type": "Materialize", "Parent Relationship": "Inner", "Plan Width": 168, "Total Cost": 673.57}], "Node Type": "Merge Join", "Plan Rows": 134974, "Join Type": "Inner", "Parent Relationship": "Outer", "Plan Width": 204, "Merge Cond": "(table_31.col_1 = table_18.col_2)", "Total Cost": 2734.89}], "Sort Key": ["table_44.col_0"], "Plan Rows": 134974, "Node Type": "Sort", "Parent Relationship": "Outer", "Plan Width": 204, "Total Cost": 40872.67}], "Plan Rows": 134974, "Node Type": "Materialize", "Parent Relationship": "Inner", "Plan Width": 204, "Total Cost": 41210.11}], "Node Type": "Merge Join", "Plan Rows": 2116392, "Join Type": "Inner", "Parent Relationship": "Outer", "Plan Width": 368, "Merge Cond": "(table_23.col_0 = table_44.col_0)", "Total Cost": 72799.45}, {"Startup Cost": 16.2, "Plans": [{"Startup Cost": 0.0, "Node Type": "Seq Scan", "Plan Rows": 620, "Relation Name": "table_49", "Alias": "table_49", "Parent Relationship": "Outer", "Plan Width": 100, "Total Cost": 16.2}], "Plan Rows": 620, "Node Type": "Hash", "Parent Relationship": "Inner", "Plan Width": 100, "Total Cost": 16.2}], "Node Type": "Hash Join", "Plan Rows": 6560815, "Join Type": "Inner", "Hash Cond": "(table_23.col_2 = table_49.col_2)", "Parent Relationship": "Outer", "Plan Width": 468, "Total Cost": 307742.91}], "Sort Key": ["table_18.col_2"], "Plan Rows": 6560815, "Node Type": "Sort", "Parent Relationship": "Outer", "Plan Width": 468, "Total Cost": 7962602.77}, {"Startup Cost": 21007830725.54, "Plans": [{"Startup Cost": 21007830725.54, "Plans": [{"Startup Cost": 254563.3, "Plans": [{"Startup Cost": 254535.3, "Plans": [{"Startup Cost": 254500.55, "Plans": [{"Startup Cost": 254054.8, "Plans": [{"Startup Cost": 254030.85, "Plans": [{"Startup Cost": 73042.44, "Plans": [{"Startup Cost": 277.92, "Plans": [{"Startup Cost": 76.57, "Plans": [{"Startup Cost": 0.0, "Node Type": "Seq Scan", "Plan Rows": 1100, "Relation Name": "table_56", "Alias": "table_56", "Parent Relationship": "Outer", "Plan Width": 44, "Total Cost": 21.0}], "Sort Key": ["table_56.col_0"], "Plan Rows": 1100, "Node Type": "Sort", "Parent Relationship": "Outer", "Plan Width": 44, "Total Cost": 79.32}, {"Startup Cost": 201.35, "Plans": [{"Startup Cost": 201.35, "Plans": [{"Startup Cost": 46.23, "Plans": [{"Startup Cost": 0.0, "Node Type": "Seq Scan", "Plan Rows": 640, "Relation Name": "table_39", "Alias": "table_39", "Parent Relationship": "Outer", "Plan Width": 96, "Total Cost": 16.4}], "Sort Key": ["table_39.col_0"], "Plan Rows": 640, "Node Type": "Sort", "Parent Relationship": "Outer", "Plan Width": 96, "Total Cost": 47.83}, {"Startup Cost": 155.12, "Plans": [{"Startup Cost": 155.12, "Plans": [{"Startup Cost": 96.58, "Plans": [{"Startup Cost": 38.04, "Plans": [{"Startup Cost": 0.0, "Node Type": "Seq Scan", "Plan Rows": 510, "Relation Name": "table_42", "Alias": "table_42", "Parent Relationship": "Outer", "Plan Width": 128, "Total Cost": 15.1}], "Sort Key": ["table_42.col_0"], "Plan Rows": 510, "Node Type": "Sort", "Parent Relationship": "Outer", "Plan Width": 128, "Total Cost": 39.31}, {"Startup Cost": 58.54, "Plans": [{"Startup Cost": 0.0, "Node Type": "Seq Scan", "Plan Rows": 830, "Relation Name": "table_21", "Alias": "table_21", "Parent Relationship": "Outer", "Plan Width": 68, "Total Cost": 18.3}], "Sort Key": ["table_21.col_2"], "Plan Rows": 830, "Node Type": "Sort", "Parent Relationship": "Inner", "Plan Width": 68, "Total Cost": 60.62}], "Node Type": "Merge Join", "Plan Rows": 2116, "Join Type": "Inner", "Parent Relationship": "Outer", "Plan Width": 196, "Merge Cond": "(table_42.col_0 = table_21.col_2)", "Total Cost": 130.87}, {"Startup Cost": 58.54, "Plans": [{"Startup Cost": 0.0, "Node Type": "Seq Scan", "Plan Rows": 830, "Relation Name": "table_5", "Alias": "table_5", "Parent Relationship": "Outer", "Plan Width": 68, "Total Cost": 18.3}], "Sort Key": ["table_5.col_1"], "Plan Rows": 830, "Node Type": "Sort", "Parent Relationship": "Inner", "Plan Width": 68, "Total Cost": 60.62}], "Node Type": "Merge Join", "Plan Rows": 8781, "Join Type": "Left", "Parent Relationship": "Outer", "Plan Width": 264, "Merge Cond": "(table_21.col_2 = table_5.col_1)", "Total Cost": 326.42}], "Plan Rows": 8781, "Node Type": "Materialize", "Parent Relationship": "Inner", "Plan Width": 264, "Total Cost": 348.37}], "Node Type": "Merge Join", "Plan Rows": 28099, "Join Type": "Inner", "Parent Relationship": "Outer", "Plan Width": 360, "Merge Cond": "(table_39.col_0 = table_42.col_0)", "Total Cost": 797.33}], "Plan Rows": 28099, "Node Type": "Materialize", "Parent Relationship": "Inner", "Plan Width": 360, "Total Cost": 867.58}], "Node Type": "Merge Join", "Plan Rows": 154544, "Join Type": "Inner", "Parent Relationship": "Outer", "Plan Width": 404, "Merge Cond": "(table_56.col_0 = table_42.col_0)", "Total Cost": 3197.56}], "Sort Key": ["table_42.col_1", "table_21.col_2"], "Plan Rows": 154544, "Node Type": "Sort", "Parent Relationship": "Outer", "Plan Width": 404, "Total Cost": 73428.8}, {"Startup Cost": 180988.41, "Plans": [{"Startup Cost": 180988.41, "Plans": [{"Startup Cost": 0.0, "Plans": [{"Startup Cost": 0.0, "Node Type": "Seq Scan", "Plan Rows": 800, "Relation Name": "table_17", "Alias": "table_17", "Parent Relationship": "Outer", "Plan Width": 72, "Total Cost": 18.0}, {"Startup Cost": 0.0, "Plans": [{"Startup Cost": 0.0, "Node Type": "Seq Scan", "Plan Rows": 640, "Relation Name": "table_26", "Alias": "table_26", "Parent Relationship": "Outer", "Plan Width": 96, "Total Cost": 16.4}], "Plan Rows": 640, "Node Type": "Materialize", "Parent Relationship": "Inner", "Plan Width": 96, "Total Cost": 19.6}], "Node Type": "Nested Loop", "Plan Rows": 512000, "Join Type": "Inner", "Parent Relationship": "Outer", "Plan Width": 168, "Total Cost": 6436.0}], "Sort Key": ["table_17.col_2", "table_26.col_2"], "Plan Rows": 512000, "Node Type": "Sort", "Parent Relationship": "Outer", "Plan Width": 168, "Total Cost": 182268.41}], "Plan Rows": 512000, "Node Type": "Materialize", "Parent Relationship": "Inner", "Plan Width": 168, "Total Cost": 183548.41}], "Node Type": "Merge Join", "Plan Rows": 1978163, "Join Type": "Inner", "Parent Relationship": "Outer", "Plan Width": 572, "Merge Cond": "((table_42.col_1 = table_17.col_2) AND (table_42.col_0 = table_26.col_2))", "Total Cost": 291087.78}, {"Startup Cost": 16.2, "Plans": [{"Startup Cost": 0.0, "Node Type": "Seq Scan", "Plan Rows": 620, "Relation Name": "table_12", "Alias": "table_12", "Parent Relationship": "Outer", "Plan Width": 100, "Total Cost": 16.2}], "Plan Rows": 620, "Node Type": "Hash", "Parent Relationship": "Inner", "Plan Width": 100, "Total Cost": 16.2}], "Node Type": "Hash Join", "Plan Rows": 6132305, "Join Type": "Inner", "Hash Cond": "(table_17.col_1 = table_12.col_1)", "Parent Relationship": "Outer", "Plan Width": 672, "Total Cost": 510687.82}, {"Startup Cost": 338.75, "Plans": [{"Startup Cost": 206.35, "Plans": [{"Startup Cost": 56.58, "Plans": [{"Startup Cost": 0.0, "Node Type": "Seq Scan", "Plan Rows": 800, "Relation Name": "table_62", "Alias": "table_62", "Parent Relationship": "Outer", "Plan Width": 72, "Total Cost": 18.0}], "Sort Key": ["table_62.col_2"], "Plan Rows": 800, "Node Type": "Sort", "Parent Relationship": "Outer", "Plan Width": 72, "Total Cost": 58.58}, {"Startup Cost": 149.78, "Plans": [{"Startup Cost": 0.0, "Node Type": "Seq Scan", "Plan Rows": 2140, "Relation Name": "table_20", "Alias": "table_20", "Parent Relationship": "Outer", "Plan Width": 8, "Total Cost": 31.4}], "Sort Key": ["table_20.col_0"], "Plan Rows": 2140, "Node Type": "Sort", "Parent Relationship": "Inner", "Plan Width": 8, "Total Cost": 155.13}], "Node Type": "Merge Join", "Plan Rows": 8560, "Join Type": "Right", "Parent Relationship": "Outer", "Plan Width": 80, "Merge Cond": "(table_62.col_2 = table_20.col_0)", "Total Cost": 338.75}], "Plan Rows": 8560, "Node Type": "Hash", "Parent Relationship": "Inner", "Plan Width": 80, "Total Cost": 338.75}], "Node Type": "Hash Join", "Plan Rows": 262462654, "Join Type": "Left", "Hash Cond": "(table_21.col_1 = table_20.col_1)", "Parent Relationship": "Outer", "Plan Width": 752, "Total Cost": 9712657.23}, {"Startup Cost": 21.0, "Plans": [{"Startup Cost": 0.0, "Node Type": "Seq Scan", "Plan Rows": 1100, "Relation Name": "table_24", "Alias": "table_24", "Parent Relationship": "Outer", "Plan Width": 44, "Total Cost": 21.0}], "Plan Rows": 1100, "Node Type": "Hash", "Parent Relationship": "Inner", "Plan Width": 44, "Total Cost": 21.0}], "Node Type": "Hash Join", "Plan Rows": 1443544597, "Join Type": "Inner", "Hash Cond": "(table_56.col_1 = table_24.col_1)", "Parent Relationship": "Outer", "Plan Width": 796, "Total Cost": 60892909.51}, {"Startup Cost": 18.0, "Plans": [{"Startup Cost": 0.0, "Node Type": "Seq Scan", "Plan Rows": 800, "Relation Name": "table_58", "Alias": "table_58", "Parent Relationship": "Outer", "Plan Width": 72, "Total Cost": 18.0}], "Plan Rows": 800, "Node Type": "Hash", "Parent Relationship": "Inner", "Plan Width": 72, "Total Cost": 18.0}], "Node Type": "Hash Join", "Plan Rows": 5774178388, "Join Type": "Inner", "Hash Cond": "(table_42.col_0 = table_58.col_3)", "Parent Relationship": "Outer", "Plan Width": 868, "Total Cost": 266598042.58}], "Sort Key": ["table_26.col_1"], "Plan Rows": 5774178388, "Node Type": "Sort", "Parent Relationship": "Outer", "Plan Width": 868, "Total Cost": 21022266171.51}], "Plan Rows": 5774178388, "Node Type": "Materialize", "Parent Relationship": "Inner", "Plan Width": 868, "Total Cost": 21036701617.48}], "Node Type": "Merge Join", "Plan Rows": 189416580903331, "Join Type": "Inner", "Parent Relationship": "Outer", "Plan Width": 1336, "Merge Cond": "(table_31.col_1 = table_26.col_1)", "Total Cost": 2862278958726.29}], "Sort Key": ["table_58.col_0", "table_17.col_3"], "Plan Rows": 189416580903331, "Node Type": "Sort", "Parent Relationship": "Outer", "Plan Width": 1336, "Total Cost": 1699175478302056.8}], "Plan Rows": 189416580903331, "Node Type": "Materialize", "Parent Relationship": "Inner", "Plan Width": 1336, "Total Cost": 1699649019754315.0}], "Node Type": "Merge Join", "Plan Rows": 8917732628928824320, "Join Type": "Inner", "Parent Relationship": "Outer", "Plan Width": 1460, "Merge Cond": "((table_27.col_0 = table_58.col_0) AND (table_37.col_1 = table_17.col_3))", "Total Cost": 1.577594976459091e+17}], "Sort Key": ["table_42.col_1", "table_16.col_1"], "Plan Rows": 8917732628928824320, "Node Type": "Sort", "Parent Relationship": "Outer", "Plan Width": 1460, "Total Cost": 1.2172388207481609e+20}], "Plan Rows": 8917732628928824320, "Node Type": "Materialize", "Parent Relationship": "Inner", "Plan Width": 1460, "Total Cost": 1.2174617640638841e+20}], "Node Type": "Merge Join", "Plan Rows": 686891216105983396806656, "Join Type": "Inner", "Parent Relationship": "Outer", "Plan Width": 1968, "Merge Cond": "((table_0.col_1 = table_42.col_1) AND (table_64.col_0 = table_16.col_1))", "Total Cost": 1.2142320163935756e+22}, {"Startup Cost": 18.0, "Plans": [{"Startup Cost": 0.0, "Node Type": "Seq Scan", "Plan Rows": 800, "Relation Name": "table_28", "Alias": "table_28", "Parent Relationship": "Outer", "Plan Width": 72, "Total Cost": 18.0}], "Plan Rows": 800, "Node Type": "Hash", "Parent Relationship": "Inner", "Plan Width": 72, "Total Cost": 18.0}], "Node Type": "Hash Join", "Plan Rows": 2747564864423933587226624, "Join Type": "Left", "Hash Cond": "(table_25.col_0 = table_28.col_0)", "Parent Relationship": "Outer", "Plan Width": 2040, "Total Cost": 1.100243184590384e+23}, {"Startup Cost": 18.0, "Plans": [{"Startup Cost": 0.0, "Node Type": "Seq Scan", "Plan Rows": 800, "Relation Name": "table_48", "Alias": "table_48", "Parent Relationship": "Outer", "Plan Width": 72, "Total Cost": 18.0}], "Plan Rows": 800, "Node Type": "Hash", "Parent Relationship": "Inner", "Plan Width": 72, "Total Cost": 18.0}], "Node Type": "Hash Join", "Plan Rows": 10990259457695734348906496, "Join Type": "Left", "Hash Cond": "(table_21.col_0 = table_48.col_2)", "Parent Relationship": "Outer", "Plan Width": 2112, "Total Cost": 5.0155231163944896e+23}, {"Startup Cost": 18.0, "Plans": [{"Startup Cost": 0.0, "Node Type": "Seq Scan", "Plan Rows": 800, "Relation Name": "table_51", "Alias": "table_51", "Parent Relationship": "Outer", "Plan Width": 72, "Total Cost": 18.0}], "Plan Rows": 800, "Node Type": "Hash", "Parent Relationship": "Inner", "Plan Width": 72, "Total Cost": 18.0}], "Node Type": "Hash Join", "Plan Rows": 43961037830782937395625984, "Join Type": "Left", "Hash Cond": "(table_42.col_3 = table_51.col_1)", "Parent Relationship": "Outer", "Plan Width": 2184, "Total Cost": 2.067664284361091e+24}], "Sort Key": ["table_46.col_1", "table_42.col_1", "table_41.col_1"], "Plan Rows": 43961037830782937395625984, "Node Type": "Sort", "Parent Relationship": "Outer", "Plan Width": 2184, "Total Cost": 1.2650332613203975e+27}], "Plan Rows": 43961037830782937395625984, "Node Type": "Materialize", "Parent Relationship": "Inner", "Plan Width": 2184, "Total Cost": 1.2651431639149744e+27}], "Node Type": "Merge Join", "Plan Rows": 1117045537840323857796951752544002079234981888, "Join Type": "Inner", "Parent Relationship": "Outer", "Plan Width": 3140, "Merge Cond": "((table_2.col_0 = table_46.col_1) AND (table_55.col_3 = table_0.col_1) AND (table_1.col_0 = table_41.col_1))", "Total Cost": 2.2340910756806484e+43}], "Plan Rows": 1117045537840323857796951752544002079234981888, "Node Type": "Materialize", "Parent Relationship": "Inner", "Plan Width": 3140, "Total Cost": 2.513352460140729e+43}], "Node Type": "Merge Join", "Plan Rows": 6869830057717992066132352089482264439534125056, "Join Type": "Inner", "Parent Relationship": "Outer", "Plan Width": 3176, "Merge Cond": "(table_7.col_1 = table_46.col_1)", "Total Cost": 1.2538836162257635e+44}, {"Startup Cost": 21.6, "Plans": [{"Startup Cost": 0.0, "Node Type": "Seq Scan", "Plan Rows": 1160, "Relation Name": "table_50", "Alias": "table_50", "Parent Relationship": "Outer", "Plan Width": 40, "Total Cost": 21.6}], "Plan Rows": 1160, "Node Type": "Hash", "Parent Relationship": "Inner", "Plan Width": 40, "Total Cost": 21.6}], "Plan Rows": 39845014334764354237097762164643014048638566400, "Node Type": "Hash Join", "Join Type": "Right", "Hash Cond": "(table_61.col_0 = table_50.col_2)", "Plan Width": 3216, "Total Cost": 1.5371384384836237e+45}}]