[{"Plan": {"Startup Cost": 4.0873142941261854e+39, "Plans": [{"Startup Cost": 4.0873142941261854e+39, "Plans": [{"Startup Cost": 85.43, "Plans": [{"Startup Cost": 0.0, "Node Type": "Seq Scan", "Plan Rows": 1230, "Relation Name": "table_7", "Alias": "table_7", "Parent Relationship": "Outer", "Plan Width": 36, "Total Cost": 22.3}], "Sort Key": ["table_7.col_1"], "Plan Rows": 1230, "Node Type": "Sort", "Parent Relationship": "Outer", "Plan Width": 36, "Total Cost": 88.5}, {"Startup Cost": 4.0873142941261854e+39, "Plans": [{"Startup Cost": 4.0873142941261854e+39, "Plans": [{"Startup Cost": 1243744679328.64, "Plans": [{"Startup Cost": 767.32, "Plans": [{"Startup Cost": 731.22, "Plans": [{"Startup Cost": 731.22, "Plans": [{"Startup Cost": 578.08, "Plans": [{"Startup Cost": 56.58, "Plans": [{"Startup Cost": 0.0, "Node Type": "Seq Scan", "Plan Rows": 800, "Relation Name": "table_61", "Alias": "table_61_1", "Parent Relationship": "Outer", "Plan Width": 72, "Total Cost": 18.0}], "Sort Key": ["table_61_1.col_1"], "Plan Rows": 800, "Node Type": "Sort", "Parent Relationship": "Outer", "Plan Width": 72, "Total Cost": 58.58}, {"Startup Cost": 521.51, "Plans": [{"Startup Cost": 142.0, "Plans": [{"Startup Cost": 56.58, "Plans": [{"Startup Cost": 0.0, "Node Type": "Seq Scan", "Plan Rows": 800, "Relation Name": "table_51", "Alias": "table_51_1", "Parent Relationship": "Outer", "Plan Width": 72, "Total Cost": 18.0}], "Sort Key": ["table_51_1.col_2"], "Plan Rows": 800, "Node Type": "Sort", "Parent Relationship": "Outer", "Plan Width": 72, "Total Cost": 58.58}, {"Startup Cost": 85.43, "Plans": [{"Startup Cost": 0.0, "Node Type": "Seq Scan", "Plan Rows": 1230, "Relation Name": "table_0", "Alias": "table_0_2", "Parent Relationship": "Outer", "Plan Width": 36, "Total Cost": 22.3}], "Sort Key": ["table_0_2.col_0"], "Plan Rows": 1230, "Node Type": "Sort", "Parent Relationship": "Inner", "Plan Width": 36, "Total Cost": 88.5}], "Node Type": "Merge Join", "Plan Rows": 4920, "Join Type": "Inner", "Parent Relationship": "Outer", "Plan Width": 108, "Merge Cond": "(table_51_1.col_2 = table_0_2.col_0)", "Total Cost": 219.8}], "Sort Key": ["table_0_2.col_1"], "Plan Rows": 4920, "Node Type": "Sort", "Parent Relationship": "Inner", "Plan Width": 108, "Total Cost": 533.81}], "Node Type": "Merge Join", "Plan Rows": 19680, "Join Type": "Left", "Parent Relationship": "Outer", "Plan Width": 180, "Merge Cond": "(table_61_1.col_1 = table_0_2.col_1)", "Total Cost": 877.28}, {"Startup Cost": 153.14, "Plans": [{"Startup Cost": 153.14, "Plans": [{"Startup Cost": 76.57, "Plans": [{"Startup Cost": 0.0, "Node Type": "Seq Scan", "Plan Rows": 1100, "Relation Name": "table_24", "Alias": "table_24", "Parent Relationship": "Outer", "Plan Width": 44, "Total Cost": 21.0}], "Sort Key": ["table_24.col_1"], "Plan Rows": 1100, "Node Type": "Sort", "Parent Relationship": "Outer", "Plan Width": 44, "Total Cost": 79.32}, {"Startup Cost": 76.57, "Plans": [{"Startup Cost": 0.0, "Node Type": "Seq Scan", "Plan Rows": 1100, "Relation Name": "table_56", "Alias": "table_56", "Parent Relationship": "Outer", "Plan Width": 44, "Total Cost": 21.0}], "Sort Key": ["table_56.col_1"], "Plan Rows": 1100, "Node Type": "Sort", "Parent Relationship": "Inner", "Plan Width": 44, "Total Cost": 79.32}], "Node Type": "Merge Join", "Plan Rows": 6050, "Join Type": "Inner", "Parent Relationship": "Outer", "Plan Width": 88, "Merge Cond": "(table_24.col_1 = table_56.col_1)", "Total Cost": 249.39}], "Plan Rows": 6050, "Node Type": "Materialize", "Parent Relationship": "Inner", "Plan Width": 88, "Total Cost": 279.64}], "Node Type": "Nested Loop", "Plan Rows": 119064000, "Join Type": "Inner", "Parent Relationship": "Outer", "Plan Width": 268, "Total Cost": 1489441.79}, {"Startup Cost": 0.0, "Plans": [{"Startup Cost": 0.0, "Node Type": "Seq Scan", "Plan Rows": 860, "Relation Name": "table_2", "Alias": "table_2", "Parent Relationship": "Outer", "Plan Width": 64, "Total Cost": 18.6}], "Plan Rows": 860, "Node Type": "Materialize", "Parent Relationship": "Inner", "Plan Width": 64, "Total Cost": 22.9}], "Node Type": "Nested Loop", "Plan Rows": 102395040000, "Join Type": "Inner", "Parent Relationship": "Outer", "Plan Width": 332, "Total Cost": 1281427462.54}, {"Startup Cost": 21.6, "Plans": [{"Startup Cost": 0.0, "Node Type": "Seq Scan", "Plan Rows": 1160, "Relation Name": "table_53", "Alias": "table_53", "Parent Relationship": "Outer", "Plan Width": 40, "Total Cost": 21.6}], "Plan Rows": 1160, "Node Type": "Hash", "Parent Relationship": "Inner", "Plan Width": 40, "Total Cost": 21.6}], "Node Type": "Hash Join", "Plan Rows": 593891232000, "Join Type": "Left", "Hash Cond": "(table_0_2.col_0 = table_53.col_0)", "Parent Relationship": "Outer", "Plan Width": 372, "Total Cost": 22323608218.64}], "Sort Key": ["table_2.col_0", "table_56.col_0"], "Plan Rows": 593891232000, "Node Type": "Sort", "Parent Relationship": "Outer", "Plan Width": 372, "Total Cost": 1245229407408.64}, {"Startup Cost": 4.0873142941261854e+39, "Plans": [{"Startup Cost": 4.0873142941261854e+39, "Plans": [{"Startup Cost": 1.2507864362248847e+32, "Plans": [{"Startup Cost": 569351167710676.2, "Plans": [{"Startup Cost": 1294.5, "Plans": [{"Startup Cost": 1259.75, "Plans": [{"Startup Cost": 1174.32, "Plans": [{"Startup Cost": 335.89, "Plans": [{"Startup Cost": 143.97, "Plans": [{"Startup Cost": 58.54, "Plans": [{"Startup Cost": 0.0, "Node Type": "Seq Scan", "Plan Rows": 830, "Relation Name": "table_18", "Alias": "table_18", "Parent Relationship": "Outer", "Plan Width": 68, "Total Cost": 18.3}], "Sort Key": ["table_18.col_2"], "Plan Rows": 830, "Node Type": "Sort", "Parent Relationship": "Outer", "Plan Width": 68, "Total Cost": 60.62}, {"Startup Cost": 85.43, "Plans": [{"Startup Cost": 0.0, "Node Type": "Seq Scan", "Plan Rows": 1230, "Relation Name": "table_31", "Alias": "table_31", "Parent Relationship": "Outer", "Plan Width": 36, "Total Cost": 22.3}], "Sort Key": ["table_31.col_1"], "Plan Rows": 1230, "Node Type": "Sort", "Parent Relationship": "Inner", "Plan Width": 36, "Total Cost": 88.5}], "Node Type": "Merge Join", "Plan Rows": 5104, "Join Type": "Inner", "Parent Relationship": "Outer", "Plan Width": 104, "Merge Cond": "(table_18.col_2 = table_31.col_1)", "Total Cost": 224.68}, {"Startup Cost": 191.92, "Plans": [{"Startup Cost": 191.92, "Plans": [{"Startup Cost": 56.58, "Plans": [{"Startup Cost": 0.0, "Node Type": "Seq Scan", "Plan Rows": 800, "Relation Name": "table_15", "Alias": "table_15", "Parent Relationship": "Outer", "Plan Width": 72, "Total Cost": 18.0}], "Sort Key": ["table_15.col_2"], "Plan Rows": 800, "Node Type": "Sort", "Parent Relationship": "Outer", "Plan Width": 72, "Total Cost": 58.58}, {"Startup Cost": 135.34, "Plans": [{"Startup Cost": 0.0, "Node Type": "Seq Scan", "Plan Rows": 1940, "Relation Name": "table_9", "Alias": "table_9", "Parent Relationship": "Outer", "Plan Width": 12, "Total Cost": 29.4}], "Sort Key": ["table_9.col_1"], "Plan Rows": 1940, "Node Type": "Sort", "Parent Relationship": "Inner", "Plan Width": 12, "Total Cost": 140.19}], "Node Type": "Merge Join", "Plan Rows": 7760, "Join Type": "Left", "Parent Relationship": "Outer", "Plan Width": 84, "Merge Cond": "(table_15.col_2 = table_9.col_1)", "Total Cost": 312.32}], "Plan Rows": 7760, "Node Type": "Materialize", "Parent Relationship": "Inner", "Plan Width": 84, "Total Cost": 351.12}], "Node Type": "Nested Loop", "Plan Rows": 39607040, "Join Type": "Inner", "Parent Relationship": "Outer", "Plan Width": 188, "Total Cost": 495644.4}, {"Startup Cost": 838.44, "Plans": [{"Startup Cost": 0.15, "Scan Direction": "Forward", "Plan Width": 72, "Node Type": "Index Scan", "Plan Rows": 800, "Relation Name": "table_28", "Alias": "table_28", "Parent Relationship": "Outer", "Total Cost": 56.15, "Index Name": "table_28_col_0_idx"}, {"Startup Cost": 838.29, "Plans": [{"Startup Cost": 838.29, "Plans": [{"Startup Cost": 60.52, "Plans": [{"Startup Cost": 0.0, "Node Type": "Seq Scan", "Plan Rows": 860, "Relation Name": "table_25", "Alias": "table_25", "Parent Relationship": "Outer", "Plan Width": 64, "Total Cost": 18.6}], "Sort Key": ["table_25.col_0"], "Plan Rows": 860, "Node Type": "Sort", "Parent Relationship": "Outer", "Plan Width": 64, "Total Cost": 62.67}, {"Startup Cost": 777.77, "Plans": [{"Startup Cost": 170.85, "Plans": [{"Startup Cost": 85.43, "Plans": [{"Startup Cost": 0.0, "Node Type": "Seq Scan", "Plan Rows": 1230, "Relation Name": "table_0", "Alias": "table_0", "Parent Relationship": "Outer", "Plan Width": 36, "Total Cost": 22.3}], "Sort Key": ["table_0.col_0"], "Plan Rows": 1230, "Node Type": "Sort", "Parent Relationship": "Outer", "Plan Width": 36, "Total Cost": 88.5}, {"Startup Cost": 85.43, "Plans": [{"Startup Cost": 0.0, "Node Type": "Seq Scan", "Plan Rows": 1230, "Relation Name": "table_46", "Alias": "table_46", "Parent Relationship": "Outer", "Plan Width": 36, "Total Cost": 22.3}], "Sort Key": ["table_46.col_0"], "Plan Rows": 1230, "Node Type": "Sort", "Parent Relationship": "Inner", "Plan Width": 36, "Total Cost": 88.5}], "Node Type": "Merge Join", "Plan Rows": 7564, "Join Type": "Inner", "Parent Relationship": "Outer", "Plan Width": 72, "Merge Cond": "(table_0.col_0 = table_46.col_0)", "Total Cost": 290.46}], "Sort Key": ["table_46.col_1"], "Plan Rows": 7564, "Node Type": "Sort", "Parent Relationship": "Inner", "Plan Width": 72, "Total Cost": 796.68}], "Node Type": "Merge Join", "Plan Rows": 32525, "Join Type": "Inner", "Parent Relationship": "Outer", "Plan Width": 136, "Merge Cond": "(table_25.col_0 = table_46.col_1)", "Total Cost": 1330.46}], "Plan Rows": 32525, "Node Type": "Materialize", "Parent Relationship": "Inner", "Plan Width": 136, "Total Cost": 1411.78}], "Node Type": "Merge Join", "Plan Rows": 130100, "Join Type": "Right", "Parent Relationship": "Inner", "Plan Width": 208, "Merge Cond": "(table_28.col_0 = table_25.col_0)", "Total Cost": 3340.11}], "Node Type": "Nested Loop", "Plan Rows": 5152875904000, "Join Type": "Inner", "Parent Relationship": "Outer", "Plan Width": 396, "Total Cost": 183821246406.9}, {"Startup Cost": 85.43, "Plans": [{"Startup Cost": 0.0, "Node Type": "Seq Scan", "Plan Rows": 1230, "Relation Name": "table_59", "Alias": "table_59", "Parent Relationship": "Outer", "Plan Width": 36, "Total Cost": 22.3}], "Sort Key": ["table_59.col_0"], "Plan Rows": 1230, "Node Type": "Sort", "Parent Relationship": "Inner", "Plan Width": 36, "Total Cost": 88.5}], "Node Type": "Merge Join", "Plan Rows": 31690186809600, "Join Type": "Inner", "Parent Relationship": "Outer", "Plan Width": 432, "Merge Cond": "(table_31.col_1 = table_59.col_0)", "Total Cost": 672056238396.33}, {"Startup Cost": 21.0, "Plans": [{"Startup Cost": 0.0, "Node Type": "Seq Scan", "Plan Rows": 1100, "Relation Name": "table_60", "Alias": "table_60", "Parent Relationship": "Outer", "Plan Width": 44, "Total Cost": 21.0}], "Plan Rows": 1100, "Node Type": "Hash", "Parent Relationship": "Inner", "Plan Width": 44, "Total Cost": 21.0}], "Node Type": "Hash Join", "Plan Rows": 174296027452800, "Join Type": "Left", "Hash Cond": "(table_9.col_2 = table_60.col_1)", "Parent Relationship": "Outer", "Plan Width": 476, "Total Cost": 6851642666303.08}], "Sort Key": ["table_0.col_1", "table_59.col_0", "table_15.col_1"], "Plan Rows": 174296027452800, "Node Type": "Sort", "Parent Relationship": "Outer", "Plan Width": 476, "Total Cost": 569786907779308.2}, {"Startup Cost": 1.2507864362248847e+32, "Plans": [{"Startup Cost": 1.2507864362248847e+32, "Plans": [{"Startup Cost": 1.8428661753447076e+29, "Plans": [{"Startup Cost": 1.8428661753447076e+29, "Plans": [{"Startup Cost": 1.8428661753447076e+29, "Plans": [{"Startup Cost": 131737493.8, "Plans": [{"Startup Cost": 2234.16, "Plans": [{"Startup Cost": 2234.16, "Plans": [{"Startup Cost": 123.46, "Plans": [{"Startup Cost": 38.04, "Plans": [{"Startup Cost": 0.0, "Node Type": "Seq Scan", "Plan Rows": 510, "Relation Name": "table_23", "Alias": "table_23", "Parent Relationship": "Outer", "Plan Width": 128, "Total Cost": 15.1}], "Sort Key": ["table_23.col_0"], "Plan Rows": 510, "Node Type": "Sort", "Parent Relationship": "Outer", "Plan Width": 128, "Total Cost": 39.31}, {"Startup Cost": 85.43, "Plans": [{"Startup Cost": 0.0, "Node Type": "Seq Scan", "Plan Rows": 1230, "Relation Name": "table_8", "Alias": "table_8", "Parent Relationship": "Outer", "Plan Width": 36, "Total Cost": 22.3}], "Sort Key": ["table_8.col_0"], "Plan Rows": 1230, "Node Type": "Sort", "Parent Relationship": "Inner", "Plan Width": 36, "Total Cost": 88.5}], "Node Type": "Merge Join", "Plan Rows": 3136, "Join Type": "Left", "Parent Relationship": "Outer", "Plan Width": 164, "Merge Cond": "(table_23.col_0 = table_8.col_0)", "Total Cost": 173.05}, {"Startup Cost": 2110.7, "Plans": [{"Startup Cost": 2110.7, "Plans": [{"Startup Cost": 344.93, "Plans": [{"Startup Cost": 46.23, "Plans": [{"Startup Cost": 0.0, "Node Type": "Seq Scan", "Plan Rows": 640, "Relation Name": "table_39", "Alias": "table_39", "Parent Relationship": "Outer", "Plan Width": 96, "Total Cost": 16.4}], "Sort Key": ["table_39.col_0"], "Plan Rows": 640, "Node Type": "Sort", "Parent Relationship": "Outer", "Plan Width": 96, "Total Cost": 47.83}, {"Startup Cost": 298.7, "Plans": [{"Startup Cost": 24.4, "Plans": [{"Startup Cost": 0.0, "Node Type": "Seq Scan", "Plan Rows": 860, "Relation Name": "table_44", "Alias": "table_44", "Parent Relationship": "Outer", "Plan Width": 64, "Total Cost": 18.6}, {"Startup Cost": 16.4, "Plans": [{"Startup Cost": 0.0, "Node Type": "Seq Scan", "Plan Rows": 640, "Relation Name": "table_26", "Alias": "table_26", "Parent Relationship": "Outer", "Plan Width": 96, "Total Cost": 16.4}], "Plan Rows": 640, "Node Type": "Hash", "Parent Relationship": "Inner", "Plan Width": 96, "Total Cost": 16.4}], "Node Type": "Hash Join", "Plan Rows": 2752, "Join Type": "Inner", "Hash Cond": "(table_44.col_1 = table_26.col_1)", "Parent Relationship": "Outer", "Plan Width": 160, "Total Cost": 141.47}], "Sort Key": ["table_26.col_2"], "Plan Rows": 2752, "Node Type": "Sort", "Parent Relationship": "Inner", "Plan Width": 160, "Total Cost": 305.58}], "Node Type": "Merge Join", "Plan Rows": 8806, "Join Type": "Inner", "Parent Relationship": "Outer", "Plan Width": 256, "Merge Cond": "(table_39.col_0 = table_26.col_2)", "Total Cost": 480.22}], "Sort Key": ["table_44.col_0"], "Plan Rows": 8806, "Node Type": "Sort", "Parent Relationship": "Outer", "Plan Width": 256, "Total Cost": 2132.71}], "Plan Rows": 8806, "Node Type": "Materialize", "Parent Relationship": "Inner", "Plan Width": 256, "Total Cost": 2154.73}], "Node Type": "Merge Join", "Plan Rows": 138078, "Join Type": "Inner", "Parent Relationship": "Outer", "Plan Width": 420, "Merge Cond": "(table_23.col_0 = table_44.col_0)", "Total Cost": 4384.77}, {"Startup Cost": 0.0, "Plans": [{"Startup Cost": 0.0, "Node Type": "Seq Scan", "Plan Rows": 620, "Relation Name": "table_12", "Alias": "table_12", "Parent Relationship": "Outer", "Plan Width": 100, "Total Cost": 16.2}], "Plan Rows": 620, "Node Type": "Materialize", "Parent Relationship": "Inner", "Plan Width": 100, "Total Cost": 19.3}], "Node Type": "Nested Loop", "Plan Rows": 85608360, "Join Type": "Inner", "Parent Relationship": "Outer", "Plan Width": 520, "Total Cost": 1074507.02}], "Sort Key": ["table_26.col_2", "table_12.col_1", "table_23.col_2"], "Plan Rows": 85608360, "Node Type": "Sort", "Parent Relationship": "Outer", "Plan Width": 520, "Total Cost": 131951514.7}, {"Startup Cost": 1.8428661753447076e+29, "Plans": [{"Startup Cost": 1.8428661753447076e+29, "Plans": [{"Startup Cost": 3.778716300092201e+27, "Plans": [{"Startup Cost": 426922.97, "Plans": [{"Startup Cost": 0.0, "Plans": [{"Startup Cost": 0.0, "Node Type": "Seq Scan", "Plan Rows": 2140, "Relation Name": "table_37", "Alias": "table_37", "Parent Relationship": "Outer", "Plan Width": 8, "Total Cost": 31.4}, {"Startup Cost": 0.0, "Plans": [{"Startup Cost": 0.0, "Node Type": "Seq Scan", "Plan Rows": 800, "Relation Name": "table_61", "Alias": "table_61", "Parent Relationship": "Outer", "Plan Width": 72, "Total Cost": 18.0}], "Plan Rows": 800, "Node Type": "Materialize", "Parent Relationship": "Inner", "Plan Width": 72, "Total Cost": 22.0}], "Node Type": "Nested Loop", "Plan Rows": 1712000, "Join Type": "Inner", "Parent Relationship": "Outer", "Plan Width": 80, "Total Cost": 21451.4}], "Sort Key": ["table_61.col_1", "table_37.col_1"], "Plan Rows": 1712000, "Node Type": "Sort", "Parent Relationship": "Outer", "Plan Width": 80, "Total Cost": 431202.97}, {"Startup Cost": 3.778716300092201e+27, "Plans": [{"Startup Cost": 3.778716300092201e+27, "Plans": [{"Startup Cost": 1.2443315673747248e+24, "Plans": [{"Startup Cost": 1.2443315673747248e+24, "Plans": [{"Startup Cost": 1.2443315673747248e+24, "Plans": [{"Startup Cost": 40400749300600.02, "Plans": [{"Startup Cost": 37.5, "Plans": [{"Startup Cost": 37.5, "Plans": [{"Startup Cost": 37.5, "Plans": [{"Startup Cost": 37.5, "Plans": [{"Startup Cost": 0.0, "Plans": [{"Startup Cost": 0.0, "Node Type": "Seq Scan", "Plan Rows": 1770, "Relation Name": "table_64", "Alias": "table_64", "Parent Relationship": "Outer", "Plan Width": 16, "Total Cost": 27.7}, {"Startup Cost": 0.0, "Plans": [{"Startup Cost": 0.0, "Node Type": "Seq Scan", "Plan Rows": 620, "Relation Name": "table_10", "Alias": "table_10", "Parent Relationship": "Outer", "Plan Width": 100, "Total Cost": 16.2}], "Plan Rows": 620, "Node Type": "Materialize", "Parent Relationship": "Inner", "Plan Width": 100, "Total Cost": 19.3}], "Node Type": "Nested Loop", "Plan Rows": 1097400, "Join Type": "Inner", "Parent Relationship": "Outer", "Plan Width": 116, "Total Cost": 13762.95}, {"Startup Cost": 21.0, "Plans": [{"Startup Cost": 0.0, "Node Type": "Seq Scan", "Plan Rows": 1100, "Relation Name": "table_47", "Alias": "table_47", "Parent Relationship": "Outer", "Plan Width": 44, "Total Cost": 21.0}], "Plan Rows": 1100, "Node Type": "Hash", "Parent Relationship": "Inner", "Plan Width": 44, "Total Cost": 21.0}], "Node Type": "Hash Join", "Plan Rows": 30178, "Join Type": "Inner", "Hash Cond": "((table_64.col_2 = table_47.col_2) AND (table_10.col_2 = table_47.col_3))", "Parent Relationship": "Outer", "Plan Width": 160, "Total Cost": 321374.23}, {"Startup Cost": 0.0, "Plans": [{"Startup Cost": 0.0, "Node Type": "Seq Scan", "Plan Rows": 1100, "Relation Name": "table_27", "Alias": "table_27", "Parent Relationship": "Outer", "Plan Width": 44, "Total Cost": 21.0}], "Plan Rows": 1100, "Node Type": "Materialize", "Parent Relationship": "Inner", "Plan Width": 44, "Total Cost": 26.5}], "Node Type": "Nested Loop", "Plan Rows": 33195800, "Join Type": "Inner", "Parent Relationship": "Outer", "Plan Width": 204, "Total Cost": 736345.48}, {"Startup Cost": 0.0, "Plans": [{"Startup Cost": 0.0, "Node Type": "Seq Scan", "Plan Rows": 620, "Relation Name": "table_49", "Alias": "table_49", "Parent Relationship": "Outer", "Plan Width": 100, "Total Cost": 16.2}], "Plan Rows": 620, "Node Type": "Materialize", "Parent Relationship": "Inner", "Plan Width": 100, "Total Cost": 19.3}], "Node Type": "Nested Loop", "Plan Rows": 20581396000, "Join Type": "Inner", "Parent Relationship": "Outer", "Plan Width": 304, "Total Cost": 258003813.23}, {"Startup Cost": 0.0, "Plans": [{"Startup Cost": 0.0, "Node Type": "Seq Scan", "Plan Rows": 800, "Relation Name": "table_55", "Alias": "table_55", "Parent Relationship": "Outer", "Plan Width": 72, "Total Cost": 18.0}], "Plan Rows": 800, "Node Type": "Materialize", "Parent Relationship": "Inner", "Plan Width": 72, "Total Cost": 22.0}], "Node Type": "Nested Loop", "Plan Rows": 16465116800000, "Join Type": "Inner", "Parent Relationship": "Outer", "Plan Width": 376, "Total Cost": 206071963833.23}], "Sort Key": ["table_47.col_2", "table_55.col_3", "table_10.col_1", "table_27.col_0", "table_64.col_0"], "Plan Rows": 16465116800000, "Node Type": "Sort", "Parent Relationship": "Outer", "Plan Width": 376, "Total Cost": 40441912092600.02}, {"Startup Cost": 1.244331567334324e+24, "Plans": [{"Startup Cost": 1.244331567334324e+24, "Plans": [{"Startup Cost": 1.1107898878195644e+22, "Plans": [{"Startup Cost": 1.1107898878195644e+22, "Plans": [{"Startup Cost": 1.1107898878195644e+22, "Plans": [{"Startup Cost": 65490.07, "Plans": [{"Startup Cost": 3949.29, "Plans": [{"Startup Cost": 149.78, "Plans": [{"Startup Cost": 0.0, "Node Type": "Seq Scan", "Plan Rows": 2140, "Relation Name": "table_1", "Alias": "table_1", "Parent Relationship": "Outer", "Plan Width": 8, "Total Cost": 31.4}], "Sort Key": ["table_1.col_0"], "Plan Rows": 2140, "Node Type": "Sort", "Parent Relationship": "Outer", "Plan Width": 8, "Total Cost": 155.13}, {"Startup Cost": 3799.52, "Plans": [{"Startup Cost": 3799.52, "Plans": [{"Startup Cost": 200.54, "Plans": [{"Startup Cost": 56.58, "Plans": [{"Startup Cost": 0.0, "Node Type": "Seq Scan", "Plan Rows": 800, "Relation Name": "table_17", "Alias": "table_17", "Parent Relationship": "Outer", "Plan Width": 72, "Total Cost": 18.0}], "Sort Key": ["table_17.col_2"], "Plan Rows": 800, "Node Type": "Sort", "Parent Relationship": "Outer", "Plan Width": 72, "Total Cost": 58.58}, {"Startup Cost": 143.97, "Plans": [{"Startup Cost": 143.97, "Plans": [{"Startup Cost": 58.54, "Plans": [{"Startup Cost": 0.0, "Node Type": "Seq Scan", "Plan Rows": 830, "Relation Name": "table_41", "Alias": "table_41", "Parent Relationship": "Outer", "Plan Width": 68, "Total Cost": 18.3}], "Sort Key": ["table_41.col_0"], "Plan Rows": 830, "Node Type": "Sort", "Parent Relationship": "Outer", "Plan Width": 68, "Total Cost": 60.62}, {"Startup Cost": 85.43, "Plans": [{"Startup Cost": 0.0, "Node Type": "Seq Scan", "Plan Rows": 1230, "Relation Name": "table_57", "Alias": "table_57", "Parent Relationship": "Outer", "Plan Width": 36, "Total Cost": 22.3}], "Sort Key": ["table_57.col_0"], "Plan Rows": 1230, "Node Type": "Sort", "Parent Relationship": "Inner", "Plan Width": 36, "Total Cost": 88.5}], "Node Type": "Merge Join", "Plan Rows": 5104, "Join Type": "Inner", "Parent Relationship": "Outer", "Plan Width": 104, "Merge Cond": "(table_41.col_0 = table_57.col_0)", "Total Cost": 224.68}], "Plan Rows": 5104, "Node Type": "Materialize", "Parent Relationship": "Inner", "Plan Width": 104, "Total Cost": 237.44}], "Node Type": "Merge Join", "Plan Rows": 20416, "Join Type": "Inner", "Parent Relationship": "Outer", "Plan Width": 176, "Merge Cond": "(table_17.col_2 = table_41.col_0)", "Total Cost": 591.49}], "Sort Key": ["table_41.col_1"], "Plan Rows": 20416, "Node Type": "Sort", "Parent Relationship": "Outer", "Plan Width": 176, "Total Cost": 3850.56}], "Plan Rows": 20416, "Node Type": "Materialize", "Parent Relationship": "Inner", "Plan Width": 176, "Total Cost": 3901.6}], "Node Type": "Merge Join", "Plan Rows": 218451, "Join Type": "Inner", "Parent Relationship": "Outer", "Plan Width": 184, "Merge Cond": "(table_1.col_0 = table_41.col_1)", "Total Cost": 7287.8}], "Sort Key": ["table_57.col_0", "table_1.col_0"], "Plan Rows": 218451, "Node Type": "Sort", "Parent Relationship": "Outer", "Plan Width": 184, "Total Cost": 66036.2}, {"Startup Cost": 1.1107898878195644e+22, "Plans": [{"Startup Cost": 1.1107898878195644e+22, "Plans": [{"Startup Cost": 1638.47, "Plans": [{"Startup Cost": 1638.47, "Plans": [{"Startup Cost": 1357.16, "Plans": [{"Startup Cost": 911.41, "Plans": [{"Startup Cost": 911.41, "Plans": [{"Startup Cost": 911.41, "Plans": [{"Startup Cost": 756.29, "Plans": [{"Startup Cost": 60.52, "Plans": [{"Startup Cost": 0.0, "Node Type": "Seq Scan", "Plan Rows": 860, "Relation Name": "table_40", "Alias": "table_40", "Parent Relationship": "Outer", "Plan Width": 64, "Total Cost": 18.6}], "Sort Key": ["table_40.col_1"], "Plan Rows": 860, "Node Type": "Sort", "Parent Relationship": "Outer", "Plan Width": 64, "Total Cost": 62.67}, {"Startup Cost": 695.77, "Plans": [{"Startup Cost": 161.29, "Plans": [{"Startup Cost": 80.64, "Plans": [{"Startup Cost": 0.0, "Node Type": "Seq Scan", "Plan Rows": 1160, "Relation Name": "table_34", "Alias": "table_34", "Parent Relationship": "Outer", "Plan Width": 40, "Total Cost": 21.6}], "Sort Key": ["table_34.col_1"], "Plan Rows": 1160, "Node Type": "Sort", "Parent Relationship": "Outer", "Plan Width": 40, "Total Cost": 83.54}, {"Startup Cost": 80.64, "Plans": [{"Startup Cost": 0.0, "Node Type": "Seq Scan", "Plan Rows": 1160, "Relation Name": "table_22", "Alias": "table_22", "Parent Relationship": "Outer", "Plan Width": 40, "Total Cost": 21.6}], "Sort Key": ["table_22.col_0"], "Plan Rows": 1160, "Node Type": "Sort", "Parent Relationship": "Inner", "Plan Width": 40, "Total Cost": 83.54}], "Node Type": "Merge Join", "Plan Rows": 6728, "Join Type": "Left", "Parent Relationship": "Outer", "Plan Width": 80, "Merge Cond": "(table_34.col_1 = table_22.col_0)", "Total Cost": 268.01}], "Sort Key": ["table_34.col_0"], "Plan Rows": 6728, "Node Type": "Sort", "Parent Relationship": "Inner", "Plan Width": 80, "Total Cost": 712.59}], "Node Type": "Merge Join", "Plan Rows": 28930, "Join Type": "Inner", "Parent Relationship": "Outer", "Plan Width": 144, "Merge Cond": "(table_40.col_1 = table_34.col_0)", "Total Cost": 1194.54}, {"Startup Cost": 155.12, "Plans": [{"Startup Cost": 96.58, "Plans": [{"Startup Cost": 38.04, "Plans": [{"Startup Cost": 0.0, "Node Type": "Seq Scan", "Plan Rows": 510, "Relation Name": "table_42", "Alias": "table_42", "Parent Relationship": "Outer", "Plan Width": 128, "Total Cost": 15.1}], "Sort Key": ["table_42.col_0"], "Plan Rows": 510, "Node Type": "Sort", "Parent Relationship": "Outer", "Plan Width": 128, "Total Cost": 39.31}, {"Startup Cost": 58.54, "Plans": [{"Startup Cost": 0.0, "Node Type": "Seq Scan", "Plan Rows": 830, "Relation Name": "table_21", "Alias": "table_21", "Parent Relationship": "Outer", "Plan Width": 68, "Total Cost": 18.3}], "Sort Key": ["table_21.col_2"], "Plan Rows": 830, "Node Type": "Sort", "Parent Relationship": "Inner", "Plan Width": 68, "Total Cost": 60.62}], "Node Type": "Merge Join", "Plan Rows": 2116, "Join Type": "Inner", "Parent Relationship": "Outer", "Plan Width": 196, "Merge Cond": "(table_42.col_0 = table_21.col_2)", "Total Cost": 130.87}, {"Startup Cost": 58.54, "Plans": [{"Startup Cost": 0.0, "Node Type": "Seq Scan", "Plan Rows": 830, "Relation Name": "table_5", "Alias": "table_5", "Parent Relationship": "Outer", "Plan Width": 68, "Total Cost": 18.3}], "Sort Key": ["table_5.col_1"], "Plan Rows": 830, "Node Type": "Sort", "Parent Relationship": "Inner", "Plan Width": 68, "Total Cost": 60.62}], "Node Type": "Merge Join", "Plan Rows": 8781, "Join Type": "Left", "Parent Relationship": "Inner", "Plan Width": 264, "Merge Cond": "(table_21.col_2 = table_5.col_1)", "Total Cost": 326.42}], "Node Type": "Nested Loop", "Plan Rows": 254034330, "Join Type": "Inner", "Parent Relationship": "Outer", "Plan Width": 408, "Total Cost": 11984736.28}, {"Startup Cost": 0.0, "Plans": [{"Startup Cost": 0.0, "Node Type": "Seq Scan", "Plan Rows": 800, "Relation Name": "table_58", "Alias": "table_58", "Parent Relationship": "Outer", "Plan Width": 72, "Total Cost": 18.0}], "Plan Rows": 800, "Node Type": "Materialize", "Parent Relationship": "Inner", "Plan Width": 72, "Total Cost": 22.0}], "Node Type": "Nested Loop", "Plan Rows": 1016137320, "Join Type": "Inner", "Parent Relationship": "Outer", "Plan Width": 480, "Join Filter": "(table_42.col_0 = table_58.col_3)", "Total Cost": 3060396716.28}, {"Startup Cost": 0.0, "Plans": [{"Startup Cost": 0.0, "Node Type": "Seq Scan", "Plan Rows": 1230, "Relation Name": "table_59", "Alias": "table_59_1", "Parent Relationship": "Outer", "Plan Width": 36, "Total Cost": 22.3}, {"Startup Cost": 0.0, "Plans": [{"Startup Cost": 0.0, "Node Type": "Seq Scan", "Plan Rows": 800, "Relation Name": "table_16", "Alias": "table_16", "Parent Relationship": "Outer", "Plan Width": 72, "Total Cost": 18.0}], "Plan Rows": 800, "Node Type": "Materialize", "Parent Relationship": "Inner", "Plan Width": 72, "Total Cost": 22.0}], "Node Type": "Nested Loop", "Plan Rows": 984000, "Join Type": "Inner", "Parent Relationship": "Inner", "Plan Width": 108, "Total Cost": 12342.3}], "Node Type": "Nested Loop", "Plan Rows": 999879122880000, "Join Type": "Inner", "Parent Relationship": "Outer", "Plan Width": 588, "Total Cost": 22543323270152.28}, {"Startup Cost": 338.75, "Plans": [{"Startup Cost": 206.35, "Plans": [{"Startup Cost": 56.58, "Plans": [{"Startup Cost": 0.0, "Node Type": "Seq Scan", "Plan Rows": 800, "Relation Name": "table_62", "Alias": "table_62", "Parent Relationship": "Outer", "Plan Width": 72, "Total Cost": 18.0}], "Sort Key": ["table_62.col_2"], "Plan Rows": 800, "Node Type": "Sort", "Parent Relationship": "Outer", "Plan Width": 72, "Total Cost": 58.58}, {"Startup Cost": 149.78, "Plans": [{"Startup Cost": 0.0, "Node Type": "Seq Scan", "Plan Rows": 2140, "Relation Name": "table_20", "Alias": "table_20", "Parent Relationship": "Outer", "Plan Width": 8, "Total Cost": 31.4}], "Sort Key": ["table_20.col_0"], "Plan Rows": 2140, "Node Type": "Sort", "Parent Relationship": "Inner", "Plan Width": 8, "Total Cost": 155.13}], "Node Type": "Merge Join", "Plan Rows": 8560, "Join Type": "Right", "Parent Relationship": "Outer", "Plan Width": 80, "Merge Cond": "(table_62.col_2 = table_20.col_0)", "Total Cost": 338.75}], "Plan Rows": 8560, "Node Type": "Hash", "Parent Relationship": "Inner", "Plan Width": 80, "Total Cost": 338.75}], "Node Type": "Hash Join", "Plan Rows": 42794826459264000, "Join Type": "Left", "Hash Cond": "(table_21.col_1 = table_20.col_1)", "Parent Relationship": "Outer", "Plan Width": 668, "Total Cost": 1522861947152038.2}, {"Startup Cost": 219.8, "Plans": [{"Startup Cost": 142.0, "Plans": [{"Startup Cost": 56.58, "Plans": [{"Startup Cost": 0.0, "Node Type": "Seq Scan", "Plan Rows": 800, "Relation Name": "table_48", "Alias": "table_48_1", "Parent Relationship": "Outer", "Plan Width": 72, "Total Cost": 18.0}], "Sort Key": ["table_48_1.col_0"], "Plan Rows": 800, "Node Type": "Sort", "Parent Relationship": "Outer", "Plan Width": 72, "Total Cost": 58.58}, {"Startup Cost": 85.43, "Plans": [{"Startup Cost": 0.0, "Node Type": "Seq Scan", "Plan Rows": 1230, "Relation Name": "table_0", "Alias": "table_0_1", "Parent Relationship": "Outer", "Plan Width": 36, "Total Cost": 22.3}], "Sort Key": ["table_0_1.col_1"], "Plan Rows": 1230, "Node Type": "Sort", "Parent Relationship": "Inner", "Plan Width": 36, "Total Cost": 88.5}], "Node Type": "Merge Join", "Plan Rows": 4920, "Join Type": "Inner", "Parent Relationship": "Outer", "Plan Width": 108, "Merge Cond": "(table_48_1.col_0 = table_0_1.col_1)", "Total Cost": 219.8}], "Plan Rows": 4920, "Node Type": "Hash", "Parent Relationship": "Inner", "Plan Width": 108, "Total Cost": 219.8}], "Node Type": "Hash Join", "Plan Rows": 1052752730897894400, "Join Type": "Left", "Hash Cond": "(table_59_1.col_1 = table_0_1.col_0)", "Parent Relationship": "Outer", "Plan Width": 776, "Total Cost": 3.847619459472678e+16}, {"Startup Cost": 0.0, "Plans": [{"Startup Cost": 0.0, "Node Type": "Seq Scan", "Plan Rows": 1230, "Relation Name": "table_54", "Alias": "table_54", "Parent Relationship": "Outer", "Plan Width": 36, "Total Cost": 22.3}], "Plan Rows": 1230, "Node Type": "Materialize", "Parent Relationship": "Inner", "Plan Width": 36, "Total Cost": 28.45}], "Node Type": "Nested Loop", "Plan Rows": 1294885859004410232832, "Join Type": "Inner", "Parent Relationship": "Outer", "Plan Width": 812, "Total Cost": 1.6224549432149854e+19}], "Sort Key": ["table_42.col_1", "table_34.col_2"], "Plan Rows": 1294885859004410232832, "Node Type": "Sort", "Parent Relationship": "Outer", "Plan Width": 812, "Total Cost": 1.1111136092843156e+22}], "Plan Rows": 1294885859004410232832, "Node Type": "Materialize", "Parent Relationship": "Inner", "Plan Width": 812, "Total Cost": 1.1114373307490667e+22}], "Node Type": "Merge Join", "Plan Rows": 7071727769634310455296, "Join Type": "Inner", "Parent Relationship": "Outer", "Plan Width": 996, "Merge Cond": "((table_41.col_0 = table_42.col_1) AND (table_41.col_1 = table_34.col_2))", "Total Cost": 1.1234891328811757e+22}, {"Startup Cost": 16.4, "Plans": [{"Startup Cost": 0.0, "Node Type": "Seq Scan", "Plan Rows": 640, "Relation Name": "table_4", "Alias": "table_4", "Parent Relationship": "Outer", "Plan Width": 96, "Total Cost": 16.4}], "Plan Rows": 640, "Node Type": "Hash", "Parent Relationship": "Inner", "Plan Width": 96, "Total Cost": 16.4}], "Node Type": "Hash Join", "Plan Rows": 22629528862829794295808, "Join Type": "Inner", "Hash Cond": "(table_34.col_0 = table_4.col_1)", "Parent Relationship": "Outer", "Plan Width": 1092, "Total Cost": 1.2044604158434886e+22}, {"Startup Cost": 18.0, "Plans": [{"Startup Cost": 0.0, "Node Type": "Seq Scan", "Plan Rows": 800, "Relation Name": "table_48", "Alias": "table_48", "Parent Relationship": "Outer", "Plan Width": 72, "Total Cost": 18.0}], "Plan Rows": 800, "Node Type": "Hash", "Parent Relationship": "Inner", "Plan Width": 72, "Total Cost": 18.0}], "Node Type": "Hash Join", "Plan Rows": 90518115451319177183232, "Join Type": "Left", "Hash Cond": "(table_21.col_0 = table_48.col_2)", "Parent Relationship": "Outer", "Plan Width": 1164, "Total Cost": 1.5269312021388132e+22}], "Sort Key": ["table_1.col_0", "table_57.col_0", "table_54.col_1", "table_58.col_0", "table_16.col_1"], "Plan Rows": 90518115451319177183232, "Node Type": "Sort", "Parent Relationship": "Outer", "Plan Width": 1164, "Total Cost": 1.2445578626229524e+24}], "Plan Rows": 90518115451319177183232, "Node Type": "Materialize", "Parent Relationship": "Inner", "Plan Width": 1164, "Total Cost": 1.2447841579115807e+24}], "Node Type": "Merge Join", "Plan Rows": 4657472948193297485004800, "Join Type": "Inner", "Parent Relationship": "Outer", "Plan Width": 1540, "Merge Cond": "((table_47.col_2 = table_41.col_1) AND (table_55.col_3 = table_42.col_1) AND (table_10.col_1 = table_54.col_1) AND (table_27.col_0 = table_58.col_0) AND (table_64.col_0 = table_16.col_1))", "Total Cost": 1.3609946863684328e+24}, {"Startup Cost": 85.43, "Plans": [{"Startup Cost": 85.43, "Plans": [{"Startup Cost": 0.0, "Node Type": "Seq Scan", "Plan Rows": 1230, "Relation Name": "table_30", "Alias": "table_30", "Parent Relationship": "Outer", "Plan Width": 36, "Total Cost": 22.3}], "Sort Key": ["table_30.col_1"], "Plan Rows": 1230, "Node Type": "Sort", "Parent Relationship": "Outer", "Plan Width": 36, "Total Cost": 88.5}], "Plan Rows": 1230, "Node Type": "Materialize", "Parent Relationship": "Inner", "Plan Width": 36, "Total Cost": 91.58}], "Node Type": "Merge Join", "Plan Rows": 28643458631388778727473152, "Join Type": "Left", "Parent Relationship": "Outer", "Plan Width": 1576, "Merge Cond": "(table_34.col_2 = table_30.col_1)", "Total Cost": 1.8022902482097477e+24}, {"Startup Cost": 22.3, "Plans": [{"Startup Cost": 0.0, "Node Type": "Seq Scan", "Plan Rows": 1230, "Relation Name": "table_3", "Alias": "table_3", "Parent Relationship": "Outer", "Plan Width": 36, "Total Cost": 22.3}], "Plan Rows": 1230, "Node Type": "Hash", "Parent Relationship": "Inner", "Plan Width": 36, "Total Cost": 22.3}], "Node Type": "Hash Join", "Plan Rows": 176157270583041008286564352, "Join Type": "Left", "Hash Cond": "(table_1.col_1 = table_3.col_0)", "Parent Relationship": "Outer", "Plan Width": 1612, "Total Cost": 8.039403365194655e+24}], "Sort Key": ["table_10.col_3", "table_17.col_3"], "Plan Rows": 176157270583041008286564352, "Node Type": "Sort", "Parent Relationship": "Outer", "Plan Width": 1612, "Total Cost": 3.7791566932686583e+27}], "Plan Rows": 176157270583041008286564352, "Node Type": "Materialize", "Parent Relationship": "Inner", "Plan Width": 1612, "Total Cost": 3.779597086445116e+27}], "Node Type": "Merge Join", "Plan Rows": 7539531180954155388311175168, "Join Type": "Inner", "Parent Relationship": "Outer", "Plan Width": 1692, "Merge Cond": "((table_61.col_1 = table_10.col_3) AND (table_37.col_1 = table_17.col_3))", "Total Cost": 3.911098488935356e+27}], "Sort Key": ["table_42.col_0", "table_17.col_1", "table_49.col_2"], "Plan Rows": 7539531180954155388311175168, "Node Type": "Sort", "Parent Relationship": "Outer", "Plan Width": 1692, "Total Cost": 1.8430546636242313e+29}], "Plan Rows": 7539531180954155388311175168, "Node Type": "Materialize", "Parent Relationship": "Inner", "Plan Width": 1692, "Total Cost": 1.843243151903755e+29}], "Node Type": "Merge Join", "Plan Rows": 80680862446293570165529378816, "Join Type": "Inner", "Parent Relationship": "Outer", "Plan Width": 2212, "Merge Cond": "((table_26.col_2 = table_42.col_0) AND (table_12.col_1 = table_17.col_1) AND (table_23.col_2 = table_49.col_2))", "Total Cost": 1.85919083611349e+29}, {"Startup Cost": 18.0, "Plans": [{"Startup Cost": 0.0, "Node Type": "Seq Scan", "Plan Rows": 800, "Relation Name": "table_51", "Alias": "table_51", "Parent Relationship": "Outer", "Plan Width": 72, "Total Cost": 18.0}], "Plan Rows": 800, "Node Type": "Hash", "Parent Relationship": "Inner", "Plan Width": 72, "Total Cost": 18.0}], "Node Type": "Hash Join", "Plan Rows": 322723449785174280662117515264, "Join Type": "Left", "Hash Cond": "(table_42.col_3 = table_51.col_1)", "Parent Relationship": "Outer", "Plan Width": 2284, "Total Cost": 1.974161065099458e+29}, {"Startup Cost": 31.4, "Plans": [{"Startup Cost": 0.0, "Node Type": "Seq Scan", "Plan Rows": 2140, "Relation Name": "table_29", "Alias": "table_29", "Parent Relationship": "Outer", "Plan Width": 8, "Total Cost": 31.4}], "Plan Rows": 2140, "Node Type": "Hash", "Parent Relationship": "Inner", "Plan Width": 8, "Total Cost": 31.4}], "Node Type": "Hash Join", "Plan Rows": 3453140912701365035301513199616, "Join Type": "Left", "Hash Cond": "(table_0_1.col_0 = table_29.col_1)", "Parent Relationship": "Outer", "Plan Width": 2292, "Total Cost": 3.190828470789565e+29}], "Sort Key": ["table_57.col_0", "table_26.col_1", "table_34.col_0"], "Plan Rows": 3453140912701365035301513199616, "Node Type": "Sort", "Parent Relationship": "Outer", "Plan Width": 2292, "Total Cost": 1.2508727647477024e+32}], "Plan Rows": 3453140912701365035301513199616, "Node Type": "Materialize", "Parent Relationship": "Inner", "Plan Width": 2292, "Total Cost": 1.25095909327052e+32}], "Node Type": "Merge Join", "Plan Rows": 75233592914823011970079084453786812416, "Join Type": "Inner", "Parent Relationship": "Outer", "Plan Width": 2768, "Merge Cond": "((table_0.col_1 = table_42.col_1) AND (table_31.col_1 = table_26.col_1) AND (table_15.col_1 = table_34.col_0))", "Total Cost": 1.5047969455729352e+36}], "Sort Key": ["table_25.col_0", "table_42.col_0"], "Plan Rows": 75233592914823011970079084453786812416, "Node Type": "Sort", "Parent Relationship": "Outer", "Plan Width": 2768, "Total Cost": 4.0875023781084724e+39}], "Plan Rows": 75233592914823011970079084453786812416, "Node Type": "Materialize", "Parent Relationship": "Inner", "Plan Width": 2768, "Total Cost": 4.087690462090759e+39}], "Node Type": "Merge Join", "Plan Rows": 1117014279599267766216763483253519240193376256, "Join Type": "Inner", "Parent Relationship": "Outer", "Plan Width": 3140, "Merge Cond": "((table_2.col_0 = table_46.col_1) AND (table_56.col_0 = table_42.col_0))", "Total Cost": 1.9551837395365293e+43}], "Plan Rows": 1117014279599267766216763483253519240193376256, "Node Type": "Materialize", "Parent Relationship": "Inner", "Plan Width": 3140, "Total Cost": 2.2344373094363463e+43}], "Node Type": "Merge Join", "Plan Rows": 6869637819535497126682642987625096257491435520, "Join Type": "Inner", "Parent Relationship": "Outer", "Plan Width": 3176, "Merge Cond": "(table_7.col_1 = table_46.col_1)", "Total Cost": 1.2259640468839774e+44}, {"Startup Cost": 21.6, "Plans": [{"Startup Cost": 0.0, "Node Type": "Seq Scan", "Plan Rows": 1160, "Relation Name": "table_50", "Alias": "table_50", "Parent Relationship": "Outer", "Plan Width": 40, "Total Cost": 21.6}], "Plan Rows": 1160, "Node Type": "Hash", "Parent Relationship": "Inner", "Plan Width": 40, "Total Cost": 21.6}], "Plan Rows": 39843899353305885870060529784684361286856736768, "Node Type": "Hash Join", "Join Type": "Right", "Hash Cond": "(table_61.col_0 = table_50.col_2)", "Plan Width": 3216, "Total Cost": 1.5343069766029425e+45}}]