[{"Plan": {"Startup Cost": 128165199539.88, "Plans": [{"Startup Cost": 128165199503.78, "Plans": [{"Startup Cost": 1664155579.52, "Plans": [{"Startup Cost": 85.43, "Plans": [{"Startup Cost": 0.0, "Node Type": "Seq Scan", "Plan Rows": 1230, "Relation Name": "table_59", "Alias": "table_59", "Parent Relationship": "Outer", "Plan Width": 36, "Total Cost": 22.3}], "Sort Key": ["table_59.col_0"], "Plan Rows": 1230, "Node Type": "Sort", "Parent Relationship": "Outer", "Plan Width": 36, "Total Cost": 88.5}, {"Startup Cost": 1664155494.09, "Plans": [{"Startup Cost": 1664155494.09, "Plans": [{"Startup Cost": 2556575.27, "Plans": [{"Startup Cost": 9467.82, "Plans": [{"Startup Cost": 1395.82, "Plans": [{"Startup Cost": 56.58, "Plans": [{"Startup Cost": 0.0, "Node Type": "Seq Scan", "Plan Rows": 800, "Relation Name": "table_48", "Alias": "table_48_1", "Parent Relationship": "Outer", "Plan Width": 72, "Total Cost": 18.0}], "Sort Key": ["table_48_1.col_0"], "Plan Rows": 800, "Node Type": "Sort", "Parent Relationship": "Outer", "Plan Width": 72, "Total Cost": 58.58}, {"Startup Cost": 1339.24, "Plans": [{"Startup Cost": 235.2, "Plans": [{"Startup Cost": 85.43, "Plans": [{"Startup Cost": 0.0, "Node Type": "Seq Scan", "Plan Rows": 1230, "Relation Name": "table_0", "Alias": "table_0_1", "Parent Relationship": "Outer", "Plan Width": 36, "Total Cost": 22.3}], "Sort Key": ["table_0_1.col_0"], "Plan Rows": 1230, "Node Type": "Sort", "Parent Relationship": "Outer", "Plan Width": 36, "Total Cost": 88.5}, {"Startup Cost": 149.78, "Plans": [{"Startup Cost": 0.0, "Node Type": "Seq Scan", "Plan Rows": 2140, "Relation Name": "table_29", "Alias": "table_29", "Parent Relationship": "Outer", "Plan Width": 8, "Total Cost": 31.4}], "Sort Key": ["table_29.col_1"], "Plan Rows": 2140, "Node Type": "Sort", "Parent Relationship": "Inner", "Plan Width": 8, "Total Cost": 155.13}], "Node Type": "Merge Join", "Plan Rows": 13161, "Join Type": "Left", "Parent Relationship": "Outer", "Plan Width": 44, "Merge Cond": "(table_0_1.col_0 = table_29.col_1)", "Total Cost": 438.77}], "Sort Key": ["table_0_1.col_1"], "Plan Rows": 13161, "Node Type": "Sort", "Parent Relationship": "Inner", "Plan Width": 44, "Total Cost": 1372.15}], "Node Type": "Merge Join", "Plan Rows": 52644, "Join Type": "Inner", "Parent Relationship": "Outer", "Plan Width": 116, "Merge Cond": "(table_48_1.col_0 = table_0_1.col_1)", "Total Cost": 2189.48}], "Sort Key": ["table_0_1.col_0"], "Plan Rows": 52644, "Node Type": "Sort", "Parent Relationship": "Outer", "Plan Width": 116, "Total Cost": 9599.43}, {"Startup Cost": 2547107.46, "Plans": [{"Startup Cost": 2547107.46, "Plans": [{"Startup Cost": 143.97, "Plans": [{"Startup Cost": 143.97, "Plans": [{"Startup Cost": 58.54, "Plans": [{"Startup Cost": 0.0, "Node Type": "Seq Scan", "Plan Rows": 830, "Relation Name": "table_18", "Alias": "table_18", "Parent Relationship": "Outer", "Plan Width": 68, "Total Cost": 18.3}], "Sort Key": ["table_18.col_2"], "Plan Rows": 830, "Node Type": "Sort", "Parent Relationship": "Outer", "Plan Width": 68, "Total Cost": 60.62}, {"Startup Cost": 85.43, "Plans": [{"Startup Cost": 0.0, "Node Type": "Seq Scan", "Plan Rows": 1230, "Relation Name": "table_31", "Alias": "table_31", "Parent Relationship": "Outer", "Plan Width": 36, "Total Cost": 22.3}], "Sort Key": ["table_31.col_1"], "Plan Rows": 1230, "Node Type": "Sort", "Parent Relationship": "Inner", "Plan Width": 36, "Total Cost": 88.5}], "Node Type": "Merge Join", "Plan Rows": 5104, "Join Type": "Inner", "Parent Relationship": "Outer", "Plan Width": 104, "Merge Cond": "(table_18.col_2 = table_31.col_1)", "Total Cost": 224.68}, {"Startup Cost": 0.0, "Plans": [{"Startup Cost": 0.0, "Node Type": "Seq Scan", "Plan Rows": 1230, "Relation Name": "table_59", "Alias": "table_59_1", "Parent Relationship": "Outer", "Plan Width": 36, "Total Cost": 22.3}], "Plan Rows": 1230, "Node Type": "Materialize", "Parent Relationship": "Inner", "Plan Width": 36, "Total Cost": 28.45}], "Node Type": "Nested Loop", "Plan Rows": 6277920, "Join Type": "Inner", "Parent Relationship": "Outer", "Plan Width": 140, "Total Cost": 78724.05}], "Sort Key": ["table_59_1.col_1"], "Plan Rows": 6277920, "Node Type": "Sort", "Parent Relationship": "Outer", "Plan Width": 140, "Total Cost": 2562802.26}], "Plan Rows": 6277920, "Node Type": "Materialize", "Parent Relationship": "Inner", "Plan Width": 140, "Total Cost": 2578497.06}], "Node Type": "Merge Join", "Plan Rows": 1652474102, "Join Type": "Right", "Parent Relationship": "Outer", "Plan Width": 256, "Merge Cond": "(table_0_1.col_0 = table_59_1.col_1)", "Total Cost": 27359644.82}], "Sort Key": ["table_18.col_2"], "Plan Rows": 1652474102, "Node Type": "Sort", "Parent Relationship": "Outer", "Plan Width": 256, "Total Cost": 1668286679.35}], "Plan Rows": 1652474102, "Node Type": "Materialize", "Parent Relationship": "Inner", "Plan Width": 256, "Total Cost": 1672417864.6}], "Node Type": "Merge Join", "Plan Rows": 10162715727, "Join Type": "Inner", "Parent Relationship": "Outer", "Plan Width": 292, "Merge Cond": "(table_59.col_0 = table_31.col_1)", "Total Cost": 1820727506.83}, {"Startup Cost": 126501043924.26, "Plans": [{"Startup Cost": 126501043924.26, "Plans": [{"Startup Cost": 126501043924.26, "Plans": [{"Startup Cost": 126501043924.11, "Plans": [{"Startup Cost": 126501043346.03, "Plans": [{"Startup Cost": 126501043346.03, "Plans": [{"Startup Cost": 126501043346.03, "Plans": [{"Startup Cost": 126501043346.03, "Plans": [{"Startup Cost": 126501043346.03, "Plans": [{"Startup Cost": 126501043346.03, "Plans": [{"Startup Cost": 126501043346.03, "Plans": [{"Startup Cost": 126501043346.03, "Plans": [{"Startup Cost": 126501043346.03, "Plans": [{"Startup Cost": 126501043346.03, "Plans": [{"Startup Cost": 126501043346.03, "Plans": [{"Startup Cost": 126501043346.03, "Plans": [{"Startup Cost": 126501043346.03, "Plans": [{"Startup Cost": 126501043346.03, "Plans": [{"Startup Cost": 126501043346.03, "Plans": [{"Startup Cost": 337.39, "Plans": [{"Startup Cost": 337.39, "Plans": [{"Startup Cost": 315.91, "Plans": [{"Startup Cost": 315.91, "Plans": [{"Startup Cost": 287.24, "Plans": [{"Startup Cost": 60.52, "Plans": [{"Startup Cost": 0.0, "Node Type": "Seq Scan", "Plan Rows": 860, "Relation Name": "table_44", "Alias": "table_44", "Parent Relationship": "Outer", "Plan Width": 64, "Total Cost": 18.6}], "Sort Key": ["table_44.col_1"], "Plan Rows": 860, "Node Type": "Sort", "Parent Relationship": "Outer", "Plan Width": 64, "Total Cost": 62.67}, {"Startup Cost": 226.72, "Plans": [{"Startup Cost": 24.4, "Plans": [{"Startup Cost": 0.0, "Node Type": "Seq Scan", "Plan Rows": 640, "Relation Name": "table_39", "Alias": "table_39", "Parent Relationship": "Outer", "Plan Width": 96, "Total Cost": 16.4}, {"Startup Cost": 16.4, "Plans": [{"Startup Cost": 0.0, "Node Type": "Seq Scan", "Plan Rows": 640, "Relation Name": "table_26", "Alias": "table_26", "Parent Relationship": "Outer", "Plan Width": 96, "Total Cost": 16.4}], "Plan Rows": 640, "Node Type": "Hash", "Parent Relationship": "Inner", "Plan Width": 96, "Total Cost": 16.4}], "Node Type": "Hash Join", "Plan Rows": 2048, "Join Type": "Inner", "Hash Cond": "(table_39.col_0 = table_26.col_2)", "Parent Relationship": "Outer", "Plan Width": 192, "Total Cost": 114.08}], "Sort Key": ["table_26.col_1"], "Plan Rows": 2048, "Node Type": "Sort", "Parent Relationship": "Inner", "Plan Width": 192, "Total Cost": 231.84}], "Node Type": "Merge Join", "Plan Rows": 8806, "Join Type": "Inner", "Parent Relationship": "Outer", "Plan Width": 256, "Merge Cond": "(table_44.col_1 = table_26.col_1)", "Total Cost": 423.63}, {"Startup Cost": 28.68, "Plans": [{"Startup Cost": 28.68, "Plans": [{"Startup Cost": 0.0, "Node Type": "Seq Scan", "Plan Rows": 830, "Relation Name": "table_21", "Alias": "table_21", "Parent Relationship": "Outer", "Plan Width": 68, "Total Cost": 18.3}, {"Startup Cost": 18.3, "Plans": [{"Startup Cost": 0.0, "Node Type": "Seq Scan", "Plan Rows": 830, "Relation Name": "table_5", "Alias": "table_5", "Parent Relationship": "Outer", "Plan Width": 68, "Total Cost": 18.3}], "Plan Rows": 830, "Node Type": "Hash", "Parent Relationship": "Inner", "Plan Width": 68, "Total Cost": 18.3}], "Node Type": "Hash Join", "Plan Rows": 3444, "Join Type": "Left", "Hash Cond": "(table_21.col_2 = table_5.col_1)", "Parent Relationship": "Outer", "Plan Width": 136, "Total Cost": 169.6}], "Plan Rows": 3444, "Node Type": "Materialize", "Parent Relationship": "Inner", "Plan Width": 136, "Total Cost": 186.82}], "Node Type": "Nested Loop", "Plan Rows": 151639, "Join Type": "Inner", "Parent Relationship": "Outer", "Plan Width": 392, "Join Filter": "(table_21.col_2 = table_26.col_2)", "Total Cost": 455519.8}, {"Startup Cost": 0.0, "Plans": [{"Startup Cost": 0.0, "Node Type": "Seq Scan", "Plan Rows": 2140, "Relation Name": "table_20", "Alias": "table_20", "Parent Relationship": "Outer", "Plan Width": 8, "Total Cost": 31.4}], "Plan Rows": 2140, "Node Type": "Materialize", "Parent Relationship": "Inner", "Plan Width": 8, "Total Cost": 42.1}], "Node Type": "Nested Loop", "Plan Rows": 1622537, "Join Type": "Left", "Parent Relationship": "Outer", "Plan Width": 400, "Join Filter": "(table_21.col_1 = table_20.col_1)", "Total Cost": 5323168.45}, {"Startup Cost": 21.48, "Plans": [{"Startup Cost": 21.48, "Plans": [{"Startup Cost": 0.0, "Node Type": "Seq Scan", "Plan Rows": 1230, "Relation Name": "table_8", "Alias": "table_8", "Parent Relationship": "Outer", "Plan Width": 36, "Total Cost": 22.3}, {"Startup Cost": 15.1, "Plans": [{"Startup Cost": 0.0, "Node Type": "Seq Scan", "Plan Rows": 510, "Relation Name": "table_23", "Alias": "table_23", "Parent Relationship": "Outer", "Plan Width": 128, "Total Cost": 15.1}], "Plan Rows": 510, "Node Type": "Hash", "Parent Relationship": "Inner", "Plan Width": 128, "Total Cost": 15.1}], "Node Type": "Hash Join", "Plan Rows": 3136, "Join Type": "Right", "Hash Cond": "(table_8.col_0 = table_23.col_0)", "Parent Relationship": "Outer", "Plan Width": 164, "Total Cost": 156.62}], "Plan Rows": 3136, "Node Type": "Materialize", "Parent Relationship": "Inner", "Plan Width": 164, "Total Cost": 172.3}], "Node Type": "Nested Loop", "Plan Rows": 25441380, "Join Type": "Inner", "Parent Relationship": "Outer", "Plan Width": 564, "Join Filter": "(table_44.col_0 = table_23.col_0)", "Total Cost": 81647473.39}, {"Startup Cost": 0.0, "Plans": [{"Startup Cost": 0.0, "Node Type": "Seq Scan", "Plan Rows": 640, "Relation Name": "table_4", "Alias": "table_4", "Parent Relationship": "Outer", "Plan Width": 96, "Total Cost": 16.4}], "Plan Rows": 640, "Node Type": "Materialize", "Parent Relationship": "Inner", "Plan Width": 96, "Total Cost": 19.6}], "Node Type": "Nested Loop", "Plan Rows": 16282483200, "Join Type": "Inner", "Parent Relationship": "Outer", "Plan Width": 660, "Total Cost": 285178531.39}, {"Startup Cost": 126501043008.64, "Plans": [{"Startup Cost": 126501042980.64, "Plans": [{"Startup Cost": 126501042952.64, "Plans": [{"Startup Cost": 126501040949.97, "Plans": [{"Startup Cost": 126501038576.95, "Plans": [{"Startup Cost": 126501038542.2, "Plans": [{"Startup Cost": 6074.24, "Plans": [{"Startup Cost": 223.71, "Plans": [{"Startup Cost": 199.76, "Plans": [{"Startup Cost": 76.57, "Plans": [{"Startup Cost": 0.0, "Node Type": "Seq Scan", "Plan Rows": 1100, "Relation Name": "table_47", "Alias": "table_47", "Parent Relationship": "Outer", "Plan Width": 44, "Total Cost": 21.0}], "Sort Key": ["table_47.col_2"], "Plan Rows": 1100, "Node Type": "Sort", "Parent Relationship": "Outer", "Plan Width": 44, "Total Cost": 79.32}, {"Startup Cost": 123.19, "Plans": [{"Startup Cost": 0.0, "Node Type": "Seq Scan", "Plan Rows": 1770, "Relation Name": "table_64", "Alias": "table_64", "Parent Relationship": "Outer", "Plan Width": 16, "Total Cost": 27.7}], "Sort Key": ["table_64.col_2"], "Plan Rows": 1770, "Node Type": "Sort", "Parent Relationship": "Inner", "Plan Width": 16, "Total Cost": 127.61}], "Node Type": "Merge Join", "Plan Rows": 9735, "Join Type": "Inner", "Parent Relationship": "Outer", "Plan Width": 60, "Merge Cond": "(table_47.col_2 = table_64.col_2)", "Total Cost": 351.28}, {"Startup Cost": 16.2, "Plans": [{"Startup Cost": 0.0, "Node Type": "Seq Scan", "Plan Rows": 620, "Relation Name": "table_10", "Alias": "table_10", "Parent Relationship": "Outer", "Plan Width": 100, "Total Cost": 16.2}], "Plan Rows": 620, "Node Type": "Hash", "Parent Relationship": "Inner", "Plan Width": 100, "Total Cost": 16.2}], "Node Type": "Hash Join", "Plan Rows": 30178, "Join Type": "Inner", "Hash Cond": "(table_47.col_3 = table_10.col_2)", "Parent Relationship": "Outer", "Plan Width": 160, "Total Cost": 1455.81}], "Sort Key": ["table_64.col_2", "table_64.col_0"], "Plan Rows": 30178, "Node Type": "Sort", "Parent Relationship": "Outer", "Plan Width": 160, "Total Cost": 6149.68}, {"Startup Cost": 126501032467.96, "Plans": [{"Startup Cost": 126501032467.96, "Plans": [{"Startup Cost": 238.58, "Plans": [{"Startup Cost": 238.58, "Plans": [{"Startup Cost": 182.0, "Plans": [{"Startup Cost": 182.0, "Plans": [{"Startup Cost": 182.0, "Plans": [{"Startup Cost": 182.0, "Plans": [{"Startup Cost": 182.0, "Plans": [{"Startup Cost": 96.58, "Plans": [{"Startup Cost": 38.04, "Plans": [{"Startup Cost": 0.0, "Node Type": "Seq Scan", "Plan Rows": 510, "Relation Name": "table_42", "Alias": "table_42", "Parent Relationship": "Outer", "Plan Width": 128, "Total Cost": 15.1}], "Sort Key": ["table_42.col_1"], "Plan Rows": 510, "Node Type": "Sort", "Parent Relationship": "Outer", "Plan Width": 128, "Total Cost": 39.31}, {"Startup Cost": 58.54, "Plans": [{"Startup Cost": 0.0, "Node Type": "Seq Scan", "Plan Rows": 830, "Relation Name": "table_41", "Alias": "table_41", "Parent Relationship": "Outer", "Plan Width": 68, "Total Cost": 18.3}], "Sort Key": ["table_41.col_0"], "Plan Rows": 830, "Node Type": "Sort", "Parent Relationship": "Inner", "Plan Width": 68, "Total Cost": 60.62}], "Node Type": "Merge Join", "Plan Rows": 2116, "Join Type": "Inner", "Parent Relationship": "Outer", "Plan Width": 196, "Merge Cond": "(table_42.col_1 = table_41.col_0)", "Total Cost": 130.87}, {"Startup Cost": 85.43, "Plans": [{"Startup Cost": 0.0, "Node Type": "Seq Scan", "Plan Rows": 1230, "Relation Name": "table_57", "Alias": "table_57", "Parent Relationship": "Outer", "Plan Width": 36, "Total Cost": 22.3}], "Sort Key": ["table_57.col_0"], "Plan Rows": 1230, "Node Type": "Sort", "Parent Relationship": "Inner", "Plan Width": 36, "Total Cost": 88.5}], "Node Type": "Merge Join", "Plan Rows": 13013, "Join Type": "Inner", "Parent Relationship": "Outer", "Plan Width": 232, "Merge Cond": "(table_42.col_1 = table_57.col_0)", "Total Cost": 416.78}, {"Startup Cost": 0.0, "Plans": [{"Startup Cost": 0.0, "Node Type": "Seq Scan", "Plan Rows": 2140, "Relation Name": "table_1", "Alias": "table_1", "Parent Relationship": "Outer", "Plan Width": 8, "Total Cost": 31.4}], "Plan Rows": 2140, "Node Type": "Materialize", "Parent Relationship": "Inner", "Plan Width": 8, "Total Cost": 42.1}], "Node Type": "Nested Loop", "Plan Rows": 139239, "Join Type": "Inner", "Parent Relationship": "Outer", "Plan Width": 240, "Join Filter": "(table_1.col_0 = table_41.col_1)", "Total Cost": 418170.83}, {"Startup Cost": 0.0, "Plans": [{"Startup Cost": 0.0, "Node Type": "Seq Scan", "Plan Rows": 1100, "Relation Name": "table_56", "Alias": "table_56", "Parent Relationship": "Outer", "Plan Width": 44, "Total Cost": 21.0}], "Plan Rows": 1100, "Node Type": "Materialize", "Parent Relationship": "Inner", "Plan Width": 44, "Total Cost": 26.5}], "Node Type": "Nested Loop", "Plan Rows": 765814, "Join Type": "Inner", "Parent Relationship": "Outer", "Plan Width": 284, "Join Filter": "(table_56.col_0 = table_42.col_0)", "Total Cost": 2715638.08}, {"Startup Cost": 0.0, "Plans": [{"Startup Cost": 0.0, "Node Type": "Seq Scan", "Plan Rows": 1230, "Relation Name": "table_3", "Alias": "table_3", "Parent Relationship": "Outer", "Plan Width": 36, "Total Cost": 22.3}], "Plan Rows": 1230, "Node Type": "Materialize", "Parent Relationship": "Inner", "Plan Width": 36, "Total Cost": 28.45}], "Node Type": "Nested Loop", "Plan Rows": 4709756, "Join Type": "Left", "Parent Relationship": "Outer", "Plan Width": 320, "Join Filter": "(table_1.col_1 = table_3.col_0)", "Total Cost": 16844931.75}, {"Startup Cost": 0.0, "Plans": [{"Startup Cost": 0.0, "Node Type": "Seq Scan", "Plan Rows": 620, "Relation Name": "table_12", "Alias": "table_12", "Parent Relationship": "Outer", "Plan Width": 100, "Total Cost": 16.2}], "Plan Rows": 620, "Node Type": "Materialize", "Parent Relationship": "Inner", "Plan Width": 100, "Total Cost": 19.3}], "Node Type": "Nested Loop", "Plan Rows": 2920048720, "Join Type": "Inner", "Parent Relationship": "Outer", "Plan Width": 420, "Total Cost": 53345558.5}, {"Startup Cost": 56.58, "Plans": [{"Startup Cost": 0.0, "Node Type": "Seq Scan", "Plan Rows": 800, "Relation Name": "table_17", "Alias": "table_17", "Parent Relationship": "Outer", "Plan Width": 72, "Total Cost": 18.0}], "Sort Key": ["table_17.col_2"], "Plan Rows": 800, "Node Type": "Sort", "Parent Relationship": "Inner", "Plan Width": 72, "Total Cost": 58.58}], "Node Type": "Merge Join", "Plan Rows": 58400974, "Join Type": "Inner", "Parent Relationship": "Outer", "Plan Width": 492, "Join Filter": "(table_12.col_1 = table_17.col_1)", "Merge Cond": "(table_42.col_1 = table_17.col_2)", "Total Cost": 265049147.28}, {"Startup Cost": 0.0, "Plans": [{"Startup Cost": 0.0, "Node Type": "Seq Scan", "Plan Rows": 800, "Relation Name": "table_16", "Alias": "table_16", "Parent Relationship": "Outer", "Plan Width": 72, "Total Cost": 18.0}], "Plan Rows": 800, "Node Type": "Materialize", "Parent Relationship": "Inner", "Plan Width": 72, "Total Cost": 22.0}], "Node Type": "Nested Loop", "Plan Rows": 46720779200, "Join Type": "Inner", "Parent Relationship": "Outer", "Plan Width": 564, "Total Cost": 849058907.28}], "Sort Key": ["table_1.col_0", "table_16.col_1"], "Plan Rows": 46720779200, "Node Type": "Sort", "Parent Relationship": "Outer", "Plan Width": 564, "Total Cost": 126617834415.96}], "Plan Rows": 46720779200, "Node Type": "Materialize", "Parent Relationship": "Inner", "Plan Width": 564, "Total Cost": 126734636363.96}], "Node Type": "Merge Join", "Plan Rows": 35248491867, "Join Type": "Inner", "Parent Relationship": "Outer", "Plan Width": 724, "Merge Cond": "((table_47.col_2 = table_41.col_1) AND (table_64.col_0 = table_16.col_1))", "Total Cost": 127320731479.2}, {"Startup Cost": 21.0, "Plans": [{"Startup Cost": 0.0, "Node Type": "Seq Scan", "Plan Rows": 1100, "Relation Name": "table_24", "Alias": "table_24", "Parent Relationship": "Outer", "Plan Width": 44, "Total Cost": 21.0}], "Plan Rows": 1100, "Node Type": "Hash", "Parent Relationship": "Inner", "Plan Width": 44, "Total Cost": 21.0}], "Node Type": "Hash Join", "Plan Rows": 193866705268, "Join Type": "Inner", "Hash Cond": "(table_56.col_1 = table_24.col_1)", "Parent Relationship": "Outer", "Plan Width": 768, "Total Cost": 134194187428.01}, {"Startup Cost": 1330.46, "Plans": [{"Startup Cost": 838.29, "Plans": [{"Startup Cost": 60.52, "Plans": [{"Startup Cost": 0.0, "Node Type": "Seq Scan", "Plan Rows": 860, "Relation Name": "table_2", "Alias": "table_2", "Parent Relationship": "Outer", "Plan Width": 64, "Total Cost": 18.6}], "Sort Key": ["table_2.col_0"], "Plan Rows": 860, "Node Type": "Sort", "Parent Relationship": "Outer", "Plan Width": 64, "Total Cost": 62.67}, {"Startup Cost": 777.77, "Plans": [{"Startup Cost": 170.85, "Plans": [{"Startup Cost": 85.43, "Plans": [{"Startup Cost": 0.0, "Node Type": "Seq Scan", "Plan Rows": 1230, "Relation Name": "table_0", "Alias": "table_0", "Parent Relationship": "Outer", "Plan Width": 36, "Total Cost": 22.3}], "Sort Key": ["table_0.col_0"], "Plan Rows": 1230, "Node Type": "Sort", "Parent Relationship": "Outer", "Plan Width": 36, "Total Cost": 88.5}, {"Startup Cost": 85.43, "Plans": [{"Startup Cost": 0.0, "Node Type": "Seq Scan", "Plan Rows": 1230, "Relation Name": "table_46", "Alias": "table_46", "Parent Relationship": "Outer", "Plan Width": 36, "Total Cost": 22.3}], "Sort Key": ["table_46.col_0"], "Plan Rows": 1230, "Node Type": "Sort", "Parent Relationship": "Inner", "Plan Width": 36, "Total Cost": 88.5}], "Node Type": "Merge Join", "Plan Rows": 7564, "Join Type": "Inner", "Parent Relationship": "Outer", "Plan Width": 72, "Merge Cond": "(table_0.col_0 = table_46.col_0)", "Total Cost": 290.46}], "Sort Key": ["table_46.col_1"], "Plan Rows": 7564, "Node Type": "Sort", "Parent Relationship": "Inner", "Plan Width": 72, "Total Cost": 796.68}], "Node Type": "Merge Join", "Plan Rows": 32525, "Join Type": "Inner", "Parent Relationship": "Outer", "Plan Width": 136, "Merge Cond": "(table_2.col_0 = table_46.col_1)", "Total Cost": 1330.46}], "Plan Rows": 32525, "Node Type": "Hash", "Parent Relationship": "Inner", "Plan Width": 136, "Total Cost": 1330.46}], "Node Type": "Hash Join", "Plan Rows": 31527572944208, "Join Type": "Inner", "Hash Cond": "(table_42.col_1 = table_0.col_1)", "Parent Relationship": "Outer", "Plan Width": 904, "Total Cost": 1275508688520.71}, {"Startup Cost": 1047.04, "Plans": [{"Startup Cost": 607.29, "Plans": [{"Startup Cost": 80.64, "Plans": [{"Startup Cost": 0.0, "Node Type": "Seq Scan", "Plan Rows": 1160, "Relation Name": "table_22", "Alias": "table_22", "Parent Relationship": "Outer", "Plan Width": 40, "Total Cost": 21.6}], "Sort Key": ["table_22.col_0"], "Plan Rows": 1160, "Node Type": "Sort", "Parent Relationship": "Outer", "Plan Width": 40, "Total Cost": 83.54}, {"Startup Cost": 526.65, "Plans": [{"Startup Cost": 141.16, "Plans": [{"Startup Cost": 60.52, "Plans": [{"Startup Cost": 0.0, "Node Type": "Seq Scan", "Plan Rows": 860, "Relation Name": "table_40", "Alias": "table_40", "Parent Relationship": "Outer", "Plan Width": 64, "Total Cost": 18.6}], "Sort Key": ["table_40.col_1"], "Plan Rows": 860, "Node Type": "Sort", "Parent Relationship": "Outer", "Plan Width": 64, "Total Cost": 62.67}, {"Startup Cost": 80.64, "Plans": [{"Startup Cost": 0.0, "Node Type": "Seq Scan", "Plan Rows": 1160, "Relation Name": "table_34", "Alias": "table_34", "Parent Relationship": "Outer", "Plan Width": 40, "Total Cost": 21.6}], "Sort Key": ["table_34.col_0"], "Plan Rows": 1160, "Node Type": "Sort", "Parent Relationship": "Inner", "Plan Width": 40, "Total Cost": 83.54}], "Node Type": "Merge Join", "Plan Rows": 4988, "Join Type": "Inner", "Parent Relationship": "Outer", "Plan Width": 104, "Merge Cond": "(table_40.col_1 = table_34.col_0)", "Total Cost": 220.28}], "Sort Key": ["table_34.col_1"], "Plan Rows": 4988, "Node Type": "Sort", "Parent Relationship": "Inner", "Plan Width": 104, "Total Cost": 539.12}], "Node Type": "Merge Join", "Plan Rows": 28930, "Join Type": "Right", "Parent Relationship": "Outer", "Plan Width": 144, "Merge Cond": "(table_22.col_0 = table_34.col_1)", "Total Cost": 1047.04}], "Plan Rows": 28930, "Node Type": "Hash", "Parent Relationship": "Inner", "Plan Width": 144, "Total Cost": 1047.04}], "Node Type": "Hash Join", "Plan Rows": 4560463426379687, "Join Type": "Inner", "Hash Cond": "(table_41.col_1 = table_34.col_2)", "Parent Relationship": "Outer", "Plan Width": 1048, "Total Cost": 168113513291940.94}, {"Startup Cost": 18.0, "Plans": [{"Startup Cost": 0.0, "Node Type": "Seq Scan", "Plan Rows": 800, "Relation Name": "table_51", "Alias": "table_51", "Parent Relationship": "Outer", "Plan Width": 72, "Total Cost": 18.0}], "Plan Rows": 800, "Node Type": "Hash", "Parent Relationship": "Inner", "Plan Width": 72, "Total Cost": 18.0}], "Node Type": "Hash Join", "Plan Rows": 18241853705518748, "Join Type": "Left", "Hash Cond": "(table_42.col_3 = table_51.col_1)", "Parent Relationship": "Outer", "Plan Width": 1120, "Total Cost": 817979551551074.4}, {"Startup Cost": 18.0, "Plans": [{"Startup Cost": 0.0, "Node Type": "Seq Scan", "Plan Rows": 800, "Relation Name": "table_61", "Alias": "table_61", "Parent Relationship": "Outer", "Plan Width": 72, "Total Cost": 18.0}], "Plan Rows": 800, "Node Type": "Hash", "Parent Relationship": "Inner", "Plan Width": 72, "Total Cost": 18.0}], "Node Type": "Hash Join", "Plan Rows": 72967414822074992, "Join Type": "Inner", "Hash Cond": "(table_10.col_3 = table_61.col_1)", "Parent Relationship": "Inner", "Plan Width": 1192, "Total Cost": 3417443704587524.0}], "Node Type": "Nested Loop", "Plan Rows": 29702267649696676708352, "Join Type": "Inner", "Parent Relationship": "Outer", "Plan Width": 1852, "Join Filter": "((table_21.col_2 = table_42.col_0) AND (table_4.col_1 = table_34.col_0))", "Total Cost": 7.346377054560269e+25}, {"Startup Cost": 0.0, "Plans": [{"Startup Cost": 0.0, "Node Type": "Seq Scan", "Plan Rows": 800, "Relation Name": "table_55", "Alias": "table_55", "Parent Relationship": "Outer", "Plan Width": 72, "Total Cost": 18.0}], "Plan Rows": 800, "Node Type": "Materialize", "Parent Relationship": "Inner", "Plan Width": 72, "Total Cost": 22.0}], "Node Type": "Nested Loop", "Plan Rows": 118809070598786706833408, "Join Type": "Inner", "Parent Relationship": "Outer", "Plan Width": 1924, "Join Filter": "(table_0.col_1 = table_55.col_3)", "Total Cost": 7.382019775739905e+25}, {"Startup Cost": 0.0, "Plans": [{"Startup Cost": 0.0, "Node Type": "Seq Scan", "Plan Rows": 800, "Relation Name": "table_58", "Alias": "table_58", "Parent Relationship": "Outer", "Plan Width": 72, "Total Cost": 18.0}], "Plan Rows": 800, "Node Type": "Materialize", "Parent Relationship": "Inner", "Plan Width": 72, "Total Cost": 22.0}], "Node Type": "Nested Loop", "Plan Rows": 475236282395146827333632, "Join Type": "Inner", "Parent Relationship": "Outer", "Plan Width": 1996, "Join Filter": "(table_42.col_0 = table_58.col_3)", "Total Cost": 7.52459066045845e+25}, {"Startup Cost": 0.0, "Plans": [{"Startup Cost": 0.0, "Node Type": "Seq Scan", "Plan Rows": 800, "Relation Name": "table_15", "Alias": "table_15", "Parent Relationship": "Outer", "Plan Width": 72, "Total Cost": 18.0}], "Plan Rows": 800, "Node Type": "Materialize", "Parent Relationship": "Inner", "Plan Width": 72, "Total Cost": 22.0}], "Node Type": "Nested Loop", "Plan Rows": 1900945129580587309334528, "Join Type": "Inner", "Parent Relationship": "Outer", "Plan Width": 2068, "Join Filter": "(table_15.col_1 = table_34.col_0)", "Total Cost": 8.094874199332625e+25}, {"Startup Cost": 0.0, "Plans": [{"Startup Cost": 0.0, "Node Type": "Seq Scan", "Plan Rows": 1230, "Relation Name": "table_30", "Alias": "table_30", "Parent Relationship": "Outer", "Plan Width": 36, "Total Cost": 22.3}], "Plan Rows": 1230, "Node Type": "Materialize", "Parent Relationship": "Inner", "Plan Width": 36, "Total Cost": 28.45}], "Node Type": "Nested Loop", "Plan Rows": 11690812546920611898720256, "Join Type": "Left", "Parent Relationship": "Outer", "Plan Width": 2104, "Join Filter": "(table_34.col_2 = table_30.col_1)", "Total Cost": 1.1602117963408809e+26}, {"Startup Cost": 0.0, "Plans": [{"Startup Cost": 0.0, "Node Type": "Seq Scan", "Plan Rows": 800, "Relation Name": "table_62", "Alias": "table_62", "Parent Relationship": "Outer", "Plan Width": 72, "Total Cost": 18.0}], "Plan Rows": 800, "Node Type": "Materialize", "Parent Relationship": "Inner", "Plan Width": 72, "Total Cost": 22.0}], "Node Type": "Nested Loop", "Plan Rows": 46763250187682447594881024, "Join Type": "Left", "Parent Relationship": "Outer", "Plan Width": 2176, "Join Filter": "(table_20.col_0 = table_62.col_2)", "Total Cost": 2.5631093019713548e+26}, {"Startup Cost": 0.0, "Plans": [{"Startup Cost": 0.0, "Node Type": "Seq Scan", "Plan Rows": 860, "Relation Name": "table_25", "Alias": "table_25", "Parent Relationship": "Outer", "Plan Width": 64, "Total Cost": 18.6}], "Plan Rows": 860, "Node Type": "Materialize", "Parent Relationship": "Inner", "Plan Width": 64, "Total Cost": 22.9}], "Node Type": "Nested Loop", "Plan Rows": 201081975807034519504027648, "Join Type": "Inner", "Parent Relationship": "Outer", "Plan Width": 2240, "Join Filter": "(table_46.col_1 = table_25.col_0)", "Total Cost": 8.595568576182391e+26}, {"Startup Cost": 0.0, "Plans": [{"Startup Cost": 0.0, "Node Type": "Seq Scan", "Plan Rows": 1940, "Relation Name": "table_9", "Alias": "table_9", "Parent Relationship": "Outer", "Plan Width": 12, "Total Cost": 29.4}], "Plan Rows": 1940, "Node Type": "Materialize", "Parent Relationship": "Inner", "Plan Width": 12, "Total Cost": 39.1}], "Node Type": "Nested Loop", "Plan Rows": 1950495165328234780777512960, "Join Type": "Left", "Parent Relationship": "Outer", "Plan Width": 2252, "Join Filter": "(table_15.col_2 = table_9.col_1)", "Total Cost": 6.711042353602944e+27}, {"Startup Cost": 0.0, "Plans": [{"Startup Cost": 0.0, "Node Type": "Seq Scan", "Plan Rows": 620, "Relation Name": "table_49", "Alias": "table_49", "Parent Relationship": "Outer", "Plan Width": 100, "Total Cost": 16.2}], "Plan Rows": 620, "Node Type": "Materialize", "Parent Relationship": "Inner", "Plan Width": 100, "Total Cost": 19.3}], "Node Type": "Nested Loop", "Plan Rows": 6046535012517527957849243648, "Join Type": "Inner", "Parent Relationship": "Outer", "Plan Width": 2352, "Join Filter": "(table_23.col_2 = table_49.col_2)", "Total Cost": 2.485064739115553e+28}, {"Startup Cost": 0.0, "Plans": [{"Startup Cost": 0.0, "Node Type": "Seq Scan", "Plan Rows": 1100, "Relation Name": "table_27", "Alias": "table_27", "Parent Relationship": "Outer", "Plan Width": 44, "Total Cost": 21.0}], "Plan Rows": 1100, "Node Type": "Materialize", "Parent Relationship": "Inner", "Plan Width": 44, "Total Cost": 26.5}], "Node Type": "Nested Loop", "Plan Rows": 33255942568846402668659212288, "Join Type": "Inner", "Parent Relationship": "Outer", "Plan Width": 2396, "Join Filter": "(table_58.col_0 = table_27.col_0)", "Total Cost": 1.2461847509769474e+29}, {"Startup Cost": 0.0, "Plans": [{"Startup Cost": 0.0, "Node Type": "Seq Scan", "Plan Rows": 800, "Relation Name": "table_48", "Alias": "table_48", "Parent Relationship": "Outer", "Plan Width": 72, "Total Cost": 18.0}], "Plan Rows": 800, "Node Type": "Materialize", "Parent Relationship": "Inner", "Plan Width": 72, "Total Cost": 22.0}], "Node Type": "Nested Loop", "Plan Rows": 133023770275385610674636849152, "Join Type": "Left", "Parent Relationship": "Outer", "Plan Width": 2468, "Join Filter": "(table_21.col_0 = table_48.col_2)", "Total Cost": 5.236897859238516e+29}, {"Startup Cost": 0.0, "Plans": [{"Startup Cost": 0.0, "Node Type": "Seq Scan", "Plan Rows": 1100, "Relation Name": "table_60", "Alias": "table_60", "Parent Relationship": "Outer", "Plan Width": 44, "Total Cost": 21.0}], "Plan Rows": 1100, "Node Type": "Materialize", "Parent Relationship": "Inner", "Plan Width": 44, "Total Cost": 26.5}], "Node Type": "Nested Loop", "Plan Rows": 731630736514620814730037559296, "Join Type": "Left", "Parent Relationship": "Outer", "Plan Width": 2512, "Join Filter": "(table_9.col_2 = table_60.col_1)", "Total Cost": 2.7185819954677143e+30}, {"Startup Cost": 0.0, "Plans": [{"Startup Cost": 0.0, "Node Type": "Seq Scan", "Plan Rows": 1230, "Relation Name": "table_7", "Alias": "table_7", "Parent Relationship": "Outer", "Plan Width": 36, "Total Cost": 22.3}], "Plan Rows": 1230, "Node Type": "Materialize", "Parent Relationship": "Inner", "Plan Width": 36, "Total Cost": 28.45}], "Node Type": "Nested Loop", "Plan Rows": 4499529029564918073921600749568, "Join Type": "Inner", "Parent Relationship": "Outer", "Plan Width": 2548, "Join Filter": "(table_7.col_1 = table_46.col_1)", "Total Cost": 1.6217169084162468e+31}, {"Startup Cost": 0.0, "Plans": [{"Startup Cost": 0.0, "Node Type": "Seq Scan", "Plan Rows": 1230, "Relation Name": "table_54", "Alias": "table_54", "Parent Relationship": "Outer", "Plan Width": 36, "Total Cost": 22.3}], "Plan Rows": 1230, "Node Type": "Materialize", "Parent Relationship": "Inner", "Plan Width": 36, "Total Cost": 28.45}], "Node Type": "Nested Loop", "Plan Rows": 27672103531824244972422942425088, "Join Type": "Inner", "Parent Relationship": "Outer", "Plan Width": 2584, "Join Filter": "(table_10.col_1 = table_54.col_1)", "Total Cost": 9.923347967963522e+31}, {"Startup Cost": 0.0, "Plans": [{"Startup Cost": 0.0, "Node Type": "Seq Scan", "Plan Rows": 2140, "Relation Name": "table_37", "Alias": "table_37", "Parent Relationship": "Outer", "Plan Width": 8, "Total Cost": 31.4}], "Plan Rows": 2140, "Node Type": "Materialize", "Parent Relationship": "Inner", "Plan Width": 8, "Total Cost": 42.1}], "Node Type": "Nested Loop", "Plan Rows": 296091507790519409495566452785152, "Join Type": "Inner", "Parent Relationship": "Outer", "Plan Width": 2592, "Join Filter": "(table_17.col_3 = table_37.col_1)", "Total Cost": 9.875080030511935e+32}, {"Startup Cost": 578.08, "Plans": [{"Startup Cost": 578.08, "Plans": [{"Startup Cost": 56.58, "Plans": [{"Startup Cost": 0.0, "Node Type": "Seq Scan", "Plan Rows": 800, "Relation Name": "table_61", "Alias": "table_61_1", "Parent Relationship": "Outer", "Plan Width": 72, "Total Cost": 18.0}], "Sort Key": ["table_61_1.col_1"], "Plan Rows": 800, "Node Type": "Sort", "Parent Relationship": "Outer", "Plan Width": 72, "Total Cost": 58.58}, {"Startup Cost": 521.51, "Plans": [{"Startup Cost": 142.0, "Plans": [{"Startup Cost": 56.58, "Plans": [{"Startup Cost": 0.0, "Node Type": "Seq Scan", "Plan Rows": 800, "Relation Name": "table_51", "Alias": "table_51_1", "Parent Relationship": "Outer", "Plan Width": 72, "Total Cost": 18.0}], "Sort Key": ["table_51_1.col_2"], "Plan Rows": 800, "Node Type": "Sort", "Parent Relationship": "Outer", "Plan Width": 72, "Total Cost": 58.58}, {"Startup Cost": 85.43, "Plans": [{"Startup Cost": 0.0, "Node Type": "Seq Scan", "Plan Rows": 1230, "Relation Name": "table_0", "Alias": "table_0_2", "Parent Relationship": "Outer", "Plan Width": 36, "Total Cost": 22.3}], "Sort Key": ["table_0_2.col_0"], "Plan Rows": 1230, "Node Type": "Sort", "Parent Relationship": "Inner", "Plan Width": 36, "Total Cost": 88.5}], "Node Type": "Merge Join", "Plan Rows": 4920, "Join Type": "Inner", "Parent Relationship": "Outer", "Plan Width": 108, "Merge Cond": "(table_51_1.col_2 = table_0_2.col_0)", "Total Cost": 219.8}], "Sort Key": ["table_0_2.col_1"], "Plan Rows": 4920, "Node Type": "Sort", "Parent Relationship": "Inner", "Plan Width": 108, "Total Cost": 533.81}], "Node Type": "Merge Join", "Plan Rows": 19680, "Join Type": "Left", "Parent Relationship": "Outer", "Plan Width": 180, "Merge Cond": "(table_61_1.col_1 = table_0_2.col_1)", "Total Cost": 877.28}], "Plan Rows": 19680, "Node Type": "Materialize", "Parent Relationship": "Inner", "Plan Width": 180, "Total Cost": 1466.68}], "Node Type": "Nested Loop", "Plan Rows": 5827080873317421687183607125279506432, "Join Type": "Inner", "Parent Relationship": "Outer", "Plan Width": 2772, "Total Cost": 2.1920694924466402e+35}, {"Startup Cost": 0.15, "Scan Direction": "Forward", "Plan Width": 72, "Node Type": "Index Scan", "Index Cond": "(table_25.col_0 = col_0)", "Plan Rows": 4, "Relation Name": "table_28", "Alias": "table_28", "Parent Relationship": "Inner", "Total Cost": 0.27, "Index Name": "table_28_col_0_idx"}], "Node Type": "Nested Loop", "Plan Rows": 23308323493269686748734428501118025728, "Join Type": "Left", "Parent Relationship": "Outer", "Plan Width": 2844, "Total Cost": 2.032377695407155e+36}, {"Startup Cost": 0.0, "Plans": [{"Startup Cost": 0.0, "Node Type": "Seq Scan", "Plan Rows": 1160, "Relation Name": "table_53", "Alias": "table_53", "Parent Relationship": "Outer", "Plan Width": 40, "Total Cost": 21.6}], "Plan Rows": 1160, "Node Type": "Materialize", "Parent Relationship": "Inner", "Plan Width": 40, "Total Cost": 27.4}], "Node Type": "Nested Loop", "Plan Rows": 135188276260964181253713092158626463744, "Join Type": "Left", "Parent Relationship": "Outer", "Plan Width": 2884, "Join Filter": "(table_0_2.col_0 = table_53.col_0)", "Total Cost": 4.075972064782997e+38}], "Plan Rows": 135188276260964181253713092158626463744, "Node Type": "Materialize", "Parent Relationship": "Inner", "Plan Width": 2884, "Total Cost": 4.079351771689521e+38}], "Node Type": "Merge Join", "Plan Rows": 6869400106316607844075434754592856226329001984, "Join Type": "Inner", "Parent Relationship": "Outer", "Plan Width": 3176, "Merge Cond": "(table_31.col_1 = table_26.col_1)", "Total Cost": 1.030414091919556e+44}, {"Startup Cost": 21.6, "Plans": [{"Startup Cost": 0.0, "Node Type": "Seq Scan", "Plan Rows": 1160, "Relation Name": "table_50", "Alias": "table_50", "Parent Relationship": "Outer", "Plan Width": 40, "Total Cost": 21.6}], "Plan Rows": 1160, "Node Type": "Hash", "Parent Relationship": "Inner", "Plan Width": 40, "Total Cost": 21.6}], "Plan Rows": 39842520616636323974456801302763284316664365056, "Node Type": "Hash Join", "Join Type": "Right", "Hash Cond": "(table_61.col_0 = table_50.col_2)", "Plan Width": 3216, "Total Cost": 1.5147031310400184e+45}}]