[{"Plan": {"Startup Cost": 215835705.95, "Plans": [{"Startup Cost": 215835669.85, "Plans": [{"Startup Cost": 85.43, "Plans": [{"Startup Cost": 0.0, "Node Type": "Seq Scan", "Plan Rows": 1230, "Relation Name": "table_7", "Alias": "table_7", "Parent Relationship": "Outer", "Plan Width": 36, "Total Cost": 22.3}], "Sort Key": ["table_7.col_1"], "Plan Rows": 1230, "Node Type": "Sort", "Parent Relationship": "Outer", "Plan Width": 36, "Total Cost": 88.5}, {"Startup Cost": 215835584.42, "Plans": [{"Startup Cost": 215835584.42, "Plans": [{"Startup Cost": 214832660.44, "Plans": [{"Startup Cost": 214832603.86, "Plans": [{"Startup Cost": 296706.2, "Plans": [{"Startup Cost": 9467.82, "Plans": [{"Startup Cost": 1395.82, "Plans": [{"Startup Cost": 56.58, "Plans": [{"Startup Cost": 0.0, "Node Type": "Seq Scan", "Plan Rows": 800, "Relation Name": "table_48", "Alias": "table_48_1", "Parent Relationship": "Outer", "Plan Width": 72, "Total Cost": 18.0}], "Sort Key": ["table_48_1.col_0"], "Plan Rows": 800, "Node Type": "Sort", "Parent Relationship": "Outer", "Plan Width": 72, "Total Cost": 58.58}, {"Startup Cost": 1339.24, "Plans": [{"Startup Cost": 235.2, "Plans": [{"Startup Cost": 85.43, "Plans": [{"Startup Cost": 0.0, "Node Type": "Seq Scan", "Plan Rows": 1230, "Relation Name": "table_0", "Alias": "table_0_1", "Parent Relationship": "Outer", "Plan Width": 36, "Total Cost": 22.3}], "Sort Key": ["table_0_1.col_0"], "Plan Rows": 1230, "Node Type": "Sort", "Parent Relationship": "Outer", "Plan Width": 36, "Total Cost": 88.5}, {"Startup Cost": 149.78, "Plans": [{"Startup Cost": 0.0, "Node Type": "Seq Scan", "Plan Rows": 2140, "Relation Name": "table_29", "Alias": "table_29", "Parent Relationship": "Outer", "Plan Width": 8, "Total Cost": 31.4}], "Sort Key": ["table_29.col_1"], "Plan Rows": 2140, "Node Type": "Sort", "Parent Relationship": "Inner", "Plan Width": 8, "Total Cost": 155.13}], "Node Type": "Merge Join", "Plan Rows": 13161, "Join Type": "Left", "Parent Relationship": "Outer", "Plan Width": 44, "Merge Cond": "(table_0_1.col_0 = table_29.col_1)", "Total Cost": 438.77}], "Sort Key": ["table_0_1.col_1"], "Plan Rows": 13161, "Node Type": "Sort", "Parent Relationship": "Inner", "Plan Width": 44, "Total Cost": 1372.15}], "Node Type": "Merge Join", "Plan Rows": 52644, "Join Type": "Inner", "Parent Relationship": "Outer", "Plan Width": 116, "Merge Cond": "(table_48_1.col_0 = table_0_1.col_1)", "Total Cost": 2189.48}], "Sort Key": ["table_0_1.col_0"], "Plan Rows": 52644, "Node Type": "Sort", "Parent Relationship": "Outer", "Plan Width": 116, "Total Cost": 9599.43}, {"Startup Cost": 287238.38, "Plans": [{"Startup Cost": 287238.38, "Plans": [{"Startup Cost": 0.0, "Plans": [{"Startup Cost": 0.0, "Node Type": "Seq Scan", "Plan Rows": 1230, "Relation Name": "table_59", "Alias": "table_59_1", "Parent Relationship": "Outer", "Plan Width": 36, "Total Cost": 22.3}, {"Startup Cost": 0.0, "Plans": [{"Startup Cost": 0.0, "Node Type": "Seq Scan", "Plan Rows": 860, "Relation Name": "table_25", "Alias": "table_25", "Parent Relationship": "Outer", "Plan Width": 64, "Total Cost": 18.6}], "Plan Rows": 860, "Node Type": "Materialize", "Parent Relationship": "Inner", "Plan Width": 64, "Total Cost": 22.9}], "Node Type": "Nested Loop", "Plan Rows": 1057800, "Join Type": "Inner", "Parent Relationship": "Outer", "Plan Width": 100, "Total Cost": 13265.55}], "Sort Key": ["table_59_1.col_1"], "Plan Rows": 1057800, "Node Type": "Sort", "Parent Relationship": "Outer", "Plan Width": 100, "Total Cost": 289882.88}], "Plan Rows": 1057800, "Node Type": "Materialize", "Parent Relationship": "Inner", "Plan Width": 100, "Total Cost": 292527.38}], "Node Type": "Merge Join", "Plan Rows": 278434116, "Join Type": "Right", "Parent Relationship": "Outer", "Plan Width": 216, "Merge Cond": "(table_0_1.col_0 = table_59_1.col_1)", "Total Cost": 4476125.66}], "Sort Key": ["table_25.col_0"], "Plan Rows": 278434116, "Node Type": "Sort", "Parent Relationship": "Outer", "Plan Width": 216, "Total Cost": 215528689.15}, {"Startup Cost": 56.58, "Plans": [{"Startup Cost": 0.0, "Node Type": "Seq Scan", "Plan Rows": 800, "Relation Name": "table_28", "Alias": "table_28", "Parent Relationship": "Outer", "Plan Width": 72, "Total Cost": 18.0}], "Sort Key": ["table_28.col_0"], "Plan Rows": 800, "Node Type": "Sort", "Parent Relationship": "Inner", "Plan Width": 72, "Total Cost": 58.58}], "Node Type": "Merge Join", "Plan Rows": 1113736464, "Join Type": "Left", "Parent Relationship": "Outer", "Plan Width": 288, "Merge Cond": "(table_25.col_0 = table_28.col_0)", "Total Cost": 232930877.98}, {"Startup Cost": 1002923.98, "Plans": [{"Startup Cost": 1002923.98, "Plans": [{"Startup Cost": 1002712.07, "Plans": [{"Startup Cost": 1002712.07, "Plans": [{"Startup Cost": 1002712.07, "Plans": [{"Startup Cost": 1002712.07, "Plans": [{"Startup Cost": 1002097.89, "Plans": [{"Startup Cost": 1002097.89, "Plans": [{"Startup Cost": 755442.09, "Plans": [{"Startup Cost": 755442.09, "Plans": [{"Startup Cost": 755442.09, "Plans": [{"Startup Cost": 755442.09, "Plans": [{"Startup Cost": 755049.22, "Plans": [{"Startup Cost": 755049.22, "Plans": [{"Startup Cost": 754292.93, "Plans": [{"Startup Cost": 754292.93, "Plans": [{"Startup Cost": 754292.93, "Plans": [{"Startup Cost": 838.29, "Plans": [{"Startup Cost": 60.52, "Plans": [{"Startup Cost": 0.0, "Node Type": "Seq Scan", "Plan Rows": 860, "Relation Name": "table_2", "Alias": "table_2", "Parent Relationship": "Outer", "Plan Width": 64, "Total Cost": 18.6}], "Sort Key": ["table_2.col_0"], "Plan Rows": 860, "Node Type": "Sort", "Parent Relationship": "Outer", "Plan Width": 64, "Total Cost": 62.67}, {"Startup Cost": 777.77, "Plans": [{"Startup Cost": 170.85, "Plans": [{"Startup Cost": 85.43, "Plans": [{"Startup Cost": 0.0, "Node Type": "Seq Scan", "Plan Rows": 1230, "Relation Name": "table_46", "Alias": "table_46", "Parent Relationship": "Outer", "Plan Width": 36, "Total Cost": 22.3}], "Sort Key": ["table_46.col_0"], "Plan Rows": 1230, "Node Type": "Sort", "Parent Relationship": "Outer", "Plan Width": 36, "Total Cost": 88.5}, {"Startup Cost": 85.43, "Plans": [{"Startup Cost": 0.0, "Node Type": "Seq Scan", "Plan Rows": 1230, "Relation Name": "table_0", "Alias": "table_0", "Parent Relationship": "Outer", "Plan Width": 36, "Total Cost": 22.3}], "Sort Key": ["table_0.col_0"], "Plan Rows": 1230, "Node Type": "Sort", "Parent Relationship": "Inner", "Plan Width": 36, "Total Cost": 88.5}], "Node Type": "Merge Join", "Plan Rows": 7564, "Join Type": "Inner", "Parent Relationship": "Outer", "Plan Width": 72, "Merge Cond": "(table_46.col_0 = table_0.col_0)", "Total Cost": 290.46}], "Sort Key": ["table_46.col_1"], "Plan Rows": 7564, "Node Type": "Sort", "Parent Relationship": "Inner", "Plan Width": 72, "Total Cost": 796.68}], "Node Type": "Merge Join", "Plan Rows": 32525, "Join Type": "Inner", "Parent Relationship": "Outer", "Plan Width": 136, "Merge Cond": "(table_2.col_0 = table_46.col_1)", "Total Cost": 1330.46}, {"Startup Cost": 753454.65, "Plans": [{"Startup Cost": 427461.99, "Plans": [{"Startup Cost": 426922.97, "Plans": [{"Startup Cost": 0.0, "Plans": [{"Startup Cost": 0.0, "Node Type": "Seq Scan", "Plan Rows": 2140, "Relation Name": "table_1", "Alias": "table_1", "Parent Relationship": "Outer", "Plan Width": 8, "Total Cost": 31.4}, {"Startup Cost": 0.0, "Plans": [{"Startup Cost": 0.0, "Node Type": "Seq Scan", "Plan Rows": 800, "Relation Name": "table_55", "Alias": "table_55", "Parent Relationship": "Outer", "Plan Width": 72, "Total Cost": 18.0}], "Plan Rows": 800, "Node Type": "Materialize", "Parent Relationship": "Inner", "Plan Width": 72, "Total Cost": 22.0}], "Node Type": "Nested Loop", "Plan Rows": 1712000, "Join Type": "Inner", "Parent Relationship": "Outer", "Plan Width": 80, "Total Cost": 21451.4}], "Sort Key": ["table_1.col_0", "table_55.col_3"], "Plan Rows": 1712000, "Node Type": "Sort", "Parent Relationship": "Outer", "Plan Width": 80, "Total Cost": 431202.97}, {"Startup Cost": 539.02, "Plans": [{"Startup Cost": 143.97, "Plans": [{"Startup Cost": 58.54, "Plans": [{"Startup Cost": 0.0, "Node Type": "Seq Scan", "Plan Rows": 830, "Relation Name": "table_41", "Alias": "table_41", "Parent Relationship": "Outer", "Plan Width": 68, "Total Cost": 18.3}], "Sort Key": ["table_41.col_0"], "Plan Rows": 830, "Node Type": "Sort", "Parent Relationship": "Outer", "Plan Width": 68, "Total Cost": 60.62}, {"Startup Cost": 85.43, "Plans": [{"Startup Cost": 0.0, "Node Type": "Seq Scan", "Plan Rows": 1230, "Relation Name": "table_57", "Alias": "table_57", "Parent Relationship": "Outer", "Plan Width": 36, "Total Cost": 22.3}], "Sort Key": ["table_57.col_0"], "Plan Rows": 1230, "Node Type": "Sort", "Parent Relationship": "Inner", "Plan Width": 36, "Total Cost": 88.5}], "Node Type": "Merge Join", "Plan Rows": 5104, "Join Type": "Inner", "Parent Relationship": "Outer", "Plan Width": 104, "Merge Cond": "(table_41.col_0 = table_57.col_0)", "Total Cost": 224.68}], "Sort Key": ["table_41.col_1", "table_57.col_0"], "Plan Rows": 5104, "Node Type": "Sort", "Parent Relationship": "Inner", "Plan Width": 104, "Total Cost": 551.78}], "Node Type": "Merge Join", "Plan Rows": 218451, "Join Type": "Inner", "Parent Relationship": "Outer", "Plan Width": 184, "Merge Cond": "((table_1.col_0 = table_41.col_1) AND (table_55.col_3 = table_41.col_0))", "Total Cost": 444124.88}, {"Startup Cost": 325992.66, "Plans": [{"Startup Cost": 325992.66, "Plans": [{"Startup Cost": 37.5, "Plans": [{"Startup Cost": 0.0, "Plans": [{"Startup Cost": 0.0, "Node Type": "Seq Scan", "Plan Rows": 1770, "Relation Name": "table_64", "Alias": "table_64", "Parent Relationship": "Outer", "Plan Width": 16, "Total Cost": 27.7}, {"Startup Cost": 0.0, "Plans": [{"Startup Cost": 0.0, "Node Type": "Seq Scan", "Plan Rows": 620, "Relation Name": "table_10", "Alias": "table_10", "Parent Relationship": "Outer", "Plan Width": 100, "Total Cost": 16.2}], "Plan Rows": 620, "Node Type": "Materialize", "Parent Relationship": "Inner", "Plan Width": 100, "Total Cost": 19.3}], "Node Type": "Nested Loop", "Plan Rows": 1097400, "Join Type": "Inner", "Parent Relationship": "Outer", "Plan Width": 116, "Total Cost": 13762.95}, {"Startup Cost": 21.0, "Plans": [{"Startup Cost": 0.0, "Node Type": "Seq Scan", "Plan Rows": 1100, "Relation Name": "table_47", "Alias": "table_47", "Parent Relationship": "Outer", "Plan Width": 44, "Total Cost": 21.0}], "Plan Rows": 1100, "Node Type": "Hash", "Parent Relationship": "Inner", "Plan Width": 44, "Total Cost": 21.0}], "Node Type": "Hash Join", "Plan Rows": 30178, "Join Type": "Inner", "Hash Cond": "((table_64.col_2 = table_47.col_2) AND (table_10.col_2 = table_47.col_3))", "Parent Relationship": "Outer", "Plan Width": 160, "Total Cost": 321374.23}], "Sort Key": ["table_64.col_2"], "Plan Rows": 30178, "Node Type": "Sort", "Parent Relationship": "Outer", "Plan Width": 160, "Total Cost": 326068.1}], "Plan Rows": 30178, "Node Type": "Materialize", "Parent Relationship": "Inner", "Plan Width": 160, "Total Cost": 326143.55}], "Node Type": "Merge Join", "Plan Rows": 32962071, "Join Type": "Inner", "Parent Relationship": "Inner", "Plan Width": 344, "Merge Cond": "(table_41.col_1 = table_47.col_2)", "Total Cost": 1265170.18}], "Node Type": "Nested Loop", "Plan Rows": 5360456796, "Join Type": "Inner", "Parent Relationship": "Outer", "Plan Width": 480, "Join Filter": "(table_0.col_1 = table_41.col_0)", "Total Cost": 54550803286.06}, {"Startup Cost": 0.0, "Plans": [{"Startup Cost": 0.0, "Node Type": "Seq Scan", "Plan Rows": 1230, "Relation Name": "table_54", "Alias": "table_54", "Parent Relationship": "Outer", "Plan Width": 36, "Total Cost": 22.3}], "Plan Rows": 1230, "Node Type": "Materialize", "Parent Relationship": "Inner", "Plan Width": 36, "Total Cost": 28.45}], "Node Type": "Nested Loop", "Plan Rows": 32966809295, "Join Type": "Inner", "Parent Relationship": "Outer", "Plan Width": 516, "Join Filter": "(table_54.col_1 = table_10.col_1)", "Total Cost": 153451231197.63}, {"Startup Cost": 0.0, "Plans": [{"Startup Cost": 0.0, "Node Type": "Seq Scan", "Plan Rows": 800, "Relation Name": "table_16", "Alias": "table_16", "Parent Relationship": "Outer", "Plan Width": 72, "Total Cost": 18.0}, {"Startup Cost": 0.0, "Plans": [{"Startup Cost": 0.0, "Node Type": "Seq Scan", "Plan Rows": 640, "Relation Name": "table_4", "Alias": "table_4", "Parent Relationship": "Outer", "Plan Width": 96, "Total Cost": 16.4}], "Plan Rows": 640, "Node Type": "Materialize", "Parent Relationship": "Inner", "Plan Width": 96, "Total Cost": 19.6}], "Node Type": "Nested Loop", "Plan Rows": 512000, "Join Type": "Inner", "Parent Relationship": "Inner", "Plan Width": 168, "Total Cost": 6436.0}], "Node Type": "Nested Loop", "Plan Rows": 84395031795200, "Join Type": "Inner", "Parent Relationship": "Outer", "Plan Width": 684, "Join Filter": "(table_64.col_0 = table_16.col_1)", "Total Cost": 423315415341817.6}, {"Startup Cost": 756.29, "Plans": [{"Startup Cost": 756.29, "Plans": [{"Startup Cost": 60.52, "Plans": [{"Startup Cost": 0.0, "Node Type": "Seq Scan", "Plan Rows": 860, "Relation Name": "table_40", "Alias": "table_40", "Parent Relationship": "Outer", "Plan Width": 64, "Total Cost": 18.6}], "Sort Key": ["table_40.col_1"], "Plan Rows": 860, "Node Type": "Sort", "Parent Relationship": "Outer", "Plan Width": 64, "Total Cost": 62.67}, {"Startup Cost": 695.77, "Plans": [{"Startup Cost": 161.29, "Plans": [{"Startup Cost": 80.64, "Plans": [{"Startup Cost": 0.0, "Node Type": "Seq Scan", "Plan Rows": 1160, "Relation Name": "table_34", "Alias": "table_34", "Parent Relationship": "Outer", "Plan Width": 40, "Total Cost": 21.6}], "Sort Key": ["table_34.col_1"], "Plan Rows": 1160, "Node Type": "Sort", "Parent Relationship": "Outer", "Plan Width": 40, "Total Cost": 83.54}, {"Startup Cost": 80.64, "Plans": [{"Startup Cost": 0.0, "Node Type": "Seq Scan", "Plan Rows": 1160, "Relation Name": "table_22", "Alias": "table_22", "Parent Relationship": "Outer", "Plan Width": 40, "Total Cost": 21.6}], "Sort Key": ["table_22.col_0"], "Plan Rows": 1160, "Node Type": "Sort", "Parent Relationship": "Inner", "Plan Width": 40, "Total Cost": 83.54}], "Node Type": "Merge Join", "Plan Rows": 6728, "Join Type": "Left", "Parent Relationship": "Outer", "Plan Width": 80, "Merge Cond": "(table_34.col_1 = table_22.col_0)", "Total Cost": 268.01}], "Sort Key": ["table_34.col_0"], "Plan Rows": 6728, "Node Type": "Sort", "Parent Relationship": "Inner", "Plan Width": 80, "Total Cost": 712.59}], "Node Type": "Merge Join", "Plan Rows": 28930, "Join Type": "Inner", "Parent Relationship": "Outer", "Plan Width": 144, "Merge Cond": "(table_40.col_1 = table_34.col_0)", "Total Cost": 1194.54}], "Plan Rows": 28930, "Node Type": "Materialize", "Parent Relationship": "Inner", "Plan Width": 144, "Total Cost": 1933.19}], "Node Type": "Nested Loop", "Plan Rows": 61038706745878, "Join Type": "Inner", "Parent Relationship": "Outer", "Plan Width": 828, "Join Filter": "((table_41.col_1 = table_34.col_2) AND (table_4.col_1 = table_34.col_0))", "Total Cost": 9.328105902380677e+16}, {"Startup Cost": 0.0, "Plans": [{"Startup Cost": 0.0, "Node Type": "Seq Scan", "Plan Rows": 800, "Relation Name": "table_61", "Alias": "table_61", "Parent Relationship": "Outer", "Plan Width": 72, "Total Cost": 18.0}], "Plan Rows": 800, "Node Type": "Materialize", "Parent Relationship": "Inner", "Plan Width": 72, "Total Cost": 22.0}], "Node Type": "Nested Loop", "Plan Rows": 244154826983512, "Join Type": "Inner", "Parent Relationship": "Outer", "Plan Width": 900, "Join Filter": "(table_61.col_1 = table_10.col_3)", "Total Cost": 9.401352350475733e+16}, {"Startup Cost": 392.87, "Plans": [{"Startup Cost": 334.72, "Plans": [{"Startup Cost": 299.97, "Plans": [{"Startup Cost": 241.82, "Plans": [{"Startup Cost": 207.07, "Plans": [{"Startup Cost": 183.12, "Plans": [{"Startup Cost": 155.12, "Plans": [{"Startup Cost": 96.58, "Plans": [{"Startup Cost": 38.04, "Plans": [{"Startup Cost": 0.0, "Node Type": "Seq Scan", "Plan Rows": 510, "Relation Name": "table_42", "Alias": "table_42", "Parent Relationship": "Outer", "Plan Width": 128, "Total Cost": 15.1}], "Sort Key": ["table_42.col_0"], "Plan Rows": 510, "Node Type": "Sort", "Parent Relationship": "Outer", "Plan Width": 128, "Total Cost": 39.31}, {"Startup Cost": 58.54, "Plans": [{"Startup Cost": 0.0, "Node Type": "Seq Scan", "Plan Rows": 830, "Relation Name": "table_21", "Alias": "table_21", "Parent Relationship": "Outer", "Plan Width": 68, "Total Cost": 18.3}], "Sort Key": ["table_21.col_2"], "Plan Rows": 830, "Node Type": "Sort", "Parent Relationship": "Inner", "Plan Width": 68, "Total Cost": 60.62}], "Node Type": "Merge Join", "Plan Rows": 2116, "Join Type": "Inner", "Parent Relationship": "Outer", "Plan Width": 196, "Merge Cond": "(table_42.col_0 = table_21.col_2)", "Total Cost": 130.87}, {"Startup Cost": 58.54, "Plans": [{"Startup Cost": 0.0, "Node Type": "Seq Scan", "Plan Rows": 830, "Relation Name": "table_5", "Alias": "table_5", "Parent Relationship": "Outer", "Plan Width": 68, "Total Cost": 18.3}], "Sort Key": ["table_5.col_1"], "Plan Rows": 830, "Node Type": "Sort", "Parent Relationship": "Inner", "Plan Width": 68, "Total Cost": 60.62}], "Node Type": "Merge Join", "Plan Rows": 8781, "Join Type": "Left", "Parent Relationship": "Outer", "Plan Width": 264, "Merge Cond": "(table_21.col_2 = table_5.col_1)", "Total Cost": 326.42}, {"Startup Cost": 18.0, "Plans": [{"Startup Cost": 0.0, "Node Type": "Seq Scan", "Plan Rows": 800, "Relation Name": "table_17", "Alias": "table_17", "Parent Relationship": "Outer", "Plan Width": 72, "Total Cost": 18.0}], "Plan Rows": 800, "Node Type": "Hash", "Parent Relationship": "Inner", "Plan Width": 72, "Total Cost": 18.0}], "Node Type": "Hash Join", "Plan Rows": 35124, "Join Type": "Inner", "Hash Cond": "(table_42.col_1 = table_17.col_2)", "Parent Relationship": "Outer", "Plan Width": 336, "Total Cost": 1605.71}, {"Startup Cost": 16.2, "Plans": [{"Startup Cost": 0.0, "Node Type": "Seq Scan", "Plan Rows": 620, "Relation Name": "table_12", "Alias": "table_12", "Parent Relationship": "Outer", "Plan Width": 100, "Total Cost": 16.2}], "Plan Rows": 620, "Node Type": "Hash", "Parent Relationship": "Inner", "Plan Width": 100, "Total Cost": 16.2}], "Node Type": "Hash Join", "Plan Rows": 108884, "Join Type": "Inner", "Hash Cond": "(table_17.col_1 = table_12.col_1)", "Parent Relationship": "Outer", "Plan Width": 436, "Total Cost": 5528.42}, {"Startup Cost": 21.0, "Plans": [{"Startup Cost": 0.0, "Node Type": "Seq Scan", "Plan Rows": 1100, "Relation Name": "table_56", "Alias": "table_56", "Parent Relationship": "Outer", "Plan Width": 44, "Total Cost": 21.0}], "Plan Rows": 1100, "Node Type": "Hash", "Parent Relationship": "Inner", "Plan Width": 44, "Total Cost": 21.0}], "Node Type": "Hash Join", "Plan Rows": 598862, "Join Type": "Inner", "Hash Cond": "(table_42.col_0 = table_56.col_0)", "Parent Relationship": "Outer", "Plan Width": 480, "Total Cost": 26795.55}, {"Startup Cost": 31.4, "Plans": [{"Startup Cost": 0.0, "Node Type": "Seq Scan", "Plan Rows": 2140, "Relation Name": "table_37", "Alias": "table_37", "Parent Relationship": "Outer", "Plan Width": 8, "Total Cost": 31.4}], "Plan Rows": 2140, "Node Type": "Hash", "Parent Relationship": "Inner", "Plan Width": 8, "Total Cost": 31.4}], "Node Type": "Hash Join", "Plan Rows": 6407823, "Join Type": "Inner", "Hash Cond": "(table_17.col_3 = table_37.col_1)", "Parent Relationship": "Outer", "Plan Width": 488, "Total Cost": 252624.67}, {"Startup Cost": 21.0, "Plans": [{"Startup Cost": 0.0, "Node Type": "Seq Scan", "Plan Rows": 1100, "Relation Name": "table_24", "Alias": "table_24", "Parent Relationship": "Outer", "Plan Width": 44, "Total Cost": 21.0}], "Plan Rows": 1100, "Node Type": "Hash", "Parent Relationship": "Inner", "Plan Width": 44, "Total Cost": 21.0}], "Node Type": "Hash Join", "Plan Rows": 35243026, "Join Type": "Inner", "Hash Cond": "(table_56.col_1 = table_24.col_1)", "Parent Relationship": "Outer", "Plan Width": 532, "Total Cost": 1502184.9}, {"Startup Cost": 31.4, "Plans": [{"Startup Cost": 0.0, "Node Type": "Seq Scan", "Plan Rows": 2140, "Relation Name": "table_20", "Alias": "table_20", "Parent Relationship": "Outer", "Plan Width": 8, "Total Cost": 31.4}], "Plan Rows": 2140, "Node Type": "Hash", "Parent Relationship": "Inner", "Plan Width": 8, "Total Cost": 31.4}], "Node Type": "Hash Join", "Plan Rows": 377100378, "Join Type": "Left", "Hash Cond": "(table_21.col_1 = table_20.col_1)", "Parent Relationship": "Inner", "Plan Width": 540, "Total Cost": 14788863.85}], "Node Type": "Nested Loop", "Plan Rows": 460354387730034851840, "Join Type": "Inner", "Parent Relationship": "Outer", "Plan Width": 1440, "Join Filter": "(table_42.col_1 = table_0.col_1)", "Total Cost": 4.761656555710794e+21}, {"Startup Cost": 0.0, "Plans": [{"Startup Cost": 0.0, "Node Type": "Seq Scan", "Plan Rows": 800, "Relation Name": "table_15", "Alias": "table_15", "Parent Relationship": "Outer", "Plan Width": 72, "Total Cost": 18.0}], "Plan Rows": 800, "Node Type": "Materialize", "Parent Relationship": "Inner", "Plan Width": 72, "Total Cost": 22.0}], "Node Type": "Nested Loop", "Plan Rows": 1841417550920139407360, "Join Type": "Inner", "Parent Relationship": "Outer", "Plan Width": 1512, "Join Filter": "(table_34.col_0 = table_15.col_1)", "Total Cost": 1.028590920847121e+22}, {"Startup Cost": 0.0, "Plans": [{"Startup Cost": 0.0, "Node Type": "Seq Scan", "Plan Rows": 800, "Relation Name": "table_62", "Alias": "table_62", "Parent Relationship": "Outer", "Plan Width": 72, "Total Cost": 18.0}], "Plan Rows": 800, "Node Type": "Materialize", "Parent Relationship": "Inner", "Plan Width": 72, "Total Cost": 22.0}], "Node Type": "Nested Loop", "Plan Rows": 7365670203680557629440, "Join Type": "Left", "Parent Relationship": "Outer", "Plan Width": 1584, "Join Filter": "(table_20.col_0 = table_62.col_2)", "Total Cost": 3.238291981951288e+22}, {"Startup Cost": 0.0, "Plans": [{"Startup Cost": 0.0, "Node Type": "Seq Scan", "Plan Rows": 800, "Relation Name": "table_51", "Alias": "table_51", "Parent Relationship": "Outer", "Plan Width": 72, "Total Cost": 18.0}], "Plan Rows": 800, "Node Type": "Materialize", "Parent Relationship": "Inner", "Plan Width": 72, "Total Cost": 22.0}], "Node Type": "Nested Loop", "Plan Rows": 29462680814722230517760, "Join Type": "Left", "Parent Relationship": "Outer", "Plan Width": 1656, "Join Filter": "(table_42.col_3 = table_51.col_1)", "Total Cost": 1.2077096226367957e+23}, {"Startup Cost": 246655.8, "Plans": [{"Startup Cost": 246367.32, "Plans": [{"Startup Cost": 246332.57, "Plans": [{"Startup Cost": 68561.27, "Plans": [{"Startup Cost": 2234.16, "Plans": [{"Startup Cost": 123.46, "Plans": [{"Startup Cost": 38.04, "Plans": [{"Startup Cost": 0.0, "Node Type": "Seq Scan", "Plan Rows": 510, "Relation Name": "table_23", "Alias": "table_23", "Parent Relationship": "Outer", "Plan Width": 128, "Total Cost": 15.1}], "Sort Key": ["table_23.col_0"], "Plan Rows": 510, "Node Type": "Sort", "Parent Relationship": "Outer", "Plan Width": 128, "Total Cost": 39.31}, {"Startup Cost": 85.43, "Plans": [{"Startup Cost": 0.0, "Node Type": "Seq Scan", "Plan Rows": 1230, "Relation Name": "table_8", "Alias": "table_8", "Parent Relationship": "Outer", "Plan Width": 36, "Total Cost": 22.3}], "Sort Key": ["table_8.col_0"], "Plan Rows": 1230, "Node Type": "Sort", "Parent Relationship": "Inner", "Plan Width": 36, "Total Cost": 88.5}], "Node Type": "Merge Join", "Plan Rows": 3136, "Join Type": "Left", "Parent Relationship": "Outer", "Plan Width": 164, "Merge Cond": "(table_23.col_0 = table_8.col_0)", "Total Cost": 173.05}, {"Startup Cost": 2110.7, "Plans": [{"Startup Cost": 2110.7, "Plans": [{"Startup Cost": 344.93, "Plans": [{"Startup Cost": 46.23, "Plans": [{"Startup Cost": 0.0, "Node Type": "Seq Scan", "Plan Rows": 640, "Relation Name": "table_39", "Alias": "table_39", "Parent Relationship": "Outer", "Plan Width": 96, "Total Cost": 16.4}], "Sort Key": ["table_39.col_0"], "Plan Rows": 640, "Node Type": "Sort", "Parent Relationship": "Outer", "Plan Width": 96, "Total Cost": 47.83}, {"Startup Cost": 298.7, "Plans": [{"Startup Cost": 24.4, "Plans": [{"Startup Cost": 0.0, "Node Type": "Seq Scan", "Plan Rows": 860, "Relation Name": "table_44", "Alias": "table_44", "Parent Relationship": "Outer", "Plan Width": 64, "Total Cost": 18.6}, {"Startup Cost": 16.4, "Plans": [{"Startup Cost": 0.0, "Node Type": "Seq Scan", "Plan Rows": 640, "Relation Name": "table_26", "Alias": "table_26", "Parent Relationship": "Outer", "Plan Width": 96, "Total Cost": 16.4}], "Plan Rows": 640, "Node Type": "Hash", "Parent Relationship": "Inner", "Plan Width": 96, "Total Cost": 16.4}], "Node Type": "Hash Join", "Plan Rows": 2752, "Join Type": "Inner", "Hash Cond": "(table_44.col_1 = table_26.col_1)", "Parent Relationship": "Outer", "Plan Width": 160, "Total Cost": 141.47}], "Sort Key": ["table_26.col_2"], "Plan Rows": 2752, "Node Type": "Sort", "Parent Relationship": "Inner", "Plan Width": 160, "Total Cost": 305.58}], "Node Type": "Merge Join", "Plan Rows": 8806, "Join Type": "Inner", "Parent Relationship": "Outer", "Plan Width": 256, "Merge Cond": "(table_39.col_0 = table_26.col_2)", "Total Cost": 480.22}], "Sort Key": ["table_44.col_0"], "Plan Rows": 8806, "Node Type": "Sort", "Parent Relationship": "Outer", "Plan Width": 256, "Total Cost": 2132.71}], "Plan Rows": 8806, "Node Type": "Materialize", "Parent Relationship": "Inner", "Plan Width": 256, "Total Cost": 2154.73}], "Node Type": "Merge Join", "Plan Rows": 138078, "Join Type": "Inner", "Parent Relationship": "Outer", "Plan Width": 420, "Merge Cond": "(table_23.col_0 = table_44.col_0)", "Total Cost": 4384.77}], "Sort Key": ["table_26.col_2", "table_23.col_2"], "Plan Rows": 138078, "Node Type": "Sort", "Parent Relationship": "Outer", "Plan Width": 420, "Total Cost": 68906.46}, {"Startup Cost": 177771.3, "Plans": [{"Startup Cost": 177771.3, "Plans": [{"Startup Cost": 0.0, "Plans": [{"Startup Cost": 0.0, "Node Type": "Seq Scan", "Plan Rows": 800, "Relation Name": "table_58", "Alias": "table_58", "Parent Relationship": "Outer", "Plan Width": 72, "Total Cost": 18.0}, {"Startup Cost": 0.0, "Plans": [{"Startup Cost": 0.0, "Node Type": "Seq Scan", "Plan Rows": 620, "Relation Name": "table_49", "Alias": "table_49", "Parent Relationship": "Outer", "Plan Width": 100, "Total Cost": 16.2}], "Plan Rows": 620, "Node Type": "Materialize", "Parent Relationship": "Inner", "Plan Width": 100, "Total Cost": 19.3}], "Node Type": "Nested Loop", "Plan Rows": 496000, "Join Type": "Inner", "Parent Relationship": "Outer", "Plan Width": 172, "Total Cost": 6235.75}], "Sort Key": ["table_58.col_3", "table_49.col_2"], "Plan Rows": 496000, "Node Type": "Sort", "Parent Relationship": "Outer", "Plan Width": 172, "Total Cost": 179011.3}], "Plan Rows": 496000, "Node Type": "Materialize", "Parent Relationship": "Inner", "Plan Width": 172, "Total Cost": 180251.3}], "Node Type": "Merge Join", "Plan Rows": 1712167, "Join Type": "Inner", "Parent Relationship": "Outer", "Plan Width": 592, "Merge Cond": "((table_26.col_2 = table_58.col_3) AND (table_23.col_2 = table_49.col_2))", "Total Cost": 278571.08}, {"Startup Cost": 21.0, "Plans": [{"Startup Cost": 0.0, "Node Type": "Seq Scan", "Plan Rows": 1100, "Relation Name": "table_27", "Alias": "table_27", "Parent Relationship": "Outer", "Plan Width": 44, "Total Cost": 21.0}], "Plan Rows": 1100, "Node Type": "Hash", "Parent Relationship": "Inner", "Plan Width": 44, "Total Cost": 21.0}], "Node Type": "Hash Join", "Plan Rows": 9416918, "Join Type": "Inner", "Hash Cond": "(table_58.col_0 = table_27.col_0)", "Parent Relationship": "Outer", "Plan Width": 636, "Total Cost": 612478.39}, {"Startup Cost": 224.68, "Plans": [{"Startup Cost": 143.97, "Plans": [{"Startup Cost": 58.54, "Plans": [{"Startup Cost": 0.0, "Node Type": "Seq Scan", "Plan Rows": 830, "Relation Name": "table_18", "Alias": "table_18", "Parent Relationship": "Outer", "Plan Width": 68, "Total Cost": 18.3}], "Sort Key": ["table_18.col_2"], "Plan Rows": 830, "Node Type": "Sort", "Parent Relationship": "Outer", "Plan Width": 68, "Total Cost": 60.62}, {"Startup Cost": 85.43, "Plans": [{"Startup Cost": 0.0, "Node Type": "Seq Scan", "Plan Rows": 1230, "Relation Name": "table_31", "Alias": "table_31", "Parent Relationship": "Outer", "Plan Width": 36, "Total Cost": 22.3}], "Sort Key": ["table_31.col_1"], "Plan Rows": 1230, "Node Type": "Sort", "Parent Relationship": "Inner", "Plan Width": 36, "Total Cost": 88.5}], "Node Type": "Merge Join", "Plan Rows": 5104, "Join Type": "Inner", "Parent Relationship": "Outer", "Plan Width": 104, "Merge Cond": "(table_18.col_2 = table_31.col_1)", "Total Cost": 224.68}], "Plan Rows": 5104, "Node Type": "Hash", "Parent Relationship": "Inner", "Plan Width": 104, "Total Cost": 224.68}], "Node Type": "Hash Join", "Plan Rows": 240319747, "Join Type": "Inner", "Hash Cond": "(table_26.col_1 = table_31.col_1)", "Parent Relationship": "Inner", "Plan Width": 740, "Total Cost": 9042791.86}], "Node Type": "Nested Loop", "Plan Rows": 35402319996679003396263378944, "Join Type": "Inner", "Parent Relationship": "Outer", "Plan Width": 2396, "Join Filter": "(table_58.col_3 = table_42.col_0)", "Total Cost": 3.476636698276515e+29}, {"Startup Cost": 0.0, "Plans": [{"Startup Cost": 0.0, "Node Type": "Seq Scan", "Plan Rows": 800, "Relation Name": "table_48", "Alias": "table_48", "Parent Relationship": "Outer", "Plan Width": 72, "Total Cost": 18.0}], "Plan Rows": 800, "Node Type": "Materialize", "Parent Relationship": "Inner", "Plan Width": 72, "Total Cost": 22.0}], "Node Type": "Nested Loop", "Plan Rows": 141609279986716013585053515776, "Join Type": "Left", "Parent Relationship": "Outer", "Plan Width": 2468, "Join Filter": "(table_21.col_0 = table_48.col_2)", "Total Cost": 7.724915097877995e+29}, {"Startup Cost": 614.18, "Plans": [{"Startup Cost": 614.18, "Plans": [{"Startup Cost": 578.08, "Plans": [{"Startup Cost": 56.58, "Plans": [{"Startup Cost": 0.0, "Node Type": "Seq Scan", "Plan Rows": 800, "Relation Name": "table_61", "Alias": "table_61_1", "Parent Relationship": "Outer", "Plan Width": 72, "Total Cost": 18.0}], "Sort Key": ["table_61_1.col_1"], "Plan Rows": 800, "Node Type": "Sort", "Parent Relationship": "Outer", "Plan Width": 72, "Total Cost": 58.58}, {"Startup Cost": 521.51, "Plans": [{"Startup Cost": 142.0, "Plans": [{"Startup Cost": 56.58, "Plans": [{"Startup Cost": 0.0, "Node Type": "Seq Scan", "Plan Rows": 800, "Relation Name": "table_51", "Alias": "table_51_1", "Parent Relationship": "Outer", "Plan Width": 72, "Total Cost": 18.0}], "Sort Key": ["table_51_1.col_2"], "Plan Rows": 800, "Node Type": "Sort", "Parent Relationship": "Outer", "Plan Width": 72, "Total Cost": 58.58}, {"Startup Cost": 85.43, "Plans": [{"Startup Cost": 0.0, "Node Type": "Seq Scan", "Plan Rows": 1230, "Relation Name": "table_0", "Alias": "table_0_2", "Parent Relationship": "Outer", "Plan Width": 36, "Total Cost": 22.3}], "Sort Key": ["table_0_2.col_0"], "Plan Rows": 1230, "Node Type": "Sort", "Parent Relationship": "Inner", "Plan Width": 36, "Total Cost": 88.5}], "Node Type": "Merge Join", "Plan Rows": 4920, "Join Type": "Inner", "Parent Relationship": "Outer", "Plan Width": 108, "Merge Cond": "(table_51_1.col_2 = table_0_2.col_0)", "Total Cost": 219.8}], "Sort Key": ["table_0_2.col_1"], "Plan Rows": 4920, "Node Type": "Sort", "Parent Relationship": "Inner", "Plan Width": 108, "Total Cost": 533.81}], "Node Type": "Merge Join", "Plan Rows": 19680, "Join Type": "Left", "Parent Relationship": "Outer", "Plan Width": 180, "Merge Cond": "(table_61_1.col_1 = table_0_2.col_1)", "Total Cost": 877.28}, {"Startup Cost": 21.6, "Plans": [{"Startup Cost": 0.0, "Node Type": "Seq Scan", "Plan Rows": 1160, "Relation Name": "table_53", "Alias": "table_53", "Parent Relationship": "Outer", "Plan Width": 40, "Total Cost": 21.6}], "Plan Rows": 1160, "Node Type": "Hash", "Parent Relationship": "Inner", "Plan Width": 40, "Total Cost": 21.6}], "Node Type": "Hash Join", "Plan Rows": 114144, "Join Type": "Left", "Hash Cond": "(table_0_2.col_0 = table_53.col_0)", "Parent Relationship": "Outer", "Plan Width": 220, "Total Cost": 4957.62}], "Plan Rows": 114144, "Node Type": "Materialize", "Parent Relationship": "Inner", "Plan Width": 220, "Total Cost": 8928.34}], "Node Type": "Nested Loop", "Plan Rows": 16163849654803711573788437935816704, "Join Type": "Inner", "Parent Relationship": "Outer", "Plan Width": 2688, "Total Cost": 6.842921641496686e+32}, {"Startup Cost": 0.0, "Plans": [{"Startup Cost": 0.0, "Node Type": "Seq Scan", "Plan Rows": 1230, "Relation Name": "table_30", "Alias": "table_30", "Parent Relationship": "Outer", "Plan Width": 36, "Total Cost": 22.3}], "Plan Rows": 1230, "Node Type": "Materialize", "Parent Relationship": "Inner", "Plan Width": 36, "Total Cost": 28.45}], "Node Type": "Nested Loop", "Plan Rows": 99407675377042827792888999754858496, "Join Type": "Left", "Parent Relationship": "Outer", "Plan Width": 2724, "Join Filter": "(table_34.col_2 = table_30.col_1)", "Total Cost": 2.9890731829527817e+35}, {"Startup Cost": 0.0, "Plans": [{"Startup Cost": 0.0, "Node Type": "Seq Scan", "Plan Rows": 1230, "Relation Name": "table_59", "Alias": "table_59", "Parent Relationship": "Outer", "Plan Width": 36, "Total Cost": 22.3}], "Plan Rows": 1230, "Node Type": "Materialize", "Parent Relationship": "Inner", "Plan Width": 36, "Total Cost": 28.45}], "Node Type": "Nested Loop", "Plan Rows": 611357203568813369712511663726395392, "Join Type": "Inner", "Parent Relationship": "Outer", "Plan Width": 2760, "Join Filter": "(table_26.col_1 = table_59.col_0)", "Total Cost": 2.1329789290017186e+36}, {"Startup Cost": 0.0, "Plans": [{"Startup Cost": 0.0, "Node Type": "Seq Scan", "Plan Rows": 1230, "Relation Name": "table_3", "Alias": "table_3", "Parent Relationship": "Outer", "Plan Width": 36, "Total Cost": 22.3}], "Plan Rows": 1230, "Node Type": "Materialize", "Parent Relationship": "Inner", "Plan Width": 36, "Total Cost": 28.45}], "Node Type": "Nested Loop", "Plan Rows": 3759846801948202356548504062626103296, "Join Type": "Left", "Parent Relationship": "Outer", "Plan Width": 2796, "Join Filter": "(table_1.col_1 = table_3.col_0)", "Total Cost": 1.3412519334846327e+37}, {"Startup Cost": 211.91, "Plans": [{"Startup Cost": 211.91, "Plans": [{"Startup Cost": 76.57, "Plans": [{"Startup Cost": 0.0, "Node Type": "Seq Scan", "Plan Rows": 1100, "Relation Name": "table_60", "Alias": "table_60", "Parent Relationship": "Outer", "Plan Width": 44, "Total Cost": 21.0}], "Sort Key": ["table_60.col_1"], "Plan Rows": 1100, "Node Type": "Sort", "Parent Relationship": "Outer", "Plan Width": 44, "Total Cost": 79.32}, {"Startup Cost": 135.34, "Plans": [{"Startup Cost": 0.0, "Node Type": "Seq Scan", "Plan Rows": 1940, "Relation Name": "table_9", "Alias": "table_9", "Parent Relationship": "Outer", "Plan Width": 12, "Total Cost": 29.4}], "Sort Key": ["table_9.col_2"], "Plan Rows": 1940, "Node Type": "Sort", "Parent Relationship": "Inner", "Plan Width": 12, "Total Cost": 140.19}], "Node Type": "Merge Join", "Plan Rows": 10670, "Join Type": "Right", "Parent Relationship": "Outer", "Plan Width": 56, "Merge Cond": "(table_60.col_1 = table_9.col_2)", "Total Cost": 377.46}], "Plan Rows": 10670, "Node Type": "Materialize", "Parent Relationship": "Inner", "Plan Width": 56, "Total Cost": 430.81}], "Node Type": "Nested Loop", "Plan Rows": 200587826883936593331164659788344721408, "Join Type": "Left", "Parent Relationship": "Outer", "Plan Width": 2852, "Join Filter": "(table_15.col_2 = table_9.col_1)", "Total Cost": 6.151759999866561e+38}], "Plan Rows": 200587826883936593331164659788344721408, "Node Type": "Materialize", "Parent Relationship": "Inner", "Plan Width": 2852, "Total Cost": 6.1567746955386594e+38}], "Node Type": "Merge Join", "Plan Rows": 1117009885175798360313659078644436810208378880, "Join Type": "Inner", "Parent Relationship": "Outer", "Plan Width": 3140, "Merge Cond": "(table_25.col_0 = table_46.col_1)", "Total Cost": 1.6755763453636962e+43}], "Plan Rows": 1117009885175798360313659078644436810208378880, "Node Type": "Materialize", "Parent Relationship": "Inner", "Plan Width": 3140, "Total Cost": 1.9548288166576457e+43}], "Node Type": "Merge Join", "Plan Rows": 6869610793831159519788190762341598415061778432, "Join Type": "Inner", "Parent Relationship": "Outer", "Plan Width": 3176, "Merge Cond": "(table_7.col_1 = table_46.col_1)", "Total Cost": 1.1979992536110436e+44}, {"Startup Cost": 21.6, "Plans": [{"Startup Cost": 0.0, "Node Type": "Seq Scan", "Plan Rows": 1160, "Relation Name": "table_50", "Alias": "table_50", "Parent Relationship": "Outer", "Plan Width": 40, "Total Cost": 21.6}], "Plan Rows": 1160, "Node Type": "Hash", "Parent Relationship": "Inner", "Plan Width": 40, "Total Cost": 21.6}], "Plan Rows": 39843742604220725721831746512873031406039597056, "Node Type": "Hash Join", "Join Type": "Right", "Hash Cond": "(table_61.col_0 = table_50.col_2)", "Plan Width": 3216, "Total Cost": 1.5315049434934075e+45}}]