[{"Plan": {"Startup Cost": 2.7201984014570255e+24, "Plans": [{"Startup Cost": 2.7201984014570255e+24, "Plans": [{"Startup Cost": 2.7201984014570255e+24, "Plans": [{"Startup Cost": 2.7201984014570255e+24, "Plans": [{"Startup Cost": 2.7201984014570255e+24, "Plans": [{"Startup Cost": 2.7201984014570255e+24, "Plans": [{"Startup Cost": 2.7201984014570255e+24, "Plans": [{"Startup Cost": 2.7201984014570255e+24, "Plans": [{"Startup Cost": 2.7201984014570255e+24, "Plans": [{"Startup Cost": 2.7201984014570255e+24, "Plans": [{"Startup Cost": 2.7201984014570255e+24, "Plans": [{"Startup Cost": 2.7201984014570255e+24, "Plans": [{"Startup Cost": 2.7201984014570255e+24, "Plans": [{"Startup Cost": 2.7201984014570255e+24, "Plans": [{"Startup Cost": 2.7201984014570255e+24, "Plans": [{"Startup Cost": 2.7201984014570255e+24, "Plans": [{"Startup Cost": 2.7201984014570255e+24, "Plans": [{"Startup Cost": 2.7201984014570255e+24, "Plans": [{"Startup Cost": 2.7201984014570255e+24, "Plans": [{"Startup Cost": 2.7201984014570255e+24, "Plans": [{"Startup Cost": 2.7201984014570255e+24, "Plans": [{"Startup Cost": 2.7201984014570255e+24, "Plans": [{"Startup Cost": 2.7201984014570255e+24, "Plans": [{"Startup Cost": 60.52, "Plans": [{"Startup Cost": 0.0, "Node Type": "Seq Scan", "Plan Rows": 860, "Relation Name": "table_30", "Alias": "table_30", "Parent Relationship": "Outer", "Plan Width": 64, "Total Cost": 18.6}], "Sort Key": ["table_30.col_0"], "Plan Rows": 860, "Node Type": "Sort", "Parent Relationship": "Outer", "Plan Width": 64, "Total Cost": 62.67}, {"Startup Cost": 2.7201984014570255e+24, "Plans": [{"Startup Cost": 2.7201984014570255e+24, "Plans": [{"Startup Cost": 2.7201984014570255e+24, "Plans": [{"Startup Cost": 2.7201984014570255e+24, "Plans": [{"Startup Cost": 2.7201984014570255e+24, "Plans": [{"Startup Cost": 2.7201984014570255e+24, "Plans": [{"Startup Cost": 2.7201984014570255e+24, "Plans": [{"Startup Cost": 2.7201984014570255e+24, "Plans": [{"Startup Cost": 2.7201984014570255e+24, "Plans": [{"Startup Cost": 2.7201984014570255e+24, "Plans": [{"Startup Cost": 2.7201984014570255e+24, "Plans": [{"Startup Cost": 2.7201984014570255e+24, "Plans": [{"Startup Cost": 2.7201984014570255e+24, "Plans": [{"Startup Cost": 2.7201984014570255e+24, "Plans": [{"Startup Cost": 2.7201984014570255e+24, "Plans": [{"Startup Cost": 2.7201984014570255e+24, "Plans": [{"Startup Cost": 2.7201984014570255e+24, "Plans": [{"Startup Cost": 2.7201984014570255e+24, "Plans": [{"Startup Cost": 2.7201984014570255e+24, "Plans": [{"Startup Cost": 2.7201984014570255e+24, "Plans": [{"Startup Cost": 2.7201984014570255e+24, "Plans": [{"Startup Cost": 2.7201984014570255e+24, "Plans": [{"Startup Cost": 38.04, "Plans": [{"Startup Cost": 0.0, "Node Type": "Seq Scan", "Plan Rows": 510, "Relation Name": "table_50", "Alias": "table_50", "Parent Relationship": "Outer", "Plan Width": 128, "Total Cost": 15.1}], "Sort Key": ["table_50.col_0"], "Plan Rows": 510, "Node Type": "Sort", "Parent Relationship": "Outer", "Plan Width": 128, "Total Cost": 39.31}, {"Startup Cost": 2.7201984014570255e+24, "Plans": [{"Startup Cost": 2.7201984014570255e+24, "Plans": [{"Startup Cost": 0.0, "Plans": [{"Startup Cost": 0.0, "Plans": [{"Startup Cost": 0.0, "Plans": [{"Startup Cost": 0.0, "Plans": [{"Startup Cost": 0.0, "Plans": [{"Startup Cost": 0.0, "Plans": [{"Startup Cost": 0.0, "Plans": [{"Startup Cost": 0.0, "Node Type": "Seq Scan", "Plan Rows": 1230, "Relation Name": "table_3", "Alias": "table_3", "Parent Relationship": "Outer", "Plan Width": 36, "Total Cost": 22.3}, {"Startup Cost": 0.0, "Plans": [{"Startup Cost": 0.0, "Node Type": "Seq Scan", "Plan Rows": 860, "Relation Name": "table_53", "Alias": "table_53", "Parent Relationship": "Outer", "Plan Width": 64, "Total Cost": 18.6}], "Plan Rows": 860, "Node Type": "Materialize", "Parent Relationship": "Inner", "Plan Width": 64, "Total Cost": 22.9}], "Node Type": "Nested Loop", "Plan Rows": 1057800, "Join Type": "Inner", "Parent Relationship": "Outer", "Plan Width": 100, "Total Cost": 13265.55}, {"Startup Cost": 0.0, "Plans": [{"Startup Cost": 0.0, "Node Type": "Seq Scan", "Plan Rows": 830, "Relation Name": "table_18", "Alias": "table_18", "Parent Relationship": "Outer", "Plan Width": 68, "Total Cost": 18.3}], "Plan Rows": 830, "Node Type": "Materialize", "Parent Relationship": "Inner", "Plan Width": 68, "Total Cost": 22.45}], "Node Type": "Nested Loop", "Plan Rows": 877974000, "Join Type": "Inner", "Parent Relationship": "Outer", "Plan Width": 168, "Total Cost": 10987960.93}, {"Startup Cost": 0.0, "Plans": [{"Startup Cost": 0.0, "Node Type": "Seq Scan", "Plan Rows": 1770, "Relation Name": "table_21", "Alias": "table_21", "Parent Relationship": "Outer", "Plan Width": 16, "Total Cost": 27.7}], "Plan Rows": 1770, "Node Type": "Materialize", "Parent Relationship": "Inner", "Plan Width": 16, "Total Cost": 36.55}], "Node Type": "Nested Loop", "Plan Rows": 1554013980000, "Join Type": "Inner", "Parent Relationship": "Outer", "Plan Width": 184, "Total Cost": 19436162743.05}, {"Startup Cost": 0.0, "Plans": [{"Startup Cost": 0.0, "Node Type": "Seq Scan", "Plan Rows": 640, "Relation Name": "table_42", "Alias": "table_42_1", "Parent Relationship": "Outer", "Plan Width": 96, "Total Cost": 16.4}], "Plan Rows": 640, "Node Type": "Materialize", "Parent Relationship": "Inner", "Plan Width": 96, "Total Cost": 19.6}], "Node Type": "Nested Loop", "Plan Rows": 994568947200000, "Join Type": "Inner", "Parent Relationship": "Outer", "Plan Width": 280, "Total Cost": 12451548002761.05}, {"Startup Cost": 0.0, "Plans": [{"Startup Cost": 0.0, "Node Type": "Seq Scan", "Plan Rows": 830, "Relation Name": "table_54", "Alias": "table_54", "Parent Relationship": "Outer", "Plan Width": 68, "Total Cost": 18.3}], "Plan Rows": 830, "Node Type": "Materialize", "Parent Relationship": "Inner", "Plan Width": 68, "Total Cost": 22.45}], "Node Type": "Nested Loop", "Plan Rows": 825492226176000000, "Join Type": "Inner", "Parent Relationship": "Outer", "Plan Width": 348, "Total Cost": 1.0331104375202782e+16}, {"Startup Cost": 0.0, "Plans": [{"Startup Cost": 0.0, "Node Type": "Seq Scan", "Plan Rows": 620, "Relation Name": "table_20", "Alias": "table_20", "Parent Relationship": "Outer", "Plan Width": 100, "Total Cost": 16.2}], "Plan Rows": 620, "Node Type": "Materialize", "Parent Relationship": "Inner", "Plan Width": 100, "Total Cost": 19.3}], "Node Type": "Nested Loop", "Plan Rows": 511805180229120032768, "Join Type": "Inner", "Parent Relationship": "Outer", "Plan Width": 448, "Total Cost": 6.407895857239203e+18}, {"Startup Cost": 0.0, "Plans": [{"Startup Cost": 0.0, "Node Type": "Seq Scan", "Plan Rows": 830, "Relation Name": "table_52", "Alias": "table_52", "Parent Relationship": "Outer", "Plan Width": 68, "Total Cost": 18.3}], "Plan Rows": 830, "Node Type": "Materialize", "Parent Relationship": "Inner", "Plan Width": 68, "Total Cost": 22.45}], "Node Type": "Nested Loop", "Plan Rows": 424798299590169601245184, "Join Type": "Inner", "Parent Relationship": "Outer", "Plan Width": 516, "Total Cost": 5.316386640734359e+21}], "Sort Key": ["table_18.col_1"], "Plan Rows": 424798299590169601245184, "Node Type": "Sort", "Parent Relationship": "Outer", "Plan Width": 516, "Total Cost": 2.721260397206001e+24}], "Plan Rows": 424798299590169601245184, "Node Type": "Materialize", "Parent Relationship": "Inner", "Plan Width": 516, "Total Cost": 2.7223223929549764e+24}], "Node Type": "Merge Join", "Plan Rows": 1083235663954932463042560, "Join Type": "Inner", "Parent Relationship": "Outer", "Plan Width": 644, "Merge Cond": "(table_50.col_0 = table_18.col_1)", "Total Cost": 2.7375089321653247e+24}, {"Startup Cost": 0.0, "Plans": [{"Startup Cost": 0.0, "Node Type": "Seq Scan", "Plan Rows": 620, "Relation Name": "table_8", "Alias": "table_8", "Parent Relationship": "Outer", "Plan Width": 100, "Total Cost": 16.2}], "Plan Rows": 620, "Node Type": "Materialize", "Parent Relationship": "Inner", "Plan Width": 100, "Total Cost": 19.3}], "Node Type": "Nested Loop", "Plan Rows": 3358030558260290635431936, "Join Type": "Inner", "Parent Relationship": "Outer", "Plan Width": 744, "Join Filter": "(table_20.col_1 = table_8.col_0)", "Total Cost": 1.2811600606946196e+25}, {"Startup Cost": 0.0, "Plans": [{"Startup Cost": 0.0, "Node Type": "Seq Scan", "Plan Rows": 620, "Relation Name": "table_41", "Alias": "table_41", "Parent Relationship": "Outer", "Plan Width": 100, "Total Cost": 16.2}], "Plan Rows": 620, "Node Type": "Materialize", "Parent Relationship": "Inner", "Plan Width": 100, "Total Cost": 19.3}], "Node Type": "Nested Loop", "Plan Rows": 10409894730606900808777728, "Join Type": "Inner", "Parent Relationship": "Outer", "Plan Width": 844, "Join Filter": "(table_54.col_0 = table_41.col_3)", "Total Cost": 4.404128479876689e+25}, {"Startup Cost": 80.64, "Plans": [{"Startup Cost": 80.64, "Plans": [{"Startup Cost": 0.0, "Node Type": "Seq Scan", "Plan Rows": 1160, "Relation Name": "table_44", "Alias": "table_44", "Parent Relationship": "Outer", "Plan Width": 40, "Total Cost": 21.6}], "Sort Key": ["table_44.col_0"], "Plan Rows": 1160, "Node Type": "Sort", "Parent Relationship": "Outer", "Plan Width": 40, "Total Cost": 83.54}], "Plan Rows": 1160, "Node Type": "Materialize", "Parent Relationship": "Inner", "Plan Width": 40, "Total Cost": 86.44}], "Node Type": "Merge Join", "Plan Rows": 60377389437520029415374848, "Join Type": "Inner", "Parent Relationship": "Outer", "Plan Width": 884, "Merge Cond": "(table_18.col_1 = table_44.col_0)", "Total Cost": 4.497297037715622e+25}, {"Startup Cost": 0.0, "Plans": [{"Startup Cost": 0.0, "Node Type": "Seq Scan", "Plan Rows": 2140, "Relation Name": "table_16", "Alias": "table_16", "Parent Relationship": "Outer", "Plan Width": 8, "Total Cost": 31.4}], "Plan Rows": 2140, "Node Type": "Materialize", "Parent Relationship": "Inner", "Plan Width": 8, "Total Cost": 42.1}], "Node Type": "Nested Loop", "Plan Rows": 3230190334907321539362816, "Join Type": "Inner", "Parent Relationship": "Outer", "Plan Width": 892, "Join Filter": "((table_52.col_1 = table_16.col_1) AND (table_3.col_1 = table_16.col_0))", "Total Cost": 2.3061062048122811e+27}, {"Startup Cost": 0.0, "Plans": [{"Startup Cost": 0.0, "Node Type": "Seq Scan", "Plan Rows": 640, "Relation Name": "table_45", "Alias": "table_45", "Parent Relationship": "Outer", "Plan Width": 96, "Total Cost": 16.4}], "Plan Rows": 640, "Node Type": "Materialize", "Parent Relationship": "Inner", "Plan Width": 96, "Total Cost": 19.6}], "Node Type": "Nested Loop", "Plan Rows": 10336609071703428066967552, "Join Type": "Inner", "Parent Relationship": "Outer", "Plan Width": 988, "Join Filter": "(table_3.col_0 = table_45.col_1)", "Total Cost": 2.3371160320273917e+27}, {"Startup Cost": 0.0, "Plans": [{"Startup Cost": 0.0, "Node Type": "Seq Scan", "Plan Rows": 800, "Relation Name": "table_14", "Alias": "table_14", "Parent Relationship": "Outer", "Plan Width": 72, "Total Cost": 18.0}], "Plan Rows": 800, "Node Type": "Materialize", "Parent Relationship": "Inner", "Plan Width": 72, "Total Cost": 22.0}], "Node Type": "Nested Loop", "Plan Rows": 41346436286813712267870208, "Join Type": "Inner", "Parent Relationship": "Outer", "Plan Width": 1060, "Join Filter": "(table_8.col_0 = table_14.col_0)", "Total Cost": 2.4611553408878328e+27}, {"Startup Cost": 0.0, "Plans": [{"Startup Cost": 0.0, "Node Type": "Seq Scan", "Plan Rows": 830, "Relation Name": "table_4", "Alias": "table_4", "Parent Relationship": "Outer", "Plan Width": 68, "Total Cost": 18.3}], "Plan Rows": 830, "Node Type": "Materialize", "Parent Relationship": "Inner", "Plan Width": 68, "Total Cost": 22.45}], "Node Type": "Nested Loop", "Plan Rows": 171587710590276896462733312, "Join Type": "Inner", "Parent Relationship": "Outer", "Plan Width": 1128, "Join Filter": "(table_54.col_1 = table_4.col_1)", "Total Cost": 2.975918472658664e+27}, {"Startup Cost": 0.0, "Plans": [{"Startup Cost": 0.0, "Node Type": "Seq Scan", "Plan Rows": 1230, "Relation Name": "table_5", "Alias": "table_5", "Parent Relationship": "Outer", "Plan Width": 36, "Total Cost": 22.3}], "Plan Rows": 1230, "Node Type": "Materialize", "Parent Relationship": "Inner", "Plan Width": 36, "Total Cost": 28.45}], "Node Type": "Nested Loop", "Plan Rows": 1055264420130202969939378176, "Join Type": "Inner", "Parent Relationship": "Outer", "Plan Width": 1164, "Join Filter": "(table_53.col_1 = table_5.col_0)", "Total Cost": 6.141711733049272e+27}, {"Startup Cost": 80.64, "Plans": [{"Startup Cost": 80.64, "Plans": [{"Startup Cost": 0.0, "Node Type": "Seq Scan", "Plan Rows": 1160, "Relation Name": "table_40", "Alias": "table_40", "Parent Relationship": "Outer", "Plan Width": 40, "Total Cost": 21.6}], "Sort Key": ["table_40.col_0"], "Plan Rows": 1160, "Node Type": "Sort", "Parent Relationship": "Outer", "Plan Width": 40, "Total Cost": 83.54}], "Plan Rows": 1160, "Node Type": "Materialize", "Parent Relationship": "Inner", "Plan Width": 40, "Total Cost": 86.44}], "Node Type": "Merge Join", "Plan Rows": 6120533636755177445550718976, "Join Type": "Inner", "Parent Relationship": "Outer", "Plan Width": 1204, "Merge Cond": "(table_18.col_1 = table_40.col_0)", "Total Cost": 6.236157898650925e+27}, {"Startup Cost": 0.0, "Plans": [{"Startup Cost": 0.0, "Node Type": "Seq Scan", "Plan Rows": 1940, "Relation Name": "table_63", "Alias": "table_63", "Parent Relationship": "Outer", "Plan Width": 12, "Total Cost": 29.4}], "Plan Rows": 1940, "Node Type": "Materialize", "Parent Relationship": "Inner", "Plan Width": 12, "Total Cost": 39.1}], "Node Type": "Nested Loop", "Plan Rows": 59369176276525221001939648512, "Join Type": "Inner", "Parent Relationship": "Outer", "Plan Width": 1216, "Join Filter": "(table_54.col_1 = table_63.col_1)", "Total Cost": 1.843436867282266e+29}, {"Startup Cost": 0.0, "Plans": [{"Startup Cost": 0.0, "Node Type": "Seq Scan", "Plan Rows": 620, "Relation Name": "table_31", "Alias": "table_31", "Parent Relationship": "Outer", "Plan Width": 100, "Total Cost": 16.2}], "Plan Rows": 620, "Node Type": "Materialize", "Parent Relationship": "Inner", "Plan Width": 100, "Total Cost": 19.3}], "Node Type": "Nested Loop", "Plan Rows": 184044446457228194781715234816, "Join Type": "Inner", "Parent Relationship": "Outer", "Plan Width": 1316, "Join Filter": "(table_14.col_3 = table_31.col_0)", "Total Cost": 7.364770260999112e+29}, {"Startup Cost": 46.23, "Plans": [{"Startup Cost": 46.23, "Plans": [{"Startup Cost": 0.0, "Node Type": "Seq Scan", "Plan Rows": 640, "Relation Name": "table_35", "Alias": "table_35", "Parent Relationship": "Outer", "Plan Width": 96, "Total Cost": 16.4}], "Sort Key": ["table_35.col_0"], "Plan Rows": 640, "Node Type": "Sort", "Parent Relationship": "Outer", "Plan Width": 96, "Total Cost": 47.83}], "Plan Rows": 640, "Node Type": "Materialize", "Parent Relationship": "Inner", "Plan Width": 96, "Total Cost": 49.43}], "Node Type": "Merge Join", "Plan Rows": 588942228663130237375237586944, "Join Type": "Inner", "Parent Relationship": "Outer", "Plan Width": 1412, "Merge Cond": "(table_40.col_0 = table_35.col_0)", "Total Cost": 7.457712706460012e+29}, {"Startup Cost": 46.23, "Plans": [{"Startup Cost": 46.23, "Plans": [{"Startup Cost": 0.0, "Node Type": "Seq Scan", "Plan Rows": 640, "Relation Name": "table_42", "Alias": "table_42", "Parent Relationship": "Outer", "Plan Width": 96, "Total Cost": 16.4}], "Sort Key": ["table_42.col_1"], "Plan Rows": 640, "Node Type": "Sort", "Parent Relationship": "Outer", "Plan Width": 96, "Total Cost": 47.83}], "Plan Rows": 640, "Node Type": "Materialize", "Parent Relationship": "Inner", "Plan Width": 96, "Total Cost": 49.43}], "Node Type": "Merge Join", "Plan Rows": 9423075658610084343361568768, "Join Type": "Inner", "Parent Relationship": "Outer", "Plan Width": 1508, "Join Filter": "(table_5.col_0 = table_42.col_2)", "Merge Cond": "(table_40.col_0 = table_42.col_1)", "Total Cost": 7.802243910227943e+29}, {"Startup Cost": 193.65, "Plans": [{"Startup Cost": 193.65, "Plans": [{"Startup Cost": 58.54, "Plans": [{"Startup Cost": 0.0, "Node Type": "Seq Scan", "Plan Rows": 830, "Relation Name": "table_24", "Alias": "table_24_1", "Parent Relationship": "Outer", "Plan Width": 68, "Total Cost": 18.3}], "Sort Key": ["table_24_1.col_1"], "Plan Rows": 830, "Node Type": "Sort", "Parent Relationship": "Outer", "Plan Width": 68, "Total Cost": 60.62}, {"Startup Cost": 135.11, "Plans": [{"Startup Cost": 135.11, "Plans": [{"Startup Cost": 58.54, "Plans": [{"Startup Cost": 0.0, "Node Type": "Seq Scan", "Plan Rows": 830, "Relation Name": "table_0", "Alias": "table_0_2", "Parent Relationship": "Outer", "Plan Width": 68, "Total Cost": 18.3}], "Sort Key": ["table_0_2.col_1"], "Plan Rows": 830, "Node Type": "Sort", "Parent Relationship": "Outer", "Plan Width": 68, "Total Cost": 60.62}, {"Startup Cost": 76.57, "Plans": [{"Startup Cost": 0.0, "Node Type": "Seq Scan", "Plan Rows": 1100, "Relation Name": "table_15", "Alias": "table_15_1", "Parent Relationship": "Outer", "Plan Width": 44, "Total Cost": 21.0}], "Sort Key": ["table_15_1.col_3"], "Plan Rows": 1100, "Node Type": "Sort", "Parent Relationship": "Inner", "Plan Width": 44, "Total Cost": 79.32}], "Node Type": "Merge Join", "Plan Rows": 4565, "Join Type": "Inner", "Parent Relationship": "Outer", "Plan Width": 112, "Merge Cond": "(table_0_2.col_1 = table_15_1.col_3)", "Total Cost": 207.74}], "Plan Rows": 4565, "Node Type": "Materialize", "Parent Relationship": "Inner", "Plan Width": 112, "Total Cost": 219.15}], "Node Type": "Merge Join", "Plan Rows": 18945, "Join Type": "Inner", "Parent Relationship": "Outer", "Plan Width": 180, "Merge Cond": "(table_24_1.col_1 = table_0_2.col_1)", "Total Cost": 554.6}], "Plan Rows": 18945, "Node Type": "Materialize", "Parent Relationship": "Inner", "Plan Width": 180, "Total Cost": 1121.33}], "Node Type": "Nested Loop", "Plan Rows": 892600841761840312487472267264, "Join Type": "Left", "Parent Relationship": "Outer", "Plan Width": 1688, "Join Filter": "(table_15_1.col_3 = table_42_1.col_0)", "Total Cost": 7.905718627172274e+30}, {"Startup Cost": 0.0, "Plans": [{"Startup Cost": 0.0, "Node Type": "Seq Scan", "Plan Rows": 1230, "Relation Name": "table_28", "Alias": "table_28", "Parent Relationship": "Outer", "Plan Width": 36, "Total Cost": 22.3}], "Plan Rows": 1230, "Node Type": "Materialize", "Parent Relationship": "Inner", "Plan Width": 36, "Total Cost": 28.45}], "Node Type": "Nested Loop", "Plan Rows": 1097899035367063579574516284653568, "Join Type": "Inner", "Parent Relationship": "Outer", "Plan Width": 1724, "Total Cost": 2.162945656926057e+31}, {"Startup Cost": 0.0, "Plans": [{"Startup Cost": 0.0, "Node Type": "Seq Scan", "Plan Rows": 1160, "Relation Name": "table_10", "Alias": "table_10", "Parent Relationship": "Outer", "Plan Width": 40, "Total Cost": 21.6}], "Plan Rows": 1160, "Node Type": "Materialize", "Parent Relationship": "Inner", "Plan Width": 40, "Total Cost": 27.4}], "Node Type": "Nested Loop", "Plan Rows": 31839072025644845464985635127296, "Join Type": "Inner", "Parent Relationship": "Outer", "Plan Width": 1764, "Join Filter": "((table_40.col_2 = table_10.col_2) AND (table_8.col_0 = table_10.col_0))", "Total Cost": 2.230897987452065e+34}, {"Startup Cost": 0.0, "Plans": [{"Startup Cost": 0.0, "Node Type": "Seq Scan", "Plan Rows": 860, "Relation Name": "table_38", "Alias": "table_38", "Parent Relationship": "Outer", "Plan Width": 64, "Total Cost": 18.6}], "Plan Rows": 860, "Node Type": "Materialize", "Parent Relationship": "Inner", "Plan Width": 64, "Total Cost": 22.9}], "Node Type": "Nested Loop", "Plan Rows": 136908009710272845407357411262464, "Join Type": "Left", "Parent Relationship": "Outer", "Plan Width": 1828, "Join Filter": "(table_10.col_0 = table_38.col_0)", "Total Cost": 2.2719703903651466e+34}, {"Startup Cost": 0.0, "Plans": [{"Startup Cost": 0.0, "Node Type": "Seq Scan", "Plan Rows": 830, "Relation Name": "table_18", "Alias": "table_18_1", "Parent Relationship": "Outer", "Plan Width": 68, "Total Cost": 18.3}], "Plan Rows": 830, "Node Type": "Materialize", "Parent Relationship": "Inner", "Plan Width": 68, "Total Cost": 22.45}], "Node Type": "Nested Loop", "Plan Rows": 113633648059526466263763872756269056, "Join Type": "Inner", "Parent Relationship": "Outer", "Plan Width": 1896, "Total Cost": 2.414012450439555e+34}, {"Startup Cost": 58.54, "Plans": [{"Startup Cost": 58.54, "Plans": [{"Startup Cost": 0.0, "Node Type": "Seq Scan", "Plan Rows": 830, "Relation Name": "table_0", "Alias": "table_0", "Parent Relationship": "Outer", "Plan Width": 68, "Total Cost": 18.3}], "Sort Key": ["table_0.col_1"], "Plan Rows": 830, "Node Type": "Sort", "Parent Relationship": "Outer", "Plan Width": 68, "Total Cost": 60.62}], "Plan Rows": 830, "Node Type": "Materialize", "Parent Relationship": "Inner", "Plan Width": 68, "Total Cost": 62.69}], "Node Type": "Merge Join", "Plan Rows": 11789490986175873165576416264192, "Join Type": "Inner", "Parent Relationship": "Outer", "Plan Width": 1964, "Join Filter": "((table_41.col_3 = table_0.col_2) AND (table_21.col_2 = table_0.col_0))", "Merge Cond": "(table_42.col_1 = table_0.col_1)", "Total Cost": 3.385580141348506e+34}, {"Startup Cost": 0.0, "Plans": [{"Startup Cost": 0.0, "Node Type": "Seq Scan", "Plan Rows": 1100, "Relation Name": "table_15", "Alias": "table_15", "Parent Relationship": "Outer", "Plan Width": 44, "Total Cost": 21.0}], "Plan Rows": 1100, "Node Type": "Materialize", "Parent Relationship": "Inner", "Plan Width": 44, "Total Cost": 26.5}], "Node Type": "Nested Loop", "Plan Rows": 324211002119836545830348652544, "Join Type": "Inner", "Parent Relationship": "Outer", "Plan Width": 2008, "Join Filter": "((table_40.col_1 = table_15.col_1) AND (table_28.col_1 = table_15.col_0))", "Total Cost": 3.408274911496895e+34}], "Plan Rows": 324211002119836545830348652544, "Node Type": "Materialize", "Parent Relationship": "Inner", "Plan Width": 2008, "Total Cost": 3.4082749925496454e+34}], "Node Type": "Merge Join", "Plan Rows": 1394107309115297301881736396800, "Join Type": "Inner", "Parent Relationship": "Outer", "Plan Width": 2072, "Merge Cond": "(table_30.col_0 = table_0.col_1)", "Total Cost": 3.408277002657859e+34}, {"Startup Cost": 0.0, "Plans": [{"Startup Cost": 0.0, "Node Type": "Seq Scan", "Plan Rows": 1230, "Relation Name": "table_60", "Alias": "table_60", "Parent Relationship": "Outer", "Plan Width": 36, "Total Cost": 22.3}], "Plan Rows": 1230, "Node Type": "Materialize", "Parent Relationship": "Inner", "Plan Width": 36, "Total Cost": 28.45}], "Node Type": "Nested Loop", "Plan Rows": 8573759951059078054728957952000, "Join Type": "Inner", "Parent Relationship": "Outer", "Plan Width": 2108, "Join Filter": "(table_20.col_3 = table_60.col_0)", "Total Cost": 3.410849130643177e+34}, {"Startup Cost": 0.0, "Plans": [{"Startup Cost": 0.0, "Node Type": "Seq Scan", "Plan Rows": 1230, "Relation Name": "table_29", "Alias": "table_29", "Parent Relationship": "Outer", "Plan Width": 36, "Total Cost": 22.3}], "Plan Rows": 1230, "Node Type": "Materialize", "Parent Relationship": "Inner", "Plan Width": 36, "Total Cost": 28.45}], "Node Type": "Nested Loop", "Plan Rows": 52728623699013330881008021536768, "Join Type": "Left", "Parent Relationship": "Outer", "Plan Width": 2144, "Join Filter": "(table_15.col_0 = table_29.col_0)", "Total Cost": 3.4266677177528806e+34}, {"Startup Cost": 18.6, "Plans": [{"Startup Cost": 0.0, "Node Type": "Seq Scan", "Plan Rows": 860, "Relation Name": "table_17", "Alias": "table_17", "Parent Relationship": "Outer", "Plan Width": 64, "Total Cost": 18.6}], "Plan Rows": 860, "Node Type": "Hash", "Parent Relationship": "Inner", "Plan Width": 64, "Total Cost": 18.6}], "Node Type": "Hash Join", "Plan Rows": 226733081905757316483295014289408, "Join Type": "Left", "Hash Cond": "(table_30.col_1 = table_17.col_0)", "Parent Relationship": "Outer", "Plan Width": 2208, "Total Cost": 3.4274744656954754e+34}, {"Startup Cost": 18.0, "Plans": [{"Startup Cost": 0.0, "Node Type": "Seq Scan", "Plan Rows": 800, "Relation Name": "table_23", "Alias": "table_23", "Parent Relationship": "Outer", "Plan Width": 72, "Total Cost": 18.0}], "Plan Rows": 800, "Node Type": "Hash", "Parent Relationship": "Inner", "Plan Width": 72, "Total Cost": 18.0}], "Node Type": "Hash Join", "Plan Rows": 906932327623029265933180057157632, "Join Type": "Inner", "Hash Cond": "(table_40.col_2 = table_23.col_1)", "Parent Relationship": "Outer", "Plan Width": 2280, "Total Cost": 3.430705412112632e+34}, {"Startup Cost": 21.0, "Plans": [{"Startup Cost": 0.0, "Node Type": "Seq Scan", "Plan Rows": 1100, "Relation Name": "table_32", "Alias": "table_32", "Parent Relationship": "Outer", "Plan Width": 44, "Total Cost": 21.0}], "Plan Rows": 1100, "Node Type": "Hash", "Parent Relationship": "Inner", "Plan Width": 44, "Total Cost": 21.0}], "Node Type": "Hash Join", "Plan Rows": 24940639009633308055754183278592, "Join Type": "Inner", "Hash Cond": "((table_10.col_1 = table_32.col_2) AND (table_16.col_1 = table_32.col_3))", "Parent Relationship": "Outer", "Plan Width": 2324, "Total Cost": 3.4561244579250864e+34}, {"Startup Cost": 21.6, "Plans": [{"Startup Cost": 0.0, "Node Type": "Seq Scan", "Plan Rows": 1160, "Relation Name": "table_62", "Alias": "table_62", "Parent Relationship": "Outer", "Plan Width": 40, "Total Cost": 21.6}], "Plan Rows": 1160, "Node Type": "Hash", "Parent Relationship": "Inner", "Plan Width": 40, "Total Cost": 21.6}], "Node Type": "Hash Join", "Plan Rows": 144655706255873197532013368705024, "Join Type": "Left", "Hash Cond": "(table_32.col_3 = table_62.col_0)", "Parent Relationship": "Outer", "Plan Width": 2364, "Total Cost": 3.4566369880567343e+34}, {"Startup Cost": 596.64, "Plans": [{"Startup Cost": 397.28, "Plans": [{"Startup Cost": 58.54, "Plans": [{"Startup Cost": 0.0, "Node Type": "Seq Scan", "Plan Rows": 830, "Relation Name": "table_0", "Alias": "table_0_1", "Parent Relationship": "Outer", "Plan Width": 68, "Total Cost": 18.3}], "Sort Key": ["table_0_1.col_1"], "Plan Rows": 830, "Node Type": "Sort", "Parent Relationship": "Outer", "Plan Width": 68, "Total Cost": 60.62}, {"Startup Cost": 338.74, "Plans": [{"Startup Cost": 21.48, "Plans": [{"Startup Cost": 0.0, "Node Type": "Seq Scan", "Plan Rows": 1230, "Relation Name": "table_37", "Alias": "table_37_1", "Parent Relationship": "Outer", "Plan Width": 36, "Total Cost": 22.3}, {"Startup Cost": 15.1, "Plans": [{"Startup Cost": 0.0, "Node Type": "Seq Scan", "Plan Rows": 510, "Relation Name": "table_50", "Alias": "table_50_1", "Parent Relationship": "Outer", "Plan Width": 128, "Total Cost": 15.1}], "Plan Rows": 510, "Node Type": "Hash", "Parent Relationship": "Inner", "Plan Width": 128, "Total Cost": 15.1}], "Node Type": "Hash Join", "Plan Rows": 3136, "Join Type": "Right", "Hash Cond": "(table_37_1.col_0 = table_50_1.col_3)", "Parent Relationship": "Outer", "Plan Width": 164, "Total Cost": 156.62}], "Sort Key": ["table_50_1.col_2"], "Plan Rows": 3136, "Node Type": "Sort", "Parent Relationship": "Inner", "Plan Width": 164, "Total Cost": 346.58}], "Node Type": "Merge Join", "Plan Rows": 13014, "Join Type": "Inner", "Parent Relationship": "Outer", "Plan Width": 232, "Merge Cond": "(table_0_1.col_1 = table_50_1.col_2)", "Total Cost": 596.64}], "Plan Rows": 13014, "Node Type": "Hash", "Parent Relationship": "Inner", "Plan Width": 232, "Total Cost": 596.64}], "Node Type": "Hash Join", "Plan Rows": 9412746806069669485465378706423808, "Join Type": "Left", "Hash Cond": "(table_18_1.col_1 = table_50_1.col_3)", "Parent Relationship": "Outer", "Plan Width": 2596, "Total Cost": 3.498044073706217e+34}, {"Startup Cost": 22.3, "Plans": [{"Startup Cost": 0.0, "Node Type": "Seq Scan", "Plan Rows": 1230, "Relation Name": "table_9", "Alias": "table_9", "Parent Relationship": "Outer", "Plan Width": 36, "Total Cost": 22.3}], "Plan Rows": 1230, "Node Type": "Hash", "Parent Relationship": "Inner", "Plan Width": 36, "Total Cost": 22.3}], "Node Type": "Hash Join", "Plan Rows": 57888392857328465663875897364578304, "Join Type": "Inner", "Hash Cond": "(table_45.col_2 = table_9.col_0)", "Parent Relationship": "Outer", "Plan Width": 2632, "Total Cost": 3.703006635408384e+34}, {"Startup Cost": 16.4, "Plans": [{"Startup Cost": 0.0, "Node Type": "Seq Scan", "Plan Rows": 640, "Relation Name": "table_59", "Alias": "table_59", "Parent Relationship": "Outer", "Plan Width": 96, "Total Cost": 16.4}], "Plan Rows": 640, "Node Type": "Hash", "Parent Relationship": "Inner", "Plan Width": 96, "Total Cost": 16.4}], "Node Type": "Hash Join", "Plan Rows": 185242857143451112260495760018112512, "Join Type": "Inner", "Hash Cond": "(table_35.col_1 = table_59.col_0)", "Parent Relationship": "Outer", "Plan Width": 2728, "Total Cost": 4.365828733624796e+34}, {"Startup Cost": 21.0, "Plans": [{"Startup Cost": 0.0, "Node Type": "Seq Scan", "Plan Rows": 1100, "Relation Name": "table_6", "Alias": "table_6", "Parent Relationship": "Outer", "Plan Width": 44, "Total Cost": 21.0}], "Plan Rows": 1100, "Node Type": "Hash", "Parent Relationship": "Inner", "Plan Width": 44, "Total Cost": 21.0}], "Node Type": "Hash Join", "Plan Rows": 1018835714288981172772958901228273664, "Join Type": "Inner", "Hash Cond": "(table_0.col_1 = table_6.col_1)", "Parent Relationship": "Outer", "Plan Width": 2772, "Total Cost": 7.978064447922092e+34}, {"Startup Cost": 18.3, "Plans": [{"Startup Cost": 0.0, "Node Type": "Seq Scan", "Plan Rows": 830, "Relation Name": "table_57", "Alias": "table_57", "Parent Relationship": "Outer", "Plan Width": 68, "Total Cost": 18.3}], "Plan Rows": 830, "Node Type": "Hash", "Parent Relationship": "Inner", "Plan Width": 68, "Total Cost": 18.3}], "Node Type": "Hash Join", "Plan Rows": 4228168214299271985066941511838466048, "Join Type": "Left", "Hash Cond": "(table_21.col_0 = table_57.col_0)", "Parent Relationship": "Outer", "Plan Width": 2840, "Total Cost": 2.303136212654179e+35}, {"Startup Cost": 21.0, "Plans": [{"Startup Cost": 0.0, "Node Type": "Seq Scan", "Plan Rows": 1100, "Relation Name": "table_58", "Alias": "table_58", "Parent Relationship": "Outer", "Plan Width": 44, "Total Cost": 21.0}], "Plan Rows": 1100, "Node Type": "Hash", "Parent Relationship": "Inner", "Plan Width": 44, "Total Cost": 21.0}], "Node Type": "Hash Join", "Plan Rows": 23254925178645997393607704211875692544, "Join Type": "Inner", "Hash Cond": "(table_0.col_0 = table_58.col_0)", "Parent Relationship": "Outer", "Plan Width": 2884, "Total Cost": 1.0548064230537761e+36}, {"Startup Cost": 21.6, "Plans": [{"Startup Cost": 0.0, "Node Type": "Seq Scan", "Plan Rows": 1160, "Relation Name": "table_64", "Alias": "table_64", "Parent Relationship": "Outer", "Plan Width": 40, "Total Cost": 21.6}], "Plan Rows": 1160, "Node Type": "Hash", "Parent Relationship": "Inner", "Plan Width": 40, "Total Cost": 21.6}], "Node Type": "Hash Join", "Plan Rows": 134878566036146783938451387854949974016, "Join Type": "Inner", "Hash Cond": "(table_18.col_2 = table_64.col_0)", "Parent Relationship": "Outer", "Plan Width": 2924, "Total Cost": 5.833693547265529e+36}, {"Startup Cost": 18.3, "Plans": [{"Startup Cost": 0.0, "Node Type": "Seq Scan", "Plan Rows": 830, "Relation Name": "table_24", "Alias": "table_24", "Parent Relationship": "Outer", "Plan Width": 68, "Total Cost": 18.3}], "Plan Rows": 830, "Node Type": "Hash", "Parent Relationship": "Inner", "Plan Width": 68, "Total Cost": 18.3}], "Node Type": "Hash Join", "Plan Rows": 559746049050009127843794252101958238208, "Join Type": "Left", "Hash Cond": "(table_0.col_1 = table_24.col_2)", "Parent Relationship": "Outer", "Plan Width": 2992, "Total Cost": 2.5762001679106216e+37}, {"Startup Cost": 21.0, "Plans": [{"Startup Cost": 0.0, "Node Type": "Seq Scan", "Plan Rows": 1100, "Relation Name": "table_39", "Alias": "table_39", "Parent Relationship": "Outer", "Plan Width": 44, "Total Cost": 21.0}], "Plan Rows": 1100, "Node Type": "Hash", "Parent Relationship": "Inner", "Plan Width": 44, "Total Cost": 21.0}], "Node Type": "Hash Join", "Plan Rows": 3078603269775050278698732112475093729280, "Join Type": "Left", "Hash Cond": "(table_45.col_2 = table_39.col_3)", "Parent Relationship": "Outer", "Plan Width": 3036, "Total Cost": 1.34912481243858e+38}, {"Startup Cost": 18.3, "Plans": [{"Startup Cost": 0.0, "Node Type": "Seq Scan", "Plan Rows": 830, "Relation Name": "table_33", "Alias": "table_33", "Parent Relationship": "Outer", "Plan Width": 68, "Total Cost": 18.3}], "Plan Rows": 830, "Node Type": "Hash", "Parent Relationship": "Inner", "Plan Width": 68, "Total Cost": 18.3}], "Node Type": "Hash Join", "Plan Rows": 12776203569566458656599738266771638976512, "Join Type": "Inner", "Hash Cond": "(table_54.col_1 = table_33.col_2)", "Parent Relationship": "Outer", "Plan Width": 3104, "Total Cost": 5.897761143531217e+38}, {"Startup Cost": 21.6, "Plans": [{"Startup Cost": 0.0, "Node Type": "Seq Scan", "Plan Rows": 1160, "Relation Name": "table_26", "Alias": "table_26", "Parent Relationship": "Outer", "Plan Width": 40, "Total Cost": 21.6}], "Plan Rows": 1160, "Node Type": "Hash", "Parent Relationship": "Inner", "Plan Width": 40, "Total Cost": 21.6}], "Node Type": "Hash Join", "Plan Rows": 74101980703485465527552088251643874770944, "Join Type": "Left", "Hash Cond": "(table_30.col_1 = table_26.col_2)", "Parent Relationship": "Outer", "Plan Width": 3144, "Total Cost": 3.215285947899029e+39}, {"Startup Cost": 31.4, "Plans": [{"Startup Cost": 0.0, "Node Type": "Seq Scan", "Plan Rows": 2140, "Relation Name": "table_49", "Alias": "table_49", "Parent Relationship": "Outer", "Plan Width": 8, "Total Cost": 31.4}], "Plan Rows": 2140, "Node Type": "Hash", "Parent Relationship": "Inner", "Plan Width": 8, "Total Cost": 31.4}], "Node Type": "Hash Join", "Plan Rows": 792891193527294455999150296308302626160640, "Join Type": "Inner", "Hash Cond": "(table_21.col_3 = table_49.col_1)", "Parent Relationship": "Outer", "Plan Width": 3152, "Total Cost": 3.1151732673113056e+40}, {"Startup Cost": 29.4, "Plans": [{"Startup Cost": 0.0, "Node Type": "Seq Scan", "Plan Rows": 1940, "Relation Name": "table_48", "Alias": "table_48", "Parent Relationship": "Outer", "Plan Width": 12, "Total Cost": 29.4}], "Plan Rows": 1940, "Node Type": "Hash", "Parent Relationship": "Inner", "Plan Width": 12, "Total Cost": 29.4}], "Node Type": "Hash Join", "Plan Rows": 7691044577214756842161777516880672923320320, "Join Type": "Inner", "Hash Cond": "(table_58.col_1 = table_48.col_1)", "Parent Relationship": "Outer", "Plan Width": 3164, "Total Cost": 3.0232052085944777e+41}, {"Startup Cost": 22.3, "Plans": [{"Startup Cost": 0.0, "Node Type": "Seq Scan", "Plan Rows": 1230, "Relation Name": "table_37", "Alias": "table_37", "Parent Relationship": "Outer", "Plan Width": 36, "Total Cost": 22.3}], "Plan Rows": 1230, "Node Type": "Hash", "Parent Relationship": "Inner", "Plan Width": 36, "Total Cost": 22.3}], "Node Type": "Hash Join", "Plan Rows": 47299924149870756436204990656886550827106304, "Join Type": "Left", "Hash Cond": "(table_23.col_3 = table_37.col_0)", "Parent Relationship": "Outer", "Plan Width": 3200, "Total Cost": 1.9770454775479613e+42}, {"Startup Cost": 31.4, "Plans": [{"Startup Cost": 0.0, "Node Type": "Seq Scan", "Plan Rows": 2140, "Relation Name": "table_61", "Alias": "table_61", "Parent Relationship": "Outer", "Plan Width": 8, "Total Cost": 31.4}], "Plan Rows": 2140, "Node Type": "Hash", "Parent Relationship": "Inner", "Plan Width": 8, "Total Cost": 31.4}], "Node Type": "Hash Join", "Plan Rows": 506109188403617104761265745740032512962330624, "Join Type": "Inner", "Hash Cond": "(table_40.col_1 = table_61.col_0)", "Parent Relationship": "Outer", "Plan Width": 3208, "Total Cost": 1.9809116882049236e+43}, {"Startup Cost": 22.3, "Plans": [{"Startup Cost": 0.0, "Node Type": "Seq Scan", "Plan Rows": 1230, "Relation Name": "table_47", "Alias": "table_47", "Parent Relationship": "Outer", "Plan Width": 36, "Total Cost": 22.3}], "Plan Rows": 1230, "Node Type": "Hash", "Parent Relationship": "Inner", "Plan Width": 36, "Total Cost": 22.3}], "Plan Rows": 3112571508682245384429374370535610179223814144, "Node Type": "Hash Join", "Join Type": "Right", "Hash Cond": "(table_59.col_1 = table_47.col_0)", "Plan Width": 3244, "Total Cost": 1.3001439265693686e+44}}]