[{"Plan": {"Startup Cost": 7.796662753893977e+29, "Plans": [{"Startup Cost": 7.796662753893977e+29, "Plans": [{"Startup Cost": 7.796662753893975e+29, "Plans": [{"Startup Cost": 7.796662753893975e+29, "Plans": [{"Startup Cost": 6.182676105451964e+17, "Plans": [{"Startup Cost": 589601.91, "Plans": [{"Startup Cost": 589601.91, "Plans": [{"Startup Cost": 589601.91, "Plans": [{"Startup Cost": 589395.56, "Plans": [{"Startup Cost": 589395.56, "Plans": [{"Startup Cost": 589374.09, "Plans": [{"Startup Cost": 85.43, "Plans": [{"Startup Cost": 0.0, "Node Type": "Seq Scan", "Plan Rows": 1230, "Relation Name": "table_31", "Alias": "table_31", "Parent Relationship": "Outer", "Plan Width": 36, "Total Cost": 22.3}], "Sort Key": ["table_31.col_1"], "Plan Rows": 1230, "Node Type": "Sort", "Parent Relationship": "Outer", "Plan Width": 36, "Total Cost": 88.5}, {"Startup Cost": 589288.66, "Plans": [{"Startup Cost": 589288.66, "Plans": [{"Startup Cost": 538.58, "Plans": [{"Startup Cost": 76.57, "Plans": [{"Startup Cost": 0.0, "Node Type": "Seq Scan", "Plan Rows": 1100, "Relation Name": "table_56", "Alias": "table_56", "Parent Relationship": "Outer", "Plan Width": 44, "Total Cost": 21.0}], "Sort Key": ["table_56.col_0"], "Plan Rows": 1100, "Node Type": "Sort", "Parent Relationship": "Outer", "Plan Width": 44, "Total Cost": 79.32}, {"Startup Cost": 462.01, "Plans": [{"Startup Cost": 462.01, "Plans": [{"Startup Cost": 117.08, "Plans": [{"Startup Cost": 58.54, "Plans": [{"Startup Cost": 0.0, "Node Type": "Seq Scan", "Plan Rows": 830, "Relation Name": "table_21", "Alias": "table_21", "Parent Relationship": "Outer", "Plan Width": 68, "Total Cost": 18.3}], "Sort Key": ["table_21.col_2"], "Plan Rows": 830, "Node Type": "Sort", "Parent Relationship": "Outer", "Plan Width": 68, "Total Cost": 60.62}, {"Startup Cost": 58.54, "Plans": [{"Startup Cost": 0.0, "Node Type": "Seq Scan", "Plan Rows": 830, "Relation Name": "table_5", "Alias": "table_5", "Parent Relationship": "Outer", "Plan Width": 68, "Total Cost": 18.3}], "Sort Key": ["table_5.col_1"], "Plan Rows": 830, "Node Type": "Sort", "Parent Relationship": "Inner", "Plan Width": 68, "Total Cost": 60.62}], "Node Type": "Merge Join", "Plan Rows": 3444, "Join Type": "Left", "Parent Relationship": "Outer", "Plan Width": 136, "Merge Cond": "(table_21.col_2 = table_5.col_1)", "Total Cost": 172.89}, {"Startup Cost": 344.93, "Plans": [{"Startup Cost": 344.93, "Plans": [{"Startup Cost": 46.23, "Plans": [{"Startup Cost": 0.0, "Node Type": "Seq Scan", "Plan Rows": 640, "Relation Name": "table_39", "Alias": "table_39", "Parent Relationship": "Outer", "Plan Width": 96, "Total Cost": 16.4}], "Sort Key": ["table_39.col_0"], "Plan Rows": 640, "Node Type": "Sort", "Parent Relationship": "Outer", "Plan Width": 96, "Total Cost": 47.83}, {"Startup Cost": 298.7, "Plans": [{"Startup Cost": 24.4, "Plans": [{"Startup Cost": 0.0, "Node Type": "Seq Scan", "Plan Rows": 860, "Relation Name": "table_44", "Alias": "table_44", "Parent Relationship": "Outer", "Plan Width": 64, "Total Cost": 18.6}, {"Startup Cost": 16.4, "Plans": [{"Startup Cost": 0.0, "Node Type": "Seq Scan", "Plan Rows": 640, "Relation Name": "table_26", "Alias": "table_26", "Parent Relationship": "Outer", "Plan Width": 96, "Total Cost": 16.4}], "Plan Rows": 640, "Node Type": "Hash", "Parent Relationship": "Inner", "Plan Width": 96, "Total Cost": 16.4}], "Node Type": "Hash Join", "Plan Rows": 2752, "Join Type": "Inner", "Hash Cond": "(table_44.col_1 = table_26.col_1)", "Parent Relationship": "Outer", "Plan Width": 160, "Total Cost": 141.47}], "Sort Key": ["table_26.col_2"], "Plan Rows": 2752, "Node Type": "Sort", "Parent Relationship": "Inner", "Plan Width": 160, "Total Cost": 305.58}], "Node Type": "Merge Join", "Plan Rows": 8806, "Join Type": "Inner", "Parent Relationship": "Outer", "Plan Width": 256, "Merge Cond": "(table_39.col_0 = table_26.col_2)", "Total Cost": 480.22}], "Plan Rows": 8806, "Node Type": "Materialize", "Parent Relationship": "Inner", "Plan Width": 256, "Total Cost": 502.23}], "Node Type": "Merge Join", "Plan Rows": 151639, "Join Type": "Inner", "Parent Relationship": "Outer", "Plan Width": 392, "Merge Cond": "(table_21.col_2 = table_26.col_2)", "Total Cost": 2936.31}], "Plan Rows": 151639, "Node Type": "Materialize", "Parent Relationship": "Inner", "Plan Width": 392, "Total Cost": 3315.4}], "Node Type": "Merge Join", "Plan Rows": 834014, "Join Type": "Inner", "Parent Relationship": "Outer", "Plan Width": 436, "Merge Cond": "(table_56.col_0 = table_21.col_2)", "Total Cost": 15528.58}], "Sort Key": ["table_44.col_1"], "Plan Rows": 834014, "Node Type": "Sort", "Parent Relationship": "Outer", "Plan Width": 436, "Total Cost": 591373.69}], "Plan Rows": 834014, "Node Type": "Materialize", "Parent Relationship": "Inner", "Plan Width": 436, "Total Cost": 593458.73}], "Node Type": "Merge Join", "Plan Rows": 5129186, "Join Type": "Inner", "Parent Relationship": "Outer", "Plan Width": 472, "Merge Cond": "(table_31.col_1 = table_26.col_1)", "Total Cost": 668403.06}, {"Startup Cost": 21.48, "Plans": [{"Startup Cost": 21.48, "Plans": [{"Startup Cost": 0.0, "Node Type": "Seq Scan", "Plan Rows": 1230, "Relation Name": "table_8", "Alias": "table_8", "Parent Relationship": "Outer", "Plan Width": 36, "Total Cost": 22.3}, {"Startup Cost": 15.1, "Plans": [{"Startup Cost": 0.0, "Node Type": "Seq Scan", "Plan Rows": 510, "Relation Name": "table_23", "Alias": "table_23", "Parent Relationship": "Outer", "Plan Width": 128, "Total Cost": 15.1}], "Plan Rows": 510, "Node Type": "Hash", "Parent Relationship": "Inner", "Plan Width": 128, "Total Cost": 15.1}], "Node Type": "Hash Join", "Plan Rows": 3136, "Join Type": "Right", "Hash Cond": "(table_8.col_0 = table_23.col_0)", "Parent Relationship": "Outer", "Plan Width": 164, "Total Cost": 156.62}], "Plan Rows": 3136, "Node Type": "Materialize", "Parent Relationship": "Inner", "Plan Width": 164, "Total Cost": 172.3}], "Node Type": "Nested Loop", "Plan Rows": 80425636, "Join Type": "Inner", "Parent Relationship": "Outer", "Plan Width": 636, "Join Filter": "(table_44.col_0 = table_23.col_0)", "Total Cost": 241945476.96}, {"Startup Cost": 0.0, "Plans": [{"Startup Cost": 0.0, "Node Type": "Seq Scan", "Plan Rows": 800, "Relation Name": "table_48", "Alias": "table_48", "Parent Relationship": "Outer", "Plan Width": 72, "Total Cost": 18.0}], "Plan Rows": 800, "Node Type": "Materialize", "Parent Relationship": "Inner", "Plan Width": 72, "Total Cost": 22.0}], "Node Type": "Nested Loop", "Plan Rows": 321702544, "Join Type": "Left", "Parent Relationship": "Outer", "Plan Width": 708, "Join Filter": "(table_21.col_0 = table_48.col_2)", "Total Cost": 1207053128.96}, {"Startup Cost": 206.35, "Plans": [{"Startup Cost": 206.35, "Plans": [{"Startup Cost": 56.58, "Plans": [{"Startup Cost": 0.0, "Node Type": "Seq Scan", "Plan Rows": 800, "Relation Name": "table_62", "Alias": "table_62", "Parent Relationship": "Outer", "Plan Width": 72, "Total Cost": 18.0}], "Sort Key": ["table_62.col_2"], "Plan Rows": 800, "Node Type": "Sort", "Parent Relationship": "Outer", "Plan Width": 72, "Total Cost": 58.58}, {"Startup Cost": 149.78, "Plans": [{"Startup Cost": 0.0, "Node Type": "Seq Scan", "Plan Rows": 2140, "Relation Name": "table_20", "Alias": "table_20", "Parent Relationship": "Outer", "Plan Width": 8, "Total Cost": 31.4}], "Sort Key": ["table_20.col_0"], "Plan Rows": 2140, "Node Type": "Sort", "Parent Relationship": "Inner", "Plan Width": 8, "Total Cost": 155.13}], "Node Type": "Merge Join", "Plan Rows": 8560, "Join Type": "Right", "Parent Relationship": "Outer", "Plan Width": 80, "Merge Cond": "(table_62.col_2 = table_20.col_0)", "Total Cost": 338.75}], "Plan Rows": 8560, "Node Type": "Materialize", "Parent Relationship": "Inner", "Plan Width": 80, "Total Cost": 381.55}], "Node Type": "Nested Loop", "Plan Rows": 13768868883, "Join Type": "Left", "Parent Relationship": "Outer", "Plan Width": 788, "Join Filter": "(table_21.col_1 = table_20.col_1)", "Total Cost": 42513660138.72}, {"Startup Cost": 0.0, "Plans": [{"Startup Cost": 0.0, "Node Type": "Seq Scan", "Plan Rows": 620, "Relation Name": "table_49", "Alias": "table_49", "Parent Relationship": "Outer", "Plan Width": 100, "Total Cost": 16.2}], "Plan Rows": 620, "Node Type": "Materialize", "Parent Relationship": "Inner", "Plan Width": 100, "Total Cost": 19.3}], "Node Type": "Nested Loop", "Plan Rows": 42683493537, "Join Type": "Inner", "Parent Relationship": "Outer", "Plan Width": 888, "Join Filter": "(table_23.col_2 = table_49.col_2)", "Total Cost": 170564140768.37}, {"Startup Cost": 0.0, "Plans": [{"Startup Cost": 0.0, "Node Type": "Seq Scan", "Plan Rows": 2140, "Relation Name": "table_37", "Alias": "table_37", "Parent Relationship": "Outer", "Plan Width": 8, "Total Cost": 31.4}, {"Startup Cost": 0.0, "Plans": [{"Startup Cost": 0.0, "Node Type": "Seq Scan", "Plan Rows": 860, "Relation Name": "table_25", "Alias": "table_25", "Parent Relationship": "Outer", "Plan Width": 64, "Total Cost": 18.6}], "Plan Rows": 860, "Node Type": "Materialize", "Parent Relationship": "Inner", "Plan Width": 64, "Total Cost": 22.9}], "Node Type": "Nested Loop", "Plan Rows": 1840400, "Join Type": "Inner", "Parent Relationship": "Inner", "Plan Width": 72, "Total Cost": 23057.15}], "Node Type": "Nested Loop", "Plan Rows": 78554701505494800, "Join Type": "Inner", "Parent Relationship": "Outer", "Plan Width": 960, "Total Cost": 1769877292202356.2}], "Sort Key": ["table_25.col_0", "table_56.col_0", "table_44.col_1", "table_56.col_1", "table_37.col_1"], "Plan Rows": 78554701505494800, "Node Type": "Sort", "Parent Relationship": "Outer", "Plan Width": 960, "Total Cost": 6.184639972989601e+17}, {"Startup Cost": 7.796662753887793e+29, "Plans": [{"Startup Cost": 7.796662753887793e+29, "Plans": [{"Startup Cost": 263144.64, "Plans": [{"Startup Cost": 263106.97, "Plans": [{"Startup Cost": 263078.97, "Plans": [{"Startup Cost": 262935.0, "Plans": [{"Startup Cost": 261842.53, "Plans": [{"Startup Cost": 5994.09, "Plans": [{"Startup Cost": 838.29, "Plans": [{"Startup Cost": 60.52, "Plans": [{"Startup Cost": 0.0, "Node Type": "Seq Scan", "Plan Rows": 860, "Relation Name": "table_2", "Alias": "table_2", "Parent Relationship": "Outer", "Plan Width": 64, "Total Cost": 18.6}], "Sort Key": ["table_2.col_0"], "Plan Rows": 860, "Node Type": "Sort", "Parent Relationship": "Outer", "Plan Width": 64, "Total Cost": 62.67}, {"Startup Cost": 777.77, "Plans": [{"Startup Cost": 170.85, "Plans": [{"Startup Cost": 85.43, "Plans": [{"Startup Cost": 0.0, "Node Type": "Seq Scan", "Plan Rows": 1230, "Relation Name": "table_0", "Alias": "table_0", "Parent Relationship": "Outer", "Plan Width": 36, "Total Cost": 22.3}], "Sort Key": ["table_0.col_0"], "Plan Rows": 1230, "Node Type": "Sort", "Parent Relationship": "Outer", "Plan Width": 36, "Total Cost": 88.5}, {"Startup Cost": 85.43, "Plans": [{"Startup Cost": 0.0, "Node Type": "Seq Scan", "Plan Rows": 1230, "Relation Name": "table_46", "Alias": "table_46", "Parent Relationship": "Outer", "Plan Width": 36, "Total Cost": 22.3}], "Sort Key": ["table_46.col_0"], "Plan Rows": 1230, "Node Type": "Sort", "Parent Relationship": "Inner", "Plan Width": 36, "Total Cost": 88.5}], "Node Type": "Merge Join", "Plan Rows": 7564, "Join Type": "Inner", "Parent Relationship": "Outer", "Plan Width": 72, "Merge Cond": "(table_0.col_0 = table_46.col_0)", "Total Cost": 290.46}], "Sort Key": ["table_46.col_1"], "Plan Rows": 7564, "Node Type": "Sort", "Parent Relationship": "Inner", "Plan Width": 72, "Total Cost": 796.68}], "Node Type": "Merge Join", "Plan Rows": 32525, "Join Type": "Inner", "Parent Relationship": "Outer", "Plan Width": 136, "Merge Cond": "(table_2.col_0 = table_46.col_1)", "Total Cost": 1330.46}], "Sort Key": ["table_0.col_1"], "Plan Rows": 32525, "Node Type": "Sort", "Parent Relationship": "Outer", "Plan Width": 136, "Total Cost": 6075.4}, {"Startup Cost": 255848.43, "Plans": [{"Startup Cost": 255848.43, "Plans": [{"Startup Cost": 0.0, "Plans": [{"Startup Cost": 0.0, "Node Type": "Seq Scan", "Plan Rows": 1100, "Relation Name": "table_24", "Alias": "table_24", "Parent Relationship": "Outer", "Plan Width": 44, "Total Cost": 21.0}, {"Startup Cost": 0.0, "Plans": [{"Startup Cost": 0.0, "Node Type": "Seq Scan", "Plan Rows": 800, "Relation Name": "table_55", "Alias": "table_55", "Parent Relationship": "Outer", "Plan Width": 72, "Total Cost": 18.0}], "Plan Rows": 800, "Node Type": "Materialize", "Parent Relationship": "Inner", "Plan Width": 72, "Total Cost": 22.0}], "Node Type": "Nested Loop", "Plan Rows": 880000, "Join Type": "Inner", "Parent Relationship": "Outer", "Plan Width": 116, "Total Cost": 11041.0}], "Sort Key": ["table_55.col_3"], "Plan Rows": 880000, "Node Type": "Sort", "Parent Relationship": "Outer", "Plan Width": 116, "Total Cost": 258048.43}], "Plan Rows": 880000, "Node Type": "Materialize", "Parent Relationship": "Inner", "Plan Width": 116, "Total Cost": 260248.43}], "Node Type": "Merge Join", "Plan Rows": 143110000, "Join Type": "Inner", "Parent Relationship": "Outer", "Plan Width": 252, "Merge Cond": "(table_0.col_1 = table_55.col_3)", "Total Cost": 2410855.15}, {"Startup Cost": 1092.47, "Plans": [{"Startup Cost": 1092.47, "Plans": [{"Startup Cost": 1092.47, "Plans": [{"Startup Cost": 1092.47, "Plans": [{"Startup Cost": 1092.47, "Plans": [{"Startup Cost": 959.33, "Plans": [{"Startup Cost": 959.33, "Plans": [{"Startup Cost": 728.91, "Plans": [{"Startup Cost": 238.58, "Plans": [{"Startup Cost": 182.0, "Plans": [{"Startup Cost": 182.0, "Plans": [{"Startup Cost": 96.58, "Plans": [{"Startup Cost": 38.04, "Plans": [{"Startup Cost": 0.0, "Node Type": "Seq Scan", "Plan Rows": 510, "Relation Name": "table_42", "Alias": "table_42", "Parent Relationship": "Outer", "Plan Width": 128, "Total Cost": 15.1}], "Sort Key": ["table_42.col_1"], "Plan Rows": 510, "Node Type": "Sort", "Parent Relationship": "Outer", "Plan Width": 128, "Total Cost": 39.31}, {"Startup Cost": 58.54, "Plans": [{"Startup Cost": 0.0, "Node Type": "Seq Scan", "Plan Rows": 830, "Relation Name": "table_41", "Alias": "table_41", "Parent Relationship": "Outer", "Plan Width": 68, "Total Cost": 18.3}], "Sort Key": ["table_41.col_0"], "Plan Rows": 830, "Node Type": "Sort", "Parent Relationship": "Inner", "Plan Width": 68, "Total Cost": 60.62}], "Node Type": "Merge Join", "Plan Rows": 2116, "Join Type": "Inner", "Parent Relationship": "Outer", "Plan Width": 196, "Merge Cond": "(table_42.col_1 = table_41.col_0)", "Total Cost": 130.87}, {"Startup Cost": 85.43, "Plans": [{"Startup Cost": 0.0, "Node Type": "Seq Scan", "Plan Rows": 1230, "Relation Name": "table_57", "Alias": "table_57", "Parent Relationship": "Outer", "Plan Width": 36, "Total Cost": 22.3}], "Sort Key": ["table_57.col_0"], "Plan Rows": 1230, "Node Type": "Sort", "Parent Relationship": "Inner", "Plan Width": 36, "Total Cost": 88.5}], "Node Type": "Merge Join", "Plan Rows": 13013, "Join Type": "Inner", "Parent Relationship": "Outer", "Plan Width": 232, "Merge Cond": "(table_42.col_1 = table_57.col_0)", "Total Cost": 416.78}, {"Startup Cost": 0.0, "Plans": [{"Startup Cost": 0.0, "Node Type": "Seq Scan", "Plan Rows": 620, "Relation Name": "table_12", "Alias": "table_12", "Parent Relationship": "Outer", "Plan Width": 100, "Total Cost": 16.2}], "Plan Rows": 620, "Node Type": "Materialize", "Parent Relationship": "Inner", "Plan Width": 100, "Total Cost": 19.3}], "Node Type": "Nested Loop", "Plan Rows": 8068060, "Join Type": "Inner", "Parent Relationship": "Outer", "Plan Width": 332, "Total Cost": 101285.28}, {"Startup Cost": 56.58, "Plans": [{"Startup Cost": 0.0, "Node Type": "Seq Scan", "Plan Rows": 800, "Relation Name": "table_17", "Alias": "table_17", "Parent Relationship": "Outer", "Plan Width": 72, "Total Cost": 18.0}], "Sort Key": ["table_17.col_2"], "Plan Rows": 800, "Node Type": "Sort", "Parent Relationship": "Inner", "Plan Width": 72, "Total Cost": 58.58}], "Node Type": "Merge Join", "Plan Rows": 161361, "Join Type": "Inner", "Parent Relationship": "Outer", "Plan Width": 404, "Join Filter": "(table_17.col_1 = table_12.col_1)", "Merge Cond": "(table_42.col_1 = table_17.col_2)", "Total Cost": 686276.2}, {"Startup Cost": 490.33, "Plans": [{"Startup Cost": 490.33, "Plans": [{"Startup Cost": 123.19, "Plans": [{"Startup Cost": 0.0, "Node Type": "Seq Scan", "Plan Rows": 1770, "Relation Name": "table_64", "Alias": "table_64", "Parent Relationship": "Outer", "Plan Width": 16, "Total Cost": 27.7}], "Sort Key": ["table_64.col_2"], "Plan Rows": 1770, "Node Type": "Sort", "Parent Relationship": "Outer", "Plan Width": 16, "Total Cost": 127.61}, {"Startup Cost": 367.14, "Plans": [{"Startup Cost": 23.95, "Plans": [{"Startup Cost": 0.0, "Node Type": "Seq Scan", "Plan Rows": 1100, "Relation Name": "table_47", "Alias": "table_47", "Parent Relationship": "Outer", "Plan Width": 44, "Total Cost": 21.0}, {"Startup Cost": 16.2, "Plans": [{"Startup Cost": 0.0, "Node Type": "Seq Scan", "Plan Rows": 620, "Relation Name": "table_10", "Alias": "table_10", "Parent Relationship": "Outer", "Plan Width": 100, "Total Cost": 16.2}], "Plan Rows": 620, "Node Type": "Hash", "Parent Relationship": "Inner", "Plan Width": 100, "Total Cost": 16.2}], "Node Type": "Hash Join", "Plan Rows": 3410, "Join Type": "Inner", "Hash Cond": "(table_47.col_3 = table_10.col_2)", "Parent Relationship": "Outer", "Plan Width": 144, "Total Cost": 167.05}], "Sort Key": ["table_47.col_2"], "Plan Rows": 3410, "Node Type": "Sort", "Parent Relationship": "Inner", "Plan Width": 144, "Total Cost": 375.67}], "Node Type": "Merge Join", "Plan Rows": 30178, "Join Type": "Inner", "Parent Relationship": "Outer", "Plan Width": 160, "Merge Cond": "(table_64.col_2 = table_47.col_2)", "Total Cost": 951.85}], "Plan Rows": 30178, "Node Type": "Materialize", "Parent Relationship": "Inner", "Plan Width": 160, "Total Cost": 1780.74}], "Node Type": "Nested Loop", "Plan Rows": 24347761, "Join Type": "Inner", "Parent Relationship": "Outer", "Plan Width": 564, "Join Filter": "(table_41.col_1 = table_47.col_2)", "Total Cost": 183133345.37}, {"Startup Cost": 230.42, "Plans": [{"Startup Cost": 230.42, "Plans": [{"Startup Cost": 230.42, "Plans": [{"Startup Cost": 230.42, "Plans": [{"Startup Cost": 230.42, "Plans": [{"Startup Cost": 230.42, "Plans": [{"Startup Cost": 230.42, "Plans": [{"Startup Cost": 80.64, "Plans": [{"Startup Cost": 0.0, "Node Type": "Seq Scan", "Plan Rows": 1160, "Relation Name": "table_34", "Alias": "table_34", "Parent Relationship": "Outer", "Plan Width": 40, "Total Cost": 21.6}], "Sort Key": ["table_34.col_2"], "Plan Rows": 1160, "Node Type": "Sort", "Parent Relationship": "Outer", "Plan Width": 40, "Total Cost": 83.54}, {"Startup Cost": 149.78, "Plans": [{"Startup Cost": 0.0, "Node Type": "Seq Scan", "Plan Rows": 2140, "Relation Name": "table_1", "Alias": "table_1", "Parent Relationship": "Outer", "Plan Width": 8, "Total Cost": 31.4}], "Sort Key": ["table_1.col_0"], "Plan Rows": 2140, "Node Type": "Sort", "Parent Relationship": "Inner", "Plan Width": 8, "Total Cost": 155.13}], "Node Type": "Merge Join", "Plan Rows": 12412, "Join Type": "Inner", "Parent Relationship": "Outer", "Plan Width": 48, "Merge Cond": "(table_34.col_2 = table_1.col_0)", "Total Cost": 422.4}, {"Startup Cost": 0.0, "Plans": [{"Startup Cost": 0.0, "Node Type": "Seq Scan", "Plan Rows": 640, "Relation Name": "table_4", "Alias": "table_4", "Parent Relationship": "Outer", "Plan Width": 96, "Total Cost": 16.4}], "Plan Rows": 640, "Node Type": "Materialize", "Parent Relationship": "Inner", "Plan Width": 96, "Total Cost": 19.6}], "Node Type": "Nested Loop", "Plan Rows": 39718, "Join Type": "Inner", "Parent Relationship": "Outer", "Plan Width": 144, "Join Filter": "(table_34.col_0 = table_4.col_1)", "Total Cost": 119595.6}, {"Startup Cost": 0.0, "Plans": [{"Startup Cost": 0.0, "Node Type": "Seq Scan", "Plan Rows": 860, "Relation Name": "table_40", "Alias": "table_40", "Parent Relationship": "Outer", "Plan Width": 64, "Total Cost": 18.6}], "Plan Rows": 860, "Node Type": "Materialize", "Parent Relationship": "Inner", "Plan Width": 64, "Total Cost": 22.9}], "Node Type": "Nested Loop", "Plan Rows": 170787, "Join Type": "Inner", "Parent Relationship": "Outer", "Plan Width": 208, "Join Filter": "(table_40.col_1 = table_34.col_0)", "Total Cost": 631978.55}, {"Startup Cost": 0.0, "Plans": [{"Startup Cost": 0.0, "Node Type": "Seq Scan", "Plan Rows": 800, "Relation Name": "table_15", "Alias": "table_15", "Parent Relationship": "Outer", "Plan Width": 72, "Total Cost": 18.0}], "Plan Rows": 800, "Node Type": "Materialize", "Parent Relationship": "Inner", "Plan Width": 72, "Total Cost": 22.0}], "Node Type": "Nested Loop", "Plan Rows": 683148, "Join Type": "Inner", "Parent Relationship": "Outer", "Plan Width": 280, "Join Filter": "(table_15.col_1 = table_34.col_0)", "Total Cost": 2681442.55}, {"Startup Cost": 0.0, "Plans": [{"Startup Cost": 0.0, "Node Type": "Seq Scan", "Plan Rows": 1160, "Relation Name": "table_22", "Alias": "table_22", "Parent Relationship": "Outer", "Plan Width": 40, "Total Cost": 21.6}], "Plan Rows": 1160, "Node Type": "Materialize", "Parent Relationship": "Inner", "Plan Width": 40, "Total Cost": 27.4}], "Node Type": "Nested Loop", "Plan Rows": 3962258, "Join Type": "Left", "Parent Relationship": "Outer", "Plan Width": 320, "Join Filter": "(table_34.col_1 = table_22.col_0)", "Total Cost": 14568242.25}, {"Startup Cost": 0.0, "Plans": [{"Startup Cost": 0.0, "Node Type": "Seq Scan", "Plan Rows": 800, "Relation Name": "table_61", "Alias": "table_61", "Parent Relationship": "Outer", "Plan Width": 72, "Total Cost": 18.0}], "Plan Rows": 800, "Node Type": "Materialize", "Parent Relationship": "Inner", "Plan Width": 72, "Total Cost": 22.0}], "Node Type": "Nested Loop", "Plan Rows": 3169806400, "Join Type": "Inner", "Parent Relationship": "Outer", "Plan Width": 392, "Total Cost": 54190842.25}, {"Startup Cost": 0.0, "Plans": [{"Startup Cost": 0.0, "Node Type": "Seq Scan", "Plan Rows": 800, "Relation Name": "table_16", "Alias": "table_16", "Parent Relationship": "Outer", "Plan Width": 72, "Total Cost": 18.0}], "Plan Rows": 800, "Node Type": "Materialize", "Parent Relationship": "Inner", "Plan Width": 72, "Total Cost": 22.0}], "Node Type": "Nested Loop", "Plan Rows": 2535845120000, "Join Type": "Inner", "Parent Relationship": "Inner", "Plan Width": 464, "Total Cost": 31752254862.25}], "Node Type": "Nested Loop", "Plan Rows": 7717768864347, "Join Type": "Inner", "Parent Relationship": "Outer", "Plan Width": 1028, "Join Filter": "((table_1.col_0 = table_41.col_1) AND (table_16.col_1 = table_64.col_0) AND (table_61.col_1 = table_10.col_3))", "Total Cost": 1.853583953788914e+18}, {"Startup Cost": 0.0, "Plans": [{"Startup Cost": 0.0, "Node Type": "Seq Scan", "Plan Rows": 1230, "Relation Name": "table_54", "Alias": "table_54", "Parent Relationship": "Outer", "Plan Width": 36, "Total Cost": 22.3}], "Plan Rows": 1230, "Node Type": "Materialize", "Parent Relationship": "Inner", "Plan Width": 36, "Total Cost": 28.45}], "Node Type": "Nested Loop", "Plan Rows": 47464278515734, "Join Type": "Inner", "Parent Relationship": "Outer", "Plan Width": 1064, "Join Filter": "(table_10.col_1 = table_54.col_1)", "Total Cost": 1.853726346624461e+18}, {"Startup Cost": 133.14, "Plans": [{"Startup Cost": 133.14, "Plans": [{"Startup Cost": 56.58, "Plans": [{"Startup Cost": 0.0, "Node Type": "Seq Scan", "Plan Rows": 800, "Relation Name": "table_58", "Alias": "table_58", "Parent Relationship": "Outer", "Plan Width": 72, "Total Cost": 18.0}], "Sort Key": ["table_58.col_0"], "Plan Rows": 800, "Node Type": "Sort", "Parent Relationship": "Outer", "Plan Width": 72, "Total Cost": 58.58}, {"Startup Cost": 76.57, "Plans": [{"Startup Cost": 0.0, "Node Type": "Seq Scan", "Plan Rows": 1100, "Relation Name": "table_27", "Alias": "table_27", "Parent Relationship": "Outer", "Plan Width": 44, "Total Cost": 21.0}], "Sort Key": ["table_27.col_0"], "Plan Rows": 1100, "Node Type": "Sort", "Parent Relationship": "Inner", "Plan Width": 44, "Total Cost": 79.32}], "Node Type": "Merge Join", "Plan Rows": 4400, "Join Type": "Inner", "Parent Relationship": "Outer", "Plan Width": 116, "Merge Cond": "(table_58.col_0 = table_27.col_0)", "Total Cost": 203.14}], "Plan Rows": 4400, "Node Type": "Materialize", "Parent Relationship": "Inner", "Plan Width": 116, "Total Cost": 225.14}], "Node Type": "Nested Loop", "Plan Rows": 1044214127346148, "Join Type": "Inner", "Parent Relationship": "Outer", "Plan Width": 1180, "Join Filter": "(table_42.col_0 = table_58.col_3)", "Total Cost": 1.8568589890064996e+18}, {"Startup Cost": 0.0, "Plans": [{"Startup Cost": 0.0, "Node Type": "Seq Scan", "Plan Rows": 1230, "Relation Name": "table_3", "Alias": "table_3", "Parent Relationship": "Outer", "Plan Width": 36, "Total Cost": 22.3}], "Plan Rows": 1230, "Node Type": "Materialize", "Parent Relationship": "Inner", "Plan Width": 36, "Total Cost": 28.45}], "Node Type": "Nested Loop", "Plan Rows": 6421916883178810, "Join Type": "Left", "Parent Relationship": "Outer", "Plan Width": 1216, "Join Filter": "(table_1.col_1 = table_3.col_0)", "Total Cost": 1.876124739656036e+18}, {"Startup Cost": 0.0, "Plans": [{"Startup Cost": 0.0, "Node Type": "Seq Scan", "Plan Rows": 1940, "Relation Name": "table_9", "Alias": "table_9", "Parent Relationship": "Outer", "Plan Width": 12, "Total Cost": 29.4}], "Plan Rows": 1940, "Node Type": "Materialize", "Parent Relationship": "Inner", "Plan Width": 12, "Total Cost": 39.1}], "Node Type": "Nested Loop", "Plan Rows": 62292593766834456, "Join Type": "Left", "Parent Relationship": "Outer", "Plan Width": 1228, "Join Filter": "(table_15.col_2 = table_9.col_1)", "Total Cost": 2.0630025209565396e+18}, {"Startup Cost": 0.0, "Plans": [{"Startup Cost": 0.0, "Node Type": "Seq Scan", "Plan Rows": 1100, "Relation Name": "table_60", "Alias": "table_60", "Parent Relationship": "Outer", "Plan Width": 44, "Total Cost": 21.0}], "Plan Rows": 1100, "Node Type": "Materialize", "Parent Relationship": "Inner", "Plan Width": 44, "Total Cost": 26.5}], "Node Type": "Nested Loop", "Plan Rows": 342609265717589504, "Join Type": "Left", "Parent Relationship": "Outer", "Plan Width": 1272, "Join Filter": "(table_9.col_2 = table_60.col_1)", "Total Cost": 3.0908303181093084e+18}], "Plan Rows": 342609265717589504, "Node Type": "Materialize", "Parent Relationship": "Inner", "Plan Width": 1272, "Total Cost": 3.0916868412736026e+18}], "Node Type": "Merge Join", "Plan Rows": 245154060084221191389184, "Join Type": "Inner", "Parent Relationship": "Outer", "Plan Width": 1524, "Merge Cond": "(table_0.col_1 = table_42.col_1)", "Total Cost": 3.68040173158143e+21}, {"Startup Cost": 143.97, "Plans": [{"Startup Cost": 143.97, "Plans": [{"Startup Cost": 58.54, "Plans": [{"Startup Cost": 0.0, "Node Type": "Seq Scan", "Plan Rows": 830, "Relation Name": "table_18", "Alias": "table_18", "Parent Relationship": "Outer", "Plan Width": 68, "Total Cost": 18.3}], "Sort Key": ["table_18.col_2"], "Plan Rows": 830, "Node Type": "Sort", "Parent Relationship": "Outer", "Plan Width": 68, "Total Cost": 60.62}, {"Startup Cost": 85.43, "Plans": [{"Startup Cost": 0.0, "Node Type": "Seq Scan", "Plan Rows": 1230, "Relation Name": "table_59", "Alias": "table_59", "Parent Relationship": "Outer", "Plan Width": 36, "Total Cost": 22.3}], "Sort Key": ["table_59.col_0"], "Plan Rows": 1230, "Node Type": "Sort", "Parent Relationship": "Inner", "Plan Width": 36, "Total Cost": 88.5}], "Node Type": "Merge Join", "Plan Rows": 5104, "Join Type": "Inner", "Parent Relationship": "Outer", "Plan Width": 104, "Merge Cond": "(table_18.col_2 = table_59.col_0)", "Total Cost": 224.68}], "Plan Rows": 5104, "Node Type": "Materialize", "Parent Relationship": "Inner", "Plan Width": 104, "Total Cost": 250.2}], "Node Type": "Nested Loop", "Plan Rows": 1251266322669865039770419200, "Join Type": "Inner", "Parent Relationship": "Outer", "Plan Width": 1628, "Total Cost": 1.5644509435104895e+25}, {"Startup Cost": 18.0, "Plans": [{"Startup Cost": 0.0, "Node Type": "Seq Scan", "Plan Rows": 800, "Relation Name": "table_51", "Alias": "table_51", "Parent Relationship": "Outer", "Plan Width": 72, "Total Cost": 18.0}], "Plan Rows": 800, "Node Type": "Hash", "Parent Relationship": "Inner", "Plan Width": 72, "Total Cost": 18.0}], "Node Type": "Hash Join", "Plan Rows": 5005065290679460159081676800, "Join Type": "Left", "Hash Cond": "(table_42.col_3 = table_51.col_1)", "Parent Relationship": "Outer", "Plan Width": 1700, "Total Cost": 1.9394996041556068e+26}, {"Startup Cost": 22.3, "Plans": [{"Startup Cost": 0.0, "Node Type": "Seq Scan", "Plan Rows": 1230, "Relation Name": "table_30", "Alias": "table_30", "Parent Relationship": "Outer", "Plan Width": 36, "Total Cost": 22.3}], "Plan Rows": 1230, "Node Type": "Hash", "Parent Relationship": "Inner", "Plan Width": 36, "Total Cost": 22.3}], "Node Type": "Hash Join", "Plan Rows": 30781151537678681627619753984, "Join Type": "Left", "Hash Cond": "(table_34.col_2 = table_30.col_1)", "Parent Relationship": "Outer", "Plan Width": 1736, "Total Cost": 1.283802927461013e+27}], "Sort Key": ["table_46.col_1", "table_42.col_0", "table_18.col_2", "table_24.col_1", "table_17.col_3"], "Plan Rows": 30781151537678681627619753984, "Node Type": "Sort", "Parent Relationship": "Outer", "Plan Width": 1736, "Total Cost": 7.797432282676235e+29}], "Plan Rows": 30781151537678681627619753984, "Node Type": "Materialize", "Parent Relationship": "Inner", "Plan Width": 1736, "Total Cost": 7.798201811464678e+29}], "Node Type": "Merge Join", "Plan Rows": 7556263034492973965585314169749504, "Join Type": "Inner", "Parent Relationship": "Outer", "Plan Width": 2696, "Merge Cond": "((table_25.col_0 = table_46.col_1) AND (table_21.col_2 = table_42.col_0) AND (table_26.col_1 = table_18.col_2) AND (table_56.col_1 = table_24.col_1) AND (table_37.col_1 = table_17.col_3))", "Total Cost": 1.896863190905926e+32}, {"Startup Cost": 56.58, "Plans": [{"Startup Cost": 0.0, "Node Type": "Seq Scan", "Plan Rows": 800, "Relation Name": "table_28", "Alias": "table_28", "Parent Relationship": "Outer", "Plan Width": 72, "Total Cost": 18.0}], "Sort Key": ["table_28.col_0"], "Plan Rows": 800, "Node Type": "Sort", "Parent Relationship": "Inner", "Plan Width": 72, "Total Cost": 58.58}], "Node Type": "Merge Join", "Plan Rows": 30225052137971895862341256678998016, "Join Type": "Left", "Parent Relationship": "Outer", "Plan Width": 2768, "Merge Cond": "(table_25.col_0 = table_28.col_0)", "Total Cost": 6.619527587464036e+32}, {"Startup Cost": 119946471586910.8, "Plans": [{"Startup Cost": 119946471586910.8, "Plans": [{"Startup Cost": 915.73, "Plans": [{"Startup Cost": 915.73, "Plans": [{"Startup Cost": 857.58, "Plans": [{"Startup Cost": 250.65, "Plans": [{"Startup Cost": 222.65, "Plans": [{"Startup Cost": 80.64, "Plans": [{"Startup Cost": 0.0, "Node Type": "Seq Scan", "Plan Rows": 1160, "Relation Name": "table_53", "Alias": "table_53", "Parent Relationship": "Outer", "Plan Width": 40, "Total Cost": 21.6}], "Sort Key": ["table_53.col_0"], "Plan Rows": 1160, "Node Type": "Sort", "Parent Relationship": "Outer", "Plan Width": 40, "Total Cost": 83.54}, {"Startup Cost": 142.0, "Plans": [{"Startup Cost": 142.0, "Plans": [{"Startup Cost": 56.58, "Plans": [{"Startup Cost": 0.0, "Node Type": "Seq Scan", "Plan Rows": 800, "Relation Name": "table_51", "Alias": "table_51_1", "Parent Relationship": "Outer", "Plan Width": 72, "Total Cost": 18.0}], "Sort Key": ["table_51_1.col_2"], "Plan Rows": 800, "Node Type": "Sort", "Parent Relationship": "Outer", "Plan Width": 72, "Total Cost": 58.58}, {"Startup Cost": 85.43, "Plans": [{"Startup Cost": 0.0, "Node Type": "Seq Scan", "Plan Rows": 1230, "Relation Name": "table_0", "Alias": "table_0_2", "Parent Relationship": "Outer", "Plan Width": 36, "Total Cost": 22.3}], "Sort Key": ["table_0_2.col_0"], "Plan Rows": 1230, "Node Type": "Sort", "Parent Relationship": "Inner", "Plan Width": 36, "Total Cost": 88.5}], "Node Type": "Merge Join", "Plan Rows": 4920, "Join Type": "Inner", "Parent Relationship": "Outer", "Plan Width": 108, "Merge Cond": "(table_51_1.col_2 = table_0_2.col_0)", "Total Cost": 219.8}], "Plan Rows": 4920, "Node Type": "Materialize", "Parent Relationship": "Inner", "Plan Width": 108, "Total Cost": 232.1}], "Node Type": "Merge Join", "Plan Rows": 28536, "Join Type": "Right", "Parent Relationship": "Outer", "Plan Width": 148, "Merge Cond": "(table_53.col_0 = table_0_2.col_0)", "Total Cost": 734.29}, {"Startup Cost": 18.0, "Plans": [{"Startup Cost": 0.0, "Node Type": "Seq Scan", "Plan Rows": 800, "Relation Name": "table_61", "Alias": "table_61_1", "Parent Relationship": "Outer", "Plan Width": 72, "Total Cost": 18.0}], "Plan Rows": 800, "Node Type": "Hash", "Parent Relationship": "Inner", "Plan Width": 72, "Total Cost": 18.0}], "Node Type": "Hash Join", "Plan Rows": 114144, "Join Type": "Right", "Hash Cond": "(table_0_2.col_1 = table_61_1.col_1)", "Parent Relationship": "Outer", "Plan Width": 220, "Total Cost": 4828.67}, {"Startup Cost": 606.93, "Plans": [{"Startup Cost": 606.93, "Plans": [{"Startup Cost": 85.43, "Plans": [{"Startup Cost": 0.0, "Node Type": "Seq Scan", "Plan Rows": 1230, "Relation Name": "table_59", "Alias": "table_59_1", "Parent Relationship": "Outer", "Plan Width": 36, "Total Cost": 22.3}], "Sort Key": ["table_59_1.col_1"], "Plan Rows": 1230, "Node Type": "Sort", "Parent Relationship": "Outer", "Plan Width": 36, "Total Cost": 88.5}, {"Startup Cost": 521.51, "Plans": [{"Startup Cost": 142.0, "Plans": [{"Startup Cost": 56.58, "Plans": [{"Startup Cost": 0.0, "Node Type": "Seq Scan", "Plan Rows": 800, "Relation Name": "table_48", "Alias": "table_48_1", "Parent Relationship": "Outer", "Plan Width": 72, "Total Cost": 18.0}], "Sort Key": ["table_48_1.col_0"], "Plan Rows": 800, "Node Type": "Sort", "Parent Relationship": "Outer", "Plan Width": 72, "Total Cost": 58.58}, {"Startup Cost": 85.43, "Plans": [{"Startup Cost": 0.0, "Node Type": "Seq Scan", "Plan Rows": 1230, "Relation Name": "table_0", "Alias": "table_0_1", "Parent Relationship": "Outer", "Plan Width": 36, "Total Cost": 22.3}], "Sort Key": ["table_0_1.col_1"], "Plan Rows": 1230, "Node Type": "Sort", "Parent Relationship": "Inner", "Plan Width": 36, "Total Cost": 88.5}], "Node Type": "Merge Join", "Plan Rows": 4920, "Join Type": "Inner", "Parent Relationship": "Outer", "Plan Width": 108, "Merge Cond": "(table_48_1.col_0 = table_0_1.col_1)", "Total Cost": 219.8}], "Sort Key": ["table_0_1.col_0"], "Plan Rows": 4920, "Node Type": "Sort", "Parent Relationship": "Inner", "Plan Width": 108, "Total Cost": 533.81}], "Node Type": "Merge Join", "Plan Rows": 30258, "Join Type": "Left", "Parent Relationship": "Outer", "Plan Width": 144, "Merge Cond": "(table_59_1.col_1 = table_0_1.col_0)", "Total Cost": 1066.95}], "Plan Rows": 30258, "Node Type": "Materialize", "Parent Relationship": "Inner", "Plan Width": 144, "Total Cost": 1839.24}], "Node Type": "Nested Loop", "Plan Rows": 3453769152, "Join Type": "Inner", "Parent Relationship": "Outer", "Plan Width": 364, "Total Cost": 114061509.66}, {"Startup Cost": 31.4, "Plans": [{"Startup Cost": 0.0, "Node Type": "Seq Scan", "Plan Rows": 2140, "Relation Name": "table_29", "Alias": "table_29", "Parent Relationship": "Outer", "Plan Width": 8, "Total Cost": 31.4}], "Plan Rows": 2140, "Node Type": "Hash", "Parent Relationship": "Inner", "Plan Width": 8, "Total Cost": 31.4}], "Node Type": "Hash Join", "Plan Rows": 36955329926, "Join Type": "Left", "Hash Cond": "(table_0_1.col_0 = table_29.col_1)", "Parent Relationship": "Outer", "Plan Width": 372, "Total Cost": 1416132538.11}, {"Startup Cost": 0.0, "Plans": [{"Startup Cost": 0.0, "Node Type": "Seq Scan", "Plan Rows": 1230, "Relation Name": "table_7", "Alias": "table_7", "Parent Relationship": "Outer", "Plan Width": 36, "Total Cost": 22.3}], "Plan Rows": 1230, "Node Type": "Materialize", "Parent Relationship": "Inner", "Plan Width": 36, "Total Cost": 28.45}], "Node Type": "Nested Loop", "Plan Rows": 45455055808980, "Join Type": "Inner", "Parent Relationship": "Outer", "Plan Width": 408, "Total Cost": 569604330175.74}], "Sort Key": ["table_7.col_1"], "Plan Rows": 45455055808980, "Node Type": "Sort", "Parent Relationship": "Outer", "Plan Width": 408, "Total Cost": 120060109226433.25}], "Plan Rows": 45455055808980, "Node Type": "Materialize", "Parent Relationship": "Inner", "Plan Width": 408, "Total Cost": 120173746865955.7}], "Node Type": "Merge Join", "Plan Rows": 6869407158804213933918334922454799818860527616, "Join Type": "Inner", "Parent Relationship": "Outer", "Plan Width": 3176, "Merge Cond": "(table_46.col_1 = table_7.col_1)", "Total Cost": 1.0304110738280072e+44}, {"Startup Cost": 21.6, "Plans": [{"Startup Cost": 0.0, "Node Type": "Seq Scan", "Plan Rows": 1160, "Relation Name": "table_50", "Alias": "table_50", "Parent Relationship": "Outer", "Plan Width": 40, "Total Cost": 21.6}], "Plan Rows": 1160, "Node Type": "Hash", "Parent Relationship": "Inner", "Plan Width": 40, "Total Cost": 21.6}], "Plan Rows": 39842561521064441070256462595883719248731701248, "Node Type": "Hash Join", "Join Type": "Right", "Hash Cond": "(table_61.col_0 = table_50.col_2)", "Plan Width": 3216, "Total Cost": 1.5147042785170666e+45}}]