[{"Plan": {"Startup Cost": 1.2078393225500898e+34, "Plans": [{"Startup Cost": 1.2078393225500898e+34, "Plans": [{"Startup Cost": 1.2078393225499373e+34, "Plans": [{"Startup Cost": 2.497458506159493e+25, "Plans": [{"Startup Cost": 85.43, "Plans": [{"Startup Cost": 0.0, "Node Type": "Seq Scan", "Plan Rows": 1230, "Relation Name": "table_7", "Alias": "table_7", "Parent Relationship": "Outer", "Plan Width": 36, "Total Cost": 22.3}], "Sort Key": ["table_7.col_1"], "Plan Rows": 1230, "Node Type": "Sort", "Parent Relationship": "Outer", "Plan Width": 36, "Total Cost": 88.5}, {"Startup Cost": 2.497458506159493e+25, "Plans": [{"Startup Cost": 2.497458506159493e+25, "Plans": [{"Startup Cost": 2.497458495610515e+25, "Plans": [{"Startup Cost": 2.4951174958788532e+25, "Plans": [{"Startup Cost": 2.4951174958788532e+25, "Plans": [{"Startup Cost": 1610347421771231.2, "Plans": [{"Startup Cost": 1610347421771203.2, "Plans": [{"Startup Cost": 1610347421770736.0, "Plans": [{"Startup Cost": 1608141297034379.0, "Plans": [{"Startup Cost": 890.69, "Plans": [{"Startup Cost": 862.69, "Plans": [{"Startup Cost": 862.69, "Plans": [{"Startup Cost": 838.29, "Plans": [{"Startup Cost": 838.29, "Plans": [{"Startup Cost": 60.52, "Plans": [{"Startup Cost": 0.0, "Node Type": "Seq Scan", "Plan Rows": 860, "Relation Name": "table_25", "Alias": "table_25", "Parent Relationship": "Outer", "Plan Width": 64, "Total Cost": 18.6}], "Sort Key": ["table_25.col_0"], "Plan Rows": 860, "Node Type": "Sort", "Parent Relationship": "Outer", "Plan Width": 64, "Total Cost": 62.67}, {"Startup Cost": 777.77, "Plans": [{"Startup Cost": 170.85, "Plans": [{"Startup Cost": 85.43, "Plans": [{"Startup Cost": 0.0, "Node Type": "Seq Scan", "Plan Rows": 1230, "Relation Name": "table_0", "Alias": "table_0", "Parent Relationship": "Outer", "Plan Width": 36, "Total Cost": 22.3}], "Sort Key": ["table_0.col_0"], "Plan Rows": 1230, "Node Type": "Sort", "Parent Relationship": "Outer", "Plan Width": 36, "Total Cost": 88.5}, {"Startup Cost": 85.43, "Plans": [{"Startup Cost": 0.0, "Node Type": "Seq Scan", "Plan Rows": 1230, "Relation Name": "table_46", "Alias": "table_46", "Parent Relationship": "Outer", "Plan Width": 36, "Total Cost": 22.3}], "Sort Key": ["table_46.col_0"], "Plan Rows": 1230, "Node Type": "Sort", "Parent Relationship": "Inner", "Plan Width": 36, "Total Cost": 88.5}], "Node Type": "Merge Join", "Plan Rows": 7564, "Join Type": "Inner", "Parent Relationship": "Outer", "Plan Width": 72, "Merge Cond": "(table_0.col_0 = table_46.col_0)", "Total Cost": 290.46}], "Sort Key": ["table_46.col_1"], "Plan Rows": 7564, "Node Type": "Sort", "Parent Relationship": "Inner", "Plan Width": 72, "Total Cost": 796.68}], "Node Type": "Merge Join", "Plan Rows": 32525, "Join Type": "Inner", "Parent Relationship": "Outer", "Plan Width": 136, "Merge Cond": "(table_25.col_0 = table_46.col_1)", "Total Cost": 1330.46}, {"Startup Cost": 0.0, "Plans": [{"Startup Cost": 0.0, "Node Type": "Seq Scan", "Plan Rows": 800, "Relation Name": "table_61", "Alias": "table_61", "Parent Relationship": "Outer", "Plan Width": 72, "Total Cost": 18.0}], "Plan Rows": 800, "Node Type": "Materialize", "Parent Relationship": "Inner", "Plan Width": 72, "Total Cost": 22.0}], "Node Type": "Nested Loop", "Plan Rows": 26020000, "Join Type": "Inner", "Parent Relationship": "Outer", "Plan Width": 208, "Total Cost": 326600.46}, {"Startup Cost": 24.4, "Plans": [{"Startup Cost": 24.4, "Plans": [{"Startup Cost": 0.0, "Node Type": "Seq Scan", "Plan Rows": 800, "Relation Name": "table_58", "Alias": "table_58", "Parent Relationship": "Outer", "Plan Width": 72, "Total Cost": 18.0}, {"Startup Cost": 16.4, "Plans": [{"Startup Cost": 0.0, "Node Type": "Seq Scan", "Plan Rows": 640, "Relation Name": "table_39", "Alias": "table_39", "Parent Relationship": "Outer", "Plan Width": 96, "Total Cost": 16.4}], "Plan Rows": 640, "Node Type": "Hash", "Parent Relationship": "Inner", "Plan Width": 96, "Total Cost": 16.4}], "Node Type": "Hash Join", "Plan Rows": 2560, "Join Type": "Inner", "Hash Cond": "(table_58.col_3 = table_39.col_0)", "Parent Relationship": "Outer", "Plan Width": 168, "Total Cost": 134.0}], "Plan Rows": 2560, "Node Type": "Materialize", "Parent Relationship": "Inner", "Plan Width": 168, "Total Cost": 146.8}], "Node Type": "Nested Loop", "Plan Rows": 66611200000, "Join Type": "Inner", "Parent Relationship": "Outer", "Plan Width": 376, "Total Cost": 832966740.86}, {"Startup Cost": 0.0, "Plans": [{"Startup Cost": 0.0, "Node Type": "Seq Scan", "Plan Rows": 1770, "Relation Name": "table_64", "Alias": "table_64", "Parent Relationship": "Outer", "Plan Width": 16, "Total Cost": 27.7}], "Plan Rows": 1770, "Node Type": "Materialize", "Parent Relationship": "Inner", "Plan Width": 16, "Total Cost": 36.55}], "Node Type": "Nested Loop", "Plan Rows": 117901824000000, "Join Type": "Inner", "Parent Relationship": "Outer", "Plan Width": 392, "Total Cost": 1474605766772.99}, {"Startup Cost": 18.0, "Plans": [{"Startup Cost": 0.0, "Node Type": "Seq Scan", "Plan Rows": 800, "Relation Name": "table_55", "Alias": "table_55", "Parent Relationship": "Outer", "Plan Width": 72, "Total Cost": 18.0}], "Plan Rows": 800, "Node Type": "Hash", "Parent Relationship": "Inner", "Plan Width": 72, "Total Cost": 18.0}], "Node Type": "Hash Join", "Plan Rows": 471607296000000, "Join Type": "Inner", "Hash Cond": "(table_0.col_1 = table_55.col_3)", "Parent Relationship": "Outer", "Plan Width": 464, "Total Cost": 18275615686800.99}], "Sort Key": ["table_58.col_0"], "Plan Rows": 471607296000000, "Node Type": "Sort", "Parent Relationship": "Outer", "Plan Width": 464, "Total Cost": 1609320315274379.0}, {"Startup Cost": 2206124736356.97, "Plans": [{"Startup Cost": 2206124736356.97, "Plans": [{"Startup Cost": 282378424.68, "Plans": [{"Startup Cost": 221511.05, "Plans": [{"Startup Cost": 0.0, "Plans": [{"Startup Cost": 0.0, "Node Type": "Seq Scan", "Plan Rows": 1100, "Relation Name": "table_27", "Alias": "table_27", "Parent Relationship": "Outer", "Plan Width": 44, "Total Cost": 21.0}, {"Startup Cost": 0.0, "Plans": [{"Startup Cost": 0.0, "Node Type": "Seq Scan", "Plan Rows": 620, "Relation Name": "table_49", "Alias": "table_49", "Parent Relationship": "Outer", "Plan Width": 100, "Total Cost": 16.2}], "Plan Rows": 620, "Node Type": "Materialize", "Parent Relationship": "Inner", "Plan Width": 100, "Total Cost": 19.3}], "Node Type": "Nested Loop", "Plan Rows": 682000, "Join Type": "Inner", "Parent Relationship": "Outer", "Plan Width": 144, "Total Cost": 8563.75}], "Sort Key": ["table_49.col_2"], "Plan Rows": 682000, "Node Type": "Sort", "Parent Relationship": "Outer", "Plan Width": 144, "Total Cost": 223216.05}, {"Startup Cost": 282156913.63, "Plans": [{"Startup Cost": 282156913.63, "Plans": [{"Startup Cost": 4127.23, "Plans": [{"Startup Cost": 123.46, "Plans": [{"Startup Cost": 123.46, "Plans": [{"Startup Cost": 38.04, "Plans": [{"Startup Cost": 0.0, "Node Type": "Seq Scan", "Plan Rows": 510, "Relation Name": "table_23", "Alias": "table_23", "Parent Relationship": "Outer", "Plan Width": 128, "Total Cost": 15.1}], "Sort Key": ["table_23.col_0"], "Plan Rows": 510, "Node Type": "Sort", "Parent Relationship": "Outer", "Plan Width": 128, "Total Cost": 39.31}, {"Startup Cost": 85.43, "Plans": [{"Startup Cost": 0.0, "Node Type": "Seq Scan", "Plan Rows": 1230, "Relation Name": "table_8", "Alias": "table_8", "Parent Relationship": "Outer", "Plan Width": 36, "Total Cost": 22.3}], "Sort Key": ["table_8.col_0"], "Plan Rows": 1230, "Node Type": "Sort", "Parent Relationship": "Inner", "Plan Width": 36, "Total Cost": 88.5}], "Node Type": "Merge Join", "Plan Rows": 3136, "Join Type": "Left", "Parent Relationship": "Outer", "Plan Width": 164, "Merge Cond": "(table_23.col_0 = table_8.col_0)", "Total Cost": 173.05}, {"Startup Cost": 0.0, "Plans": [{"Startup Cost": 0.0, "Node Type": "Seq Scan", "Plan Rows": 620, "Relation Name": "table_12", "Alias": "table_12", "Parent Relationship": "Outer", "Plan Width": 100, "Total Cost": 16.2}], "Plan Rows": 620, "Node Type": "Materialize", "Parent Relationship": "Inner", "Plan Width": 100, "Total Cost": 19.3}], "Node Type": "Nested Loop", "Plan Rows": 1944320, "Join Type": "Inner", "Parent Relationship": "Outer", "Plan Width": 264, "Total Cost": 24494.8}, {"Startup Cost": 4003.77, "Plans": [{"Startup Cost": 4003.77, "Plans": [{"Startup Cost": 204.49, "Plans": [{"Startup Cost": 60.52, "Plans": [{"Startup Cost": 0.0, "Node Type": "Seq Scan", "Plan Rows": 860, "Relation Name": "table_44", "Alias": "table_44", "Parent Relationship": "Outer", "Plan Width": 64, "Total Cost": 18.6}], "Sort Key": ["table_44.col_1"], "Plan Rows": 860, "Node Type": "Sort", "Parent Relationship": "Outer", "Plan Width": 64, "Total Cost": 62.67}, {"Startup Cost": 143.97, "Plans": [{"Startup Cost": 143.97, "Plans": [{"Startup Cost": 58.54, "Plans": [{"Startup Cost": 0.0, "Node Type": "Seq Scan", "Plan Rows": 830, "Relation Name": "table_18", "Alias": "table_18", "Parent Relationship": "Outer", "Plan Width": 68, "Total Cost": 18.3}], "Sort Key": ["table_18.col_2"], "Plan Rows": 830, "Node Type": "Sort", "Parent Relationship": "Outer", "Plan Width": 68, "Total Cost": 60.62}, {"Startup Cost": 85.43, "Plans": [{"Startup Cost": 0.0, "Node Type": "Seq Scan", "Plan Rows": 1230, "Relation Name": "table_59", "Alias": "table_59", "Parent Relationship": "Outer", "Plan Width": 36, "Total Cost": 22.3}], "Sort Key": ["table_59.col_0"], "Plan Rows": 1230, "Node Type": "Sort", "Parent Relationship": "Inner", "Plan Width": 36, "Total Cost": 88.5}], "Node Type": "Merge Join", "Plan Rows": 5104, "Join Type": "Inner", "Parent Relationship": "Outer", "Plan Width": 104, "Merge Cond": "(table_18.col_2 = table_59.col_0)", "Total Cost": 224.68}], "Plan Rows": 5104, "Node Type": "Materialize", "Parent Relationship": "Inner", "Plan Width": 104, "Total Cost": 237.44}], "Node Type": "Merge Join", "Plan Rows": 21947, "Join Type": "Inner", "Parent Relationship": "Outer", "Plan Width": 168, "Merge Cond": "(table_44.col_1 = table_18.col_2)", "Total Cost": 618.7}], "Sort Key": ["table_44.col_0"], "Plan Rows": 21947, "Node Type": "Sort", "Parent Relationship": "Outer", "Plan Width": 168, "Total Cost": 4058.64}], "Plan Rows": 21947, "Node Type": "Materialize", "Parent Relationship": "Inner", "Plan Width": 168, "Total Cost": 4113.51}], "Node Type": "Merge Join", "Plan Rows": 213359955, "Join Type": "Inner", "Parent Relationship": "Outer", "Plan Width": 432, "Merge Cond": "(table_23.col_0 = table_44.col_0)", "Total Cost": 3233813.56}], "Sort Key": ["table_23.col_2"], "Plan Rows": 213359955, "Node Type": "Sort", "Parent Relationship": "Outer", "Plan Width": 432, "Total Cost": 282690313.52}], "Plan Rows": 213359955, "Node Type": "Materialize", "Parent Relationship": "Inner", "Plan Width": 432, "Total Cost": 283223713.41}], "Node Type": "Merge Join", "Plan Rows": 727557446550, "Join Type": "Inner", "Parent Relationship": "Outer", "Plan Width": 576, "Merge Cond": "(table_49.col_2 = table_23.col_2)", "Total Cost": 11196276932.81}], "Sort Key": ["table_27.col_0"], "Plan Rows": 727557446550, "Node Type": "Sort", "Parent Relationship": "Outer", "Plan Width": 576, "Total Cost": 2207943629973.34}], "Plan Rows": 727557446550, "Node Type": "Materialize", "Parent Relationship": "Inner", "Plan Width": 576, "Total Cost": 2209762523589.72}], "Node Type": "Merge Join", "Plan Rows": 1715607000260550164742144, "Join Type": "Inner", "Parent Relationship": "Outer", "Plan Width": 1040, "Merge Cond": "(table_58.col_0 = table_27.col_0)", "Total Cost": 2.5734106616615527e+22}, {"Startup Cost": 338.75, "Plans": [{"Startup Cost": 206.35, "Plans": [{"Startup Cost": 56.58, "Plans": [{"Startup Cost": 0.0, "Node Type": "Seq Scan", "Plan Rows": 800, "Relation Name": "table_17", "Alias": "table_17", "Parent Relationship": "Outer", "Plan Width": 72, "Total Cost": 18.0}], "Sort Key": ["table_17.col_3"], "Plan Rows": 800, "Node Type": "Sort", "Parent Relationship": "Outer", "Plan Width": 72, "Total Cost": 58.58}, {"Startup Cost": 149.78, "Plans": [{"Startup Cost": 0.0, "Node Type": "Seq Scan", "Plan Rows": 2140, "Relation Name": "table_37", "Alias": "table_37", "Parent Relationship": "Outer", "Plan Width": 8, "Total Cost": 31.4}], "Sort Key": ["table_37.col_1"], "Plan Rows": 2140, "Node Type": "Sort", "Parent Relationship": "Inner", "Plan Width": 8, "Total Cost": 155.13}], "Node Type": "Merge Join", "Plan Rows": 8560, "Join Type": "Inner", "Parent Relationship": "Outer", "Plan Width": 80, "Merge Cond": "(table_17.col_3 = table_37.col_1)", "Total Cost": 338.75}], "Plan Rows": 8560, "Node Type": "Hash", "Parent Relationship": "Inner", "Plan Width": 80, "Total Cost": 338.75}], "Node Type": "Hash Join", "Plan Rows": 367139898055757752434688, "Join Type": "Inner", "Hash Cond": "((table_0.col_1 = table_17.col_2) AND (table_12.col_1 = table_17.col_1))", "Parent Relationship": "Outer", "Plan Width": 1120, "Total Cost": 3.7093825211560536e+24}, {"Startup Cost": 18.0, "Plans": [{"Startup Cost": 0.0, "Node Type": "Seq Scan", "Plan Rows": 800, "Relation Name": "table_28", "Alias": "table_28", "Parent Relationship": "Outer", "Plan Width": 72, "Total Cost": 18.0}], "Plan Rows": 800, "Node Type": "Hash", "Parent Relationship": "Inner", "Plan Width": 72, "Total Cost": 18.0}], "Node Type": "Hash Join", "Plan Rows": 1468559592223031009738752, "Join Type": "Left", "Hash Cond": "(table_25.col_0 = table_28.col_0)", "Parent Relationship": "Outer", "Plan Width": 1192, "Total Cost": 3.7616999566289993e+24}], "Sort Key": ["table_39.col_0", "table_64.col_2", "table_17.col_2", "table_44.col_1", "table_61.col_1"], "Plan Rows": 1468559592223031009738752, "Node Type": "Sort", "Parent Relationship": "Outer", "Plan Width": 1192, "Total Cost": 2.495484635776909e+25}, {"Startup Cost": 25399086.21, "Plans": [{"Startup Cost": 25399086.21, "Plans": [{"Startup Cost": 207.93, "Plans": [{"Startup Cost": 170.25, "Plans": [{"Startup Cost": 146.3, "Plans": [{"Startup Cost": 118.3, "Plans": [{"Startup Cost": 80.62, "Plans": [{"Startup Cost": 45.88, "Plans": [{"Startup Cost": 21.48, "Plans": [{"Startup Cost": 0.0, "Node Type": "Seq Scan", "Plan Rows": 830, "Relation Name": "table_41", "Alias": "table_41", "Parent Relationship": "Outer", "Plan Width": 68, "Total Cost": 18.3}, {"Startup Cost": 15.1, "Plans": [{"Startup Cost": 0.0, "Node Type": "Seq Scan", "Plan Rows": 510, "Relation Name": "table_42", "Alias": "table_42", "Parent Relationship": "Outer", "Plan Width": 128, "Total Cost": 15.1}], "Plan Rows": 510, "Node Type": "Hash", "Parent Relationship": "Inner", "Plan Width": 128, "Total Cost": 15.1}], "Node Type": "Hash Join", "Plan Rows": 2116, "Join Type": "Inner", "Hash Cond": "(table_41.col_0 = table_42.col_1)", "Parent Relationship": "Outer", "Plan Width": 196, "Total Cost": 115.92}, {"Startup Cost": 16.4, "Plans": [{"Startup Cost": 0.0, "Node Type": "Seq Scan", "Plan Rows": 640, "Relation Name": "table_26", "Alias": "table_26", "Parent Relationship": "Outer", "Plan Width": 96, "Total Cost": 16.4}], "Plan Rows": 640, "Node Type": "Hash", "Parent Relationship": "Inner", "Plan Width": 96, "Total Cost": 16.4}], "Node Type": "Hash Join", "Plan Rows": 6771, "Join Type": "Inner", "Hash Cond": "(table_42.col_0 = table_26.col_2)", "Parent Relationship": "Outer", "Plan Width": 292, "Total Cost": 382.6}, {"Startup Cost": 21.0, "Plans": [{"Startup Cost": 0.0, "Node Type": "Seq Scan", "Plan Rows": 1100, "Relation Name": "table_47", "Alias": "table_47", "Parent Relationship": "Outer", "Plan Width": 44, "Total Cost": 21.0}], "Plan Rows": 1100, "Node Type": "Hash", "Parent Relationship": "Inner", "Plan Width": 44, "Total Cost": 21.0}], "Node Type": "Hash Join", "Plan Rows": 37240, "Join Type": "Inner", "Hash Cond": "(table_41.col_1 = table_47.col_2)", "Parent Relationship": "Outer", "Plan Width": 336, "Total Cost": 1737.69}, {"Startup Cost": 22.3, "Plans": [{"Startup Cost": 0.0, "Node Type": "Seq Scan", "Plan Rows": 1230, "Relation Name": "table_31", "Alias": "table_31", "Parent Relationship": "Outer", "Plan Width": 36, "Total Cost": 22.3}], "Plan Rows": 1230, "Node Type": "Hash", "Parent Relationship": "Inner", "Plan Width": 36, "Total Cost": 22.3}], "Node Type": "Hash Join", "Plan Rows": 229026, "Join Type": "Inner", "Hash Cond": "(table_26.col_1 = table_31.col_1)", "Parent Relationship": "Outer", "Plan Width": 372, "Total Cost": 9884.38}, {"Startup Cost": 18.0, "Plans": [{"Startup Cost": 0.0, "Node Type": "Seq Scan", "Plan Rows": 800, "Relation Name": "table_51", "Alias": "table_51", "Parent Relationship": "Outer", "Plan Width": 72, "Total Cost": 18.0}], "Plan Rows": 800, "Node Type": "Hash", "Parent Relationship": "Inner", "Plan Width": 72, "Total Cost": 18.0}], "Node Type": "Hash Join", "Plan Rows": 916104, "Join Type": "Left", "Hash Cond": "(table_42.col_3 = table_51.col_1)", "Parent Relationship": "Outer", "Plan Width": 444, "Total Cost": 42548.58}, {"Startup Cost": 16.2, "Plans": [{"Startup Cost": 0.0, "Node Type": "Seq Scan", "Plan Rows": 620, "Relation Name": "table_10", "Alias": "table_10", "Parent Relationship": "Outer", "Plan Width": 100, "Total Cost": 16.2}], "Plan Rows": 620, "Node Type": "Hash", "Parent Relationship": "Inner", "Plan Width": 100, "Total Cost": 16.2}], "Node Type": "Hash Join", "Plan Rows": 2839922, "Join Type": "Inner", "Hash Cond": "(table_47.col_3 = table_10.col_2)", "Parent Relationship": "Outer", "Plan Width": 544, "Total Cost": 144260.07}, {"Startup Cost": 22.3, "Plans": [{"Startup Cost": 0.0, "Node Type": "Seq Scan", "Plan Rows": 1230, "Relation Name": "table_57", "Alias": "table_57", "Parent Relationship": "Outer", "Plan Width": 36, "Total Cost": 22.3}], "Plan Rows": 1230, "Node Type": "Hash", "Parent Relationship": "Inner", "Plan Width": 36, "Total Cost": 22.3}], "Node Type": "Hash Join", "Plan Rows": 17465520, "Join Type": "Inner", "Hash Cond": "(table_42.col_1 = table_57.col_0)", "Parent Relationship": "Outer", "Plan Width": 580, "Total Cost": 762690.76}], "Sort Key": ["table_26.col_2", "table_41.col_1", "table_57.col_0", "table_26.col_1", "table_10.col_3"], "Plan Rows": 17465520, "Node Type": "Sort", "Parent Relationship": "Outer", "Plan Width": 580, "Total Cost": 25442750.01}], "Plan Rows": 17465520, "Node Type": "Materialize", "Parent Relationship": "Inner", "Plan Width": 580, "Total Cost": 25486413.81}], "Node Type": "Merge Join", "Plan Rows": 80153615403634982912, "Join Type": "Inner", "Parent Relationship": "Outer", "Plan Width": 1772, "Merge Cond": "((table_58.col_3 = table_42.col_0) AND (table_64.col_2 = table_41.col_1) AND (table_0.col_1 = table_42.col_1) AND (table_18.col_2 = table_26.col_1) AND (table_61.col_1 = table_10.col_3))", "Total Cost": 2.4973205356512263e+25}], "Sort Key": ["table_25.col_0", "table_64.col_0"], "Plan Rows": 80153615403634982912, "Node Type": "Sort", "Parent Relationship": "Outer", "Plan Width": 1772, "Total Cost": 2.497458515648919e+25}, {"Startup Cost": 1.0548978436022149e+17, "Plans": [{"Startup Cost": 1.0548978436022149e+17, "Plans": [{"Startup Cost": 277676.19, "Plans": [{"Startup Cost": 277676.19, "Plans": [{"Startup Cost": 277676.19, "Plans": [{"Startup Cost": 277640.09, "Plans": [{"Startup Cost": 277358.79, "Plans": [{"Startup Cost": 277300.64, "Plans": [{"Startup Cost": 521.51, "Plans": [{"Startup Cost": 142.0, "Plans": [{"Startup Cost": 56.58, "Plans": [{"Startup Cost": 0.0, "Node Type": "Seq Scan", "Plan Rows": 800, "Relation Name": "table_48", "Alias": "table_48_1", "Parent Relationship": "Outer", "Plan Width": 72, "Total Cost": 18.0}], "Sort Key": ["table_48_1.col_0"], "Plan Rows": 800, "Node Type": "Sort", "Parent Relationship": "Outer", "Plan Width": 72, "Total Cost": 58.58}, {"Startup Cost": 85.43, "Plans": [{"Startup Cost": 0.0, "Node Type": "Seq Scan", "Plan Rows": 1230, "Relation Name": "table_0", "Alias": "table_0_1", "Parent Relationship": "Outer", "Plan Width": 36, "Total Cost": 22.3}], "Sort Key": ["table_0_1.col_1"], "Plan Rows": 1230, "Node Type": "Sort", "Parent Relationship": "Inner", "Plan Width": 36, "Total Cost": 88.5}], "Node Type": "Merge Join", "Plan Rows": 4920, "Join Type": "Inner", "Parent Relationship": "Outer", "Plan Width": 108, "Merge Cond": "(table_48_1.col_0 = table_0_1.col_1)", "Total Cost": 219.8}], "Sort Key": ["table_0_1.col_0"], "Plan Rows": 4920, "Node Type": "Sort", "Parent Relationship": "Outer", "Plan Width": 108, "Total Cost": 533.81}, {"Startup Cost": 276779.13, "Plans": [{"Startup Cost": 276779.13, "Plans": [{"Startup Cost": 0.0, "Plans": [{"Startup Cost": 0.0, "Node Type": "Seq Scan", "Plan Rows": 1230, "Relation Name": "table_59", "Alias": "table_59_1", "Parent Relationship": "Outer", "Plan Width": 36, "Total Cost": 22.3}, {"Startup Cost": 0.0, "Plans": [{"Startup Cost": 0.0, "Node Type": "Seq Scan", "Plan Rows": 800, "Relation Name": "table_61", "Alias": "table_61_1", "Parent Relationship": "Outer", "Plan Width": 72, "Total Cost": 18.0}], "Plan Rows": 800, "Node Type": "Materialize", "Parent Relationship": "Inner", "Plan Width": 72, "Total Cost": 22.0}], "Node Type": "Nested Loop", "Plan Rows": 984000, "Join Type": "Inner", "Parent Relationship": "Outer", "Plan Width": 108, "Total Cost": 12342.3}], "Sort Key": ["table_59_1.col_1"], "Plan Rows": 984000, "Node Type": "Sort", "Parent Relationship": "Outer", "Plan Width": 108, "Total Cost": 279239.13}], "Plan Rows": 984000, "Node Type": "Materialize", "Parent Relationship": "Inner", "Plan Width": 108, "Total Cost": 281699.13}], "Node Type": "Merge Join", "Plan Rows": 24206400, "Join Type": "Right", "Parent Relationship": "Outer", "Plan Width": 216, "Merge Cond": "(table_0_1.col_0 = table_59_1.col_1)", "Total Cost": 642881.24}, {"Startup Cost": 31.4, "Plans": [{"Startup Cost": 0.0, "Node Type": "Seq Scan", "Plan Rows": 2140, "Relation Name": "table_29", "Alias": "table_29", "Parent Relationship": "Outer", "Plan Width": 8, "Total Cost": 31.4}], "Plan Rows": 2140, "Node Type": "Hash", "Parent Relationship": "Inner", "Plan Width": 8, "Total Cost": 31.4}], "Node Type": "Hash Join", "Plan Rows": 259008480, "Join Type": "Left", "Hash Cond": "(table_0_1.col_0 = table_29.col_1)", "Parent Relationship": "Outer", "Plan Width": 224, "Total Cost": 9768752.19}, {"Startup Cost": 219.8, "Plans": [{"Startup Cost": 142.0, "Plans": [{"Startup Cost": 56.58, "Plans": [{"Startup Cost": 0.0, "Node Type": "Seq Scan", "Plan Rows": 800, "Relation Name": "table_51", "Alias": "table_51_1", "Parent Relationship": "Outer", "Plan Width": 72, "Total Cost": 18.0}], "Sort Key": ["table_51_1.col_2"], "Plan Rows": 800, "Node Type": "Sort", "Parent Relationship": "Outer", "Plan Width": 72, "Total Cost": 58.58}, {"Startup Cost": 85.43, "Plans": [{"Startup Cost": 0.0, "Node Type": "Seq Scan", "Plan Rows": 1230, "Relation Name": "table_0", "Alias": "table_0_2", "Parent Relationship": "Outer", "Plan Width": 36, "Total Cost": 22.3}], "Sort Key": ["table_0_2.col_0"], "Plan Rows": 1230, "Node Type": "Sort", "Parent Relationship": "Inner", "Plan Width": 36, "Total Cost": 88.5}], "Node Type": "Merge Join", "Plan Rows": 4920, "Join Type": "Inner", "Parent Relationship": "Outer", "Plan Width": 108, "Merge Cond": "(table_51_1.col_2 = table_0_2.col_0)", "Total Cost": 219.8}], "Plan Rows": 4920, "Node Type": "Hash", "Parent Relationship": "Inner", "Plan Width": 108, "Total Cost": 219.8}], "Node Type": "Hash Join", "Plan Rows": 6371608608, "Join Type": "Left", "Hash Cond": "(table_61_1.col_1 = table_0_2.col_1)", "Parent Relationship": "Outer", "Plan Width": 332, "Total Cost": 233422855.97}, {"Startup Cost": 21.6, "Plans": [{"Startup Cost": 0.0, "Node Type": "Seq Scan", "Plan Rows": 1160, "Relation Name": "table_53", "Alias": "table_53", "Parent Relationship": "Outer", "Plan Width": 40, "Total Cost": 21.6}], "Plan Rows": 1160, "Node Type": "Hash", "Parent Relationship": "Inner", "Plan Width": 40, "Total Cost": 21.6}], "Node Type": "Hash Join", "Plan Rows": 36955329926, "Join Type": "Left", "Hash Cond": "(table_0_2.col_0 = table_53.col_0)", "Parent Relationship": "Outer", "Plan Width": 372, "Total Cost": 1542788461.01}, {"Startup Cost": 0.0, "Plans": [{"Startup Cost": 0.0, "Node Type": "Seq Scan", "Plan Rows": 800, "Relation Name": "table_16", "Alias": "table_16", "Parent Relationship": "Outer", "Plan Width": 72, "Total Cost": 18.0}], "Plan Rows": 800, "Node Type": "Materialize", "Parent Relationship": "Inner", "Plan Width": 72, "Total Cost": 22.0}], "Node Type": "Nested Loop", "Plan Rows": 29564263940800, "Join Type": "Inner", "Parent Relationship": "Outer", "Plan Width": 444, "Total Cost": 371096087741.01}, {"Startup Cost": 0.0, "Plans": [{"Startup Cost": 0.0, "Node Type": "Seq Scan", "Plan Rows": 860, "Relation Name": "table_2", "Alias": "table_2", "Parent Relationship": "Outer", "Plan Width": 64, "Total Cost": 18.6}], "Plan Rows": 860, "Node Type": "Materialize", "Parent Relationship": "Inner", "Plan Width": 64, "Total Cost": 22.9}], "Node Type": "Nested Loop", "Plan Rows": 25425266989088000, "Join Type": "Inner", "Parent Relationship": "Outer", "Plan Width": 508, "Total Cost": 318186933451361.75}], "Sort Key": ["table_2.col_0", "table_16.col_1"], "Plan Rows": 25425266989088000, "Node Type": "Sort", "Parent Relationship": "Outer", "Plan Width": 508, "Total Cost": 1.055533475276942e+17}], "Plan Rows": 25425266989088000, "Node Type": "Materialize", "Parent Relationship": "Inner", "Plan Width": 508, "Total Cost": 1.0561691069516693e+17}], "Node Type": "Merge Join", "Plan Rows": 50948176794452403694961187356672, "Join Type": "Inner", "Parent Relationship": "Outer", "Plan Width": 2280, "Merge Cond": "((table_46.col_1 = table_2.col_0) AND (table_64.col_0 = table_16.col_1))", "Total Cost": 8.916180684885798e+29}], "Plan Rows": 50948176794452403694961187356672, "Node Type": "Materialize", "Parent Relationship": "Inner", "Plan Width": 2280, "Total Cost": 1.0189885104747109e+30}], "Node Type": "Merge Join", "Plan Rows": 313331287285882279121131600347136, "Join Type": "Inner", "Parent Relationship": "Outer", "Plan Width": 2316, "Merge Cond": "(table_7.col_1 = table_46.col_1)", "Total Cost": 5.591587377776814e+30}], "Sort Key": ["table_39.col_0", "table_64.col_2", "table_10.col_1"], "Plan Rows": 313331287285882279121131600347136, "Node Type": "Sort", "Parent Relationship": "Outer", "Plan Width": 2316, "Total Cost": 1.2079176553717588e+34}, {"Startup Cost": 1.5235934278028737e+21, "Plans": [{"Startup Cost": 1.5235934278028737e+21, "Plans": [{"Startup Cost": 28483104438.92, "Plans": [{"Startup Cost": 28483104401.24, "Plans": [{"Startup Cost": 28483103890.41, "Plans": [{"Startup Cost": 668787.12, "Plans": [{"Startup Cost": 668787.12, "Plans": [{"Startup Cost": 381548.74, "Plans": [{"Startup Cost": 381548.74, "Plans": [{"Startup Cost": 381468.09, "Plans": [{"Startup Cost": 0.0, "Plans": [{"Startup Cost": 0.0, "Node Type": "Seq Scan", "Plan Rows": 2140, "Relation Name": "table_1", "Alias": "table_1", "Parent Relationship": "Outer", "Plan Width": 8, "Total Cost": 31.4}, {"Startup Cost": 0.0, "Plans": [{"Startup Cost": 0.0, "Node Type": "Seq Scan", "Plan Rows": 640, "Relation Name": "table_4", "Alias": "table_4", "Parent Relationship": "Outer", "Plan Width": 96, "Total Cost": 16.4}], "Plan Rows": 640, "Node Type": "Materialize", "Parent Relationship": "Inner", "Plan Width": 96, "Total Cost": 19.6}], "Node Type": "Nested Loop", "Plan Rows": 1369600, "Join Type": "Inner", "Parent Relationship": "Outer", "Plan Width": 104, "Total Cost": 17169.4}], "Sort Key": ["table_4.col_1", "table_1.col_0"], "Plan Rows": 1369600, "Node Type": "Sort", "Parent Relationship": "Outer", "Plan Width": 104, "Total Cost": 384892.09}, {"Startup Cost": 80.64, "Plans": [{"Startup Cost": 0.0, "Node Type": "Seq Scan", "Plan Rows": 1160, "Relation Name": "table_34", "Alias": "table_34", "Parent Relationship": "Outer", "Plan Width": 40, "Total Cost": 21.6}], "Sort Key": ["table_34.col_0", "table_34.col_2"], "Plan Rows": 1160, "Node Type": "Sort", "Parent Relationship": "Inner", "Plan Width": 40, "Total Cost": 83.54}], "Node Type": "Merge Join", "Plan Rows": 39718, "Join Type": "Inner", "Parent Relationship": "Outer", "Plan Width": 144, "Merge Cond": "((table_4.col_1 = table_34.col_0) AND (table_1.col_0 = table_34.col_2))", "Total Cost": 392515.8}, {"Startup Cost": 0.0, "Plans": [{"Startup Cost": 0.0, "Node Type": "Seq Scan", "Plan Rows": 1160, "Relation Name": "table_22", "Alias": "table_22", "Parent Relationship": "Outer", "Plan Width": 40, "Total Cost": 21.6}], "Plan Rows": 1160, "Node Type": "Materialize", "Parent Relationship": "Inner", "Plan Width": 40, "Total Cost": 27.4}], "Node Type": "Nested Loop", "Plan Rows": 230364, "Join Type": "Left", "Parent Relationship": "Outer", "Plan Width": 184, "Join Filter": "(table_34.col_1 = table_22.col_0)", "Total Cost": 1083633.5}, {"Startup Cost": 287238.38, "Plans": [{"Startup Cost": 287238.38, "Plans": [{"Startup Cost": 0.0, "Plans": [{"Startup Cost": 0.0, "Node Type": "Seq Scan", "Plan Rows": 1230, "Relation Name": "table_54", "Alias": "table_54", "Parent Relationship": "Outer", "Plan Width": 36, "Total Cost": 22.3}, {"Startup Cost": 0.0, "Plans": [{"Startup Cost": 0.0, "Node Type": "Seq Scan", "Plan Rows": 860, "Relation Name": "table_40", "Alias": "table_40", "Parent Relationship": "Outer", "Plan Width": 64, "Total Cost": 18.6}], "Plan Rows": 860, "Node Type": "Materialize", "Parent Relationship": "Inner", "Plan Width": 64, "Total Cost": 22.9}], "Node Type": "Nested Loop", "Plan Rows": 1057800, "Join Type": "Inner", "Parent Relationship": "Outer", "Plan Width": 100, "Total Cost": 13265.55}], "Sort Key": ["table_40.col_1"], "Plan Rows": 1057800, "Node Type": "Sort", "Parent Relationship": "Outer", "Plan Width": 100, "Total Cost": 289882.88}], "Plan Rows": 1057800, "Node Type": "Materialize", "Parent Relationship": "Inner", "Plan Width": 100, "Total Cost": 292527.38}], "Node Type": "Merge Join", "Plan Rows": 1218395196, "Join Type": "Inner", "Parent Relationship": "Outer", "Plan Width": 284, "Merge Cond": "(table_34.col_0 = table_40.col_1)", "Total Cost": 19650020.23}, {"Startup Cost": 0.0, "Plans": [{"Startup Cost": 0.0, "Node Type": "Seq Scan", "Plan Rows": 1230, "Relation Name": "table_30", "Alias": "table_30", "Parent Relationship": "Outer", "Plan Width": 36, "Total Cost": 22.3}], "Plan Rows": 1230, "Node Type": "Materialize", "Parent Relationship": "Inner", "Plan Width": 36, "Total Cost": 28.45}], "Node Type": "Nested Loop", "Plan Rows": 7493130455, "Join Type": "Left", "Parent Relationship": "Outer", "Plan Width": 320, "Join Filter": "(table_34.col_2 = table_30.col_1)", "Total Cost": 22499041411.81}, {"Startup Cost": 28482435103.29, "Plans": [{"Startup Cost": 28482435103.29, "Plans": [{"Startup Cost": 584.16, "Plans": [{"Startup Cost": 584.16, "Plans": [{"Startup Cost": 549.41, "Plans": [{"Startup Cost": 521.41, "Plans": [{"Startup Cost": 463.26, "Plans": [{"Startup Cost": 428.51, "Plans": [{"Startup Cost": 56.58, "Plans": [{"Startup Cost": 0.0, "Node Type": "Seq Scan", "Plan Rows": 800, "Relation Name": "table_48", "Alias": "table_48", "Parent Relationship": "Outer", "Plan Width": 72, "Total Cost": 18.0}], "Sort Key": ["table_48.col_2"], "Plan Rows": 800, "Node Type": "Sort", "Parent Relationship": "Outer", "Plan Width": 72, "Total Cost": 58.58}, {"Startup Cost": 371.94, "Plans": [{"Startup Cost": 28.68, "Plans": [{"Startup Cost": 0.0, "Node Type": "Seq Scan", "Plan Rows": 830, "Relation Name": "table_21", "Alias": "table_21", "Parent Relationship": "Outer", "Plan Width": 68, "Total Cost": 18.3}, {"Startup Cost": 18.3, "Plans": [{"Startup Cost": 0.0, "Node Type": "Seq Scan", "Plan Rows": 830, "Relation Name": "table_5", "Alias": "table_5", "Parent Relationship": "Outer", "Plan Width": 68, "Total Cost": 18.3}], "Plan Rows": 830, "Node Type": "Hash", "Parent Relationship": "Inner", "Plan Width": 68, "Total Cost": 18.3}], "Node Type": "Hash Join", "Plan Rows": 3444, "Join Type": "Left", "Hash Cond": "(table_21.col_2 = table_5.col_1)", "Parent Relationship": "Outer", "Plan Width": 136, "Total Cost": 169.6}], "Sort Key": ["table_21.col_0"], "Plan Rows": 3444, "Node Type": "Sort", "Parent Relationship": "Inner", "Plan Width": 136, "Total Cost": 380.55}], "Node Type": "Merge Join", "Plan Rows": 13776, "Join Type": "Right", "Parent Relationship": "Outer", "Plan Width": 208, "Merge Cond": "(table_48.col_2 = table_21.col_0)", "Total Cost": 639.15}, {"Startup Cost": 21.0, "Plans": [{"Startup Cost": 0.0, "Node Type": "Seq Scan", "Plan Rows": 1100, "Relation Name": "table_56", "Alias": "table_56", "Parent Relationship": "Outer", "Plan Width": 44, "Total Cost": 21.0}], "Plan Rows": 1100, "Node Type": "Hash", "Parent Relationship": "Inner", "Plan Width": 44, "Total Cost": 21.0}], "Node Type": "Hash Join", "Plan Rows": 75768, "Join Type": "Inner", "Hash Cond": "(table_21.col_2 = table_56.col_0)", "Parent Relationship": "Outer", "Plan Width": 252, "Total Cost": 3360.22}, {"Startup Cost": 31.4, "Plans": [{"Startup Cost": 0.0, "Node Type": "Seq Scan", "Plan Rows": 2140, "Relation Name": "table_20", "Alias": "table_20", "Parent Relationship": "Outer", "Plan Width": 8, "Total Cost": 31.4}], "Plan Rows": 2140, "Node Type": "Hash", "Parent Relationship": "Inner", "Plan Width": 8, "Total Cost": 31.4}], "Node Type": "Hash Join", "Plan Rows": 810718, "Join Type": "Left", "Hash Cond": "(table_21.col_1 = table_20.col_1)", "Parent Relationship": "Outer", "Plan Width": 260, "Total Cost": 31982.91}, {"Startup Cost": 18.0, "Plans": [{"Startup Cost": 0.0, "Node Type": "Seq Scan", "Plan Rows": 800, "Relation Name": "table_62", "Alias": "table_62", "Parent Relationship": "Outer", "Plan Width": 72, "Total Cost": 18.0}], "Plan Rows": 800, "Node Type": "Hash", "Parent Relationship": "Inner", "Plan Width": 72, "Total Cost": 18.0}], "Node Type": "Hash Join", "Plan Rows": 3242872, "Join Type": "Left", "Hash Cond": "(table_20.col_0 = table_62.col_2)", "Parent Relationship": "Outer", "Plan Width": 332, "Total Cost": 147538.23}, {"Startup Cost": 21.0, "Plans": [{"Startup Cost": 0.0, "Node Type": "Seq Scan", "Plan Rows": 1100, "Relation Name": "table_24", "Alias": "table_24", "Parent Relationship": "Outer", "Plan Width": 44, "Total Cost": 21.0}], "Plan Rows": 1100, "Node Type": "Hash", "Parent Relationship": "Inner", "Plan Width": 44, "Total Cost": 21.0}], "Node Type": "Hash Join", "Plan Rows": 17835796, "Join Type": "Inner", "Hash Cond": "(table_56.col_1 = table_24.col_1)", "Parent Relationship": "Outer", "Plan Width": 376, "Total Cost": 779933.02}, {"Startup Cost": 0.0, "Plans": [{"Startup Cost": 0.0, "Node Type": "Seq Scan", "Plan Rows": 800, "Relation Name": "table_15", "Alias": "table_15", "Parent Relationship": "Outer", "Plan Width": 72, "Total Cost": 18.0}], "Plan Rows": 800, "Node Type": "Materialize", "Parent Relationship": "Inner", "Plan Width": 72, "Total Cost": 22.0}], "Node Type": "Nested Loop", "Plan Rows": 14268636800, "Join Type": "Inner", "Parent Relationship": "Outer", "Plan Width": 448, "Total Cost": 179137913.02}], "Sort Key": ["table_15.col_1"], "Plan Rows": 14268636800, "Node Type": "Sort", "Parent Relationship": "Outer", "Plan Width": 448, "Total Cost": 28518106695.29}], "Plan Rows": 14268636800, "Node Type": "Materialize", "Parent Relationship": "Inner", "Plan Width": 448, "Total Cost": 28553778287.29}], "Node Type": "Merge Join", "Plan Rows": 534583784787068736, "Join Type": "Inner", "Parent Relationship": "Outer", "Plan Width": 768, "Merge Cond": "(table_34.col_0 = table_15.col_1)", "Total Cost": 8018807807686964.0}, {"Startup Cost": 377.46, "Plans": [{"Startup Cost": 211.91, "Plans": [{"Startup Cost": 76.57, "Plans": [{"Startup Cost": 0.0, "Node Type": "Seq Scan", "Plan Rows": 1100, "Relation Name": "table_60", "Alias": "table_60", "Parent Relationship": "Outer", "Plan Width": 44, "Total Cost": 21.0}], "Sort Key": ["table_60.col_1"], "Plan Rows": 1100, "Node Type": "Sort", "Parent Relationship": "Outer", "Plan Width": 44, "Total Cost": 79.32}, {"Startup Cost": 135.34, "Plans": [{"Startup Cost": 0.0, "Node Type": "Seq Scan", "Plan Rows": 1940, "Relation Name": "table_9", "Alias": "table_9", "Parent Relationship": "Outer", "Plan Width": 12, "Total Cost": 29.4}], "Sort Key": ["table_9.col_2"], "Plan Rows": 1940, "Node Type": "Sort", "Parent Relationship": "Inner", "Plan Width": 12, "Total Cost": 140.19}], "Node Type": "Merge Join", "Plan Rows": 10670, "Join Type": "Right", "Parent Relationship": "Outer", "Plan Width": 56, "Merge Cond": "(table_60.col_1 = table_9.col_2)", "Total Cost": 377.46}], "Plan Rows": 10670, "Node Type": "Hash", "Parent Relationship": "Inner", "Plan Width": 56, "Total Cost": 377.46}], "Node Type": "Hash Join", "Plan Rows": 28520044918390116352, "Join Type": "Left", "Hash Cond": "(table_15.col_2 = table_9.col_1)", "Parent Relationship": "Outer", "Plan Width": 824, "Total Cost": 1.0075568394133093e+18}, {"Startup Cost": 22.3, "Plans": [{"Startup Cost": 0.0, "Node Type": "Seq Scan", "Plan Rows": 1230, "Relation Name": "table_3", "Alias": "table_3", "Parent Relationship": "Outer", "Plan Width": 36, "Total Cost": 22.3}], "Plan Rows": 1230, "Node Type": "Hash", "Parent Relationship": "Inner", "Plan Width": 36, "Total Cost": 22.3}], "Node Type": "Hash Join", "Plan Rows": 175398276248099225600, "Join Type": "Left", "Hash Cond": "(table_1.col_1 = table_3.col_0)", "Parent Relationship": "Outer", "Plan Width": 860, "Total Cost": 7.217796620392757e+18}], "Sort Key": ["table_21.col_2", "table_1.col_0", "table_54.col_1"], "Plan Rows": 175398276248099225600, "Node Type": "Sort", "Parent Relationship": "Outer", "Plan Width": 860, "Total Cost": 1.5240319234934938e+21}], "Plan Rows": 175398276248099225600, "Node Type": "Materialize", "Parent Relationship": "Inner", "Plan Width": 860, "Total Cost": 1.524470419184114e+21}], "Node Type": "Merge Join", "Plan Rows": 6869720960567715759510398047011889031342456832, "Join Type": "Inner", "Parent Relationship": "Outer", "Plan Width": 3176, "Merge Cond": "((table_42.col_0 = table_21.col_2) AND (table_41.col_1 = table_1.col_0) AND (table_10.col_1 = table_54.col_1))", "Total Cost": 1.3739441922343586e+44}, {"Startup Cost": 21.6, "Plans": [{"Startup Cost": 0.0, "Node Type": "Seq Scan", "Plan Rows": 1160, "Relation Name": "table_50", "Alias": "table_50", "Parent Relationship": "Outer", "Plan Width": 40, "Total Cost": 21.6}], "Plan Rows": 1160, "Node Type": "Hash", "Parent Relationship": "Inner", "Plan Width": 40, "Total Cost": 21.6}], "Plan Rows": 39844381571292750644569948535731315483764326400, "Node Type": "Hash Join", "Join Type": "Right", "Hash Cond": "(table_61.col_0 = table_50.col_2)", "Plan Width": 3216, "Total Cost": 1.5491220766201017e+45}}]