[{"Plan": {"Startup Cost": 5.498274143195489e+35, "Plans": [{"Startup Cost": 5.498274143195489e+35, "Plans": [{"Startup Cost": 36731625669939.39, "Plans": [{"Startup Cost": 592.85, "Plans": [{"Startup Cost": 239.88, "Plans": [{"Startup Cost": 46.23, "Plans": [{"Startup Cost": 0.0, "Node Type": "Seq Scan", "Plan Rows": 640, "Relation Name": "table_42", "Alias": "table_42_1", "Parent Relationship": "Outer", "Plan Width": 96, "Total Cost": 16.4}], "Sort Key": ["table_42_1.col_0"], "Plan Rows": 640, "Node Type": "Sort", "Parent Relationship": "Outer", "Plan Width": 96, "Total Cost": 47.83}, {"Startup Cost": 193.65, "Plans": [{"Startup Cost": 193.65, "Plans": [{"Startup Cost": 117.08, "Plans": [{"Startup Cost": 58.54, "Plans": [{"Startup Cost": 0.0, "Node Type": "Seq Scan", "Plan Rows": 830, "Relation Name": "table_0", "Alias": "table_0_2", "Parent Relationship": "Outer", "Plan Width": 68, "Total Cost": 18.3}], "Sort Key": ["table_0_2.col_1"], "Plan Rows": 830, "Node Type": "Sort", "Parent Relationship": "Outer", "Plan Width": 68, "Total Cost": 60.62}, {"Startup Cost": 58.54, "Plans": [{"Startup Cost": 0.0, "Node Type": "Seq Scan", "Plan Rows": 830, "Relation Name": "table_24", "Alias": "table_24_1", "Parent Relationship": "Outer", "Plan Width": 68, "Total Cost": 18.3}], "Sort Key": ["table_24_1.col_1"], "Plan Rows": 830, "Node Type": "Sort", "Parent Relationship": "Inner", "Plan Width": 68, "Total Cost": 60.62}], "Node Type": "Merge Join", "Plan Rows": 3444, "Join Type": "Inner", "Parent Relationship": "Outer", "Plan Width": 136, "Merge Cond": "(table_0_2.col_1 = table_24_1.col_1)", "Total Cost": 172.89}, {"Startup Cost": 76.57, "Plans": [{"Startup Cost": 0.0, "Node Type": "Seq Scan", "Plan Rows": 1100, "Relation Name": "table_15", "Alias": "table_15_1", "Parent Relationship": "Outer", "Plan Width": 44, "Total Cost": 21.0}], "Sort Key": ["table_15_1.col_3"], "Plan Rows": 1100, "Node Type": "Sort", "Parent Relationship": "Inner", "Plan Width": 44, "Total Cost": 79.32}], "Node Type": "Merge Join", "Plan Rows": 18942, "Join Type": "Inner", "Parent Relationship": "Outer", "Plan Width": 180, "Merge Cond": "(table_0_2.col_1 = table_15_1.col_3)", "Total Cost": 542.2}], "Plan Rows": 18942, "Node Type": "Materialize", "Parent Relationship": "Inner", "Plan Width": 180, "Total Cost": 589.56}], "Node Type": "Merge Join", "Plan Rows": 60614, "Join Type": "Left", "Parent Relationship": "Outer", "Plan Width": 276, "Merge Cond": "(table_42_1.col_0 = table_15_1.col_3)", "Total Cost": 1500.84}, {"Startup Cost": 352.97, "Plans": [{"Startup Cost": 329.02, "Plans": [{"Startup Cost": 291.34, "Plans": [{"Startup Cost": 58.54, "Plans": [{"Startup Cost": 0.0, "Node Type": "Seq Scan", "Plan Rows": 830, "Relation Name": "table_18", "Alias": "table_18_1", "Parent Relationship": "Outer", "Plan Width": 68, "Total Cost": 18.3}], "Sort Key": ["table_18_1.col_1"], "Plan Rows": 830, "Node Type": "Sort", "Parent Relationship": "Outer", "Plan Width": 68, "Total Cost": 60.62}, {"Startup Cost": 232.8, "Plans": [{"Startup Cost": 21.48, "Plans": [{"Startup Cost": 0.0, "Node Type": "Seq Scan", "Plan Rows": 830, "Relation Name": "table_0", "Alias": "table_0_1", "Parent Relationship": "Outer", "Plan Width": 68, "Total Cost": 18.3}, {"Startup Cost": 15.1, "Plans": [{"Startup Cost": 0.0, "Node Type": "Seq Scan", "Plan Rows": 510, "Relation Name": "table_50", "Alias": "table_50_1", "Parent Relationship": "Outer", "Plan Width": 128, "Total Cost": 15.1}], "Plan Rows": 510, "Node Type": "Hash", "Parent Relationship": "Inner", "Plan Width": 128, "Total Cost": 15.1}], "Node Type": "Hash Join", "Plan Rows": 2116, "Join Type": "Inner", "Hash Cond": "(table_0_1.col_1 = table_50_1.col_2)", "Parent Relationship": "Outer", "Plan Width": 196, "Total Cost": 115.92}], "Sort Key": ["table_50_1.col_3"], "Plan Rows": 2116, "Node Type": "Sort", "Parent Relationship": "Inner", "Plan Width": 196, "Total Cost": 238.09}], "Node Type": "Merge Join", "Plan Rows": 8781, "Join Type": "Left", "Parent Relationship": "Outer", "Plan Width": 264, "Merge Cond": "(table_18_1.col_1 = table_50_1.col_3)", "Total Cost": 427.21}, {"Startup Cost": 22.3, "Plans": [{"Startup Cost": 0.0, "Node Type": "Seq Scan", "Plan Rows": 1230, "Relation Name": "table_37", "Alias": "table_37_1", "Parent Relationship": "Outer", "Plan Width": 36, "Total Cost": 22.3}], "Plan Rows": 1230, "Node Type": "Hash", "Parent Relationship": "Inner", "Plan Width": 36, "Total Cost": 22.3}], "Node Type": "Hash Join", "Plan Rows": 54003, "Join Type": "Left", "Hash Cond": "(table_50_1.col_3 = table_37_1.col_0)", "Parent Relationship": "Outer", "Plan Width": 300, "Total Cost": 2376.94}, {"Startup Cost": 23.95, "Plans": [{"Startup Cost": 23.95, "Plans": [{"Startup Cost": 0.0, "Node Type": "Seq Scan", "Plan Rows": 800, "Relation Name": "table_14", "Alias": "table_14", "Parent Relationship": "Outer", "Plan Width": 72, "Total Cost": 18.0}, {"Startup Cost": 16.2, "Plans": [{"Startup Cost": 0.0, "Node Type": "Seq Scan", "Plan Rows": 620, "Relation Name": "table_31", "Alias": "table_31", "Parent Relationship": "Outer", "Plan Width": 100, "Total Cost": 16.2}], "Plan Rows": 620, "Node Type": "Hash", "Parent Relationship": "Inner", "Plan Width": 100, "Total Cost": 16.2}], "Node Type": "Hash Join", "Plan Rows": 2480, "Join Type": "Inner", "Hash Cond": "(table_14.col_3 = table_31.col_0)", "Parent Relationship": "Outer", "Plan Width": 172, "Total Cost": 130.75}], "Plan Rows": 2480, "Node Type": "Materialize", "Parent Relationship": "Inner", "Plan Width": 172, "Total Cost": 143.15}], "Node Type": "Nested Loop", "Plan Rows": 133927440, "Join Type": "Inner", "Parent Relationship": "Inner", "Plan Width": 472, "Total Cost": 1676606.89}], "Node Type": "Nested Loop", "Plan Rows": 8117877848160, "Join Type": "Inner", "Parent Relationship": "Outer", "Plan Width": 748, "Total Cost": 182804630299.98}], "Sort Key": ["table_14.col_0"], "Plan Rows": 8117877848160, "Node Type": "Sort", "Parent Relationship": "Outer", "Plan Width": 748, "Total Cost": 36751920364559.79}, {"Startup Cost": 5.498274143195489e+35, "Plans": [{"Startup Cost": 5.498274143195489e+35, "Plans": [{"Startup Cost": 2.895278873703789e+26, "Plans": [{"Startup Cost": 2.895278873703789e+26, "Plans": [{"Startup Cost": 3584063.31, "Plans": [{"Startup Cost": 45.88, "Plans": [{"Startup Cost": 45.88, "Plans": [{"Startup Cost": 21.48, "Plans": [{"Startup Cost": 0.0, "Node Type": "Seq Scan", "Plan Rows": 640, "Relation Name": "table_35", "Alias": "table_35", "Parent Relationship": "Outer", "Plan Width": 96, "Total Cost": 16.4}, {"Startup Cost": 15.1, "Plans": [{"Startup Cost": 0.0, "Node Type": "Seq Scan", "Plan Rows": 510, "Relation Name": "table_50", "Alias": "table_50", "Parent Relationship": "Outer", "Plan Width": 128, "Total Cost": 15.1}], "Plan Rows": 510, "Node Type": "Hash", "Parent Relationship": "Inner", "Plan Width": 128, "Total Cost": 15.1}], "Node Type": "Hash Join", "Plan Rows": 1632, "Join Type": "Inner", "Hash Cond": "(table_35.col_0 = table_50.col_0)", "Parent Relationship": "Outer", "Plan Width": 224, "Total Cost": 96.59}, {"Startup Cost": 16.4, "Plans": [{"Startup Cost": 0.0, "Node Type": "Seq Scan", "Plan Rows": 640, "Relation Name": "table_59", "Alias": "table_59", "Parent Relationship": "Outer", "Plan Width": 96, "Total Cost": 16.4}], "Plan Rows": 640, "Node Type": "Hash", "Parent Relationship": "Inner", "Plan Width": 96, "Total Cost": 16.4}], "Node Type": "Hash Join", "Plan Rows": 5222, "Join Type": "Inner", "Hash Cond": "(table_35.col_1 = table_59.col_0)", "Parent Relationship": "Outer", "Plan Width": 320, "Total Cost": 307.86}, {"Startup Cost": 0.0, "Plans": [{"Startup Cost": 0.0, "Node Type": "Seq Scan", "Plan Rows": 830, "Relation Name": "table_4", "Alias": "table_4", "Parent Relationship": "Outer", "Plan Width": 68, "Total Cost": 18.3}], "Plan Rows": 830, "Node Type": "Materialize", "Parent Relationship": "Inner", "Plan Width": 68, "Total Cost": 22.45}], "Node Type": "Nested Loop", "Plan Rows": 4334260, "Join Type": "Inner", "Parent Relationship": "Outer", "Plan Width": 388, "Total Cost": 54506.48}], "Sort Key": ["table_50.col_0", "table_4.col_1"], "Plan Rows": 4334260, "Node Type": "Sort", "Parent Relationship": "Outer", "Plan Width": 388, "Total Cost": 3594898.96}, {"Startup Cost": 2.895278873703789e+26, "Plans": [{"Startup Cost": 2.895278873703789e+26, "Plans": [{"Startup Cost": 1.3088928160479825e+23, "Plans": [{"Startup Cost": 262823544590543.97, "Plans": [{"Startup Cost": 262823544590543.97, "Plans": [{"Startup Cost": 1248289850242.15, "Plans": [{"Startup Cost": 0.0, "Plans": [{"Startup Cost": 0.0, "Plans": [{"Startup Cost": 0.0, "Plans": [{"Startup Cost": 0.0, "Node Type": "Seq Scan", "Plan Rows": 1230, "Relation Name": "table_28", "Alias": "table_28", "Parent Relationship": "Outer", "Plan Width": 36, "Total Cost": 22.3}, {"Startup Cost": 0.0, "Plans": [{"Startup Cost": 0.0, "Node Type": "Seq Scan", "Plan Rows": 830, "Relation Name": "table_33", "Alias": "table_33", "Parent Relationship": "Outer", "Plan Width": 68, "Total Cost": 18.3}], "Plan Rows": 830, "Node Type": "Materialize", "Parent Relationship": "Inner", "Plan Width": 68, "Total Cost": 22.45}], "Node Type": "Nested Loop", "Plan Rows": 1020900, "Join Type": "Inner", "Parent Relationship": "Outer", "Plan Width": 104, "Total Cost": 12803.93}, {"Startup Cost": 0.0, "Plans": [{"Startup Cost": 0.0, "Node Type": "Seq Scan", "Plan Rows": 830, "Relation Name": "table_18", "Alias": "table_18", "Parent Relationship": "Outer", "Plan Width": 68, "Total Cost": 18.3}], "Plan Rows": 830, "Node Type": "Materialize", "Parent Relationship": "Inner", "Plan Width": 68, "Total Cost": 22.45}], "Node Type": "Nested Loop", "Plan Rows": 847347000, "Join Type": "Inner", "Parent Relationship": "Outer", "Plan Width": 172, "Total Cost": 10604661.8}, {"Startup Cost": 0.0, "Plans": [{"Startup Cost": 0.0, "Node Type": "Seq Scan", "Plan Rows": 1100, "Relation Name": "table_58", "Alias": "table_58", "Parent Relationship": "Outer", "Plan Width": 44, "Total Cost": 21.0}], "Plan Rows": 1100, "Node Type": "Materialize", "Parent Relationship": "Inner", "Plan Width": 44, "Total Cost": 26.5}], "Node Type": "Nested Loop", "Plan Rows": 932081700000, "Join Type": "Inner", "Parent Relationship": "Outer", "Plan Width": 216, "Total Cost": 11661625935.55}], "Sort Key": ["table_18.col_1", "table_58.col_0", "table_18.col_2"], "Plan Rows": 932081700000, "Node Type": "Sort", "Parent Relationship": "Outer", "Plan Width": 216, "Total Cost": 1250620054492.15}, {"Startup Cost": 261575254740301.8, "Plans": [{"Startup Cost": 261575254740301.8, "Plans": [{"Startup Cost": 935724292.08, "Plans": [{"Startup Cost": 935724233.93, "Plans": [{"Startup Cost": 451525.0, "Plans": [{"Startup Cost": 0.0, "Plans": [{"Startup Cost": 0.0, "Node Type": "Seq Scan", "Plan Rows": 1770, "Relation Name": "table_21", "Alias": "table_21", "Parent Relationship": "Outer", "Plan Width": 16, "Total Cost": 27.7}, {"Startup Cost": 0.0, "Plans": [{"Startup Cost": 0.0, "Node Type": "Seq Scan", "Plan Rows": 1160, "Relation Name": "table_44", "Alias": "table_44", "Parent Relationship": "Outer", "Plan Width": 40, "Total Cost": 21.6}], "Plan Rows": 1160, "Node Type": "Materialize", "Parent Relationship": "Inner", "Plan Width": 40, "Total Cost": 27.4}], "Node Type": "Nested Loop", "Plan Rows": 2053200, "Join Type": "Inner", "Parent Relationship": "Outer", "Plan Width": 56, "Total Cost": 25717.2}], "Sort Key": ["table_44.col_0"], "Plan Rows": 2053200, "Node Type": "Sort", "Parent Relationship": "Outer", "Plan Width": 56, "Total Cost": 456658.0}, {"Startup Cost": 935272708.93, "Plans": [{"Startup Cost": 935272708.93, "Plans": [{"Startup Cost": 0.0, "Plans": [{"Startup Cost": 0.0, "Plans": [{"Startup Cost": 0.0, "Node Type": "Seq Scan", "Plan Rows": 1160, "Relation Name": "table_64", "Alias": "table_64", "Parent Relationship": "Outer", "Plan Width": 40, "Total Cost": 21.6}, {"Startup Cost": 0.0, "Plans": [{"Startup Cost": 0.0, "Node Type": "Seq Scan", "Plan Rows": 1100, "Relation Name": "table_6", "Alias": "table_6", "Parent Relationship": "Outer", "Plan Width": 44, "Total Cost": 21.0}], "Plan Rows": 1100, "Node Type": "Materialize", "Parent Relationship": "Inner", "Plan Width": 44, "Total Cost": 26.5}], "Node Type": "Nested Loop", "Plan Rows": 1276000, "Join Type": "Inner", "Parent Relationship": "Outer", "Plan Width": 84, "Total Cost": 15995.35}, {"Startup Cost": 0.0, "Plans": [{"Startup Cost": 0.0, "Node Type": "Seq Scan", "Plan Rows": 1230, "Relation Name": "table_9", "Alias": "table_9", "Parent Relationship": "Outer", "Plan Width": 36, "Total Cost": 22.3}], "Plan Rows": 1230, "Node Type": "Materialize", "Parent Relationship": "Inner", "Plan Width": 36, "Total Cost": 28.45}], "Node Type": "Nested Loop", "Plan Rows": 1569480000, "Join Type": "Inner", "Parent Relationship": "Outer", "Plan Width": 120, "Total Cost": 19634520.73}], "Sort Key": ["table_6.col_1"], "Plan Rows": 1569480000, "Node Type": "Sort", "Parent Relationship": "Outer", "Plan Width": 120, "Total Cost": 939196408.93}], "Plan Rows": 1569480000, "Node Type": "Materialize", "Parent Relationship": "Inner", "Plan Width": 120, "Total Cost": 943120108.93}], "Node Type": "Merge Join", "Plan Rows": 16112281680000, "Join Type": "Inner", "Parent Relationship": "Outer", "Plan Width": 176, "Merge Cond": "(table_44.col_0 = table_6.col_1)", "Total Cost": 242623883399.93}, {"Startup Cost": 31.4, "Plans": [{"Startup Cost": 0.0, "Node Type": "Seq Scan", "Plan Rows": 2140, "Relation Name": "table_49", "Alias": "table_49", "Parent Relationship": "Outer", "Plan Width": 8, "Total Cost": 31.4}], "Plan Rows": 2140, "Node Type": "Hash", "Parent Relationship": "Inner", "Plan Width": 8, "Total Cost": 31.4}], "Node Type": "Hash Join", "Plan Rows": 172401413976000, "Join Type": "Inner", "Hash Cond": "(table_21.col_3 = table_49.col_1)", "Parent Relationship": "Outer", "Plan Width": 184, "Total Cost": 6316954076818.08}], "Sort Key": ["table_44.col_0", "table_21.col_2", "table_64.col_0"], "Plan Rows": 172401413976000, "Node Type": "Sort", "Parent Relationship": "Outer", "Plan Width": 184, "Total Cost": 262006258275241.8}], "Plan Rows": 172401413976000, "Node Type": "Materialize", "Parent Relationship": "Inner", "Plan Width": 184, "Total Cost": 262437261810181.8}], "Node Type": "Merge Join", "Plan Rows": 20086525377644232704, "Join Type": "Inner", "Parent Relationship": "Outer", "Plan Width": 400, "Merge Cond": "((table_18.col_1 = table_44.col_0) AND (table_58.col_0 = table_21.col_2) AND (table_18.col_2 = table_64.col_0))", "Total Cost": 4.019937714218271e+17}, {"Startup Cost": 0.0, "Plans": [{"Startup Cost": 0.0, "Node Type": "Seq Scan", "Plan Rows": 1230, "Relation Name": "table_5", "Alias": "table_5", "Parent Relationship": "Outer", "Plan Width": 36, "Total Cost": 22.3}], "Plan Rows": 1230, "Node Type": "Materialize", "Parent Relationship": "Inner", "Plan Width": 36, "Total Cost": 28.45}], "Node Type": "Nested Loop", "Plan Rows": 24706426214502404980736, "Join Type": "Inner", "Parent Relationship": "Outer", "Plan Width": 436, "Total Cost": 3.092323214527019e+20}], "Sort Key": ["table_18.col_1", "table_33.col_2", "table_5.col_0", "table_58.col_0", "table_28.col_1", "table_9.col_0", "table_58.col_1"], "Plan Rows": 24706426214502404980736, "Node Type": "Sort", "Parent Relationship": "Outer", "Plan Width": 436, "Total Cost": 1.309510476703345e+23}, {"Startup Cost": 2.893969980887741e+26, "Plans": [{"Startup Cost": 2.893969980887741e+26, "Plans": [{"Startup Cost": 4370982919.99, "Plans": [{"Startup Cost": 4370982919.99, "Plans": [{"Startup Cost": 4370982866.34, "Plans": [{"Startup Cost": 4370982836.99, "Plans": [{"Startup Cost": 4370981830.57, "Plans": [{"Startup Cost": 4370981772.42, "Plans": [{"Startup Cost": 4370981748.47, "Plans": [{"Startup Cost": 4370981712.37, "Plans": [{"Startup Cost": 4370981674.69, "Plans": [{"Startup Cost": 4370981645.34, "Plans": [{"Startup Cost": 4370981607.67, "Plans": [{"Startup Cost": 4111842559.58, "Plans": [{"Startup Cost": 56.58, "Plans": [{"Startup Cost": 0.0, "Node Type": "Seq Scan", "Plan Rows": 800, "Relation Name": "table_23", "Alias": "table_23", "Parent Relationship": "Outer", "Plan Width": 72, "Total Cost": 18.0}], "Sort Key": ["table_23.col_1"], "Plan Rows": 800, "Node Type": "Sort", "Parent Relationship": "Outer", "Plan Width": 72, "Total Cost": 58.58}, {"Startup Cost": 4111842503.0, "Plans": [{"Startup Cost": 4111842503.0, "Plans": [{"Startup Cost": 3729636380.1, "Plans": [{"Startup Cost": 3729636339.35, "Plans": [{"Startup Cost": 3729635135.14, "Plans": [{"Startup Cost": 24.4, "Plans": [{"Startup Cost": 24.4, "Plans": [{"Startup Cost": 24.4, "Plans": [{"Startup Cost": 0.0, "Node Type": "Seq Scan", "Plan Rows": 1100, "Relation Name": "table_39", "Alias": "table_39", "Parent Relationship": "Outer", "Plan Width": 44, "Total Cost": 21.0}, {"Startup Cost": 16.4, "Plans": [{"Startup Cost": 0.0, "Node Type": "Seq Scan", "Plan Rows": 640, "Relation Name": "table_45", "Alias": "table_45", "Parent Relationship": "Outer", "Plan Width": 96, "Total Cost": 16.4}], "Plan Rows": 640, "Node Type": "Hash", "Parent Relationship": "Inner", "Plan Width": 96, "Total Cost": 16.4}], "Node Type": "Hash Join", "Plan Rows": 3520, "Join Type": "Right", "Hash Cond": "(table_39.col_3 = table_45.col_2)", "Parent Relationship": "Outer", "Plan Width": 140, "Total Cost": 171.35}, {"Startup Cost": 0.0, "Plans": [{"Startup Cost": 0.0, "Node Type": "Seq Scan", "Plan Rows": 1160, "Relation Name": "table_10", "Alias": "table_10", "Parent Relationship": "Outer", "Plan Width": 40, "Total Cost": 21.6}], "Plan Rows": 1160, "Node Type": "Materialize", "Parent Relationship": "Inner", "Plan Width": 40, "Total Cost": 27.4}], "Node Type": "Nested Loop", "Plan Rows": 4083200, "Join Type": "Inner", "Parent Relationship": "Outer", "Plan Width": 180, "Total Cost": 51235.85}, {"Startup Cost": 0.0, "Plans": [{"Startup Cost": 0.0, "Node Type": "Seq Scan", "Plan Rows": 830, "Relation Name": "table_52", "Alias": "table_52", "Parent Relationship": "Outer", "Plan Width": 68, "Total Cost": 18.3}], "Plan Rows": 830, "Node Type": "Materialize", "Parent Relationship": "Inner", "Plan Width": 68, "Total Cost": 22.45}], "Node Type": "Nested Loop", "Plan Rows": 3389056000, "Join Type": "Inner", "Parent Relationship": "Outer", "Plan Width": 248, "Total Cost": 42414456.23}], "Sort Key": ["table_52.col_1", "table_10.col_1"], "Plan Rows": 3389056000, "Node Type": "Sort", "Parent Relationship": "Outer", "Plan Width": 248, "Total Cost": 3738107775.14}, {"Startup Cost": 1204.21, "Plans": [{"Startup Cost": 226.35, "Plans": [{"Startup Cost": 76.57, "Plans": [{"Startup Cost": 0.0, "Node Type": "Seq Scan", "Plan Rows": 1100, "Relation Name": "table_32", "Alias": "table_32", "Parent Relationship": "Outer", "Plan Width": 44, "Total Cost": 21.0}], "Sort Key": ["table_32.col_3"], "Plan Rows": 1100, "Node Type": "Sort", "Parent Relationship": "Outer", "Plan Width": 44, "Total Cost": 79.32}, {"Startup Cost": 149.78, "Plans": [{"Startup Cost": 0.0, "Node Type": "Seq Scan", "Plan Rows": 2140, "Relation Name": "table_16", "Alias": "table_16", "Parent Relationship": "Outer", "Plan Width": 8, "Total Cost": 31.4}], "Sort Key": ["table_16.col_1"], "Plan Rows": 2140, "Node Type": "Sort", "Parent Relationship": "Inner", "Plan Width": 8, "Total Cost": 155.13}], "Node Type": "Merge Join", "Plan Rows": 11770, "Join Type": "Inner", "Parent Relationship": "Outer", "Plan Width": 52, "Merge Cond": "(table_32.col_3 = table_16.col_1)", "Total Cost": 408.4}], "Sort Key": ["table_32.col_3", "table_32.col_2"], "Plan Rows": 11770, "Node Type": "Sort", "Parent Relationship": "Inner", "Plan Width": 52, "Total Cost": 1233.64}], "Node Type": "Merge Join", "Plan Rows": 997229728, "Join Type": "Inner", "Parent Relationship": "Outer", "Plan Width": 300, "Merge Cond": "((table_52.col_1 = table_32.col_3) AND (table_10.col_1 = table_32.col_2))", "Total Cost": 3772505779.59}, {"Startup Cost": 22.3, "Plans": [{"Startup Cost": 0.0, "Node Type": "Seq Scan", "Plan Rows": 1230, "Relation Name": "table_3", "Alias": "table_3", "Parent Relationship": "Outer", "Plan Width": 36, "Total Cost": 22.3}], "Plan Rows": 1230, "Node Type": "Hash", "Parent Relationship": "Inner", "Plan Width": 36, "Total Cost": 22.3}], "Node Type": "Hash Join", "Plan Rows": 30664814, "Join Type": "Inner", "Hash Cond": "((table_16.col_0 = table_3.col_1) AND (table_45.col_1 = table_3.col_0))", "Parent Relationship": "Outer", "Plan Width": 336, "Total Cost": 4084446758.48}], "Sort Key": ["table_10.col_2"], "Plan Rows": 30664814, "Node Type": "Sort", "Parent Relationship": "Outer", "Plan Width": 336, "Total Cost": 4111919165.04}], "Plan Rows": 30664814, "Node Type": "Materialize", "Parent Relationship": "Inner", "Plan Width": 336, "Total Cost": 4111995827.07}], "Node Type": "Merge Join", "Plan Rows": 122659256, "Join Type": "Inner", "Parent Relationship": "Outer", "Plan Width": 408, "Merge Cond": "(table_23.col_1 = table_10.col_2)", "Total Cost": 4113759114.45}, {"Startup Cost": 259139048.09, "Plans": [{"Startup Cost": 259139048.09, "Plans": [{"Startup Cost": 718.07, "Plans": [{"Startup Cost": 683.32, "Plans": [{"Startup Cost": 653.97, "Plans": [{"Startup Cost": 617.87, "Plans": [{"Startup Cost": 58.54, "Plans": [{"Startup Cost": 0.0, "Node Type": "Seq Scan", "Plan Rows": 830, "Relation Name": "table_24", "Alias": "table_24", "Parent Relationship": "Outer", "Plan Width": 68, "Total Cost": 18.3}], "Sort Key": ["table_24.col_2"], "Plan Rows": 830, "Node Type": "Sort", "Parent Relationship": "Outer", "Plan Width": 68, "Total Cost": 60.62}, {"Startup Cost": 559.33, "Plans": [{"Startup Cost": 559.33, "Plans": [{"Startup Cost": 46.23, "Plans": [{"Startup Cost": 0.0, "Node Type": "Seq Scan", "Plan Rows": 640, "Relation Name": "table_42", "Alias": "table_42", "Parent Relationship": "Outer", "Plan Width": 96, "Total Cost": 16.4}], "Sort Key": ["table_42.col_1"], "Plan Rows": 640, "Node Type": "Sort", "Parent Relationship": "Outer", "Plan Width": 96, "Total Cost": 47.83}, {"Startup Cost": 513.1, "Plans": [{"Startup Cost": 513.1, "Plans": [{"Startup Cost": 60.52, "Plans": [{"Startup Cost": 0.0, "Node Type": "Seq Scan", "Plan Rows": 860, "Relation Name": "table_30", "Alias": "table_30", "Parent Relationship": "Outer", "Plan Width": 64, "Total Cost": 18.6}], "Sort Key": ["table_30.col_0"], "Plan Rows": 860, "Node Type": "Sort", "Parent Relationship": "Outer", "Plan Width": 64, "Total Cost": 62.67}, {"Startup Cost": 452.58, "Plans": [{"Startup Cost": 452.58, "Plans": [{"Startup Cost": 80.64, "Plans": [{"Startup Cost": 0.0, "Node Type": "Seq Scan", "Plan Rows": 1160, "Relation Name": "table_40", "Alias": "table_40", "Parent Relationship": "Outer", "Plan Width": 40, "Total Cost": 21.6}], "Sort Key": ["table_40.col_0"], "Plan Rows": 1160, "Node Type": "Sort", "Parent Relationship": "Outer", "Plan Width": 40, "Total Cost": 83.54}, {"Startup Cost": 371.94, "Plans": [{"Startup Cost": 28.68, "Plans": [{"Startup Cost": 0.0, "Node Type": "Seq Scan", "Plan Rows": 830, "Relation Name": "table_54", "Alias": "table_54", "Parent Relationship": "Outer", "Plan Width": 68, "Total Cost": 18.3}, {"Startup Cost": 18.3, "Plans": [{"Startup Cost": 0.0, "Node Type": "Seq Scan", "Plan Rows": 830, "Relation Name": "table_0", "Alias": "table_0", "Parent Relationship": "Outer", "Plan Width": 68, "Total Cost": 18.3}], "Plan Rows": 830, "Node Type": "Hash", "Parent Relationship": "Inner", "Plan Width": 68, "Total Cost": 18.3}], "Node Type": "Hash Join", "Plan Rows": 3444, "Join Type": "Inner", "Hash Cond": "(table_54.col_0 = table_0.col_2)", "Parent Relationship": "Outer", "Plan Width": 136, "Total Cost": 169.6}], "Sort Key": ["table_0.col_1"], "Plan Rows": 3444, "Node Type": "Sort", "Parent Relationship": "Inner", "Plan Width": 136, "Total Cost": 380.55}], "Node Type": "Merge Join", "Plan Rows": 19975, "Join Type": "Inner", "Parent Relationship": "Outer", "Plan Width": 176, "Merge Cond": "(table_40.col_0 = table_0.col_1)", "Total Cost": 758.0}], "Plan Rows": 19975, "Node Type": "Materialize", "Parent Relationship": "Inner", "Plan Width": 176, "Total Cost": 807.94}], "Node Type": "Merge Join", "Plan Rows": 85892, "Join Type": "Inner", "Parent Relationship": "Outer", "Plan Width": 240, "Merge Cond": "(table_30.col_0 = table_0.col_1)", "Total Cost": 2111.2}], "Plan Rows": 85892, "Node Type": "Materialize", "Parent Relationship": "Inner", "Plan Width": 240, "Total Cost": 2325.93}], "Node Type": "Merge Join", "Plan Rows": 274854, "Join Type": "Inner", "Parent Relationship": "Outer", "Plan Width": 336, "Merge Cond": "(table_42.col_1 = table_0.col_1)", "Total Cost": 6283.44}], "Plan Rows": 274854, "Node Type": "Materialize", "Parent Relationship": "Inner", "Plan Width": 336, "Total Cost": 6970.58}], "Node Type": "Merge Join", "Plan Rows": 1140644, "Join Type": "Right", "Parent Relationship": "Outer", "Plan Width": 404, "Merge Cond": "(table_24.col_2 = table_0.col_1)", "Total Cost": 23455.79}, {"Startup Cost": 21.6, "Plans": [{"Startup Cost": 0.0, "Node Type": "Seq Scan", "Plan Rows": 1160, "Relation Name": "table_26", "Alias": "table_26", "Parent Relationship": "Outer", "Plan Width": 40, "Total Cost": 21.6}], "Plan Rows": 1160, "Node Type": "Hash", "Parent Relationship": "Inner", "Plan Width": 40, "Total Cost": 21.6}], "Node Type": "Hash Join", "Plan Rows": 6615735, "Join Type": "Left", "Hash Cond": "(table_30.col_1 = table_26.col_2)", "Parent Relationship": "Outer", "Plan Width": 444, "Total Cost": 257894.23}, {"Startup Cost": 18.6, "Plans": [{"Startup Cost": 0.0, "Node Type": "Seq Scan", "Plan Rows": 860, "Relation Name": "table_17", "Alias": "table_17", "Parent Relationship": "Outer", "Plan Width": 64, "Total Cost": 18.6}], "Plan Rows": 860, "Node Type": "Hash", "Parent Relationship": "Inner", "Plan Width": 64, "Total Cost": 18.6}], "Node Type": "Hash Join", "Plan Rows": 28447660, "Join Type": "Left", "Hash Cond": "(table_30.col_1 = table_17.col_0)", "Parent Relationship": "Outer", "Plan Width": 508, "Total Cost": 1270131.03}, {"Startup Cost": 21.0, "Plans": [{"Startup Cost": 0.0, "Node Type": "Seq Scan", "Plan Rows": 1100, "Relation Name": "table_15", "Alias": "table_15", "Parent Relationship": "Outer", "Plan Width": 44, "Total Cost": 21.0}], "Plan Rows": 1100, "Node Type": "Hash", "Parent Relationship": "Inner", "Plan Width": 44, "Total Cost": 21.0}], "Node Type": "Hash Join", "Plan Rows": 156462130, "Join Type": "Inner", "Hash Cond": "(table_40.col_1 = table_15.col_1)", "Parent Relationship": "Outer", "Plan Width": 552, "Total Cost": 6817459.48}], "Sort Key": ["table_40.col_2"], "Plan Rows": 156462130, "Node Type": "Sort", "Parent Relationship": "Outer", "Plan Width": 552, "Total Cost": 259530203.41}], "Plan Rows": 156462130, "Node Type": "Materialize", "Parent Relationship": "Inner", "Plan Width": 552, "Total Cost": 259921358.74}], "Node Type": "Merge Join", "Plan Rows": 95957642289876, "Join Type": "Inner", "Parent Relationship": "Outer", "Plan Width": 960, "Merge Cond": "(table_10.col_2 = table_40.col_2)", "Total Cost": 1443738230314.15}, {"Startup Cost": 22.3, "Plans": [{"Startup Cost": 0.0, "Node Type": "Seq Scan", "Plan Rows": 1230, "Relation Name": "table_29", "Alias": "table_29", "Parent Relationship": "Outer", "Plan Width": 36, "Total Cost": 22.3}], "Plan Rows": 1230, "Node Type": "Hash", "Parent Relationship": "Inner", "Plan Width": 36, "Total Cost": 22.3}], "Node Type": "Hash Join", "Plan Rows": 590139500082737, "Join Type": "Left", "Hash Cond": "(table_15.col_0 = table_29.col_0)", "Parent Relationship": "Outer", "Plan Width": 996, "Total Cost": 22338514838972.32}, {"Startup Cost": 18.6, "Plans": [{"Startup Cost": 0.0, "Node Type": "Seq Scan", "Plan Rows": 860, "Relation Name": "table_53", "Alias": "table_53", "Parent Relationship": "Outer", "Plan Width": 64, "Total Cost": 18.6}], "Plan Rows": 860, "Node Type": "Hash", "Parent Relationship": "Inner", "Plan Width": 64, "Total Cost": 18.6}], "Node Type": "Hash Join", "Plan Rows": 2537599850355769, "Join Type": "Inner", "Hash Cond": "(table_42.col_2 = table_53.col_1)", "Parent Relationship": "Outer", "Plan Width": 1060, "Total Cost": 112629858351660.42}, {"Startup Cost": 22.3, "Plans": [{"Startup Cost": 0.0, "Node Type": "Seq Scan", "Plan Rows": 1230, "Relation Name": "table_37", "Alias": "table_37", "Parent Relationship": "Outer", "Plan Width": 36, "Total Cost": 22.3}], "Plan Rows": 1230, "Node Type": "Hash", "Parent Relationship": "Inner", "Plan Width": 36, "Total Cost": 22.3}], "Node Type": "Hash Join", "Plan Rows": 15606239079687980, "Join Type": "Left", "Hash Cond": "(table_23.col_3 = table_37.col_0)", "Parent Relationship": "Outer", "Plan Width": 1096, "Total Cost": 665192225766666.8}, {"Startup Cost": 21.6, "Plans": [{"Startup Cost": 0.0, "Node Type": "Seq Scan", "Plan Rows": 1160, "Relation Name": "table_62", "Alias": "table_62", "Parent Relationship": "Outer", "Plan Width": 40, "Total Cost": 21.6}], "Plan Rows": 1160, "Node Type": "Hash", "Parent Relationship": "Inner", "Plan Width": 40, "Total Cost": 21.6}], "Node Type": "Hash Join", "Plan Rows": 90516186662190288, "Join Type": "Left", "Hash Cond": "(table_32.col_3 = table_62.col_0)", "Parent Relationship": "Outer", "Plan Width": 1136, "Total Cost": 3872274356642583.0}, {"Startup Cost": 16.2, "Plans": [{"Startup Cost": 0.0, "Node Type": "Seq Scan", "Plan Rows": 620, "Relation Name": "table_41", "Alias": "table_41", "Parent Relationship": "Outer", "Plan Width": 100, "Total Cost": 16.2}], "Plan Rows": 620, "Node Type": "Hash", "Parent Relationship": "Inner", "Plan Width": 100, "Total Cost": 16.2}], "Node Type": "Hash Join", "Plan Rows": 280600178652789888, "Join Type": "Inner", "Hash Cond": "(table_0.col_2 = table_41.col_3)", "Parent Relationship": "Outer", "Plan Width": 1236, "Total Cost": 1.3919571076145728e+16}, {"Startup Cost": 31.4, "Plans": [{"Startup Cost": 0.0, "Node Type": "Seq Scan", "Plan Rows": 2140, "Relation Name": "table_61", "Alias": "table_61", "Parent Relationship": "Outer", "Plan Width": 8, "Total Cost": 31.4}], "Plan Rows": 2140, "Node Type": "Hash", "Parent Relationship": "Inner", "Plan Width": 8, "Total Cost": 31.4}], "Node Type": "Hash Join", "Plan Rows": 3002421911584851968, "Join Type": "Inner", "Hash Cond": "(table_40.col_1 = table_61.col_0)", "Parent Relationship": "Outer", "Plan Width": 1244, "Total Cost": 1.1970583842824758e+17}, {"Startup Cost": 482.68, "Plans": [{"Startup Cost": 299.23, "Plans": [{"Startup Cost": 85.43, "Plans": [{"Startup Cost": 0.0, "Node Type": "Seq Scan", "Plan Rows": 1230, "Relation Name": "table_60", "Alias": "table_60", "Parent Relationship": "Outer", "Plan Width": 36, "Total Cost": 22.3}], "Sort Key": ["table_60.col_0"], "Plan Rows": 1230, "Node Type": "Sort", "Parent Relationship": "Outer", "Plan Width": 36, "Total Cost": 88.5}, {"Startup Cost": 213.8, "Plans": [{"Startup Cost": 23.95, "Plans": [{"Startup Cost": 0.0, "Node Type": "Seq Scan", "Plan Rows": 620, "Relation Name": "table_20", "Alias": "table_20", "Parent Relationship": "Outer", "Plan Width": 100, "Total Cost": 16.2}, {"Startup Cost": 16.2, "Plans": [{"Startup Cost": 0.0, "Node Type": "Seq Scan", "Plan Rows": 620, "Relation Name": "table_8", "Alias": "table_8", "Parent Relationship": "Outer", "Plan Width": 100, "Total Cost": 16.2}], "Plan Rows": 620, "Node Type": "Hash", "Parent Relationship": "Inner", "Plan Width": 100, "Total Cost": 16.2}], "Node Type": "Hash Join", "Plan Rows": 1922, "Join Type": "Inner", "Hash Cond": "(table_20.col_1 = table_8.col_0)", "Parent Relationship": "Outer", "Plan Width": 200, "Total Cost": 108.97}], "Sort Key": ["table_20.col_3"], "Plan Rows": 1922, "Node Type": "Sort", "Parent Relationship": "Inner", "Plan Width": 200, "Total Cost": 218.6}], "Node Type": "Merge Join", "Plan Rows": 11820, "Join Type": "Inner", "Parent Relationship": "Outer", "Plan Width": 236, "Merge Cond": "(table_60.col_0 = table_20.col_3)", "Total Cost": 482.68}], "Plan Rows": 11820, "Node Type": "Hash", "Parent Relationship": "Inner", "Plan Width": 236, "Total Cost": 482.68}], "Node Type": "Hash Join", "Plan Rows": 177443134974664769536, "Join Type": "Inner", "Hash Cond": "(table_10.col_0 = table_8.col_0)", "Parent Relationship": "Outer", "Plan Width": 1480, "Total Cost": 7.267182306746648e+18}, {"Startup Cost": 18.6, "Plans": [{"Startup Cost": 0.0, "Node Type": "Seq Scan", "Plan Rows": 860, "Relation Name": "table_38", "Alias": "table_38", "Parent Relationship": "Outer", "Plan Width": 64, "Total Cost": 18.6}], "Plan Rows": 860, "Node Type": "Hash", "Parent Relationship": "Inner", "Plan Width": 64, "Total Cost": 18.6}], "Node Type": "Hash Join", "Plan Rows": 763005480391058522112, "Join Type": "Left", "Hash Cond": "(table_10.col_0 = table_38.col_0)", "Parent Relationship": "Outer", "Plan Width": 1544, "Total Cost": 3.441598195787036e+19}, {"Startup Cost": 29.4, "Plans": [{"Startup Cost": 0.0, "Node Type": "Seq Scan", "Plan Rows": 1940, "Relation Name": "table_63", "Alias": "table_63", "Parent Relationship": "Outer", "Plan Width": 12, "Total Cost": 29.4}], "Plan Rows": 1940, "Node Type": "Hash", "Parent Relationship": "Inner", "Plan Width": 12, "Total Cost": 29.4}], "Node Type": "Hash Join", "Plan Rows": 7401153159793267965952, "Join Type": "Inner", "Hash Cond": "(table_54.col_1 = table_63.col_1)", "Parent Relationship": "Outer", "Plan Width": 1556, "Total Cost": 2.9536385625161236e+20}, {"Startup Cost": 0.0, "Plans": [{"Startup Cost": 0.0, "Node Type": "Seq Scan", "Plan Rows": 1940, "Relation Name": "table_48", "Alias": "table_48", "Parent Relationship": "Outer", "Plan Width": 12, "Total Cost": 29.4}], "Plan Rows": 1940, "Node Type": "Materialize", "Parent Relationship": "Inner", "Plan Width": 12, "Total Cost": 39.1}], "Node Type": "Nested Loop", "Plan Rows": 14358237129998940113993728, "Join Type": "Inner", "Parent Relationship": "Outer", "Plan Width": 1568, "Total Cost": 1.7977332798123836e+23}], "Sort Key": ["table_30.col_0", "table_63.col_1", "table_53.col_1", "table_0.col_0", "table_15.col_0", "table_45.col_2", "table_48.col_1"], "Plan Rows": 14358237129998940113993728, "Node Type": "Sort", "Parent Relationship": "Outer", "Plan Width": 1568, "Total Cost": 2.894328936815991e+26}], "Plan Rows": 14358237129998940113993728, "Node Type": "Materialize", "Parent Relationship": "Inner", "Plan Width": 1568, "Total Cost": 2.894687892744241e+26}], "Node Type": "Merge Join", "Plan Rows": 27714119236144347063589611241472, "Join Type": "Inner", "Parent Relationship": "Outer", "Plan Width": 2004, "Merge Cond": "((table_18.col_1 = table_0.col_1) AND (table_33.col_2 = table_54.col_1) AND (table_5.col_0 = table_42.col_2) AND (table_21.col_2 = table_0.col_0) AND (table_28.col_1 = table_15.col_0) AND (table_9.col_0 = table_45.col_2) AND (table_58.col_1 = table_48.col_1))", "Total Cost": 8.317131413614222e+29}], "Plan Rows": 27714119236144347063589611241472, "Node Type": "Materialize", "Parent Relationship": "Inner", "Plan Width": 2004, "Total Cost": 9.009984394517832e+29}], "Node Type": "Merge Join", "Plan Rows": 3003004961011274981178185718169600, "Join Type": "Inner", "Parent Relationship": "Outer", "Plan Width": 2392, "Merge Cond": "((table_35.col_0 = table_0.col_1) AND (table_4.col_1 = table_54.col_1))", "Total Cost": 5.338429995905874e+31}, {"Startup Cost": 18.3, "Plans": [{"Startup Cost": 0.0, "Node Type": "Seq Scan", "Plan Rows": 830, "Relation Name": "table_57", "Alias": "table_57", "Parent Relationship": "Outer", "Plan Width": 68, "Total Cost": 18.3}], "Plan Rows": 830, "Node Type": "Hash", "Parent Relationship": "Inner", "Plan Width": 68, "Total Cost": 18.3}], "Node Type": "Hash Join", "Plan Rows": 12462470588196790451313530351124480, "Join Type": "Left", "Hash Cond": "(table_21.col_0 = table_57.col_0)", "Parent Relationship": "Outer", "Plan Width": 2460, "Total Cost": 4.970782829484746e+32}], "Sort Key": ["table_10.col_0"], "Plan Rows": 12462470588196790451313530351124480, "Node Type": "Sort", "Parent Relationship": "Outer", "Plan Width": 2460, "Total Cost": 5.498585704960194e+35}], "Plan Rows": 12462470588196790451313530351124480, "Node Type": "Materialize", "Parent Relationship": "Inner", "Plan Width": 2460, "Total Cost": 5.4988972667248995e+35}], "Node Type": "Merge Join", "Plan Rows": 505844069606341264838680812273483598153121792, "Join Type": "Inner", "Parent Relationship": "Outer", "Plan Width": 3208, "Merge Cond": "(table_14.col_0 = table_10.col_0)", "Total Cost": 7.587661593953689e+42}, {"Startup Cost": 22.3, "Plans": [{"Startup Cost": 0.0, "Node Type": "Seq Scan", "Plan Rows": 1230, "Relation Name": "table_47", "Alias": "table_47", "Parent Relationship": "Outer", "Plan Width": 36, "Total Cost": 22.3}], "Plan Rows": 1230, "Node Type": "Hash", "Parent Relationship": "Inner", "Plan Width": 36, "Total Cost": 22.3}], "Plan Rows": 3110941028078998675761275726938285257034563584, "Node Type": "Hash Join", "Join Type": "Right", "Hash Cond": "(table_59.col_1 = table_47.col_0)", "Plan Width": 3244, "Total Cost": 1.1773520775073451e+44}}]