[{"Plan": {"Startup Cost": 7.086585005786224e+33, "Plans": [{"Startup Cost": 7.086585005786224e+33, "Plans": [{"Startup Cost": 7.086585005786224e+33, "Plans": [{"Startup Cost": 7.086585005786224e+33, "Plans": [{"Startup Cost": 1.7735652882265586e+16, "Plans": [{"Startup Cost": 459.22, "Plans": [{"Startup Cost": 430.55, "Plans": [{"Startup Cost": 101.53, "Plans": [{"Startup Cost": 101.53, "Plans": [{"Startup Cost": 44.96, "Plans": [{"Startup Cost": 0.0, "Node Type": "Seq Scan", "Plan Rows": 620, "Relation Name": "table_20", "Alias": "table_20", "Parent Relationship": "Outer", "Plan Width": 100, "Total Cost": 16.2}], "Sort Key": ["table_20.col_1"], "Plan Rows": 620, "Node Type": "Sort", "Parent Relationship": "Outer", "Plan Width": 100, "Total Cost": 46.51}, {"Startup Cost": 56.58, "Plans": [{"Startup Cost": 0.0, "Node Type": "Seq Scan", "Plan Rows": 800, "Relation Name": "table_14", "Alias": "table_14", "Parent Relationship": "Outer", "Plan Width": 72, "Total Cost": 18.0}], "Sort Key": ["table_14.col_0"], "Plan Rows": 800, "Node Type": "Sort", "Parent Relationship": "Inner", "Plan Width": 72, "Total Cost": 58.58}], "Node Type": "Merge Join", "Plan Rows": 2480, "Join Type": "Inner", "Parent Relationship": "Outer", "Plan Width": 172, "Merge Cond": "(table_20.col_1 = table_14.col_0)", "Total Cost": 141.83}, {"Startup Cost": 0.0, "Plans": [{"Startup Cost": 0.0, "Node Type": "Seq Scan", "Plan Rows": 1230, "Relation Name": "table_60", "Alias": "table_60", "Parent Relationship": "Outer", "Plan Width": 36, "Total Cost": 22.3}], "Plan Rows": 1230, "Node Type": "Materialize", "Parent Relationship": "Inner", "Plan Width": 36, "Total Cost": 28.45}], "Node Type": "Nested Loop", "Plan Rows": 15252, "Join Type": "Inner", "Parent Relationship": "Outer", "Plan Width": 208, "Join Filter": "(table_20.col_3 = table_60.col_0)", "Total Cost": 45923.21}, {"Startup Cost": 329.02, "Plans": [{"Startup Cost": 329.02, "Plans": [{"Startup Cost": 291.34, "Plans": [{"Startup Cost": 58.54, "Plans": [{"Startup Cost": 0.0, "Node Type": "Seq Scan", "Plan Rows": 830, "Relation Name": "table_18", "Alias": "table_18_1", "Parent Relationship": "Outer", "Plan Width": 68, "Total Cost": 18.3}], "Sort Key": ["table_18_1.col_1"], "Plan Rows": 830, "Node Type": "Sort", "Parent Relationship": "Outer", "Plan Width": 68, "Total Cost": 60.62}, {"Startup Cost": 232.8, "Plans": [{"Startup Cost": 21.48, "Plans": [{"Startup Cost": 0.0, "Node Type": "Seq Scan", "Plan Rows": 830, "Relation Name": "table_0", "Alias": "table_0_1", "Parent Relationship": "Outer", "Plan Width": 68, "Total Cost": 18.3}, {"Startup Cost": 15.1, "Plans": [{"Startup Cost": 0.0, "Node Type": "Seq Scan", "Plan Rows": 510, "Relation Name": "table_50", "Alias": "table_50_1", "Parent Relationship": "Outer", "Plan Width": 128, "Total Cost": 15.1}], "Plan Rows": 510, "Node Type": "Hash", "Parent Relationship": "Inner", "Plan Width": 128, "Total Cost": 15.1}], "Node Type": "Hash Join", "Plan Rows": 2116, "Join Type": "Inner", "Hash Cond": "(table_0_1.col_1 = table_50_1.col_2)", "Parent Relationship": "Outer", "Plan Width": 196, "Total Cost": 115.92}], "Sort Key": ["table_50_1.col_3"], "Plan Rows": 2116, "Node Type": "Sort", "Parent Relationship": "Inner", "Plan Width": 196, "Total Cost": 238.09}], "Node Type": "Merge Join", "Plan Rows": 8781, "Join Type": "Left", "Parent Relationship": "Outer", "Plan Width": 264, "Merge Cond": "(table_18_1.col_1 = table_50_1.col_3)", "Total Cost": 427.21}, {"Startup Cost": 22.3, "Plans": [{"Startup Cost": 0.0, "Node Type": "Seq Scan", "Plan Rows": 1230, "Relation Name": "table_37", "Alias": "table_37_1", "Parent Relationship": "Outer", "Plan Width": 36, "Total Cost": 22.3}], "Plan Rows": 1230, "Node Type": "Hash", "Parent Relationship": "Inner", "Plan Width": 36, "Total Cost": 22.3}], "Node Type": "Hash Join", "Plan Rows": 54003, "Join Type": "Left", "Hash Cond": "(table_50_1.col_3 = table_37_1.col_0)", "Parent Relationship": "Outer", "Plan Width": 300, "Total Cost": 2376.94}, {"Startup Cost": 0.0, "Plans": [{"Startup Cost": 0.0, "Node Type": "Seq Scan", "Plan Rows": 1230, "Relation Name": "table_5", "Alias": "table_5", "Parent Relationship": "Outer", "Plan Width": 36, "Total Cost": 22.3}], "Plan Rows": 1230, "Node Type": "Materialize", "Parent Relationship": "Inner", "Plan Width": 36, "Total Cost": 28.45}], "Node Type": "Nested Loop", "Plan Rows": 66423690, "Join Type": "Inner", "Parent Relationship": "Inner", "Plan Width": 336, "Total Cost": 832698.44}], "Node Type": "Nested Loop", "Plan Rows": 1013094119880, "Join Type": "Inner", "Parent Relationship": "Outer", "Plan Width": 544, "Total Cost": 22831303801.12}, {"Startup Cost": 28.68, "Plans": [{"Startup Cost": 28.68, "Plans": [{"Startup Cost": 0.0, "Node Type": "Seq Scan", "Plan Rows": 830, "Relation Name": "table_33", "Alias": "table_33", "Parent Relationship": "Outer", "Plan Width": 68, "Total Cost": 18.3}, {"Startup Cost": 18.3, "Plans": [{"Startup Cost": 0.0, "Node Type": "Seq Scan", "Plan Rows": 830, "Relation Name": "table_4", "Alias": "table_4", "Parent Relationship": "Outer", "Plan Width": 68, "Total Cost": 18.3}], "Plan Rows": 830, "Node Type": "Hash", "Parent Relationship": "Inner", "Plan Width": 68, "Total Cost": 18.3}], "Node Type": "Hash Join", "Plan Rows": 3444, "Join Type": "Inner", "Hash Cond": "(table_33.col_2 = table_4.col_1)", "Parent Relationship": "Outer", "Plan Width": 136, "Total Cost": 169.6}], "Plan Rows": 3444, "Node Type": "Materialize", "Parent Relationship": "Inner", "Plan Width": 136, "Total Cost": 186.82}], "Node Type": "Nested Loop", "Plan Rows": 3489096148866720, "Join Type": "Inner", "Parent Relationship": "Outer", "Plan Width": 680, "Total Cost": 43636533164813.34}], "Sort Key": ["table_20.col_1", "table_5.col_0", "table_33.col_2", "table_14.col_3"], "Plan Rows": 3489096148866720, "Node Type": "Sort", "Parent Relationship": "Outer", "Plan Width": 680, "Total Cost": 1.7744375622637752e+16}, {"Startup Cost": 7.086585005786224e+33, "Plans": [{"Startup Cost": 7.086585005786224e+33, "Plans": [{"Startup Cost": 4.743528564270234e+21, "Plans": [{"Startup Cost": 4.743528564270234e+21, "Plans": [{"Startup Cost": 4.740120722607986e+21, "Plans": [{"Startup Cost": 50455.68, "Plans": [{"Startup Cost": 50427.0, "Plans": [{"Startup Cost": 50389.33, "Plans": [{"Startup Cost": 50360.65, "Plans": [{"Startup Cost": 50331.98, "Plans": [{"Startup Cost": 49724.89, "Plans": [{"Startup Cost": 49724.89, "Plans": [{"Startup Cost": 49724.89, "Plans": [{"Startup Cost": 49724.89, "Plans": [{"Startup Cost": 49724.89, "Plans": [{"Startup Cost": 106.75, "Plans": [{"Startup Cost": 106.75, "Plans": [{"Startup Cost": 106.75, "Plans": [{"Startup Cost": 46.23, "Plans": [{"Startup Cost": 0.0, "Node Type": "Seq Scan", "Plan Rows": 640, "Relation Name": "table_35", "Alias": "table_35", "Parent Relationship": "Outer", "Plan Width": 96, "Total Cost": 16.4}], "Sort Key": ["table_35.col_0"], "Plan Rows": 640, "Node Type": "Sort", "Parent Relationship": "Outer", "Plan Width": 96, "Total Cost": 47.83}, {"Startup Cost": 60.52, "Plans": [{"Startup Cost": 0.0, "Node Type": "Seq Scan", "Plan Rows": 860, "Relation Name": "table_30", "Alias": "table_30", "Parent Relationship": "Outer", "Plan Width": 64, "Total Cost": 18.6}], "Sort Key": ["table_30.col_0"], "Plan Rows": 860, "Node Type": "Sort", "Parent Relationship": "Inner", "Plan Width": 64, "Total Cost": 62.67}], "Node Type": "Merge Join", "Plan Rows": 2752, "Join Type": "Inner", "Parent Relationship": "Outer", "Plan Width": 160, "Merge Cond": "(table_35.col_0 = table_30.col_0)", "Total Cost": 151.23}, {"Startup Cost": 0.0, "Plans": [{"Startup Cost": 0.0, "Node Type": "Seq Scan", "Plan Rows": 640, "Relation Name": "table_59", "Alias": "table_59", "Parent Relationship": "Outer", "Plan Width": 96, "Total Cost": 16.4}], "Plan Rows": 640, "Node Type": "Materialize", "Parent Relationship": "Inner", "Plan Width": 96, "Total Cost": 19.6}], "Node Type": "Nested Loop", "Plan Rows": 8806, "Join Type": "Inner", "Parent Relationship": "Outer", "Plan Width": 256, "Join Filter": "(table_59.col_0 = table_35.col_1)", "Total Cost": 26588.43}, {"Startup Cost": 0.0, "Plans": [{"Startup Cost": 0.0, "Node Type": "Seq Scan", "Plan Rows": 620, "Relation Name": "table_31", "Alias": "table_31", "Parent Relationship": "Outer", "Plan Width": 100, "Total Cost": 16.2}], "Plan Rows": 620, "Node Type": "Materialize", "Parent Relationship": "Inner", "Plan Width": 100, "Total Cost": 19.3}], "Node Type": "Nested Loop", "Plan Rows": 5459720, "Join Type": "Inner", "Parent Relationship": "Outer", "Plan Width": 356, "Total Cost": 94852.68}, {"Startup Cost": 49618.14, "Plans": [{"Startup Cost": 49618.14, "Plans": [{"Startup Cost": 571.69, "Plans": [{"Startup Cost": 76.57, "Plans": [{"Startup Cost": 0.0, "Node Type": "Seq Scan", "Plan Rows": 1100, "Relation Name": "table_58", "Alias": "table_58", "Parent Relationship": "Outer", "Plan Width": 44, "Total Cost": 21.0}], "Sort Key": ["table_58.col_0"], "Plan Rows": 1100, "Node Type": "Sort", "Parent Relationship": "Outer", "Plan Width": 44, "Total Cost": 79.32}, {"Startup Cost": 495.12, "Plans": [{"Startup Cost": 495.12, "Plans": [{"Startup Cost": 123.19, "Plans": [{"Startup Cost": 0.0, "Node Type": "Seq Scan", "Plan Rows": 1770, "Relation Name": "table_21", "Alias": "table_21", "Parent Relationship": "Outer", "Plan Width": 16, "Total Cost": 27.7}], "Sort Key": ["table_21.col_2"], "Plan Rows": 1770, "Node Type": "Sort", "Parent Relationship": "Outer", "Plan Width": 16, "Total Cost": 127.61}, {"Startup Cost": 371.94, "Plans": [{"Startup Cost": 28.68, "Plans": [{"Startup Cost": 0.0, "Node Type": "Seq Scan", "Plan Rows": 830, "Relation Name": "table_0", "Alias": "table_0", "Parent Relationship": "Outer", "Plan Width": 68, "Total Cost": 18.3}, {"Startup Cost": 18.3, "Plans": [{"Startup Cost": 0.0, "Node Type": "Seq Scan", "Plan Rows": 830, "Relation Name": "table_54", "Alias": "table_54", "Parent Relationship": "Outer", "Plan Width": 68, "Total Cost": 18.3}], "Plan Rows": 830, "Node Type": "Hash", "Parent Relationship": "Inner", "Plan Width": 68, "Total Cost": 18.3}], "Node Type": "Hash Join", "Plan Rows": 3444, "Join Type": "Inner", "Hash Cond": "(table_0.col_2 = table_54.col_0)", "Parent Relationship": "Outer", "Plan Width": 136, "Total Cost": 169.6}], "Sort Key": ["table_0.col_0"], "Plan Rows": 3444, "Node Type": "Sort", "Parent Relationship": "Inner", "Plan Width": 136, "Total Cost": 380.55}], "Node Type": "Merge Join", "Plan Rows": 30479, "Join Type": "Inner", "Parent Relationship": "Outer", "Plan Width": 152, "Merge Cond": "(table_21.col_2 = table_0.col_0)", "Total Cost": 961.16}], "Plan Rows": 30479, "Node Type": "Materialize", "Parent Relationship": "Inner", "Plan Width": 152, "Total Cost": 1037.36}], "Node Type": "Merge Join", "Plan Rows": 167634, "Join Type": "Inner", "Parent Relationship": "Outer", "Plan Width": 196, "Merge Cond": "(table_58.col_0 = table_0.col_0)", "Total Cost": 3557.74}], "Sort Key": ["table_0.col_1"], "Plan Rows": 167634, "Node Type": "Sort", "Parent Relationship": "Outer", "Plan Width": 196, "Total Cost": 50037.22}], "Plan Rows": 167634, "Node Type": "Materialize", "Parent Relationship": "Inner", "Plan Width": 196, "Total Cost": 50456.31}], "Node Type": "Merge Join", "Plan Rows": 4576173512, "Join Type": "Inner", "Parent Relationship": "Outer", "Plan Width": 552, "Merge Cond": "(table_35.col_0 = table_0.col_1)", "Total Cost": 68801141.88}, {"Startup Cost": 0.0, "Plans": [{"Startup Cost": 0.0, "Node Type": "Seq Scan", "Plan Rows": 2140, "Relation Name": "table_49", "Alias": "table_49", "Parent Relationship": "Outer", "Plan Width": 8, "Total Cost": 31.4}], "Plan Rows": 2140, "Node Type": "Materialize", "Parent Relationship": "Inner", "Plan Width": 8, "Total Cost": 42.1}], "Node Type": "Nested Loop", "Plan Rows": 48965056578, "Join Type": "Inner", "Parent Relationship": "Outer", "Plan Width": 560, "Join Filter": "(table_21.col_3 = table_49.col_1)", "Total Cost": 146963970913.83}, {"Startup Cost": 0.0, "Plans": [{"Startup Cost": 0.0, "Node Type": "Seq Scan", "Plan Rows": 1160, "Relation Name": "table_26", "Alias": "table_26", "Parent Relationship": "Outer", "Plan Width": 40, "Total Cost": 21.6}], "Plan Rows": 1160, "Node Type": "Materialize", "Parent Relationship": "Inner", "Plan Width": 40, "Total Cost": 27.4}], "Node Type": "Nested Loop", "Plan Rows": 283997328152, "Join Type": "Left", "Parent Relationship": "Outer", "Plan Width": 600, "Join Filter": "(table_30.col_1 = table_26.col_2)", "Total Cost": 998955955395.53}, {"Startup Cost": 0.0, "Plans": [{"Startup Cost": 0.0, "Node Type": "Seq Scan", "Plan Rows": 620, "Relation Name": "table_41", "Alias": "table_41", "Parent Relationship": "Outer", "Plan Width": 100, "Total Cost": 16.2}], "Plan Rows": 620, "Node Type": "Materialize", "Parent Relationship": "Inner", "Plan Width": 100, "Total Cost": 19.3}], "Node Type": "Nested Loop", "Plan Rows": 880391717271, "Join Type": "Inner", "Parent Relationship": "Outer", "Plan Width": 700, "Join Filter": "(table_0.col_2 = table_41.col_3)", "Total Cost": 3640131107226.88}, {"Startup Cost": 0.0, "Plans": [{"Startup Cost": 0.0, "Node Type": "Seq Scan", "Plan Rows": 860, "Relation Name": "table_17", "Alias": "table_17", "Parent Relationship": "Outer", "Plan Width": 64, "Total Cost": 18.6}], "Plan Rows": 860, "Node Type": "Materialize", "Parent Relationship": "Inner", "Plan Width": 64, "Total Cost": 22.9}], "Node Type": "Nested Loop", "Plan Rows": 3785684384265, "Join Type": "Left", "Parent Relationship": "Outer", "Plan Width": 764, "Join Filter": "(table_30.col_1 = table_17.col_0)", "Total Cost": 14997184260043.53}, {"Startup Cost": 607.09, "Plans": [{"Startup Cost": 607.09, "Plans": [{"Startup Cost": 572.34, "Plans": [{"Startup Cost": 149.78, "Plans": [{"Startup Cost": 0.0, "Node Type": "Seq Scan", "Plan Rows": 2140, "Relation Name": "table_16", "Alias": "table_16", "Parent Relationship": "Outer", "Plan Width": 8, "Total Cost": 31.4}], "Sort Key": ["table_16.col_0"], "Plan Rows": 2140, "Node Type": "Sort", "Parent Relationship": "Outer", "Plan Width": 8, "Total Cost": 155.13}, {"Startup Cost": 422.56, "Plans": [{"Startup Cost": 24.4, "Plans": [{"Startup Cost": 0.0, "Node Type": "Seq Scan", "Plan Rows": 1230, "Relation Name": "table_3", "Alias": "table_3", "Parent Relationship": "Outer", "Plan Width": 36, "Total Cost": 22.3}, {"Startup Cost": 16.4, "Plans": [{"Startup Cost": 0.0, "Node Type": "Seq Scan", "Plan Rows": 640, "Relation Name": "table_45", "Alias": "table_45", "Parent Relationship": "Outer", "Plan Width": 96, "Total Cost": 16.4}], "Plan Rows": 640, "Node Type": "Hash", "Parent Relationship": "Inner", "Plan Width": 96, "Total Cost": 16.4}], "Node Type": "Hash Join", "Plan Rows": 3936, "Join Type": "Inner", "Hash Cond": "(table_3.col_0 = table_45.col_1)", "Parent Relationship": "Outer", "Plan Width": 132, "Total Cost": 187.54}], "Sort Key": ["table_3.col_1"], "Plan Rows": 3936, "Node Type": "Sort", "Parent Relationship": "Inner", "Plan Width": 132, "Total Cost": 432.4}], "Node Type": "Merge Join", "Plan Rows": 42115, "Join Type": "Inner", "Parent Relationship": "Outer", "Plan Width": 140, "Merge Cond": "(table_16.col_0 = table_3.col_1)", "Total Cost": 1214.77}, {"Startup Cost": 21.0, "Plans": [{"Startup Cost": 0.0, "Node Type": "Seq Scan", "Plan Rows": 1100, "Relation Name": "table_39", "Alias": "table_39", "Parent Relationship": "Outer", "Plan Width": 44, "Total Cost": 21.0}], "Plan Rows": 1100, "Node Type": "Hash", "Parent Relationship": "Inner", "Plan Width": 44, "Total Cost": 21.0}], "Node Type": "Hash Join", "Plan Rows": 231632, "Join Type": "Left", "Hash Cond": "(table_45.col_2 = table_39.col_3)", "Parent Relationship": "Outer", "Plan Width": 184, "Total Cost": 9461.94}], "Plan Rows": 231632, "Node Type": "Materialize", "Parent Relationship": "Inner", "Plan Width": 184, "Total Cost": 16502.1}], "Node Type": "Nested Loop", "Plan Rows": 876885645296070528, "Join Type": "Inner", "Parent Relationship": "Outer", "Plan Width": 948, "Total Cost": 3.3243463298717696e+16}, {"Startup Cost": 18.3, "Plans": [{"Startup Cost": 0.0, "Node Type": "Seq Scan", "Plan Rows": 830, "Relation Name": "table_52", "Alias": "table_52", "Parent Relationship": "Outer", "Plan Width": 68, "Total Cost": 18.3}], "Plan Rows": 830, "Node Type": "Hash", "Parent Relationship": "Inner", "Plan Width": 68, "Total Cost": 18.3}], "Node Type": "Hash Join", "Plan Rows": 3639075427978692608, "Join Type": "Inner", "Hash Cond": "(table_16.col_1 = table_52.col_1)", "Parent Relationship": "Outer", "Plan Width": 1016, "Total Cost": 1.6280331739121216e+17}, {"Startup Cost": 18.3, "Plans": [{"Startup Cost": 0.0, "Node Type": "Seq Scan", "Plan Rows": 830, "Relation Name": "table_24", "Alias": "table_24", "Parent Relationship": "Outer", "Plan Width": 68, "Total Cost": 18.3}], "Plan Rows": 830, "Node Type": "Hash", "Parent Relationship": "Inner", "Plan Width": 68, "Total Cost": 18.3}], "Node Type": "Hash Join", "Plan Rows": 15102163026111574016, "Join Type": "Left", "Hash Cond": "(table_0.col_1 = table_24.col_2)", "Parent Relationship": "Outer", "Plan Width": 1084, "Total Cost": 7.00476711875064e+17}, {"Startup Cost": 22.3, "Plans": [{"Startup Cost": 0.0, "Node Type": "Seq Scan", "Plan Rows": 1230, "Relation Name": "table_9", "Alias": "table_9", "Parent Relationship": "Outer", "Plan Width": 36, "Total Cost": 22.3}], "Plan Rows": 1230, "Node Type": "Hash", "Parent Relationship": "Inner", "Plan Width": 36, "Total Cost": 22.3}], "Node Type": "Hash Join", "Plan Rows": 92878302610586189824, "Join Type": "Inner", "Hash Cond": "(table_45.col_2 = table_9.col_0)", "Parent Relationship": "Outer", "Plan Width": 1120, "Total Cost": 3.9889727108108595e+18}, {"Startup Cost": 18.3, "Plans": [{"Startup Cost": 0.0, "Node Type": "Seq Scan", "Plan Rows": 830, "Relation Name": "table_57", "Alias": "table_57", "Parent Relationship": "Outer", "Plan Width": 68, "Total Cost": 18.3}], "Plan Rows": 830, "Node Type": "Hash", "Parent Relationship": "Inner", "Plan Width": 68, "Total Cost": 18.3}], "Node Type": "Hash Join", "Plan Rows": 385444955833932709888, "Join Type": "Left", "Hash Cond": "(table_21.col_0 = table_57.col_0)", "Parent Relationship": "Outer", "Plan Width": 1188, "Total Cost": 1.7711741921524972e+19}], "Sort Key": ["table_35.col_0", "table_16.col_1", "table_58.col_1"], "Plan Rows": 385444955833932709888, "Node Type": "Sort", "Parent Relationship": "Outer", "Plan Width": 1188, "Total Cost": 4.741084334997571e+21}, {"Startup Cost": 3.4078416622473953e+18, "Plans": [{"Startup Cost": 3.4078416622473953e+18, "Plans": [{"Startup Cost": 141288657473934.38, "Plans": [{"Startup Cost": 141288657473934.38, "Plans": [{"Startup Cost": 141288657473898.28, "Plans": [{"Startup Cost": 141288657473860.78, "Plans": [{"Startup Cost": 141288657473823.1, "Plans": [{"Startup Cost": 33402634.9, "Plans": [{"Startup Cost": 172.16, "Plans": [{"Startup Cost": 172.16, "Plans": [{"Startup Cost": 142.81, "Plans": [{"Startup Cost": 96.58, "Plans": [{"Startup Cost": 38.04, "Plans": [{"Startup Cost": 0.0, "Node Type": "Seq Scan", "Plan Rows": 510, "Relation Name": "table_50", "Alias": "table_50", "Parent Relationship": "Outer", "Plan Width": 128, "Total Cost": 15.1}], "Sort Key": ["table_50.col_0"], "Plan Rows": 510, "Node Type": "Sort", "Parent Relationship": "Outer", "Plan Width": 128, "Total Cost": 39.31}, {"Startup Cost": 58.54, "Plans": [{"Startup Cost": 0.0, "Node Type": "Seq Scan", "Plan Rows": 830, "Relation Name": "table_18", "Alias": "table_18", "Parent Relationship": "Outer", "Plan Width": 68, "Total Cost": 18.3}], "Sort Key": ["table_18.col_1"], "Plan Rows": 830, "Node Type": "Sort", "Parent Relationship": "Inner", "Plan Width": 68, "Total Cost": 60.62}], "Node Type": "Merge Join", "Plan Rows": 2116, "Join Type": "Inner", "Parent Relationship": "Outer", "Plan Width": 196, "Merge Cond": "(table_50.col_0 = table_18.col_1)", "Total Cost": 130.87}, {"Startup Cost": 46.23, "Plans": [{"Startup Cost": 0.0, "Node Type": "Seq Scan", "Plan Rows": 640, "Relation Name": "table_42", "Alias": "table_42", "Parent Relationship": "Outer", "Plan Width": 96, "Total Cost": 16.4}], "Sort Key": ["table_42.col_1"], "Plan Rows": 640, "Node Type": "Sort", "Parent Relationship": "Inner", "Plan Width": 96, "Total Cost": 47.83}], "Node Type": "Merge Join", "Plan Rows": 6771, "Join Type": "Inner", "Parent Relationship": "Outer", "Plan Width": 292, "Merge Cond": "(table_18.col_1 = table_42.col_1)", "Total Cost": 283.95}, {"Startup Cost": 18.6, "Plans": [{"Startup Cost": 0.0, "Node Type": "Seq Scan", "Plan Rows": 860, "Relation Name": "table_53", "Alias": "table_53", "Parent Relationship": "Outer", "Plan Width": 64, "Total Cost": 18.6}], "Plan Rows": 860, "Node Type": "Hash", "Parent Relationship": "Inner", "Plan Width": 64, "Total Cost": 18.6}], "Node Type": "Hash Join", "Plan Rows": 29115, "Join Type": "Inner", "Hash Cond": "(table_42.col_2 = table_53.col_1)", "Parent Relationship": "Outer", "Plan Width": 356, "Total Cost": 1349.26}, {"Startup Cost": 0.0, "Plans": [{"Startup Cost": 0.0, "Node Type": "Seq Scan", "Plan Rows": 1100, "Relation Name": "table_32", "Alias": "table_32", "Parent Relationship": "Outer", "Plan Width": 44, "Total Cost": 21.0}], "Plan Rows": 1100, "Node Type": "Materialize", "Parent Relationship": "Inner", "Plan Width": 44, "Total Cost": 26.5}], "Node Type": "Nested Loop", "Plan Rows": 32026500, "Join Type": "Inner", "Parent Relationship": "Outer", "Plan Width": 400, "Total Cost": 401704.26}], "Sort Key": ["table_18.col_1", "table_32.col_2", "table_18.col_2"], "Plan Rows": 32026500, "Node Type": "Sort", "Parent Relationship": "Outer", "Plan Width": 400, "Total Cost": 33482701.15}, {"Startup Cost": 141288624071188.2, "Plans": [{"Startup Cost": 141288624071188.2, "Plans": [{"Startup Cost": 774371164.02, "Plans": [{"Startup Cost": 774371164.02, "Plans": [{"Startup Cost": 1210418.04, "Plans": [{"Startup Cost": 513338.8, "Plans": [{"Startup Cost": 5417.29, "Plans": [{"Startup Cost": 756.29, "Plans": [{"Startup Cost": 60.52, "Plans": [{"Startup Cost": 0.0, "Node Type": "Seq Scan", "Plan Rows": 860, "Relation Name": "table_38", "Alias": "table_38", "Parent Relationship": "Outer", "Plan Width": 64, "Total Cost": 18.6}], "Sort Key": ["table_38.col_0"], "Plan Rows": 860, "Node Type": "Sort", "Parent Relationship": "Outer", "Plan Width": 64, "Total Cost": 62.67}, {"Startup Cost": 695.77, "Plans": [{"Startup Cost": 161.29, "Plans": [{"Startup Cost": 80.64, "Plans": [{"Startup Cost": 0.0, "Node Type": "Seq Scan", "Plan Rows": 1160, "Relation Name": "table_40", "Alias": "table_40", "Parent Relationship": "Outer", "Plan Width": 40, "Total Cost": 21.6}], "Sort Key": ["table_40.col_2"], "Plan Rows": 1160, "Node Type": "Sort", "Parent Relationship": "Outer", "Plan Width": 40, "Total Cost": 83.54}, {"Startup Cost": 80.64, "Plans": [{"Startup Cost": 0.0, "Node Type": "Seq Scan", "Plan Rows": 1160, "Relation Name": "table_10", "Alias": "table_10", "Parent Relationship": "Outer", "Plan Width": 40, "Total Cost": 21.6}], "Sort Key": ["table_10.col_2"], "Plan Rows": 1160, "Node Type": "Sort", "Parent Relationship": "Inner", "Plan Width": 40, "Total Cost": 83.54}], "Node Type": "Merge Join", "Plan Rows": 6728, "Join Type": "Inner", "Parent Relationship": "Outer", "Plan Width": 80, "Merge Cond": "(table_40.col_2 = table_10.col_2)", "Total Cost": 268.01}], "Sort Key": ["table_10.col_0"], "Plan Rows": 6728, "Node Type": "Sort", "Parent Relationship": "Inner", "Plan Width": 80, "Total Cost": 712.59}], "Node Type": "Merge Join", "Plan Rows": 28930, "Join Type": "Right", "Parent Relationship": "Outer", "Plan Width": 144, "Merge Cond": "(table_38.col_0 = table_10.col_0)", "Total Cost": 1194.54}], "Sort Key": ["table_40.col_0", "table_40.col_1"], "Plan Rows": 28930, "Node Type": "Sort", "Parent Relationship": "Outer", "Plan Width": 144, "Total Cost": 5489.62}, {"Startup Cost": 507921.51, "Plans": [{"Startup Cost": 507921.51, "Plans": [{"Startup Cost": 0.0, "Plans": [{"Startup Cost": 0.0, "Node Type": "Seq Scan", "Plan Rows": 2140, "Relation Name": "table_61", "Alias": "table_61", "Parent Relationship": "Outer", "Plan Width": 8, "Total Cost": 31.4}, {"Startup Cost": 0.0, "Plans": [{"Startup Cost": 0.0, "Node Type": "Seq Scan", "Plan Rows": 1100, "Relation Name": "table_6", "Alias": "table_6", "Parent Relationship": "Outer", "Plan Width": 44, "Total Cost": 21.0}], "Plan Rows": 1100, "Node Type": "Materialize", "Parent Relationship": "Inner", "Plan Width": 44, "Total Cost": 26.5}], "Node Type": "Nested Loop", "Plan Rows": 2354000, "Join Type": "Inner", "Parent Relationship": "Outer", "Plan Width": 52, "Total Cost": 29480.15}], "Sort Key": ["table_6.col_1", "table_61.col_0"], "Plan Rows": 2354000, "Node Type": "Sort", "Parent Relationship": "Outer", "Plan Width": 52, "Total Cost": 513806.51}], "Plan Rows": 2354000, "Node Type": "Materialize", "Parent Relationship": "Inner", "Plan Width": 52, "Total Cost": 519691.51}], "Node Type": "Merge Join", "Plan Rows": 1702530, "Join Type": "Inner", "Parent Relationship": "Outer", "Plan Width": 196, "Merge Cond": "((table_40.col_0 = table_6.col_1) AND (table_40.col_1 = table_61.col_0))", "Total Cost": 554121.08}], "Sort Key": ["table_6.col_1", "table_40.col_2"], "Plan Rows": 1702530, "Node Type": "Sort", "Parent Relationship": "Outer", "Plan Width": 196, "Total Cost": 1214674.36}, {"Startup Cost": 773160745.99, "Plans": [{"Startup Cost": 773160745.99, "Plans": [{"Startup Cost": 0.0, "Plans": [{"Startup Cost": 0.0, "Plans": [{"Startup Cost": 0.0, "Node Type": "Seq Scan", "Plan Rows": 1160, "Relation Name": "table_44", "Alias": "table_44", "Parent Relationship": "Outer", "Plan Width": 40, "Total Cost": 21.6}, {"Startup Cost": 0.0, "Plans": [{"Startup Cost": 0.0, "Node Type": "Seq Scan", "Plan Rows": 800, "Relation Name": "table_23", "Alias": "table_23", "Parent Relationship": "Outer", "Plan Width": 72, "Total Cost": 18.0}], "Plan Rows": 800, "Node Type": "Materialize", "Parent Relationship": "Inner", "Plan Width": 72, "Total Cost": 22.0}], "Node Type": "Nested Loop", "Plan Rows": 928000, "Join Type": "Inner", "Parent Relationship": "Outer", "Plan Width": 112, "Total Cost": 11641.6}, {"Startup Cost": 0.0, "Plans": [{"Startup Cost": 0.0, "Node Type": "Seq Scan", "Plan Rows": 1230, "Relation Name": "table_28", "Alias": "table_28", "Parent Relationship": "Outer", "Plan Width": 36, "Total Cost": 22.3}], "Plan Rows": 1230, "Node Type": "Materialize", "Parent Relationship": "Inner", "Plan Width": 36, "Total Cost": 28.45}], "Node Type": "Nested Loop", "Plan Rows": 1141440000, "Join Type": "Inner", "Parent Relationship": "Outer", "Plan Width": 148, "Total Cost": 14279666.97}], "Sort Key": ["table_44.col_0", "table_23.col_1"], "Plan Rows": 1141440000, "Node Type": "Sort", "Parent Relationship": "Outer", "Plan Width": 148, "Total Cost": 776014345.99}], "Plan Rows": 1141440000, "Node Type": "Materialize", "Parent Relationship": "Inner", "Plan Width": 148, "Total Cost": 778867945.99}], "Node Type": "Merge Join", "Plan Rows": 48583396080, "Join Type": "Inner", "Parent Relationship": "Outer", "Plan Width": 344, "Merge Cond": "((table_40.col_0 = table_44.col_0) AND (table_40.col_2 = table_23.col_1))", "Total Cost": 1627446964.4}, {"Startup Cost": 0.0, "Plans": [{"Startup Cost": 0.0, "Node Type": "Seq Scan", "Plan Rows": 1160, "Relation Name": "table_64", "Alias": "table_64", "Parent Relationship": "Outer", "Plan Width": 40, "Total Cost": 21.6}], "Plan Rows": 1160, "Node Type": "Materialize", "Parent Relationship": "Inner", "Plan Width": 40, "Total Cost": 27.4}], "Node Type": "Nested Loop", "Plan Rows": 56356739452800, "Join Type": "Inner", "Parent Relationship": "Outer", "Plan Width": 384, "Total Cost": 706086690148.9}], "Sort Key": ["table_6.col_1", "table_10.col_1", "table_64.col_0"], "Plan Rows": 56356739452800, "Node Type": "Sort", "Parent Relationship": "Outer", "Plan Width": 384, "Total Cost": 141429515919820.2}], "Plan Rows": 56356739452800, "Node Type": "Materialize", "Parent Relationship": "Inner", "Plan Width": 384, "Total Cost": 141570407768452.2}], "Node Type": "Merge Join", "Plan Rows": 225613639510637, "Join Type": "Inner", "Parent Relationship": "Outer", "Plan Width": 784, "Merge Cond": "((table_42.col_1 = table_40.col_0) AND (table_32.col_2 = table_10.col_1) AND (table_18.col_2 = table_64.col_0))", "Total Cost": 145941822432932.84}, {"Startup Cost": 22.3, "Plans": [{"Startup Cost": 0.0, "Node Type": "Seq Scan", "Plan Rows": 1230, "Relation Name": "table_37", "Alias": "table_37", "Parent Relationship": "Outer", "Plan Width": 36, "Total Cost": 22.3}], "Plan Rows": 1230, "Node Type": "Hash", "Parent Relationship": "Inner", "Plan Width": 36, "Total Cost": 22.3}], "Node Type": "Hash Join", "Plan Rows": 1387523882990418, "Join Type": "Left", "Hash Cond": "(table_23.col_3 = table_37.col_0)", "Parent Relationship": "Outer", "Plan Width": 820, "Total Cost": 195069192436411.75}, {"Startup Cost": 21.0, "Plans": [{"Startup Cost": 0.0, "Node Type": "Seq Scan", "Plan Rows": 1100, "Relation Name": "table_15", "Alias": "table_15", "Parent Relationship": "Outer", "Plan Width": 44, "Total Cost": 21.0}], "Plan Rows": 1100, "Node Type": "Hash", "Parent Relationship": "Inner", "Plan Width": 44, "Total Cost": 21.0}], "Node Type": "Hash Join", "Plan Rows": 38156906782236, "Join Type": "Inner", "Hash Cond": "((table_40.col_1 = table_15.col_1) AND (table_28.col_1 = table_15.col_0))", "Parent Relationship": "Outer", "Plan Width": 864, "Total Cost": 583957448741588.6}, {"Startup Cost": 21.6, "Plans": [{"Startup Cost": 0.0, "Node Type": "Seq Scan", "Plan Rows": 1160, "Relation Name": "table_62", "Alias": "table_62", "Parent Relationship": "Outer", "Plan Width": 40, "Total Cost": 21.6}], "Plan Rows": 1160, "Node Type": "Hash", "Parent Relationship": "Inner", "Plan Width": 40, "Total Cost": 21.6}], "Node Type": "Hash Join", "Plan Rows": 221310059336969, "Join Type": "Left", "Hash Cond": "(table_32.col_3 = table_62.col_0)", "Parent Relationship": "Outer", "Plan Width": 904, "Total Cost": 591798693085374.2}, {"Startup Cost": 0.0, "Plans": [{"Startup Cost": 0.0, "Node Type": "Seq Scan", "Plan Rows": 1940, "Relation Name": "table_48", "Alias": "table_48", "Parent Relationship": "Outer", "Plan Width": 12, "Total Cost": 29.4}], "Plan Rows": 1940, "Node Type": "Materialize", "Parent Relationship": "Inner", "Plan Width": 12, "Total Cost": 39.1}], "Node Type": "Nested Loop", "Plan Rows": 429341515113719872, "Join Type": "Inner", "Parent Relationship": "Outer", "Plan Width": 916, "Total Cost": 5958567632006907.0}], "Sort Key": ["table_18.col_1", "table_32.col_3", "table_48.col_1"], "Plan Rows": 429341515113719872, "Node Type": "Sort", "Parent Relationship": "Outer", "Plan Width": 916, "Total Cost": 3.4089150160351795e+18}], "Plan Rows": 429341515113719872, "Node Type": "Materialize", "Parent Relationship": "Inner", "Plan Width": 916, "Total Cost": 3.4099883698229637e+18}], "Node Type": "Merge Join", "Plan Rows": 20685940166335191414841031000064, "Join Type": "Inner", "Parent Relationship": "Outer", "Plan Width": 2104, "Merge Cond": "((table_0.col_1 = table_42.col_1) AND (table_16.col_1 = table_32.col_3) AND (table_58.col_1 = table_48.col_1))", "Total Cost": 4.137188080740879e+29}, {"Startup Cost": 29.4, "Plans": [{"Startup Cost": 0.0, "Node Type": "Seq Scan", "Plan Rows": 1940, "Relation Name": "table_63", "Alias": "table_63", "Parent Relationship": "Outer", "Plan Width": 12, "Total Cost": 29.4}], "Plan Rows": 1940, "Node Type": "Hash", "Parent Relationship": "Inner", "Plan Width": 12, "Total Cost": 29.4}], "Node Type": "Hash Join", "Plan Rows": 200653619613451357624677926174720, "Join Type": "Inner", "Hash Cond": "(table_54.col_1 = table_63.col_1)", "Parent Relationship": "Outer", "Plan Width": 2116, "Total Cost": 7.488310344960725e+30}], "Sort Key": ["table_10.col_0", "table_42.col_2", "table_63.col_1", "table_31.col_0"], "Plan Rows": 200653619613451357624677926174720, "Node Type": "Sort", "Parent Relationship": "Outer", "Plan Width": 2116, "Total Cost": 7.087086639835258e+33}], "Plan Rows": 200653619613451357624677926174720, "Node Type": "Materialize", "Parent Relationship": "Inner", "Plan Width": 2116, "Total Cost": 7.087588273884291e+33}], "Node Type": "Merge Join", "Plan Rows": 437562357155913105481263961952357449728, "Join Type": "Inner", "Parent Relationship": "Outer", "Plan Width": 2796, "Merge Cond": "((table_14.col_0 = table_10.col_0) AND (table_5.col_0 = table_42.col_2) AND (table_33.col_2 = table_54.col_1) AND (table_14.col_3 = table_31.col_0))", "Total Cost": 9.852240122647881e+36}, {"Startup Cost": 0.0, "Plans": [{"Startup Cost": 0.0, "Node Type": "Seq Scan", "Plan Rows": 1230, "Relation Name": "table_29", "Alias": "table_29", "Parent Relationship": "Outer", "Plan Width": 36, "Total Cost": 22.3}], "Plan Rows": 1230, "Node Type": "Materialize", "Parent Relationship": "Inner", "Plan Width": 36, "Total Cost": 28.45}], "Node Type": "Nested Loop", "Plan Rows": 2691008496508865621377132483781295341568, "Join Type": "Left", "Parent Relationship": "Outer", "Plan Width": 2832, "Join Filter": "(table_15.col_0 = table_29.col_0)", "Total Cost": 8.082877729649245e+39}, {"Startup Cost": 37311994.51, "Plans": [{"Startup Cost": 37311994.51, "Plans": [{"Startup Cost": 239.88, "Plans": [{"Startup Cost": 239.88, "Plans": [{"Startup Cost": 46.23, "Plans": [{"Startup Cost": 0.0, "Node Type": "Seq Scan", "Plan Rows": 640, "Relation Name": "table_42", "Alias": "table_42_1", "Parent Relationship": "Outer", "Plan Width": 96, "Total Cost": 16.4}], "Sort Key": ["table_42_1.col_0"], "Plan Rows": 640, "Node Type": "Sort", "Parent Relationship": "Outer", "Plan Width": 96, "Total Cost": 47.83}, {"Startup Cost": 193.65, "Plans": [{"Startup Cost": 193.65, "Plans": [{"Startup Cost": 117.08, "Plans": [{"Startup Cost": 58.54, "Plans": [{"Startup Cost": 0.0, "Node Type": "Seq Scan", "Plan Rows": 830, "Relation Name": "table_0", "Alias": "table_0_2", "Parent Relationship": "Outer", "Plan Width": 68, "Total Cost": 18.3}], "Sort Key": ["table_0_2.col_1"], "Plan Rows": 830, "Node Type": "Sort", "Parent Relationship": "Outer", "Plan Width": 68, "Total Cost": 60.62}, {"Startup Cost": 58.54, "Plans": [{"Startup Cost": 0.0, "Node Type": "Seq Scan", "Plan Rows": 830, "Relation Name": "table_24", "Alias": "table_24_1", "Parent Relationship": "Outer", "Plan Width": 68, "Total Cost": 18.3}], "Sort Key": ["table_24_1.col_1"], "Plan Rows": 830, "Node Type": "Sort", "Parent Relationship": "Inner", "Plan Width": 68, "Total Cost": 60.62}], "Node Type": "Merge Join", "Plan Rows": 3444, "Join Type": "Inner", "Parent Relationship": "Outer", "Plan Width": 136, "Merge Cond": "(table_0_2.col_1 = table_24_1.col_1)", "Total Cost": 172.89}, {"Startup Cost": 76.57, "Plans": [{"Startup Cost": 0.0, "Node Type": "Seq Scan", "Plan Rows": 1100, "Relation Name": "table_15", "Alias": "table_15_1", "Parent Relationship": "Outer", "Plan Width": 44, "Total Cost": 21.0}], "Sort Key": ["table_15_1.col_3"], "Plan Rows": 1100, "Node Type": "Sort", "Parent Relationship": "Inner", "Plan Width": 44, "Total Cost": 79.32}], "Node Type": "Merge Join", "Plan Rows": 18942, "Join Type": "Inner", "Parent Relationship": "Outer", "Plan Width": 180, "Merge Cond": "(table_0_2.col_1 = table_15_1.col_3)", "Total Cost": 542.2}], "Plan Rows": 18942, "Node Type": "Materialize", "Parent Relationship": "Inner", "Plan Width": 180, "Total Cost": 589.56}], "Node Type": "Merge Join", "Plan Rows": 60614, "Join Type": "Left", "Parent Relationship": "Outer", "Plan Width": 276, "Merge Cond": "(table_42_1.col_0 = table_15_1.col_3)", "Total Cost": 1500.84}, {"Startup Cost": 0.0, "Plans": [{"Startup Cost": 0.0, "Node Type": "Seq Scan", "Plan Rows": 620, "Relation Name": "table_8", "Alias": "table_8", "Parent Relationship": "Outer", "Plan Width": 100, "Total Cost": 16.2}], "Plan Rows": 620, "Node Type": "Materialize", "Parent Relationship": "Inner", "Plan Width": 100, "Total Cost": 19.3}], "Node Type": "Nested Loop", "Plan Rows": 37580680, "Join Type": "Inner", "Parent Relationship": "Outer", "Plan Width": 376, "Total Cost": 471277.09}], "Sort Key": ["table_8.col_0"], "Plan Rows": 37580680, "Node Type": "Sort", "Parent Relationship": "Outer", "Plan Width": 376, "Total Cost": 37405946.21}], "Plan Rows": 37580680, "Node Type": "Materialize", "Parent Relationship": "Inner", "Plan Width": 376, "Total Cost": 37499897.91}], "Node Type": "Merge Join", "Plan Rows": 505649645922903967270095226864347173353422848, "Join Type": "Inner", "Parent Relationship": "Outer", "Plan Width": 3208, "Merge Cond": "(table_10.col_0 = table_8.col_0)", "Total Cost": 7.59283429409445e+42}, {"Startup Cost": 22.3, "Plans": [{"Startup Cost": 0.0, "Node Type": "Seq Scan", "Plan Rows": 1230, "Relation Name": "table_47", "Alias": "table_47", "Parent Relationship": "Outer", "Plan Width": 36, "Total Cost": 22.3}], "Plan Rows": 1230, "Node Type": "Hash", "Parent Relationship": "Inner", "Plan Width": 36, "Total Cost": 22.3}], "Plan Rows": 3109745322425859184795046856702023613554884608, "Node Type": "Hash Join", "Join Type": "Right", "Hash Cond": "(table_59.col_1 = table_47.col_0)", "Plan Width": 3244, "Total Cost": 1.176980446938068e+44}}]