[{"Plan": {"Startup Cost": 1860851553.13, "Plans": [{"Startup Cost": 1860851517.03, "Plans": [{"Startup Cost": 85.43, "Plans": [{"Startup Cost": 0.0, "Node Type": "Seq Scan", "Plan Rows": 1230, "Relation Name": "table_7", "Alias": "table_7", "Parent Relationship": "Outer", "Plan Width": 36, "Total Cost": 22.3}], "Sort Key": ["table_7.col_1"], "Plan Rows": 1230, "Node Type": "Sort", "Parent Relationship": "Outer", "Plan Width": 36, "Total Cost": 88.5}, {"Startup Cost": 1860851431.6, "Plans": [{"Startup Cost": 1860851431.6, "Plans": [{"Startup Cost": 216725.47, "Plans": [{"Startup Cost": 216502.82, "Plans": [{"Startup Cost": 216446.25, "Plans": [{"Startup Cost": 0.0, "Plans": [{"Startup Cost": 0.0, "Node Type": "Seq Scan", "Plan Rows": 860, "Relation Name": "table_25", "Alias": "table_25", "Parent Relationship": "Outer", "Plan Width": 64, "Total Cost": 18.6}, {"Startup Cost": 0.0, "Plans": [{"Startup Cost": 0.0, "Node Type": "Seq Scan", "Plan Rows": 800, "Relation Name": "table_61", "Alias": "table_61_1", "Parent Relationship": "Outer", "Plan Width": 72, "Total Cost": 18.0}], "Plan Rows": 800, "Node Type": "Materialize", "Parent Relationship": "Inner", "Plan Width": 72, "Total Cost": 22.0}], "Node Type": "Nested Loop", "Plan Rows": 688000, "Join Type": "Inner", "Parent Relationship": "Outer", "Plan Width": 136, "Total Cost": 8638.6}], "Sort Key": ["table_25.col_0"], "Plan Rows": 688000, "Node Type": "Sort", "Parent Relationship": "Outer", "Plan Width": 136, "Total Cost": 218166.25}, {"Startup Cost": 56.58, "Plans": [{"Startup Cost": 0.0, "Node Type": "Seq Scan", "Plan Rows": 800, "Relation Name": "table_28", "Alias": "table_28", "Parent Relationship": "Outer", "Plan Width": 72, "Total Cost": 18.0}], "Sort Key": ["table_28.col_0"], "Plan Rows": 800, "Node Type": "Sort", "Parent Relationship": "Inner", "Plan Width": 72, "Total Cost": 58.58}], "Node Type": "Merge Join", "Plan Rows": 2752000, "Join Type": "Left", "Parent Relationship": "Outer", "Plan Width": 208, "Merge Cond": "(table_25.col_0 = table_28.col_0)", "Total Cost": 261222.82}, {"Startup Cost": 222.65, "Plans": [{"Startup Cost": 222.65, "Plans": [{"Startup Cost": 56.58, "Plans": [{"Startup Cost": 0.0, "Node Type": "Seq Scan", "Plan Rows": 800, "Relation Name": "table_51", "Alias": "table_51_1", "Parent Relationship": "Outer", "Plan Width": 72, "Total Cost": 18.0}], "Sort Key": ["table_51_1.col_2"], "Plan Rows": 800, "Node Type": "Sort", "Parent Relationship": "Outer", "Plan Width": 72, "Total Cost": 58.58}, {"Startup Cost": 166.07, "Plans": [{"Startup Cost": 166.07, "Plans": [{"Startup Cost": 85.43, "Plans": [{"Startup Cost": 0.0, "Node Type": "Seq Scan", "Plan Rows": 1230, "Relation Name": "table_0", "Alias": "table_0_2", "Parent Relationship": "Outer", "Plan Width": 36, "Total Cost": 22.3}], "Sort Key": ["table_0_2.col_0"], "Plan Rows": 1230, "Node Type": "Sort", "Parent Relationship": "Outer", "Plan Width": 36, "Total Cost": 88.5}, {"Startup Cost": 80.64, "Plans": [{"Startup Cost": 0.0, "Node Type": "Seq Scan", "Plan Rows": 1160, "Relation Name": "table_53", "Alias": "table_53", "Parent Relationship": "Outer", "Plan Width": 40, "Total Cost": 21.6}], "Sort Key": ["table_53.col_0"], "Plan Rows": 1160, "Node Type": "Sort", "Parent Relationship": "Inner", "Plan Width": 40, "Total Cost": 83.54}], "Node Type": "Merge Join", "Plan Rows": 7134, "Join Type": "Left", "Parent Relationship": "Outer", "Plan Width": 76, "Merge Cond": "(table_0_2.col_0 = table_53.col_0)", "Total Cost": 279.23}], "Plan Rows": 7134, "Node Type": "Materialize", "Parent Relationship": "Inner", "Plan Width": 76, "Total Cost": 297.06}], "Node Type": "Merge Join", "Plan Rows": 28536, "Join Type": "Inner", "Parent Relationship": "Outer", "Plan Width": 148, "Merge Cond": "(table_51_1.col_2 = table_0_2.col_0)", "Total Cost": 767.85}], "Plan Rows": 28536, "Node Type": "Materialize", "Parent Relationship": "Inner", "Plan Width": 148, "Total Cost": 1510.53}], "Node Type": "Nested Loop", "Plan Rows": 392655360, "Join Type": "Left", "Parent Relationship": "Outer", "Plan Width": 356, "Join Filter": "(table_0_2.col_1 = table_61_1.col_1)", "Total Cost": 2829428142.01}, {"Startup Cost": 1860634706.13, "Plans": [{"Startup Cost": 1860634706.13, "Plans": [{"Startup Cost": 1860634526.37, "Plans": [{"Startup Cost": 1860634526.37, "Plans": [{"Startup Cost": 1860634384.37, "Plans": [{"Startup Cost": 1860634384.37, "Plans": [{"Startup Cost": 1860634384.37, "Plans": [{"Startup Cost": 1860634384.37, "Plans": [{"Startup Cost": 1860634192.45, "Plans": [{"Startup Cost": 1860634192.45, "Plans": [{"Startup Cost": 1860634192.45, "Plans": [{"Startup Cost": 1860634192.45, "Plans": [{"Startup Cost": 1860634192.45, "Plans": [{"Startup Cost": 1860634192.45, "Plans": [{"Startup Cost": 1860634192.45, "Plans": [{"Startup Cost": 48154.87, "Plans": [{"Startup Cost": 48154.87, "Plans": [{"Startup Cost": 48154.87, "Plans": [{"Startup Cost": 48130.92, "Plans": [{"Startup Cost": 838.29, "Plans": [{"Startup Cost": 838.29, "Plans": [{"Startup Cost": 60.52, "Plans": [{"Startup Cost": 0.0, "Node Type": "Seq Scan", "Plan Rows": 860, "Relation Name": "table_2", "Alias": "table_2", "Parent Relationship": "Outer", "Plan Width": 64, "Total Cost": 18.6}], "Sort Key": ["table_2.col_0"], "Plan Rows": 860, "Node Type": "Sort", "Parent Relationship": "Outer", "Plan Width": 64, "Total Cost": 62.67}, {"Startup Cost": 777.77, "Plans": [{"Startup Cost": 170.85, "Plans": [{"Startup Cost": 85.43, "Plans": [{"Startup Cost": 0.0, "Node Type": "Seq Scan", "Plan Rows": 1230, "Relation Name": "table_46", "Alias": "table_46", "Parent Relationship": "Outer", "Plan Width": 36, "Total Cost": 22.3}], "Sort Key": ["table_46.col_0"], "Plan Rows": 1230, "Node Type": "Sort", "Parent Relationship": "Outer", "Plan Width": 36, "Total Cost": 88.5}, {"Startup Cost": 85.43, "Plans": [{"Startup Cost": 0.0, "Node Type": "Seq Scan", "Plan Rows": 1230, "Relation Name": "table_0", "Alias": "table_0", "Parent Relationship": "Outer", "Plan Width": 36, "Total Cost": 22.3}], "Sort Key": ["table_0.col_0"], "Plan Rows": 1230, "Node Type": "Sort", "Parent Relationship": "Inner", "Plan Width": 36, "Total Cost": 88.5}], "Node Type": "Merge Join", "Plan Rows": 7564, "Join Type": "Inner", "Parent Relationship": "Outer", "Plan Width": 72, "Merge Cond": "(table_46.col_0 = table_0.col_0)", "Total Cost": 290.46}], "Sort Key": ["table_46.col_1"], "Plan Rows": 7564, "Node Type": "Sort", "Parent Relationship": "Inner", "Plan Width": 72, "Total Cost": 796.68}], "Node Type": "Merge Join", "Plan Rows": 32525, "Join Type": "Inner", "Parent Relationship": "Outer", "Plan Width": 136, "Merge Cond": "(table_2.col_0 = table_46.col_1)", "Total Cost": 1330.46}, {"Startup Cost": 0.0, "Plans": [{"Startup Cost": 0.0, "Node Type": "Seq Scan", "Plan Rows": 2140, "Relation Name": "table_1", "Alias": "table_1", "Parent Relationship": "Outer", "Plan Width": 8, "Total Cost": 31.4}], "Plan Rows": 2140, "Node Type": "Materialize", "Parent Relationship": "Inner", "Plan Width": 8, "Total Cost": 42.1}], "Node Type": "Nested Loop", "Plan Rows": 69603500, "Join Type": "Inner", "Parent Relationship": "Outer", "Plan Width": 144, "Total Cost": 871410.96}, {"Startup Cost": 47292.63, "Plans": [{"Startup Cost": 47232.12, "Plans": [{"Startup Cost": 46.23, "Plans": [{"Startup Cost": 0.0, "Node Type": "Seq Scan", "Plan Rows": 640, "Relation Name": "table_4", "Alias": "table_4", "Parent Relationship": "Outer", "Plan Width": 96, "Total Cost": 16.4}], "Sort Key": ["table_4.col_1"], "Plan Rows": 640, "Node Type": "Sort", "Parent Relationship": "Outer", "Plan Width": 96, "Total Cost": 47.83}, {"Startup Cost": 47185.89, "Plans": [{"Startup Cost": 47185.89, "Plans": [{"Startup Cost": 696.23, "Plans": [{"Startup Cost": 76.57, "Plans": [{"Startup Cost": 0.0, "Node Type": "Seq Scan", "Plan Rows": 1100, "Relation Name": "table_47", "Alias": "table_47", "Parent Relationship": "Outer", "Plan Width": 44, "Total Cost": 21.0}], "Sort Key": ["table_47.col_2"], "Plan Rows": 1100, "Node Type": "Sort", "Parent Relationship": "Outer", "Plan Width": 44, "Total Cost": 79.32}, {"Startup Cost": 619.66, "Plans": [{"Startup Cost": 619.66, "Plans": [{"Startup Cost": 80.64, "Plans": [{"Startup Cost": 0.0, "Node Type": "Seq Scan", "Plan Rows": 1160, "Relation Name": "table_34", "Alias": "table_34", "Parent Relationship": "Outer", "Plan Width": 40, "Total Cost": 21.6}], "Sort Key": ["table_34.col_2"], "Plan Rows": 1160, "Node Type": "Sort", "Parent Relationship": "Outer", "Plan Width": 40, "Total Cost": 83.54}, {"Startup Cost": 539.02, "Plans": [{"Startup Cost": 143.97, "Plans": [{"Startup Cost": 58.54, "Plans": [{"Startup Cost": 0.0, "Node Type": "Seq Scan", "Plan Rows": 830, "Relation Name": "table_41", "Alias": "table_41", "Parent Relationship": "Outer", "Plan Width": 68, "Total Cost": 18.3}], "Sort Key": ["table_41.col_0"], "Plan Rows": 830, "Node Type": "Sort", "Parent Relationship": "Outer", "Plan Width": 68, "Total Cost": 60.62}, {"Startup Cost": 85.43, "Plans": [{"Startup Cost": 0.0, "Node Type": "Seq Scan", "Plan Rows": 1230, "Relation Name": "table_57", "Alias": "table_57", "Parent Relationship": "Outer", "Plan Width": 36, "Total Cost": 22.3}], "Sort Key": ["table_57.col_0"], "Plan Rows": 1230, "Node Type": "Sort", "Parent Relationship": "Inner", "Plan Width": 36, "Total Cost": 88.5}], "Node Type": "Merge Join", "Plan Rows": 5104, "Join Type": "Inner", "Parent Relationship": "Outer", "Plan Width": 104, "Merge Cond": "(table_41.col_0 = table_57.col_0)", "Total Cost": 224.68}], "Sort Key": ["table_41.col_1"], "Plan Rows": 5104, "Node Type": "Sort", "Parent Relationship": "Inner", "Plan Width": 104, "Total Cost": 551.78}], "Node Type": "Merge Join", "Plan Rows": 29603, "Join Type": "Inner", "Parent Relationship": "Outer", "Plan Width": 144, "Merge Cond": "(table_34.col_2 = table_41.col_1)", "Total Cost": 1069.51}], "Plan Rows": 29603, "Node Type": "Materialize", "Parent Relationship": "Inner", "Plan Width": 144, "Total Cost": 1143.52}], "Node Type": "Merge Join", "Plan Rows": 162816, "Join Type": "Inner", "Parent Relationship": "Outer", "Plan Width": 188, "Merge Cond": "(table_47.col_2 = table_41.col_1)", "Total Cost": 3593.82}], "Sort Key": ["table_34.col_0"], "Plan Rows": 162816, "Node Type": "Sort", "Parent Relationship": "Outer", "Plan Width": 188, "Total Cost": 47592.93}], "Plan Rows": 162816, "Node Type": "Materialize", "Parent Relationship": "Inner", "Plan Width": 188, "Total Cost": 47999.97}], "Node Type": "Merge Join", "Plan Rows": 521011, "Join Type": "Inner", "Parent Relationship": "Outer", "Plan Width": 284, "Merge Cond": "(table_4.col_1 = table_34.col_0)", "Total Cost": 55457.52}, {"Startup Cost": 60.52, "Plans": [{"Startup Cost": 0.0, "Node Type": "Seq Scan", "Plan Rows": 860, "Relation Name": "table_40", "Alias": "table_40", "Parent Relationship": "Outer", "Plan Width": 64, "Total Cost": 18.6}], "Sort Key": ["table_40.col_1"], "Plan Rows": 860, "Node Type": "Sort", "Parent Relationship": "Inner", "Plan Width": 64, "Total Cost": 62.67}], "Node Type": "Merge Join", "Plan Rows": 2240347, "Join Type": "Inner", "Parent Relationship": "Inner", "Plan Width": 348, "Merge Cond": "(table_34.col_0 = table_40.col_1)", "Total Cost": 90425.77}], "Node Type": "Nested Loop", "Plan Rows": 3898399810, "Join Type": "Inner", "Parent Relationship": "Outer", "Plan Width": 492, "Join Filter": "((table_41.col_0 = table_0.col_1) AND (table_41.col_1 = table_1.col_0))", "Total Cost": 8632991001177.72}, {"Startup Cost": 23.95, "Plans": [{"Startup Cost": 23.95, "Plans": [{"Startup Cost": 0.0, "Node Type": "Seq Scan", "Plan Rows": 800, "Relation Name": "table_61", "Alias": "table_61", "Parent Relationship": "Outer", "Plan Width": 72, "Total Cost": 18.0}, {"Startup Cost": 16.2, "Plans": [{"Startup Cost": 0.0, "Node Type": "Seq Scan", "Plan Rows": 620, "Relation Name": "table_10", "Alias": "table_10", "Parent Relationship": "Outer", "Plan Width": 100, "Total Cost": 16.2}], "Plan Rows": 620, "Node Type": "Hash", "Parent Relationship": "Inner", "Plan Width": 100, "Total Cost": 16.2}], "Node Type": "Hash Join", "Plan Rows": 2480, "Join Type": "Inner", "Hash Cond": "(table_61.col_1 = table_10.col_3)", "Parent Relationship": "Outer", "Plan Width": 172, "Total Cost": 130.75}], "Plan Rows": 2480, "Node Type": "Materialize", "Parent Relationship": "Inner", "Plan Width": 172, "Total Cost": 143.15}], "Node Type": "Nested Loop", "Plan Rows": 48340157644, "Join Type": "Inner", "Parent Relationship": "Outer", "Plan Width": 664, "Join Filter": "(table_10.col_2 = table_47.col_3)", "Total Cost": 8778011474246.67}, {"Startup Cost": 0.0, "Plans": [{"Startup Cost": 0.0, "Node Type": "Seq Scan", "Plan Rows": 1160, "Relation Name": "table_22", "Alias": "table_22", "Parent Relationship": "Outer", "Plan Width": 40, "Total Cost": 21.6}], "Plan Rows": 1160, "Node Type": "Materialize", "Parent Relationship": "Inner", "Plan Width": 40, "Total Cost": 27.4}], "Node Type": "Nested Loop", "Plan Rows": 280372914335, "Join Type": "Left", "Parent Relationship": "Outer", "Plan Width": 704, "Join Filter": "(table_34.col_1 = table_22.col_0)", "Total Cost": 9619130217276.77}, {"Startup Cost": 0.0, "Plans": [{"Startup Cost": 0.0, "Node Type": "Seq Scan", "Plan Rows": 1230, "Relation Name": "table_30", "Alias": "table_30", "Parent Relationship": "Outer", "Plan Width": 36, "Total Cost": 22.3}], "Plan Rows": 1230, "Node Type": "Materialize", "Parent Relationship": "Inner", "Plan Width": 36, "Total Cost": 28.45}], "Node Type": "Nested Loop", "Plan Rows": 1724293423160, "Join Type": "Left", "Parent Relationship": "Outer", "Plan Width": 740, "Join Filter": "(table_34.col_2 = table_30.col_1)", "Total Cost": 14792010486782.89}, {"Startup Cost": 1860586037.58, "Plans": [{"Startup Cost": 1860586009.58, "Plans": [{"Startup Cost": 1860585951.43, "Plans": [{"Startup Cost": 7946200.74, "Plans": [{"Startup Cost": 40682.65, "Plans": [{"Startup Cost": 40658.7, "Plans": [{"Startup Cost": 123.46, "Plans": [{"Startup Cost": 38.04, "Plans": [{"Startup Cost": 0.0, "Node Type": "Seq Scan", "Plan Rows": 510, "Relation Name": "table_23", "Alias": "table_23", "Parent Relationship": "Outer", "Plan Width": 128, "Total Cost": 15.1}], "Sort Key": ["table_23.col_0"], "Plan Rows": 510, "Node Type": "Sort", "Parent Relationship": "Outer", "Plan Width": 128, "Total Cost": 39.31}, {"Startup Cost": 85.43, "Plans": [{"Startup Cost": 0.0, "Node Type": "Seq Scan", "Plan Rows": 1230, "Relation Name": "table_8", "Alias": "table_8", "Parent Relationship": "Outer", "Plan Width": 36, "Total Cost": 22.3}], "Sort Key": ["table_8.col_0"], "Plan Rows": 1230, "Node Type": "Sort", "Parent Relationship": "Inner", "Plan Width": 36, "Total Cost": 88.5}], "Node Type": "Merge Join", "Plan Rows": 3136, "Join Type": "Left", "Parent Relationship": "Outer", "Plan Width": 164, "Merge Cond": "(table_23.col_0 = table_8.col_0)", "Total Cost": 173.05}, {"Startup Cost": 40535.24, "Plans": [{"Startup Cost": 40535.24, "Plans": [{"Startup Cost": 289.91, "Plans": [{"Startup Cost": 85.43, "Plans": [{"Startup Cost": 0.0, "Node Type": "Seq Scan", "Plan Rows": 1230, "Relation Name": "table_59", "Alias": "table_59", "Parent Relationship": "Outer", "Plan Width": 36, "Total Cost": 22.3}], "Sort Key": ["table_59.col_0"], "Plan Rows": 1230, "Node Type": "Sort", "Parent Relationship": "Outer", "Plan Width": 36, "Total Cost": 88.5}, {"Startup Cost": 204.49, "Plans": [{"Startup Cost": 204.49, "Plans": [{"Startup Cost": 60.52, "Plans": [{"Startup Cost": 0.0, "Node Type": "Seq Scan", "Plan Rows": 860, "Relation Name": "table_44", "Alias": "table_44", "Parent Relationship": "Outer", "Plan Width": 64, "Total Cost": 18.6}], "Sort Key": ["table_44.col_1"], "Plan Rows": 860, "Node Type": "Sort", "Parent Relationship": "Outer", "Plan Width": 64, "Total Cost": 62.67}, {"Startup Cost": 143.97, "Plans": [{"Startup Cost": 143.97, "Plans": [{"Startup Cost": 58.54, "Plans": [{"Startup Cost": 0.0, "Node Type": "Seq Scan", "Plan Rows": 830, "Relation Name": "table_18", "Alias": "table_18", "Parent Relationship": "Outer", "Plan Width": 68, "Total Cost": 18.3}], "Sort Key": ["table_18.col_2"], "Plan Rows": 830, "Node Type": "Sort", "Parent Relationship": "Outer", "Plan Width": 68, "Total Cost": 60.62}, {"Startup Cost": 85.43, "Plans": [{"Startup Cost": 0.0, "Node Type": "Seq Scan", "Plan Rows": 1230, "Relation Name": "table_31", "Alias": "table_31", "Parent Relationship": "Outer", "Plan Width": 36, "Total Cost": 22.3}], "Sort Key": ["table_31.col_1"], "Plan Rows": 1230, "Node Type": "Sort", "Parent Relationship": "Inner", "Plan Width": 36, "Total Cost": 88.5}], "Node Type": "Merge Join", "Plan Rows": 5104, "Join Type": "Inner", "Parent Relationship": "Outer", "Plan Width": 104, "Merge Cond": "(table_18.col_2 = table_31.col_1)", "Total Cost": 224.68}], "Plan Rows": 5104, "Node Type": "Materialize", "Parent Relationship": "Inner", "Plan Width": 104, "Total Cost": 237.44}], "Node Type": "Merge Join", "Plan Rows": 21947, "Join Type": "Inner", "Parent Relationship": "Outer", "Plan Width": 168, "Merge Cond": "(table_44.col_1 = table_31.col_1)", "Total Cost": 618.7}], "Plan Rows": 21947, "Node Type": "Materialize", "Parent Relationship": "Inner", "Plan Width": 168, "Total Cost": 673.57}], "Node Type": "Merge Join", "Plan Rows": 134974, "Join Type": "Inner", "Parent Relationship": "Outer", "Plan Width": 204, "Merge Cond": "(table_59.col_0 = table_31.col_1)", "Total Cost": 2734.89}], "Sort Key": ["table_44.col_0"], "Plan Rows": 134974, "Node Type": "Sort", "Parent Relationship": "Outer", "Plan Width": 204, "Total Cost": 40872.67}], "Plan Rows": 134974, "Node Type": "Materialize", "Parent Relationship": "Inner", "Plan Width": 204, "Total Cost": 41210.11}], "Node Type": "Merge Join", "Plan Rows": 2116392, "Join Type": "Inner", "Parent Relationship": "Outer", "Plan Width": 368, "Merge Cond": "(table_23.col_0 = table_44.col_0)", "Total Cost": 72799.45}, {"Startup Cost": 16.2, "Plans": [{"Startup Cost": 0.0, "Node Type": "Seq Scan", "Plan Rows": 620, "Relation Name": "table_49", "Alias": "table_49", "Parent Relationship": "Outer", "Plan Width": 100, "Total Cost": 16.2}], "Plan Rows": 620, "Node Type": "Hash", "Parent Relationship": "Inner", "Plan Width": 100, "Total Cost": 16.2}], "Node Type": "Hash Join", "Plan Rows": 6560815, "Join Type": "Inner", "Hash Cond": "(table_23.col_2 = table_49.col_2)", "Parent Relationship": "Outer", "Plan Width": 468, "Total Cost": 307742.91}], "Sort Key": ["table_18.col_2"], "Plan Rows": 6560815, "Node Type": "Sort", "Parent Relationship": "Outer", "Plan Width": 468, "Total Cost": 7962602.77}, {"Startup Cost": 1852639750.69, "Plans": [{"Startup Cost": 1852639750.69, "Plans": [{"Startup Cost": 298331.78, "Plans": [{"Startup Cost": 298301.78, "Plans": [{"Startup Cost": 56.58, "Plans": [{"Startup Cost": 0.0, "Node Type": "Seq Scan", "Plan Rows": 800, "Relation Name": "table_58", "Alias": "table_58", "Parent Relationship": "Outer", "Plan Width": 72, "Total Cost": 18.0}], "Sort Key": ["table_58.col_3"], "Plan Rows": 800, "Node Type": "Sort", "Parent Relationship": "Outer", "Plan Width": 72, "Total Cost": 58.58}, {"Startup Cost": 298245.2, "Plans": [{"Startup Cost": 298245.2, "Plans": [{"Startup Cost": 298245.2, "Plans": [{"Startup Cost": 73042.44, "Plans": [{"Startup Cost": 277.92, "Plans": [{"Startup Cost": 76.57, "Plans": [{"Startup Cost": 0.0, "Node Type": "Seq Scan", "Plan Rows": 1100, "Relation Name": "table_56", "Alias": "table_56", "Parent Relationship": "Outer", "Plan Width": 44, "Total Cost": 21.0}], "Sort Key": ["table_56.col_0"], "Plan Rows": 1100, "Node Type": "Sort", "Parent Relationship": "Outer", "Plan Width": 44, "Total Cost": 79.32}, {"Startup Cost": 201.35, "Plans": [{"Startup Cost": 201.35, "Plans": [{"Startup Cost": 46.23, "Plans": [{"Startup Cost": 0.0, "Node Type": "Seq Scan", "Plan Rows": 640, "Relation Name": "table_26", "Alias": "table_26", "Parent Relationship": "Outer", "Plan Width": 96, "Total Cost": 16.4}], "Sort Key": ["table_26.col_2"], "Plan Rows": 640, "Node Type": "Sort", "Parent Relationship": "Outer", "Plan Width": 96, "Total Cost": 47.83}, {"Startup Cost": 155.12, "Plans": [{"Startup Cost": 155.12, "Plans": [{"Startup Cost": 96.58, "Plans": [{"Startup Cost": 38.04, "Plans": [{"Startup Cost": 0.0, "Node Type": "Seq Scan", "Plan Rows": 510, "Relation Name": "table_42", "Alias": "table_42", "Parent Relationship": "Outer", "Plan Width": 128, "Total Cost": 15.1}], "Sort Key": ["table_42.col_0"], "Plan Rows": 510, "Node Type": "Sort", "Parent Relationship": "Outer", "Plan Width": 128, "Total Cost": 39.31}, {"Startup Cost": 58.54, "Plans": [{"Startup Cost": 0.0, "Node Type": "Seq Scan", "Plan Rows": 830, "Relation Name": "table_21", "Alias": "table_21", "Parent Relationship": "Outer", "Plan Width": 68, "Total Cost": 18.3}], "Sort Key": ["table_21.col_2"], "Plan Rows": 830, "Node Type": "Sort", "Parent Relationship": "Inner", "Plan Width": 68, "Total Cost": 60.62}], "Node Type": "Merge Join", "Plan Rows": 2116, "Join Type": "Inner", "Parent Relationship": "Outer", "Plan Width": 196, "Merge Cond": "(table_42.col_0 = table_21.col_2)", "Total Cost": 130.87}, {"Startup Cost": 58.54, "Plans": [{"Startup Cost": 0.0, "Node Type": "Seq Scan", "Plan Rows": 830, "Relation Name": "table_5", "Alias": "table_5", "Parent Relationship": "Outer", "Plan Width": 68, "Total Cost": 18.3}], "Sort Key": ["table_5.col_1"], "Plan Rows": 830, "Node Type": "Sort", "Parent Relationship": "Inner", "Plan Width": 68, "Total Cost": 60.62}], "Node Type": "Merge Join", "Plan Rows": 8781, "Join Type": "Left", "Parent Relationship": "Outer", "Plan Width": 264, "Merge Cond": "(table_21.col_2 = table_5.col_1)", "Total Cost": 326.42}], "Plan Rows": 8781, "Node Type": "Materialize", "Parent Relationship": "Inner", "Plan Width": 264, "Total Cost": 348.37}], "Node Type": "Merge Join", "Plan Rows": 28099, "Join Type": "Inner", "Parent Relationship": "Outer", "Plan Width": 360, "Merge Cond": "(table_26.col_2 = table_42.col_0)", "Total Cost": 797.33}], "Plan Rows": 28099, "Node Type": "Materialize", "Parent Relationship": "Inner", "Plan Width": 360, "Total Cost": 867.58}], "Node Type": "Merge Join", "Plan Rows": 154544, "Join Type": "Inner", "Parent Relationship": "Outer", "Plan Width": 404, "Merge Cond": "(table_56.col_0 = table_42.col_0)", "Total Cost": 3197.56}], "Sort Key": ["table_56.col_0", "table_56.col_1"], "Plan Rows": 154544, "Node Type": "Sort", "Parent Relationship": "Outer", "Plan Width": 404, "Total Cost": 73428.8}, {"Startup Cost": 225202.76, "Plans": [{"Startup Cost": 225202.76, "Plans": [{"Startup Cost": 0.0, "Plans": [{"Startup Cost": 0.0, "Node Type": "Seq Scan", "Plan Rows": 1100, "Relation Name": "table_24", "Alias": "table_24", "Parent Relationship": "Outer", "Plan Width": 44, "Total Cost": 21.0}, {"Startup Cost": 0.0, "Plans": [{"Startup Cost": 0.0, "Node Type": "Seq Scan", "Plan Rows": 640, "Relation Name": "table_39", "Alias": "table_39", "Parent Relationship": "Outer", "Plan Width": 96, "Total Cost": 16.4}], "Plan Rows": 640, "Node Type": "Materialize", "Parent Relationship": "Inner", "Plan Width": 96, "Total Cost": 19.6}], "Node Type": "Nested Loop", "Plan Rows": 704000, "Join Type": "Inner", "Parent Relationship": "Outer", "Plan Width": 140, "Total Cost": 8839.0}], "Sort Key": ["table_39.col_0", "table_24.col_1"], "Plan Rows": 704000, "Node Type": "Sort", "Parent Relationship": "Outer", "Plan Width": 140, "Total Cost": 226962.76}], "Plan Rows": 704000, "Node Type": "Materialize", "Parent Relationship": "Inner", "Plan Width": 140, "Total Cost": 228722.76}], "Node Type": "Merge Join", "Plan Rows": 2719974, "Join Type": "Inner", "Parent Relationship": "Outer", "Plan Width": 544, "Merge Cond": "((table_42.col_0 = table_39.col_0) AND (table_56.col_1 = table_24.col_1))", "Total Cost": 348763.83}, {"Startup Cost": 0.0, "Plans": [{"Startup Cost": 0.0, "Node Type": "Seq Scan", "Plan Rows": 620, "Relation Name": "table_12", "Alias": "table_12", "Parent Relationship": "Outer", "Plan Width": 100, "Total Cost": 16.2}], "Plan Rows": 620, "Node Type": "Materialize", "Parent Relationship": "Inner", "Plan Width": 100, "Total Cost": 19.3}], "Node Type": "Nested Loop", "Plan Rows": 1686383880, "Join Type": "Inner", "Parent Relationship": "Outer", "Plan Width": 644, "Total Cost": 21428580.08}], "Plan Rows": 1686383880, "Node Type": "Materialize", "Parent Relationship": "Inner", "Plan Width": 644, "Total Cost": 25644539.78}], "Node Type": "Merge Join", "Plan Rows": 6745535520, "Join Type": "Inner", "Parent Relationship": "Outer", "Plan Width": 716, "Merge Cond": "(table_58.col_3 = table_42.col_0)", "Total Cost": 122611673.45}, {"Startup Cost": 18.0, "Plans": [{"Startup Cost": 0.0, "Node Type": "Seq Scan", "Plan Rows": 800, "Relation Name": "table_17", "Alias": "table_17", "Parent Relationship": "Outer", "Plan Width": 72, "Total Cost": 18.0}], "Plan Rows": 800, "Node Type": "Hash", "Parent Relationship": "Inner", "Plan Width": 72, "Total Cost": 18.0}], "Node Type": "Hash Join", "Plan Rows": 134910710, "Join Type": "Inner", "Hash Cond": "((table_42.col_1 = table_17.col_2) AND (table_12.col_1 = table_17.col_1))", "Parent Relationship": "Outer", "Plan Width": 788, "Total Cost": 1506795592.15}], "Sort Key": ["table_26.col_1"], "Plan Rows": 134910710, "Node Type": "Sort", "Parent Relationship": "Outer", "Plan Width": 788, "Total Cost": 1852977027.47}], "Plan Rows": 134910710, "Node Type": "Materialize", "Parent Relationship": "Inner", "Plan Width": 788, "Total Cost": 1853314304.24}], "Node Type": "Merge Join", "Plan Rows": 4425621049143, "Join Type": "Inner", "Parent Relationship": "Outer", "Plan Width": 1256, "Merge Cond": "(table_31.col_1 = table_26.col_1)", "Total Cost": 68245271769.42}, {"Startup Cost": 31.4, "Plans": [{"Startup Cost": 0.0, "Node Type": "Seq Scan", "Plan Rows": 2140, "Relation Name": "table_20", "Alias": "table_20", "Parent Relationship": "Outer", "Plan Width": 8, "Total Cost": 31.4}], "Plan Rows": 2140, "Node Type": "Hash", "Parent Relationship": "Inner", "Plan Width": 8, "Total Cost": 31.4}], "Node Type": "Hash Join", "Plan Rows": 47354145225830, "Join Type": "Left", "Hash Cond": "(table_21.col_1 = table_20.col_1)", "Parent Relationship": "Outer", "Plan Width": 1264, "Total Cost": 1736704407354.49}, {"Startup Cost": 18.0, "Plans": [{"Startup Cost": 0.0, "Node Type": "Seq Scan", "Plan Rows": 800, "Relation Name": "table_62", "Alias": "table_62", "Parent Relationship": "Outer", "Plan Width": 72, "Total Cost": 18.0}], "Plan Rows": 800, "Node Type": "Hash", "Parent Relationship": "Inner", "Plan Width": 72, "Total Cost": 18.0}], "Node Type": "Hash Join", "Plan Rows": 189416580903320, "Join Type": "Left", "Hash Cond": "(table_20.col_0 = table_62.col_2)", "Parent Relationship": "Inner", "Plan Width": 1336, "Total Cost": 8484670102063.26}], "Node Type": "Nested Loop", "Plan Rows": 1633048823445243564130304, "Join Type": "Inner", "Parent Relationship": "Outer", "Plan Width": 2076, "Join Filter": "(table_0.col_1 = table_42.col_1)", "Total Cost": 1.8709474717030046e+25}, {"Startup Cost": 0.0, "Plans": [{"Startup Cost": 0.0, "Node Type": "Seq Scan", "Plan Rows": 800, "Relation Name": "table_48", "Alias": "table_48", "Parent Relationship": "Outer", "Plan Width": 72, "Total Cost": 18.0}], "Plan Rows": 800, "Node Type": "Materialize", "Parent Relationship": "Inner", "Plan Width": 72, "Total Cost": 22.0}], "Node Type": "Nested Loop", "Plan Rows": 6532195293780974256521216, "Join Type": "Left", "Parent Relationship": "Outer", "Plan Width": 2148, "Join Filter": "(table_21.col_0 = table_48.col_2)", "Total Cost": 3.830606059837297e+25}, {"Startup Cost": 0.0, "Plans": [{"Startup Cost": 0.0, "Node Type": "Seq Scan", "Plan Rows": 1230, "Relation Name": "table_3", "Alias": "table_3", "Parent Relationship": "Outer", "Plan Width": 36, "Total Cost": 22.3}], "Plan Rows": 1230, "Node Type": "Materialize", "Parent Relationship": "Inner", "Plan Width": 36, "Total Cost": 28.45}], "Node Type": "Nested Loop", "Plan Rows": 40173001056752992375537664, "Join Type": "Left", "Parent Relationship": "Outer", "Plan Width": 2184, "Join Filter": "(table_1.col_1 = table_3.col_0)", "Total Cost": 1.5882506376863198e+26}, {"Startup Cost": 0.0, "Plans": [{"Startup Cost": 0.0, "Node Type": "Seq Scan", "Plan Rows": 800, "Relation Name": "table_51", "Alias": "table_51", "Parent Relationship": "Outer", "Plan Width": 72, "Total Cost": 18.0}], "Plan Rows": 800, "Node Type": "Materialize", "Parent Relationship": "Inner", "Plan Width": 72, "Total Cost": 22.0}], "Node Type": "Nested Loop", "Plan Rows": 160692004227011969502150656, "Join Type": "Left", "Parent Relationship": "Outer", "Plan Width": 2256, "Join Filter": "(table_42.col_3 = table_51.col_1)", "Total Cost": 6.409010764496679e+26}, {"Startup Cost": 0.0, "Plans": [{"Startup Cost": 0.0, "Node Type": "Seq Scan", "Plan Rows": 800, "Relation Name": "table_55", "Alias": "table_55", "Parent Relationship": "Outer", "Plan Width": 72, "Total Cost": 18.0}], "Plan Rows": 800, "Node Type": "Materialize", "Parent Relationship": "Inner", "Plan Width": 72, "Total Cost": 22.0}], "Node Type": "Nested Loop", "Plan Rows": 642768016908047878008602624, "Join Type": "Inner", "Parent Relationship": "Outer", "Plan Width": 2328, "Join Filter": "(table_55.col_3 = table_0.col_1)", "Total Cost": 2.5692051271738117e+27}, {"Startup Cost": 0.0, "Plans": [{"Startup Cost": 0.0, "Node Type": "Seq Scan", "Plan Rows": 1100, "Relation Name": "table_27", "Alias": "table_27", "Parent Relationship": "Outer", "Plan Width": 44, "Total Cost": 21.0}], "Plan Rows": 1100, "Node Type": "Materialize", "Parent Relationship": "Inner", "Plan Width": 44, "Total Cost": 26.5}], "Node Type": "Nested Loop", "Plan Rows": 3535224092994263603925221376, "Join Type": "Inner", "Parent Relationship": "Outer", "Plan Width": 2372, "Join Filter": "(table_58.col_0 = table_27.col_0)", "Total Cost": 1.31748774061566e+28}, {"Startup Cost": 0.0, "Plans": [{"Startup Cost": 0.0, "Node Type": "Seq Scan", "Plan Rows": 1230, "Relation Name": "table_54", "Alias": "table_54", "Parent Relationship": "Outer", "Plan Width": 36, "Total Cost": 22.3}], "Plan Rows": 1230, "Node Type": "Materialize", "Parent Relationship": "Inner", "Plan Width": 36, "Total Cost": 28.45}], "Node Type": "Nested Loop", "Plan Rows": 21741628171914723060797669376, "Join Type": "Inner", "Parent Relationship": "Outer", "Plan Width": 2408, "Join Filter": "(table_54.col_1 = table_10.col_1)", "Total Cost": 7.839976192190077e+28}, {"Startup Cost": 191.92, "Plans": [{"Startup Cost": 191.92, "Plans": [{"Startup Cost": 56.58, "Plans": [{"Startup Cost": 0.0, "Node Type": "Seq Scan", "Plan Rows": 800, "Relation Name": "table_15", "Alias": "table_15", "Parent Relationship": "Outer", "Plan Width": 72, "Total Cost": 18.0}], "Sort Key": ["table_15.col_2"], "Plan Rows": 800, "Node Type": "Sort", "Parent Relationship": "Outer", "Plan Width": 72, "Total Cost": 58.58}, {"Startup Cost": 135.34, "Plans": [{"Startup Cost": 0.0, "Node Type": "Seq Scan", "Plan Rows": 1940, "Relation Name": "table_9", "Alias": "table_9", "Parent Relationship": "Outer", "Plan Width": 12, "Total Cost": 29.4}], "Sort Key": ["table_9.col_1"], "Plan Rows": 1940, "Node Type": "Sort", "Parent Relationship": "Inner", "Plan Width": 12, "Total Cost": 140.19}], "Node Type": "Merge Join", "Plan Rows": 7760, "Join Type": "Left", "Parent Relationship": "Outer", "Plan Width": 84, "Merge Cond": "(table_15.col_2 = table_9.col_1)", "Total Cost": 312.32}], "Plan Rows": 7760, "Node Type": "Materialize", "Parent Relationship": "Inner", "Plan Width": 84, "Total Cost": 351.12}], "Node Type": "Nested Loop", "Plan Rows": 843575173070291337442223980544, "Join Type": "Inner", "Parent Relationship": "Outer", "Plan Width": 2492, "Join Filter": "(table_15.col_1 = table_34.col_0)", "Total Cost": 2.6091252811327744e+30}, {"Startup Cost": 0.0, "Plans": [{"Startup Cost": 0.0, "Node Type": "Seq Scan", "Plan Rows": 1100, "Relation Name": "table_60", "Alias": "table_60", "Parent Relationship": "Outer", "Plan Width": 44, "Total Cost": 21.0}], "Plan Rows": 1100, "Node Type": "Materialize", "Parent Relationship": "Inner", "Plan Width": 44, "Total Cost": 26.5}], "Node Type": "Nested Loop", "Plan Rows": 4639663451886602355932231892992, "Join Type": "Left", "Parent Relationship": "Outer", "Plan Width": 2536, "Join Filter": "(table_9.col_2 = table_60.col_1)", "Total Cost": 1.6528115636792584e+31}, {"Startup Cost": 0.0, "Plans": [{"Startup Cost": 0.0, "Node Type": "Seq Scan", "Plan Rows": 1230, "Relation Name": "table_59", "Alias": "table_59_1", "Parent Relationship": "Outer", "Plan Width": 36, "Total Cost": 22.3}], "Plan Rows": 1230, "Node Type": "Materialize", "Parent Relationship": "Inner", "Plan Width": 36, "Total Cost": 28.45}], "Node Type": "Nested Loop", "Plan Rows": 5706786045820520705267761158291456, "Join Type": "Inner", "Parent Relationship": "Outer", "Plan Width": 2572, "Total Cost": 8.786294120954909e+31}, {"Startup Cost": 0.0, "Plans": [{"Startup Cost": 0.0, "Node Type": "Seq Scan", "Plan Rows": 2140, "Relation Name": "table_37", "Alias": "table_37", "Parent Relationship": "Outer", "Plan Width": 8, "Total Cost": 31.4}], "Plan Rows": 2140, "Node Type": "Materialize", "Parent Relationship": "Inner", "Plan Width": 8, "Total Cost": 42.1}], "Node Type": "Nested Loop", "Plan Rows": 61062610690279572468702248079196160, "Join Type": "Inner", "Parent Relationship": "Outer", "Plan Width": 2580, "Join Filter": "(table_37.col_1 = table_17.col_3)", "Total Cost": 1.8327569501204825e+35}, {"Startup Cost": 142.0, "Plans": [{"Startup Cost": 142.0, "Plans": [{"Startup Cost": 56.58, "Plans": [{"Startup Cost": 0.0, "Node Type": "Seq Scan", "Plan Rows": 800, "Relation Name": "table_48", "Alias": "table_48_1", "Parent Relationship": "Outer", "Plan Width": 72, "Total Cost": 18.0}], "Sort Key": ["table_48_1.col_0"], "Plan Rows": 800, "Node Type": "Sort", "Parent Relationship": "Outer", "Plan Width": 72, "Total Cost": 58.58}, {"Startup Cost": 85.43, "Plans": [{"Startup Cost": 0.0, "Node Type": "Seq Scan", "Plan Rows": 1230, "Relation Name": "table_0", "Alias": "table_0_1", "Parent Relationship": "Outer", "Plan Width": 36, "Total Cost": 22.3}], "Sort Key": ["table_0_1.col_1"], "Plan Rows": 1230, "Node Type": "Sort", "Parent Relationship": "Inner", "Plan Width": 36, "Total Cost": 88.5}], "Node Type": "Merge Join", "Plan Rows": 4920, "Join Type": "Inner", "Parent Relationship": "Outer", "Plan Width": 108, "Merge Cond": "(table_48_1.col_0 = table_0_1.col_1)", "Total Cost": 219.8}], "Plan Rows": 4920, "Node Type": "Materialize", "Parent Relationship": "Inner", "Plan Width": 108, "Total Cost": 244.4}], "Node Type": "Nested Loop", "Plan Rows": 1502140222980877427389843081619570688, "Join Type": "Left", "Parent Relationship": "Outer", "Plan Width": 2688, "Join Filter": "(table_0_1.col_0 = table_59_1.col_1)", "Total Cost": 4.6896963639546805e+36}, {"Startup Cost": 0.0, "Plans": [{"Startup Cost": 0.0, "Node Type": "Seq Scan", "Plan Rows": 2140, "Relation Name": "table_29", "Alias": "table_29", "Parent Relationship": "Outer", "Plan Width": 8, "Total Cost": 31.4}], "Plan Rows": 2140, "Node Type": "Materialize", "Parent Relationship": "Inner", "Plan Width": 8, "Total Cost": 42.1}], "Node Type": "Nested Loop", "Plan Rows": 16072900385895388295982577865717710848, "Join Type": "Left", "Parent Relationship": "Outer", "Plan Width": 2696, "Join Filter": "(table_0_1.col_0 = table_29.col_1)", "Total Cost": 5.290839752164085e+37}, {"Startup Cost": 179.76, "Plans": [{"Startup Cost": 179.76, "Plans": [{"Startup Cost": 56.58, "Plans": [{"Startup Cost": 0.0, "Node Type": "Seq Scan", "Plan Rows": 800, "Relation Name": "table_16", "Alias": "table_16", "Parent Relationship": "Outer", "Plan Width": 72, "Total Cost": 18.0}], "Sort Key": ["table_16.col_1"], "Plan Rows": 800, "Node Type": "Sort", "Parent Relationship": "Outer", "Plan Width": 72, "Total Cost": 58.58}, {"Startup Cost": 123.19, "Plans": [{"Startup Cost": 0.0, "Node Type": "Seq Scan", "Plan Rows": 1770, "Relation Name": "table_64", "Alias": "table_64", "Parent Relationship": "Outer", "Plan Width": 16, "Total Cost": 27.7}], "Sort Key": ["table_64.col_0"], "Plan Rows": 1770, "Node Type": "Sort", "Parent Relationship": "Inner", "Plan Width": 16, "Total Cost": 127.61}], "Node Type": "Merge Join", "Plan Rows": 7080, "Join Type": "Inner", "Parent Relationship": "Outer", "Plan Width": 88, "Merge Cond": "(table_16.col_1 = table_64.col_0)", "Total Cost": 289.96}], "Plan Rows": 7080, "Node Type": "Materialize", "Parent Relationship": "Inner", "Plan Width": 88, "Total Cost": 325.36}], "Node Type": "Nested Loop", "Plan Rows": 568980673660696777789875339959994417152, "Join Type": "Inner", "Parent Relationship": "Outer", "Plan Width": 2784, "Join Filter": "(table_41.col_1 = table_64.col_2)", "Total Cost": 1.759850418503731e+39}], "Plan Rows": 568980673660696777789875339959994417152, "Node Type": "Materialize", "Parent Relationship": "Inner", "Plan Width": 2784, "Total Cost": 1.7612728701878827e+39}], "Node Type": "Merge Join", "Plan Rows": 1117066556246417077341305342575258404776837120, "Join Type": "Inner", "Parent Relationship": "Outer", "Plan Width": 3140, "Merge Cond": "(table_25.col_0 = table_46.col_1)", "Total Cost": 1.675775819411476e+43}], "Plan Rows": 1117066556246417077341305342575258404776837120, "Node Type": "Materialize", "Parent Relationship": "Inner", "Plan Width": 3140, "Total Cost": 1.9550424584730803e+43}], "Node Type": "Merge Join", "Plan Rows": 6869959320915464669122296542648320018429771776, "Join Type": "Inner", "Parent Relationship": "Outer", "Plan Width": 3176, "Merge Cond": "(table_7.col_1 = table_46.col_1)", "Total Cost": 1.1980714800784674e+44}, {"Startup Cost": 21.6, "Plans": [{"Startup Cost": 0.0, "Node Type": "Seq Scan", "Plan Rows": 1160, "Relation Name": "table_50", "Alias": "table_50", "Parent Relationship": "Outer", "Plan Width": 40, "Total Cost": 21.6}], "Plan Rows": 1160, "Node Type": "Hash", "Parent Relationship": "Inner", "Plan Width": 40, "Total Cost": 21.6}], "Plan Rows": 39845764061309697869740640449464939399639728128, "Node Type": "Hash Join", "Join Type": "Right", "Hash Cond": "(table_61.col_0 = table_50.col_2)", "Plan Width": 3216, "Total Cost": 1.531583788455975e+45}}]