[{"Plan": {"Startup Cost": 1.6299155285054022e+37, "Plans": [{"Startup Cost": 1.6299155285054022e+37, "Plans": [{"Startup Cost": 1.4562404144738746e+17, "Plans": [{"Startup Cost": 1.449504652724202e+17, "Plans": [{"Startup Cost": 1.4495046527087648e+17, "Plans": [{"Startup Cost": 329.02, "Plans": [{"Startup Cost": 329.02, "Plans": [{"Startup Cost": 329.02, "Plans": [{"Startup Cost": 329.02, "Plans": [{"Startup Cost": 329.02, "Plans": [{"Startup Cost": 291.34, "Plans": [{"Startup Cost": 58.54, "Plans": [{"Startup Cost": 0.0, "Node Type": "Seq Scan", "Plan Rows": 830, "Relation Name": "table_18", "Alias": "table_18_1", "Parent Relationship": "Outer", "Plan Width": 68, "Total Cost": 18.3}], "Sort Key": ["table_18_1.col_1"], "Plan Rows": 830, "Node Type": "Sort", "Parent Relationship": "Outer", "Plan Width": 68, "Total Cost": 60.62}, {"Startup Cost": 232.8, "Plans": [{"Startup Cost": 21.48, "Plans": [{"Startup Cost": 0.0, "Node Type": "Seq Scan", "Plan Rows": 830, "Relation Name": "table_0", "Alias": "table_0_1", "Parent Relationship": "Outer", "Plan Width": 68, "Total Cost": 18.3}, {"Startup Cost": 15.1, "Plans": [{"Startup Cost": 0.0, "Node Type": "Seq Scan", "Plan Rows": 510, "Relation Name": "table_50", "Alias": "table_50_1", "Parent Relationship": "Outer", "Plan Width": 128, "Total Cost": 15.1}], "Plan Rows": 510, "Node Type": "Hash", "Parent Relationship": "Inner", "Plan Width": 128, "Total Cost": 15.1}], "Node Type": "Hash Join", "Plan Rows": 2116, "Join Type": "Inner", "Hash Cond": "(table_0_1.col_1 = table_50_1.col_2)", "Parent Relationship": "Outer", "Plan Width": 196, "Total Cost": 115.92}], "Sort Key": ["table_50_1.col_3"], "Plan Rows": 2116, "Node Type": "Sort", "Parent Relationship": "Inner", "Plan Width": 196, "Total Cost": 238.09}], "Node Type": "Merge Join", "Plan Rows": 8781, "Join Type": "Left", "Parent Relationship": "Outer", "Plan Width": 264, "Merge Cond": "(table_18_1.col_1 = table_50_1.col_3)", "Total Cost": 427.21}, {"Startup Cost": 22.3, "Plans": [{"Startup Cost": 0.0, "Node Type": "Seq Scan", "Plan Rows": 1230, "Relation Name": "table_37", "Alias": "table_37_1", "Parent Relationship": "Outer", "Plan Width": 36, "Total Cost": 22.3}], "Plan Rows": 1230, "Node Type": "Hash", "Parent Relationship": "Inner", "Plan Width": 36, "Total Cost": 22.3}], "Node Type": "Hash Join", "Plan Rows": 54003, "Join Type": "Left", "Hash Cond": "(table_50_1.col_3 = table_37_1.col_0)", "Parent Relationship": "Outer", "Plan Width": 300, "Total Cost": 2376.94}, {"Startup Cost": 0.0, "Plans": [{"Startup Cost": 0.0, "Node Type": "Seq Scan", "Plan Rows": 620, "Relation Name": "table_8", "Alias": "table_8", "Parent Relationship": "Outer", "Plan Width": 100, "Total Cost": 16.2}], "Plan Rows": 620, "Node Type": "Materialize", "Parent Relationship": "Inner", "Plan Width": 100, "Total Cost": 19.3}], "Node Type": "Nested Loop", "Plan Rows": 33481860, "Join Type": "Inner", "Parent Relationship": "Outer", "Plan Width": 400, "Total Cost": 420917.94}, {"Startup Cost": 0.0, "Plans": [{"Startup Cost": 0.0, "Node Type": "Seq Scan", "Plan Rows": 1230, "Relation Name": "table_9", "Alias": "table_9", "Parent Relationship": "Outer", "Plan Width": 36, "Total Cost": 22.3}], "Plan Rows": 1230, "Node Type": "Materialize", "Parent Relationship": "Inner", "Plan Width": 36, "Total Cost": 28.45}], "Node Type": "Nested Loop", "Plan Rows": 41182687800, "Join Type": "Inner", "Parent Relationship": "Outer", "Plan Width": 436, "Total Cost": 515204540.82}, {"Startup Cost": 0.0, "Plans": [{"Startup Cost": 0.0, "Node Type": "Seq Scan", "Plan Rows": 1230, "Relation Name": "table_3", "Alias": "table_3", "Parent Relationship": "Outer", "Plan Width": 36, "Total Cost": 22.3}], "Plan Rows": 1230, "Node Type": "Materialize", "Parent Relationship": "Inner", "Plan Width": 36, "Total Cost": 28.45}], "Node Type": "Nested Loop", "Plan Rows": 50654705994000, "Join Type": "Inner", "Parent Relationship": "Outer", "Plan Width": 472, "Total Cost": 633699029491.19}, {"Startup Cost": 0.0, "Plans": [{"Startup Cost": 0.0, "Node Type": "Seq Scan", "Plan Rows": 620, "Relation Name": "table_31", "Alias": "table_31", "Parent Relationship": "Outer", "Plan Width": 100, "Total Cost": 16.2}], "Plan Rows": 620, "Node Type": "Materialize", "Parent Relationship": "Inner", "Plan Width": 100, "Total Cost": 19.3}], "Node Type": "Nested Loop", "Plan Rows": 31405917716280000, "Join Type": "Inner", "Parent Relationship": "Outer", "Plan Width": 572, "Total Cost": 393207670483008.94}], "Sort Key": ["table_8.col_0", "table_3.col_0", "table_9.col_0", "table_31.col_0"], "Plan Rows": 31405917716280000, "Node Type": "Sort", "Parent Relationship": "Outer", "Plan Width": 572, "Total Cost": 1.4502898006516717e+17}, {"Startup Cost": 1543727.79, "Plans": [{"Startup Cost": 1543727.79, "Plans": [{"Startup Cost": 34.75, "Plans": [{"Startup Cost": 0.0, "Plans": [{"Startup Cost": 0.0, "Node Type": "Seq Scan", "Plan Rows": 800, "Relation Name": "table_14", "Alias": "table_14", "Parent Relationship": "Outer", "Plan Width": 72, "Total Cost": 18.0}, {"Startup Cost": 0.0, "Plans": [{"Startup Cost": 0.0, "Node Type": "Seq Scan", "Plan Rows": 640, "Relation Name": "table_45", "Alias": "table_45", "Parent Relationship": "Outer", "Plan Width": 96, "Total Cost": 16.4}], "Plan Rows": 640, "Node Type": "Materialize", "Parent Relationship": "Inner", "Plan Width": 96, "Total Cost": 19.6}], "Node Type": "Nested Loop", "Plan Rows": 512000, "Join Type": "Inner", "Parent Relationship": "Outer", "Plan Width": 168, "Total Cost": 6436.0}, {"Startup Cost": 21.0, "Plans": [{"Startup Cost": 0.0, "Node Type": "Seq Scan", "Plan Rows": 1100, "Relation Name": "table_39", "Alias": "table_39", "Parent Relationship": "Outer", "Plan Width": 44, "Total Cost": 21.0}], "Plan Rows": 1100, "Node Type": "Hash", "Parent Relationship": "Inner", "Plan Width": 44, "Total Cost": 21.0}], "Node Type": "Hash Join", "Plan Rows": 2816000, "Join Type": "Left", "Hash Cond": "(table_45.col_2 = table_39.col_3)", "Parent Relationship": "Outer", "Plan Width": 212, "Total Cost": 106310.75}], "Sort Key": ["table_14.col_0", "table_45.col_1", "table_45.col_2", "table_14.col_3"], "Plan Rows": 2816000, "Node Type": "Sort", "Parent Relationship": "Outer", "Plan Width": 212, "Total Cost": 1550767.79}], "Plan Rows": 2816000, "Node Type": "Materialize", "Parent Relationship": "Inner", "Plan Width": 212, "Total Cost": 1557807.79}], "Node Type": "Merge Join", "Plan Rows": 55274415180653, "Join Type": "Inner", "Parent Relationship": "Outer", "Plan Width": 784, "Merge Cond": "((table_8.col_0 = table_14.col_0) AND (table_3.col_0 = table_45.col_1) AND (table_9.col_0 = table_45.col_2) AND (table_31.col_0 = table_14.col_3))", "Total Cost": 1.4534428291822227e+17}], "Sort Key": ["table_14.col_0", "table_3.col_1"], "Plan Rows": 55274415180653, "Node Type": "Sort", "Parent Relationship": "Outer", "Plan Width": 784, "Total Cost": 1.456241796334254e+17}, {"Startup Cost": 1.6299155285054022e+37, "Plans": [{"Startup Cost": 1.6299155285054022e+37, "Plans": [{"Startup Cost": 7.8030934534769745e+28, "Plans": [{"Startup Cost": 85.43, "Plans": [{"Startup Cost": 0.0, "Node Type": "Seq Scan", "Plan Rows": 1230, "Relation Name": "table_29", "Alias": "table_29", "Parent Relationship": "Outer", "Plan Width": 36, "Total Cost": 22.3}], "Sort Key": ["table_29.col_0"], "Plan Rows": 1230, "Node Type": "Sort", "Parent Relationship": "Outer", "Plan Width": 36, "Total Cost": 88.5}, {"Startup Cost": 7.8030934534769745e+28, "Plans": [{"Startup Cost": 7.8030934534769745e+28, "Plans": [{"Startup Cost": 454518024553555.7, "Plans": [{"Startup Cost": 239.88, "Plans": [{"Startup Cost": 239.88, "Plans": [{"Startup Cost": 239.88, "Plans": [{"Startup Cost": 46.23, "Plans": [{"Startup Cost": 0.0, "Node Type": "Seq Scan", "Plan Rows": 640, "Relation Name": "table_42", "Alias": "table_42_1", "Parent Relationship": "Outer", "Plan Width": 96, "Total Cost": 16.4}], "Sort Key": ["table_42_1.col_0"], "Plan Rows": 640, "Node Type": "Sort", "Parent Relationship": "Outer", "Plan Width": 96, "Total Cost": 47.83}, {"Startup Cost": 193.65, "Plans": [{"Startup Cost": 193.65, "Plans": [{"Startup Cost": 117.08, "Plans": [{"Startup Cost": 58.54, "Plans": [{"Startup Cost": 0.0, "Node Type": "Seq Scan", "Plan Rows": 830, "Relation Name": "table_0", "Alias": "table_0_2", "Parent Relationship": "Outer", "Plan Width": 68, "Total Cost": 18.3}], "Sort Key": ["table_0_2.col_1"], "Plan Rows": 830, "Node Type": "Sort", "Parent Relationship": "Outer", "Plan Width": 68, "Total Cost": 60.62}, {"Startup Cost": 58.54, "Plans": [{"Startup Cost": 0.0, "Node Type": "Seq Scan", "Plan Rows": 830, "Relation Name": "table_24", "Alias": "table_24_1", "Parent Relationship": "Outer", "Plan Width": 68, "Total Cost": 18.3}], "Sort Key": ["table_24_1.col_1"], "Plan Rows": 830, "Node Type": "Sort", "Parent Relationship": "Inner", "Plan Width": 68, "Total Cost": 60.62}], "Node Type": "Merge Join", "Plan Rows": 3444, "Join Type": "Inner", "Parent Relationship": "Outer", "Plan Width": 136, "Merge Cond": "(table_0_2.col_1 = table_24_1.col_1)", "Total Cost": 172.89}, {"Startup Cost": 76.57, "Plans": [{"Startup Cost": 0.0, "Node Type": "Seq Scan", "Plan Rows": 1100, "Relation Name": "table_15", "Alias": "table_15_1", "Parent Relationship": "Outer", "Plan Width": 44, "Total Cost": 21.0}], "Sort Key": ["table_15_1.col_3"], "Plan Rows": 1100, "Node Type": "Sort", "Parent Relationship": "Inner", "Plan Width": 44, "Total Cost": 79.32}], "Node Type": "Merge Join", "Plan Rows": 18942, "Join Type": "Inner", "Parent Relationship": "Outer", "Plan Width": 180, "Merge Cond": "(table_0_2.col_1 = table_15_1.col_3)", "Total Cost": 542.2}], "Plan Rows": 18942, "Node Type": "Materialize", "Parent Relationship": "Inner", "Plan Width": 180, "Total Cost": 589.56}], "Node Type": "Merge Join", "Plan Rows": 60614, "Join Type": "Left", "Parent Relationship": "Outer", "Plan Width": 276, "Merge Cond": "(table_42_1.col_0 = table_15_1.col_3)", "Total Cost": 1500.84}, {"Startup Cost": 0.0, "Plans": [{"Startup Cost": 0.0, "Node Type": "Seq Scan", "Plan Rows": 1230, "Relation Name": "table_5", "Alias": "table_5", "Parent Relationship": "Outer", "Plan Width": 36, "Total Cost": 22.3}], "Plan Rows": 1230, "Node Type": "Materialize", "Parent Relationship": "Inner", "Plan Width": 36, "Total Cost": 28.45}], "Node Type": "Nested Loop", "Plan Rows": 74555220, "Join Type": "Inner", "Parent Relationship": "Outer", "Plan Width": 312, "Total Cost": 933466.47}, {"Startup Cost": 0.0, "Plans": [{"Startup Cost": 0.0, "Plans": [{"Startup Cost": 0.0, "Node Type": "Seq Scan", "Plan Rows": 1940, "Relation Name": "table_63", "Alias": "table_63", "Parent Relationship": "Outer", "Plan Width": 12, "Total Cost": 29.4}, {"Startup Cost": 0.0, "Plans": [{"Startup Cost": 0.0, "Node Type": "Seq Scan", "Plan Rows": 1230, "Relation Name": "table_28", "Alias": "table_28", "Parent Relationship": "Outer", "Plan Width": 36, "Total Cost": 22.3}], "Plan Rows": 1230, "Node Type": "Materialize", "Parent Relationship": "Inner", "Plan Width": 36, "Total Cost": 28.45}], "Node Type": "Nested Loop", "Plan Rows": 2386200, "Join Type": "Inner", "Parent Relationship": "Outer", "Plan Width": 48, "Total Cost": 29882.28}], "Plan Rows": 2386200, "Node Type": "Materialize", "Parent Relationship": "Inner", "Plan Width": 48, "Total Cost": 62786.28}], "Node Type": "Nested Loop", "Plan Rows": 177903665964000, "Join Type": "Inner", "Parent Relationship": "Outer", "Plan Width": 360, "Total Cost": 3787443422924.24}], "Sort Key": ["table_28.col_1", "table_5.col_0", "table_63.col_1"], "Plan Rows": 177903665964000, "Node Type": "Sort", "Parent Relationship": "Outer", "Plan Width": 360, "Total Cost": 454962783718465.7}, {"Startup Cost": 7.803093453476929e+28, "Plans": [{"Startup Cost": 7.803093453476929e+28, "Plans": [{"Startup Cost": 6.608646462960265e+17, "Plans": [{"Startup Cost": 6.608646462960265e+17, "Plans": [{"Startup Cost": 6.608646462960265e+17, "Plans": [{"Startup Cost": 6.608646462960265e+17, "Plans": [{"Startup Cost": 6.608646462960265e+17, "Plans": [{"Startup Cost": 6.608646462960265e+17, "Plans": [{"Startup Cost": 6.608646462960264e+17, "Plans": [{"Startup Cost": 6.608646462960264e+17, "Plans": [{"Startup Cost": 6.608646462960264e+17, "Plans": [{"Startup Cost": 6.608646462960264e+17, "Plans": [{"Startup Cost": 6.608646462960264e+17, "Plans": [{"Startup Cost": 146397202494849.66, "Plans": [{"Startup Cost": 724701242350.27, "Plans": [{"Startup Cost": 1220801332.28, "Plans": [{"Startup Cost": 272.36, "Plans": [{"Startup Cost": 272.36, "Plans": [{"Startup Cost": 237.61, "Plans": [{"Startup Cost": 213.66, "Plans": [{"Startup Cost": 58.54, "Plans": [{"Startup Cost": 0.0, "Node Type": "Seq Scan", "Plan Rows": 830, "Relation Name": "table_24", "Alias": "table_24", "Parent Relationship": "Outer", "Plan Width": 68, "Total Cost": 18.3}], "Sort Key": ["table_24.col_2"], "Plan Rows": 830, "Node Type": "Sort", "Parent Relationship": "Outer", "Plan Width": 68, "Total Cost": 60.62}, {"Startup Cost": 155.12, "Plans": [{"Startup Cost": 155.12, "Plans": [{"Startup Cost": 96.58, "Plans": [{"Startup Cost": 38.04, "Plans": [{"Startup Cost": 0.0, "Node Type": "Seq Scan", "Plan Rows": 510, "Relation Name": "table_50", "Alias": "table_50", "Parent Relationship": "Outer", "Plan Width": 128, "Total Cost": 15.1}], "Sort Key": ["table_50.col_0"], "Plan Rows": 510, "Node Type": "Sort", "Parent Relationship": "Outer", "Plan Width": 128, "Total Cost": 39.31}, {"Startup Cost": 58.54, "Plans": [{"Startup Cost": 0.0, "Node Type": "Seq Scan", "Plan Rows": 830, "Relation Name": "table_18", "Alias": "table_18", "Parent Relationship": "Outer", "Plan Width": 68, "Total Cost": 18.3}], "Sort Key": ["table_18.col_1"], "Plan Rows": 830, "Node Type": "Sort", "Parent Relationship": "Inner", "Plan Width": 68, "Total Cost": 60.62}], "Node Type": "Merge Join", "Plan Rows": 2116, "Join Type": "Inner", "Parent Relationship": "Outer", "Plan Width": 196, "Merge Cond": "(table_50.col_0 = table_18.col_1)", "Total Cost": 130.87}, {"Startup Cost": 58.54, "Plans": [{"Startup Cost": 0.0, "Node Type": "Seq Scan", "Plan Rows": 830, "Relation Name": "table_0", "Alias": "table_0", "Parent Relationship": "Outer", "Plan Width": 68, "Total Cost": 18.3}], "Sort Key": ["table_0.col_1"], "Plan Rows": 830, "Node Type": "Sort", "Parent Relationship": "Inner", "Plan Width": 68, "Total Cost": 60.62}], "Node Type": "Merge Join", "Plan Rows": 8781, "Join Type": "Inner", "Parent Relationship": "Outer", "Plan Width": 264, "Merge Cond": "(table_18.col_1 = table_0.col_1)", "Total Cost": 326.42}], "Plan Rows": 8781, "Node Type": "Materialize", "Parent Relationship": "Inner", "Plan Width": 264, "Total Cost": 348.37}], "Node Type": "Merge Join", "Plan Rows": 36441, "Join Type": "Right", "Parent Relationship": "Outer", "Plan Width": 332, "Merge Cond": "(table_24.col_2 = table_0.col_1)", "Total Cost": 935.72}, {"Startup Cost": 16.2, "Plans": [{"Startup Cost": 0.0, "Node Type": "Seq Scan", "Plan Rows": 620, "Relation Name": "table_41", "Alias": "table_41", "Parent Relationship": "Outer", "Plan Width": 100, "Total Cost": 16.2}], "Plan Rows": 620, "Node Type": "Hash", "Parent Relationship": "Inner", "Plan Width": 100, "Total Cost": 16.2}], "Node Type": "Hash Join", "Plan Rows": 112967, "Join Type": "Inner", "Hash Cond": "(table_0.col_2 = table_41.col_3)", "Parent Relationship": "Outer", "Plan Width": 432, "Total Cost": 5004.62}, {"Startup Cost": 21.0, "Plans": [{"Startup Cost": 0.0, "Node Type": "Seq Scan", "Plan Rows": 1100, "Relation Name": "table_6", "Alias": "table_6", "Parent Relationship": "Outer", "Plan Width": 44, "Total Cost": 21.0}], "Plan Rows": 1100, "Node Type": "Hash", "Parent Relationship": "Inner", "Plan Width": 44, "Total Cost": 21.0}], "Node Type": "Hash Join", "Plan Rows": 621318, "Join Type": "Inner", "Hash Cond": "(table_0.col_1 = table_6.col_1)", "Parent Relationship": "Outer", "Plan Width": 476, "Total Cost": 27067.93}, {"Startup Cost": 0.0, "Plans": [{"Startup Cost": 0.0, "Node Type": "Seq Scan", "Plan Rows": 1100, "Relation Name": "table_32", "Alias": "table_32", "Parent Relationship": "Outer", "Plan Width": 44, "Total Cost": 21.0}], "Plan Rows": 1100, "Node Type": "Materialize", "Parent Relationship": "Inner", "Plan Width": 44, "Total Cost": 26.5}], "Node Type": "Nested Loop", "Plan Rows": 683449800, "Join Type": "Inner", "Parent Relationship": "Outer", "Plan Width": 520, "Total Cost": 8570214.18}], "Sort Key": ["table_0.col_1", "table_32.col_3", "table_0.col_0"], "Plan Rows": 683449800, "Node Type": "Sort", "Parent Relationship": "Outer", "Plan Width": 520, "Total Cost": 1222509956.78}, {"Startup Cost": 723480441017.99, "Plans": [{"Startup Cost": 723480441017.99, "Plans": [{"Startup Cost": 1341.95, "Plans": [{"Startup Cost": 287.24, "Plans": [{"Startup Cost": 60.52, "Plans": [{"Startup Cost": 0.0, "Node Type": "Seq Scan", "Plan Rows": 860, "Relation Name": "table_53", "Alias": "table_53", "Parent Relationship": "Outer", "Plan Width": 64, "Total Cost": 18.6}], "Sort Key": ["table_53.col_1"], "Plan Rows": 860, "Node Type": "Sort", "Parent Relationship": "Outer", "Plan Width": 64, "Total Cost": 62.67}, {"Startup Cost": 226.72, "Plans": [{"Startup Cost": 24.4, "Plans": [{"Startup Cost": 0.0, "Node Type": "Seq Scan", "Plan Rows": 640, "Relation Name": "table_35", "Alias": "table_35", "Parent Relationship": "Outer", "Plan Width": 96, "Total Cost": 16.4}, {"Startup Cost": 16.4, "Plans": [{"Startup Cost": 0.0, "Node Type": "Seq Scan", "Plan Rows": 640, "Relation Name": "table_42", "Alias": "table_42", "Parent Relationship": "Outer", "Plan Width": 96, "Total Cost": 16.4}], "Plan Rows": 640, "Node Type": "Hash", "Parent Relationship": "Inner", "Plan Width": 96, "Total Cost": 16.4}], "Node Type": "Hash Join", "Plan Rows": 2048, "Join Type": "Inner", "Hash Cond": "(table_35.col_0 = table_42.col_1)", "Parent Relationship": "Outer", "Plan Width": 192, "Total Cost": 114.08}], "Sort Key": ["table_42.col_2"], "Plan Rows": 2048, "Node Type": "Sort", "Parent Relationship": "Inner", "Plan Width": 192, "Total Cost": 231.84}], "Node Type": "Merge Join", "Plan Rows": 8806, "Join Type": "Inner", "Parent Relationship": "Outer", "Plan Width": 256, "Merge Cond": "(table_53.col_1 = table_42.col_2)", "Total Cost": 423.63}, {"Startup Cost": 1054.72, "Plans": [{"Startup Cost": 1054.72, "Plans": [{"Startup Cost": 58.54, "Plans": [{"Startup Cost": 0.0, "Node Type": "Seq Scan", "Plan Rows": 830, "Relation Name": "table_57", "Alias": "table_57", "Parent Relationship": "Outer", "Plan Width": 68, "Total Cost": 18.3}], "Sort Key": ["table_57.col_0"], "Plan Rows": 830, "Node Type": "Sort", "Parent Relationship": "Outer", "Plan Width": 68, "Total Cost": 60.62}, {"Startup Cost": 996.17, "Plans": [{"Startup Cost": 199.76, "Plans": [{"Startup Cost": 76.57, "Plans": [{"Startup Cost": 0.0, "Node Type": "Seq Scan", "Plan Rows": 1100, "Relation Name": "table_58", "Alias": "table_58", "Parent Relationship": "Outer", "Plan Width": 44, "Total Cost": 21.0}], "Sort Key": ["table_58.col_0"], "Plan Rows": 1100, "Node Type": "Sort", "Parent Relationship": "Outer", "Plan Width": 44, "Total Cost": 79.32}, {"Startup Cost": 123.19, "Plans": [{"Startup Cost": 0.0, "Node Type": "Seq Scan", "Plan Rows": 1770, "Relation Name": "table_21", "Alias": "table_21", "Parent Relationship": "Outer", "Plan Width": 16, "Total Cost": 27.7}], "Sort Key": ["table_21.col_2"], "Plan Rows": 1770, "Node Type": "Sort", "Parent Relationship": "Inner", "Plan Width": 16, "Total Cost": 127.61}], "Node Type": "Merge Join", "Plan Rows": 9735, "Join Type": "Inner", "Parent Relationship": "Outer", "Plan Width": 60, "Merge Cond": "(table_58.col_0 = table_21.col_2)", "Total Cost": 351.28}], "Sort Key": ["table_21.col_0"], "Plan Rows": 9735, "Node Type": "Sort", "Parent Relationship": "Inner", "Plan Width": 60, "Total Cost": 1020.51}], "Node Type": "Merge Join", "Plan Rows": 40400, "Join Type": "Right", "Parent Relationship": "Outer", "Plan Width": 128, "Merge Cond": "(table_57.col_0 = table_21.col_0)", "Total Cost": 1664.87}, {"Startup Cost": 0.0, "Plans": [{"Startup Cost": 0.0, "Node Type": "Seq Scan", "Plan Rows": 830, "Relation Name": "table_52", "Alias": "table_52", "Parent Relationship": "Outer", "Plan Width": 68, "Total Cost": 18.3}], "Plan Rows": 830, "Node Type": "Materialize", "Parent Relationship": "Inner", "Plan Width": 68, "Total Cost": 22.45}], "Node Type": "Nested Loop", "Plan Rows": 33532000, "Join Type": "Inner", "Parent Relationship": "Inner", "Plan Width": 196, "Total Cost": 420835.24}], "Node Type": "Nested Loop", "Plan Rows": 295282792000, "Join Type": "Inner", "Parent Relationship": "Outer", "Plan Width": 452, "Total Cost": 6658703478.12}], "Sort Key": ["table_35.col_0", "table_52.col_1", "table_58.col_0"], "Plan Rows": 295282792000, "Node Type": "Sort", "Parent Relationship": "Outer", "Plan Width": 452, "Total Cost": 724218647997.99}], "Plan Rows": 295282792000, "Node Type": "Materialize", "Parent Relationship": "Inner", "Plan Width": 452, "Total Cost": 724956854977.99}], "Node Type": "Merge Join", "Plan Rows": 25226370641980, "Join Type": "Inner", "Parent Relationship": "Outer", "Plan Width": 972, "Merge Cond": "((table_0.col_1 = table_42.col_1) AND (table_32.col_3 = table_52.col_1) AND (table_0.col_0 = table_21.col_2))", "Total Cost": 1229973696667.87}], "Sort Key": ["table_35.col_0", "table_32.col_2", "table_58.col_1", "table_18.col_2"], "Plan Rows": 25226370641980, "Node Type": "Sort", "Parent Relationship": "Outer", "Plan Width": 972, "Total Cost": 146460268421454.6}, {"Startup Cost": 6.607182490935315e+17, "Plans": [{"Startup Cost": 6.607182490935315e+17, "Plans": [{"Startup Cost": 352912.85, "Plans": [{"Startup Cost": 352912.85, "Plans": [{"Startup Cost": 352912.85, "Plans": [{"Startup Cost": 352912.85, "Plans": [{"Startup Cost": 352770.84, "Plans": [{"Startup Cost": 352710.33, "Plans": [{"Startup Cost": 659.37, "Plans": [{"Startup Cost": 623.27, "Plans": [{"Startup Cost": 587.17, "Plans": [{"Startup Cost": 60.52, "Plans": [{"Startup Cost": 0.0, "Node Type": "Seq Scan", "Plan Rows": 860, "Relation Name": "table_17", "Alias": "table_17", "Parent Relationship": "Outer", "Plan Width": 64, "Total Cost": 18.6}], "Sort Key": ["table_17.col_0"], "Plan Rows": 860, "Node Type": "Sort", "Parent Relationship": "Outer", "Plan Width": 64, "Total Cost": 62.67}, {"Startup Cost": 526.65, "Plans": [{"Startup Cost": 141.16, "Plans": [{"Startup Cost": 60.52, "Plans": [{"Startup Cost": 0.0, "Node Type": "Seq Scan", "Plan Rows": 860, "Relation Name": "table_30", "Alias": "table_30", "Parent Relationship": "Outer", "Plan Width": 64, "Total Cost": 18.6}], "Sort Key": ["table_30.col_0"], "Plan Rows": 860, "Node Type": "Sort", "Parent Relationship": "Outer", "Plan Width": 64, "Total Cost": 62.67}, {"Startup Cost": 80.64, "Plans": [{"Startup Cost": 0.0, "Node Type": "Seq Scan", "Plan Rows": 1160, "Relation Name": "table_44", "Alias": "table_44", "Parent Relationship": "Outer", "Plan Width": 40, "Total Cost": 21.6}], "Sort Key": ["table_44.col_0"], "Plan Rows": 1160, "Node Type": "Sort", "Parent Relationship": "Inner", "Plan Width": 40, "Total Cost": 83.54}], "Node Type": "Merge Join", "Plan Rows": 4988, "Join Type": "Inner", "Parent Relationship": "Outer", "Plan Width": 104, "Merge Cond": "(table_30.col_0 = table_44.col_0)", "Total Cost": 220.28}], "Sort Key": ["table_30.col_1"], "Plan Rows": 4988, "Node Type": "Sort", "Parent Relationship": "Inner", "Plan Width": 104, "Total Cost": 539.12}], "Node Type": "Merge Join", "Plan Rows": 21448, "Join Type": "Right", "Parent Relationship": "Outer", "Plan Width": 168, "Merge Cond": "(table_17.col_0 = table_30.col_1)", "Total Cost": 913.19}, {"Startup Cost": 21.6, "Plans": [{"Startup Cost": 0.0, "Node Type": "Seq Scan", "Plan Rows": 1160, "Relation Name": "table_40", "Alias": "table_40", "Parent Relationship": "Outer", "Plan Width": 40, "Total Cost": 21.6}], "Plan Rows": 1160, "Node Type": "Hash", "Parent Relationship": "Inner", "Plan Width": 40, "Total Cost": 21.6}], "Node Type": "Hash Join", "Plan Rows": 124398, "Join Type": "Inner", "Hash Cond": "(table_30.col_0 = table_40.col_0)", "Parent Relationship": "Outer", "Plan Width": 208, "Total Cost": 5356.85}, {"Startup Cost": 21.6, "Plans": [{"Startup Cost": 0.0, "Node Type": "Seq Scan", "Plan Rows": 1160, "Relation Name": "table_10", "Alias": "table_10", "Parent Relationship": "Outer", "Plan Width": 40, "Total Cost": 21.6}], "Plan Rows": 1160, "Node Type": "Hash", "Parent Relationship": "Inner", "Plan Width": 40, "Total Cost": 21.6}], "Node Type": "Hash Join", "Plan Rows": 721508, "Join Type": "Inner", "Hash Cond": "(table_40.col_2 = table_10.col_2)", "Parent Relationship": "Outer", "Plan Width": 248, "Total Cost": 30956.73}], "Sort Key": ["table_10.col_0"], "Plan Rows": 721508, "Node Type": "Sort", "Parent Relationship": "Outer", "Plan Width": 248, "Total Cost": 354514.1}, {"Startup Cost": 60.52, "Plans": [{"Startup Cost": 0.0, "Node Type": "Seq Scan", "Plan Rows": 860, "Relation Name": "table_38", "Alias": "table_38", "Parent Relationship": "Outer", "Plan Width": 64, "Total Cost": 18.6}], "Sort Key": ["table_38.col_0"], "Plan Rows": 860, "Node Type": "Sort", "Parent Relationship": "Inner", "Plan Width": 64, "Total Cost": 62.67}], "Node Type": "Merge Join", "Plan Rows": 3102484, "Join Type": "Left", "Parent Relationship": "Outer", "Plan Width": 312, "Merge Cond": "(table_10.col_0 = table_38.col_0)", "Total Cost": 402915.64}, {"Startup Cost": 142.0, "Plans": [{"Startup Cost": 142.0, "Plans": [{"Startup Cost": 56.58, "Plans": [{"Startup Cost": 0.0, "Node Type": "Seq Scan", "Plan Rows": 800, "Relation Name": "table_23", "Alias": "table_23", "Parent Relationship": "Outer", "Plan Width": 72, "Total Cost": 18.0}], "Sort Key": ["table_23.col_3"], "Plan Rows": 800, "Node Type": "Sort", "Parent Relationship": "Outer", "Plan Width": 72, "Total Cost": 58.58}, {"Startup Cost": 85.43, "Plans": [{"Startup Cost": 0.0, "Node Type": "Seq Scan", "Plan Rows": 1230, "Relation Name": "table_37", "Alias": "table_37", "Parent Relationship": "Outer", "Plan Width": 36, "Total Cost": 22.3}], "Sort Key": ["table_37.col_0"], "Plan Rows": 1230, "Node Type": "Sort", "Parent Relationship": "Inner", "Plan Width": 36, "Total Cost": 88.5}], "Node Type": "Merge Join", "Plan Rows": 4920, "Join Type": "Left", "Parent Relationship": "Outer", "Plan Width": 108, "Merge Cond": "(table_23.col_3 = table_37.col_0)", "Total Cost": 219.8}], "Plan Rows": 4920, "Node Type": "Materialize", "Parent Relationship": "Inner", "Plan Width": 108, "Total Cost": 244.4}], "Node Type": "Nested Loop", "Plan Rows": 76321106, "Join Type": "Inner", "Parent Relationship": "Outer", "Plan Width": 420, "Join Filter": "(table_40.col_2 = table_23.col_1)", "Total Cost": 229366466.95}, {"Startup Cost": 0.0, "Plans": [{"Startup Cost": 0.0, "Node Type": "Seq Scan", "Plan Rows": 1160, "Relation Name": "table_64", "Alias": "table_64", "Parent Relationship": "Outer", "Plan Width": 40, "Total Cost": 21.6}], "Plan Rows": 1160, "Node Type": "Materialize", "Parent Relationship": "Inner", "Plan Width": 40, "Total Cost": 27.4}], "Node Type": "Nested Loop", "Plan Rows": 88532482960, "Join Type": "Inner", "Parent Relationship": "Outer", "Plan Width": 460, "Total Cost": 1336022528.45}, {"Startup Cost": 0.0, "Plans": [{"Startup Cost": 0.0, "Node Type": "Seq Scan", "Plan Rows": 830, "Relation Name": "table_33", "Alias": "table_33", "Parent Relationship": "Outer", "Plan Width": 68, "Total Cost": 18.3}], "Plan Rows": 830, "Node Type": "Materialize", "Parent Relationship": "Inner", "Plan Width": 68, "Total Cost": 22.45}], "Node Type": "Nested Loop", "Plan Rows": 73481960856800, "Join Type": "Inner", "Parent Relationship": "Outer", "Plan Width": 528, "Total Cost": 919860533258.82}, {"Startup Cost": 0.0, "Plans": [{"Startup Cost": 0.0, "Node Type": "Seq Scan", "Plan Rows": 1940, "Relation Name": "table_48", "Alias": "table_48", "Parent Relationship": "Outer", "Plan Width": 12, "Total Cost": 29.4}], "Plan Rows": 1940, "Node Type": "Materialize", "Parent Relationship": "Inner", "Plan Width": 12, "Total Cost": 39.1}], "Node Type": "Nested Loop", "Plan Rows": 142555004062192000, "Join Type": "Inner", "Parent Relationship": "Outer", "Plan Width": 540, "Total Cost": 1782857411310693.0}], "Sort Key": ["table_40.col_0", "table_10.col_1", "table_48.col_1", "table_64.col_0"], "Plan Rows": 142555004062192000, "Node Type": "Sort", "Parent Relationship": "Outer", "Plan Width": 540, "Total Cost": 6.61074636603687e+17}], "Plan Rows": 142555004062192000, "Node Type": "Materialize", "Parent Relationship": "Inner", "Plan Width": 540, "Total Cost": 6.614310241138426e+17}], "Node Type": "Merge Join", "Plan Rows": 2247590855838637752320, "Join Type": "Inner", "Parent Relationship": "Outer", "Plan Width": 1512, "Merge Cond": "((table_0.col_1 = table_40.col_0) AND (table_32.col_2 = table_10.col_1) AND (table_58.col_1 = table_48.col_1) AND (table_18.col_2 = table_64.col_0))", "Total Cost": 5.123201560550516e+19}, {"Startup Cost": 21.0, "Plans": [{"Startup Cost": 0.0, "Node Type": "Seq Scan", "Plan Rows": 1100, "Relation Name": "table_15", "Alias": "table_15", "Parent Relationship": "Outer", "Plan Width": 44, "Total Cost": 21.0}], "Plan Rows": 1100, "Node Type": "Hash", "Parent Relationship": "Inner", "Plan Width": 44, "Total Cost": 21.0}], "Node Type": "Hash Join", "Plan Rows": 12361749707112507768832, "Join Type": "Inner", "Hash Cond": "(table_40.col_1 = table_15.col_1)", "Parent Relationship": "Outer", "Plan Width": 1556, "Total Cost": 4.8951223249403956e+20}, {"Startup Cost": 21.6, "Plans": [{"Startup Cost": 0.0, "Node Type": "Seq Scan", "Plan Rows": 1160, "Relation Name": "table_26", "Alias": "table_26", "Parent Relationship": "Outer", "Plan Width": 40, "Total Cost": 21.6}], "Plan Rows": 1160, "Node Type": "Hash", "Parent Relationship": "Inner", "Plan Width": 40, "Total Cost": 21.6}], "Node Type": "Hash Join", "Plan Rows": 71698148301252549672960, "Join Type": "Left", "Hash Cond": "(table_30.col_1 = table_26.col_2)", "Parent Relationship": "Outer", "Plan Width": 1596, "Total Cost": 3.0298517973056603e+21}, {"Startup Cost": 31.4, "Plans": [{"Startup Cost": 0.0, "Node Type": "Seq Scan", "Plan Rows": 2140, "Relation Name": "table_61", "Alias": "table_61", "Parent Relationship": "Outer", "Plan Width": 8, "Total Cost": 31.4}], "Plan Rows": 2140, "Node Type": "Hash", "Parent Relationship": "Inner", "Plan Width": 8, "Total Cost": 31.4}], "Node Type": "Hash Join", "Plan Rows": 767170186823402239557632, "Join Type": "Inner", "Hash Cond": "(table_40.col_1 = table_61.col_0)", "Parent Relationship": "Outer", "Plan Width": 1604, "Total Cost": 3.006005370687787e+22}, {"Startup Cost": 31.4, "Plans": [{"Startup Cost": 0.0, "Node Type": "Seq Scan", "Plan Rows": 2140, "Relation Name": "table_49", "Alias": "table_49", "Parent Relationship": "Outer", "Plan Width": 8, "Total Cost": 31.4}], "Plan Rows": 2140, "Node Type": "Hash", "Parent Relationship": "Inner", "Plan Width": 8, "Total Cost": 31.4}], "Node Type": "Hash Join", "Plan Rows": 8208720999010403654565888, "Join Type": "Inner", "Hash Cond": "(table_21.col_3 = table_49.col_1)", "Parent Relationship": "Outer", "Plan Width": 1612, "Total Cost": 3.192832141393005e+23}, {"Startup Cost": 169.6, "Plans": [{"Startup Cost": 28.68, "Plans": [{"Startup Cost": 0.0, "Node Type": "Seq Scan", "Plan Rows": 830, "Relation Name": "table_4", "Alias": "table_4", "Parent Relationship": "Outer", "Plan Width": 68, "Total Cost": 18.3}, {"Startup Cost": 18.3, "Plans": [{"Startup Cost": 0.0, "Node Type": "Seq Scan", "Plan Rows": 830, "Relation Name": "table_54", "Alias": "table_54", "Parent Relationship": "Outer", "Plan Width": 68, "Total Cost": 18.3}], "Plan Rows": 830, "Node Type": "Hash", "Parent Relationship": "Inner", "Plan Width": 68, "Total Cost": 18.3}], "Node Type": "Hash Join", "Plan Rows": 3444, "Join Type": "Inner", "Hash Cond": "(table_4.col_1 = table_54.col_1)", "Parent Relationship": "Outer", "Plan Width": 136, "Total Cost": 169.6}], "Plan Rows": 3444, "Node Type": "Hash", "Parent Relationship": "Inner", "Plan Width": 136, "Total Cost": 169.6}], "Node Type": "Hash Join", "Plan Rows": 706770878014795745853440, "Join Type": "Inner", "Hash Cond": "((table_0.col_2 = table_54.col_0) AND (table_33.col_2 = table_54.col_1))", "Parent Relationship": "Outer", "Plan Width": 1748, "Total Cost": 7.426894587063448e+24}, {"Startup Cost": 31.4, "Plans": [{"Startup Cost": 0.0, "Node Type": "Seq Scan", "Plan Rows": 2140, "Relation Name": "table_16", "Alias": "table_16", "Parent Relationship": "Outer", "Plan Width": 8, "Total Cost": 31.4}], "Plan Rows": 2140, "Node Type": "Hash", "Parent Relationship": "Inner", "Plan Width": 8, "Total Cost": 31.4}], "Node Type": "Hash Join", "Plan Rows": 7562448394758314413522944, "Join Type": "Inner", "Hash Cond": "(table_32.col_3 = table_16.col_1)", "Parent Relationship": "Outer", "Plan Width": 1756, "Total Cost": 7.693347208075026e+24}, {"Startup Cost": 0.0, "Plans": [{"Startup Cost": 0.0, "Node Type": "Seq Scan", "Plan Rows": 1230, "Relation Name": "table_60", "Alias": "table_60", "Parent Relationship": "Outer", "Plan Width": 36, "Total Cost": 22.3}], "Plan Rows": 1230, "Node Type": "Materialize", "Parent Relationship": "Inner", "Plan Width": 36, "Total Cost": 28.45}], "Node Type": "Nested Loop", "Plan Rows": 9301811525552726896136945664, "Join Type": "Inner", "Parent Relationship": "Outer", "Plan Width": 1792, "Total Cost": 1.239659912774841e+26}, {"Startup Cost": 16.2, "Plans": [{"Startup Cost": 0.0, "Node Type": "Seq Scan", "Plan Rows": 620, "Relation Name": "table_20", "Alias": "table_20", "Parent Relationship": "Outer", "Plan Width": 100, "Total Cost": 16.2}], "Plan Rows": 620, "Node Type": "Hash", "Parent Relationship": "Inner", "Plan Width": 100, "Total Cost": 16.2}], "Node Type": "Hash Join", "Plan Rows": 144178078646067275686215680, "Join Type": "Inner", "Hash Cond": "((table_10.col_0 = table_20.col_1) AND (table_60.col_0 = table_20.col_3))", "Parent Relationship": "Outer", "Plan Width": 1892, "Total Cost": 1.6136976161523813e+27}, {"Startup Cost": 21.6, "Plans": [{"Startup Cost": 0.0, "Node Type": "Seq Scan", "Plan Rows": 1160, "Relation Name": "table_62", "Alias": "table_62", "Parent Relationship": "Outer", "Plan Width": 40, "Total Cost": 21.6}], "Plan Rows": 1160, "Node Type": "Hash", "Parent Relationship": "Inner", "Plan Width": 40, "Total Cost": 21.6}], "Node Type": "Hash Join", "Plan Rows": 836232856147190198980050944, "Join Type": "Left", "Hash Cond": "(table_32.col_3 = table_62.col_0)", "Parent Relationship": "Outer", "Plan Width": 1932, "Total Cost": 1.6433262113141482e+27}, {"Startup Cost": 16.4, "Plans": [{"Startup Cost": 0.0, "Node Type": "Seq Scan", "Plan Rows": 640, "Relation Name": "table_59", "Alias": "table_59", "Parent Relationship": "Outer", "Plan Width": 96, "Total Cost": 16.4}], "Plan Rows": 640, "Node Type": "Hash", "Parent Relationship": "Inner", "Plan Width": 96, "Total Cost": 16.4}], "Node Type": "Hash Join", "Plan Rows": 2675945139671008856638488576, "Join Type": "Inner", "Hash Cond": "(table_35.col_1 = table_59.col_0)", "Parent Relationship": "Outer", "Plan Width": 2028, "Total Cost": 1.7390748733430014e+27}], "Sort Key": ["table_15.col_0", "table_42.col_2", "table_4.col_1"], "Plan Rows": 2675945139671008856638488576, "Node Type": "Sort", "Parent Relationship": "Outer", "Plan Width": 2028, "Total Cost": 7.803762439761846e+28}], "Plan Rows": 2675945139671008856638488576, "Node Type": "Materialize", "Parent Relationship": "Inner", "Plan Width": 2028, "Total Cost": 7.804431426046764e+28}], "Node Type": "Merge Join", "Plan Rows": 59507556283252573642264219322679296, "Join Type": "Inner", "Parent Relationship": "Outer", "Plan Width": 2388, "Merge Cond": "((table_28.col_1 = table_15.col_0) AND (table_5.col_0 = table_42.col_2) AND (table_63.col_1 = table_54.col_1))", "Total Cost": 1.190229163289449e+33}], "Plan Rows": 59507556283252573642264219322679296, "Node Type": "Materialize", "Parent Relationship": "Inner", "Plan Width": 2388, "Total Cost": 1.3389980539975803e+33}], "Node Type": "Merge Join", "Plan Rows": 365971471142003308992012273282187264, "Join Type": "Right", "Parent Relationship": "Outer", "Plan Width": 2424, "Merge Cond": "(table_29.col_0 = table_15.col_0)", "Total Cost": 6.679801230419499e+33}], "Sort Key": ["table_10.col_0", "table_16.col_0"], "Plan Rows": 365971471142003308992012273282187264, "Node Type": "Sort", "Parent Relationship": "Outer", "Plan Width": 2424, "Total Cost": 1.6300070213731878e+37}], "Plan Rows": 365971471142003308992012273282187264, "Node Type": "Materialize", "Parent Relationship": "Inner", "Plan Width": 2424, "Total Cost": 1.6300985142409734e+37}], "Node Type": "Merge Join", "Plan Rows": 505721476004436528075599483756998867671842816, "Join Type": "Inner", "Parent Relationship": "Outer", "Plan Width": 3208, "Merge Cond": "((table_8.col_0 = table_10.col_0) AND (table_3.col_1 = table_16.col_0))", "Total Cost": 8.850142130147853e+42}, {"Startup Cost": 22.3, "Plans": [{"Startup Cost": 0.0, "Node Type": "Seq Scan", "Plan Rows": 1230, "Relation Name": "table_47", "Alias": "table_47", "Parent Relationship": "Outer", "Plan Width": 36, "Total Cost": 22.3}], "Plan Rows": 1230, "Node Type": "Hash", "Parent Relationship": "Inner", "Plan Width": 36, "Total Cost": 22.3}], "Plan Rows": 3110187077427284774429996847928483185852153856, "Node Type": "Hash Join", "Join Type": "Right", "Hash Cond": "(table_59.col_1 = table_47.col_0)", "Plan Width": 3244, "Total Cost": 1.189709935301139e+44}}]