[{"Plan": {"Startup Cost": 2.97316584517732e+35, "Plans": [{"Startup Cost": 2.97316584517732e+35, "Plans": [{"Startup Cost": 54526144.31, "Plans": [{"Startup Cost": 239.88, "Plans": [{"Startup Cost": 239.88, "Plans": [{"Startup Cost": 46.23, "Plans": [{"Startup Cost": 0.0, "Node Type": "Seq Scan", "Plan Rows": 640, "Relation Name": "table_42", "Alias": "table_42_1", "Parent Relationship": "Outer", "Plan Width": 96, "Total Cost": 16.4}], "Sort Key": ["table_42_1.col_0"], "Plan Rows": 640, "Node Type": "Sort", "Parent Relationship": "Outer", "Plan Width": 96, "Total Cost": 47.83}, {"Startup Cost": 193.65, "Plans": [{"Startup Cost": 193.65, "Plans": [{"Startup Cost": 117.08, "Plans": [{"Startup Cost": 58.54, "Plans": [{"Startup Cost": 0.0, "Node Type": "Seq Scan", "Plan Rows": 830, "Relation Name": "table_0", "Alias": "table_0_2", "Parent Relationship": "Outer", "Plan Width": 68, "Total Cost": 18.3}], "Sort Key": ["table_0_2.col_1"], "Plan Rows": 830, "Node Type": "Sort", "Parent Relationship": "Outer", "Plan Width": 68, "Total Cost": 60.62}, {"Startup Cost": 58.54, "Plans": [{"Startup Cost": 0.0, "Node Type": "Seq Scan", "Plan Rows": 830, "Relation Name": "table_24", "Alias": "table_24_1", "Parent Relationship": "Outer", "Plan Width": 68, "Total Cost": 18.3}], "Sort Key": ["table_24_1.col_1"], "Plan Rows": 830, "Node Type": "Sort", "Parent Relationship": "Inner", "Plan Width": 68, "Total Cost": 60.62}], "Node Type": "Merge Join", "Plan Rows": 3444, "Join Type": "Inner", "Parent Relationship": "Outer", "Plan Width": 136, "Merge Cond": "(table_0_2.col_1 = table_24_1.col_1)", "Total Cost": 172.89}, {"Startup Cost": 76.57, "Plans": [{"Startup Cost": 0.0, "Node Type": "Seq Scan", "Plan Rows": 1100, "Relation Name": "table_15", "Alias": "table_15_1", "Parent Relationship": "Outer", "Plan Width": 44, "Total Cost": 21.0}], "Sort Key": ["table_15_1.col_3"], "Plan Rows": 1100, "Node Type": "Sort", "Parent Relationship": "Inner", "Plan Width": 44, "Total Cost": 79.32}], "Node Type": "Merge Join", "Plan Rows": 18942, "Join Type": "Inner", "Parent Relationship": "Outer", "Plan Width": 180, "Merge Cond": "(table_0_2.col_1 = table_15_1.col_3)", "Total Cost": 542.2}], "Plan Rows": 18942, "Node Type": "Materialize", "Parent Relationship": "Inner", "Plan Width": 180, "Total Cost": 589.56}], "Node Type": "Merge Join", "Plan Rows": 60614, "Join Type": "Left", "Parent Relationship": "Outer", "Plan Width": 276, "Merge Cond": "(table_42_1.col_0 = table_15_1.col_3)", "Total Cost": 1500.84}, {"Startup Cost": 0.0, "Plans": [{"Startup Cost": 0.0, "Node Type": "Seq Scan", "Plan Rows": 830, "Relation Name": "table_52", "Alias": "table_52", "Parent Relationship": "Outer", "Plan Width": 68, "Total Cost": 18.3}], "Plan Rows": 830, "Node Type": "Materialize", "Parent Relationship": "Inner", "Plan Width": 68, "Total Cost": 22.45}], "Node Type": "Nested Loop", "Plan Rows": 50309620, "Join Type": "Inner", "Parent Relationship": "Outer", "Plan Width": 344, "Total Cost": 630391.47}], "Sort Key": ["table_52.col_1"], "Plan Rows": 50309620, "Node Type": "Sort", "Parent Relationship": "Outer", "Plan Width": 344, "Total Cost": 54651918.36}, {"Startup Cost": 2.97316584517732e+35, "Plans": [{"Startup Cost": 2.97316584517732e+35, "Plans": [{"Startup Cost": 1205324573901761.2, "Plans": [{"Startup Cost": 329.02, "Plans": [{"Startup Cost": 329.02, "Plans": [{"Startup Cost": 329.02, "Plans": [{"Startup Cost": 291.34, "Plans": [{"Startup Cost": 58.54, "Plans": [{"Startup Cost": 0.0, "Node Type": "Seq Scan", "Plan Rows": 830, "Relation Name": "table_18", "Alias": "table_18_1", "Parent Relationship": "Outer", "Plan Width": 68, "Total Cost": 18.3}], "Sort Key": ["table_18_1.col_1"], "Plan Rows": 830, "Node Type": "Sort", "Parent Relationship": "Outer", "Plan Width": 68, "Total Cost": 60.62}, {"Startup Cost": 232.8, "Plans": [{"Startup Cost": 21.48, "Plans": [{"Startup Cost": 0.0, "Node Type": "Seq Scan", "Plan Rows": 830, "Relation Name": "table_0", "Alias": "table_0_1", "Parent Relationship": "Outer", "Plan Width": 68, "Total Cost": 18.3}, {"Startup Cost": 15.1, "Plans": [{"Startup Cost": 0.0, "Node Type": "Seq Scan", "Plan Rows": 510, "Relation Name": "table_50", "Alias": "table_50_1", "Parent Relationship": "Outer", "Plan Width": 128, "Total Cost": 15.1}], "Plan Rows": 510, "Node Type": "Hash", "Parent Relationship": "Inner", "Plan Width": 128, "Total Cost": 15.1}], "Node Type": "Hash Join", "Plan Rows": 2116, "Join Type": "Inner", "Hash Cond": "(table_0_1.col_1 = table_50_1.col_2)", "Parent Relationship": "Outer", "Plan Width": 196, "Total Cost": 115.92}], "Sort Key": ["table_50_1.col_3"], "Plan Rows": 2116, "Node Type": "Sort", "Parent Relationship": "Inner", "Plan Width": 196, "Total Cost": 238.09}], "Node Type": "Merge Join", "Plan Rows": 8781, "Join Type": "Left", "Parent Relationship": "Outer", "Plan Width": 264, "Merge Cond": "(table_18_1.col_1 = table_50_1.col_3)", "Total Cost": 427.21}, {"Startup Cost": 22.3, "Plans": [{"Startup Cost": 0.0, "Node Type": "Seq Scan", "Plan Rows": 1230, "Relation Name": "table_37", "Alias": "table_37_1", "Parent Relationship": "Outer", "Plan Width": 36, "Total Cost": 22.3}], "Plan Rows": 1230, "Node Type": "Hash", "Parent Relationship": "Inner", "Plan Width": 36, "Total Cost": 22.3}], "Node Type": "Hash Join", "Plan Rows": 54003, "Join Type": "Left", "Hash Cond": "(table_50_1.col_3 = table_37_1.col_0)", "Parent Relationship": "Outer", "Plan Width": 300, "Total Cost": 2376.94}, {"Startup Cost": 0.0, "Plans": [{"Startup Cost": 0.0, "Plans": [{"Startup Cost": 0.0, "Node Type": "Seq Scan", "Plan Rows": 2140, "Relation Name": "table_16", "Alias": "table_16", "Parent Relationship": "Outer", "Plan Width": 8, "Total Cost": 31.4}, {"Startup Cost": 0.0, "Plans": [{"Startup Cost": 0.0, "Node Type": "Seq Scan", "Plan Rows": 2140, "Relation Name": "table_61", "Alias": "table_61", "Parent Relationship": "Outer", "Plan Width": 8, "Total Cost": 31.4}], "Plan Rows": 2140, "Node Type": "Materialize", "Parent Relationship": "Inner", "Plan Width": 8, "Total Cost": 42.1}], "Node Type": "Nested Loop", "Plan Rows": 4579600, "Join Type": "Inner", "Parent Relationship": "Outer", "Plan Width": 16, "Total Cost": 57313.15}], "Plan Rows": 4579600, "Node Type": "Materialize", "Parent Relationship": "Inner", "Plan Width": 16, "Total Cost": 102573.15}], "Node Type": "Nested Loop", "Plan Rows": 247312138800, "Join Type": "Inner", "Parent Relationship": "Outer", "Plan Width": 316, "Total Cost": 4299087960.09}, {"Startup Cost": 0.0, "Plans": [{"Startup Cost": 0.0, "Node Type": "Seq Scan", "Plan Rows": 1940, "Relation Name": "table_63", "Alias": "table_63", "Parent Relationship": "Outer", "Plan Width": 12, "Total Cost": 29.4}], "Plan Rows": 1940, "Node Type": "Materialize", "Parent Relationship": "Inner", "Plan Width": 12, "Total Cost": 39.1}], "Node Type": "Nested Loop", "Plan Rows": 479785549272000, "Join Type": "Inner", "Parent Relationship": "Outer", "Plan Width": 328, "Total Cost": 6001618453894.34}], "Sort Key": ["table_16.col_1", "table_61.col_0", "table_63.col_1", "table_16.col_0"], "Plan Rows": 479785549272000, "Node Type": "Sort", "Parent Relationship": "Outer", "Plan Width": 328, "Total Cost": 1206524037774941.2}, {"Startup Cost": 2.97316584517732e+35, "Plans": [{"Startup Cost": 2.97316584517732e+35, "Plans": [{"Startup Cost": 9.919070726081758e+29, "Plans": [{"Startup Cost": 9.919070726081758e+29, "Plans": [{"Startup Cost": 9.919070726081758e+29, "Plans": [{"Startup Cost": 84324465.89, "Plans": [{"Startup Cost": 209.25, "Plans": [{"Startup Cost": 209.25, "Plans": [{"Startup Cost": 173.15, "Plans": [{"Startup Cost": 96.58, "Plans": [{"Startup Cost": 38.04, "Plans": [{"Startup Cost": 0.0, "Node Type": "Seq Scan", "Plan Rows": 510, "Relation Name": "table_50", "Alias": "table_50", "Parent Relationship": "Outer", "Plan Width": 128, "Total Cost": 15.1}], "Sort Key": ["table_50.col_0"], "Plan Rows": 510, "Node Type": "Sort", "Parent Relationship": "Outer", "Plan Width": 128, "Total Cost": 39.31}, {"Startup Cost": 58.54, "Plans": [{"Startup Cost": 0.0, "Node Type": "Seq Scan", "Plan Rows": 830, "Relation Name": "table_18", "Alias": "table_18", "Parent Relationship": "Outer", "Plan Width": 68, "Total Cost": 18.3}], "Sort Key": ["table_18.col_1"], "Plan Rows": 830, "Node Type": "Sort", "Parent Relationship": "Inner", "Plan Width": 68, "Total Cost": 60.62}], "Node Type": "Merge Join", "Plan Rows": 2116, "Join Type": "Inner", "Parent Relationship": "Outer", "Plan Width": 196, "Merge Cond": "(table_50.col_0 = table_18.col_1)", "Total Cost": 130.87}, {"Startup Cost": 76.57, "Plans": [{"Startup Cost": 0.0, "Node Type": "Seq Scan", "Plan Rows": 1100, "Relation Name": "table_6", "Alias": "table_6", "Parent Relationship": "Outer", "Plan Width": 44, "Total Cost": 21.0}], "Sort Key": ["table_6.col_1"], "Plan Rows": 1100, "Node Type": "Sort", "Parent Relationship": "Inner", "Plan Width": 44, "Total Cost": 79.32}], "Node Type": "Merge Join", "Plan Rows": 11638, "Join Type": "Inner", "Parent Relationship": "Outer", "Plan Width": 240, "Merge Cond": "(table_18.col_1 = table_6.col_1)", "Total Cost": 387.3}, {"Startup Cost": 21.6, "Plans": [{"Startup Cost": 0.0, "Node Type": "Seq Scan", "Plan Rows": 1160, "Relation Name": "table_64", "Alias": "table_64", "Parent Relationship": "Outer", "Plan Width": 40, "Total Cost": 21.6}], "Plan Rows": 1160, "Node Type": "Hash", "Parent Relationship": "Inner", "Plan Width": 40, "Total Cost": 21.6}], "Node Type": "Hash Join", "Plan Rows": 67500, "Join Type": "Inner", "Hash Cond": "(table_18.col_2 = table_64.col_0)", "Parent Relationship": "Outer", "Plan Width": 280, "Total Cost": 2815.0}, {"Startup Cost": 0.0, "Plans": [{"Startup Cost": 0.0, "Node Type": "Seq Scan", "Plan Rows": 1230, "Relation Name": "table_60", "Alias": "table_60", "Parent Relationship": "Outer", "Plan Width": 36, "Total Cost": 22.3}], "Plan Rows": 1230, "Node Type": "Materialize", "Parent Relationship": "Inner", "Plan Width": 36, "Total Cost": 28.45}], "Node Type": "Nested Loop", "Plan Rows": 83025000, "Join Type": "Inner", "Parent Relationship": "Outer", "Plan Width": 316, "Total Cost": 1040652.88}], "Sort Key": ["table_18.col_1", "table_60.col_0"], "Plan Rows": 83025000, "Node Type": "Sort", "Parent Relationship": "Outer", "Plan Width": 316, "Total Cost": 84532028.39}, {"Startup Cost": 9.919070726081758e+29, "Plans": [{"Startup Cost": 9.919070726081758e+29, "Plans": [{"Startup Cost": 3.596961012282147e+21, "Plans": [{"Startup Cost": 3.596961012282147e+21, "Plans": [{"Startup Cost": 3.596961012282147e+21, "Plans": [{"Startup Cost": 3.596961012282147e+21, "Plans": [{"Startup Cost": 3.596961012282147e+21, "Plans": [{"Startup Cost": 3.596961012282147e+21, "Plans": [{"Startup Cost": 3.596961012282147e+21, "Plans": [{"Startup Cost": 6079206587449123.0, "Plans": [{"Startup Cost": 28.68, "Plans": [{"Startup Cost": 28.68, "Plans": [{"Startup Cost": 28.68, "Plans": [{"Startup Cost": 0.0, "Plans": [{"Startup Cost": 0.0, "Node Type": "Seq Scan", "Plan Rows": 620, "Relation Name": "table_8", "Alias": "table_8", "Parent Relationship": "Outer", "Plan Width": 100, "Total Cost": 16.2}, {"Startup Cost": 0.0, "Plans": [{"Startup Cost": 0.0, "Node Type": "Seq Scan", "Plan Rows": 620, "Relation Name": "table_41", "Alias": "table_41", "Parent Relationship": "Outer", "Plan Width": 100, "Total Cost": 16.2}], "Plan Rows": 620, "Node Type": "Materialize", "Parent Relationship": "Inner", "Plan Width": 100, "Total Cost": 19.3}], "Node Type": "Nested Loop", "Plan Rows": 384400, "Join Type": "Inner", "Parent Relationship": "Outer", "Plan Width": 200, "Total Cost": 4838.95}, {"Startup Cost": 28.68, "Plans": [{"Startup Cost": 28.68, "Plans": [{"Startup Cost": 0.0, "Node Type": "Seq Scan", "Plan Rows": 830, "Relation Name": "table_33", "Alias": "table_33", "Parent Relationship": "Outer", "Plan Width": 68, "Total Cost": 18.3}, {"Startup Cost": 18.3, "Plans": [{"Startup Cost": 0.0, "Node Type": "Seq Scan", "Plan Rows": 830, "Relation Name": "table_4", "Alias": "table_4", "Parent Relationship": "Outer", "Plan Width": 68, "Total Cost": 18.3}], "Plan Rows": 830, "Node Type": "Hash", "Parent Relationship": "Inner", "Plan Width": 68, "Total Cost": 18.3}], "Node Type": "Hash Join", "Plan Rows": 3444, "Join Type": "Inner", "Hash Cond": "(table_33.col_2 = table_4.col_1)", "Parent Relationship": "Outer", "Plan Width": 136, "Total Cost": 169.6}], "Plan Rows": 3444, "Node Type": "Materialize", "Parent Relationship": "Inner", "Plan Width": 136, "Total Cost": 186.82}], "Node Type": "Nested Loop", "Plan Rows": 1323873600, "Join Type": "Inner", "Parent Relationship": "Outer", "Plan Width": 336, "Total Cost": 16553437.16}, {"Startup Cost": 0.0, "Plans": [{"Startup Cost": 0.0, "Node Type": "Seq Scan", "Plan Rows": 1230, "Relation Name": "table_5", "Alias": "table_5", "Parent Relationship": "Outer", "Plan Width": 36, "Total Cost": 22.3}], "Plan Rows": 1230, "Node Type": "Materialize", "Parent Relationship": "Inner", "Plan Width": 36, "Total Cost": 28.45}], "Node Type": "Nested Loop", "Plan Rows": 1628364528000, "Join Type": "Inner", "Parent Relationship": "Outer", "Plan Width": 372, "Total Cost": 20371110062.54}, {"Startup Cost": 0.0, "Plans": [{"Startup Cost": 0.0, "Node Type": "Seq Scan", "Plan Rows": 1230, "Relation Name": "table_3", "Alias": "table_3", "Parent Relationship": "Outer", "Plan Width": 36, "Total Cost": 22.3}], "Plan Rows": 1230, "Node Type": "Materialize", "Parent Relationship": "Inner", "Plan Width": 36, "Total Cost": 28.45}], "Node Type": "Nested Loop", "Plan Rows": 2002888369440000, "Join Type": "Inner", "Parent Relationship": "Outer", "Plan Width": 408, "Total Cost": 25056475728087.91}], "Sort Key": ["table_33.col_2", "table_41.col_3", "table_5.col_0", "table_8.col_0", "table_3.col_0"], "Plan Rows": 2002888369440000, "Node Type": "Sort", "Parent Relationship": "Outer", "Plan Width": 408, "Total Cost": 6084213808372723.0}, {"Startup Cost": 3.5969549330755596e+21, "Plans": [{"Startup Cost": 3.5969549330755596e+21, "Plans": [{"Startup Cost": 4.704907689490846e+19, "Plans": [{"Startup Cost": 421705640.78, "Plans": [{"Startup Cost": 0.0, "Plans": [{"Startup Cost": 0.0, "Plans": [{"Startup Cost": 0.0, "Node Type": "Seq Scan", "Plan Rows": 1160, "Relation Name": "table_44", "Alias": "table_44", "Parent Relationship": "Outer", "Plan Width": 40, "Total Cost": 21.6}, {"Startup Cost": 0.0, "Plans": [{"Startup Cost": 0.0, "Node Type": "Seq Scan", "Plan Rows": 620, "Relation Name": "table_20", "Alias": "table_20", "Parent Relationship": "Outer", "Plan Width": 100, "Total Cost": 16.2}], "Plan Rows": 620, "Node Type": "Materialize", "Parent Relationship": "Inner", "Plan Width": 100, "Total Cost": 19.3}], "Node Type": "Nested Loop", "Plan Rows": 719200, "Join Type": "Inner", "Parent Relationship": "Outer", "Plan Width": 140, "Total Cost": 9029.35}, {"Startup Cost": 0.0, "Plans": [{"Startup Cost": 0.0, "Node Type": "Seq Scan", "Plan Rows": 620, "Relation Name": "table_31", "Alias": "table_31", "Parent Relationship": "Outer", "Plan Width": 100, "Total Cost": 16.2}], "Plan Rows": 620, "Node Type": "Materialize", "Parent Relationship": "Inner", "Plan Width": 100, "Total Cost": 19.3}], "Node Type": "Nested Loop", "Plan Rows": 445904000, "Join Type": "Inner", "Parent Relationship": "Outer", "Plan Width": 240, "Total Cost": 5582847.1}], "Sort Key": ["table_44.col_0", "table_20.col_1", "table_31.col_0"], "Plan Rows": 445904000, "Node Type": "Sort", "Parent Relationship": "Outer", "Plan Width": 240, "Total Cost": 422820400.78}, {"Startup Cost": 4.704907689448675e+19, "Plans": [{"Startup Cost": 4.704907689448675e+19, "Plans": [{"Startup Cost": 8657610160624.21, "Plans": [{"Startup Cost": 8657610160586.54, "Plans": [{"Startup Cost": 8657610160558.54, "Plans": [{"Startup Cost": 8657610160558.54, "Plans": [{"Startup Cost": 8657610160520.86, "Plans": [{"Startup Cost": 411458.58, "Plans": [{"Startup Cost": 825.79, "Plans": [{"Startup Cost": 791.04, "Plans": [{"Startup Cost": 756.29, "Plans": [{"Startup Cost": 60.52, "Plans": [{"Startup Cost": 0.0, "Node Type": "Seq Scan", "Plan Rows": 860, "Relation Name": "table_38", "Alias": "table_38", "Parent Relationship": "Outer", "Plan Width": 64, "Total Cost": 18.6}], "Sort Key": ["table_38.col_0"], "Plan Rows": 860, "Node Type": "Sort", "Parent Relationship": "Outer", "Plan Width": 64, "Total Cost": 62.67}, {"Startup Cost": 695.77, "Plans": [{"Startup Cost": 161.29, "Plans": [{"Startup Cost": 80.64, "Plans": [{"Startup Cost": 0.0, "Node Type": "Seq Scan", "Plan Rows": 1160, "Relation Name": "table_10", "Alias": "table_10", "Parent Relationship": "Outer", "Plan Width": 40, "Total Cost": 21.6}], "Sort Key": ["table_10.col_2"], "Plan Rows": 1160, "Node Type": "Sort", "Parent Relationship": "Outer", "Plan Width": 40, "Total Cost": 83.54}, {"Startup Cost": 80.64, "Plans": [{"Startup Cost": 0.0, "Node Type": "Seq Scan", "Plan Rows": 1160, "Relation Name": "table_40", "Alias": "table_40", "Parent Relationship": "Outer", "Plan Width": 40, "Total Cost": 21.6}], "Sort Key": ["table_40.col_2"], "Plan Rows": 1160, "Node Type": "Sort", "Parent Relationship": "Inner", "Plan Width": 40, "Total Cost": 83.54}], "Node Type": "Merge Join", "Plan Rows": 6728, "Join Type": "Inner", "Parent Relationship": "Outer", "Plan Width": 80, "Merge Cond": "(table_10.col_2 = table_40.col_2)", "Total Cost": 268.01}], "Sort Key": ["table_10.col_0"], "Plan Rows": 6728, "Node Type": "Sort", "Parent Relationship": "Inner", "Plan Width": 80, "Total Cost": 712.59}], "Node Type": "Merge Join", "Plan Rows": 28930, "Join Type": "Right", "Parent Relationship": "Outer", "Plan Width": 144, "Merge Cond": "(table_38.col_0 = table_10.col_0)", "Total Cost": 1194.54}, {"Startup Cost": 21.0, "Plans": [{"Startup Cost": 0.0, "Node Type": "Seq Scan", "Plan Rows": 1100, "Relation Name": "table_15", "Alias": "table_15", "Parent Relationship": "Outer", "Plan Width": 44, "Total Cost": 21.0}], "Plan Rows": 1100, "Node Type": "Hash", "Parent Relationship": "Inner", "Plan Width": 44, "Total Cost": 21.0}], "Node Type": "Hash Join", "Plan Rows": 159115, "Join Type": "Inner", "Hash Cond": "(table_40.col_1 = table_15.col_1)", "Parent Relationship": "Outer", "Plan Width": 188, "Total Cost": 6870.64}, {"Startup Cost": 21.0, "Plans": [{"Startup Cost": 0.0, "Node Type": "Seq Scan", "Plan Rows": 1100, "Relation Name": "table_32", "Alias": "table_32", "Parent Relationship": "Outer", "Plan Width": 44, "Total Cost": 21.0}], "Plan Rows": 1100, "Node Type": "Hash", "Parent Relationship": "Inner", "Plan Width": 44, "Total Cost": 21.0}], "Node Type": "Hash Join", "Plan Rows": 875132, "Join Type": "Inner", "Hash Cond": "(table_10.col_1 = table_32.col_2)", "Parent Relationship": "Outer", "Plan Width": 232, "Total Cost": 37932.81}], "Sort Key": ["table_40.col_0", "table_10.col_2"], "Plan Rows": 875132, "Node Type": "Sort", "Parent Relationship": "Outer", "Plan Width": 232, "Total Cost": 413646.41}, {"Startup Cost": 8657609749062.28, "Plans": [{"Startup Cost": 8657609749062.28, "Plans": [{"Startup Cost": 99669.13, "Plans": [{"Startup Cost": 99640.46, "Plans": [{"Startup Cost": 117.08, "Plans": [{"Startup Cost": 117.08, "Plans": [{"Startup Cost": 117.08, "Plans": [{"Startup Cost": 58.54, "Plans": [{"Startup Cost": 0.0, "Node Type": "Seq Scan", "Plan Rows": 830, "Relation Name": "table_0", "Alias": "table_0", "Parent Relationship": "Outer", "Plan Width": 68, "Total Cost": 18.3}], "Sort Key": ["table_0.col_1"], "Plan Rows": 830, "Node Type": "Sort", "Parent Relationship": "Outer", "Plan Width": 68, "Total Cost": 60.62}, {"Startup Cost": 58.54, "Plans": [{"Startup Cost": 0.0, "Node Type": "Seq Scan", "Plan Rows": 830, "Relation Name": "table_24", "Alias": "table_24", "Parent Relationship": "Outer", "Plan Width": 68, "Total Cost": 18.3}], "Sort Key": ["table_24.col_2"], "Plan Rows": 830, "Node Type": "Sort", "Parent Relationship": "Inner", "Plan Width": 68, "Total Cost": 60.62}], "Node Type": "Merge Join", "Plan Rows": 3444, "Join Type": "Left", "Parent Relationship": "Outer", "Plan Width": 136, "Merge Cond": "(table_0.col_1 = table_24.col_2)", "Total Cost": 172.89}, {"Startup Cost": 0.0, "Plans": [{"Startup Cost": 0.0, "Node Type": "Seq Scan", "Plan Rows": 1770, "Relation Name": "table_21", "Alias": "table_21", "Parent Relationship": "Outer", "Plan Width": 16, "Total Cost": 27.7}], "Plan Rows": 1770, "Node Type": "Materialize", "Parent Relationship": "Inner", "Plan Width": 16, "Total Cost": 36.55}], "Node Type": "Nested Loop", "Plan Rows": 30479, "Join Type": "Inner", "Parent Relationship": "Outer", "Plan Width": 152, "Join Filter": "(table_0.col_0 = table_21.col_2)", "Total Cost": 91643.22}, {"Startup Cost": 0.0, "Plans": [{"Startup Cost": 0.0, "Node Type": "Seq Scan", "Plan Rows": 1100, "Relation Name": "table_58", "Alias": "table_58", "Parent Relationship": "Outer", "Plan Width": 44, "Total Cost": 21.0}], "Plan Rows": 1100, "Node Type": "Materialize", "Parent Relationship": "Inner", "Plan Width": 44, "Total Cost": 26.5}], "Node Type": "Nested Loop", "Plan Rows": 167634, "Join Type": "Inner", "Parent Relationship": "Outer", "Plan Width": 196, "Join Filter": "(table_58.col_0 = table_0.col_0)", "Total Cost": 594570.47}, {"Startup Cost": 99523.37, "Plans": [{"Startup Cost": 99523.37, "Plans": [{"Startup Cost": 99523.37, "Plans": [{"Startup Cost": 99523.37, "Plans": [{"Startup Cost": 99523.37, "Plans": [{"Startup Cost": 46.23, "Plans": [{"Startup Cost": 0.0, "Node Type": "Seq Scan", "Plan Rows": 640, "Relation Name": "table_42", "Alias": "table_42", "Parent Relationship": "Outer", "Plan Width": 96, "Total Cost": 16.4}], "Sort Key": ["table_42.col_1"], "Plan Rows": 640, "Node Type": "Sort", "Parent Relationship": "Outer", "Plan Width": 96, "Total Cost": 47.83}, {"Startup Cost": 99477.14, "Plans": [{"Startup Cost": 99477.14, "Plans": [{"Startup Cost": 26.0, "Plans": [{"Startup Cost": 0.0, "Plans": [{"Startup Cost": 0.0, "Node Type": "Seq Scan", "Plan Rows": 860, "Relation Name": "table_30", "Alias": "table_30", "Parent Relationship": "Outer", "Plan Width": 64, "Total Cost": 18.6}, {"Startup Cost": 0.0, "Plans": [{"Startup Cost": 0.0, "Node Type": "Seq Scan", "Plan Rows": 640, "Relation Name": "table_59", "Alias": "table_59", "Parent Relationship": "Outer", "Plan Width": 96, "Total Cost": 16.4}], "Plan Rows": 640, "Node Type": "Materialize", "Parent Relationship": "Inner", "Plan Width": 96, "Total Cost": 19.6}], "Node Type": "Nested Loop", "Plan Rows": 550400, "Join Type": "Inner", "Parent Relationship": "Outer", "Plan Width": 160, "Total Cost": 6916.6}, {"Startup Cost": 16.4, "Plans": [{"Startup Cost": 0.0, "Node Type": "Seq Scan", "Plan Rows": 640, "Relation Name": "table_35", "Alias": "table_35", "Parent Relationship": "Outer", "Plan Width": 96, "Total Cost": 16.4}], "Plan Rows": 640, "Node Type": "Hash", "Parent Relationship": "Inner", "Plan Width": 96, "Total Cost": 16.4}], "Node Type": "Hash Join", "Plan Rows": 8806, "Join Type": "Inner", "Hash Cond": "((table_30.col_0 = table_35.col_0) AND (table_59.col_0 = table_35.col_1))", "Parent Relationship": "Outer", "Plan Width": 256, "Total Cost": 97846.66}], "Sort Key": ["table_30.col_0"], "Plan Rows": 8806, "Node Type": "Sort", "Parent Relationship": "Outer", "Plan Width": 256, "Total Cost": 99499.16}], "Plan Rows": 8806, "Node Type": "Materialize", "Parent Relationship": "Inner", "Plan Width": 256, "Total Cost": 99521.17}], "Node Type": "Merge Join", "Plan Rows": 28179, "Join Type": "Inner", "Parent Relationship": "Outer", "Plan Width": 352, "Merge Cond": "(table_42.col_1 = table_35.col_0)", "Total Cost": 99971.27}, {"Startup Cost": 0.0, "Plans": [{"Startup Cost": 0.0, "Node Type": "Seq Scan", "Plan Rows": 1160, "Relation Name": "table_26", "Alias": "table_26", "Parent Relationship": "Outer", "Plan Width": 40, "Total Cost": 21.6}], "Plan Rows": 1160, "Node Type": "Materialize", "Parent Relationship": "Inner", "Plan Width": 40, "Total Cost": 27.4}], "Node Type": "Nested Loop", "Plan Rows": 163438, "Join Type": "Left", "Parent Relationship": "Outer", "Plan Width": 392, "Join Filter": "(table_30.col_1 = table_26.col_2)", "Total Cost": 590310.37}, {"Startup Cost": 0.0, "Plans": [{"Startup Cost": 0.0, "Node Type": "Seq Scan", "Plan Rows": 860, "Relation Name": "table_53", "Alias": "table_53", "Parent Relationship": "Outer", "Plan Width": 64, "Total Cost": 18.6}], "Plan Rows": 860, "Node Type": "Materialize", "Parent Relationship": "Inner", "Plan Width": 64, "Total Cost": 22.9}], "Node Type": "Nested Loop", "Plan Rows": 702783, "Join Type": "Inner", "Parent Relationship": "Outer", "Plan Width": 456, "Join Filter": "(table_42.col_2 = table_53.col_1)", "Total Cost": 2698681.32}, {"Startup Cost": 0.0, "Plans": [{"Startup Cost": 0.0, "Node Type": "Seq Scan", "Plan Rows": 800, "Relation Name": "table_23", "Alias": "table_23", "Parent Relationship": "Outer", "Plan Width": 72, "Total Cost": 18.0}], "Plan Rows": 800, "Node Type": "Materialize", "Parent Relationship": "Inner", "Plan Width": 72, "Total Cost": 22.0}], "Node Type": "Nested Loop", "Plan Rows": 562226400, "Join Type": "Inner", "Parent Relationship": "Outer", "Plan Width": 528, "Total Cost": 9726531.32}], "Plan Rows": 562226400, "Node Type": "Materialize", "Parent Relationship": "Inner", "Plan Width": 528, "Total Cost": 11132097.32}], "Node Type": "Merge Join", "Plan Rows": 471241301688, "Join Type": "Inner", "Parent Relationship": "Outer", "Plan Width": 724, "Merge Cond": "(table_0.col_1 = table_42.col_1)", "Total Cost": 7078941046.2}, {"Startup Cost": 18.3, "Plans": [{"Startup Cost": 0.0, "Node Type": "Seq Scan", "Plan Rows": 830, "Relation Name": "table_54", "Alias": "table_54", "Parent Relationship": "Outer", "Plan Width": 68, "Total Cost": 18.3}], "Plan Rows": 830, "Node Type": "Hash", "Parent Relationship": "Inner", "Plan Width": 68, "Total Cost": 18.3}], "Node Type": "Hash Join", "Plan Rows": 1955651402005, "Join Type": "Inner", "Hash Cond": "(table_0.col_2 = table_54.col_0)", "Parent Relationship": "Outer", "Plan Width": 792, "Total Cost": 76704843399.27}], "Sort Key": ["table_0.col_1", "table_23.col_1"], "Plan Rows": 1955651402005, "Node Type": "Sort", "Parent Relationship": "Outer", "Plan Width": 792, "Total Cost": 8662498877567.29}], "Plan Rows": 1955651402005, "Node Type": "Materialize", "Parent Relationship": "Inner", "Plan Width": 792, "Total Cost": 8667388006072.31}], "Node Type": "Merge Join", "Plan Rows": 42786328068486, "Join Type": "Inner", "Parent Relationship": "Outer", "Plan Width": 1024, "Merge Cond": "((table_40.col_0 = table_0.col_1) AND (table_40.col_2 = table_23.col_1))", "Total Cost": 9411260036787.87}, {"Startup Cost": 22.3, "Plans": [{"Startup Cost": 0.0, "Node Type": "Seq Scan", "Plan Rows": 1230, "Relation Name": "table_37", "Alias": "table_37", "Parent Relationship": "Outer", "Plan Width": 36, "Total Cost": 22.3}], "Plan Rows": 1230, "Node Type": "Hash", "Parent Relationship": "Inner", "Plan Width": 36, "Total Cost": 22.3}], "Node Type": "Hash Join", "Plan Rows": 263135917621189, "Join Type": "Left", "Hash Cond": "(table_23.col_3 = table_37.col_0)", "Parent Relationship": "Outer", "Plan Width": 1060, "Total Cost": 18727982973738.37}, {"Startup Cost": 0.0, "Plans": [{"Startup Cost": 0.0, "Node Type": "Seq Scan", "Plan Rows": 640, "Relation Name": "table_45", "Alias": "table_45", "Parent Relationship": "Outer", "Plan Width": 96, "Total Cost": 16.4}], "Plan Rows": 640, "Node Type": "Materialize", "Parent Relationship": "Inner", "Plan Width": 96, "Total Cost": 19.6}], "Node Type": "Nested Loop", "Plan Rows": 168406987277560960, "Join Type": "Inner", "Parent Relationship": "Outer", "Plan Width": 1156, "Total Cost": 2123815323943268.5}, {"Startup Cost": 18.0, "Plans": [{"Startup Cost": 0.0, "Node Type": "Seq Scan", "Plan Rows": 800, "Relation Name": "table_14", "Alias": "table_14", "Parent Relationship": "Outer", "Plan Width": 72, "Total Cost": 18.0}], "Plan Rows": 800, "Node Type": "Hash", "Parent Relationship": "Inner", "Plan Width": 72, "Total Cost": 18.0}], "Node Type": "Hash Join", "Plan Rows": 673627949110243840, "Join Type": "Inner", "Hash Cond": "(table_10.col_0 = table_14.col_0)", "Parent Relationship": "Outer", "Plan Width": 1228, "Total Cost": 2.6121811010995736e+16}, {"Startup Cost": 22.3, "Plans": [{"Startup Cost": 0.0, "Node Type": "Seq Scan", "Plan Rows": 1230, "Relation Name": "table_29", "Alias": "table_29", "Parent Relationship": "Outer", "Plan Width": 36, "Total Cost": 22.3}], "Plan Rows": 1230, "Node Type": "Hash", "Parent Relationship": "Inner", "Plan Width": 36, "Total Cost": 22.3}], "Node Type": "Hash Join", "Plan Rows": 4142811887027999744, "Join Type": "Left", "Hash Cond": "(table_15.col_0 = table_29.col_0)", "Parent Relationship": "Outer", "Plan Width": 1264, "Total Cost": 1.728042969297514e+17}], "Sort Key": ["table_40.col_0", "table_14.col_0", "table_14.col_3"], "Plan Rows": 4142811887027999744, "Node Type": "Sort", "Parent Relationship": "Outer", "Plan Width": 1264, "Total Cost": 4.705943392420432e+19}], "Plan Rows": 4142811887027999744, "Node Type": "Materialize", "Parent Relationship": "Inner", "Plan Width": 1264, "Total Cost": 4.70697909539219e+19}], "Node Type": "Merge Join", "Plan Rows": 230912048959166676992, "Join Type": "Inner", "Parent Relationship": "Outer", "Plan Width": 1504, "Merge Cond": "((table_44.col_0 = table_0.col_1) AND (table_20.col_1 = table_10.col_0) AND (table_31.col_0 = table_14.col_3))", "Total Cost": 5.1677674903813825e+19}], "Sort Key": ["table_54.col_1", "table_54.col_0", "table_42.col_2", "table_20.col_1", "table_45.col_1"], "Plan Rows": 230912048959166676992, "Node Type": "Sort", "Parent Relationship": "Outer", "Plan Width": 1504, "Total Cost": 3.597532213197957e+21}], "Plan Rows": 230912048959166676992, "Node Type": "Materialize", "Parent Relationship": "Inner", "Plan Width": 1504, "Total Cost": 3.598109493320355e+21}], "Node Type": "Merge Join", "Plan Rows": 1445284553824609010450432, "Join Type": "Inner", "Parent Relationship": "Outer", "Plan Width": 1912, "Merge Cond": "((table_33.col_2 = table_54.col_1) AND (table_41.col_3 = table_0.col_2) AND (table_5.col_0 = table_42.col_2) AND (table_8.col_0 = table_10.col_0) AND (table_3.col_0 = table_45.col_1))", "Total Cost": 3.972965216806309e+22}, {"Startup Cost": 22.3, "Plans": [{"Startup Cost": 0.0, "Node Type": "Seq Scan", "Plan Rows": 1230, "Relation Name": "table_9", "Alias": "table_9", "Parent Relationship": "Outer", "Plan Width": 36, "Total Cost": 22.3}], "Plan Rows": 1230, "Node Type": "Hash", "Parent Relationship": "Inner", "Plan Width": 36, "Total Cost": 22.3}], "Node Type": "Hash Join", "Plan Rows": 8888500006021345736392704, "Join Type": "Inner", "Hash Cond": "(table_45.col_2 = table_9.col_0)", "Parent Relationship": "Outer", "Plan Width": 1948, "Total Cost": 3.5444036376337174e+23}, {"Startup Cost": 21.0, "Plans": [{"Startup Cost": 0.0, "Node Type": "Seq Scan", "Plan Rows": 1100, "Relation Name": "table_39", "Alias": "table_39", "Parent Relationship": "Outer", "Plan Width": 44, "Total Cost": 21.0}], "Plan Rows": 1100, "Node Type": "Hash", "Parent Relationship": "Inner", "Plan Width": 44, "Total Cost": 21.0}], "Node Type": "Hash Join", "Plan Rows": 48886750033117405845127168, "Join Type": "Left", "Hash Cond": "(table_45.col_2 = table_39.col_3)", "Parent Relationship": "Outer", "Plan Width": 1992, "Total Cost": 2.087697864937534e+24}, {"Startup Cost": 22.3, "Plans": [{"Startup Cost": 0.0, "Node Type": "Seq Scan", "Plan Rows": 1230, "Relation Name": "table_28", "Alias": "table_28", "Parent Relationship": "Outer", "Plan Width": 36, "Total Cost": 22.3}], "Plan Rows": 1230, "Node Type": "Hash", "Parent Relationship": "Inner", "Plan Width": 36, "Total Cost": 22.3}], "Node Type": "Hash Join", "Plan Rows": 300653512703672047236022272, "Join Type": "Inner", "Hash Cond": "(table_15.col_0 = table_28.col_1)", "Parent Relationship": "Outer", "Plan Width": 2028, "Total Cost": 1.273278768464885e+25}, {"Startup Cost": 18.6, "Plans": [{"Startup Cost": 0.0, "Node Type": "Seq Scan", "Plan Rows": 860, "Relation Name": "table_17", "Alias": "table_17", "Parent Relationship": "Outer", "Plan Width": 64, "Total Cost": 18.6}], "Plan Rows": 860, "Node Type": "Hash", "Parent Relationship": "Inner", "Plan Width": 64, "Total Cost": 18.6}], "Node Type": "Hash Join", "Plan Rows": 1292810104625789693163732992, "Join Type": "Left", "Hash Cond": "(table_30.col_1 = table_17.col_0)", "Parent Relationship": "Outer", "Plan Width": 2092, "Total Cost": 5.8732775128310676e+25}, {"Startup Cost": 21.6, "Plans": [{"Startup Cost": 0.0, "Node Type": "Seq Scan", "Plan Rows": 1160, "Relation Name": "table_62", "Alias": "table_62", "Parent Relationship": "Outer", "Plan Width": 40, "Total Cost": 21.6}], "Plan Rows": 1160, "Node Type": "Hash", "Parent Relationship": "Inner", "Plan Width": 40, "Total Cost": 21.6}], "Node Type": "Hash Join", "Plan Rows": 7498298606829579835520581632, "Join Type": "Left", "Hash Cond": "(table_32.col_3 = table_62.col_0)", "Parent Relationship": "Outer", "Plan Width": 2132, "Total Cost": 3.244052516289104e+26}, {"Startup Cost": 18.3, "Plans": [{"Startup Cost": 0.0, "Node Type": "Seq Scan", "Plan Rows": 830, "Relation Name": "table_57", "Alias": "table_57", "Parent Relationship": "Outer", "Plan Width": 68, "Total Cost": 18.3}], "Plan Rows": 830, "Node Type": "Hash", "Parent Relationship": "Inner", "Plan Width": 68, "Total Cost": 18.3}], "Node Type": "Hash Join", "Plan Rows": 31117939218342755437801111552, "Join Type": "Left", "Hash Cond": "(table_21.col_0 = table_57.col_0)", "Parent Relationship": "Outer", "Plan Width": 2200, "Total Cost": 1.432278870787981e+27}], "Sort Key": ["table_44.col_0", "table_20.col_3"], "Plan Rows": 31117939218342755437801111552, "Node Type": "Sort", "Parent Relationship": "Outer", "Plan Width": 2200, "Total Cost": 9.919848674562216e+29}], "Plan Rows": 31117939218342755437801111552, "Node Type": "Materialize", "Parent Relationship": "Inner", "Plan Width": 2200, "Total Cost": 9.920626623042674e+29}], "Node Type": "Merge Join", "Plan Rows": 64589172590072682833107327385600, "Join Type": "Inner", "Parent Relationship": "Outer", "Plan Width": 2516, "Merge Cond": "((table_18.col_1 = table_0.col_1) AND (table_60.col_0 = table_20.col_3))", "Total Cost": 2.1222953877824935e+30}, {"Startup Cost": 31.4, "Plans": [{"Startup Cost": 0.0, "Node Type": "Seq Scan", "Plan Rows": 2140, "Relation Name": "table_49", "Alias": "table_49", "Parent Relationship": "Outer", "Plan Width": 8, "Total Cost": 31.4}], "Plan Rows": 2140, "Node Type": "Hash", "Parent Relationship": "Inner", "Plan Width": 8, "Total Cost": 31.4}], "Node Type": "Hash Join", "Plan Rows": 691104146713777719825047285137408, "Join Type": "Inner", "Hash Cond": "(table_21.col_3 = table_49.col_1)", "Parent Relationship": "Outer", "Plan Width": 2524, "Total Cost": 2.6472413454239896e+31}, {"Startup Cost": 29.4, "Plans": [{"Startup Cost": 0.0, "Node Type": "Seq Scan", "Plan Rows": 1940, "Relation Name": "table_48", "Alias": "table_48", "Parent Relationship": "Outer", "Plan Width": 12, "Total Cost": 29.4}], "Plan Rows": 1940, "Node Type": "Hash", "Parent Relationship": "Inner", "Plan Width": 12, "Total Cost": 29.4}], "Node Type": "Hash Join", "Plan Rows": 6703710223123643550838026091364352, "Join Type": "Inner", "Hash Cond": "(table_58.col_1 = table_48.col_1)", "Parent Relationship": "Outer", "Plan Width": 2536, "Total Cost": 2.628300316303519e+32}], "Sort Key": ["table_32.col_3", "table_40.col_1", "table_33.col_2", "table_3.col_1"], "Plan Rows": 6703710223123643550838026091364352, "Node Type": "Sort", "Parent Relationship": "Outer", "Plan Width": 2536, "Total Cost": 2.973333437932898e+35}], "Plan Rows": 6703710223123643550838026091364352, "Node Type": "Materialize", "Parent Relationship": "Inner", "Plan Width": 2536, "Total Cost": 2.9735010306884758e+35}], "Node Type": "Merge Join", "Plan Rows": 2010214557226062277949779180938938286080, "Join Type": "Inner", "Parent Relationship": "Outer", "Plan Width": 2864, "Merge Cond": "((table_16.col_1 = table_32.col_3) AND (table_61.col_0 = table_40.col_1) AND (table_63.col_1 = table_54.col_1) AND (table_16.col_0 = table_3.col_1))", "Total Cost": 4.55271608813797e+37}], "Plan Rows": 2010214557226062277949779180938938286080, "Node Type": "Materialize", "Parent Relationship": "Inner", "Plan Width": 2864, "Total Cost": 5.055269727444486e+37}], "Node Type": "Merge Join", "Plan Rows": 505665652462557209264351289741669122218917888, "Join Type": "Inner", "Parent Relationship": "Outer", "Plan Width": 3208, "Merge Cond": "(table_52.col_1 = table_32.col_3)", "Total Cost": 7.58503031409924e+42}, {"Startup Cost": 22.3, "Plans": [{"Startup Cost": 0.0, "Node Type": "Seq Scan", "Plan Rows": 1230, "Relation Name": "table_47", "Alias": "table_47", "Parent Relationship": "Outer", "Plan Width": 36, "Total Cost": 22.3}], "Plan Rows": 1230, "Node Type": "Hash", "Parent Relationship": "Inner", "Plan Width": 36, "Total Cost": 22.3}], "Plan Rows": 3109843762644726722094924786227975591007617024, "Node Type": "Hash Join", "Join Type": "Right", "Hash Cond": "(table_59.col_1 = table_47.col_0)", "Plan Width": 3244, "Total Cost": 1.1769372613782107e+44}}]