[{"Plan": {"Startup Cost": 7.221132690362144e+39, "Plans": [{"Startup Cost": 7.221132690362144e+39, "Plans": [{"Startup Cost": 85.43, "Plans": [{"Startup Cost": 0.0, "Node Type": "Seq Scan", "Plan Rows": 1230, "Relation Name": "table_7", "Alias": "table_7", "Parent Relationship": "Outer", "Plan Width": 36, "Total Cost": 22.3}], "Sort Key": ["table_7.col_1"], "Plan Rows": 1230, "Node Type": "Sort", "Parent Relationship": "Outer", "Plan Width": 36, "Total Cost": 88.5}, {"Startup Cost": 7.221132690362144e+39, "Plans": [{"Startup Cost": 7.221132690362144e+39, "Plans": [{"Startup Cost": 2884112717.22, "Plans": [{"Startup Cost": 826.33, "Plans": [{"Startup Cost": 614.18, "Plans": [{"Startup Cost": 578.08, "Plans": [{"Startup Cost": 578.08, "Plans": [{"Startup Cost": 56.58, "Plans": [{"Startup Cost": 0.0, "Node Type": "Seq Scan", "Plan Rows": 800, "Relation Name": "table_61", "Alias": "table_61_1", "Parent Relationship": "Outer", "Plan Width": 72, "Total Cost": 18.0}], "Sort Key": ["table_61_1.col_1"], "Plan Rows": 800, "Node Type": "Sort", "Parent Relationship": "Outer", "Plan Width": 72, "Total Cost": 58.58}, {"Startup Cost": 521.51, "Plans": [{"Startup Cost": 142.0, "Plans": [{"Startup Cost": 56.58, "Plans": [{"Startup Cost": 0.0, "Node Type": "Seq Scan", "Plan Rows": 800, "Relation Name": "table_51", "Alias": "table_51_1", "Parent Relationship": "Outer", "Plan Width": 72, "Total Cost": 18.0}], "Sort Key": ["table_51_1.col_2"], "Plan Rows": 800, "Node Type": "Sort", "Parent Relationship": "Outer", "Plan Width": 72, "Total Cost": 58.58}, {"Startup Cost": 85.43, "Plans": [{"Startup Cost": 0.0, "Node Type": "Seq Scan", "Plan Rows": 1230, "Relation Name": "table_0", "Alias": "table_0_2", "Parent Relationship": "Outer", "Plan Width": 36, "Total Cost": 22.3}], "Sort Key": ["table_0_2.col_0"], "Plan Rows": 1230, "Node Type": "Sort", "Parent Relationship": "Inner", "Plan Width": 36, "Total Cost": 88.5}], "Node Type": "Merge Join", "Plan Rows": 4920, "Join Type": "Inner", "Parent Relationship": "Outer", "Plan Width": 108, "Merge Cond": "(table_51_1.col_2 = table_0_2.col_0)", "Total Cost": 219.8}], "Sort Key": ["table_0_2.col_1"], "Plan Rows": 4920, "Node Type": "Sort", "Parent Relationship": "Inner", "Plan Width": 108, "Total Cost": 533.81}], "Node Type": "Merge Join", "Plan Rows": 19680, "Join Type": "Left", "Parent Relationship": "Outer", "Plan Width": 180, "Merge Cond": "(table_61_1.col_1 = table_0_2.col_1)", "Total Cost": 877.28}, {"Startup Cost": 0.0, "Plans": [{"Startup Cost": 0.0, "Node Type": "Seq Scan", "Plan Rows": 860, "Relation Name": "table_2", "Alias": "table_2", "Parent Relationship": "Outer", "Plan Width": 64, "Total Cost": 18.6}], "Plan Rows": 860, "Node Type": "Materialize", "Parent Relationship": "Inner", "Plan Width": 64, "Total Cost": 22.9}], "Node Type": "Nested Loop", "Plan Rows": 16924800, "Join Type": "Inner", "Parent Relationship": "Outer", "Plan Width": 244, "Total Cost": 212458.03}, {"Startup Cost": 21.6, "Plans": [{"Startup Cost": 0.0, "Node Type": "Seq Scan", "Plan Rows": 1160, "Relation Name": "table_53", "Alias": "table_53", "Parent Relationship": "Outer", "Plan Width": 40, "Total Cost": 21.6}], "Plan Rows": 1160, "Node Type": "Hash", "Parent Relationship": "Inner", "Plan Width": 40, "Total Cost": 21.6}], "Node Type": "Hash Join", "Plan Rows": 98163840, "Join Type": "Left", "Hash Cond": "(table_0_2.col_0 = table_53.col_0)", "Parent Relationship": "Outer", "Plan Width": 284, "Total Cost": 3690540.53}, {"Startup Cost": 169.15, "Plans": [{"Startup Cost": 28.0, "Plans": [{"Startup Cost": 0.0, "Node Type": "Seq Scan", "Plan Rows": 860, "Relation Name": "table_25", "Alias": "table_25", "Parent Relationship": "Outer", "Plan Width": 64, "Total Cost": 18.6}, {"Startup Cost": 18.0, "Plans": [{"Startup Cost": 0.0, "Node Type": "Seq Scan", "Plan Rows": 800, "Relation Name": "table_28", "Alias": "table_28", "Parent Relationship": "Outer", "Plan Width": 72, "Total Cost": 18.0}], "Plan Rows": 800, "Node Type": "Hash", "Parent Relationship": "Inner", "Plan Width": 72, "Total Cost": 18.0}], "Node Type": "Hash Join", "Plan Rows": 3440, "Join Type": "Left", "Hash Cond": "(table_25.col_0 = table_28.col_0)", "Parent Relationship": "Outer", "Plan Width": 136, "Total Cost": 169.15}], "Plan Rows": 3440, "Node Type": "Hash", "Parent Relationship": "Inner", "Plan Width": 136, "Total Cost": 169.15}], "Node Type": "Hash Join", "Plan Rows": 1688418048, "Join Type": "Inner", "Hash Cond": "(table_2.col_0 = table_25.col_0)", "Parent Relationship": "Outer", "Plan Width": 420, "Total Cost": 63030793.96}], "Sort Key": ["table_25.col_0"], "Plan Rows": 1688418048, "Node Type": "Sort", "Parent Relationship": "Outer", "Plan Width": 420, "Total Cost": 2888333762.34}, {"Startup Cost": 7.221132690362144e+39, "Plans": [{"Startup Cost": 7.221132690362144e+39, "Plans": [{"Startup Cost": 9.956935365377228e+31, "Plans": [{"Startup Cost": 13085681530.51, "Plans": [{"Startup Cost": 846.73, "Plans": [{"Startup Cost": 809.05, "Plans": [{"Startup Cost": 750.9, "Plans": [{"Startup Cost": 606.93, "Plans": [{"Startup Cost": 85.43, "Plans": [{"Startup Cost": 0.0, "Node Type": "Seq Scan", "Plan Rows": 1230, "Relation Name": "table_59", "Alias": "table_59_1", "Parent Relationship": "Outer", "Plan Width": 36, "Total Cost": 22.3}], "Sort Key": ["table_59_1.col_1"], "Plan Rows": 1230, "Node Type": "Sort", "Parent Relationship": "Outer", "Plan Width": 36, "Total Cost": 88.5}, {"Startup Cost": 521.51, "Plans": [{"Startup Cost": 142.0, "Plans": [{"Startup Cost": 56.58, "Plans": [{"Startup Cost": 0.0, "Node Type": "Seq Scan", "Plan Rows": 800, "Relation Name": "table_48", "Alias": "table_48_1", "Parent Relationship": "Outer", "Plan Width": 72, "Total Cost": 18.0}], "Sort Key": ["table_48_1.col_0"], "Plan Rows": 800, "Node Type": "Sort", "Parent Relationship": "Outer", "Plan Width": 72, "Total Cost": 58.58}, {"Startup Cost": 85.43, "Plans": [{"Startup Cost": 0.0, "Node Type": "Seq Scan", "Plan Rows": 1230, "Relation Name": "table_0", "Alias": "table_0_1", "Parent Relationship": "Outer", "Plan Width": 36, "Total Cost": 22.3}], "Sort Key": ["table_0_1.col_1"], "Plan Rows": 1230, "Node Type": "Sort", "Parent Relationship": "Inner", "Plan Width": 36, "Total Cost": 88.5}], "Node Type": "Merge Join", "Plan Rows": 4920, "Join Type": "Inner", "Parent Relationship": "Outer", "Plan Width": 108, "Merge Cond": "(table_48_1.col_0 = table_0_1.col_1)", "Total Cost": 219.8}], "Sort Key": ["table_0_1.col_0"], "Plan Rows": 4920, "Node Type": "Sort", "Parent Relationship": "Inner", "Plan Width": 108, "Total Cost": 533.81}], "Node Type": "Merge Join", "Plan Rows": 30258, "Join Type": "Left", "Parent Relationship": "Outer", "Plan Width": 144, "Merge Cond": "(table_59_1.col_1 = table_0_1.col_0)", "Total Cost": 1066.95}, {"Startup Cost": 143.97, "Plans": [{"Startup Cost": 143.97, "Plans": [{"Startup Cost": 58.54, "Plans": [{"Startup Cost": 0.0, "Node Type": "Seq Scan", "Plan Rows": 830, "Relation Name": "table_18", "Alias": "table_18", "Parent Relationship": "Outer", "Plan Width": 68, "Total Cost": 18.3}], "Sort Key": ["table_18.col_2"], "Plan Rows": 830, "Node Type": "Sort", "Parent Relationship": "Outer", "Plan Width": 68, "Total Cost": 60.62}, {"Startup Cost": 85.43, "Plans": [{"Startup Cost": 0.0, "Node Type": "Seq Scan", "Plan Rows": 1230, "Relation Name": "table_59", "Alias": "table_59", "Parent Relationship": "Outer", "Plan Width": 36, "Total Cost": 22.3}], "Sort Key": ["table_59.col_0"], "Plan Rows": 1230, "Node Type": "Sort", "Parent Relationship": "Inner", "Plan Width": 36, "Total Cost": 88.5}], "Node Type": "Merge Join", "Plan Rows": 5104, "Join Type": "Inner", "Parent Relationship": "Outer", "Plan Width": 104, "Merge Cond": "(table_18.col_2 = table_59.col_0)", "Total Cost": 224.68}], "Plan Rows": 5104, "Node Type": "Materialize", "Parent Relationship": "Inner", "Plan Width": 104, "Total Cost": 250.2}], "Node Type": "Nested Loop", "Plan Rows": 154436832, "Join Type": "Inner", "Parent Relationship": "Outer", "Plan Width": 248, "Total Cost": 1931764.79}, {"Startup Cost": 31.4, "Plans": [{"Startup Cost": 0.0, "Node Type": "Seq Scan", "Plan Rows": 2140, "Relation Name": "table_29", "Alias": "table_29", "Parent Relationship": "Outer", "Plan Width": 8, "Total Cost": 31.4}], "Plan Rows": 2140, "Node Type": "Hash", "Parent Relationship": "Inner", "Plan Width": 8, "Total Cost": 31.4}], "Node Type": "Hash Join", "Plan Rows": 1652474102, "Join Type": "Left", "Hash Cond": "(table_0_1.col_0 = table_29.col_1)", "Parent Relationship": "Outer", "Plan Width": 256, "Total Cost": 60154508.6}, {"Startup Cost": 22.3, "Plans": [{"Startup Cost": 0.0, "Node Type": "Seq Scan", "Plan Rows": 1230, "Relation Name": "table_31", "Alias": "table_31", "Parent Relationship": "Outer", "Plan Width": 36, "Total Cost": 22.3}], "Plan Rows": 1230, "Node Type": "Hash", "Parent Relationship": "Inner", "Plan Width": 36, "Total Cost": 22.3}], "Node Type": "Hash Join", "Plan Rows": 10162715727, "Join Type": "Inner", "Hash Cond": "(table_18.col_2 = table_31.col_1)", "Parent Relationship": "Outer", "Plan Width": 292, "Total Cost": 419980781.98}], "Sort Key": ["table_31.col_1"], "Plan Rows": 10162715727, "Node Type": "Sort", "Parent Relationship": "Outer", "Plan Width": 292, "Total Cost": 13111088319.83}, {"Startup Cost": 9.956935365377228e+31, "Plans": [{"Startup Cost": 9.956935365377228e+31, "Plans": [{"Startup Cost": 4.09503065641695e+26, "Plans": [{"Startup Cost": 4378470037771.13, "Plans": [{"Startup Cost": 213683.09, "Plans": [{"Startup Cost": 213683.09, "Plans": [{"Startup Cost": 213645.42, "Plans": [{"Startup Cost": 6074.24, "Plans": [{"Startup Cost": 223.71, "Plans": [{"Startup Cost": 199.76, "Plans": [{"Startup Cost": 76.57, "Plans": [{"Startup Cost": 0.0, "Node Type": "Seq Scan", "Plan Rows": 1100, "Relation Name": "table_47", "Alias": "table_47", "Parent Relationship": "Outer", "Plan Width": 44, "Total Cost": 21.0}], "Sort Key": ["table_47.col_2"], "Plan Rows": 1100, "Node Type": "Sort", "Parent Relationship": "Outer", "Plan Width": 44, "Total Cost": 79.32}, {"Startup Cost": 123.19, "Plans": [{"Startup Cost": 0.0, "Node Type": "Seq Scan", "Plan Rows": 1770, "Relation Name": "table_64", "Alias": "table_64", "Parent Relationship": "Outer", "Plan Width": 16, "Total Cost": 27.7}], "Sort Key": ["table_64.col_2"], "Plan Rows": 1770, "Node Type": "Sort", "Parent Relationship": "Inner", "Plan Width": 16, "Total Cost": 127.61}], "Node Type": "Merge Join", "Plan Rows": 9735, "Join Type": "Inner", "Parent Relationship": "Outer", "Plan Width": 60, "Merge Cond": "(table_47.col_2 = table_64.col_2)", "Total Cost": 351.28}, {"Startup Cost": 16.2, "Plans": [{"Startup Cost": 0.0, "Node Type": "Seq Scan", "Plan Rows": 620, "Relation Name": "table_10", "Alias": "table_10", "Parent Relationship": "Outer", "Plan Width": 100, "Total Cost": 16.2}], "Plan Rows": 620, "Node Type": "Hash", "Parent Relationship": "Inner", "Plan Width": 100, "Total Cost": 16.2}], "Node Type": "Hash Join", "Plan Rows": 30178, "Join Type": "Inner", "Hash Cond": "(table_47.col_3 = table_10.col_2)", "Parent Relationship": "Outer", "Plan Width": 160, "Total Cost": 1455.81}], "Sort Key": ["table_64.col_0", "table_10.col_3"], "Plan Rows": 30178, "Node Type": "Sort", "Parent Relationship": "Outer", "Plan Width": 160, "Total Cost": 6149.68}, {"Startup Cost": 207571.18, "Plans": [{"Startup Cost": 207571.18, "Plans": [{"Startup Cost": 0.0, "Plans": [{"Startup Cost": 0.0, "Node Type": "Seq Scan", "Plan Rows": 800, "Relation Name": "table_61", "Alias": "table_61", "Parent Relationship": "Outer", "Plan Width": 72, "Total Cost": 18.0}, {"Startup Cost": 0.0, "Plans": [{"Startup Cost": 0.0, "Node Type": "Seq Scan", "Plan Rows": 800, "Relation Name": "table_16", "Alias": "table_16", "Parent Relationship": "Outer", "Plan Width": 72, "Total Cost": 18.0}], "Plan Rows": 800, "Node Type": "Materialize", "Parent Relationship": "Inner", "Plan Width": 72, "Total Cost": 22.0}], "Node Type": "Nested Loop", "Plan Rows": 640000, "Join Type": "Inner", "Parent Relationship": "Outer", "Plan Width": 144, "Total Cost": 8038.0}], "Sort Key": ["table_16.col_1", "table_61.col_1"], "Plan Rows": 640000, "Node Type": "Sort", "Parent Relationship": "Outer", "Plan Width": 144, "Total Cost": 209171.18}], "Plan Rows": 640000, "Node Type": "Materialize", "Parent Relationship": "Inner", "Plan Width": 144, "Total Cost": 210771.18}], "Node Type": "Merge Join", "Plan Rows": 482848, "Join Type": "Inner", "Parent Relationship": "Outer", "Plan Width": 304, "Merge Cond": "((table_64.col_0 = table_16.col_1) AND (table_10.col_3 = table_61.col_1))", "Total Cost": 225100.23}, {"Startup Cost": 22.3, "Plans": [{"Startup Cost": 0.0, "Node Type": "Seq Scan", "Plan Rows": 1230, "Relation Name": "table_54", "Alias": "table_54", "Parent Relationship": "Outer", "Plan Width": 36, "Total Cost": 22.3}], "Plan Rows": 1230, "Node Type": "Hash", "Parent Relationship": "Inner", "Plan Width": 36, "Total Cost": 22.3}], "Node Type": "Hash Join", "Plan Rows": 2969515, "Join Type": "Inner", "Hash Cond": "(table_10.col_1 = table_54.col_1)", "Parent Relationship": "Outer", "Plan Width": 340, "Total Cost": 330278.06}, {"Startup Cost": 0.0, "Plans": [{"Startup Cost": 0.0, "Node Type": "Seq Scan", "Plan Rows": 800, "Relation Name": "table_55", "Alias": "table_55", "Parent Relationship": "Outer", "Plan Width": 72, "Total Cost": 18.0}, {"Startup Cost": 0.0, "Plans": [{"Startup Cost": 0.0, "Node Type": "Seq Scan", "Plan Rows": 620, "Relation Name": "table_12", "Alias": "table_12", "Parent Relationship": "Outer", "Plan Width": 100, "Total Cost": 16.2}], "Plan Rows": 620, "Node Type": "Materialize", "Parent Relationship": "Inner", "Plan Width": 100, "Total Cost": 19.3}], "Node Type": "Nested Loop", "Plan Rows": 496000, "Join Type": "Inner", "Parent Relationship": "Inner", "Plan Width": 172, "Total Cost": 6235.75}], "Node Type": "Nested Loop", "Plan Rows": 1472879440000, "Join Type": "Inner", "Parent Relationship": "Outer", "Plan Width": 512, "Total Cost": 33246277839.31}], "Sort Key": ["table_55.col_3", "table_47.col_2", "table_12.col_1"], "Plan Rows": 1472879440000, "Node Type": "Sort", "Parent Relationship": "Outer", "Plan Width": 512, "Total Cost": 4382152236371.13}, {"Startup Cost": 4.095030656416906e+26, "Plans": [{"Startup Cost": 4.095030656416906e+26, "Plans": [{"Startup Cost": 2.7678385935032484e+18, "Plans": [{"Startup Cost": 2.7678385935032484e+18, "Plans": [{"Startup Cost": 480372756316307.94, "Plans": [{"Startup Cost": 36227299.12, "Plans": [{"Startup Cost": 36227264.37, "Plans": [{"Startup Cost": 36226855.05, "Plans": [{"Startup Cost": 36226830.65, "Plans": [{"Startup Cost": 36226802.65, "Plans": [{"Startup Cost": 85.43, "Plans": [{"Startup Cost": 0.0, "Node Type": "Seq Scan", "Plan Rows": 1230, "Relation Name": "table_30", "Alias": "table_30", "Parent Relationship": "Outer", "Plan Width": 36, "Total Cost": 22.3}], "Sort Key": ["table_30.col_1"], "Plan Rows": 1230, "Node Type": "Sort", "Parent Relationship": "Outer", "Plan Width": 36, "Total Cost": 88.5}, {"Startup Cost": 36226717.23, "Plans": [{"Startup Cost": 36226717.23, "Plans": [{"Startup Cost": 5417.29, "Plans": [{"Startup Cost": 756.29, "Plans": [{"Startup Cost": 60.52, "Plans": [{"Startup Cost": 0.0, "Node Type": "Seq Scan", "Plan Rows": 860, "Relation Name": "table_40", "Alias": "table_40", "Parent Relationship": "Outer", "Plan Width": 64, "Total Cost": 18.6}], "Sort Key": ["table_40.col_1"], "Plan Rows": 860, "Node Type": "Sort", "Parent Relationship": "Outer", "Plan Width": 64, "Total Cost": 62.67}, {"Startup Cost": 695.77, "Plans": [{"Startup Cost": 161.29, "Plans": [{"Startup Cost": 80.64, "Plans": [{"Startup Cost": 0.0, "Node Type": "Seq Scan", "Plan Rows": 1160, "Relation Name": "table_34", "Alias": "table_34", "Parent Relationship": "Outer", "Plan Width": 40, "Total Cost": 21.6}], "Sort Key": ["table_34.col_1"], "Plan Rows": 1160, "Node Type": "Sort", "Parent Relationship": "Outer", "Plan Width": 40, "Total Cost": 83.54}, {"Startup Cost": 80.64, "Plans": [{"Startup Cost": 0.0, "Node Type": "Seq Scan", "Plan Rows": 1160, "Relation Name": "table_22", "Alias": "table_22", "Parent Relationship": "Outer", "Plan Width": 40, "Total Cost": 21.6}], "Sort Key": ["table_22.col_0"], "Plan Rows": 1160, "Node Type": "Sort", "Parent Relationship": "Inner", "Plan Width": 40, "Total Cost": 83.54}], "Node Type": "Merge Join", "Plan Rows": 6728, "Join Type": "Left", "Parent Relationship": "Outer", "Plan Width": 80, "Merge Cond": "(table_34.col_1 = table_22.col_0)", "Total Cost": 268.01}], "Sort Key": ["table_34.col_0"], "Plan Rows": 6728, "Node Type": "Sort", "Parent Relationship": "Inner", "Plan Width": 80, "Total Cost": 712.59}], "Node Type": "Merge Join", "Plan Rows": 28930, "Join Type": "Inner", "Parent Relationship": "Outer", "Plan Width": 144, "Merge Cond": "(table_40.col_1 = table_34.col_0)", "Total Cost": 1194.54}], "Sort Key": ["table_34.col_2"], "Plan Rows": 28930, "Node Type": "Sort", "Parent Relationship": "Outer", "Plan Width": 144, "Total Cost": 5489.62}, {"Startup Cost": 36221299.93, "Plans": [{"Startup Cost": 36221299.93, "Plans": [{"Startup Cost": 429749.36, "Plans": [{"Startup Cost": 429691.21, "Plans": [{"Startup Cost": 429653.54, "Plans": [{"Startup Cost": 426922.97, "Plans": [{"Startup Cost": 0.0, "Plans": [{"Startup Cost": 0.0, "Node Type": "Seq Scan", "Plan Rows": 2140, "Relation Name": "table_1", "Alias": "table_1", "Parent Relationship": "Outer", "Plan Width": 8, "Total Cost": 31.4}, {"Startup Cost": 0.0, "Plans": [{"Startup Cost": 0.0, "Node Type": "Seq Scan", "Plan Rows": 800, "Relation Name": "table_17", "Alias": "table_17", "Parent Relationship": "Outer", "Plan Width": 72, "Total Cost": 18.0}], "Plan Rows": 800, "Node Type": "Materialize", "Parent Relationship": "Inner", "Plan Width": 72, "Total Cost": 22.0}], "Node Type": "Nested Loop", "Plan Rows": 1712000, "Join Type": "Inner", "Parent Relationship": "Outer", "Plan Width": 80, "Total Cost": 21451.4}], "Sort Key": ["table_1.col_0", "table_17.col_2"], "Plan Rows": 1712000, "Node Type": "Sort", "Parent Relationship": "Outer", "Plan Width": 80, "Total Cost": 431202.97}, {"Startup Cost": 2730.57, "Plans": [{"Startup Cost": 2730.57, "Plans": [{"Startup Cost": 182.0, "Plans": [{"Startup Cost": 96.58, "Plans": [{"Startup Cost": 38.04, "Plans": [{"Startup Cost": 0.0, "Node Type": "Seq Scan", "Plan Rows": 510, "Relation Name": "table_42", "Alias": "table_42", "Parent Relationship": "Outer", "Plan Width": 128, "Total Cost": 15.1}], "Sort Key": ["table_42.col_1"], "Plan Rows": 510, "Node Type": "Sort", "Parent Relationship": "Outer", "Plan Width": 128, "Total Cost": 39.31}, {"Startup Cost": 58.54, "Plans": [{"Startup Cost": 0.0, "Node Type": "Seq Scan", "Plan Rows": 830, "Relation Name": "table_41", "Alias": "table_41", "Parent Relationship": "Outer", "Plan Width": 68, "Total Cost": 18.3}], "Sort Key": ["table_41.col_0"], "Plan Rows": 830, "Node Type": "Sort", "Parent Relationship": "Inner", "Plan Width": 68, "Total Cost": 60.62}], "Node Type": "Merge Join", "Plan Rows": 2116, "Join Type": "Inner", "Parent Relationship": "Outer", "Plan Width": 196, "Merge Cond": "(table_42.col_1 = table_41.col_0)", "Total Cost": 130.87}, {"Startup Cost": 85.43, "Plans": [{"Startup Cost": 0.0, "Node Type": "Seq Scan", "Plan Rows": 1230, "Relation Name": "table_57", "Alias": "table_57", "Parent Relationship": "Outer", "Plan Width": 36, "Total Cost": 22.3}], "Sort Key": ["table_57.col_0"], "Plan Rows": 1230, "Node Type": "Sort", "Parent Relationship": "Inner", "Plan Width": 36, "Total Cost": 88.5}], "Node Type": "Merge Join", "Plan Rows": 13013, "Join Type": "Inner", "Parent Relationship": "Outer", "Plan Width": 232, "Merge Cond": "(table_42.col_1 = table_57.col_0)", "Total Cost": 416.78}], "Sort Key": ["table_41.col_1", "table_57.col_0"], "Plan Rows": 13013, "Node Type": "Sort", "Parent Relationship": "Outer", "Plan Width": 232, "Total Cost": 2763.1}], "Plan Rows": 13013, "Node Type": "Materialize", "Parent Relationship": "Inner", "Plan Width": 232, "Total Cost": 2795.63}], "Node Type": "Merge Join", "Plan Rows": 556956, "Join Type": "Inner", "Parent Relationship": "Outer", "Plan Width": 312, "Merge Cond": "((table_1.col_0 = table_41.col_1) AND (table_17.col_2 = table_42.col_1))", "Total Cost": 452272.8}, {"Startup Cost": 22.3, "Plans": [{"Startup Cost": 0.0, "Node Type": "Seq Scan", "Plan Rows": 1230, "Relation Name": "table_3", "Alias": "table_3", "Parent Relationship": "Outer", "Plan Width": 36, "Total Cost": 22.3}], "Plan Rows": 1230, "Node Type": "Hash", "Parent Relationship": "Inner", "Plan Width": 36, "Total Cost": 22.3}], "Node Type": "Hash Join", "Plan Rows": 3425279, "Join Type": "Left", "Hash Cond": "(table_1.col_1 = table_3.col_0)", "Parent Relationship": "Outer", "Plan Width": 348, "Total Cost": 573587.64}, {"Startup Cost": 31.4, "Plans": [{"Startup Cost": 0.0, "Node Type": "Seq Scan", "Plan Rows": 2140, "Relation Name": "table_37", "Alias": "table_37", "Parent Relationship": "Outer", "Plan Width": 8, "Total Cost": 31.4}], "Plan Rows": 2140, "Node Type": "Hash", "Parent Relationship": "Inner", "Plan Width": 8, "Total Cost": 31.4}], "Node Type": "Hash Join", "Plan Rows": 36650485, "Join Type": "Inner", "Hash Cond": "(table_17.col_3 = table_37.col_1)", "Parent Relationship": "Outer", "Plan Width": 356, "Total Cost": 1864975.97}], "Sort Key": ["table_41.col_1"], "Plan Rows": 36650485, "Node Type": "Sort", "Parent Relationship": "Outer", "Plan Width": 356, "Total Cost": 36312926.15}], "Plan Rows": 36650485, "Node Type": "Materialize", "Parent Relationship": "Inner", "Plan Width": 356, "Total Cost": 36404552.36}], "Node Type": "Merge Join", "Plan Rows": 5301492655, "Join Type": "Inner", "Parent Relationship": "Outer", "Plan Width": 500, "Merge Cond": "(table_34.col_2 = table_41.col_1)", "Total Cost": 115840877.91}], "Plan Rows": 5301492655, "Node Type": "Materialize", "Parent Relationship": "Inner", "Plan Width": 500, "Total Cost": 129094609.55}], "Node Type": "Merge Join", "Plan Rows": 32604179828, "Join Type": "Right", "Parent Relationship": "Outer", "Plan Width": 536, "Merge Cond": "(table_30.col_1 = table_34.col_2)", "Total Cost": 604903666.91}, {"Startup Cost": 18.0, "Plans": [{"Startup Cost": 0.0, "Node Type": "Seq Scan", "Plan Rows": 800, "Relation Name": "table_51", "Alias": "table_51", "Parent Relationship": "Outer", "Plan Width": 72, "Total Cost": 18.0}], "Plan Rows": 800, "Node Type": "Hash", "Parent Relationship": "Inner", "Plan Width": 72, "Total Cost": 18.0}], "Node Type": "Hash Join", "Plan Rows": 130416719312, "Join Type": "Left", "Hash Cond": "(table_42.col_3 = table_51.col_1)", "Parent Relationship": "Outer", "Plan Width": 608, "Total Cost": 5250999320.4}, {"Startup Cost": 16.4, "Plans": [{"Startup Cost": 0.0, "Node Type": "Seq Scan", "Plan Rows": 640, "Relation Name": "table_4", "Alias": "table_4", "Parent Relationship": "Outer", "Plan Width": 96, "Total Cost": 16.4}], "Plan Rows": 640, "Node Type": "Hash", "Parent Relationship": "Inner", "Plan Width": 96, "Total Cost": 16.4}], "Node Type": "Hash Join", "Plan Rows": 417333501798, "Join Type": "Inner", "Hash Cond": "(table_34.col_0 = table_4.col_1)", "Parent Relationship": "Outer", "Plan Width": 704, "Total Cost": 20183713706.02}, {"Startup Cost": 312.32, "Plans": [{"Startup Cost": 191.92, "Plans": [{"Startup Cost": 56.58, "Plans": [{"Startup Cost": 0.0, "Node Type": "Seq Scan", "Plan Rows": 800, "Relation Name": "table_15", "Alias": "table_15", "Parent Relationship": "Outer", "Plan Width": 72, "Total Cost": 18.0}], "Sort Key": ["table_15.col_2"], "Plan Rows": 800, "Node Type": "Sort", "Parent Relationship": "Outer", "Plan Width": 72, "Total Cost": 58.58}, {"Startup Cost": 135.34, "Plans": [{"Startup Cost": 0.0, "Node Type": "Seq Scan", "Plan Rows": 1940, "Relation Name": "table_9", "Alias": "table_9", "Parent Relationship": "Outer", "Plan Width": 12, "Total Cost": 29.4}], "Sort Key": ["table_9.col_1"], "Plan Rows": 1940, "Node Type": "Sort", "Parent Relationship": "Inner", "Plan Width": 12, "Total Cost": 140.19}], "Node Type": "Merge Join", "Plan Rows": 7760, "Join Type": "Left", "Parent Relationship": "Outer", "Plan Width": 84, "Merge Cond": "(table_15.col_2 = table_9.col_1)", "Total Cost": 312.32}], "Plan Rows": 7760, "Node Type": "Hash", "Parent Relationship": "Inner", "Plan Width": 84, "Total Cost": 312.32}], "Node Type": "Hash Join", "Plan Rows": 16192539869762, "Join Type": "Inner", "Hash Cond": "(table_34.col_0 = table_15.col_1)", "Parent Relationship": "Outer", "Plan Width": 788, "Total Cost": 587965943311.51}, {"Startup Cost": 21.0, "Plans": [{"Startup Cost": 0.0, "Node Type": "Seq Scan", "Plan Rows": 1100, "Relation Name": "table_60", "Alias": "table_60", "Parent Relationship": "Outer", "Plan Width": 44, "Total Cost": 21.0}], "Plan Rows": 1100, "Node Type": "Hash", "Parent Relationship": "Inner", "Plan Width": 44, "Total Cost": 21.0}], "Node Type": "Hash Join", "Plan Rows": 89058969283691, "Join Type": "Left", "Hash Cond": "(table_9.col_2 = table_60.col_1)", "Parent Relationship": "Outer", "Plan Width": 832, "Total Cost": 3745511217949.85}], "Sort Key": ["table_42.col_0", "table_57.col_0"], "Plan Rows": 89058969283691, "Node Type": "Sort", "Parent Relationship": "Outer", "Plan Width": 832, "Total Cost": 480595403739517.2}, {"Startup Cost": 2.767358220746932e+18, "Plans": [{"Startup Cost": 2.767358220746932e+18, "Plans": [{"Startup Cost": 212647.01, "Plans": [{"Startup Cost": 212476.16, "Plans": [{"Startup Cost": 212448.16, "Plans": [{"Startup Cost": 212448.16, "Plans": [{"Startup Cost": 212424.21, "Plans": [{"Startup Cost": 212389.46, "Plans": [{"Startup Cost": 46461.75, "Plans": [{"Startup Cost": 76.57, "Plans": [{"Startup Cost": 0.0, "Node Type": "Seq Scan", "Plan Rows": 1100, "Relation Name": "table_56", "Alias": "table_56", "Parent Relationship": "Outer", "Plan Width": 44, "Total Cost": 21.0}], "Sort Key": ["table_56.col_0"], "Plan Rows": 1100, "Node Type": "Sort", "Parent Relationship": "Outer", "Plan Width": 44, "Total Cost": 79.32}, {"Startup Cost": 46385.18, "Plans": [{"Startup Cost": 46385.18, "Plans": [{"Startup Cost": 1269.8, "Plans": [{"Startup Cost": 371.94, "Plans": [{"Startup Cost": 28.68, "Plans": [{"Startup Cost": 0.0, "Node Type": "Seq Scan", "Plan Rows": 830, "Relation Name": "table_21", "Alias": "table_21", "Parent Relationship": "Outer", "Plan Width": 68, "Total Cost": 18.3}, {"Startup Cost": 18.3, "Plans": [{"Startup Cost": 0.0, "Node Type": "Seq Scan", "Plan Rows": 830, "Relation Name": "table_5", "Alias": "table_5", "Parent Relationship": "Outer", "Plan Width": 68, "Total Cost": 18.3}], "Plan Rows": 830, "Node Type": "Hash", "Parent Relationship": "Inner", "Plan Width": 68, "Total Cost": 18.3}], "Node Type": "Hash Join", "Plan Rows": 3444, "Join Type": "Left", "Hash Cond": "(table_21.col_2 = table_5.col_1)", "Parent Relationship": "Outer", "Plan Width": 136, "Total Cost": 169.6}], "Sort Key": ["table_21.col_1"], "Plan Rows": 3444, "Node Type": "Sort", "Parent Relationship": "Outer", "Plan Width": 136, "Total Cost": 380.55}, {"Startup Cost": 897.87, "Plans": [{"Startup Cost": 206.35, "Plans": [{"Startup Cost": 56.58, "Plans": [{"Startup Cost": 0.0, "Node Type": "Seq Scan", "Plan Rows": 800, "Relation Name": "table_62", "Alias": "table_62", "Parent Relationship": "Outer", "Plan Width": 72, "Total Cost": 18.0}], "Sort Key": ["table_62.col_2"], "Plan Rows": 800, "Node Type": "Sort", "Parent Relationship": "Outer", "Plan Width": 72, "Total Cost": 58.58}, {"Startup Cost": 149.78, "Plans": [{"Startup Cost": 0.0, "Node Type": "Seq Scan", "Plan Rows": 2140, "Relation Name": "table_20", "Alias": "table_20", "Parent Relationship": "Outer", "Plan Width": 8, "Total Cost": 31.4}], "Sort Key": ["table_20.col_0"], "Plan Rows": 2140, "Node Type": "Sort", "Parent Relationship": "Inner", "Plan Width": 8, "Total Cost": 155.13}], "Node Type": "Merge Join", "Plan Rows": 8560, "Join Type": "Right", "Parent Relationship": "Outer", "Plan Width": 80, "Merge Cond": "(table_62.col_2 = table_20.col_0)", "Total Cost": 338.75}], "Sort Key": ["table_20.col_1"], "Plan Rows": 8560, "Node Type": "Sort", "Parent Relationship": "Inner", "Plan Width": 80, "Total Cost": 919.27}], "Node Type": "Merge Join", "Plan Rows": 147403, "Join Type": "Left", "Parent Relationship": "Outer", "Plan Width": 216, "Merge Cond": "(table_21.col_1 = table_20.col_1)", "Total Cost": 3498.07}], "Sort Key": ["table_21.col_2"], "Plan Rows": 147403, "Node Type": "Sort", "Parent Relationship": "Outer", "Plan Width": 216, "Total Cost": 46753.68}], "Plan Rows": 147403, "Node Type": "Materialize", "Parent Relationship": "Inner", "Plan Width": 216, "Total Cost": 47122.19}], "Node Type": "Merge Join", "Plan Rows": 810716, "Join Type": "Inner", "Parent Relationship": "Outer", "Plan Width": 260, "Merge Cond": "(table_56.col_0 = table_21.col_2)", "Total Cost": 58996.49}, {"Startup Cost": 165927.71, "Plans": [{"Startup Cost": 165927.71, "Plans": [{"Startup Cost": 99600.6, "Plans": [{"Startup Cost": 123.46, "Plans": [{"Startup Cost": 38.04, "Plans": [{"Startup Cost": 0.0, "Node Type": "Seq Scan", "Plan Rows": 510, "Relation Name": "table_23", "Alias": "table_23", "Parent Relationship": "Outer", "Plan Width": 128, "Total Cost": 15.1}], "Sort Key": ["table_23.col_0"], "Plan Rows": 510, "Node Type": "Sort", "Parent Relationship": "Outer", "Plan Width": 128, "Total Cost": 39.31}, {"Startup Cost": 85.43, "Plans": [{"Startup Cost": 0.0, "Node Type": "Seq Scan", "Plan Rows": 1230, "Relation Name": "table_8", "Alias": "table_8", "Parent Relationship": "Outer", "Plan Width": 36, "Total Cost": 22.3}], "Sort Key": ["table_8.col_0"], "Plan Rows": 1230, "Node Type": "Sort", "Parent Relationship": "Inner", "Plan Width": 36, "Total Cost": 88.5}], "Node Type": "Merge Join", "Plan Rows": 3136, "Join Type": "Left", "Parent Relationship": "Outer", "Plan Width": 164, "Merge Cond": "(table_23.col_0 = table_8.col_0)", "Total Cost": 173.05}, {"Startup Cost": 99477.14, "Plans": [{"Startup Cost": 99477.14, "Plans": [{"Startup Cost": 26.0, "Plans": [{"Startup Cost": 0.0, "Plans": [{"Startup Cost": 0.0, "Node Type": "Seq Scan", "Plan Rows": 860, "Relation Name": "table_44", "Alias": "table_44", "Parent Relationship": "Outer", "Plan Width": 64, "Total Cost": 18.6}, {"Startup Cost": 0.0, "Plans": [{"Startup Cost": 0.0, "Node Type": "Seq Scan", "Plan Rows": 640, "Relation Name": "table_39", "Alias": "table_39", "Parent Relationship": "Outer", "Plan Width": 96, "Total Cost": 16.4}], "Plan Rows": 640, "Node Type": "Materialize", "Parent Relationship": "Inner", "Plan Width": 96, "Total Cost": 19.6}], "Node Type": "Nested Loop", "Plan Rows": 550400, "Join Type": "Inner", "Parent Relationship": "Outer", "Plan Width": 160, "Total Cost": 6916.6}, {"Startup Cost": 16.4, "Plans": [{"Startup Cost": 0.0, "Node Type": "Seq Scan", "Plan Rows": 640, "Relation Name": "table_26", "Alias": "table_26", "Parent Relationship": "Outer", "Plan Width": 96, "Total Cost": 16.4}], "Plan Rows": 640, "Node Type": "Hash", "Parent Relationship": "Inner", "Plan Width": 96, "Total Cost": 16.4}], "Node Type": "Hash Join", "Plan Rows": 8806, "Join Type": "Inner", "Hash Cond": "((table_39.col_0 = table_26.col_2) AND (table_44.col_1 = table_26.col_1))", "Parent Relationship": "Outer", "Plan Width": 256, "Total Cost": 97846.66}], "Sort Key": ["table_44.col_0"], "Plan Rows": 8806, "Node Type": "Sort", "Parent Relationship": "Outer", "Plan Width": 256, "Total Cost": 99499.16}], "Plan Rows": 8806, "Node Type": "Materialize", "Parent Relationship": "Inner", "Plan Width": 256, "Total Cost": 99521.17}], "Node Type": "Merge Join", "Plan Rows": 138078, "Join Type": "Inner", "Parent Relationship": "Outer", "Plan Width": 420, "Merge Cond": "(table_23.col_0 = table_44.col_0)", "Total Cost": 101751.22}], "Sort Key": ["table_39.col_0"], "Plan Rows": 138078, "Node Type": "Sort", "Parent Relationship": "Outer", "Plan Width": 420, "Total Cost": 166272.91}], "Plan Rows": 138078, "Node Type": "Materialize", "Parent Relationship": "Inner", "Plan Width": 420, "Total Cost": 166618.1}], "Node Type": "Merge Join", "Plan Rows": 559710219, "Join Type": "Inner", "Parent Relationship": "Outer", "Plan Width": 680, "Merge Cond": "(table_21.col_2 = table_26.col_2)", "Total Cost": 8622949.48}, {"Startup Cost": 21.0, "Plans": [{"Startup Cost": 0.0, "Node Type": "Seq Scan", "Plan Rows": 1100, "Relation Name": "table_24", "Alias": "table_24", "Parent Relationship": "Outer", "Plan Width": 44, "Total Cost": 21.0}], "Plan Rows": 1100, "Node Type": "Hash", "Parent Relationship": "Inner", "Plan Width": 44, "Total Cost": 21.0}], "Node Type": "Hash Join", "Plan Rows": 3078406204, "Join Type": "Inner", "Hash Cond": "(table_56.col_1 = table_24.col_1)", "Parent Relationship": "Outer", "Plan Width": 724, "Total Cost": 117766476.93}, {"Startup Cost": 16.2, "Plans": [{"Startup Cost": 0.0, "Node Type": "Seq Scan", "Plan Rows": 620, "Relation Name": "table_49", "Alias": "table_49", "Parent Relationship": "Outer", "Plan Width": 100, "Total Cost": 16.2}], "Plan Rows": 620, "Node Type": "Hash", "Parent Relationship": "Inner", "Plan Width": 100, "Total Cost": 16.2}], "Node Type": "Hash Join", "Plan Rows": 9543059232, "Join Type": "Inner", "Hash Cond": "(table_23.col_2 = table_49.col_2)", "Parent Relationship": "Outer", "Plan Width": 824, "Total Cost": 459469589.52}, {"Startup Cost": 0.0, "Plans": [{"Startup Cost": 0.0, "Node Type": "Seq Scan", "Plan Rows": 1100, "Relation Name": "table_27", "Alias": "table_27", "Parent Relationship": "Outer", "Plan Width": 44, "Total Cost": 21.0}], "Plan Rows": 1100, "Node Type": "Materialize", "Parent Relationship": "Inner", "Plan Width": 44, "Total Cost": 26.5}], "Node Type": "Nested Loop", "Plan Rows": 10497365155200, "Join Type": "Inner", "Parent Relationship": "Outer", "Plan Width": 868, "Total Cost": 131676534053.27}, {"Startup Cost": 18.0, "Plans": [{"Startup Cost": 0.0, "Node Type": "Seq Scan", "Plan Rows": 800, "Relation Name": "table_48", "Alias": "table_48", "Parent Relationship": "Outer", "Plan Width": 72, "Total Cost": 18.0}], "Plan Rows": 800, "Node Type": "Hash", "Parent Relationship": "Inner", "Plan Width": 72, "Total Cost": 18.0}], "Node Type": "Hash Join", "Plan Rows": 41989460620800, "Join Type": "Left", "Hash Cond": "(table_21.col_0 = table_48.col_2)", "Parent Relationship": "Outer", "Plan Width": 940, "Total Cost": 1627551068697.27}, {"Startup Cost": 170.85, "Plans": [{"Startup Cost": 170.85, "Plans": [{"Startup Cost": 85.43, "Plans": [{"Startup Cost": 0.0, "Node Type": "Seq Scan", "Plan Rows": 1230, "Relation Name": "table_46", "Alias": "table_46", "Parent Relationship": "Outer", "Plan Width": 36, "Total Cost": 22.3}], "Sort Key": ["table_46.col_0"], "Plan Rows": 1230, "Node Type": "Sort", "Parent Relationship": "Outer", "Plan Width": 36, "Total Cost": 88.5}, {"Startup Cost": 85.43, "Plans": [{"Startup Cost": 0.0, "Node Type": "Seq Scan", "Plan Rows": 1230, "Relation Name": "table_0", "Alias": "table_0", "Parent Relationship": "Outer", "Plan Width": 36, "Total Cost": 22.3}], "Sort Key": ["table_0.col_0"], "Plan Rows": 1230, "Node Type": "Sort", "Parent Relationship": "Inner", "Plan Width": 36, "Total Cost": 88.5}], "Node Type": "Merge Join", "Plan Rows": 7564, "Join Type": "Inner", "Parent Relationship": "Outer", "Plan Width": 72, "Merge Cond": "(table_46.col_0 = table_0.col_0)", "Total Cost": 290.46}], "Plan Rows": 7564, "Node Type": "Materialize", "Parent Relationship": "Inner", "Plan Width": 72, "Total Cost": 328.28}], "Node Type": "Nested Loop", "Plan Rows": 317608280135731200, "Join Type": "Inner", "Parent Relationship": "Outer", "Plan Width": 1012, "Total Cost": 3971731052765646.5}], "Sort Key": ["table_39.col_0", "table_0.col_1"], "Plan Rows": 317608280135731200, "Node Type": "Sort", "Parent Relationship": "Outer", "Plan Width": 1012, "Total Cost": 2.7681522414472714e+18}], "Plan Rows": 317608280135731200, "Node Type": "Materialize", "Parent Relationship": "Inner", "Plan Width": 1012, "Total Cost": 2.7689462621476106e+18}], "Node Type": "Merge Join", "Plan Rows": 707146651621350276140630016, "Join Type": "Inner", "Parent Relationship": "Outer", "Plan Width": 1844, "Merge Cond": "((table_42.col_0 = table_21.col_2) AND (table_42.col_1 = table_0.col_1))", "Total Cost": 1.2375069172006913e+25}, {"Startup Cost": 56.58, "Plans": [{"Startup Cost": 0.0, "Node Type": "Seq Scan", "Plan Rows": 800, "Relation Name": "table_58", "Alias": "table_58", "Parent Relationship": "Outer", "Plan Width": 72, "Total Cost": 18.0}], "Sort Key": ["table_58.col_3"], "Plan Rows": 800, "Node Type": "Sort", "Parent Relationship": "Inner", "Plan Width": 72, "Total Cost": 58.58}], "Node Type": "Merge Join", "Plan Rows": 14142933032427005866409984, "Join Type": "Inner", "Parent Relationship": "Outer", "Plan Width": 1916, "Join Filter": "(table_27.col_0 = table_58.col_0)", "Merge Cond": "(table_42.col_0 = table_58.col_3)", "Total Cost": 6.364320141455481e+25}], "Sort Key": ["table_57.col_0", "table_34.col_2", "table_17.col_1"], "Plan Rows": 14142933032427005866409984, "Node Type": "Sort", "Parent Relationship": "Outer", "Plan Width": 1916, "Total Cost": 4.095384229742717e+26}], "Plan Rows": 14142933032427005866409984, "Node Type": "Materialize", "Parent Relationship": "Inner", "Plan Width": 1916, "Total Cost": 4.0957378030685276e+26}], "Node Type": "Merge Join", "Plan Rows": 2603854410594824220566448242688, "Join Type": "Inner", "Parent Relationship": "Outer", "Plan Width": 2428, "Merge Cond": "((table_55.col_3 = table_0.col_1) AND (table_47.col_2 = table_41.col_1) AND (table_12.col_1 = table_17.col_1))", "Total Cost": 5.248662663487076e+28}], "Sort Key": ["table_44.col_1"], "Plan Rows": 2603854410594824220566448242688, "Node Type": "Sort", "Parent Relationship": "Outer", "Plan Width": 2428, "Total Cost": 9.957586328979877e+31}], "Plan Rows": 2603854410594824220566448242688, "Node Type": "Materialize", "Parent Relationship": "Inner", "Plan Width": 2428, "Total Cost": 9.958237292582526e+31}], "Node Type": "Merge Join", "Plan Rows": 132311160846851671442860962871708221440, "Join Type": "Inner", "Parent Relationship": "Outer", "Plan Width": 2720, "Merge Cond": "(table_31.col_1 = table_26.col_1)", "Total Cost": 1.9847669885660647e+36}], "Sort Key": ["table_46.col_1"], "Plan Rows": 132311160846851671442860962871708221440, "Node Type": "Sort", "Parent Relationship": "Outer", "Plan Width": 2720, "Total Cost": 7.221463468264261e+39}], "Plan Rows": 132311160846851671442860962871708221440, "Node Type": "Materialize", "Parent Relationship": "Inner", "Plan Width": 2720, "Total Cost": 7.221794246166378e+39}], "Node Type": "Merge Join", "Plan Rows": 1116982759628276608131289949944050436483842048, "Join Type": "Inner", "Parent Relationship": "Outer", "Plan Width": 3140, "Merge Cond": "(table_25.col_0 = table_46.col_1)", "Total Cost": 1.6761962857892415e+43}], "Plan Rows": 1116982759628276608131289949944050436483842048, "Node Type": "Materialize", "Parent Relationship": "Inner", "Plan Width": 3140, "Total Cost": 1.9554419756963105e+43}], "Node Type": "Merge Join", "Plan Rows": 6869443971713901559916694517756899430158565376, "Join Type": "Inner", "Parent Relationship": "Outer", "Plan Width": 3176, "Merge Cond": "(table_7.col_1 = table_46.col_1)", "Total Cost": 1.1980362243360095e+44}, {"Startup Cost": 21.6, "Plans": [{"Startup Cost": 0.0, "Node Type": "Seq Scan", "Plan Rows": 1160, "Relation Name": "table_50", "Alias": "table_50", "Parent Relationship": "Outer", "Plan Width": 40, "Total Cost": 21.6}], "Plan Rows": 1160, "Node Type": "Hash", "Parent Relationship": "Inner", "Plan Width": 40, "Total Cost": 21.6}], "Plan Rows": 39842775035940629301046948248635896994260320256, "Node Type": "Hash Join", "Join Type": "Right", "Hash Cond": "(table_61.col_0 = table_50.col_2)", "Plan Width": 3216, "Total Cost": 1.5314743586208076e+45}}]