[{"Plan": {"Startup Cost": 5.750447001694791e+33, "Plans": [{"Startup Cost": 5.750447001694791e+33, "Plans": [{"Startup Cost": 5.750447001694791e+33, "Plans": [{"Startup Cost": 1264.92, "Plans": [{"Startup Cost": 85.58, "Plans": [{"Startup Cost": 0.15, "Scan Direction": "Forward", "Plan Width": 8, "Node Type": "Index Scan", "Plan Rows": 2140, "Relation Name": "table_1", "Alias": "table_1", "Parent Relationship": "Outer", "Total Cost": 76.26, "Index Name": "table_1_col_1_idx"}, {"Startup Cost": 85.43, "Plans": [{"Startup Cost": 0.0, "Node Type": "Seq Scan", "Plan Rows": 1230, "Relation Name": "table_3", "Alias": "table_3", "Parent Relationship": "Outer", "Plan Width": 36, "Total Cost": 22.3}], "Sort Key": ["table_3.col_0"], "Plan Rows": 1230, "Node Type": "Sort", "Parent Relationship": "Inner", "Plan Width": 36, "Total Cost": 88.5}], "Node Type": "Merge Join", "Plan Rows": 13161, "Join Type": "Left", "Parent Relationship": "Outer", "Plan Width": 44, "Merge Cond": "(table_1.col_1 = table_3.col_0)", "Total Cost": 364.45}], "Sort Key": ["table_1.col_0"], "Plan Rows": 13161, "Node Type": "Sort", "Parent Relationship": "Outer", "Plan Width": 44, "Total Cost": 1297.82}, {"Startup Cost": 5.750447001694791e+33, "Plans": [{"Startup Cost": 5.750447001694791e+33, "Plans": [{"Startup Cost": 2.226697969680492e+16, "Plans": [{"Startup Cost": 1064433376.78, "Plans": [{"Startup Cost": 1064433318.63, "Plans": [{"Startup Cost": 1064433290.63, "Plans": [{"Startup Cost": 1064433146.66, "Plans": [{"Startup Cost": 276779.13, "Plans": [{"Startup Cost": 0.0, "Plans": [{"Startup Cost": 0.0, "Node Type": "Seq Scan", "Plan Rows": 1230, "Relation Name": "table_54", "Alias": "table_54", "Parent Relationship": "Outer", "Plan Width": 36, "Total Cost": 22.3}, {"Startup Cost": 0.0, "Plans": [{"Startup Cost": 0.0, "Node Type": "Seq Scan", "Plan Rows": 800, "Relation Name": "table_16", "Alias": "table_16", "Parent Relationship": "Outer", "Plan Width": 72, "Total Cost": 18.0}], "Plan Rows": 800, "Node Type": "Materialize", "Parent Relationship": "Inner", "Plan Width": 72, "Total Cost": 22.0}], "Node Type": "Nested Loop", "Plan Rows": 984000, "Join Type": "Inner", "Parent Relationship": "Outer", "Plan Width": 108, "Total Cost": 12342.3}], "Sort Key": ["table_54.col_1", "table_16.col_1"], "Plan Rows": 984000, "Node Type": "Sort", "Parent Relationship": "Outer", "Plan Width": 108, "Total Cost": 279239.13}, {"Startup Cost": 1064156367.53, "Plans": [{"Startup Cost": 1064156367.53, "Plans": [{"Startup Cost": 771.63, "Plans": [{"Startup Cost": 490.33, "Plans": [{"Startup Cost": 490.33, "Plans": [{"Startup Cost": 123.19, "Plans": [{"Startup Cost": 0.0, "Node Type": "Seq Scan", "Plan Rows": 1770, "Relation Name": "table_64", "Alias": "table_64", "Parent Relationship": "Outer", "Plan Width": 16, "Total Cost": 27.7}], "Sort Key": ["table_64.col_2"], "Plan Rows": 1770, "Node Type": "Sort", "Parent Relationship": "Outer", "Plan Width": 16, "Total Cost": 127.61}, {"Startup Cost": 367.14, "Plans": [{"Startup Cost": 23.95, "Plans": [{"Startup Cost": 0.0, "Node Type": "Seq Scan", "Plan Rows": 1100, "Relation Name": "table_47", "Alias": "table_47", "Parent Relationship": "Outer", "Plan Width": 44, "Total Cost": 21.0}, {"Startup Cost": 16.2, "Plans": [{"Startup Cost": 0.0, "Node Type": "Seq Scan", "Plan Rows": 620, "Relation Name": "table_10", "Alias": "table_10", "Parent Relationship": "Outer", "Plan Width": 100, "Total Cost": 16.2}], "Plan Rows": 620, "Node Type": "Hash", "Parent Relationship": "Inner", "Plan Width": 100, "Total Cost": 16.2}], "Node Type": "Hash Join", "Plan Rows": 3410, "Join Type": "Inner", "Hash Cond": "(table_47.col_3 = table_10.col_2)", "Parent Relationship": "Outer", "Plan Width": 144, "Total Cost": 167.05}], "Sort Key": ["table_47.col_2"], "Plan Rows": 3410, "Node Type": "Sort", "Parent Relationship": "Inner", "Plan Width": 144, "Total Cost": 375.67}], "Node Type": "Merge Join", "Plan Rows": 30178, "Join Type": "Inner", "Parent Relationship": "Outer", "Plan Width": 160, "Merge Cond": "(table_64.col_2 = table_47.col_2)", "Total Cost": 951.85}, {"Startup Cost": 0.0, "Plans": [{"Startup Cost": 0.0, "Node Type": "Seq Scan", "Plan Rows": 1230, "Relation Name": "table_59", "Alias": "table_59_1", "Parent Relationship": "Outer", "Plan Width": 36, "Total Cost": 22.3}], "Plan Rows": 1230, "Node Type": "Materialize", "Parent Relationship": "Inner", "Plan Width": 36, "Total Cost": 28.45}], "Node Type": "Nested Loop", "Plan Rows": 37118940, "Join Type": "Inner", "Parent Relationship": "Outer", "Plan Width": 196, "Total Cost": 464963.97}, {"Startup Cost": 219.8, "Plans": [{"Startup Cost": 142.0, "Plans": [{"Startup Cost": 56.58, "Plans": [{"Startup Cost": 0.0, "Node Type": "Seq Scan", "Plan Rows": 800, "Relation Name": "table_48", "Alias": "table_48_1", "Parent Relationship": "Outer", "Plan Width": 72, "Total Cost": 18.0}], "Sort Key": ["table_48_1.col_0"], "Plan Rows": 800, "Node Type": "Sort", "Parent Relationship": "Outer", "Plan Width": 72, "Total Cost": 58.58}, {"Startup Cost": 85.43, "Plans": [{"Startup Cost": 0.0, "Node Type": "Seq Scan", "Plan Rows": 1230, "Relation Name": "table_0", "Alias": "table_0_1", "Parent Relationship": "Outer", "Plan Width": 36, "Total Cost": 22.3}], "Sort Key": ["table_0_1.col_1"], "Plan Rows": 1230, "Node Type": "Sort", "Parent Relationship": "Inner", "Plan Width": 36, "Total Cost": 88.5}], "Node Type": "Merge Join", "Plan Rows": 4920, "Join Type": "Inner", "Parent Relationship": "Outer", "Plan Width": 108, "Merge Cond": "(table_48_1.col_0 = table_0_1.col_1)", "Total Cost": 219.8}], "Plan Rows": 4920, "Node Type": "Hash", "Parent Relationship": "Inner", "Plan Width": 108, "Total Cost": 219.8}], "Node Type": "Hash Join", "Plan Rows": 913125924, "Join Type": "Left", "Hash Cond": "(table_59_1.col_1 = table_0_1.col_0)", "Parent Relationship": "Outer", "Plan Width": 304, "Total Cost": 32517449.97}], "Sort Key": ["table_10.col_1", "table_64.col_0"], "Plan Rows": 913125924, "Node Type": "Sort", "Parent Relationship": "Outer", "Plan Width": 304, "Total Cost": 1066439182.34}], "Plan Rows": 913125924, "Node Type": "Materialize", "Parent Relationship": "Inner", "Plan Width": 304, "Total Cost": 1068721997.15}], "Node Type": "Merge Join", "Plan Rows": 22462897730, "Join Type": "Inner", "Parent Relationship": "Outer", "Plan Width": 412, "Merge Cond": "((table_54.col_1 = table_10.col_1) AND (table_16.col_1 = table_64.col_0))", "Total Cost": 1459824051.75}, {"Startup Cost": 143.97, "Plans": [{"Startup Cost": 143.97, "Plans": [{"Startup Cost": 58.54, "Plans": [{"Startup Cost": 0.0, "Node Type": "Seq Scan", "Plan Rows": 830, "Relation Name": "table_18", "Alias": "table_18", "Parent Relationship": "Outer", "Plan Width": 68, "Total Cost": 18.3}], "Sort Key": ["table_18.col_2"], "Plan Rows": 830, "Node Type": "Sort", "Parent Relationship": "Outer", "Plan Width": 68, "Total Cost": 60.62}, {"Startup Cost": 85.43, "Plans": [{"Startup Cost": 0.0, "Node Type": "Seq Scan", "Plan Rows": 1230, "Relation Name": "table_59", "Alias": "table_59", "Parent Relationship": "Outer", "Plan Width": 36, "Total Cost": 22.3}], "Sort Key": ["table_59.col_0"], "Plan Rows": 1230, "Node Type": "Sort", "Parent Relationship": "Inner", "Plan Width": 36, "Total Cost": 88.5}], "Node Type": "Merge Join", "Plan Rows": 5104, "Join Type": "Inner", "Parent Relationship": "Outer", "Plan Width": 104, "Merge Cond": "(table_18.col_2 = table_59.col_0)", "Total Cost": 224.68}], "Plan Rows": 5104, "Node Type": "Materialize", "Parent Relationship": "Inner", "Plan Width": 104, "Total Cost": 250.2}], "Node Type": "Nested Loop", "Plan Rows": 114650630013920, "Join Type": "Inner", "Parent Relationship": "Outer", "Plan Width": 516, "Total Cost": 1434592699463.19}, {"Startup Cost": 18.0, "Plans": [{"Startup Cost": 0.0, "Node Type": "Seq Scan", "Plan Rows": 800, "Relation Name": "table_61", "Alias": "table_61", "Parent Relationship": "Outer", "Plan Width": 72, "Total Cost": 18.0}], "Plan Rows": 800, "Node Type": "Hash", "Parent Relationship": "Inner", "Plan Width": 72, "Total Cost": 18.0}], "Node Type": "Hash Join", "Plan Rows": 458602520055680, "Join Type": "Inner", "Hash Cond": "(table_10.col_3 = table_61.col_1)", "Parent Relationship": "Outer", "Plan Width": 588, "Total Cost": 17772307476474.79}, {"Startup Cost": 31.4, "Plans": [{"Startup Cost": 0.0, "Node Type": "Seq Scan", "Plan Rows": 2140, "Relation Name": "table_29", "Alias": "table_29", "Parent Relationship": "Outer", "Plan Width": 8, "Total Cost": 31.4}], "Plan Rows": 2140, "Node Type": "Hash", "Parent Relationship": "Inner", "Plan Width": 8, "Total Cost": 31.4}], "Node Type": "Hash Join", "Plan Rows": 4907046964595776, "Join Type": "Left", "Hash Cond": "(table_0_1.col_0 = table_29.col_1)", "Parent Relationship": "Outer", "Plan Width": 596, "Total Cost": 190665457537524.28}], "Sort Key": ["table_64.col_2", "table_18.col_2"], "Plan Rows": 4907046964595776, "Node Type": "Sort", "Parent Relationship": "Outer", "Plan Width": 596, "Total Cost": 2.227924731421641e+16}, {"Startup Cost": 5.750447001694791e+33, "Plans": [{"Startup Cost": 5.750447001694791e+33, "Plans": [{"Startup Cost": 191378.13, "Plans": [{"Startup Cost": 191343.38, "Plans": [{"Startup Cost": 191315.38, "Plans": [{"Startup Cost": 191261.73, "Plans": [{"Startup Cost": 191226.98, "Plans": [{"Startup Cost": 191198.98, "Plans": [{"Startup Cost": 191170.98, "Plans": [{"Startup Cost": 191142.98, "Plans": [{"Startup Cost": 191114.98, "Plans": [{"Startup Cost": 191080.23, "Plans": [{"Startup Cost": 189931.43, "Plans": [{"Startup Cost": 189931.43, "Plans": [{"Startup Cost": 189931.43, "Plans": [{"Startup Cost": 189931.43, "Plans": [{"Startup Cost": 189854.86, "Plans": [{"Startup Cost": 189276.78, "Plans": [{"Startup Cost": 189255.3, "Plans": [{"Startup Cost": 189209.07, "Plans": [{"Startup Cost": 0.0, "Plans": [{"Startup Cost": 0.0, "Node Type": "Seq Scan", "Plan Rows": 860, "Relation Name": "table_44", "Alias": "table_44", "Parent Relationship": "Outer", "Plan Width": 64, "Total Cost": 18.6}, {"Startup Cost": 0.0, "Plans": [{"Startup Cost": 0.0, "Node Type": "Seq Scan", "Plan Rows": 640, "Relation Name": "table_39", "Alias": "table_39", "Parent Relationship": "Outer", "Plan Width": 96, "Total Cost": 16.4}], "Plan Rows": 640, "Node Type": "Materialize", "Parent Relationship": "Inner", "Plan Width": 96, "Total Cost": 19.6}], "Node Type": "Nested Loop", "Plan Rows": 550400, "Join Type": "Inner", "Parent Relationship": "Outer", "Plan Width": 160, "Total Cost": 6916.6}], "Sort Key": ["table_39.col_0", "table_44.col_1"], "Plan Rows": 550400, "Node Type": "Sort", "Parent Relationship": "Outer", "Plan Width": 160, "Total Cost": 190585.07}, {"Startup Cost": 46.23, "Plans": [{"Startup Cost": 0.0, "Node Type": "Seq Scan", "Plan Rows": 640, "Relation Name": "table_26", "Alias": "table_26", "Parent Relationship": "Outer", "Plan Width": 96, "Total Cost": 16.4}], "Sort Key": ["table_26.col_2", "table_26.col_1"], "Plan Rows": 640, "Node Type": "Sort", "Parent Relationship": "Inner", "Plan Width": 96, "Total Cost": 47.83}], "Node Type": "Merge Join", "Plan Rows": 8806, "Join Type": "Inner", "Parent Relationship": "Outer", "Plan Width": 256, "Merge Cond": "((table_39.col_0 = table_26.col_2) AND (table_44.col_1 = table_26.col_1))", "Total Cost": 193537.41}, {"Startup Cost": 21.48, "Plans": [{"Startup Cost": 21.48, "Plans": [{"Startup Cost": 0.0, "Node Type": "Seq Scan", "Plan Rows": 1230, "Relation Name": "table_8", "Alias": "table_8", "Parent Relationship": "Outer", "Plan Width": 36, "Total Cost": 22.3}, {"Startup Cost": 15.1, "Plans": [{"Startup Cost": 0.0, "Node Type": "Seq Scan", "Plan Rows": 510, "Relation Name": "table_23", "Alias": "table_23", "Parent Relationship": "Outer", "Plan Width": 128, "Total Cost": 15.1}], "Plan Rows": 510, "Node Type": "Hash", "Parent Relationship": "Inner", "Plan Width": 128, "Total Cost": 15.1}], "Node Type": "Hash Join", "Plan Rows": 3136, "Join Type": "Right", "Hash Cond": "(table_8.col_0 = table_23.col_0)", "Parent Relationship": "Outer", "Plan Width": 164, "Total Cost": 156.62}], "Plan Rows": 3136, "Node Type": "Materialize", "Parent Relationship": "Inner", "Plan Width": 164, "Total Cost": 172.3}], "Node Type": "Nested Loop", "Plan Rows": 138078, "Join Type": "Inner", "Parent Relationship": "Outer", "Plan Width": 420, "Join Filter": "(table_44.col_0 = table_23.col_0)", "Total Cost": 607936.11}, {"Startup Cost": 578.08, "Plans": [{"Startup Cost": 578.08, "Plans": [{"Startup Cost": 56.58, "Plans": [{"Startup Cost": 0.0, "Node Type": "Seq Scan", "Plan Rows": 800, "Relation Name": "table_61", "Alias": "table_61_1", "Parent Relationship": "Outer", "Plan Width": 72, "Total Cost": 18.0}], "Sort Key": ["table_61_1.col_1"], "Plan Rows": 800, "Node Type": "Sort", "Parent Relationship": "Outer", "Plan Width": 72, "Total Cost": 58.58}, {"Startup Cost": 521.51, "Plans": [{"Startup Cost": 142.0, "Plans": [{"Startup Cost": 56.58, "Plans": [{"Startup Cost": 0.0, "Node Type": "Seq Scan", "Plan Rows": 800, "Relation Name": "table_51", "Alias": "table_51_1", "Parent Relationship": "Outer", "Plan Width": 72, "Total Cost": 18.0}], "Sort Key": ["table_51_1.col_2"], "Plan Rows": 800, "Node Type": "Sort", "Parent Relationship": "Outer", "Plan Width": 72, "Total Cost": 58.58}, {"Startup Cost": 85.43, "Plans": [{"Startup Cost": 0.0, "Node Type": "Seq Scan", "Plan Rows": 1230, "Relation Name": "table_0", "Alias": "table_0_2", "Parent Relationship": "Outer", "Plan Width": 36, "Total Cost": 22.3}], "Sort Key": ["table_0_2.col_0"], "Plan Rows": 1230, "Node Type": "Sort", "Parent Relationship": "Inner", "Plan Width": 36, "Total Cost": 88.5}], "Node Type": "Merge Join", "Plan Rows": 4920, "Join Type": "Inner", "Parent Relationship": "Outer", "Plan Width": 108, "Merge Cond": "(table_51_1.col_2 = table_0_2.col_0)", "Total Cost": 219.8}], "Sort Key": ["table_0_2.col_1"], "Plan Rows": 4920, "Node Type": "Sort", "Parent Relationship": "Inner", "Plan Width": 108, "Total Cost": 533.81}], "Node Type": "Merge Join", "Plan Rows": 19680, "Join Type": "Left", "Parent Relationship": "Outer", "Plan Width": 180, "Merge Cond": "(table_61_1.col_1 = table_0_2.col_1)", "Total Cost": 877.28}], "Plan Rows": 19680, "Node Type": "Materialize", "Parent Relationship": "Inner", "Plan Width": 180, "Total Cost": 1466.68}], "Node Type": "Nested Loop", "Plan Rows": 2717375040, "Join Type": "Inner", "Parent Relationship": "Outer", "Plan Width": 600, "Total Cost": 102372348.59}, {"Startup Cost": 76.57, "Plans": [{"Startup Cost": 0.0, "Node Type": "Seq Scan", "Plan Rows": 1100, "Relation Name": "table_56", "Alias": "table_56", "Parent Relationship": "Outer", "Plan Width": 44, "Total Cost": 21.0}], "Sort Key": ["table_56.col_0"], "Plan Rows": 1100, "Node Type": "Sort", "Parent Relationship": "Inner", "Plan Width": 44, "Total Cost": 79.32}], "Node Type": "Merge Join", "Plan Rows": 14945562720, "Join Type": "Inner", "Parent Relationship": "Outer", "Plan Width": 644, "Merge Cond": "(table_26.col_2 = table_56.col_0)", "Total Cost": 333349303.56}, {"Startup Cost": 0.0, "Plans": [{"Startup Cost": 0.0, "Node Type": "Seq Scan", "Plan Rows": 1230, "Relation Name": "table_31", "Alias": "table_31", "Parent Relationship": "Outer", "Plan Width": 36, "Total Cost": 22.3}], "Plan Rows": 1230, "Node Type": "Materialize", "Parent Relationship": "Inner", "Plan Width": 36, "Total Cost": 28.45}], "Node Type": "Nested Loop", "Plan Rows": 91915210728, "Join Type": "Inner", "Parent Relationship": "Outer", "Plan Width": 680, "Join Filter": "(table_31.col_1 = table_26.col_1)", "Total Cost": 276078981512.94}, {"Startup Cost": 0.0, "Plans": [{"Startup Cost": 0.0, "Node Type": "Seq Scan", "Plan Rows": 1160, "Relation Name": "table_53", "Alias": "table_53", "Parent Relationship": "Outer", "Plan Width": 40, "Total Cost": 21.6}], "Plan Rows": 1160, "Node Type": "Materialize", "Parent Relationship": "Inner", "Plan Width": 40, "Total Cost": 27.4}], "Node Type": "Nested Loop", "Plan Rows": 533108222222, "Join Type": "Left", "Parent Relationship": "Outer", "Plan Width": 720, "Join Filter": "(table_0_2.col_0 = table_53.col_0)", "Total Cost": 1875403648204.64}, {"Startup Cost": 0.0, "Plans": [{"Startup Cost": 0.0, "Node Type": "Seq Scan", "Plan Rows": 620, "Relation Name": "table_49", "Alias": "table_49", "Parent Relationship": "Outer", "Plan Width": 100, "Total Cost": 16.2}], "Plan Rows": 620, "Node Type": "Materialize", "Parent Relationship": "Inner", "Plan Width": 100, "Total Cost": 19.3}], "Node Type": "Nested Loop", "Plan Rows": 1652635488888, "Join Type": "Inner", "Parent Relationship": "Outer", "Plan Width": 820, "Join Filter": "(table_23.col_2 = table_49.col_2)", "Total Cost": 6833310114886.99}, {"Startup Cost": 1148.8, "Plans": [{"Startup Cost": 1148.8, "Plans": [{"Startup Cost": 1148.8, "Plans": [{"Startup Cost": 1148.8, "Plans": [{"Startup Cost": 1148.8, "Plans": [{"Startup Cost": 155.12, "Plans": [{"Startup Cost": 155.12, "Plans": [{"Startup Cost": 155.12, "Plans": [{"Startup Cost": 155.12, "Plans": [{"Startup Cost": 96.58, "Plans": [{"Startup Cost": 38.04, "Plans": [{"Startup Cost": 0.0, "Node Type": "Seq Scan", "Plan Rows": 510, "Relation Name": "table_42", "Alias": "table_42", "Parent Relationship": "Outer", "Plan Width": 128, "Total Cost": 15.1}], "Sort Key": ["table_42.col_0"], "Plan Rows": 510, "Node Type": "Sort", "Parent Relationship": "Outer", "Plan Width": 128, "Total Cost": 39.31}, {"Startup Cost": 58.54, "Plans": [{"Startup Cost": 0.0, "Node Type": "Seq Scan", "Plan Rows": 830, "Relation Name": "table_21", "Alias": "table_21", "Parent Relationship": "Outer", "Plan Width": 68, "Total Cost": 18.3}], "Sort Key": ["table_21.col_2"], "Plan Rows": 830, "Node Type": "Sort", "Parent Relationship": "Inner", "Plan Width": 68, "Total Cost": 60.62}], "Node Type": "Merge Join", "Plan Rows": 2116, "Join Type": "Inner", "Parent Relationship": "Outer", "Plan Width": 196, "Merge Cond": "(table_42.col_0 = table_21.col_2)", "Total Cost": 130.87}, {"Startup Cost": 58.54, "Plans": [{"Startup Cost": 0.0, "Node Type": "Seq Scan", "Plan Rows": 830, "Relation Name": "table_5", "Alias": "table_5", "Parent Relationship": "Outer", "Plan Width": 68, "Total Cost": 18.3}], "Sort Key": ["table_5.col_1"], "Plan Rows": 830, "Node Type": "Sort", "Parent Relationship": "Inner", "Plan Width": 68, "Total Cost": 60.62}], "Node Type": "Merge Join", "Plan Rows": 8781, "Join Type": "Left", "Parent Relationship": "Outer", "Plan Width": 264, "Merge Cond": "(table_21.col_2 = table_5.col_1)", "Total Cost": 326.42}, {"Startup Cost": 0.0, "Plans": [{"Startup Cost": 0.0, "Node Type": "Seq Scan", "Plan Rows": 1230, "Relation Name": "table_57", "Alias": "table_57", "Parent Relationship": "Outer", "Plan Width": 36, "Total Cost": 22.3}], "Plan Rows": 1230, "Node Type": "Materialize", "Parent Relationship": "Inner", "Plan Width": 36, "Total Cost": 28.45}], "Node Type": "Nested Loop", "Plan Rows": 54003, "Join Type": "Inner", "Parent Relationship": "Outer", "Plan Width": 300, "Join Filter": "(table_57.col_0 = table_42.col_1)", "Total Cost": 162361.24}, {"Startup Cost": 0.0, "Plans": [{"Startup Cost": 0.0, "Node Type": "Seq Scan", "Plan Rows": 2140, "Relation Name": "table_20", "Alias": "table_20", "Parent Relationship": "Outer", "Plan Width": 8, "Total Cost": 31.4}], "Plan Rows": 2140, "Node Type": "Materialize", "Parent Relationship": "Inner", "Plan Width": 8, "Total Cost": 42.1}], "Node Type": "Nested Loop", "Plan Rows": 577832, "Join Type": "Left", "Parent Relationship": "Outer", "Plan Width": 308, "Join Filter": "(table_21.col_1 = table_20.col_1)", "Total Cost": 1895894.29}, {"Startup Cost": 0.0, "Plans": [{"Startup Cost": 0.0, "Node Type": "Seq Scan", "Plan Rows": 800, "Relation Name": "table_15", "Alias": "table_15", "Parent Relationship": "Outer", "Plan Width": 72, "Total Cost": 18.0}], "Plan Rows": 800, "Node Type": "Materialize", "Parent Relationship": "Inner", "Plan Width": 72, "Total Cost": 22.0}], "Node Type": "Nested Loop", "Plan Rows": 462265600, "Join Type": "Inner", "Parent Relationship": "Outer", "Plan Width": 380, "Total Cost": 7674234.29}, {"Startup Cost": 993.68, "Plans": [{"Startup Cost": 965.68, "Plans": [{"Startup Cost": 929.58, "Plans": [{"Startup Cost": 753.71, "Plans": [{"Startup Cost": 724.36, "Plans": [{"Startup Cost": 686.69, "Plans": [{"Startup Cost": 657.34, "Plans": [{"Startup Cost": 619.66, "Plans": [{"Startup Cost": 80.64, "Plans": [{"Startup Cost": 0.0, "Node Type": "Seq Scan", "Plan Rows": 1160, "Relation Name": "table_34", "Alias": "table_34", "Parent Relationship": "Outer", "Plan Width": 40, "Total Cost": 21.6}], "Sort Key": ["table_34.col_2"], "Plan Rows": 1160, "Node Type": "Sort", "Parent Relationship": "Outer", "Plan Width": 40, "Total Cost": 83.54}, {"Startup Cost": 539.02, "Plans": [{"Startup Cost": 143.97, "Plans": [{"Startup Cost": 58.54, "Plans": [{"Startup Cost": 0.0, "Node Type": "Seq Scan", "Plan Rows": 830, "Relation Name": "table_41", "Alias": "table_41", "Parent Relationship": "Outer", "Plan Width": 68, "Total Cost": 18.3}], "Sort Key": ["table_41.col_0"], "Plan Rows": 830, "Node Type": "Sort", "Parent Relationship": "Outer", "Plan Width": 68, "Total Cost": 60.62}, {"Startup Cost": 85.43, "Plans": [{"Startup Cost": 0.0, "Node Type": "Seq Scan", "Plan Rows": 1230, "Relation Name": "table_0", "Alias": "table_0", "Parent Relationship": "Outer", "Plan Width": 36, "Total Cost": 22.3}], "Sort Key": ["table_0.col_1"], "Plan Rows": 1230, "Node Type": "Sort", "Parent Relationship": "Inner", "Plan Width": 36, "Total Cost": 88.5}], "Node Type": "Merge Join", "Plan Rows": 5104, "Join Type": "Inner", "Parent Relationship": "Outer", "Plan Width": 104, "Merge Cond": "(table_41.col_0 = table_0.col_1)", "Total Cost": 224.68}], "Sort Key": ["table_41.col_1"], "Plan Rows": 5104, "Node Type": "Sort", "Parent Relationship": "Inner", "Plan Width": 104, "Total Cost": 551.78}], "Node Type": "Merge Join", "Plan Rows": 29603, "Join Type": "Inner", "Parent Relationship": "Outer", "Plan Width": 144, "Merge Cond": "(table_34.col_2 = table_41.col_1)", "Total Cost": 1069.51}, {"Startup Cost": 22.3, "Plans": [{"Startup Cost": 0.0, "Node Type": "Seq Scan", "Plan Rows": 1230, "Relation Name": "table_46", "Alias": "table_46", "Parent Relationship": "Outer", "Plan Width": 36, "Total Cost": 22.3}], "Plan Rows": 1230, "Node Type": "Hash", "Parent Relationship": "Inner", "Plan Width": 36, "Total Cost": 22.3}], "Node Type": "Hash Join", "Plan Rows": 182058, "Join Type": "Inner", "Hash Cond": "(table_0.col_0 = table_46.col_0)", "Parent Relationship": "Outer", "Plan Width": 180, "Total Cost": 7553.23}, {"Startup Cost": 18.6, "Plans": [{"Startup Cost": 0.0, "Node Type": "Seq Scan", "Plan Rows": 860, "Relation Name": "table_25", "Alias": "table_25", "Parent Relationship": "Outer", "Plan Width": 64, "Total Cost": 18.6}], "Plan Rows": 860, "Node Type": "Hash", "Parent Relationship": "Inner", "Plan Width": 64, "Total Cost": 18.6}], "Node Type": "Hash Join", "Plan Rows": 782849, "Join Type": "Inner", "Hash Cond": "(table_46.col_1 = table_25.col_0)", "Parent Relationship": "Outer", "Plan Width": 244, "Total Cost": 35437.45}, {"Startup Cost": 22.3, "Plans": [{"Startup Cost": 0.0, "Node Type": "Seq Scan", "Plan Rows": 1230, "Relation Name": "table_30", "Alias": "table_30", "Parent Relationship": "Outer", "Plan Width": 36, "Total Cost": 22.3}], "Plan Rows": 1230, "Node Type": "Hash", "Parent Relationship": "Inner", "Plan Width": 36, "Total Cost": 22.3}], "Node Type": "Hash Join", "Plan Rows": 4814521, "Join Type": "Left", "Hash Cond": "(table_34.col_2 = table_30.col_1)", "Parent Relationship": "Outer", "Plan Width": 280, "Total Cost": 205940.49}, {"Startup Cost": 18.6, "Plans": [{"Startup Cost": 0.0, "Node Type": "Seq Scan", "Plan Rows": 860, "Relation Name": "table_2", "Alias": "table_2", "Parent Relationship": "Outer", "Plan Width": 64, "Total Cost": 18.6}], "Plan Rows": 860, "Node Type": "Hash", "Parent Relationship": "Inner", "Plan Width": 64, "Total Cost": 18.6}], "Node Type": "Hash Join", "Plan Rows": 20702440, "Join Type": "Inner", "Hash Cond": "(table_46.col_1 = table_2.col_0)", "Parent Relationship": "Outer", "Plan Width": 344, "Total Cost": 942591.55}, {"Startup Cost": 141.47, "Plans": [{"Startup Cost": 24.4, "Plans": [{"Startup Cost": 0.0, "Node Type": "Seq Scan", "Plan Rows": 860, "Relation Name": "table_40", "Alias": "table_40", "Parent Relationship": "Outer", "Plan Width": 64, "Total Cost": 18.6}, {"Startup Cost": 16.4, "Plans": [{"Startup Cost": 0.0, "Node Type": "Seq Scan", "Plan Rows": 640, "Relation Name": "table_4", "Alias": "table_4", "Parent Relationship": "Outer", "Plan Width": 96, "Total Cost": 16.4}], "Plan Rows": 640, "Node Type": "Hash", "Parent Relationship": "Inner", "Plan Width": 96, "Total Cost": 16.4}], "Node Type": "Hash Join", "Plan Rows": 2752, "Join Type": "Inner", "Hash Cond": "(table_40.col_1 = table_4.col_1)", "Parent Relationship": "Outer", "Plan Width": 160, "Total Cost": 141.47}], "Plan Rows": 2752, "Node Type": "Hash", "Parent Relationship": "Inner", "Plan Width": 160, "Total Cost": 141.47}], "Node Type": "Hash Join", "Plan Rows": 284865574, "Join Type": "Inner", "Hash Cond": "(table_34.col_0 = table_4.col_1)", "Parent Relationship": "Outer", "Plan Width": 504, "Total Cost": 10959643.01}, {"Startup Cost": 21.6, "Plans": [{"Startup Cost": 0.0, "Node Type": "Seq Scan", "Plan Rows": 1160, "Relation Name": "table_22", "Alias": "table_22", "Parent Relationship": "Outer", "Plan Width": 40, "Total Cost": 21.6}], "Plan Rows": 1160, "Node Type": "Hash", "Parent Relationship": "Inner", "Plan Width": 40, "Total Cost": 21.6}], "Node Type": "Hash Join", "Plan Rows": 1652220329, "Join Type": "Left", "Hash Cond": "(table_34.col_1 = table_22.col_0)", "Parent Relationship": "Outer", "Plan Width": 544, "Total Cost": 69499554.57}, {"Startup Cost": 18.0, "Plans": [{"Startup Cost": 0.0, "Node Type": "Seq Scan", "Plan Rows": 800, "Relation Name": "table_17", "Alias": "table_17", "Parent Relationship": "Outer", "Plan Width": 72, "Total Cost": 18.0}], "Plan Rows": 800, "Node Type": "Hash", "Parent Relationship": "Inner", "Plan Width": 72, "Total Cost": 18.0}], "Node Type": "Hash Join", "Plan Rows": 6608881316, "Join Type": "Inner", "Hash Cond": "(table_0.col_1 = table_17.col_2)", "Parent Relationship": "Inner", "Plan Width": 616, "Total Cost": 304940979.45}], "Node Type": "Nested Loop", "Plan Rows": 76376462171738, "Join Type": "Inner", "Parent Relationship": "Outer", "Plan Width": 996, "Join Filter": "((table_0.col_1 = table_42.col_1) AND (table_34.col_0 = table_15.col_1))", "Total Cost": 1.8678914279552304e+17}, {"Startup Cost": 0.0, "Plans": [{"Startup Cost": 0.0, "Node Type": "Seq Scan", "Plan Rows": 800, "Relation Name": "table_62", "Alias": "table_62", "Parent Relationship": "Outer", "Plan Width": 72, "Total Cost": 18.0}], "Plan Rows": 800, "Node Type": "Materialize", "Parent Relationship": "Inner", "Plan Width": 72, "Total Cost": 22.0}], "Node Type": "Nested Loop", "Plan Rows": 305505848686952, "Join Type": "Left", "Parent Relationship": "Outer", "Plan Width": 1068, "Join Filter": "(table_20.col_0 = table_62.col_2)", "Total Cost": 1.8770566034158394e+17}, {"Startup Cost": 0.0, "Plans": [{"Startup Cost": 0.0, "Node Type": "Seq Scan", "Plan Rows": 2140, "Relation Name": "table_37", "Alias": "table_37", "Parent Relationship": "Outer", "Plan Width": 8, "Total Cost": 31.4}], "Plan Rows": 2140, "Node Type": "Materialize", "Parent Relationship": "Inner", "Plan Width": 8, "Total Cost": 42.1}], "Node Type": "Nested Loop", "Plan Rows": 3268912580950386, "Join Type": "Inner", "Parent Relationship": "Outer", "Plan Width": 1076, "Join Filter": "(table_17.col_3 = table_37.col_1)", "Total Cost": 1.9751239808443514e+17}, {"Startup Cost": 0.0, "Plans": [{"Startup Cost": 0.0, "Node Type": "Seq Scan", "Plan Rows": 620, "Relation Name": "table_12", "Alias": "table_12", "Parent Relationship": "Outer", "Plan Width": 100, "Total Cost": 16.2}], "Plan Rows": 620, "Node Type": "Materialize", "Parent Relationship": "Inner", "Plan Width": 100, "Total Cost": 19.3}], "Node Type": "Nested Loop", "Plan Rows": 10133629000946196, "Join Type": "Inner", "Parent Relationship": "Outer", "Plan Width": 1176, "Join Filter": "(table_17.col_1 = table_12.col_1)", "Total Cost": 2.2791328508727376e+17}], "Plan Rows": 10133629000946196, "Node Type": "Materialize", "Parent Relationship": "Inner", "Plan Width": 1176, "Total Cost": 2.2793861915977613e+17}], "Node Type": "Merge Join", "Plan Rows": 83735974590941662984273920, "Join Type": "Inner", "Parent Relationship": "Outer", "Plan Width": 1996, "Merge Cond": "(table_56.col_0 = table_42.col_0)", "Total Cost": 1.2560398467842475e+24}, {"Startup Cost": 21.0, "Plans": [{"Startup Cost": 0.0, "Node Type": "Seq Scan", "Plan Rows": 1100, "Relation Name": "table_24", "Alias": "table_24", "Parent Relationship": "Outer", "Plan Width": 44, "Total Cost": 21.0}], "Plan Rows": 1100, "Node Type": "Hash", "Parent Relationship": "Inner", "Plan Width": 44, "Total Cost": 21.0}], "Node Type": "Hash Join", "Plan Rows": 460547860250179172183310336, "Join Type": "Inner", "Hash Cond": "(table_56.col_1 = table_24.col_1)", "Parent Relationship": "Outer", "Plan Width": 2040, "Total Cost": 1.7584554892017872e+25}, {"Startup Cost": 18.0, "Plans": [{"Startup Cost": 0.0, "Node Type": "Seq Scan", "Plan Rows": 800, "Relation Name": "table_51", "Alias": "table_51", "Parent Relationship": "Outer", "Plan Width": 72, "Total Cost": 18.0}], "Plan Rows": 800, "Node Type": "Hash", "Parent Relationship": "Inner", "Plan Width": 72, "Total Cost": 18.0}], "Node Type": "Hash Join", "Plan Rows": 1842191441000716688733241344, "Join Type": "Left", "Hash Cond": "(table_42.col_3 = table_51.col_1)", "Parent Relationship": "Outer", "Plan Width": 2112, "Total Cost": 8.32126249776684e+25}, {"Startup Cost": 18.0, "Plans": [{"Startup Cost": 0.0, "Node Type": "Seq Scan", "Plan Rows": 800, "Relation Name": "table_28", "Alias": "table_28", "Parent Relationship": "Outer", "Plan Width": 72, "Total Cost": 18.0}], "Plan Rows": 800, "Node Type": "Hash", "Parent Relationship": "Inner", "Plan Width": 72, "Total Cost": 18.0}], "Node Type": "Hash Join", "Plan Rows": 7368765764002866754932965376, "Join Type": "Left", "Hash Cond": "(table_25.col_0 = table_28.col_0)", "Parent Relationship": "Outer", "Plan Width": 2184, "Total Cost": 3.4572490532027055e+26}, {"Startup Cost": 18.0, "Plans": [{"Startup Cost": 0.0, "Node Type": "Seq Scan", "Plan Rows": 800, "Relation Name": "table_58", "Alias": "table_58", "Parent Relationship": "Outer", "Plan Width": 72, "Total Cost": 18.0}], "Plan Rows": 800, "Node Type": "Hash", "Parent Relationship": "Inner", "Plan Width": 72, "Total Cost": 18.0}], "Node Type": "Hash Join", "Plan Rows": 29475063056011467019731861504, "Join Type": "Inner", "Hash Cond": "(table_42.col_0 = table_58.col_3)", "Parent Relationship": "Outer", "Plan Width": 2256, "Total Cost": 1.395774026690679e+27}, {"Startup Cost": 18.0, "Plans": [{"Startup Cost": 0.0, "Node Type": "Seq Scan", "Plan Rows": 800, "Relation Name": "table_48", "Alias": "table_48", "Parent Relationship": "Outer", "Plan Width": 72, "Total Cost": 18.0}], "Plan Rows": 800, "Node Type": "Hash", "Parent Relationship": "Inner", "Plan Width": 72, "Total Cost": 18.0}], "Node Type": "Hash Join", "Plan Rows": 117900252224045868078927446016, "Join Type": "Left", "Hash Cond": "(table_21.col_0 = table_48.col_2)", "Parent Relationship": "Outer", "Plan Width": 2328, "Total Cost": 5.595970512172313e+27}, {"Startup Cost": 21.0, "Plans": [{"Startup Cost": 0.0, "Node Type": "Seq Scan", "Plan Rows": 1100, "Relation Name": "table_27", "Alias": "table_27", "Parent Relationship": "Outer", "Plan Width": 44, "Total Cost": 21.0}], "Plan Rows": 1100, "Node Type": "Hash", "Parent Relationship": "Inner", "Plan Width": 44, "Total Cost": 21.0}], "Node Type": "Hash Join", "Plan Rows": 648451387232252230453635842048, "Join Type": "Inner", "Hash Cond": "(table_58.col_0 = table_27.col_0)", "Parent Relationship": "Outer", "Plan Width": 2372, "Total Cost": 2.8586519695861256e+28}, {"Startup Cost": 29.4, "Plans": [{"Startup Cost": 0.0, "Node Type": "Seq Scan", "Plan Rows": 1940, "Relation Name": "table_9", "Alias": "table_9", "Parent Relationship": "Outer", "Plan Width": 12, "Total Cost": 29.4}], "Plan Rows": 1940, "Node Type": "Hash", "Parent Relationship": "Inner", "Plan Width": 12, "Total Cost": 29.4}], "Node Type": "Hash Join", "Plan Rows": 6289978456152846888727746707456, "Join Type": "Left", "Hash Cond": "(table_15.col_2 = table_9.col_1)", "Parent Relationship": "Outer", "Plan Width": 2384, "Total Cost": 2.503568941292915e+29}, {"Startup Cost": 18.0, "Plans": [{"Startup Cost": 0.0, "Node Type": "Seq Scan", "Plan Rows": 800, "Relation Name": "table_55", "Alias": "table_55", "Parent Relationship": "Outer", "Plan Width": 72, "Total Cost": 18.0}], "Plan Rows": 800, "Node Type": "Hash", "Parent Relationship": "Inner", "Plan Width": 72, "Total Cost": 18.0}], "Node Type": "Hash Join", "Plan Rows": 25159913824611387554910986829824, "Join Type": "Inner", "Hash Cond": "(table_0.col_1 = table_55.col_3)", "Parent Relationship": "Outer", "Plan Width": 2456, "Total Cost": 1.1466788241310722e+30}, {"Startup Cost": 21.0, "Plans": [{"Startup Cost": 0.0, "Node Type": "Seq Scan", "Plan Rows": 1100, "Relation Name": "table_60", "Alias": "table_60", "Parent Relationship": "Outer", "Plan Width": 44, "Total Cost": 21.0}], "Plan Rows": 1100, "Node Type": "Hash", "Parent Relationship": "Inner", "Plan Width": 44, "Total Cost": 21.0}], "Node Type": "Hash Join", "Plan Rows": 138379526035362633803810241249280, "Join Type": "Left", "Hash Cond": "(table_9.col_2 = table_60.col_1)", "Parent Relationship": "Outer", "Plan Width": 2500, "Total Cost": 6.052862019930294e+30}], "Sort Key": ["table_41.col_1", "table_31.col_1"], "Plan Rows": 138379526035362633803810241249280, "Node Type": "Sort", "Parent Relationship": "Outer", "Plan Width": 2500, "Total Cost": 5.750792950509879e+33}], "Plan Rows": 138379526035362633803810241249280, "Node Type": "Materialize", "Parent Relationship": "Inner", "Plan Width": 2500, "Total Cost": 5.751138899324967e+33}], "Node Type": "Merge Join", "Plan Rows": 16975870829850710043056824766404222963941376, "Join Type": "Inner", "Parent Relationship": "Outer", "Plan Width": 3096, "Merge Cond": "((table_47.col_2 = table_41.col_1) AND (table_18.col_2 = table_26.col_1))", "Total Cost": 2.9707774527318037e+41}], "Plan Rows": 16975870829850710043056824766404222963941376, "Node Type": "Materialize", "Parent Relationship": "Inner", "Plan Width": 3096, "Total Cost": 3.3951742234780715e+41}], "Node Type": "Merge Join", "Plan Rows": 1117097179958326063118896369729287996911386624, "Join Type": "Inner", "Parent Relationship": "Outer", "Plan Width": 3140, "Merge Cond": "(table_1.col_0 = table_41.col_1)", "Total Cost": 1.705353544464807e+43}, {"Startup Cost": 22.3, "Plans": [{"Startup Cost": 0.0, "Node Type": "Seq Scan", "Plan Rows": 1230, "Relation Name": "table_7", "Alias": "table_7", "Parent Relationship": "Outer", "Plan Width": 36, "Total Cost": 22.3}], "Plan Rows": 1230, "Node Type": "Hash", "Parent Relationship": "Inner", "Plan Width": 36, "Total Cost": 22.3}], "Node Type": "Hash Join", "Plan Rows": 6870147656743705993311859050787725763546185728, "Join Type": "Inner", "Hash Cond": "(table_46.col_1 = table_7.col_1)", "Parent Relationship": "Outer", "Plan Width": 3176, "Total Cost": 2.603014463805736e+44}, {"Startup Cost": 21.6, "Plans": [{"Startup Cost": 0.0, "Node Type": "Seq Scan", "Plan Rows": 1160, "Relation Name": "table_50", "Alias": "table_50", "Parent Relationship": "Outer", "Plan Width": 40, "Total Cost": 21.6}], "Plan Rows": 1160, "Node Type": "Hash", "Parent Relationship": "Inner", "Plan Width": 40, "Total Cost": 21.6}], "Plan Rows": 39846856409113495521799142631506450326589800448, "Node Type": "Hash Join", "Join Type": "Right", "Hash Cond": "(table_61.col_0 = table_50.col_2)", "Plan Width": 3216, "Total Cost": 1.6721167898414052e+45}}]