[{"Plan": {"Startup Cost": 702196883.03, "Plans": [{"Startup Cost": 702196846.93, "Plans": [{"Startup Cost": 85.43, "Plans": [{"Startup Cost": 0.0, "Node Type": "Seq Scan", "Plan Rows": 1230, "Relation Name": "table_7", "Alias": "table_7", "Parent Relationship": "Outer", "Plan Width": 36, "Total Cost": 22.3}], "Sort Key": ["table_7.col_1"], "Plan Rows": 1230, "Node Type": "Sort", "Parent Relationship": "Outer", "Plan Width": 36, "Total Cost": 88.5}, {"Startup Cost": 702196761.5, "Plans": [{"Startup Cost": 702196761.5, "Plans": [{"Startup Cost": 92231726.1, "Plans": [{"Startup Cost": 92231669.53, "Plans": [{"Startup Cost": 221392.27, "Plans": [{"Startup Cost": 4946.02, "Plans": [{"Startup Cost": 222.65, "Plans": [{"Startup Cost": 80.64, "Plans": [{"Startup Cost": 0.0, "Node Type": "Seq Scan", "Plan Rows": 1160, "Relation Name": "table_53", "Alias": "table_53", "Parent Relationship": "Outer", "Plan Width": 40, "Total Cost": 21.6}], "Sort Key": ["table_53.col_0"], "Plan Rows": 1160, "Node Type": "Sort", "Parent Relationship": "Outer", "Plan Width": 40, "Total Cost": 83.54}, {"Startup Cost": 142.0, "Plans": [{"Startup Cost": 142.0, "Plans": [{"Startup Cost": 56.58, "Plans": [{"Startup Cost": 0.0, "Node Type": "Seq Scan", "Plan Rows": 800, "Relation Name": "table_51", "Alias": "table_51_1", "Parent Relationship": "Outer", "Plan Width": 72, "Total Cost": 18.0}], "Sort Key": ["table_51_1.col_2"], "Plan Rows": 800, "Node Type": "Sort", "Parent Relationship": "Outer", "Plan Width": 72, "Total Cost": 58.58}, {"Startup Cost": 85.43, "Plans": [{"Startup Cost": 0.0, "Node Type": "Seq Scan", "Plan Rows": 1230, "Relation Name": "table_0", "Alias": "table_0_2", "Parent Relationship": "Outer", "Plan Width": 36, "Total Cost": 22.3}], "Sort Key": ["table_0_2.col_0"], "Plan Rows": 1230, "Node Type": "Sort", "Parent Relationship": "Inner", "Plan Width": 36, "Total Cost": 88.5}], "Node Type": "Merge Join", "Plan Rows": 4920, "Join Type": "Inner", "Parent Relationship": "Outer", "Plan Width": 108, "Merge Cond": "(table_51_1.col_2 = table_0_2.col_0)", "Total Cost": 219.8}], "Plan Rows": 4920, "Node Type": "Materialize", "Parent Relationship": "Inner", "Plan Width": 108, "Total Cost": 232.1}], "Node Type": "Merge Join", "Plan Rows": 28536, "Join Type": "Right", "Parent Relationship": "Outer", "Plan Width": 148, "Merge Cond": "(table_53.col_0 = table_0_2.col_0)", "Total Cost": 734.29}], "Sort Key": ["table_0_2.col_1"], "Plan Rows": 28536, "Node Type": "Sort", "Parent Relationship": "Outer", "Plan Width": 148, "Total Cost": 5017.36}, {"Startup Cost": 216446.25, "Plans": [{"Startup Cost": 216446.25, "Plans": [{"Startup Cost": 0.0, "Plans": [{"Startup Cost": 0.0, "Node Type": "Seq Scan", "Plan Rows": 860, "Relation Name": "table_25", "Alias": "table_25", "Parent Relationship": "Outer", "Plan Width": 64, "Total Cost": 18.6}, {"Startup Cost": 0.0, "Plans": [{"Startup Cost": 0.0, "Node Type": "Seq Scan", "Plan Rows": 800, "Relation Name": "table_61", "Alias": "table_61_1", "Parent Relationship": "Outer", "Plan Width": 72, "Total Cost": 18.0}], "Plan Rows": 800, "Node Type": "Materialize", "Parent Relationship": "Inner", "Plan Width": 72, "Total Cost": 22.0}], "Node Type": "Nested Loop", "Plan Rows": 688000, "Join Type": "Inner", "Parent Relationship": "Outer", "Plan Width": 136, "Total Cost": 8638.6}], "Sort Key": ["table_61_1.col_1"], "Plan Rows": 688000, "Node Type": "Sort", "Parent Relationship": "Outer", "Plan Width": 136, "Total Cost": 218166.25}], "Plan Rows": 688000, "Node Type": "Materialize", "Parent Relationship": "Inner", "Plan Width": 136, "Total Cost": 219886.25}], "Node Type": "Merge Join", "Plan Rows": 98163840, "Join Type": "Right", "Parent Relationship": "Outer", "Plan Width": 284, "Merge Cond": "(table_0_2.col_1 = table_61_1.col_1)", "Total Cost": 1695712.55}], "Sort Key": ["table_25.col_0"], "Plan Rows": 98163840, "Node Type": "Sort", "Parent Relationship": "Outer", "Plan Width": 284, "Total Cost": 92477079.13}, {"Startup Cost": 56.58, "Plans": [{"Startup Cost": 0.0, "Node Type": "Seq Scan", "Plan Rows": 800, "Relation Name": "table_28", "Alias": "table_28", "Parent Relationship": "Outer", "Plan Width": 72, "Total Cost": 18.0}], "Sort Key": ["table_28.col_0"], "Plan Rows": 800, "Node Type": "Sort", "Parent Relationship": "Inner", "Plan Width": 72, "Total Cost": 58.58}], "Node Type": "Merge Join", "Plan Rows": 392655360, "Join Type": "Left", "Parent Relationship": "Outer", "Plan Width": 356, "Merge Cond": "(table_25.col_0 = table_28.col_0)", "Total Cost": 98612375.7}, {"Startup Cost": 609965035.4, "Plans": [{"Startup Cost": 609965035.4, "Plans": [{"Startup Cost": 609965035.4, "Plans": [{"Startup Cost": 609965035.4, "Plans": [{"Startup Cost": 609965035.4, "Plans": [{"Startup Cost": 609964891.43, "Plans": [{"Startup Cost": 609964891.43, "Plans": [{"Startup Cost": 609964891.43, "Plans": [{"Startup Cost": 609964284.5, "Plans": [{"Startup Cost": 609964284.5, "Plans": [{"Startup Cost": 609964284.5, "Plans": [{"Startup Cost": 609963394.24, "Plans": [{"Startup Cost": 609963394.24, "Plans": [{"Startup Cost": 1116.31, "Plans": [{"Startup Cost": 838.29, "Plans": [{"Startup Cost": 60.52, "Plans": [{"Startup Cost": 0.0, "Node Type": "Seq Scan", "Plan Rows": 860, "Relation Name": "table_2", "Alias": "table_2", "Parent Relationship": "Outer", "Plan Width": 64, "Total Cost": 18.6}], "Sort Key": ["table_2.col_0"], "Plan Rows": 860, "Node Type": "Sort", "Parent Relationship": "Outer", "Plan Width": 64, "Total Cost": 62.67}, {"Startup Cost": 777.77, "Plans": [{"Startup Cost": 170.85, "Plans": [{"Startup Cost": 85.43, "Plans": [{"Startup Cost": 0.0, "Node Type": "Seq Scan", "Plan Rows": 1230, "Relation Name": "table_46", "Alias": "table_46", "Parent Relationship": "Outer", "Plan Width": 36, "Total Cost": 22.3}], "Sort Key": ["table_46.col_0"], "Plan Rows": 1230, "Node Type": "Sort", "Parent Relationship": "Outer", "Plan Width": 36, "Total Cost": 88.5}, {"Startup Cost": 85.43, "Plans": [{"Startup Cost": 0.0, "Node Type": "Seq Scan", "Plan Rows": 1230, "Relation Name": "table_0", "Alias": "table_0", "Parent Relationship": "Outer", "Plan Width": 36, "Total Cost": 22.3}], "Sort Key": ["table_0.col_0"], "Plan Rows": 1230, "Node Type": "Sort", "Parent Relationship": "Inner", "Plan Width": 36, "Total Cost": 88.5}], "Node Type": "Merge Join", "Plan Rows": 7564, "Join Type": "Inner", "Parent Relationship": "Outer", "Plan Width": 72, "Merge Cond": "(table_46.col_0 = table_0.col_0)", "Total Cost": 290.46}], "Sort Key": ["table_46.col_1"], "Plan Rows": 7564, "Node Type": "Sort", "Parent Relationship": "Inner", "Plan Width": 72, "Total Cost": 796.68}], "Node Type": "Merge Join", "Plan Rows": 32525, "Join Type": "Inner", "Parent Relationship": "Outer", "Plan Width": 136, "Merge Cond": "(table_2.col_0 = table_46.col_1)", "Total Cost": 1330.46}, {"Startup Cost": 278.02, "Plans": [{"Startup Cost": 278.02, "Plans": [{"Startup Cost": 219.87, "Plans": [{"Startup Cost": 185.12, "Plans": [{"Startup Cost": 155.12, "Plans": [{"Startup Cost": 155.12, "Plans": [{"Startup Cost": 96.58, "Plans": [{"Startup Cost": 38.04, "Plans": [{"Startup Cost": 0.0, "Node Type": "Seq Scan", "Plan Rows": 510, "Relation Name": "table_42", "Alias": "table_42", "Parent Relationship": "Outer", "Plan Width": 128, "Total Cost": 15.1}], "Sort Key": ["table_42.col_0"], "Plan Rows": 510, "Node Type": "Sort", "Parent Relationship": "Outer", "Plan Width": 128, "Total Cost": 39.31}, {"Startup Cost": 58.54, "Plans": [{"Startup Cost": 0.0, "Node Type": "Seq Scan", "Plan Rows": 830, "Relation Name": "table_21", "Alias": "table_21", "Parent Relationship": "Outer", "Plan Width": 68, "Total Cost": 18.3}], "Sort Key": ["table_21.col_2"], "Plan Rows": 830, "Node Type": "Sort", "Parent Relationship": "Inner", "Plan Width": 68, "Total Cost": 60.62}], "Node Type": "Merge Join", "Plan Rows": 2116, "Join Type": "Inner", "Parent Relationship": "Outer", "Plan Width": 196, "Merge Cond": "(table_42.col_0 = table_21.col_2)", "Total Cost": 130.87}, {"Startup Cost": 58.54, "Plans": [{"Startup Cost": 0.0, "Node Type": "Seq Scan", "Plan Rows": 830, "Relation Name": "table_5", "Alias": "table_5", "Parent Relationship": "Outer", "Plan Width": 68, "Total Cost": 18.3}], "Sort Key": ["table_5.col_1"], "Plan Rows": 830, "Node Type": "Sort", "Parent Relationship": "Inner", "Plan Width": 68, "Total Cost": 60.62}], "Node Type": "Merge Join", "Plan Rows": 8781, "Join Type": "Left", "Parent Relationship": "Outer", "Plan Width": 264, "Merge Cond": "(table_21.col_2 = table_5.col_1)", "Total Cost": 326.42}, {"Startup Cost": 0.0, "Plans": [{"Startup Cost": 0.0, "Node Type": "Seq Scan", "Plan Rows": 620, "Relation Name": "table_12", "Alias": "table_12", "Parent Relationship": "Outer", "Plan Width": 100, "Total Cost": 16.2}], "Plan Rows": 620, "Node Type": "Materialize", "Parent Relationship": "Inner", "Plan Width": 100, "Total Cost": 19.3}], "Node Type": "Nested Loop", "Plan Rows": 5444220, "Join Type": "Inner", "Parent Relationship": "Outer", "Plan Width": 364, "Total Cost": 68396.92}, {"Startup Cost": 18.0, "Plans": [{"Startup Cost": 0.0, "Node Type": "Seq Scan", "Plan Rows": 800, "Relation Name": "table_17", "Alias": "table_17", "Parent Relationship": "Outer", "Plan Width": 72, "Total Cost": 18.0}], "Plan Rows": 800, "Node Type": "Hash", "Parent Relationship": "Inner", "Plan Width": 72, "Total Cost": 18.0}], "Node Type": "Hash Join", "Plan Rows": 108884, "Join Type": "Inner", "Hash Cond": "((table_42.col_1 = table_17.col_2) AND (table_12.col_1 = table_17.col_1))", "Parent Relationship": "Outer", "Plan Width": 436, "Total Cost": 1185580.86}, {"Startup Cost": 21.0, "Plans": [{"Startup Cost": 0.0, "Node Type": "Seq Scan", "Plan Rows": 1100, "Relation Name": "table_56", "Alias": "table_56", "Parent Relationship": "Outer", "Plan Width": 44, "Total Cost": 21.0}], "Plan Rows": 1100, "Node Type": "Hash", "Parent Relationship": "Inner", "Plan Width": 44, "Total Cost": 21.0}], "Node Type": "Hash Join", "Plan Rows": 598862, "Join Type": "Inner", "Hash Cond": "(table_42.col_0 = table_56.col_0)", "Parent Relationship": "Outer", "Plan Width": 480, "Total Cost": 1206847.99}, {"Startup Cost": 31.4, "Plans": [{"Startup Cost": 0.0, "Node Type": "Seq Scan", "Plan Rows": 2140, "Relation Name": "table_20", "Alias": "table_20", "Parent Relationship": "Outer", "Plan Width": 8, "Total Cost": 31.4}], "Plan Rows": 2140, "Node Type": "Hash", "Parent Relationship": "Inner", "Plan Width": 8, "Total Cost": 31.4}], "Node Type": "Hash Join", "Plan Rows": 6407823, "Join Type": "Left", "Hash Cond": "(table_21.col_1 = table_20.col_1)", "Parent Relationship": "Outer", "Plan Width": 488, "Total Cost": 1432677.11}], "Plan Rows": 6407823, "Node Type": "Materialize", "Parent Relationship": "Inner", "Plan Width": 488, "Total Cost": 1865205.22}], "Node Type": "Nested Loop", "Plan Rows": 1042072215, "Join Type": "Inner", "Parent Relationship": "Outer", "Plan Width": 624, "Join Filter": "(table_42.col_1 = table_0.col_1)", "Total Cost": 16153571398.25}, {"Startup Cost": 609962277.94, "Plans": [{"Startup Cost": 1415064.77, "Plans": [{"Startup Cost": 1415064.77, "Plans": [{"Startup Cost": 1415064.77, "Plans": [{"Startup Cost": 1412954.07, "Plans": [{"Startup Cost": 21.48, "Plans": [{"Startup Cost": 21.48, "Plans": [{"Startup Cost": 0.0, "Node Type": "Seq Scan", "Plan Rows": 1230, "Relation Name": "table_8", "Alias": "table_8", "Parent Relationship": "Outer", "Plan Width": 36, "Total Cost": 22.3}, {"Startup Cost": 15.1, "Plans": [{"Startup Cost": 0.0, "Node Type": "Seq Scan", "Plan Rows": 510, "Relation Name": "table_23", "Alias": "table_23", "Parent Relationship": "Outer", "Plan Width": 128, "Total Cost": 15.1}], "Plan Rows": 510, "Node Type": "Hash", "Parent Relationship": "Inner", "Plan Width": 128, "Total Cost": 15.1}], "Node Type": "Hash Join", "Plan Rows": 3136, "Join Type": "Right", "Hash Cond": "(table_8.col_0 = table_23.col_0)", "Parent Relationship": "Outer", "Plan Width": 164, "Total Cost": 156.62}, {"Startup Cost": 0.0, "Plans": [{"Startup Cost": 0.0, "Node Type": "Seq Scan", "Plan Rows": 800, "Relation Name": "table_58", "Alias": "table_58", "Parent Relationship": "Outer", "Plan Width": 72, "Total Cost": 18.0}], "Plan Rows": 800, "Node Type": "Materialize", "Parent Relationship": "Inner", "Plan Width": 72, "Total Cost": 22.0}], "Node Type": "Nested Loop", "Plan Rows": 2508800, "Join Type": "Inner", "Parent Relationship": "Outer", "Plan Width": 236, "Total Cost": 31536.62}], "Sort Key": ["table_58.col_3", "table_23.col_0"], "Plan Rows": 2508800, "Node Type": "Sort", "Parent Relationship": "Outer", "Plan Width": 236, "Total Cost": 1419226.07}, {"Startup Cost": 2110.7, "Plans": [{"Startup Cost": 2110.7, "Plans": [{"Startup Cost": 344.93, "Plans": [{"Startup Cost": 46.23, "Plans": [{"Startup Cost": 0.0, "Node Type": "Seq Scan", "Plan Rows": 640, "Relation Name": "table_39", "Alias": "table_39", "Parent Relationship": "Outer", "Plan Width": 96, "Total Cost": 16.4}], "Sort Key": ["table_39.col_0"], "Plan Rows": 640, "Node Type": "Sort", "Parent Relationship": "Outer", "Plan Width": 96, "Total Cost": 47.83}, {"Startup Cost": 298.7, "Plans": [{"Startup Cost": 24.4, "Plans": [{"Startup Cost": 0.0, "Node Type": "Seq Scan", "Plan Rows": 860, "Relation Name": "table_44", "Alias": "table_44", "Parent Relationship": "Outer", "Plan Width": 64, "Total Cost": 18.6}, {"Startup Cost": 16.4, "Plans": [{"Startup Cost": 0.0, "Node Type": "Seq Scan", "Plan Rows": 640, "Relation Name": "table_26", "Alias": "table_26", "Parent Relationship": "Outer", "Plan Width": 96, "Total Cost": 16.4}], "Plan Rows": 640, "Node Type": "Hash", "Parent Relationship": "Inner", "Plan Width": 96, "Total Cost": 16.4}], "Node Type": "Hash Join", "Plan Rows": 2752, "Join Type": "Inner", "Hash Cond": "(table_44.col_1 = table_26.col_1)", "Parent Relationship": "Outer", "Plan Width": 160, "Total Cost": 141.47}], "Sort Key": ["table_26.col_2"], "Plan Rows": 2752, "Node Type": "Sort", "Parent Relationship": "Inner", "Plan Width": 160, "Total Cost": 305.58}], "Node Type": "Merge Join", "Plan Rows": 8806, "Join Type": "Inner", "Parent Relationship": "Outer", "Plan Width": 256, "Merge Cond": "(table_39.col_0 = table_26.col_2)", "Total Cost": 480.22}], "Sort Key": ["table_39.col_0", "table_44.col_0"], "Plan Rows": 8806, "Node Type": "Sort", "Parent Relationship": "Outer", "Plan Width": 256, "Total Cost": 2132.71}], "Plan Rows": 8806, "Node Type": "Materialize", "Parent Relationship": "Inner", "Plan Width": 256, "Total Cost": 2154.73}], "Node Type": "Merge Join", "Plan Rows": 552312, "Join Type": "Inner", "Parent Relationship": "Outer", "Plan Width": 492, "Merge Cond": "((table_58.col_3 = table_26.col_2) AND (table_23.col_0 = table_44.col_0))", "Total Cost": 1443568.25}, {"Startup Cost": 0.0, "Plans": [{"Startup Cost": 0.0, "Node Type": "Seq Scan", "Plan Rows": 620, "Relation Name": "table_49", "Alias": "table_49", "Parent Relationship": "Outer", "Plan Width": 100, "Total Cost": 16.2}], "Plan Rows": 620, "Node Type": "Materialize", "Parent Relationship": "Inner", "Plan Width": 100, "Total Cost": 19.3}], "Node Type": "Nested Loop", "Plan Rows": 1712167, "Join Type": "Inner", "Parent Relationship": "Outer", "Plan Width": 592, "Join Filter": "(table_49.col_2 = table_23.col_2)", "Total Cost": 6580087.6}, {"Startup Cost": 0.0, "Plans": [{"Startup Cost": 0.0, "Node Type": "Seq Scan", "Plan Rows": 1100, "Relation Name": "table_27", "Alias": "table_27", "Parent Relationship": "Outer", "Plan Width": 44, "Total Cost": 21.0}], "Plan Rows": 1100, "Node Type": "Materialize", "Parent Relationship": "Inner", "Plan Width": 44, "Total Cost": 26.5}], "Node Type": "Nested Loop", "Plan Rows": 9416918, "Join Type": "Inner", "Parent Relationship": "Outer", "Plan Width": 636, "Join Filter": "(table_58.col_0 = table_27.col_0)", "Total Cost": 34830866.85}, {"Startup Cost": 608547213.16, "Plans": [{"Startup Cost": 608547175.49, "Plans": [{"Startup Cost": 608547147.49, "Plans": [{"Startup Cost": 30589028.93, "Plans": [{"Startup Cost": 43072.8, "Plans": [{"Startup Cost": 42533.78, "Plans": [{"Startup Cost": 149.78, "Plans": [{"Startup Cost": 0.0, "Node Type": "Seq Scan", "Plan Rows": 2140, "Relation Name": "table_1", "Alias": "table_1", "Parent Relationship": "Outer", "Plan Width": 8, "Total Cost": 31.4}], "Sort Key": ["table_1.col_0"], "Plan Rows": 2140, "Node Type": "Sort", "Parent Relationship": "Outer", "Plan Width": 8, "Total Cost": 155.13}, {"Startup Cost": 42384.0, "Plans": [{"Startup Cost": 42384.0, "Plans": [{"Startup Cost": 251.71, "Plans": [{"Startup Cost": 223.71, "Plans": [{"Startup Cost": 199.76, "Plans": [{"Startup Cost": 76.57, "Plans": [{"Startup Cost": 0.0, "Node Type": "Seq Scan", "Plan Rows": 1100, "Relation Name": "table_47", "Alias": "table_47", "Parent Relationship": "Outer", "Plan Width": 44, "Total Cost": 21.0}], "Sort Key": ["table_47.col_2"], "Plan Rows": 1100, "Node Type": "Sort", "Parent Relationship": "Outer", "Plan Width": 44, "Total Cost": 79.32}, {"Startup Cost": 123.19, "Plans": [{"Startup Cost": 0.0, "Node Type": "Seq Scan", "Plan Rows": 1770, "Relation Name": "table_64", "Alias": "table_64", "Parent Relationship": "Outer", "Plan Width": 16, "Total Cost": 27.7}], "Sort Key": ["table_64.col_2"], "Plan Rows": 1770, "Node Type": "Sort", "Parent Relationship": "Inner", "Plan Width": 16, "Total Cost": 127.61}], "Node Type": "Merge Join", "Plan Rows": 9735, "Join Type": "Inner", "Parent Relationship": "Outer", "Plan Width": 60, "Merge Cond": "(table_47.col_2 = table_64.col_2)", "Total Cost": 351.28}, {"Startup Cost": 16.2, "Plans": [{"Startup Cost": 0.0, "Node Type": "Seq Scan", "Plan Rows": 620, "Relation Name": "table_10", "Alias": "table_10", "Parent Relationship": "Outer", "Plan Width": 100, "Total Cost": 16.2}], "Plan Rows": 620, "Node Type": "Hash", "Parent Relationship": "Inner", "Plan Width": 100, "Total Cost": 16.2}], "Node Type": "Hash Join", "Plan Rows": 30178, "Join Type": "Inner", "Hash Cond": "(table_47.col_3 = table_10.col_2)", "Parent Relationship": "Outer", "Plan Width": 160, "Total Cost": 1455.81}, {"Startup Cost": 18.0, "Plans": [{"Startup Cost": 0.0, "Node Type": "Seq Scan", "Plan Rows": 800, "Relation Name": "table_16", "Alias": "table_16", "Parent Relationship": "Outer", "Plan Width": 72, "Total Cost": 18.0}], "Plan Rows": 800, "Node Type": "Hash", "Parent Relationship": "Inner", "Plan Width": 72, "Total Cost": 18.0}], "Node Type": "Hash Join", "Plan Rows": 120712, "Join Type": "Inner", "Hash Cond": "(table_64.col_0 = table_16.col_1)", "Parent Relationship": "Outer", "Plan Width": 232, "Total Cost": 5784.18}], "Sort Key": ["table_47.col_2"], "Plan Rows": 120712, "Node Type": "Sort", "Parent Relationship": "Outer", "Plan Width": 232, "Total Cost": 42685.78}], "Plan Rows": 120712, "Node Type": "Materialize", "Parent Relationship": "Inner", "Plan Width": 232, "Total Cost": 42987.56}], "Node Type": "Merge Join", "Plan Rows": 1291618, "Join Type": "Inner", "Parent Relationship": "Outer", "Plan Width": 240, "Merge Cond": "(table_1.col_0 = table_47.col_2)", "Total Cost": 62220.53}, {"Startup Cost": 539.02, "Plans": [{"Startup Cost": 143.97, "Plans": [{"Startup Cost": 58.54, "Plans": [{"Startup Cost": 0.0, "Node Type": "Seq Scan", "Plan Rows": 830, "Relation Name": "table_41", "Alias": "table_41", "Parent Relationship": "Outer", "Plan Width": 68, "Total Cost": 18.3}], "Sort Key": ["table_41.col_0"], "Plan Rows": 830, "Node Type": "Sort", "Parent Relationship": "Outer", "Plan Width": 68, "Total Cost": 60.62}, {"Startup Cost": 85.43, "Plans": [{"Startup Cost": 0.0, "Node Type": "Seq Scan", "Plan Rows": 1230, "Relation Name": "table_57", "Alias": "table_57", "Parent Relationship": "Outer", "Plan Width": 36, "Total Cost": 22.3}], "Sort Key": ["table_57.col_0"], "Plan Rows": 1230, "Node Type": "Sort", "Parent Relationship": "Inner", "Plan Width": 36, "Total Cost": 88.5}], "Node Type": "Merge Join", "Plan Rows": 5104, "Join Type": "Inner", "Parent Relationship": "Outer", "Plan Width": 104, "Merge Cond": "(table_41.col_0 = table_57.col_0)", "Total Cost": 224.68}], "Sort Key": ["table_41.col_1"], "Plan Rows": 5104, "Node Type": "Sort", "Parent Relationship": "Inner", "Plan Width": 104, "Total Cost": 551.78}], "Node Type": "Merge Join", "Plan Rows": 32962091, "Join Type": "Inner", "Parent Relationship": "Outer", "Plan Width": 344, "Merge Cond": "(table_47.col_2 = table_41.col_1)", "Total Cost": 560419.96}], "Sort Key": ["table_57.col_0", "table_41.col_1"], "Plan Rows": 32962091, "Node Type": "Sort", "Parent Relationship": "Outer", "Plan Width": 344, "Total Cost": 30671434.16}, {"Startup Cost": 577958118.56, "Plans": [{"Startup Cost": 577958118.56, "Plans": [{"Startup Cost": 669.37, "Plans": [{"Startup Cost": 669.37, "Plans": [{"Startup Cost": 631.69, "Plans": [{"Startup Cost": 607.29, "Plans": [{"Startup Cost": 80.64, "Plans": [{"Startup Cost": 0.0, "Node Type": "Seq Scan", "Plan Rows": 1160, "Relation Name": "table_22", "Alias": "table_22", "Parent Relationship": "Outer", "Plan Width": 40, "Total Cost": 21.6}], "Sort Key": ["table_22.col_0"], "Plan Rows": 1160, "Node Type": "Sort", "Parent Relationship": "Outer", "Plan Width": 40, "Total Cost": 83.54}, {"Startup Cost": 526.65, "Plans": [{"Startup Cost": 141.16, "Plans": [{"Startup Cost": 60.52, "Plans": [{"Startup Cost": 0.0, "Node Type": "Seq Scan", "Plan Rows": 860, "Relation Name": "table_40", "Alias": "table_40", "Parent Relationship": "Outer", "Plan Width": 64, "Total Cost": 18.6}], "Sort Key": ["table_40.col_1"], "Plan Rows": 860, "Node Type": "Sort", "Parent Relationship": "Outer", "Plan Width": 64, "Total Cost": 62.67}, {"Startup Cost": 80.64, "Plans": [{"Startup Cost": 0.0, "Node Type": "Seq Scan", "Plan Rows": 1160, "Relation Name": "table_34", "Alias": "table_34", "Parent Relationship": "Outer", "Plan Width": 40, "Total Cost": 21.6}], "Sort Key": ["table_34.col_0"], "Plan Rows": 1160, "Node Type": "Sort", "Parent Relationship": "Inner", "Plan Width": 40, "Total Cost": 83.54}], "Node Type": "Merge Join", "Plan Rows": 4988, "Join Type": "Inner", "Parent Relationship": "Outer", "Plan Width": 104, "Merge Cond": "(table_40.col_1 = table_34.col_0)", "Total Cost": 220.28}], "Sort Key": ["table_34.col_1"], "Plan Rows": 4988, "Node Type": "Sort", "Parent Relationship": "Inner", "Plan Width": 104, "Total Cost": 539.12}], "Node Type": "Merge Join", "Plan Rows": 28930, "Join Type": "Right", "Parent Relationship": "Outer", "Plan Width": 144, "Merge Cond": "(table_22.col_0 = table_34.col_1)", "Total Cost": 1047.04}, {"Startup Cost": 16.4, "Plans": [{"Startup Cost": 0.0, "Node Type": "Seq Scan", "Plan Rows": 640, "Relation Name": "table_4", "Alias": "table_4", "Parent Relationship": "Outer", "Plan Width": 96, "Total Cost": 16.4}], "Plan Rows": 640, "Node Type": "Hash", "Parent Relationship": "Inner", "Plan Width": 96, "Total Cost": 16.4}], "Node Type": "Hash Join", "Plan Rows": 92576, "Join Type": "Inner", "Hash Cond": "(table_34.col_0 = table_4.col_1)", "Parent Relationship": "Outer", "Plan Width": 240, "Total Cost": 4383.93}, {"Startup Cost": 22.3, "Plans": [{"Startup Cost": 0.0, "Node Type": "Seq Scan", "Plan Rows": 1230, "Relation Name": "table_30", "Alias": "table_30", "Parent Relationship": "Outer", "Plan Width": 36, "Total Cost": 22.3}], "Plan Rows": 1230, "Node Type": "Hash", "Parent Relationship": "Inner", "Plan Width": 36, "Total Cost": 22.3}], "Node Type": "Hash Join", "Plan Rows": 569342, "Join Type": "Left", "Hash Cond": "(table_34.col_2 = table_30.col_1)", "Parent Relationship": "Outer", "Plan Width": 276, "Total Cost": 24580.02}, {"Startup Cost": 0.0, "Plans": [{"Startup Cost": 0.0, "Node Type": "Seq Scan", "Plan Rows": 800, "Relation Name": "table_55", "Alias": "table_55", "Parent Relationship": "Outer", "Plan Width": 72, "Total Cost": 18.0}], "Plan Rows": 800, "Node Type": "Materialize", "Parent Relationship": "Inner", "Plan Width": 72, "Total Cost": 22.0}], "Node Type": "Nested Loop", "Plan Rows": 455473600, "Join Type": "Inner", "Parent Relationship": "Outer", "Plan Width": 348, "Total Cost": 5718020.02}], "Sort Key": ["table_55.col_3", "table_34.col_2"], "Plan Rows": 455473600, "Node Type": "Sort", "Parent Relationship": "Outer", "Plan Width": 348, "Total Cost": 579096802.56}], "Plan Rows": 455473600, "Node Type": "Materialize", "Parent Relationship": "Inner", "Plan Width": 348, "Total Cost": 580235486.56}], "Node Type": "Merge Join", "Plan Rows": 375334056282, "Join Type": "Inner", "Parent Relationship": "Outer", "Plan Width": 692, "Merge Cond": "((table_41.col_0 = table_55.col_3) AND (table_41.col_1 = table_34.col_2))", "Total Cost": 7178279032.11}, {"Startup Cost": 18.0, "Plans": [{"Startup Cost": 0.0, "Node Type": "Seq Scan", "Plan Rows": 800, "Relation Name": "table_61", "Alias": "table_61", "Parent Relationship": "Outer", "Plan Width": 72, "Total Cost": 18.0}], "Plan Rows": 800, "Node Type": "Hash", "Parent Relationship": "Inner", "Plan Width": 72, "Total Cost": 18.0}], "Node Type": "Hash Join", "Plan Rows": 1501336225128, "Join Type": "Inner", "Hash Cond": "(table_10.col_3 = table_61.col_1)", "Parent Relationship": "Outer", "Plan Width": 764, "Total Cost": 60663382080.29}, {"Startup Cost": 22.3, "Plans": [{"Startup Cost": 0.0, "Node Type": "Seq Scan", "Plan Rows": 1230, "Relation Name": "table_3", "Alias": "table_3", "Parent Relationship": "Outer", "Plan Width": 36, "Total Cost": 22.3}], "Plan Rows": 1230, "Node Type": "Hash", "Parent Relationship": "Inner", "Plan Width": 36, "Total Cost": 22.3}], "Node Type": "Hash Join", "Plan Rows": 9233217784537, "Join Type": "Left", "Hash Cond": "(table_1.col_1 = table_3.col_0)", "Parent Relationship": "Inner", "Plan Width": 800, "Total Cost": 387579345139.59}], "Node Type": "Nested Loop", "Plan Rows": 86948454753126596608, "Join Type": "Inner", "Parent Relationship": "Inner", "Plan Width": 1436, "Total Cost": 4.5135568206423347e+18}], "Node Type": "Nested Loop", "Plan Rows": 2265164220885447835910144, "Join Type": "Inner", "Parent Relationship": "Outer", "Plan Width": 2060, "Join Filter": "((table_0.col_1 = table_41.col_0) AND (table_42.col_0 = table_58.col_3))", "Total Cost": 6.062550686146384e+27}, {"Startup Cost": 0.0, "Plans": [{"Startup Cost": 0.0, "Node Type": "Seq Scan", "Plan Rows": 800, "Relation Name": "table_62", "Alias": "table_62", "Parent Relationship": "Outer", "Plan Width": 72, "Total Cost": 18.0}], "Plan Rows": 800, "Node Type": "Materialize", "Parent Relationship": "Inner", "Plan Width": 72, "Total Cost": 22.0}], "Node Type": "Nested Loop", "Plan Rows": 9060656883541791343640576, "Join Type": "Left", "Parent Relationship": "Outer", "Plan Width": 2132, "Join Filter": "(table_20.col_0 = table_62.col_2)", "Total Cost": 6.089732656797009e+27}, {"Startup Cost": 890.25, "Plans": [{"Startup Cost": 890.25, "Plans": [{"Startup Cost": 76.57, "Plans": [{"Startup Cost": 0.0, "Node Type": "Seq Scan", "Plan Rows": 1100, "Relation Name": "table_60", "Alias": "table_60", "Parent Relationship": "Outer", "Plan Width": 44, "Total Cost": 21.0}], "Sort Key": ["table_60.col_1"], "Plan Rows": 1100, "Node Type": "Sort", "Parent Relationship": "Outer", "Plan Width": 44, "Total Cost": 79.32}, {"Startup Cost": 813.68, "Plans": [{"Startup Cost": 191.92, "Plans": [{"Startup Cost": 56.58, "Plans": [{"Startup Cost": 0.0, "Node Type": "Seq Scan", "Plan Rows": 800, "Relation Name": "table_15", "Alias": "table_15", "Parent Relationship": "Outer", "Plan Width": 72, "Total Cost": 18.0}], "Sort Key": ["table_15.col_2"], "Plan Rows": 800, "Node Type": "Sort", "Parent Relationship": "Outer", "Plan Width": 72, "Total Cost": 58.58}, {"Startup Cost": 135.34, "Plans": [{"Startup Cost": 0.0, "Node Type": "Seq Scan", "Plan Rows": 1940, "Relation Name": "table_9", "Alias": "table_9", "Parent Relationship": "Outer", "Plan Width": 12, "Total Cost": 29.4}], "Sort Key": ["table_9.col_1"], "Plan Rows": 1940, "Node Type": "Sort", "Parent Relationship": "Inner", "Plan Width": 12, "Total Cost": 140.19}], "Node Type": "Merge Join", "Plan Rows": 7760, "Join Type": "Left", "Parent Relationship": "Outer", "Plan Width": 84, "Merge Cond": "(table_15.col_2 = table_9.col_1)", "Total Cost": 312.32}], "Sort Key": ["table_9.col_2"], "Plan Rows": 7760, "Node Type": "Sort", "Parent Relationship": "Inner", "Plan Width": 84, "Total Cost": 833.08}], "Node Type": "Merge Join", "Plan Rows": 42680, "Join Type": "Right", "Parent Relationship": "Outer", "Plan Width": 128, "Merge Cond": "(table_60.col_1 = table_9.col_2)", "Total Cost": 1535.95}], "Plan Rows": 42680, "Node Type": "Materialize", "Parent Relationship": "Inner", "Plan Width": 128, "Total Cost": 2541.35}], "Node Type": "Nested Loop", "Plan Rows": 1933544178947818415970058240, "Join Type": "Inner", "Parent Relationship": "Outer", "Plan Width": 2260, "Join Filter": "(table_34.col_0 = table_15.col_1)", "Total Cost": 1.9066405445405564e+28}, {"Startup Cost": 0.0, "Plans": [{"Startup Cost": 0.0, "Node Type": "Seq Scan", "Plan Rows": 1230, "Relation Name": "table_54", "Alias": "table_54", "Parent Relationship": "Outer", "Plan Width": 36, "Total Cost": 22.3}], "Plan Rows": 1230, "Node Type": "Materialize", "Parent Relationship": "Inner", "Plan Width": 36, "Total Cost": 28.45}], "Node Type": "Nested Loop", "Plan Rows": 11891296700529083120776904704, "Join Type": "Inner", "Parent Relationship": "Outer", "Plan Width": 2296, "Join Filter": "(table_10.col_1 = table_54.col_1)", "Total Cost": 5.474029554699282e+28}, {"Startup Cost": 0.0, "Plans": [{"Startup Cost": 0.0, "Node Type": "Seq Scan", "Plan Rows": 800, "Relation Name": "table_51", "Alias": "table_51", "Parent Relationship": "Outer", "Plan Width": 72, "Total Cost": 18.0}], "Plan Rows": 800, "Node Type": "Materialize", "Parent Relationship": "Inner", "Plan Width": 72, "Total Cost": 22.0}], "Node Type": "Nested Loop", "Plan Rows": 47565186802116332483107618816, "Join Type": "Left", "Parent Relationship": "Outer", "Plan Width": 2368, "Join Filter": "(table_42.col_3 = table_51.col_1)", "Total Cost": 1.9743585595334184e+29}, {"Startup Cost": 606.93, "Plans": [{"Startup Cost": 606.93, "Plans": [{"Startup Cost": 85.43, "Plans": [{"Startup Cost": 0.0, "Node Type": "Seq Scan", "Plan Rows": 1230, "Relation Name": "table_59", "Alias": "table_59_1", "Parent Relationship": "Outer", "Plan Width": 36, "Total Cost": 22.3}], "Sort Key": ["table_59_1.col_1"], "Plan Rows": 1230, "Node Type": "Sort", "Parent Relationship": "Outer", "Plan Width": 36, "Total Cost": 88.5}, {"Startup Cost": 521.51, "Plans": [{"Startup Cost": 142.0, "Plans": [{"Startup Cost": 56.58, "Plans": [{"Startup Cost": 0.0, "Node Type": "Seq Scan", "Plan Rows": 800, "Relation Name": "table_48", "Alias": "table_48_1", "Parent Relationship": "Outer", "Plan Width": 72, "Total Cost": 18.0}], "Sort Key": ["table_48_1.col_0"], "Plan Rows": 800, "Node Type": "Sort", "Parent Relationship": "Outer", "Plan Width": 72, "Total Cost": 58.58}, {"Startup Cost": 85.43, "Plans": [{"Startup Cost": 0.0, "Node Type": "Seq Scan", "Plan Rows": 1230, "Relation Name": "table_0", "Alias": "table_0_1", "Parent Relationship": "Outer", "Plan Width": 36, "Total Cost": 22.3}], "Sort Key": ["table_0_1.col_1"], "Plan Rows": 1230, "Node Type": "Sort", "Parent Relationship": "Inner", "Plan Width": 36, "Total Cost": 88.5}], "Node Type": "Merge Join", "Plan Rows": 4920, "Join Type": "Inner", "Parent Relationship": "Outer", "Plan Width": 108, "Merge Cond": "(table_48_1.col_0 = table_0_1.col_1)", "Total Cost": 219.8}], "Sort Key": ["table_0_1.col_0"], "Plan Rows": 4920, "Node Type": "Sort", "Parent Relationship": "Inner", "Plan Width": 108, "Total Cost": 533.81}], "Node Type": "Merge Join", "Plan Rows": 30258, "Join Type": "Left", "Parent Relationship": "Outer", "Plan Width": 144, "Merge Cond": "(table_59_1.col_1 = table_0_1.col_0)", "Total Cost": 1066.95}], "Plan Rows": 30258, "Node Type": "Materialize", "Parent Relationship": "Inner", "Plan Width": 144, "Total Cost": 1839.24}], "Node Type": "Nested Loop", "Plan Rows": 1439227422258435998547706980073472, "Join Type": "Inner", "Parent Relationship": "Outer", "Plan Width": 2512, "Total Cost": 4.772575963829803e+31}, {"Startup Cost": 0.0, "Plans": [{"Startup Cost": 0.0, "Node Type": "Seq Scan", "Plan Rows": 800, "Relation Name": "table_48", "Alias": "table_48", "Parent Relationship": "Outer", "Plan Width": 72, "Total Cost": 18.0}], "Plan Rows": 800, "Node Type": "Materialize", "Parent Relationship": "Inner", "Plan Width": 72, "Total Cost": 22.0}], "Node Type": "Nested Loop", "Plan Rows": 5756909689033743994190827920293888, "Join Type": "Left", "Parent Relationship": "Outer", "Plan Width": 2584, "Join Filter": "(table_21.col_0 = table_48.col_2)", "Total Cost": 1.7318454826739531e+34}, {"Startup Cost": 0.0, "Plans": [{"Startup Cost": 0.0, "Node Type": "Seq Scan", "Plan Rows": 1100, "Relation Name": "table_24", "Alias": "table_24", "Parent Relationship": "Outer", "Plan Width": 44, "Total Cost": 21.0}], "Plan Rows": 1100, "Node Type": "Materialize", "Parent Relationship": "Inner", "Plan Width": 44, "Total Cost": 26.5}], "Node Type": "Nested Loop", "Plan Rows": 31663003289685594273892562775310336, "Join Type": "Inner", "Parent Relationship": "Outer", "Plan Width": 2628, "Join Filter": "(table_24.col_1 = table_56.col_1)", "Total Cost": 1.1230746469579632e+35}, {"Startup Cost": 143.97, "Plans": [{"Startup Cost": 143.97, "Plans": [{"Startup Cost": 58.54, "Plans": [{"Startup Cost": 0.0, "Node Type": "Seq Scan", "Plan Rows": 830, "Relation Name": "table_18", "Alias": "table_18", "Parent Relationship": "Outer", "Plan Width": 68, "Total Cost": 18.3}], "Sort Key": ["table_18.col_2"], "Plan Rows": 830, "Node Type": "Sort", "Parent Relationship": "Outer", "Plan Width": 68, "Total Cost": 60.62}, {"Startup Cost": 85.43, "Plans": [{"Startup Cost": 0.0, "Node Type": "Seq Scan", "Plan Rows": 1230, "Relation Name": "table_59", "Alias": "table_59", "Parent Relationship": "Outer", "Plan Width": 36, "Total Cost": 22.3}], "Sort Key": ["table_59.col_0"], "Plan Rows": 1230, "Node Type": "Sort", "Parent Relationship": "Inner", "Plan Width": 36, "Total Cost": 88.5}], "Node Type": "Merge Join", "Plan Rows": 5104, "Join Type": "Inner", "Parent Relationship": "Outer", "Plan Width": 104, "Merge Cond": "(table_18.col_2 = table_59.col_0)", "Total Cost": 224.68}], "Plan Rows": 5104, "Node Type": "Materialize", "Parent Relationship": "Inner", "Plan Width": 104, "Total Cost": 250.2}], "Node Type": "Nested Loop", "Plan Rows": 808039843952776395015593838487011328, "Join Type": "Inner", "Parent Relationship": "Outer", "Plan Width": 2732, "Join Filter": "(table_26.col_1 = table_18.col_2)", "Total Cost": 2.5364269965541255e+36}, {"Startup Cost": 0.0, "Plans": [{"Startup Cost": 0.0, "Node Type": "Seq Scan", "Plan Rows": 1230, "Relation Name": "table_31", "Alias": "table_31", "Parent Relationship": "Outer", "Plan Width": 36, "Total Cost": 22.3}], "Plan Rows": 1230, "Node Type": "Materialize", "Parent Relationship": "Inner", "Plan Width": 36, "Total Cost": 28.45}], "Node Type": "Nested Loop", "Plan Rows": 4969445040309574807209809218243657728, "Join Type": "Inner", "Parent Relationship": "Outer", "Plan Width": 2768, "Join Filter": "(table_26.col_1 = table_31.col_1)", "Total Cost": 1.744476211748285e+37}, {"Startup Cost": 0.0, "Plans": [{"Startup Cost": 0.0, "Node Type": "Seq Scan", "Plan Rows": 2140, "Relation Name": "table_29", "Alias": "table_29", "Parent Relationship": "Outer", "Plan Width": 8, "Total Cost": 31.4}], "Plan Rows": 2140, "Node Type": "Materialize", "Parent Relationship": "Inner", "Plan Width": 8, "Total Cost": 42.1}], "Node Type": "Nested Loop", "Plan Rows": 53173061931312450260056215527595442176, "Join Type": "Left", "Parent Relationship": "Outer", "Plan Width": 2776, "Join Filter": "(table_0_1.col_0 = table_29.col_1)", "Total Cost": 1.769639479114202e+38}, {"Startup Cost": 0.0, "Plans": [{"Startup Cost": 0.0, "Node Type": "Seq Scan", "Plan Rows": 2140, "Relation Name": "table_37", "Alias": "table_37", "Parent Relationship": "Outer", "Plan Width": 8, "Total Cost": 31.4}], "Plan Rows": 2140, "Node Type": "Materialize", "Parent Relationship": "Inner", "Plan Width": 8, "Total Cost": 42.1}], "Node Type": "Nested Loop", "Plan Rows": 568951762665043193226295795223116120064, "Join Type": "Inner", "Parent Relationship": "Outer", "Plan Width": 2784, "Join Filter": "(table_37.col_1 = table_17.col_3)", "Total Cost": 1.88381923590655e+39}], "Plan Rows": 568951762665043193226295795223116120064, "Node Type": "Materialize", "Parent Relationship": "Inner", "Plan Width": 2784, "Total Cost": 1.8852416153132125e+39}], "Node Type": "Merge Join", "Plan Rows": 1117009795959385448734374375654102665785245696, "Join Type": "Inner", "Parent Relationship": "Outer", "Plan Width": 3140, "Merge Cond": "(table_25.col_0 = table_46.col_1)", "Total Cost": 1.675703075862669e+43}], "Plan Rows": 1117009795959385448734374375654102665785245696, "Node Type": "Materialize", "Parent Relationship": "Inner", "Plan Width": 3140, "Total Cost": 1.9549555248525153e+43}], "Node Type": "Merge Join", "Plan Rows": 6869610245150220794937787461624346731337482240, "Join Type": "Inner", "Parent Relationship": "Outer", "Plan Width": 3176, "Merge Cond": "(table_7.col_1 = table_46.col_1)", "Total Cost": 1.1980118443588002e+44}, {"Startup Cost": 21.6, "Plans": [{"Startup Cost": 0.0, "Node Type": "Seq Scan", "Plan Rows": 1160, "Relation Name": "table_50", "Alias": "table_50", "Parent Relationship": "Outer", "Plan Width": 40, "Total Cost": 21.6}], "Plan Rows": 1160, "Node Type": "Hash", "Parent Relationship": "Inner", "Plan Width": 40, "Total Cost": 21.6}], "Plan Rows": 39843739421871280610639167277421211041757396992, "Node Type": "Hash Join", "Join Type": "Right", "Hash Cond": "(table_61.col_0 = table_50.col_2)", "Plan Width": 3216, "Total Cost": 1.5315060898142504e+45}}]