[{"Plan": {"Startup Cost": 4.974894729941407e+36, "Plans": [{"Startup Cost": 4.974894729941407e+36, "Plans": [{"Startup Cost": 85.43, "Plans": [{"Startup Cost": 0.0, "Node Type": "Seq Scan", "Plan Rows": 1230, "Relation Name": "table_7", "Alias": "table_7", "Parent Relationship": "Outer", "Plan Width": 36, "Total Cost": 22.3}], "Sort Key": ["table_7.col_1"], "Plan Rows": 1230, "Node Type": "Sort", "Parent Relationship": "Outer", "Plan Width": 36, "Total Cost": 88.5}, {"Startup Cost": 4.974894729941407e+36, "Plans": [{"Startup Cost": 4.974894729941407e+36, "Plans": [{"Startup Cost": 4.974894729941407e+36, "Plans": [{"Startup Cost": 1.163504052936076e+27, "Plans": [{"Startup Cost": 6.326254573145031e+16, "Plans": [{"Startup Cost": 256134.01, "Plans": [{"Startup Cost": 256075.86, "Plans": [{"Startup Cost": 256075.86, "Plans": [{"Startup Cost": 255933.86, "Plans": [{"Startup Cost": 255933.86, "Plans": [{"Startup Cost": 85.43, "Plans": [{"Startup Cost": 0.0, "Node Type": "Seq Scan", "Plan Rows": 1230, "Relation Name": "table_57", "Alias": "table_57", "Parent Relationship": "Outer", "Plan Width": 36, "Total Cost": 22.3}], "Sort Key": ["table_57.col_0"], "Plan Rows": 1230, "Node Type": "Sort", "Parent Relationship": "Outer", "Plan Width": 36, "Total Cost": 88.5}, {"Startup Cost": 255848.43, "Plans": [{"Startup Cost": 255848.43, "Plans": [{"Startup Cost": 0.0, "Plans": [{"Startup Cost": 0.0, "Node Type": "Seq Scan", "Plan Rows": 1100, "Relation Name": "table_56", "Alias": "table_56", "Parent Relationship": "Outer", "Plan Width": 44, "Total Cost": 21.0}, {"Startup Cost": 0.0, "Plans": [{"Startup Cost": 0.0, "Node Type": "Seq Scan", "Plan Rows": 800, "Relation Name": "table_55", "Alias": "table_55", "Parent Relationship": "Outer", "Plan Width": 72, "Total Cost": 18.0}], "Plan Rows": 800, "Node Type": "Materialize", "Parent Relationship": "Inner", "Plan Width": 72, "Total Cost": 22.0}], "Node Type": "Nested Loop", "Plan Rows": 880000, "Join Type": "Inner", "Parent Relationship": "Outer", "Plan Width": 116, "Total Cost": 11041.0}], "Sort Key": ["table_55.col_3"], "Plan Rows": 880000, "Node Type": "Sort", "Parent Relationship": "Outer", "Plan Width": 116, "Total Cost": 258048.43}], "Plan Rows": 880000, "Node Type": "Materialize", "Parent Relationship": "Inner", "Plan Width": 116, "Total Cost": 260248.43}], "Node Type": "Merge Join", "Plan Rows": 5412000, "Join Type": "Inner", "Parent Relationship": "Outer", "Plan Width": 152, "Merge Cond": "(table_57.col_0 = table_55.col_3)", "Total Cost": 339320.01}, {"Startup Cost": 0.0, "Plans": [{"Startup Cost": 0.0, "Node Type": "Seq Scan", "Plan Rows": 1230, "Relation Name": "table_59", "Alias": "table_59_1", "Parent Relationship": "Outer", "Plan Width": 36, "Total Cost": 22.3}, {"Startup Cost": 0.0, "Plans": [{"Startup Cost": 0.0, "Node Type": "Seq Scan", "Plan Rows": 1100, "Relation Name": "table_24", "Alias": "table_24", "Parent Relationship": "Outer", "Plan Width": 44, "Total Cost": 21.0}], "Plan Rows": 1100, "Node Type": "Materialize", "Parent Relationship": "Inner", "Plan Width": 44, "Total Cost": 26.5}], "Node Type": "Nested Loop", "Plan Rows": 1353000, "Join Type": "Inner", "Parent Relationship": "Inner", "Plan Width": 80, "Total Cost": 16958.55}], "Node Type": "Nested Loop", "Plan Rows": 36612180000, "Join Type": "Inner", "Parent Relationship": "Outer", "Plan Width": 232, "Join Filter": "(table_24.col_1 = table_56.col_1)", "Total Cost": 183310461920.01}, {"Startup Cost": 142.0, "Plans": [{"Startup Cost": 142.0, "Plans": [{"Startup Cost": 56.58, "Plans": [{"Startup Cost": 0.0, "Node Type": "Seq Scan", "Plan Rows": 800, "Relation Name": "table_48", "Alias": "table_48_1", "Parent Relationship": "Outer", "Plan Width": 72, "Total Cost": 18.0}], "Sort Key": ["table_48_1.col_0"], "Plan Rows": 800, "Node Type": "Sort", "Parent Relationship": "Outer", "Plan Width": 72, "Total Cost": 58.58}, {"Startup Cost": 85.43, "Plans": [{"Startup Cost": 0.0, "Node Type": "Seq Scan", "Plan Rows": 1230, "Relation Name": "table_0", "Alias": "table_0_1", "Parent Relationship": "Outer", "Plan Width": 36, "Total Cost": 22.3}], "Sort Key": ["table_0_1.col_1"], "Plan Rows": 1230, "Node Type": "Sort", "Parent Relationship": "Inner", "Plan Width": 36, "Total Cost": 88.5}], "Node Type": "Merge Join", "Plan Rows": 4920, "Join Type": "Inner", "Parent Relationship": "Outer", "Plan Width": 108, "Merge Cond": "(table_48_1.col_0 = table_0_1.col_1)", "Total Cost": 219.8}], "Plan Rows": 4920, "Node Type": "Materialize", "Parent Relationship": "Inner", "Plan Width": 108, "Total Cost": 244.4}], "Node Type": "Nested Loop", "Plan Rows": 900659628000, "Join Type": "Left", "Parent Relationship": "Outer", "Plan Width": 340, "Join Filter": "(table_0_1.col_0 = table_59_1.col_1)", "Total Cost": 2885289346152.11}, {"Startup Cost": 0.0, "Plans": [{"Startup Cost": 0.0, "Node Type": "Seq Scan", "Plan Rows": 2140, "Relation Name": "table_37", "Alias": "table_37", "Parent Relationship": "Outer", "Plan Width": 8, "Total Cost": 31.4}], "Plan Rows": 2140, "Node Type": "Materialize", "Parent Relationship": "Inner", "Plan Width": 8, "Total Cost": 42.1}], "Node Type": "Nested Loop", "Plan Rows": 1927411603920000, "Join Type": "Inner", "Parent Relationship": "Outer", "Plan Width": 348, "Total Cost": 26977934395188.86}, {"Startup Cost": 31.4, "Plans": [{"Startup Cost": 0.0, "Node Type": "Seq Scan", "Plan Rows": 2140, "Relation Name": "table_29", "Alias": "table_29", "Parent Relationship": "Outer", "Plan Width": 8, "Total Cost": 31.4}], "Plan Rows": 2140, "Node Type": "Hash", "Parent Relationship": "Inner", "Plan Width": 8, "Total Cost": 31.4}], "Node Type": "Hash Join", "Plan Rows": 20623304161944000, "Join Type": "Left", "Hash Cond": "(table_0_1.col_0 = table_29.col_1)", "Parent Relationship": "Outer", "Plan Width": 356, "Total Cost": 753612109073087.0}], "Sort Key": ["table_56.col_0", "table_55.col_3", "table_37.col_1"], "Plan Rows": 20623304161944000, "Node Type": "Sort", "Parent Relationship": "Outer", "Plan Width": 356, "Total Cost": 6.331410399185517e+16}, {"Startup Cost": 1.1635040528728134e+27, "Plans": [{"Startup Cost": 1.1635040528728134e+27, "Plans": [{"Startup Cost": 3.2747606217685233e+18, "Plans": [{"Startup Cost": 3.2747606217685233e+18, "Plans": [{"Startup Cost": 3.2747606217685233e+18, "Plans": [{"Startup Cost": 3.2747606217685233e+18, "Plans": [{"Startup Cost": 3.2747606217685207e+18, "Plans": [{"Startup Cost": 3.2747606217685207e+18, "Plans": [{"Startup Cost": 109832829.07, "Plans": [{"Startup Cost": 697.15, "Plans": [{"Startup Cost": 661.05, "Plans": [{"Startup Cost": 633.05, "Plans": [{"Startup Cost": 595.37, "Plans": [{"Startup Cost": 570.97, "Plans": [{"Startup Cost": 80.64, "Plans": [{"Startup Cost": 0.0, "Node Type": "Seq Scan", "Plan Rows": 1160, "Relation Name": "table_34", "Alias": "table_34", "Parent Relationship": "Outer", "Plan Width": 40, "Total Cost": 21.6}], "Sort Key": ["table_34.col_2"], "Plan Rows": 1160, "Node Type": "Sort", "Parent Relationship": "Outer", "Plan Width": 40, "Total Cost": 83.54}, {"Startup Cost": 490.33, "Plans": [{"Startup Cost": 490.33, "Plans": [{"Startup Cost": 123.19, "Plans": [{"Startup Cost": 0.0, "Node Type": "Seq Scan", "Plan Rows": 1770, "Relation Name": "table_64", "Alias": "table_64", "Parent Relationship": "Outer", "Plan Width": 16, "Total Cost": 27.7}], "Sort Key": ["table_64.col_2"], "Plan Rows": 1770, "Node Type": "Sort", "Parent Relationship": "Outer", "Plan Width": 16, "Total Cost": 127.61}, {"Startup Cost": 367.14, "Plans": [{"Startup Cost": 23.95, "Plans": [{"Startup Cost": 0.0, "Node Type": "Seq Scan", "Plan Rows": 1100, "Relation Name": "table_47", "Alias": "table_47", "Parent Relationship": "Outer", "Plan Width": 44, "Total Cost": 21.0}, {"Startup Cost": 16.2, "Plans": [{"Startup Cost": 0.0, "Node Type": "Seq Scan", "Plan Rows": 620, "Relation Name": "table_10", "Alias": "table_10", "Parent Relationship": "Outer", "Plan Width": 100, "Total Cost": 16.2}], "Plan Rows": 620, "Node Type": "Hash", "Parent Relationship": "Inner", "Plan Width": 100, "Total Cost": 16.2}], "Node Type": "Hash Join", "Plan Rows": 3410, "Join Type": "Inner", "Hash Cond": "(table_47.col_3 = table_10.col_2)", "Parent Relationship": "Outer", "Plan Width": 144, "Total Cost": 167.05}], "Sort Key": ["table_47.col_2"], "Plan Rows": 3410, "Node Type": "Sort", "Parent Relationship": "Inner", "Plan Width": 144, "Total Cost": 375.67}], "Node Type": "Merge Join", "Plan Rows": 30178, "Join Type": "Inner", "Parent Relationship": "Outer", "Plan Width": 160, "Merge Cond": "(table_64.col_2 = table_47.col_2)", "Total Cost": 951.85}], "Plan Rows": 30178, "Node Type": "Materialize", "Parent Relationship": "Inner", "Plan Width": 160, "Total Cost": 1027.29}], "Node Type": "Merge Join", "Plan Rows": 175032, "Join Type": "Inner", "Parent Relationship": "Outer", "Plan Width": 200, "Merge Cond": "(table_34.col_2 = table_47.col_2)", "Total Cost": 3663.77}, {"Startup Cost": 16.4, "Plans": [{"Startup Cost": 0.0, "Node Type": "Seq Scan", "Plan Rows": 640, "Relation Name": "table_4", "Alias": "table_4", "Parent Relationship": "Outer", "Plan Width": 96, "Total Cost": 16.4}], "Plan Rows": 640, "Node Type": "Hash", "Parent Relationship": "Inner", "Plan Width": 96, "Total Cost": 16.4}], "Node Type": "Hash Join", "Plan Rows": 560102, "Join Type": "Inner", "Hash Cond": "(table_34.col_0 = table_4.col_1)", "Parent Relationship": "Outer", "Plan Width": 296, "Total Cost": 23729.33}, {"Startup Cost": 22.3, "Plans": [{"Startup Cost": 0.0, "Node Type": "Seq Scan", "Plan Rows": 1230, "Relation Name": "table_54", "Alias": "table_54", "Parent Relationship": "Outer", "Plan Width": 36, "Total Cost": 22.3}], "Plan Rows": 1230, "Node Type": "Hash", "Parent Relationship": "Inner", "Plan Width": 36, "Total Cost": 22.3}], "Node Type": "Hash Join", "Plan Rows": 3444627, "Join Type": "Inner", "Hash Cond": "(table_10.col_1 = table_54.col_1)", "Parent Relationship": "Outer", "Plan Width": 332, "Total Cost": 145729.21}, {"Startup Cost": 18.0, "Plans": [{"Startup Cost": 0.0, "Node Type": "Seq Scan", "Plan Rows": 800, "Relation Name": "table_16", "Alias": "table_16", "Parent Relationship": "Outer", "Plan Width": 72, "Total Cost": 18.0}], "Plan Rows": 800, "Node Type": "Hash", "Parent Relationship": "Inner", "Plan Width": 72, "Total Cost": 18.0}], "Node Type": "Hash Join", "Plan Rows": 13778508, "Join Type": "Inner", "Hash Cond": "(table_64.col_0 = table_16.col_1)", "Parent Relationship": "Outer", "Plan Width": 404, "Total Cost": 636616.56}, {"Startup Cost": 21.6, "Plans": [{"Startup Cost": 0.0, "Node Type": "Seq Scan", "Plan Rows": 1160, "Relation Name": "table_22", "Alias": "table_22", "Parent Relationship": "Outer", "Plan Width": 40, "Total Cost": 21.6}], "Plan Rows": 1160, "Node Type": "Hash", "Parent Relationship": "Inner", "Plan Width": 40, "Total Cost": 21.6}], "Node Type": "Hash Join", "Plan Rows": 79915346, "Join Type": "Left", "Hash Cond": "(table_34.col_1 = table_22.col_0)", "Parent Relationship": "Outer", "Plan Width": 444, "Total Cost": 3468136.05}], "Sort Key": ["table_34.col_2", "table_10.col_3"], "Plan Rows": 79915346, "Node Type": "Sort", "Parent Relationship": "Outer", "Plan Width": 444, "Total Cost": 110032617.44}, {"Startup Cost": 3.274760621658688e+18, "Plans": [{"Startup Cost": 3.274760621658688e+18, "Plans": [{"Startup Cost": 499.23, "Plans": [{"Startup Cost": 463.13, "Plans": [{"Startup Cost": 181.83, "Plans": [{"Startup Cost": 125.25, "Plans": [{"Startup Cost": 125.25, "Plans": [{"Startup Cost": 125.25, "Plans": [{"Startup Cost": 125.25, "Plans": [{"Startup Cost": 125.25, "Plans": [{"Startup Cost": 125.25, "Plans": [{"Startup Cost": 96.58, "Plans": [{"Startup Cost": 96.58, "Plans": [{"Startup Cost": 96.58, "Plans": [{"Startup Cost": 96.58, "Plans": [{"Startup Cost": 38.04, "Plans": [{"Startup Cost": 0.0, "Node Type": "Seq Scan", "Plan Rows": 510, "Relation Name": "table_42", "Alias": "table_42", "Parent Relationship": "Outer", "Plan Width": 128, "Total Cost": 15.1}], "Sort Key": ["table_42.col_1"], "Plan Rows": 510, "Node Type": "Sort", "Parent Relationship": "Outer", "Plan Width": 128, "Total Cost": 39.31}, {"Startup Cost": 58.54, "Plans": [{"Startup Cost": 0.0, "Node Type": "Seq Scan", "Plan Rows": 830, "Relation Name": "table_41", "Alias": "table_41", "Parent Relationship": "Outer", "Plan Width": 68, "Total Cost": 18.3}], "Sort Key": ["table_41.col_0"], "Plan Rows": 830, "Node Type": "Sort", "Parent Relationship": "Inner", "Plan Width": 68, "Total Cost": 60.62}], "Node Type": "Merge Join", "Plan Rows": 2116, "Join Type": "Inner", "Parent Relationship": "Outer", "Plan Width": 196, "Merge Cond": "(table_42.col_1 = table_41.col_0)", "Total Cost": 130.87}, {"Startup Cost": 0.0, "Plans": [{"Startup Cost": 0.0, "Node Type": "Seq Scan", "Plan Rows": 2140, "Relation Name": "table_1", "Alias": "table_1", "Parent Relationship": "Outer", "Plan Width": 8, "Total Cost": 31.4}], "Plan Rows": 2140, "Node Type": "Materialize", "Parent Relationship": "Inner", "Plan Width": 8, "Total Cost": 42.1}], "Node Type": "Nested Loop", "Plan Rows": 22641, "Join Type": "Inner", "Parent Relationship": "Outer", "Plan Width": 204, "Join Filter": "(table_1.col_0 = table_41.col_1)", "Total Cost": 68091.22}, {"Startup Cost": 0.0, "Plans": [{"Startup Cost": 0.0, "Node Type": "Seq Scan", "Plan Rows": 640, "Relation Name": "table_39", "Alias": "table_39", "Parent Relationship": "Outer", "Plan Width": 96, "Total Cost": 16.4}], "Plan Rows": 640, "Node Type": "Materialize", "Parent Relationship": "Inner", "Plan Width": 96, "Total Cost": 19.6}], "Node Type": "Nested Loop", "Plan Rows": 72451, "Join Type": "Inner", "Parent Relationship": "Outer", "Plan Width": 300, "Join Filter": "(table_39.col_0 = table_42.col_0)", "Total Cost": 285462.82}, {"Startup Cost": 0.0, "Plans": [{"Startup Cost": 0.0, "Node Type": "Seq Scan", "Plan Rows": 800, "Relation Name": "table_61", "Alias": "table_61", "Parent Relationship": "Outer", "Plan Width": 72, "Total Cost": 18.0}], "Plan Rows": 800, "Node Type": "Materialize", "Parent Relationship": "Inner", "Plan Width": 72, "Total Cost": 22.0}], "Node Type": "Nested Loop", "Plan Rows": 57960800, "Join Type": "Inner", "Parent Relationship": "Outer", "Plan Width": 372, "Total Cost": 1009992.82}, {"Startup Cost": 28.68, "Plans": [{"Startup Cost": 28.68, "Plans": [{"Startup Cost": 0.0, "Node Type": "Seq Scan", "Plan Rows": 830, "Relation Name": "table_21", "Alias": "table_21", "Parent Relationship": "Outer", "Plan Width": 68, "Total Cost": 18.3}, {"Startup Cost": 18.3, "Plans": [{"Startup Cost": 0.0, "Node Type": "Seq Scan", "Plan Rows": 830, "Relation Name": "table_5", "Alias": "table_5", "Parent Relationship": "Outer", "Plan Width": 68, "Total Cost": 18.3}], "Plan Rows": 830, "Node Type": "Hash", "Parent Relationship": "Inner", "Plan Width": 68, "Total Cost": 18.3}], "Node Type": "Hash Join", "Plan Rows": 3444, "Join Type": "Left", "Hash Cond": "(table_21.col_2 = table_5.col_1)", "Parent Relationship": "Outer", "Plan Width": 136, "Total Cost": 169.6}], "Plan Rows": 3444, "Node Type": "Materialize", "Parent Relationship": "Inner", "Plan Width": 136, "Total Cost": 186.82}], "Node Type": "Nested Loop", "Plan Rows": 998084976, "Join Type": "Inner", "Parent Relationship": "Outer", "Plan Width": 508, "Join Filter": "(table_42.col_0 = table_21.col_2)", "Total Cost": 2995265099.03}, {"Startup Cost": 0.0, "Plans": [{"Startup Cost": 0.0, "Node Type": "Seq Scan", "Plan Rows": 1230, "Relation Name": "table_3", "Alias": "table_3", "Parent Relationship": "Outer", "Plan Width": 36, "Total Cost": 22.3}], "Plan Rows": 1230, "Node Type": "Materialize", "Parent Relationship": "Inner", "Plan Width": 36, "Total Cost": 28.45}], "Node Type": "Nested Loop", "Plan Rows": 6138222602, "Join Type": "Left", "Parent Relationship": "Outer", "Plan Width": 544, "Join Filter": "(table_1.col_1 = table_3.col_0)", "Total Cost": 21409932931.61}, {"Startup Cost": 0.0, "Plans": [{"Startup Cost": 0.0, "Node Type": "Seq Scan", "Plan Rows": 800, "Relation Name": "table_51", "Alias": "table_51", "Parent Relationship": "Outer", "Plan Width": 72, "Total Cost": 18.0}], "Plan Rows": 800, "Node Type": "Materialize", "Parent Relationship": "Inner", "Plan Width": 72, "Total Cost": 22.0}], "Node Type": "Nested Loop", "Plan Rows": 24552890408, "Join Type": "Left", "Parent Relationship": "Outer", "Plan Width": 616, "Join Filter": "(table_42.col_3 = table_51.col_1)", "Total Cost": 95068604175.61}, {"Startup Cost": 0.0, "Plans": [{"Startup Cost": 0.0, "Node Type": "Seq Scan", "Plan Rows": 620, "Relation Name": "table_12", "Alias": "table_12", "Parent Relationship": "Outer", "Plan Width": 100, "Total Cost": 16.2}], "Plan Rows": 620, "Node Type": "Materialize", "Parent Relationship": "Inner", "Plan Width": 100, "Total Cost": 19.3}], "Node Type": "Nested Loop", "Plan Rows": 15222792052960, "Join Type": "Inner", "Parent Relationship": "Outer", "Plan Width": 716, "Total Cost": 285353504855.36}, {"Startup Cost": 0.0, "Plans": [{"Startup Cost": 0.0, "Node Type": "Seq Scan", "Plan Rows": 2140, "Relation Name": "table_20", "Alias": "table_20", "Parent Relationship": "Outer", "Plan Width": 8, "Total Cost": 31.4}], "Plan Rows": 2140, "Node Type": "Materialize", "Parent Relationship": "Inner", "Plan Width": 8, "Total Cost": 42.1}], "Node Type": "Nested Loop", "Plan Rows": 162883874966672, "Join Type": "Left", "Parent Relationship": "Outer", "Plan Width": 724, "Join Filter": "(table_21.col_1 = table_20.col_1)", "Total Cost": 488936978404908.1}, {"Startup Cost": 0.0, "Plans": [{"Startup Cost": 0.0, "Node Type": "Seq Scan", "Plan Rows": 800, "Relation Name": "table_61", "Alias": "table_61_1", "Parent Relationship": "Outer", "Plan Width": 72, "Total Cost": 18.0}], "Plan Rows": 800, "Node Type": "Materialize", "Parent Relationship": "Inner", "Plan Width": 72, "Total Cost": 22.0}], "Node Type": "Nested Loop", "Plan Rows": 130307099973337600, "Join Type": "Inner", "Parent Relationship": "Outer", "Plan Width": 796, "Total Cost": 2117775728071648.2}, {"Startup Cost": 56.58, "Plans": [{"Startup Cost": 0.0, "Node Type": "Seq Scan", "Plan Rows": 800, "Relation Name": "table_17", "Alias": "table_17", "Parent Relationship": "Outer", "Plan Width": 72, "Total Cost": 18.0}], "Sort Key": ["table_17.col_2"], "Plan Rows": 800, "Node Type": "Sort", "Parent Relationship": "Inner", "Plan Width": 72, "Total Cost": 58.58}], "Node Type": "Merge Join", "Plan Rows": 2606141999466752, "Join Type": "Inner", "Parent Relationship": "Outer", "Plan Width": 868, "Join Filter": "(table_12.col_1 = table_17.col_1)", "Merge Cond": "(table_42.col_1 = table_17.col_2)", "Total Cost": 1.1565040476138682e+16}, {"Startup Cost": 219.8, "Plans": [{"Startup Cost": 142.0, "Plans": [{"Startup Cost": 56.58, "Plans": [{"Startup Cost": 0.0, "Node Type": "Seq Scan", "Plan Rows": 800, "Relation Name": "table_51", "Alias": "table_51_1", "Parent Relationship": "Outer", "Plan Width": 72, "Total Cost": 18.0}], "Sort Key": ["table_51_1.col_2"], "Plan Rows": 800, "Node Type": "Sort", "Parent Relationship": "Outer", "Plan Width": 72, "Total Cost": 58.58}, {"Startup Cost": 85.43, "Plans": [{"Startup Cost": 0.0, "Node Type": "Seq Scan", "Plan Rows": 1230, "Relation Name": "table_0", "Alias": "table_0_2", "Parent Relationship": "Outer", "Plan Width": 36, "Total Cost": 22.3}], "Sort Key": ["table_0_2.col_0"], "Plan Rows": 1230, "Node Type": "Sort", "Parent Relationship": "Inner", "Plan Width": 36, "Total Cost": 88.5}], "Node Type": "Merge Join", "Plan Rows": 4920, "Join Type": "Inner", "Parent Relationship": "Outer", "Plan Width": 108, "Merge Cond": "(table_51_1.col_2 = table_0_2.col_0)", "Total Cost": 219.8}], "Plan Rows": 4920, "Node Type": "Hash", "Parent Relationship": "Inner", "Plan Width": 108, "Total Cost": 219.8}], "Node Type": "Hash Join", "Plan Rows": 64111093186882104, "Join Type": "Left", "Hash Cond": "(table_61_1.col_1 = table_0_2.col_1)", "Parent Relationship": "Outer", "Plan Width": 976, "Total Cost": 1.3815444092678504e+16}, {"Startup Cost": 21.6, "Plans": [{"Startup Cost": 0.0, "Node Type": "Seq Scan", "Plan Rows": 1160, "Relation Name": "table_53", "Alias": "table_53", "Parent Relationship": "Outer", "Plan Width": 40, "Total Cost": 21.6}], "Plan Rows": 1160, "Node Type": "Hash", "Parent Relationship": "Inner", "Plan Width": 40, "Total Cost": 21.6}], "Node Type": "Hash Join", "Plan Rows": 371844340483916224, "Join Type": "Left", "Hash Cond": "(table_0_2.col_0 = table_53.col_0)", "Parent Relationship": "Outer", "Plan Width": 1016, "Total Cost": 2.6990273742582816e+16}], "Sort Key": ["table_1.col_0", "table_61.col_1"], "Plan Rows": 371844340483916224, "Node Type": "Sort", "Parent Relationship": "Outer", "Plan Width": 1016, "Total Cost": 3.2756902325098977e+18}], "Plan Rows": 371844340483916224, "Node Type": "Materialize", "Parent Relationship": "Inner", "Plan Width": 1016, "Total Cost": 3.2766198433611075e+18}], "Node Type": "Merge Join", "Plan Rows": 742901728197849382912, "Join Type": "Inner", "Parent Relationship": "Outer", "Plan Width": 1460, "Merge Cond": "((table_47.col_2 = table_41.col_1) AND (table_10.col_3 = table_61.col_1))", "Total Cost": 1.6276470476082696e+19}, {"Startup Cost": 18.0, "Plans": [{"Startup Cost": 0.0, "Node Type": "Seq Scan", "Plan Rows": 800, "Relation Name": "table_62", "Alias": "table_62", "Parent Relationship": "Outer", "Plan Width": 72, "Total Cost": 18.0}], "Plan Rows": 800, "Node Type": "Hash", "Parent Relationship": "Inner", "Plan Width": 72, "Total Cost": 18.0}], "Node Type": "Hash Join", "Plan Rows": 2971606912791397531648, "Join Type": "Left", "Hash Cond": "(table_20.col_0 = table_62.col_2)", "Parent Relationship": "Outer", "Plan Width": 1532, "Total Cost": 1.2213996674427624e+20}, {"Startup Cost": 1330.46, "Plans": [{"Startup Cost": 838.29, "Plans": [{"Startup Cost": 60.52, "Plans": [{"Startup Cost": 0.0, "Node Type": "Seq Scan", "Plan Rows": 860, "Relation Name": "table_25", "Alias": "table_25", "Parent Relationship": "Outer", "Plan Width": 64, "Total Cost": 18.6}], "Sort Key": ["table_25.col_0"], "Plan Rows": 860, "Node Type": "Sort", "Parent Relationship": "Outer", "Plan Width": 64, "Total Cost": 62.67}, {"Startup Cost": 777.77, "Plans": [{"Startup Cost": 170.85, "Plans": [{"Startup Cost": 85.43, "Plans": [{"Startup Cost": 0.0, "Node Type": "Seq Scan", "Plan Rows": 1230, "Relation Name": "table_46", "Alias": "table_46", "Parent Relationship": "Outer", "Plan Width": 36, "Total Cost": 22.3}], "Sort Key": ["table_46.col_0"], "Plan Rows": 1230, "Node Type": "Sort", "Parent Relationship": "Outer", "Plan Width": 36, "Total Cost": 88.5}, {"Startup Cost": 85.43, "Plans": [{"Startup Cost": 0.0, "Node Type": "Seq Scan", "Plan Rows": 1230, "Relation Name": "table_0", "Alias": "table_0", "Parent Relationship": "Outer", "Plan Width": 36, "Total Cost": 22.3}], "Sort Key": ["table_0.col_0"], "Plan Rows": 1230, "Node Type": "Sort", "Parent Relationship": "Inner", "Plan Width": 36, "Total Cost": 88.5}], "Node Type": "Merge Join", "Plan Rows": 7564, "Join Type": "Inner", "Parent Relationship": "Outer", "Plan Width": 72, "Merge Cond": "(table_46.col_0 = table_0.col_0)", "Total Cost": 290.46}], "Sort Key": ["table_46.col_1"], "Plan Rows": 7564, "Node Type": "Sort", "Parent Relationship": "Inner", "Plan Width": 72, "Total Cost": 796.68}], "Node Type": "Merge Join", "Plan Rows": 32525, "Join Type": "Inner", "Parent Relationship": "Outer", "Plan Width": 136, "Merge Cond": "(table_25.col_0 = table_46.col_1)", "Total Cost": 1330.46}], "Plan Rows": 32525, "Node Type": "Hash", "Parent Relationship": "Inner", "Plan Width": 136, "Total Cost": 1330.46}], "Node Type": "Hash Join", "Plan Rows": 483257574192701016899584, "Join Type": "Inner", "Hash Cond": "(table_42.col_1 = table_0.col_1)", "Parent Relationship": "Outer", "Plan Width": 1668, "Total Cost": 1.8170589218125935e+22}, {"Startup Cost": 22.3, "Plans": [{"Startup Cost": 0.0, "Node Type": "Seq Scan", "Plan Rows": 1230, "Relation Name": "table_30", "Alias": "table_30", "Parent Relationship": "Outer", "Plan Width": 36, "Total Cost": 22.3}], "Plan Rows": 1230, "Node Type": "Hash", "Parent Relationship": "Inner", "Plan Width": 36, "Total Cost": 22.3}], "Node Type": "Hash Join", "Plan Rows": 2972034081285111076093952, "Join Type": "Left", "Hash Cond": "(table_34.col_2 = table_30.col_1)", "Parent Relationship": "Outer", "Plan Width": 1704, "Total Cost": 1.2339992599858659e+23}, {"Startup Cost": 18.0, "Plans": [{"Startup Cost": 0.0, "Node Type": "Seq Scan", "Plan Rows": 800, "Relation Name": "table_48", "Alias": "table_48", "Parent Relationship": "Outer", "Plan Width": 72, "Total Cost": 18.0}], "Plan Rows": 800, "Node Type": "Hash", "Parent Relationship": "Inner", "Plan Width": 72, "Total Cost": 18.0}], "Node Type": "Hash Join", "Plan Rows": 11888136325140444304375808, "Join Type": "Left", "Hash Cond": "(table_21.col_0 = table_48.col_2)", "Parent Relationship": "Outer", "Plan Width": 1776, "Total Cost": 5.4691478258171496e+23}, {"Startup Cost": 18.0, "Plans": [{"Startup Cost": 0.0, "Node Type": "Seq Scan", "Plan Rows": 800, "Relation Name": "table_28", "Alias": "table_28", "Parent Relationship": "Outer", "Plan Width": 72, "Total Cost": 18.0}], "Plan Rows": 800, "Node Type": "Hash", "Parent Relationship": "Inner", "Plan Width": 72, "Total Cost": 18.0}], "Node Type": "Hash Join", "Plan Rows": 47552545300561777217503232, "Join Type": "Left", "Hash Cond": "(table_25.col_0 = table_28.col_0)", "Parent Relationship": "Outer", "Plan Width": 1848, "Total Cost": 2.2409742089142285e+24}], "Sort Key": ["table_39.col_0", "table_0.col_1", "table_17.col_3"], "Plan Rows": 47552545300561777217503232, "Node Type": "Sort", "Parent Relationship": "Outer", "Plan Width": 1848, "Total Cost": 1.1636229342360649e+27}], "Plan Rows": 47552545300561777217503232, "Node Type": "Materialize", "Parent Relationship": "Inner", "Plan Width": 1848, "Total Cost": 1.1637418155993163e+27}], "Node Type": "Merge Join", "Plan Rows": 122586325676013306617516977930895360, "Join Type": "Inner", "Parent Relationship": "Outer", "Plan Width": 2204, "Merge Cond": "((table_56.col_0 = table_42.col_0) AND (table_57.col_0 = table_0.col_1) AND (table_37.col_1 = table_17.col_3))", "Total Cost": 2.4517276771432e+33}], "Sort Key": ["table_25.col_0", "table_56.col_0", "table_34.col_0"], "Plan Rows": 122586325676013306617516977930895360, "Node Type": "Sort", "Parent Relationship": "Outer", "Plan Width": 2204, "Total Cost": 4.975201195755597e+36}, {"Startup Cost": 5.59532680796364e+17, "Plans": [{"Startup Cost": 5.59532680796364e+17, "Plans": [{"Startup Cost": 41025.82, "Plans": [{"Startup Cost": 41025.82, "Plans": [{"Startup Cost": 40991.07, "Plans": [{"Startup Cost": 40961.72, "Plans": [{"Startup Cost": 40937.77, "Plans": [{"Startup Cost": 40903.02, "Plans": [{"Startup Cost": 40875.02, "Plans": [{"Startup Cost": 40683.1, "Plans": [{"Startup Cost": 40658.7, "Plans": [{"Startup Cost": 123.46, "Plans": [{"Startup Cost": 38.04, "Plans": [{"Startup Cost": 0.0, "Node Type": "Seq Scan", "Plan Rows": 510, "Relation Name": "table_23", "Alias": "table_23", "Parent Relationship": "Outer", "Plan Width": 128, "Total Cost": 15.1}], "Sort Key": ["table_23.col_0"], "Plan Rows": 510, "Node Type": "Sort", "Parent Relationship": "Outer", "Plan Width": 128, "Total Cost": 39.31}, {"Startup Cost": 85.43, "Plans": [{"Startup Cost": 0.0, "Node Type": "Seq Scan", "Plan Rows": 1230, "Relation Name": "table_8", "Alias": "table_8", "Parent Relationship": "Outer", "Plan Width": 36, "Total Cost": 22.3}], "Sort Key": ["table_8.col_0"], "Plan Rows": 1230, "Node Type": "Sort", "Parent Relationship": "Inner", "Plan Width": 36, "Total Cost": 88.5}], "Node Type": "Merge Join", "Plan Rows": 3136, "Join Type": "Left", "Parent Relationship": "Outer", "Plan Width": 164, "Merge Cond": "(table_23.col_0 = table_8.col_0)", "Total Cost": 173.05}, {"Startup Cost": 40535.24, "Plans": [{"Startup Cost": 40535.24, "Plans": [{"Startup Cost": 289.91, "Plans": [{"Startup Cost": 85.43, "Plans": [{"Startup Cost": 0.0, "Node Type": "Seq Scan", "Plan Rows": 1230, "Relation Name": "table_31", "Alias": "table_31", "Parent Relationship": "Outer", "Plan Width": 36, "Total Cost": 22.3}], "Sort Key": ["table_31.col_1"], "Plan Rows": 1230, "Node Type": "Sort", "Parent Relationship": "Outer", "Plan Width": 36, "Total Cost": 88.5}, {"Startup Cost": 204.49, "Plans": [{"Startup Cost": 204.49, "Plans": [{"Startup Cost": 60.52, "Plans": [{"Startup Cost": 0.0, "Node Type": "Seq Scan", "Plan Rows": 860, "Relation Name": "table_44", "Alias": "table_44", "Parent Relationship": "Outer", "Plan Width": 64, "Total Cost": 18.6}], "Sort Key": ["table_44.col_1"], "Plan Rows": 860, "Node Type": "Sort", "Parent Relationship": "Outer", "Plan Width": 64, "Total Cost": 62.67}, {"Startup Cost": 143.97, "Plans": [{"Startup Cost": 143.97, "Plans": [{"Startup Cost": 58.54, "Plans": [{"Startup Cost": 0.0, "Node Type": "Seq Scan", "Plan Rows": 830, "Relation Name": "table_18", "Alias": "table_18", "Parent Relationship": "Outer", "Plan Width": 68, "Total Cost": 18.3}], "Sort Key": ["table_18.col_2"], "Plan Rows": 830, "Node Type": "Sort", "Parent Relationship": "Outer", "Plan Width": 68, "Total Cost": 60.62}, {"Startup Cost": 85.43, "Plans": [{"Startup Cost": 0.0, "Node Type": "Seq Scan", "Plan Rows": 1230, "Relation Name": "table_59", "Alias": "table_59", "Parent Relationship": "Outer", "Plan Width": 36, "Total Cost": 22.3}], "Sort Key": ["table_59.col_0"], "Plan Rows": 1230, "Node Type": "Sort", "Parent Relationship": "Inner", "Plan Width": 36, "Total Cost": 88.5}], "Node Type": "Merge Join", "Plan Rows": 5104, "Join Type": "Inner", "Parent Relationship": "Outer", "Plan Width": 104, "Merge Cond": "(table_18.col_2 = table_59.col_0)", "Total Cost": 224.68}], "Plan Rows": 5104, "Node Type": "Materialize", "Parent Relationship": "Inner", "Plan Width": 104, "Total Cost": 237.44}], "Node Type": "Merge Join", "Plan Rows": 21947, "Join Type": "Inner", "Parent Relationship": "Outer", "Plan Width": 168, "Merge Cond": "(table_44.col_1 = table_18.col_2)", "Total Cost": 618.7}], "Plan Rows": 21947, "Node Type": "Materialize", "Parent Relationship": "Inner", "Plan Width": 168, "Total Cost": 673.57}], "Node Type": "Merge Join", "Plan Rows": 134974, "Join Type": "Inner", "Parent Relationship": "Outer", "Plan Width": 204, "Merge Cond": "(table_31.col_1 = table_18.col_2)", "Total Cost": 2734.89}], "Sort Key": ["table_44.col_0"], "Plan Rows": 134974, "Node Type": "Sort", "Parent Relationship": "Outer", "Plan Width": 204, "Total Cost": 40872.67}], "Plan Rows": 134974, "Node Type": "Materialize", "Parent Relationship": "Inner", "Plan Width": 204, "Total Cost": 41210.11}], "Node Type": "Merge Join", "Plan Rows": 2116392, "Join Type": "Inner", "Parent Relationship": "Outer", "Plan Width": 368, "Merge Cond": "(table_23.col_0 = table_44.col_0)", "Total Cost": 72799.45}, {"Startup Cost": 16.4, "Plans": [{"Startup Cost": 0.0, "Node Type": "Seq Scan", "Plan Rows": 640, "Relation Name": "table_26", "Alias": "table_26", "Parent Relationship": "Outer", "Plan Width": 96, "Total Cost": 16.4}], "Plan Rows": 640, "Node Type": "Hash", "Parent Relationship": "Inner", "Plan Width": 96, "Total Cost": 16.4}], "Node Type": "Hash Join", "Plan Rows": 6772454, "Join Type": "Inner", "Hash Cond": "(table_31.col_1 = table_26.col_1)", "Parent Relationship": "Outer", "Plan Width": 464, "Total Cost": 315150.73}, {"Startup Cost": 191.92, "Plans": [{"Startup Cost": 191.92, "Plans": [{"Startup Cost": 56.58, "Plans": [{"Startup Cost": 0.0, "Node Type": "Seq Scan", "Plan Rows": 800, "Relation Name": "table_15", "Alias": "table_15", "Parent Relationship": "Outer", "Plan Width": 72, "Total Cost": 18.0}], "Sort Key": ["table_15.col_2"], "Plan Rows": 800, "Node Type": "Sort", "Parent Relationship": "Outer", "Plan Width": 72, "Total Cost": 58.58}, {"Startup Cost": 135.34, "Plans": [{"Startup Cost": 0.0, "Node Type": "Seq Scan", "Plan Rows": 1940, "Relation Name": "table_9", "Alias": "table_9", "Parent Relationship": "Outer", "Plan Width": 12, "Total Cost": 29.4}], "Sort Key": ["table_9.col_1"], "Plan Rows": 1940, "Node Type": "Sort", "Parent Relationship": "Inner", "Plan Width": 12, "Total Cost": 140.19}], "Node Type": "Merge Join", "Plan Rows": 7760, "Join Type": "Left", "Parent Relationship": "Outer", "Plan Width": 84, "Merge Cond": "(table_15.col_2 = table_9.col_1)", "Total Cost": 312.32}], "Plan Rows": 7760, "Node Type": "Materialize", "Parent Relationship": "Inner", "Plan Width": 84, "Total Cost": 351.12}], "Node Type": "Nested Loop", "Plan Rows": 52554243040, "Join Type": "Inner", "Parent Relationship": "Outer", "Plan Width": 548, "Total Cost": 657243520.44}, {"Startup Cost": 18.0, "Plans": [{"Startup Cost": 0.0, "Node Type": "Seq Scan", "Plan Rows": 800, "Relation Name": "table_58", "Alias": "table_58", "Parent Relationship": "Outer", "Plan Width": 72, "Total Cost": 18.0}], "Plan Rows": 800, "Node Type": "Hash", "Parent Relationship": "Inner", "Plan Width": 72, "Total Cost": 18.0}], "Node Type": "Hash Join", "Plan Rows": 210216972160, "Join Type": "Inner", "Hash Cond": "(table_26.col_2 = table_58.col_3)", "Parent Relationship": "Outer", "Plan Width": 620, "Total Cost": 8146223181.64}, {"Startup Cost": 21.0, "Plans": [{"Startup Cost": 0.0, "Node Type": "Seq Scan", "Plan Rows": 1100, "Relation Name": "table_60", "Alias": "table_60", "Parent Relationship": "Outer", "Plan Width": 44, "Total Cost": 21.0}], "Plan Rows": 1100, "Node Type": "Hash", "Parent Relationship": "Inner", "Plan Width": 44, "Total Cost": 21.0}], "Node Type": "Hash Join", "Plan Rows": 1156193346880, "Join Type": "Left", "Hash Cond": "(table_9.col_2 = table_60.col_1)", "Parent Relationship": "Outer", "Plan Width": 664, "Total Cost": 49138532787.59}, {"Startup Cost": 16.2, "Plans": [{"Startup Cost": 0.0, "Node Type": "Seq Scan", "Plan Rows": 620, "Relation Name": "table_49", "Alias": "table_49", "Parent Relationship": "Outer", "Plan Width": 100, "Total Cost": 16.2}], "Plan Rows": 620, "Node Type": "Hash", "Parent Relationship": "Inner", "Plan Width": 100, "Total Cost": 16.2}], "Node Type": "Hash Join", "Plan Rows": 3584199375328, "Join Type": "Inner", "Hash Cond": "(table_23.col_2 = table_49.col_2)", "Parent Relationship": "Outer", "Plan Width": 764, "Total Cost": 177475994315.22}, {"Startup Cost": 18.6, "Plans": [{"Startup Cost": 0.0, "Node Type": "Seq Scan", "Plan Rows": 860, "Relation Name": "table_40", "Alias": "table_40", "Parent Relationship": "Outer", "Plan Width": 64, "Total Cost": 18.6}], "Plan Rows": 860, "Node Type": "Hash", "Parent Relationship": "Inner", "Plan Width": 64, "Total Cost": 18.6}], "Node Type": "Hash Join", "Plan Rows": 15412057313910, "Join Type": "Inner", "Hash Cond": "(table_15.col_1 = table_40.col_1)", "Parent Relationship": "Outer", "Plan Width": 828, "Total Cost": 725858498769.75}, {"Startup Cost": 21.0, "Plans": [{"Startup Cost": 0.0, "Node Type": "Seq Scan", "Plan Rows": 1100, "Relation Name": "table_27", "Alias": "table_27", "Parent Relationship": "Outer", "Plan Width": 44, "Total Cost": 21.0}], "Plan Rows": 1100, "Node Type": "Hash", "Parent Relationship": "Inner", "Plan Width": 44, "Total Cost": 21.0}], "Node Type": "Hash Join", "Plan Rows": 84766315226505, "Join Type": "Inner", "Hash Cond": "(table_58.col_0 = table_27.col_0)", "Parent Relationship": "Outer", "Plan Width": 872, "Total Cost": 3731209675016.95}, {"Startup Cost": 0.0, "Plans": [{"Startup Cost": 0.0, "Node Type": "Seq Scan", "Plan Rows": 860, "Relation Name": "table_2", "Alias": "table_2", "Parent Relationship": "Outer", "Plan Width": 64, "Total Cost": 18.6}], "Plan Rows": 860, "Node Type": "Materialize", "Parent Relationship": "Inner", "Plan Width": 64, "Total Cost": 22.9}], "Node Type": "Nested Loop", "Plan Rows": 72899031094794304, "Join Type": "Inner", "Parent Relationship": "Outer", "Plan Width": 936, "Total Cost": 914969098359966.5}], "Sort Key": ["table_2.col_0", "table_58.col_3", "table_40.col_1"], "Plan Rows": 72899031094794304, "Node Type": "Sort", "Parent Relationship": "Outer", "Plan Width": 936, "Total Cost": 5.59714928374101e+17}], "Plan Rows": 72899031094794304, "Node Type": "Materialize", "Parent Relationship": "Inner", "Plan Width": 936, "Total Cost": 5.5989717595183795e+17}], "Node Type": "Merge Join", "Plan Rows": 1117053045906534643878094414028042499268804608, "Join Type": "Inner", "Parent Relationship": "Outer", "Plan Width": 3140, "Merge Cond": "((table_46.col_1 = table_2.col_0) AND (table_42.col_0 = table_58.col_3) AND (table_34.col_0 = table_15.col_1))", "Total Cost": 2.2341065894251287e+43}], "Plan Rows": 1117053045906534643878094414028042499268804608, "Node Type": "Materialize", "Parent Relationship": "Inner", "Plan Width": 3140, "Total Cost": 2.5133698509017623e+43}], "Node Type": "Merge Join", "Plan Rows": 6869876232325188242075054429080437835654234112, "Join Type": "Inner", "Parent Relationship": "Outer", "Plan Width": 3176, "Merge Cond": "(table_7.col_1 = table_46.col_1)", "Total Cost": 1.253892093791291e+44}, {"Startup Cost": 21.6, "Plans": [{"Startup Cost": 0.0, "Node Type": "Seq Scan", "Plan Rows": 1160, "Relation Name": "table_50", "Alias": "table_50", "Parent Relationship": "Outer", "Plan Width": 40, "Total Cost": 21.6}], "Plan Rows": 1160, "Node Type": "Hash", "Parent Relationship": "Inner", "Plan Width": 40, "Total Cost": 21.6}], "Plan Rows": 39845282147486092311095555779958300045475840000, "Node Type": "Hash Join", "Join Type": "Right", "Hash Cond": "(table_61.col_0 = table_50.col_2)", "Plan Width": 3216, "Total Cost": 1.5371487751219554e+45}}]